[2023-11-20T15:19:57.719+0300] {processor.py:157} INFO - Started process (PID=33778) to work on /home/user/Masaüstü/kafka/.env/lib/python3.8/site-packages/airflow/example_dags/subdags/subdag.py
[2023-11-20T15:19:57.721+0300] {processor.py:829} INFO - Processing file /home/user/Masaüstü/kafka/.env/lib/python3.8/site-packages/airflow/example_dags/subdags/subdag.py for tasks to queue
[2023-11-20T15:19:57.722+0300] {logging_mixin.py:154} INFO - [2023-11-20T15:19:57.721+0300] {dagbag.py:536} INFO - Filling up the DagBag from /home/user/Masaüstü/kafka/.env/lib/python3.8/site-packages/airflow/example_dags/subdags/subdag.py
[2023-11-20T15:19:57.724+0300] {processor.py:841} WARNING - No viable dags retrieved from /home/user/Masaüstü/kafka/.env/lib/python3.8/site-packages/airflow/example_dags/subdags/subdag.py
[2023-11-20T15:19:57.740+0300] {processor.py:179} INFO - Processing /home/user/Masaüstü/kafka/.env/lib/python3.8/site-packages/airflow/example_dags/subdags/subdag.py took 0.033 seconds
[2023-11-20T15:20:46.373+0300] {processor.py:157} INFO - Started process (PID=34730) to work on /home/user/Masaüstü/kafka/.env/lib/python3.8/site-packages/airflow/example_dags/subdags/subdag.py
[2023-11-20T15:20:46.376+0300] {processor.py:829} INFO - Processing file /home/user/Masaüstü/kafka/.env/lib/python3.8/site-packages/airflow/example_dags/subdags/subdag.py for tasks to queue
[2023-11-20T15:20:46.379+0300] {logging_mixin.py:154} INFO - [2023-11-20T15:20:46.378+0300] {dagbag.py:536} INFO - Filling up the DagBag from /home/user/Masaüstü/kafka/.env/lib/python3.8/site-packages/airflow/example_dags/subdags/subdag.py
[2023-11-20T15:20:46.385+0300] {processor.py:841} WARNING - No viable dags retrieved from /home/user/Masaüstü/kafka/.env/lib/python3.8/site-packages/airflow/example_dags/subdags/subdag.py
[2023-11-20T15:20:46.400+0300] {processor.py:179} INFO - Processing /home/user/Masaüstü/kafka/.env/lib/python3.8/site-packages/airflow/example_dags/subdags/subdag.py took 0.036 seconds
[2023-11-20T15:21:15.894+0300] {processor.py:157} INFO - Started process (PID=35436) to work on /home/user/Masaüstü/kafka/.env/lib/python3.8/site-packages/airflow/example_dags/subdags/subdag.py
[2023-11-20T15:21:15.895+0300] {processor.py:829} INFO - Processing file /home/user/Masaüstü/kafka/.env/lib/python3.8/site-packages/airflow/example_dags/subdags/subdag.py for tasks to queue
[2023-11-20T15:21:15.897+0300] {logging_mixin.py:154} INFO - [2023-11-20T15:21:15.896+0300] {dagbag.py:536} INFO - Filling up the DagBag from /home/user/Masaüstü/kafka/.env/lib/python3.8/site-packages/airflow/example_dags/subdags/subdag.py
[2023-11-20T15:21:15.900+0300] {processor.py:841} WARNING - No viable dags retrieved from /home/user/Masaüstü/kafka/.env/lib/python3.8/site-packages/airflow/example_dags/subdags/subdag.py
[2023-11-20T15:21:15.917+0300] {processor.py:179} INFO - Processing /home/user/Masaüstü/kafka/.env/lib/python3.8/site-packages/airflow/example_dags/subdags/subdag.py took 0.026 seconds
[2023-11-20T15:22:03.288+0300] {processor.py:157} INFO - Started process (PID=36123) to work on /home/user/Masaüstü/kafka/.env/lib/python3.8/site-packages/airflow/example_dags/subdags/subdag.py
[2023-11-20T15:22:03.290+0300] {processor.py:829} INFO - Processing file /home/user/Masaüstü/kafka/.env/lib/python3.8/site-packages/airflow/example_dags/subdags/subdag.py for tasks to queue
[2023-11-20T15:22:03.292+0300] {logging_mixin.py:154} INFO - [2023-11-20T15:22:03.291+0300] {dagbag.py:536} INFO - Filling up the DagBag from /home/user/Masaüstü/kafka/.env/lib/python3.8/site-packages/airflow/example_dags/subdags/subdag.py
[2023-11-20T15:22:03.295+0300] {processor.py:841} WARNING - No viable dags retrieved from /home/user/Masaüstü/kafka/.env/lib/python3.8/site-packages/airflow/example_dags/subdags/subdag.py
[2023-11-20T15:22:03.306+0300] {processor.py:179} INFO - Processing /home/user/Masaüstü/kafka/.env/lib/python3.8/site-packages/airflow/example_dags/subdags/subdag.py took 0.022 seconds
[2023-11-20T15:22:35.616+0300] {processor.py:157} INFO - Started process (PID=36468) to work on /home/user/Masaüstü/kafka/.env/lib/python3.8/site-packages/airflow/example_dags/subdags/subdag.py
[2023-11-20T15:22:35.619+0300] {processor.py:829} INFO - Processing file /home/user/Masaüstü/kafka/.env/lib/python3.8/site-packages/airflow/example_dags/subdags/subdag.py for tasks to queue
[2023-11-20T15:22:35.620+0300] {logging_mixin.py:154} INFO - [2023-11-20T15:22:35.620+0300] {dagbag.py:536} INFO - Filling up the DagBag from /home/user/Masaüstü/kafka/.env/lib/python3.8/site-packages/airflow/example_dags/subdags/subdag.py
[2023-11-20T15:22:35.623+0300] {processor.py:841} WARNING - No viable dags retrieved from /home/user/Masaüstü/kafka/.env/lib/python3.8/site-packages/airflow/example_dags/subdags/subdag.py
[2023-11-20T15:22:35.639+0300] {processor.py:179} INFO - Processing /home/user/Masaüstü/kafka/.env/lib/python3.8/site-packages/airflow/example_dags/subdags/subdag.py took 0.029 seconds
[2023-11-20T15:23:07.250+0300] {processor.py:157} INFO - Started process (PID=36649) to work on /home/user/Masaüstü/kafka/.env/lib/python3.8/site-packages/airflow/example_dags/subdags/subdag.py
[2023-11-20T15:23:07.254+0300] {processor.py:829} INFO - Processing file /home/user/Masaüstü/kafka/.env/lib/python3.8/site-packages/airflow/example_dags/subdags/subdag.py for tasks to queue
[2023-11-20T15:23:07.257+0300] {logging_mixin.py:154} INFO - [2023-11-20T15:23:07.256+0300] {dagbag.py:536} INFO - Filling up the DagBag from /home/user/Masaüstü/kafka/.env/lib/python3.8/site-packages/airflow/example_dags/subdags/subdag.py
[2023-11-20T15:23:07.262+0300] {processor.py:841} WARNING - No viable dags retrieved from /home/user/Masaüstü/kafka/.env/lib/python3.8/site-packages/airflow/example_dags/subdags/subdag.py
[2023-11-20T15:23:07.276+0300] {processor.py:179} INFO - Processing /home/user/Masaüstü/kafka/.env/lib/python3.8/site-packages/airflow/example_dags/subdags/subdag.py took 0.034 seconds
[2023-11-20T15:23:42.587+0300] {processor.py:157} INFO - Started process (PID=37024) to work on /home/user/Masaüstü/kafka/.env/lib/python3.8/site-packages/airflow/example_dags/subdags/subdag.py
[2023-11-20T15:23:42.589+0300] {processor.py:829} INFO - Processing file /home/user/Masaüstü/kafka/.env/lib/python3.8/site-packages/airflow/example_dags/subdags/subdag.py for tasks to queue
[2023-11-20T15:23:42.590+0300] {logging_mixin.py:154} INFO - [2023-11-20T15:23:42.589+0300] {dagbag.py:536} INFO - Filling up the DagBag from /home/user/Masaüstü/kafka/.env/lib/python3.8/site-packages/airflow/example_dags/subdags/subdag.py
[2023-11-20T15:23:42.592+0300] {processor.py:841} WARNING - No viable dags retrieved from /home/user/Masaüstü/kafka/.env/lib/python3.8/site-packages/airflow/example_dags/subdags/subdag.py
[2023-11-20T15:23:42.601+0300] {processor.py:179} INFO - Processing /home/user/Masaüstü/kafka/.env/lib/python3.8/site-packages/airflow/example_dags/subdags/subdag.py took 0.017 seconds
[2023-11-20T15:24:16.557+0300] {processor.py:157} INFO - Started process (PID=37417) to work on /home/user/Masaüstü/kafka/.env/lib/python3.8/site-packages/airflow/example_dags/subdags/subdag.py
[2023-11-20T15:24:16.560+0300] {processor.py:829} INFO - Processing file /home/user/Masaüstü/kafka/.env/lib/python3.8/site-packages/airflow/example_dags/subdags/subdag.py for tasks to queue
[2023-11-20T15:24:16.563+0300] {logging_mixin.py:154} INFO - [2023-11-20T15:24:16.562+0300] {dagbag.py:536} INFO - Filling up the DagBag from /home/user/Masaüstü/kafka/.env/lib/python3.8/site-packages/airflow/example_dags/subdags/subdag.py
[2023-11-20T15:24:16.570+0300] {processor.py:841} WARNING - No viable dags retrieved from /home/user/Masaüstü/kafka/.env/lib/python3.8/site-packages/airflow/example_dags/subdags/subdag.py
[2023-11-20T15:24:16.586+0300] {processor.py:179} INFO - Processing /home/user/Masaüstü/kafka/.env/lib/python3.8/site-packages/airflow/example_dags/subdags/subdag.py took 0.038 seconds
[2023-11-20T15:24:48.299+0300] {processor.py:157} INFO - Started process (PID=38228) to work on /home/user/Masaüstü/kafka/.env/lib/python3.8/site-packages/airflow/example_dags/subdags/subdag.py
[2023-11-20T15:24:48.302+0300] {processor.py:829} INFO - Processing file /home/user/Masaüstü/kafka/.env/lib/python3.8/site-packages/airflow/example_dags/subdags/subdag.py for tasks to queue
[2023-11-20T15:24:48.304+0300] {logging_mixin.py:154} INFO - [2023-11-20T15:24:48.303+0300] {dagbag.py:536} INFO - Filling up the DagBag from /home/user/Masaüstü/kafka/.env/lib/python3.8/site-packages/airflow/example_dags/subdags/subdag.py
[2023-11-20T15:24:48.306+0300] {processor.py:841} WARNING - No viable dags retrieved from /home/user/Masaüstü/kafka/.env/lib/python3.8/site-packages/airflow/example_dags/subdags/subdag.py
[2023-11-20T15:24:48.321+0300] {processor.py:179} INFO - Processing /home/user/Masaüstü/kafka/.env/lib/python3.8/site-packages/airflow/example_dags/subdags/subdag.py took 0.027 seconds
[2023-11-20T15:27:09.688+0300] {processor.py:157} INFO - Started process (PID=4552) to work on /home/user/Masaüstü/kafka/.env/lib/python3.8/site-packages/airflow/example_dags/subdags/subdag.py
[2023-11-20T15:27:09.689+0300] {processor.py:829} INFO - Processing file /home/user/Masaüstü/kafka/.env/lib/python3.8/site-packages/airflow/example_dags/subdags/subdag.py for tasks to queue
[2023-11-20T15:27:09.694+0300] {logging_mixin.py:154} INFO - [2023-11-20T15:27:09.693+0300] {dagbag.py:536} INFO - Filling up the DagBag from /home/user/Masaüstü/kafka/.env/lib/python3.8/site-packages/airflow/example_dags/subdags/subdag.py
[2023-11-20T15:27:09.697+0300] {processor.py:841} WARNING - No viable dags retrieved from /home/user/Masaüstü/kafka/.env/lib/python3.8/site-packages/airflow/example_dags/subdags/subdag.py
[2023-11-20T15:27:09.714+0300] {processor.py:179} INFO - Processing /home/user/Masaüstü/kafka/.env/lib/python3.8/site-packages/airflow/example_dags/subdags/subdag.py took 0.030 seconds
[2023-11-20T15:27:54.848+0300] {processor.py:157} INFO - Started process (PID=5141) to work on /home/user/Masaüstü/kafka/.env/lib/python3.8/site-packages/airflow/example_dags/subdags/subdag.py
[2023-11-20T15:27:54.852+0300] {processor.py:829} INFO - Processing file /home/user/Masaüstü/kafka/.env/lib/python3.8/site-packages/airflow/example_dags/subdags/subdag.py for tasks to queue
[2023-11-20T15:27:54.854+0300] {logging_mixin.py:154} INFO - [2023-11-20T15:27:54.853+0300] {dagbag.py:536} INFO - Filling up the DagBag from /home/user/Masaüstü/kafka/.env/lib/python3.8/site-packages/airflow/example_dags/subdags/subdag.py
[2023-11-20T15:27:54.859+0300] {processor.py:841} WARNING - No viable dags retrieved from /home/user/Masaüstü/kafka/.env/lib/python3.8/site-packages/airflow/example_dags/subdags/subdag.py
[2023-11-20T15:27:54.876+0300] {processor.py:179} INFO - Processing /home/user/Masaüstü/kafka/.env/lib/python3.8/site-packages/airflow/example_dags/subdags/subdag.py took 0.035 seconds
[2023-11-20T15:28:26.334+0300] {processor.py:157} INFO - Started process (PID=5380) to work on /home/user/Masaüstü/kafka/.env/lib/python3.8/site-packages/airflow/example_dags/subdags/subdag.py
[2023-11-20T15:28:26.340+0300] {processor.py:829} INFO - Processing file /home/user/Masaüstü/kafka/.env/lib/python3.8/site-packages/airflow/example_dags/subdags/subdag.py for tasks to queue
[2023-11-20T15:28:26.341+0300] {logging_mixin.py:154} INFO - [2023-11-20T15:28:26.340+0300] {dagbag.py:536} INFO - Filling up the DagBag from /home/user/Masaüstü/kafka/.env/lib/python3.8/site-packages/airflow/example_dags/subdags/subdag.py
[2023-11-20T15:28:26.344+0300] {processor.py:841} WARNING - No viable dags retrieved from /home/user/Masaüstü/kafka/.env/lib/python3.8/site-packages/airflow/example_dags/subdags/subdag.py
[2023-11-20T15:28:26.357+0300] {processor.py:179} INFO - Processing /home/user/Masaüstü/kafka/.env/lib/python3.8/site-packages/airflow/example_dags/subdags/subdag.py took 0.026 seconds
[2023-11-20T15:28:57.906+0300] {processor.py:157} INFO - Started process (PID=5547) to work on /home/user/Masaüstü/kafka/.env/lib/python3.8/site-packages/airflow/example_dags/subdags/subdag.py
[2023-11-20T15:28:57.908+0300] {processor.py:829} INFO - Processing file /home/user/Masaüstü/kafka/.env/lib/python3.8/site-packages/airflow/example_dags/subdags/subdag.py for tasks to queue
[2023-11-20T15:28:57.909+0300] {logging_mixin.py:154} INFO - [2023-11-20T15:28:57.908+0300] {dagbag.py:536} INFO - Filling up the DagBag from /home/user/Masaüstü/kafka/.env/lib/python3.8/site-packages/airflow/example_dags/subdags/subdag.py
[2023-11-20T15:28:57.910+0300] {processor.py:841} WARNING - No viable dags retrieved from /home/user/Masaüstü/kafka/.env/lib/python3.8/site-packages/airflow/example_dags/subdags/subdag.py
[2023-11-20T15:28:57.917+0300] {processor.py:179} INFO - Processing /home/user/Masaüstü/kafka/.env/lib/python3.8/site-packages/airflow/example_dags/subdags/subdag.py took 0.013 seconds
[2023-11-20T15:35:57.022+0300] {processor.py:157} INFO - Started process (PID=6674) to work on /home/user/Masaüstü/kafka/.env/lib/python3.8/site-packages/airflow/example_dags/subdags/subdag.py
[2023-11-20T15:35:57.023+0300] {processor.py:829} INFO - Processing file /home/user/Masaüstü/kafka/.env/lib/python3.8/site-packages/airflow/example_dags/subdags/subdag.py for tasks to queue
[2023-11-20T15:35:57.024+0300] {logging_mixin.py:154} INFO - [2023-11-20T15:35:57.024+0300] {dagbag.py:536} INFO - Filling up the DagBag from /home/user/Masaüstü/kafka/.env/lib/python3.8/site-packages/airflow/example_dags/subdags/subdag.py
[2023-11-20T15:35:57.026+0300] {processor.py:841} WARNING - No viable dags retrieved from /home/user/Masaüstü/kafka/.env/lib/python3.8/site-packages/airflow/example_dags/subdags/subdag.py
[2023-11-20T15:35:57.036+0300] {processor.py:179} INFO - Processing /home/user/Masaüstü/kafka/.env/lib/python3.8/site-packages/airflow/example_dags/subdags/subdag.py took 0.017 seconds
