[2023-11-20T15:20:05.338+0300] {processor.py:157} INFO - Started process (PID=34161) to work on /home/user/Masaüstü/kafka/.env/lib/python3.8/site-packages/airflow/example_dags/example_dag_decorator.py
[2023-11-20T15:20:05.339+0300] {processor.py:829} INFO - Processing file /home/user/Masaüstü/kafka/.env/lib/python3.8/site-packages/airflow/example_dags/example_dag_decorator.py for tasks to queue
[2023-11-20T15:20:05.339+0300] {logging_mixin.py:154} INFO - [2023-11-20T15:20:05.339+0300] {dagbag.py:536} INFO - Filling up the DagBag from /home/user/Masaüstü/kafka/.env/lib/python3.8/site-packages/airflow/example_dags/example_dag_decorator.py
[2023-11-20T15:20:05.351+0300] {processor.py:839} INFO - DAG(s) dict_keys(['example_dag_decorator']) retrieved from /home/user/Masaüstü/kafka/.env/lib/python3.8/site-packages/airflow/example_dags/example_dag_decorator.py
[2023-11-20T15:20:05.359+0300] {logging_mixin.py:154} INFO - [2023-11-20T15:20:05.359+0300] {dag.py:2941} INFO - Sync 1 DAGs
[2023-11-20T15:20:05.371+0300] {logging_mixin.py:154} INFO - [2023-11-20T15:20:05.371+0300] {dag.py:3722} INFO - Setting next_dagrun for example_dag_decorator to None, run_after=None
[2023-11-20T15:20:05.389+0300] {processor.py:179} INFO - Processing /home/user/Masaüstü/kafka/.env/lib/python3.8/site-packages/airflow/example_dags/example_dag_decorator.py took 0.053 seconds
[2023-11-20T15:20:52.641+0300] {processor.py:157} INFO - Started process (PID=34765) to work on /home/user/Masaüstü/kafka/.env/lib/python3.8/site-packages/airflow/example_dags/example_dag_decorator.py
[2023-11-20T15:20:52.642+0300] {processor.py:829} INFO - Processing file /home/user/Masaüstü/kafka/.env/lib/python3.8/site-packages/airflow/example_dags/example_dag_decorator.py for tasks to queue
[2023-11-20T15:20:52.643+0300] {logging_mixin.py:154} INFO - [2023-11-20T15:20:52.642+0300] {dagbag.py:536} INFO - Filling up the DagBag from /home/user/Masaüstü/kafka/.env/lib/python3.8/site-packages/airflow/example_dags/example_dag_decorator.py
[2023-11-20T15:20:52.652+0300] {processor.py:839} INFO - DAG(s) dict_keys(['example_dag_decorator']) retrieved from /home/user/Masaüstü/kafka/.env/lib/python3.8/site-packages/airflow/example_dags/example_dag_decorator.py
[2023-11-20T15:20:52.732+0300] {logging_mixin.py:154} INFO - [2023-11-20T15:20:52.732+0300] {dag.py:2941} INFO - Sync 1 DAGs
[2023-11-20T15:20:52.739+0300] {logging_mixin.py:154} INFO - [2023-11-20T15:20:52.739+0300] {dag.py:3722} INFO - Setting next_dagrun for example_dag_decorator to None, run_after=None
[2023-11-20T15:20:52.761+0300] {processor.py:179} INFO - Processing /home/user/Masaüstü/kafka/.env/lib/python3.8/site-packages/airflow/example_dags/example_dag_decorator.py took 0.123 seconds
[2023-11-20T15:21:23.104+0300] {processor.py:157} INFO - Started process (PID=35721) to work on /home/user/Masaüstü/kafka/.env/lib/python3.8/site-packages/airflow/example_dags/example_dag_decorator.py
[2023-11-20T15:21:23.106+0300] {processor.py:829} INFO - Processing file /home/user/Masaüstü/kafka/.env/lib/python3.8/site-packages/airflow/example_dags/example_dag_decorator.py for tasks to queue
[2023-11-20T15:21:23.107+0300] {logging_mixin.py:154} INFO - [2023-11-20T15:21:23.107+0300] {dagbag.py:536} INFO - Filling up the DagBag from /home/user/Masaüstü/kafka/.env/lib/python3.8/site-packages/airflow/example_dags/example_dag_decorator.py
[2023-11-20T15:21:23.120+0300] {processor.py:839} INFO - DAG(s) dict_keys(['example_dag_decorator']) retrieved from /home/user/Masaüstü/kafka/.env/lib/python3.8/site-packages/airflow/example_dags/example_dag_decorator.py
[2023-11-20T15:21:23.127+0300] {logging_mixin.py:154} INFO - [2023-11-20T15:21:23.127+0300] {dag.py:2941} INFO - Sync 1 DAGs
[2023-11-20T15:21:23.138+0300] {logging_mixin.py:154} INFO - [2023-11-20T15:21:23.138+0300] {dag.py:3722} INFO - Setting next_dagrun for example_dag_decorator to None, run_after=None
[2023-11-20T15:21:23.155+0300] {processor.py:179} INFO - Processing /home/user/Masaüstü/kafka/.env/lib/python3.8/site-packages/airflow/example_dags/example_dag_decorator.py took 0.054 seconds
[2023-11-20T15:22:09.711+0300] {processor.py:157} INFO - Started process (PID=36162) to work on /home/user/Masaüstü/kafka/.env/lib/python3.8/site-packages/airflow/example_dags/example_dag_decorator.py
[2023-11-20T15:22:09.715+0300] {processor.py:829} INFO - Processing file /home/user/Masaüstü/kafka/.env/lib/python3.8/site-packages/airflow/example_dags/example_dag_decorator.py for tasks to queue
[2023-11-20T15:22:09.718+0300] {logging_mixin.py:154} INFO - [2023-11-20T15:22:09.717+0300] {dagbag.py:536} INFO - Filling up the DagBag from /home/user/Masaüstü/kafka/.env/lib/python3.8/site-packages/airflow/example_dags/example_dag_decorator.py
[2023-11-20T15:22:09.743+0300] {processor.py:839} INFO - DAG(s) dict_keys(['example_dag_decorator']) retrieved from /home/user/Masaüstü/kafka/.env/lib/python3.8/site-packages/airflow/example_dags/example_dag_decorator.py
[2023-11-20T15:22:09.825+0300] {logging_mixin.py:154} INFO - [2023-11-20T15:22:09.825+0300] {dag.py:2941} INFO - Sync 1 DAGs
[2023-11-20T15:22:09.833+0300] {logging_mixin.py:154} INFO - [2023-11-20T15:22:09.833+0300] {dag.py:3722} INFO - Setting next_dagrun for example_dag_decorator to None, run_after=None
[2023-11-20T15:22:09.863+0300] {processor.py:179} INFO - Processing /home/user/Masaüstü/kafka/.env/lib/python3.8/site-packages/airflow/example_dags/example_dag_decorator.py took 0.159 seconds
[2023-11-20T15:22:55.135+0300] {processor.py:157} INFO - Started process (PID=36583) to work on /home/user/Masaüstü/kafka/.env/lib/python3.8/site-packages/airflow/example_dags/example_dag_decorator.py
[2023-11-20T15:22:55.139+0300] {processor.py:829} INFO - Processing file /home/user/Masaüstü/kafka/.env/lib/python3.8/site-packages/airflow/example_dags/example_dag_decorator.py for tasks to queue
[2023-11-20T15:22:55.140+0300] {logging_mixin.py:154} INFO - [2023-11-20T15:22:55.140+0300] {dagbag.py:536} INFO - Filling up the DagBag from /home/user/Masaüstü/kafka/.env/lib/python3.8/site-packages/airflow/example_dags/example_dag_decorator.py
[2023-11-20T15:22:55.155+0300] {processor.py:839} INFO - DAG(s) dict_keys(['example_dag_decorator']) retrieved from /home/user/Masaüstü/kafka/.env/lib/python3.8/site-packages/airflow/example_dags/example_dag_decorator.py
[2023-11-20T15:22:55.302+0300] {logging_mixin.py:154} INFO - [2023-11-20T15:22:55.302+0300] {dag.py:2941} INFO - Sync 1 DAGs
[2023-11-20T15:22:55.323+0300] {logging_mixin.py:154} INFO - [2023-11-20T15:22:55.322+0300] {dag.py:3722} INFO - Setting next_dagrun for example_dag_decorator to None, run_after=None
[2023-11-20T15:22:55.367+0300] {processor.py:179} INFO - Processing /home/user/Masaüstü/kafka/.env/lib/python3.8/site-packages/airflow/example_dags/example_dag_decorator.py took 0.241 seconds
[2023-11-20T15:23:44.943+0300] {processor.py:157} INFO - Started process (PID=37045) to work on /home/user/Masaüstü/kafka/.env/lib/python3.8/site-packages/airflow/example_dags/example_dag_decorator.py
[2023-11-20T15:23:44.946+0300] {processor.py:829} INFO - Processing file /home/user/Masaüstü/kafka/.env/lib/python3.8/site-packages/airflow/example_dags/example_dag_decorator.py for tasks to queue
[2023-11-20T15:23:44.947+0300] {logging_mixin.py:154} INFO - [2023-11-20T15:23:44.947+0300] {dagbag.py:536} INFO - Filling up the DagBag from /home/user/Masaüstü/kafka/.env/lib/python3.8/site-packages/airflow/example_dags/example_dag_decorator.py
[2023-11-20T15:23:44.966+0300] {processor.py:839} INFO - DAG(s) dict_keys(['example_dag_decorator']) retrieved from /home/user/Masaüstü/kafka/.env/lib/python3.8/site-packages/airflow/example_dags/example_dag_decorator.py
[2023-11-20T15:23:45.057+0300] {logging_mixin.py:154} INFO - [2023-11-20T15:23:45.057+0300] {dag.py:2941} INFO - Sync 1 DAGs
[2023-11-20T15:23:45.067+0300] {logging_mixin.py:154} INFO - [2023-11-20T15:23:45.067+0300] {dag.py:3722} INFO - Setting next_dagrun for example_dag_decorator to None, run_after=None
[2023-11-20T15:23:45.094+0300] {processor.py:179} INFO - Processing /home/user/Masaüstü/kafka/.env/lib/python3.8/site-packages/airflow/example_dags/example_dag_decorator.py took 0.154 seconds
[2023-11-20T15:24:18.231+0300] {processor.py:157} INFO - Started process (PID=37584) to work on /home/user/Masaüstü/kafka/.env/lib/python3.8/site-packages/airflow/example_dags/example_dag_decorator.py
[2023-11-20T15:24:18.233+0300] {processor.py:829} INFO - Processing file /home/user/Masaüstü/kafka/.env/lib/python3.8/site-packages/airflow/example_dags/example_dag_decorator.py for tasks to queue
[2023-11-20T15:24:18.234+0300] {logging_mixin.py:154} INFO - [2023-11-20T15:24:18.234+0300] {dagbag.py:536} INFO - Filling up the DagBag from /home/user/Masaüstü/kafka/.env/lib/python3.8/site-packages/airflow/example_dags/example_dag_decorator.py
[2023-11-20T15:24:18.246+0300] {processor.py:839} INFO - DAG(s) dict_keys(['example_dag_decorator']) retrieved from /home/user/Masaüstü/kafka/.env/lib/python3.8/site-packages/airflow/example_dags/example_dag_decorator.py
[2023-11-20T15:24:18.342+0300] {logging_mixin.py:154} INFO - [2023-11-20T15:24:18.341+0300] {dag.py:2941} INFO - Sync 1 DAGs
[2023-11-20T15:24:18.351+0300] {logging_mixin.py:154} INFO - [2023-11-20T15:24:18.351+0300] {dag.py:3722} INFO - Setting next_dagrun for example_dag_decorator to None, run_after=None
[2023-11-20T15:24:18.375+0300] {processor.py:179} INFO - Processing /home/user/Masaüstü/kafka/.env/lib/python3.8/site-packages/airflow/example_dags/example_dag_decorator.py took 0.147 seconds
[2023-11-20T15:24:55.539+0300] {processor.py:157} INFO - Started process (PID=38452) to work on /home/user/Masaüstü/kafka/.env/lib/python3.8/site-packages/airflow/example_dags/example_dag_decorator.py
[2023-11-20T15:24:55.541+0300] {processor.py:829} INFO - Processing file /home/user/Masaüstü/kafka/.env/lib/python3.8/site-packages/airflow/example_dags/example_dag_decorator.py for tasks to queue
[2023-11-20T15:24:55.542+0300] {logging_mixin.py:154} INFO - [2023-11-20T15:24:55.542+0300] {dagbag.py:536} INFO - Filling up the DagBag from /home/user/Masaüstü/kafka/.env/lib/python3.8/site-packages/airflow/example_dags/example_dag_decorator.py
[2023-11-20T15:24:55.557+0300] {processor.py:839} INFO - DAG(s) dict_keys(['example_dag_decorator']) retrieved from /home/user/Masaüstü/kafka/.env/lib/python3.8/site-packages/airflow/example_dags/example_dag_decorator.py
[2023-11-20T15:24:55.565+0300] {logging_mixin.py:154} INFO - [2023-11-20T15:24:55.565+0300] {dag.py:2941} INFO - Sync 1 DAGs
[2023-11-20T15:24:55.578+0300] {logging_mixin.py:154} INFO - [2023-11-20T15:24:55.578+0300] {dag.py:3722} INFO - Setting next_dagrun for example_dag_decorator to None, run_after=None
[2023-11-20T15:24:55.602+0300] {processor.py:179} INFO - Processing /home/user/Masaüstü/kafka/.env/lib/python3.8/site-packages/airflow/example_dags/example_dag_decorator.py took 0.067 seconds
[2023-11-20T15:27:16.889+0300] {processor.py:157} INFO - Started process (PID=4788) to work on /home/user/Masaüstü/kafka/.env/lib/python3.8/site-packages/airflow/example_dags/example_dag_decorator.py
[2023-11-20T15:27:16.892+0300] {processor.py:829} INFO - Processing file /home/user/Masaüstü/kafka/.env/lib/python3.8/site-packages/airflow/example_dags/example_dag_decorator.py for tasks to queue
[2023-11-20T15:27:16.894+0300] {logging_mixin.py:154} INFO - [2023-11-20T15:27:16.893+0300] {dagbag.py:536} INFO - Filling up the DagBag from /home/user/Masaüstü/kafka/.env/lib/python3.8/site-packages/airflow/example_dags/example_dag_decorator.py
[2023-11-20T15:27:16.904+0300] {processor.py:839} INFO - DAG(s) dict_keys(['example_dag_decorator']) retrieved from /home/user/Masaüstü/kafka/.env/lib/python3.8/site-packages/airflow/example_dags/example_dag_decorator.py
[2023-11-20T15:27:16.913+0300] {logging_mixin.py:154} INFO - [2023-11-20T15:27:16.912+0300] {dag.py:2941} INFO - Sync 1 DAGs
[2023-11-20T15:27:16.925+0300] {logging_mixin.py:154} INFO - [2023-11-20T15:27:16.925+0300] {dag.py:3722} INFO - Setting next_dagrun for example_dag_decorator to None, run_after=None
[2023-11-20T15:27:16.948+0300] {processor.py:179} INFO - Processing /home/user/Masaüstü/kafka/.env/lib/python3.8/site-packages/airflow/example_dags/example_dag_decorator.py took 0.062 seconds
[2023-11-20T15:28:01.085+0300] {processor.py:157} INFO - Started process (PID=5179) to work on /home/user/Masaüstü/kafka/.env/lib/python3.8/site-packages/airflow/example_dags/example_dag_decorator.py
[2023-11-20T15:28:01.087+0300] {processor.py:829} INFO - Processing file /home/user/Masaüstü/kafka/.env/lib/python3.8/site-packages/airflow/example_dags/example_dag_decorator.py for tasks to queue
[2023-11-20T15:28:01.087+0300] {logging_mixin.py:154} INFO - [2023-11-20T15:28:01.087+0300] {dagbag.py:536} INFO - Filling up the DagBag from /home/user/Masaüstü/kafka/.env/lib/python3.8/site-packages/airflow/example_dags/example_dag_decorator.py
[2023-11-20T15:28:01.095+0300] {processor.py:839} INFO - DAG(s) dict_keys(['example_dag_decorator']) retrieved from /home/user/Masaüstü/kafka/.env/lib/python3.8/site-packages/airflow/example_dags/example_dag_decorator.py
[2023-11-20T15:28:01.165+0300] {logging_mixin.py:154} INFO - [2023-11-20T15:28:01.165+0300] {dag.py:2941} INFO - Sync 1 DAGs
[2023-11-20T15:28:01.172+0300] {logging_mixin.py:154} INFO - [2023-11-20T15:28:01.172+0300] {dag.py:3722} INFO - Setting next_dagrun for example_dag_decorator to None, run_after=None
[2023-11-20T15:28:01.189+0300] {processor.py:179} INFO - Processing /home/user/Masaüstü/kafka/.env/lib/python3.8/site-packages/airflow/example_dags/example_dag_decorator.py took 0.107 seconds
[2023-11-20T15:28:45.959+0300] {processor.py:157} INFO - Started process (PID=5487) to work on /home/user/Masaüstü/kafka/.env/lib/python3.8/site-packages/airflow/example_dags/example_dag_decorator.py
[2023-11-20T15:28:45.961+0300] {processor.py:829} INFO - Processing file /home/user/Masaüstü/kafka/.env/lib/python3.8/site-packages/airflow/example_dags/example_dag_decorator.py for tasks to queue
[2023-11-20T15:28:45.961+0300] {logging_mixin.py:154} INFO - [2023-11-20T15:28:45.961+0300] {dagbag.py:536} INFO - Filling up the DagBag from /home/user/Masaüstü/kafka/.env/lib/python3.8/site-packages/airflow/example_dags/example_dag_decorator.py
[2023-11-20T15:28:45.969+0300] {processor.py:839} INFO - DAG(s) dict_keys(['example_dag_decorator']) retrieved from /home/user/Masaüstü/kafka/.env/lib/python3.8/site-packages/airflow/example_dags/example_dag_decorator.py
[2023-11-20T15:28:46.040+0300] {logging_mixin.py:154} INFO - [2023-11-20T15:28:46.040+0300] {dag.py:2941} INFO - Sync 1 DAGs
[2023-11-20T15:28:46.047+0300] {logging_mixin.py:154} INFO - [2023-11-20T15:28:46.047+0300] {dag.py:3722} INFO - Setting next_dagrun for example_dag_decorator to None, run_after=None
[2023-11-20T15:28:46.065+0300] {processor.py:179} INFO - Processing /home/user/Masaüstü/kafka/.env/lib/python3.8/site-packages/airflow/example_dags/example_dag_decorator.py took 0.108 seconds
[2023-11-20T15:36:04.460+0300] {processor.py:157} INFO - Started process (PID=6845) to work on /home/user/Masaüstü/kafka/.env/lib/python3.8/site-packages/airflow/example_dags/example_dag_decorator.py
[2023-11-20T15:36:04.463+0300] {processor.py:829} INFO - Processing file /home/user/Masaüstü/kafka/.env/lib/python3.8/site-packages/airflow/example_dags/example_dag_decorator.py for tasks to queue
[2023-11-20T15:36:04.463+0300] {logging_mixin.py:154} INFO - [2023-11-20T15:36:04.463+0300] {dagbag.py:536} INFO - Filling up the DagBag from /home/user/Masaüstü/kafka/.env/lib/python3.8/site-packages/airflow/example_dags/example_dag_decorator.py
[2023-11-20T15:36:04.475+0300] {processor.py:839} INFO - DAG(s) dict_keys(['example_dag_decorator']) retrieved from /home/user/Masaüstü/kafka/.env/lib/python3.8/site-packages/airflow/example_dags/example_dag_decorator.py
[2023-11-20T15:36:04.481+0300] {logging_mixin.py:154} INFO - [2023-11-20T15:36:04.480+0300] {dag.py:2941} INFO - Sync 1 DAGs
[2023-11-20T15:36:04.492+0300] {logging_mixin.py:154} INFO - [2023-11-20T15:36:04.492+0300] {dag.py:3722} INFO - Setting next_dagrun for example_dag_decorator to None, run_after=None
[2023-11-20T15:36:04.521+0300] {processor.py:179} INFO - Processing /home/user/Masaüstü/kafka/.env/lib/python3.8/site-packages/airflow/example_dags/example_dag_decorator.py took 0.063 seconds
