[2023-11-20T15:20:17.786+0300] {processor.py:157} INFO - Started process (PID=34537) to work on /home/user/Masaüstü/kafka/.env/lib/python3.8/site-packages/airflow/example_dags/example_branch_python_dop_operator_3.py
[2023-11-20T15:20:17.788+0300] {processor.py:829} INFO - Processing file /home/user/Masaüstü/kafka/.env/lib/python3.8/site-packages/airflow/example_dags/example_branch_python_dop_operator_3.py for tasks to queue
[2023-11-20T15:20:17.789+0300] {logging_mixin.py:154} INFO - [2023-11-20T15:20:17.789+0300] {dagbag.py:536} INFO - Filling up the DagBag from /home/user/Masaüstü/kafka/.env/lib/python3.8/site-packages/airflow/example_dags/example_branch_python_dop_operator_3.py
[2023-11-20T15:20:17.809+0300] {processor.py:839} INFO - DAG(s) dict_keys(['example_branch_dop_operator_v3']) retrieved from /home/user/Masaüstü/kafka/.env/lib/python3.8/site-packages/airflow/example_dags/example_branch_python_dop_operator_3.py
[2023-11-20T15:20:17.818+0300] {logging_mixin.py:154} INFO - [2023-11-20T15:20:17.817+0300] {dag.py:2941} INFO - Sync 1 DAGs
[2023-11-20T15:20:17.838+0300] {logging_mixin.py:154} INFO - [2023-11-20T15:20:17.838+0300] {dag.py:3722} INFO - Setting next_dagrun for example_branch_dop_operator_v3 to 2023-11-20T12:19:00+00:00, run_after=2023-11-20T12:20:00+00:00
[2023-11-20T15:20:17.870+0300] {processor.py:179} INFO - Processing /home/user/Masaüstü/kafka/.env/lib/python3.8/site-packages/airflow/example_dags/example_branch_python_dop_operator_3.py took 0.090 seconds
[2023-11-20T15:21:04.215+0300] {processor.py:157} INFO - Started process (PID=35007) to work on /home/user/Masaüstü/kafka/.env/lib/python3.8/site-packages/airflow/example_dags/example_branch_python_dop_operator_3.py
[2023-11-20T15:21:04.216+0300] {processor.py:829} INFO - Processing file /home/user/Masaüstü/kafka/.env/lib/python3.8/site-packages/airflow/example_dags/example_branch_python_dop_operator_3.py for tasks to queue
[2023-11-20T15:21:04.217+0300] {logging_mixin.py:154} INFO - [2023-11-20T15:21:04.216+0300] {dagbag.py:536} INFO - Filling up the DagBag from /home/user/Masaüstü/kafka/.env/lib/python3.8/site-packages/airflow/example_dags/example_branch_python_dop_operator_3.py
[2023-11-20T15:21:04.223+0300] {processor.py:839} INFO - DAG(s) dict_keys(['example_branch_dop_operator_v3']) retrieved from /home/user/Masaüstü/kafka/.env/lib/python3.8/site-packages/airflow/example_dags/example_branch_python_dop_operator_3.py
[2023-11-20T15:21:04.234+0300] {logging_mixin.py:154} INFO - [2023-11-20T15:21:04.234+0300] {dag.py:2941} INFO - Sync 1 DAGs
[2023-11-20T15:21:04.252+0300] {logging_mixin.py:154} INFO - [2023-11-20T15:21:04.252+0300] {dag.py:3722} INFO - Setting next_dagrun for example_branch_dop_operator_v3 to 2023-11-20T12:20:00+00:00, run_after=2023-11-20T12:21:00+00:00
[2023-11-20T15:21:04.269+0300] {processor.py:179} INFO - Processing /home/user/Masaüstü/kafka/.env/lib/python3.8/site-packages/airflow/example_dags/example_branch_python_dop_operator_3.py took 0.056 seconds
[2023-11-20T15:21:35.502+0300] {processor.py:157} INFO - Started process (PID=35940) to work on /home/user/Masaüstü/kafka/.env/lib/python3.8/site-packages/airflow/example_dags/example_branch_python_dop_operator_3.py
[2023-11-20T15:21:35.505+0300] {processor.py:829} INFO - Processing file /home/user/Masaüstü/kafka/.env/lib/python3.8/site-packages/airflow/example_dags/example_branch_python_dop_operator_3.py for tasks to queue
[2023-11-20T15:21:35.506+0300] {logging_mixin.py:154} INFO - [2023-11-20T15:21:35.506+0300] {dagbag.py:536} INFO - Filling up the DagBag from /home/user/Masaüstü/kafka/.env/lib/python3.8/site-packages/airflow/example_dags/example_branch_python_dop_operator_3.py
[2023-11-20T15:21:35.520+0300] {processor.py:839} INFO - DAG(s) dict_keys(['example_branch_dop_operator_v3']) retrieved from /home/user/Masaüstü/kafka/.env/lib/python3.8/site-packages/airflow/example_dags/example_branch_python_dop_operator_3.py
[2023-11-20T15:21:35.527+0300] {logging_mixin.py:154} INFO - [2023-11-20T15:21:35.527+0300] {dag.py:2941} INFO - Sync 1 DAGs
[2023-11-20T15:21:35.557+0300] {logging_mixin.py:154} INFO - [2023-11-20T15:21:35.557+0300] {dag.py:3722} INFO - Setting next_dagrun for example_branch_dop_operator_v3 to 2023-11-20T12:20:00+00:00, run_after=2023-11-20T12:21:00+00:00
[2023-11-20T15:21:35.580+0300] {processor.py:179} INFO - Processing /home/user/Masaüstü/kafka/.env/lib/python3.8/site-packages/airflow/example_dags/example_branch_python_dop_operator_3.py took 0.084 seconds
[2023-11-20T15:22:21.080+0300] {processor.py:157} INFO - Started process (PID=36382) to work on /home/user/Masaüstü/kafka/.env/lib/python3.8/site-packages/airflow/example_dags/example_branch_python_dop_operator_3.py
[2023-11-20T15:22:21.083+0300] {processor.py:829} INFO - Processing file /home/user/Masaüstü/kafka/.env/lib/python3.8/site-packages/airflow/example_dags/example_branch_python_dop_operator_3.py for tasks to queue
[2023-11-20T15:22:21.084+0300] {logging_mixin.py:154} INFO - [2023-11-20T15:22:21.084+0300] {dagbag.py:536} INFO - Filling up the DagBag from /home/user/Masaüstü/kafka/.env/lib/python3.8/site-packages/airflow/example_dags/example_branch_python_dop_operator_3.py
[2023-11-20T15:22:21.092+0300] {processor.py:839} INFO - DAG(s) dict_keys(['example_branch_dop_operator_v3']) retrieved from /home/user/Masaüstü/kafka/.env/lib/python3.8/site-packages/airflow/example_dags/example_branch_python_dop_operator_3.py
[2023-11-20T15:22:21.106+0300] {logging_mixin.py:154} INFO - [2023-11-20T15:22:21.106+0300] {dag.py:2941} INFO - Sync 1 DAGs
[2023-11-20T15:22:21.125+0300] {logging_mixin.py:154} INFO - [2023-11-20T15:22:21.125+0300] {dag.py:3722} INFO - Setting next_dagrun for example_branch_dop_operator_v3 to 2023-11-20T12:21:00+00:00, run_after=2023-11-20T12:22:00+00:00
[2023-11-20T15:22:21.144+0300] {processor.py:179} INFO - Processing /home/user/Masaüstü/kafka/.env/lib/python3.8/site-packages/airflow/example_dags/example_branch_python_dop_operator_3.py took 0.068 seconds
[2023-11-20T15:23:09.474+0300] {processor.py:157} INFO - Started process (PID=36659) to work on /home/user/Masaüstü/kafka/.env/lib/python3.8/site-packages/airflow/example_dags/example_branch_python_dop_operator_3.py
[2023-11-20T15:23:09.478+0300] {processor.py:829} INFO - Processing file /home/user/Masaüstü/kafka/.env/lib/python3.8/site-packages/airflow/example_dags/example_branch_python_dop_operator_3.py for tasks to queue
[2023-11-20T15:23:09.479+0300] {logging_mixin.py:154} INFO - [2023-11-20T15:23:09.479+0300] {dagbag.py:536} INFO - Filling up the DagBag from /home/user/Masaüstü/kafka/.env/lib/python3.8/site-packages/airflow/example_dags/example_branch_python_dop_operator_3.py
[2023-11-20T15:23:09.495+0300] {processor.py:839} INFO - DAG(s) dict_keys(['example_branch_dop_operator_v3']) retrieved from /home/user/Masaüstü/kafka/.env/lib/python3.8/site-packages/airflow/example_dags/example_branch_python_dop_operator_3.py
[2023-11-20T15:23:09.513+0300] {logging_mixin.py:154} INFO - [2023-11-20T15:23:09.513+0300] {dag.py:2941} INFO - Sync 1 DAGs
[2023-11-20T15:23:09.535+0300] {logging_mixin.py:154} INFO - [2023-11-20T15:23:09.535+0300] {dag.py:3722} INFO - Setting next_dagrun for example_branch_dop_operator_v3 to 2023-11-20T12:22:00+00:00, run_after=2023-11-20T12:23:00+00:00
[2023-11-20T15:23:09.554+0300] {processor.py:179} INFO - Processing /home/user/Masaüstü/kafka/.env/lib/python3.8/site-packages/airflow/example_dags/example_branch_python_dop_operator_3.py took 0.089 seconds
[2023-11-20T15:23:55.845+0300] {processor.py:157} INFO - Started process (PID=37209) to work on /home/user/Masaüstü/kafka/.env/lib/python3.8/site-packages/airflow/example_dags/example_branch_python_dop_operator_3.py
[2023-11-20T15:23:55.849+0300] {processor.py:829} INFO - Processing file /home/user/Masaüstü/kafka/.env/lib/python3.8/site-packages/airflow/example_dags/example_branch_python_dop_operator_3.py for tasks to queue
[2023-11-20T15:23:55.850+0300] {logging_mixin.py:154} INFO - [2023-11-20T15:23:55.850+0300] {dagbag.py:536} INFO - Filling up the DagBag from /home/user/Masaüstü/kafka/.env/lib/python3.8/site-packages/airflow/example_dags/example_branch_python_dop_operator_3.py
[2023-11-20T15:23:55.862+0300] {processor.py:839} INFO - DAG(s) dict_keys(['example_branch_dop_operator_v3']) retrieved from /home/user/Masaüstü/kafka/.env/lib/python3.8/site-packages/airflow/example_dags/example_branch_python_dop_operator_3.py
[2023-11-20T15:23:55.889+0300] {logging_mixin.py:154} INFO - [2023-11-20T15:23:55.888+0300] {dag.py:2941} INFO - Sync 1 DAGs
[2023-11-20T15:23:55.916+0300] {logging_mixin.py:154} INFO - [2023-11-20T15:23:55.916+0300] {dag.py:3722} INFO - Setting next_dagrun for example_branch_dop_operator_v3 to 2023-11-20T12:22:00+00:00, run_after=2023-11-20T12:23:00+00:00
[2023-11-20T15:23:55.935+0300] {processor.py:179} INFO - Processing /home/user/Masaüstü/kafka/.env/lib/python3.8/site-packages/airflow/example_dags/example_branch_python_dop_operator_3.py took 0.096 seconds
[2023-11-20T15:27:28.376+0300] {processor.py:157} INFO - Started process (PID=5001) to work on /home/user/Masaüstü/kafka/.env/lib/python3.8/site-packages/airflow/example_dags/example_branch_python_dop_operator_3.py
[2023-11-20T15:27:28.380+0300] {processor.py:829} INFO - Processing file /home/user/Masaüstü/kafka/.env/lib/python3.8/site-packages/airflow/example_dags/example_branch_python_dop_operator_3.py for tasks to queue
[2023-11-20T15:27:28.382+0300] {logging_mixin.py:154} INFO - [2023-11-20T15:27:28.381+0300] {dagbag.py:536} INFO - Filling up the DagBag from /home/user/Masaüstü/kafka/.env/lib/python3.8/site-packages/airflow/example_dags/example_branch_python_dop_operator_3.py
[2023-11-20T15:27:28.404+0300] {processor.py:839} INFO - DAG(s) dict_keys(['example_branch_dop_operator_v3']) retrieved from /home/user/Masaüstü/kafka/.env/lib/python3.8/site-packages/airflow/example_dags/example_branch_python_dop_operator_3.py
[2023-11-20T15:27:28.411+0300] {logging_mixin.py:154} INFO - [2023-11-20T15:27:28.411+0300] {dag.py:2941} INFO - Sync 1 DAGs
[2023-11-20T15:27:28.433+0300] {logging_mixin.py:154} INFO - [2023-11-20T15:27:28.432+0300] {dag.py:3722} INFO - Setting next_dagrun for example_branch_dop_operator_v3 to 2023-11-20T12:26:00+00:00, run_after=2023-11-20T12:27:00+00:00
[2023-11-20T15:27:28.451+0300] {processor.py:179} INFO - Processing /home/user/Masaüstü/kafka/.env/lib/python3.8/site-packages/airflow/example_dags/example_branch_python_dop_operator_3.py took 0.081 seconds
[2023-11-20T15:28:12.732+0300] {processor.py:157} INFO - Started process (PID=5307) to work on /home/user/Masaüstü/kafka/.env/lib/python3.8/site-packages/airflow/example_dags/example_branch_python_dop_operator_3.py
[2023-11-20T15:28:12.734+0300] {processor.py:829} INFO - Processing file /home/user/Masaüstü/kafka/.env/lib/python3.8/site-packages/airflow/example_dags/example_branch_python_dop_operator_3.py for tasks to queue
[2023-11-20T15:28:12.735+0300] {logging_mixin.py:154} INFO - [2023-11-20T15:28:12.735+0300] {dagbag.py:536} INFO - Filling up the DagBag from /home/user/Masaüstü/kafka/.env/lib/python3.8/site-packages/airflow/example_dags/example_branch_python_dop_operator_3.py
[2023-11-20T15:28:12.744+0300] {processor.py:839} INFO - DAG(s) dict_keys(['example_branch_dop_operator_v3']) retrieved from /home/user/Masaüstü/kafka/.env/lib/python3.8/site-packages/airflow/example_dags/example_branch_python_dop_operator_3.py
[2023-11-20T15:28:12.760+0300] {logging_mixin.py:154} INFO - [2023-11-20T15:28:12.760+0300] {dag.py:2941} INFO - Sync 1 DAGs
[2023-11-20T15:28:12.781+0300] {logging_mixin.py:154} INFO - [2023-11-20T15:28:12.781+0300] {dag.py:3722} INFO - Setting next_dagrun for example_branch_dop_operator_v3 to 2023-11-20T12:27:00+00:00, run_after=2023-11-20T12:28:00+00:00
[2023-11-20T15:28:12.802+0300] {processor.py:179} INFO - Processing /home/user/Masaüstü/kafka/.env/lib/python3.8/site-packages/airflow/example_dags/example_branch_python_dop_operator_3.py took 0.072 seconds
[2023-11-20T15:36:15.776+0300] {processor.py:157} INFO - Started process (PID=7053) to work on /home/user/Masaüstü/kafka/.env/lib/python3.8/site-packages/airflow/example_dags/example_branch_python_dop_operator_3.py
[2023-11-20T15:36:15.779+0300] {processor.py:829} INFO - Processing file /home/user/Masaüstü/kafka/.env/lib/python3.8/site-packages/airflow/example_dags/example_branch_python_dop_operator_3.py for tasks to queue
[2023-11-20T15:36:15.781+0300] {logging_mixin.py:154} INFO - [2023-11-20T15:36:15.781+0300] {dagbag.py:536} INFO - Filling up the DagBag from /home/user/Masaüstü/kafka/.env/lib/python3.8/site-packages/airflow/example_dags/example_branch_python_dop_operator_3.py
[2023-11-20T15:36:15.799+0300] {processor.py:839} INFO - DAG(s) dict_keys(['example_branch_dop_operator_v3']) retrieved from /home/user/Masaüstü/kafka/.env/lib/python3.8/site-packages/airflow/example_dags/example_branch_python_dop_operator_3.py
[2023-11-20T15:36:15.806+0300] {logging_mixin.py:154} INFO - [2023-11-20T15:36:15.806+0300] {dag.py:2941} INFO - Sync 1 DAGs
[2023-11-20T15:36:15.828+0300] {logging_mixin.py:154} INFO - [2023-11-20T15:36:15.828+0300] {dag.py:3722} INFO - Setting next_dagrun for example_branch_dop_operator_v3 to 2023-11-20T12:35:00+00:00, run_after=2023-11-20T12:36:00+00:00
[2023-11-20T15:36:15.848+0300] {processor.py:179} INFO - Processing /home/user/Masaüstü/kafka/.env/lib/python3.8/site-packages/airflow/example_dags/example_branch_python_dop_operator_3.py took 0.077 seconds
