[2023-11-20T15:20:06.475+0300] {processor.py:157} INFO - Started process (PID=34165) to work on /home/user/Masaüstü/kafka/.env/lib/python3.8/site-packages/airflow/example_dags/example_dynamic_task_mapping_with_no_taskflow_operators.py
[2023-11-20T15:20:06.476+0300] {processor.py:829} INFO - Processing file /home/user/Masaüstü/kafka/.env/lib/python3.8/site-packages/airflow/example_dags/example_dynamic_task_mapping_with_no_taskflow_operators.py for tasks to queue
[2023-11-20T15:20:06.477+0300] {logging_mixin.py:154} INFO - [2023-11-20T15:20:06.476+0300] {dagbag.py:536} INFO - Filling up the DagBag from /home/user/Masaüstü/kafka/.env/lib/python3.8/site-packages/airflow/example_dags/example_dynamic_task_mapping_with_no_taskflow_operators.py
[2023-11-20T15:20:06.489+0300] {processor.py:839} INFO - DAG(s) dict_keys(['example_dynamic_task_mapping_with_no_taskflow_operators']) retrieved from /home/user/Masaüstü/kafka/.env/lib/python3.8/site-packages/airflow/example_dags/example_dynamic_task_mapping_with_no_taskflow_operators.py
[2023-11-20T15:20:06.497+0300] {logging_mixin.py:154} INFO - [2023-11-20T15:20:06.497+0300] {dag.py:2941} INFO - Sync 1 DAGs
[2023-11-20T15:20:06.516+0300] {logging_mixin.py:154} INFO - [2023-11-20T15:20:06.516+0300] {dag.py:3722} INFO - Setting next_dagrun for example_dynamic_task_mapping_with_no_taskflow_operators to 2023-11-19T12:20:06.516015+00:00, run_after=2023-11-20T12:20:06.516015+00:00
[2023-11-20T15:20:06.536+0300] {processor.py:179} INFO - Processing /home/user/Masaüstü/kafka/.env/lib/python3.8/site-packages/airflow/example_dags/example_dynamic_task_mapping_with_no_taskflow_operators.py took 0.064 seconds
[2023-11-20T15:20:53.931+0300] {processor.py:157} INFO - Started process (PID=34772) to work on /home/user/Masaüstü/kafka/.env/lib/python3.8/site-packages/airflow/example_dags/example_dynamic_task_mapping_with_no_taskflow_operators.py
[2023-11-20T15:20:53.932+0300] {processor.py:829} INFO - Processing file /home/user/Masaüstü/kafka/.env/lib/python3.8/site-packages/airflow/example_dags/example_dynamic_task_mapping_with_no_taskflow_operators.py for tasks to queue
[2023-11-20T15:20:53.934+0300] {logging_mixin.py:154} INFO - [2023-11-20T15:20:53.933+0300] {dagbag.py:536} INFO - Filling up the DagBag from /home/user/Masaüstü/kafka/.env/lib/python3.8/site-packages/airflow/example_dags/example_dynamic_task_mapping_with_no_taskflow_operators.py
[2023-11-20T15:20:53.944+0300] {processor.py:839} INFO - DAG(s) dict_keys(['example_dynamic_task_mapping_with_no_taskflow_operators']) retrieved from /home/user/Masaüstü/kafka/.env/lib/python3.8/site-packages/airflow/example_dags/example_dynamic_task_mapping_with_no_taskflow_operators.py
[2023-11-20T15:20:53.962+0300] {logging_mixin.py:154} INFO - [2023-11-20T15:20:53.962+0300] {dag.py:2941} INFO - Sync 1 DAGs
[2023-11-20T15:20:53.979+0300] {logging_mixin.py:154} INFO - [2023-11-20T15:20:53.979+0300] {dag.py:3722} INFO - Setting next_dagrun for example_dynamic_task_mapping_with_no_taskflow_operators to 2023-11-19T12:20:53.978937+00:00, run_after=2023-11-20T12:20:53.978937+00:00
[2023-11-20T15:20:53.998+0300] {processor.py:179} INFO - Processing /home/user/Masaüstü/kafka/.env/lib/python3.8/site-packages/airflow/example_dags/example_dynamic_task_mapping_with_no_taskflow_operators.py took 0.072 seconds
[2023-11-20T15:21:24.253+0300] {processor.py:157} INFO - Started process (PID=35728) to work on /home/user/Masaüstü/kafka/.env/lib/python3.8/site-packages/airflow/example_dags/example_dynamic_task_mapping_with_no_taskflow_operators.py
[2023-11-20T15:21:24.254+0300] {processor.py:829} INFO - Processing file /home/user/Masaüstü/kafka/.env/lib/python3.8/site-packages/airflow/example_dags/example_dynamic_task_mapping_with_no_taskflow_operators.py for tasks to queue
[2023-11-20T15:21:24.255+0300] {logging_mixin.py:154} INFO - [2023-11-20T15:21:24.255+0300] {dagbag.py:536} INFO - Filling up the DagBag from /home/user/Masaüstü/kafka/.env/lib/python3.8/site-packages/airflow/example_dags/example_dynamic_task_mapping_with_no_taskflow_operators.py
[2023-11-20T15:21:24.265+0300] {processor.py:839} INFO - DAG(s) dict_keys(['example_dynamic_task_mapping_with_no_taskflow_operators']) retrieved from /home/user/Masaüstü/kafka/.env/lib/python3.8/site-packages/airflow/example_dags/example_dynamic_task_mapping_with_no_taskflow_operators.py
[2023-11-20T15:21:24.272+0300] {logging_mixin.py:154} INFO - [2023-11-20T15:21:24.272+0300] {dag.py:2941} INFO - Sync 1 DAGs
[2023-11-20T15:21:24.291+0300] {logging_mixin.py:154} INFO - [2023-11-20T15:21:24.291+0300] {dag.py:3722} INFO - Setting next_dagrun for example_dynamic_task_mapping_with_no_taskflow_operators to 2023-11-19T12:21:24.291166+00:00, run_after=2023-11-20T12:21:24.291166+00:00
[2023-11-20T15:21:24.308+0300] {processor.py:179} INFO - Processing /home/user/Masaüstü/kafka/.env/lib/python3.8/site-packages/airflow/example_dags/example_dynamic_task_mapping_with_no_taskflow_operators.py took 0.057 seconds
[2023-11-20T15:22:10.958+0300] {processor.py:157} INFO - Started process (PID=36167) to work on /home/user/Masaüstü/kafka/.env/lib/python3.8/site-packages/airflow/example_dags/example_dynamic_task_mapping_with_no_taskflow_operators.py
[2023-11-20T15:22:10.961+0300] {processor.py:829} INFO - Processing file /home/user/Masaüstü/kafka/.env/lib/python3.8/site-packages/airflow/example_dags/example_dynamic_task_mapping_with_no_taskflow_operators.py for tasks to queue
[2023-11-20T15:22:10.964+0300] {logging_mixin.py:154} INFO - [2023-11-20T15:22:10.962+0300] {dagbag.py:536} INFO - Filling up the DagBag from /home/user/Masaüstü/kafka/.env/lib/python3.8/site-packages/airflow/example_dags/example_dynamic_task_mapping_with_no_taskflow_operators.py
[2023-11-20T15:22:10.978+0300] {processor.py:839} INFO - DAG(s) dict_keys(['example_dynamic_task_mapping_with_no_taskflow_operators']) retrieved from /home/user/Masaüstü/kafka/.env/lib/python3.8/site-packages/airflow/example_dags/example_dynamic_task_mapping_with_no_taskflow_operators.py
[2023-11-20T15:22:10.996+0300] {logging_mixin.py:154} INFO - [2023-11-20T15:22:10.995+0300] {dag.py:2941} INFO - Sync 1 DAGs
[2023-11-20T15:22:11.013+0300] {logging_mixin.py:154} INFO - [2023-11-20T15:22:11.012+0300] {dag.py:3722} INFO - Setting next_dagrun for example_dynamic_task_mapping_with_no_taskflow_operators to 2023-11-19T12:22:11.012642+00:00, run_after=2023-11-20T12:22:11.012642+00:00
[2023-11-20T15:22:11.033+0300] {processor.py:179} INFO - Processing /home/user/Masaüstü/kafka/.env/lib/python3.8/site-packages/airflow/example_dags/example_dynamic_task_mapping_with_no_taskflow_operators.py took 0.082 seconds
[2023-11-20T15:22:56.495+0300] {processor.py:157} INFO - Started process (PID=36589) to work on /home/user/Masaüstü/kafka/.env/lib/python3.8/site-packages/airflow/example_dags/example_dynamic_task_mapping_with_no_taskflow_operators.py
[2023-11-20T15:22:56.498+0300] {processor.py:829} INFO - Processing file /home/user/Masaüstü/kafka/.env/lib/python3.8/site-packages/airflow/example_dags/example_dynamic_task_mapping_with_no_taskflow_operators.py for tasks to queue
[2023-11-20T15:22:56.501+0300] {logging_mixin.py:154} INFO - [2023-11-20T15:22:56.500+0300] {dagbag.py:536} INFO - Filling up the DagBag from /home/user/Masaüstü/kafka/.env/lib/python3.8/site-packages/airflow/example_dags/example_dynamic_task_mapping_with_no_taskflow_operators.py
[2023-11-20T15:22:56.516+0300] {processor.py:839} INFO - DAG(s) dict_keys(['example_dynamic_task_mapping_with_no_taskflow_operators']) retrieved from /home/user/Masaüstü/kafka/.env/lib/python3.8/site-packages/airflow/example_dags/example_dynamic_task_mapping_with_no_taskflow_operators.py
[2023-11-20T15:22:56.531+0300] {logging_mixin.py:154} INFO - [2023-11-20T15:22:56.531+0300] {dag.py:2941} INFO - Sync 1 DAGs
[2023-11-20T15:22:56.551+0300] {logging_mixin.py:154} INFO - [2023-11-20T15:22:56.551+0300] {dag.py:3722} INFO - Setting next_dagrun for example_dynamic_task_mapping_with_no_taskflow_operators to 2023-11-19T12:22:56.551117+00:00, run_after=2023-11-20T12:22:56.551117+00:00
[2023-11-20T15:22:56.574+0300] {processor.py:179} INFO - Processing /home/user/Masaüstü/kafka/.env/lib/python3.8/site-packages/airflow/example_dags/example_dynamic_task_mapping_with_no_taskflow_operators.py took 0.087 seconds
[2023-11-20T15:23:45.328+0300] {processor.py:157} INFO - Started process (PID=37049) to work on /home/user/Masaüstü/kafka/.env/lib/python3.8/site-packages/airflow/example_dags/example_dynamic_task_mapping_with_no_taskflow_operators.py
[2023-11-20T15:23:45.330+0300] {processor.py:829} INFO - Processing file /home/user/Masaüstü/kafka/.env/lib/python3.8/site-packages/airflow/example_dags/example_dynamic_task_mapping_with_no_taskflow_operators.py for tasks to queue
[2023-11-20T15:23:45.331+0300] {logging_mixin.py:154} INFO - [2023-11-20T15:23:45.331+0300] {dagbag.py:536} INFO - Filling up the DagBag from /home/user/Masaüstü/kafka/.env/lib/python3.8/site-packages/airflow/example_dags/example_dynamic_task_mapping_with_no_taskflow_operators.py
[2023-11-20T15:23:45.344+0300] {processor.py:839} INFO - DAG(s) dict_keys(['example_dynamic_task_mapping_with_no_taskflow_operators']) retrieved from /home/user/Masaüstü/kafka/.env/lib/python3.8/site-packages/airflow/example_dags/example_dynamic_task_mapping_with_no_taskflow_operators.py
[2023-11-20T15:23:45.364+0300] {logging_mixin.py:154} INFO - [2023-11-20T15:23:45.364+0300] {dag.py:2941} INFO - Sync 1 DAGs
[2023-11-20T15:23:45.381+0300] {logging_mixin.py:154} INFO - [2023-11-20T15:23:45.381+0300] {dag.py:3722} INFO - Setting next_dagrun for example_dynamic_task_mapping_with_no_taskflow_operators to 2023-11-19T12:23:45.381346+00:00, run_after=2023-11-20T12:23:45.381346+00:00
[2023-11-20T15:23:45.399+0300] {processor.py:179} INFO - Processing /home/user/Masaüstü/kafka/.env/lib/python3.8/site-packages/airflow/example_dags/example_dynamic_task_mapping_with_no_taskflow_operators.py took 0.075 seconds
[2023-11-20T15:24:19.506+0300] {processor.py:157} INFO - Started process (PID=37590) to work on /home/user/Masaüstü/kafka/.env/lib/python3.8/site-packages/airflow/example_dags/example_dynamic_task_mapping_with_no_taskflow_operators.py
[2023-11-20T15:24:19.509+0300] {processor.py:829} INFO - Processing file /home/user/Masaüstü/kafka/.env/lib/python3.8/site-packages/airflow/example_dags/example_dynamic_task_mapping_with_no_taskflow_operators.py for tasks to queue
[2023-11-20T15:24:19.512+0300] {logging_mixin.py:154} INFO - [2023-11-20T15:24:19.511+0300] {dagbag.py:536} INFO - Filling up the DagBag from /home/user/Masaüstü/kafka/.env/lib/python3.8/site-packages/airflow/example_dags/example_dynamic_task_mapping_with_no_taskflow_operators.py
[2023-11-20T15:24:19.530+0300] {processor.py:839} INFO - DAG(s) dict_keys(['example_dynamic_task_mapping_with_no_taskflow_operators']) retrieved from /home/user/Masaüstü/kafka/.env/lib/python3.8/site-packages/airflow/example_dags/example_dynamic_task_mapping_with_no_taskflow_operators.py
[2023-11-20T15:24:19.552+0300] {logging_mixin.py:154} INFO - [2023-11-20T15:24:19.552+0300] {dag.py:2941} INFO - Sync 1 DAGs
[2023-11-20T15:24:19.571+0300] {logging_mixin.py:154} INFO - [2023-11-20T15:24:19.571+0300] {dag.py:3722} INFO - Setting next_dagrun for example_dynamic_task_mapping_with_no_taskflow_operators to 2023-11-19T12:24:19.571636+00:00, run_after=2023-11-20T12:24:19.571636+00:00
[2023-11-20T15:24:19.601+0300] {processor.py:179} INFO - Processing /home/user/Masaüstü/kafka/.env/lib/python3.8/site-packages/airflow/example_dags/example_dynamic_task_mapping_with_no_taskflow_operators.py took 0.103 seconds
[2023-11-20T15:24:56.727+0300] {processor.py:157} INFO - Started process (PID=38524) to work on /home/user/Masaüstü/kafka/.env/lib/python3.8/site-packages/airflow/example_dags/example_dynamic_task_mapping_with_no_taskflow_operators.py
[2023-11-20T15:24:56.732+0300] {processor.py:829} INFO - Processing file /home/user/Masaüstü/kafka/.env/lib/python3.8/site-packages/airflow/example_dags/example_dynamic_task_mapping_with_no_taskflow_operators.py for tasks to queue
[2023-11-20T15:24:56.735+0300] {logging_mixin.py:154} INFO - [2023-11-20T15:24:56.733+0300] {dagbag.py:536} INFO - Filling up the DagBag from /home/user/Masaüstü/kafka/.env/lib/python3.8/site-packages/airflow/example_dags/example_dynamic_task_mapping_with_no_taskflow_operators.py
[2023-11-20T15:24:56.784+0300] {processor.py:839} INFO - DAG(s) dict_keys(['example_dynamic_task_mapping_with_no_taskflow_operators']) retrieved from /home/user/Masaüstü/kafka/.env/lib/python3.8/site-packages/airflow/example_dags/example_dynamic_task_mapping_with_no_taskflow_operators.py
[2023-11-20T15:24:56.800+0300] {logging_mixin.py:154} INFO - [2023-11-20T15:24:56.800+0300] {dag.py:2941} INFO - Sync 1 DAGs
[2023-11-20T15:24:56.839+0300] {logging_mixin.py:154} INFO - [2023-11-20T15:24:56.839+0300] {dag.py:3722} INFO - Setting next_dagrun for example_dynamic_task_mapping_with_no_taskflow_operators to 2023-11-19T12:24:56.839090+00:00, run_after=2023-11-20T12:24:56.839090+00:00
[2023-11-20T15:24:56.868+0300] {processor.py:179} INFO - Processing /home/user/Masaüstü/kafka/.env/lib/python3.8/site-packages/airflow/example_dags/example_dynamic_task_mapping_with_no_taskflow_operators.py took 0.159 seconds
[2023-11-20T15:27:18.102+0300] {processor.py:157} INFO - Started process (PID=4851) to work on /home/user/Masaüstü/kafka/.env/lib/python3.8/site-packages/airflow/example_dags/example_dynamic_task_mapping_with_no_taskflow_operators.py
[2023-11-20T15:27:18.104+0300] {processor.py:829} INFO - Processing file /home/user/Masaüstü/kafka/.env/lib/python3.8/site-packages/airflow/example_dags/example_dynamic_task_mapping_with_no_taskflow_operators.py for tasks to queue
[2023-11-20T15:27:18.105+0300] {logging_mixin.py:154} INFO - [2023-11-20T15:27:18.104+0300] {dagbag.py:536} INFO - Filling up the DagBag from /home/user/Masaüstü/kafka/.env/lib/python3.8/site-packages/airflow/example_dags/example_dynamic_task_mapping_with_no_taskflow_operators.py
[2023-11-20T15:27:18.112+0300] {processor.py:839} INFO - DAG(s) dict_keys(['example_dynamic_task_mapping_with_no_taskflow_operators']) retrieved from /home/user/Masaüstü/kafka/.env/lib/python3.8/site-packages/airflow/example_dags/example_dynamic_task_mapping_with_no_taskflow_operators.py
[2023-11-20T15:27:18.119+0300] {logging_mixin.py:154} INFO - [2023-11-20T15:27:18.118+0300] {dag.py:2941} INFO - Sync 1 DAGs
[2023-11-20T15:27:18.138+0300] {logging_mixin.py:154} INFO - [2023-11-20T15:27:18.138+0300] {dag.py:3722} INFO - Setting next_dagrun for example_dynamic_task_mapping_with_no_taskflow_operators to 2023-11-19T12:27:18.138127+00:00, run_after=2023-11-20T12:27:18.138127+00:00
[2023-11-20T15:27:18.159+0300] {processor.py:179} INFO - Processing /home/user/Masaüstü/kafka/.env/lib/python3.8/site-packages/airflow/example_dags/example_dynamic_task_mapping_with_no_taskflow_operators.py took 0.059 seconds
[2023-11-20T15:28:02.335+0300] {processor.py:157} INFO - Started process (PID=5186) to work on /home/user/Masaüstü/kafka/.env/lib/python3.8/site-packages/airflow/example_dags/example_dynamic_task_mapping_with_no_taskflow_operators.py
[2023-11-20T15:28:02.337+0300] {processor.py:829} INFO - Processing file /home/user/Masaüstü/kafka/.env/lib/python3.8/site-packages/airflow/example_dags/example_dynamic_task_mapping_with_no_taskflow_operators.py for tasks to queue
[2023-11-20T15:28:02.338+0300] {logging_mixin.py:154} INFO - [2023-11-20T15:28:02.338+0300] {dagbag.py:536} INFO - Filling up the DagBag from /home/user/Masaüstü/kafka/.env/lib/python3.8/site-packages/airflow/example_dags/example_dynamic_task_mapping_with_no_taskflow_operators.py
[2023-11-20T15:28:02.346+0300] {processor.py:839} INFO - DAG(s) dict_keys(['example_dynamic_task_mapping_with_no_taskflow_operators']) retrieved from /home/user/Masaüstü/kafka/.env/lib/python3.8/site-packages/airflow/example_dags/example_dynamic_task_mapping_with_no_taskflow_operators.py
[2023-11-20T15:28:02.363+0300] {logging_mixin.py:154} INFO - [2023-11-20T15:28:02.362+0300] {dag.py:2941} INFO - Sync 1 DAGs
[2023-11-20T15:28:02.378+0300] {logging_mixin.py:154} INFO - [2023-11-20T15:28:02.378+0300] {dag.py:3722} INFO - Setting next_dagrun for example_dynamic_task_mapping_with_no_taskflow_operators to 2023-11-19T12:28:02.378422+00:00, run_after=2023-11-20T12:28:02.378422+00:00
[2023-11-20T15:28:02.395+0300] {processor.py:179} INFO - Processing /home/user/Masaüstü/kafka/.env/lib/python3.8/site-packages/airflow/example_dags/example_dynamic_task_mapping_with_no_taskflow_operators.py took 0.064 seconds
[2023-11-20T15:28:47.205+0300] {processor.py:157} INFO - Started process (PID=5495) to work on /home/user/Masaüstü/kafka/.env/lib/python3.8/site-packages/airflow/example_dags/example_dynamic_task_mapping_with_no_taskflow_operators.py
[2023-11-20T15:28:47.206+0300] {processor.py:829} INFO - Processing file /home/user/Masaüstü/kafka/.env/lib/python3.8/site-packages/airflow/example_dags/example_dynamic_task_mapping_with_no_taskflow_operators.py for tasks to queue
[2023-11-20T15:28:47.207+0300] {logging_mixin.py:154} INFO - [2023-11-20T15:28:47.207+0300] {dagbag.py:536} INFO - Filling up the DagBag from /home/user/Masaüstü/kafka/.env/lib/python3.8/site-packages/airflow/example_dags/example_dynamic_task_mapping_with_no_taskflow_operators.py
[2023-11-20T15:28:47.212+0300] {processor.py:839} INFO - DAG(s) dict_keys(['example_dynamic_task_mapping_with_no_taskflow_operators']) retrieved from /home/user/Masaüstü/kafka/.env/lib/python3.8/site-packages/airflow/example_dags/example_dynamic_task_mapping_with_no_taskflow_operators.py
[2023-11-20T15:28:47.222+0300] {logging_mixin.py:154} INFO - [2023-11-20T15:28:47.222+0300] {dag.py:2941} INFO - Sync 1 DAGs
[2023-11-20T15:28:47.237+0300] {logging_mixin.py:154} INFO - [2023-11-20T15:28:47.236+0300] {dag.py:3722} INFO - Setting next_dagrun for example_dynamic_task_mapping_with_no_taskflow_operators to 2023-11-19T12:28:47.236803+00:00, run_after=2023-11-20T12:28:47.236803+00:00
[2023-11-20T15:28:47.254+0300] {processor.py:179} INFO - Processing /home/user/Masaüstü/kafka/.env/lib/python3.8/site-packages/airflow/example_dags/example_dynamic_task_mapping_with_no_taskflow_operators.py took 0.051 seconds
[2023-11-20T15:36:05.610+0300] {processor.py:157} INFO - Started process (PID=6853) to work on /home/user/Masaüstü/kafka/.env/lib/python3.8/site-packages/airflow/example_dags/example_dynamic_task_mapping_with_no_taskflow_operators.py
[2023-11-20T15:36:05.613+0300] {processor.py:829} INFO - Processing file /home/user/Masaüstü/kafka/.env/lib/python3.8/site-packages/airflow/example_dags/example_dynamic_task_mapping_with_no_taskflow_operators.py for tasks to queue
[2023-11-20T15:36:05.613+0300] {logging_mixin.py:154} INFO - [2023-11-20T15:36:05.613+0300] {dagbag.py:536} INFO - Filling up the DagBag from /home/user/Masaüstü/kafka/.env/lib/python3.8/site-packages/airflow/example_dags/example_dynamic_task_mapping_with_no_taskflow_operators.py
[2023-11-20T15:36:05.621+0300] {processor.py:839} INFO - DAG(s) dict_keys(['example_dynamic_task_mapping_with_no_taskflow_operators']) retrieved from /home/user/Masaüstü/kafka/.env/lib/python3.8/site-packages/airflow/example_dags/example_dynamic_task_mapping_with_no_taskflow_operators.py
[2023-11-20T15:36:05.627+0300] {logging_mixin.py:154} INFO - [2023-11-20T15:36:05.627+0300] {dag.py:2941} INFO - Sync 1 DAGs
[2023-11-20T15:36:05.643+0300] {logging_mixin.py:154} INFO - [2023-11-20T15:36:05.642+0300] {dag.py:3722} INFO - Setting next_dagrun for example_dynamic_task_mapping_with_no_taskflow_operators to 2023-11-19T12:36:05.642668+00:00, run_after=2023-11-20T12:36:05.642668+00:00
[2023-11-20T15:36:05.663+0300] {processor.py:179} INFO - Processing /home/user/Masaüstü/kafka/.env/lib/python3.8/site-packages/airflow/example_dags/example_dynamic_task_mapping_with_no_taskflow_operators.py took 0.055 seconds
