[2023-11-20T15:20:24.551+0300] {processor.py:157} INFO - Started process (PID=34599) to work on /home/user/Masaüstü/kafka/.env/lib/python3.8/site-packages/airflow/example_dags/example_setup_teardown.py
[2023-11-20T15:20:24.554+0300] {processor.py:829} INFO - Processing file /home/user/Masaüstü/kafka/.env/lib/python3.8/site-packages/airflow/example_dags/example_setup_teardown.py for tasks to queue
[2023-11-20T15:20:24.556+0300] {logging_mixin.py:154} INFO - [2023-11-20T15:20:24.555+0300] {dagbag.py:536} INFO - Filling up the DagBag from /home/user/Masaüstü/kafka/.env/lib/python3.8/site-packages/airflow/example_dags/example_setup_teardown.py
[2023-11-20T15:20:24.578+0300] {processor.py:839} INFO - DAG(s) dict_keys(['example_setup_teardown']) retrieved from /home/user/Masaüstü/kafka/.env/lib/python3.8/site-packages/airflow/example_dags/example_setup_teardown.py
[2023-11-20T15:20:24.616+0300] {logging_mixin.py:154} INFO - [2023-11-20T15:20:24.615+0300] {dag.py:2941} INFO - Sync 1 DAGs
[2023-11-20T15:20:24.666+0300] {logging_mixin.py:154} INFO - [2023-11-20T15:20:24.666+0300] {dag.py:3722} INFO - Setting next_dagrun for example_setup_teardown to 2023-11-19T12:20:24.665932+00:00, run_after=2023-11-20T12:20:24.665932+00:00
[2023-11-20T15:20:24.707+0300] {processor.py:179} INFO - Processing /home/user/Masaüstü/kafka/.env/lib/python3.8/site-packages/airflow/example_dags/example_setup_teardown.py took 0.164 seconds
[2023-11-20T15:21:42.349+0300] {processor.py:157} INFO - Started process (PID=35974) to work on /home/user/Masaüstü/kafka/.env/lib/python3.8/site-packages/airflow/example_dags/example_setup_teardown.py
[2023-11-20T15:21:42.351+0300] {processor.py:829} INFO - Processing file /home/user/Masaüstü/kafka/.env/lib/python3.8/site-packages/airflow/example_dags/example_setup_teardown.py for tasks to queue
[2023-11-20T15:21:42.353+0300] {logging_mixin.py:154} INFO - [2023-11-20T15:21:42.352+0300] {dagbag.py:536} INFO - Filling up the DagBag from /home/user/Masaüstü/kafka/.env/lib/python3.8/site-packages/airflow/example_dags/example_setup_teardown.py
[2023-11-20T15:21:42.362+0300] {processor.py:839} INFO - DAG(s) dict_keys(['example_setup_teardown']) retrieved from /home/user/Masaüstü/kafka/.env/lib/python3.8/site-packages/airflow/example_dags/example_setup_teardown.py
[2023-11-20T15:21:42.372+0300] {logging_mixin.py:154} INFO - [2023-11-20T15:21:42.372+0300] {dag.py:2941} INFO - Sync 1 DAGs
[2023-11-20T15:21:42.393+0300] {logging_mixin.py:154} INFO - [2023-11-20T15:21:42.393+0300] {dag.py:3722} INFO - Setting next_dagrun for example_setup_teardown to 2023-11-19T12:21:42.393542+00:00, run_after=2023-11-20T12:21:42.393542+00:00
[2023-11-20T15:21:42.412+0300] {processor.py:179} INFO - Processing /home/user/Masaüstü/kafka/.env/lib/python3.8/site-packages/airflow/example_dags/example_setup_teardown.py took 0.067 seconds
[2023-11-20T15:22:27.874+0300] {processor.py:157} INFO - Started process (PID=36421) to work on /home/user/Masaüstü/kafka/.env/lib/python3.8/site-packages/airflow/example_dags/example_setup_teardown.py
[2023-11-20T15:22:27.877+0300] {processor.py:829} INFO - Processing file /home/user/Masaüstü/kafka/.env/lib/python3.8/site-packages/airflow/example_dags/example_setup_teardown.py for tasks to queue
[2023-11-20T15:22:27.879+0300] {logging_mixin.py:154} INFO - [2023-11-20T15:22:27.878+0300] {dagbag.py:536} INFO - Filling up the DagBag from /home/user/Masaüstü/kafka/.env/lib/python3.8/site-packages/airflow/example_dags/example_setup_teardown.py
[2023-11-20T15:22:27.895+0300] {processor.py:839} INFO - DAG(s) dict_keys(['example_setup_teardown']) retrieved from /home/user/Masaüstü/kafka/.env/lib/python3.8/site-packages/airflow/example_dags/example_setup_teardown.py
[2023-11-20T15:22:27.915+0300] {logging_mixin.py:154} INFO - [2023-11-20T15:22:27.915+0300] {dag.py:2941} INFO - Sync 1 DAGs
[2023-11-20T15:22:27.941+0300] {logging_mixin.py:154} INFO - [2023-11-20T15:22:27.941+0300] {dag.py:3722} INFO - Setting next_dagrun for example_setup_teardown to 2023-11-19T12:22:27.940976+00:00, run_after=2023-11-20T12:22:27.940976+00:00
[2023-11-20T15:22:27.967+0300] {processor.py:179} INFO - Processing /home/user/Masaüstü/kafka/.env/lib/python3.8/site-packages/airflow/example_dags/example_setup_teardown.py took 0.101 seconds
[2023-11-20T15:23:16.060+0300] {processor.py:157} INFO - Started process (PID=36695) to work on /home/user/Masaüstü/kafka/.env/lib/python3.8/site-packages/airflow/example_dags/example_setup_teardown.py
[2023-11-20T15:23:16.063+0300] {processor.py:829} INFO - Processing file /home/user/Masaüstü/kafka/.env/lib/python3.8/site-packages/airflow/example_dags/example_setup_teardown.py for tasks to queue
[2023-11-20T15:23:16.065+0300] {logging_mixin.py:154} INFO - [2023-11-20T15:23:16.064+0300] {dagbag.py:536} INFO - Filling up the DagBag from /home/user/Masaüstü/kafka/.env/lib/python3.8/site-packages/airflow/example_dags/example_setup_teardown.py
[2023-11-20T15:23:16.074+0300] {processor.py:839} INFO - DAG(s) dict_keys(['example_setup_teardown']) retrieved from /home/user/Masaüstü/kafka/.env/lib/python3.8/site-packages/airflow/example_dags/example_setup_teardown.py
[2023-11-20T15:23:16.097+0300] {logging_mixin.py:154} INFO - [2023-11-20T15:23:16.096+0300] {dag.py:2941} INFO - Sync 1 DAGs
[2023-11-20T15:23:16.124+0300] {logging_mixin.py:154} INFO - [2023-11-20T15:23:16.123+0300] {dag.py:3722} INFO - Setting next_dagrun for example_setup_teardown to 2023-11-19T12:23:16.123765+00:00, run_after=2023-11-20T12:23:16.123765+00:00
[2023-11-20T15:23:16.146+0300] {processor.py:179} INFO - Processing /home/user/Masaüstü/kafka/.env/lib/python3.8/site-packages/airflow/example_dags/example_setup_teardown.py took 0.089 seconds
[2023-11-20T15:24:07.364+0300] {processor.py:157} INFO - Started process (PID=37369) to work on /home/user/Masaüstü/kafka/.env/lib/python3.8/site-packages/airflow/example_dags/example_setup_teardown.py
[2023-11-20T15:24:07.365+0300] {processor.py:829} INFO - Processing file /home/user/Masaüstü/kafka/.env/lib/python3.8/site-packages/airflow/example_dags/example_setup_teardown.py for tasks to queue
[2023-11-20T15:24:07.366+0300] {logging_mixin.py:154} INFO - [2023-11-20T15:24:07.365+0300] {dagbag.py:536} INFO - Filling up the DagBag from /home/user/Masaüstü/kafka/.env/lib/python3.8/site-packages/airflow/example_dags/example_setup_teardown.py
[2023-11-20T15:24:07.372+0300] {processor.py:839} INFO - DAG(s) dict_keys(['example_setup_teardown']) retrieved from /home/user/Masaüstü/kafka/.env/lib/python3.8/site-packages/airflow/example_dags/example_setup_teardown.py
[2023-11-20T15:24:07.386+0300] {logging_mixin.py:154} INFO - [2023-11-20T15:24:07.386+0300] {dag.py:2941} INFO - Sync 1 DAGs
[2023-11-20T15:24:07.404+0300] {logging_mixin.py:154} INFO - [2023-11-20T15:24:07.404+0300] {dag.py:3722} INFO - Setting next_dagrun for example_setup_teardown to 2023-11-19T12:24:07.404409+00:00, run_after=2023-11-20T12:24:07.404409+00:00
[2023-11-20T15:24:07.423+0300] {processor.py:179} INFO - Processing /home/user/Masaüstü/kafka/.env/lib/python3.8/site-packages/airflow/example_dags/example_setup_teardown.py took 0.061 seconds
[2023-11-20T15:27:34.669+0300] {processor.py:157} INFO - Started process (PID=5037) to work on /home/user/Masaüstü/kafka/.env/lib/python3.8/site-packages/airflow/example_dags/example_setup_teardown.py
[2023-11-20T15:27:34.670+0300] {processor.py:829} INFO - Processing file /home/user/Masaüstü/kafka/.env/lib/python3.8/site-packages/airflow/example_dags/example_setup_teardown.py for tasks to queue
[2023-11-20T15:27:34.671+0300] {logging_mixin.py:154} INFO - [2023-11-20T15:27:34.670+0300] {dagbag.py:536} INFO - Filling up the DagBag from /home/user/Masaüstü/kafka/.env/lib/python3.8/site-packages/airflow/example_dags/example_setup_teardown.py
[2023-11-20T15:27:34.678+0300] {processor.py:839} INFO - DAG(s) dict_keys(['example_setup_teardown']) retrieved from /home/user/Masaüstü/kafka/.env/lib/python3.8/site-packages/airflow/example_dags/example_setup_teardown.py
[2023-11-20T15:27:34.685+0300] {logging_mixin.py:154} INFO - [2023-11-20T15:27:34.684+0300] {dag.py:2941} INFO - Sync 1 DAGs
[2023-11-20T15:27:34.704+0300] {logging_mixin.py:154} INFO - [2023-11-20T15:27:34.704+0300] {dag.py:3722} INFO - Setting next_dagrun for example_setup_teardown to 2023-11-19T12:27:34.704180+00:00, run_after=2023-11-20T12:27:34.704180+00:00
[2023-11-20T15:27:34.731+0300] {processor.py:179} INFO - Processing /home/user/Masaüstü/kafka/.env/lib/python3.8/site-packages/airflow/example_dags/example_setup_teardown.py took 0.065 seconds
[2023-11-20T15:28:20.167+0300] {processor.py:157} INFO - Started process (PID=5342) to work on /home/user/Masaüstü/kafka/.env/lib/python3.8/site-packages/airflow/example_dags/example_setup_teardown.py
[2023-11-20T15:28:20.169+0300] {processor.py:829} INFO - Processing file /home/user/Masaüstü/kafka/.env/lib/python3.8/site-packages/airflow/example_dags/example_setup_teardown.py for tasks to queue
[2023-11-20T15:28:20.170+0300] {logging_mixin.py:154} INFO - [2023-11-20T15:28:20.169+0300] {dagbag.py:536} INFO - Filling up the DagBag from /home/user/Masaüstü/kafka/.env/lib/python3.8/site-packages/airflow/example_dags/example_setup_teardown.py
[2023-11-20T15:28:20.182+0300] {processor.py:839} INFO - DAG(s) dict_keys(['example_setup_teardown']) retrieved from /home/user/Masaüstü/kafka/.env/lib/python3.8/site-packages/airflow/example_dags/example_setup_teardown.py
[2023-11-20T15:28:20.199+0300] {logging_mixin.py:154} INFO - [2023-11-20T15:28:20.199+0300] {dag.py:2941} INFO - Sync 1 DAGs
[2023-11-20T15:28:20.215+0300] {logging_mixin.py:154} INFO - [2023-11-20T15:28:20.214+0300] {dag.py:3722} INFO - Setting next_dagrun for example_setup_teardown to 2023-11-19T12:28:20.214695+00:00, run_after=2023-11-20T12:28:20.214695+00:00
[2023-11-20T15:28:20.244+0300] {processor.py:179} INFO - Processing /home/user/Masaüstü/kafka/.env/lib/python3.8/site-packages/airflow/example_dags/example_setup_teardown.py took 0.079 seconds
