[2023-11-20T15:20:42.990+0300] {processor.py:157} INFO - Started process (PID=34711) to work on /home/user/Masaüstü/kafka/.env/lib/python3.8/site-packages/airflow/example_dags/example_branch_day_of_week_operator.py
[2023-11-20T15:20:42.991+0300] {processor.py:829} INFO - Processing file /home/user/Masaüstü/kafka/.env/lib/python3.8/site-packages/airflow/example_dags/example_branch_day_of_week_operator.py for tasks to queue
[2023-11-20T15:20:42.992+0300] {logging_mixin.py:154} INFO - [2023-11-20T15:20:42.991+0300] {dagbag.py:536} INFO - Filling up the DagBag from /home/user/Masaüstü/kafka/.env/lib/python3.8/site-packages/airflow/example_dags/example_branch_day_of_week_operator.py
[2023-11-20T15:20:43.002+0300] {processor.py:839} INFO - DAG(s) dict_keys(['example_weekday_branch_operator']) retrieved from /home/user/Masaüstü/kafka/.env/lib/python3.8/site-packages/airflow/example_dags/example_branch_day_of_week_operator.py
[2023-11-20T15:20:43.021+0300] {logging_mixin.py:154} INFO - [2023-11-20T15:20:43.021+0300] {dag.py:2941} INFO - Sync 1 DAGs
[2023-11-20T15:20:43.038+0300] {logging_mixin.py:154} INFO - [2023-11-20T15:20:43.038+0300] {dag.py:3722} INFO - Setting next_dagrun for example_weekday_branch_operator to 2023-11-19T00:00:00+00:00, run_after=2023-11-20T00:00:00+00:00
[2023-11-20T15:20:43.056+0300] {processor.py:179} INFO - Processing /home/user/Masaüstü/kafka/.env/lib/python3.8/site-packages/airflow/example_dags/example_branch_day_of_week_operator.py took 0.069 seconds
[2023-11-20T15:22:00.315+0300] {processor.py:157} INFO - Started process (PID=36106) to work on /home/user/Masaüstü/kafka/.env/lib/python3.8/site-packages/airflow/example_dags/example_branch_day_of_week_operator.py
[2023-11-20T15:22:00.316+0300] {processor.py:829} INFO - Processing file /home/user/Masaüstü/kafka/.env/lib/python3.8/site-packages/airflow/example_dags/example_branch_day_of_week_operator.py for tasks to queue
[2023-11-20T15:22:00.318+0300] {logging_mixin.py:154} INFO - [2023-11-20T15:22:00.317+0300] {dagbag.py:536} INFO - Filling up the DagBag from /home/user/Masaüstü/kafka/.env/lib/python3.8/site-packages/airflow/example_dags/example_branch_day_of_week_operator.py
[2023-11-20T15:22:00.327+0300] {processor.py:839} INFO - DAG(s) dict_keys(['example_weekday_branch_operator']) retrieved from /home/user/Masaüstü/kafka/.env/lib/python3.8/site-packages/airflow/example_dags/example_branch_day_of_week_operator.py
[2023-11-20T15:22:00.353+0300] {logging_mixin.py:154} INFO - [2023-11-20T15:22:00.352+0300] {dag.py:2941} INFO - Sync 1 DAGs
[2023-11-20T15:22:00.383+0300] {logging_mixin.py:154} INFO - [2023-11-20T15:22:00.382+0300] {dag.py:3722} INFO - Setting next_dagrun for example_weekday_branch_operator to 2023-11-19T00:00:00+00:00, run_after=2023-11-20T00:00:00+00:00
[2023-11-20T15:22:00.404+0300] {processor.py:179} INFO - Processing /home/user/Masaüstü/kafka/.env/lib/python3.8/site-packages/airflow/example_dags/example_branch_day_of_week_operator.py took 0.094 seconds
[2023-11-20T15:22:48.086+0300] {processor.py:157} INFO - Started process (PID=36537) to work on /home/user/Masaüstü/kafka/.env/lib/python3.8/site-packages/airflow/example_dags/example_branch_day_of_week_operator.py
[2023-11-20T15:22:48.088+0300] {processor.py:829} INFO - Processing file /home/user/Masaüstü/kafka/.env/lib/python3.8/site-packages/airflow/example_dags/example_branch_day_of_week_operator.py for tasks to queue
[2023-11-20T15:22:48.089+0300] {logging_mixin.py:154} INFO - [2023-11-20T15:22:48.088+0300] {dagbag.py:536} INFO - Filling up the DagBag from /home/user/Masaüstü/kafka/.env/lib/python3.8/site-packages/airflow/example_dags/example_branch_day_of_week_operator.py
[2023-11-20T15:22:48.098+0300] {processor.py:839} INFO - DAG(s) dict_keys(['example_weekday_branch_operator']) retrieved from /home/user/Masaüstü/kafka/.env/lib/python3.8/site-packages/airflow/example_dags/example_branch_day_of_week_operator.py
[2023-11-20T15:22:48.116+0300] {logging_mixin.py:154} INFO - [2023-11-20T15:22:48.115+0300] {dag.py:2941} INFO - Sync 1 DAGs
[2023-11-20T15:22:48.136+0300] {logging_mixin.py:154} INFO - [2023-11-20T15:22:48.135+0300] {dag.py:3722} INFO - Setting next_dagrun for example_weekday_branch_operator to 2023-11-19T00:00:00+00:00, run_after=2023-11-20T00:00:00+00:00
[2023-11-20T15:22:48.156+0300] {processor.py:179} INFO - Processing /home/user/Masaüstü/kafka/.env/lib/python3.8/site-packages/airflow/example_dags/example_branch_day_of_week_operator.py took 0.073 seconds
[2023-11-20T15:23:39.807+0300] {processor.py:157} INFO - Started process (PID=37011) to work on /home/user/Masaüstü/kafka/.env/lib/python3.8/site-packages/airflow/example_dags/example_branch_day_of_week_operator.py
[2023-11-20T15:23:39.810+0300] {processor.py:829} INFO - Processing file /home/user/Masaüstü/kafka/.env/lib/python3.8/site-packages/airflow/example_dags/example_branch_day_of_week_operator.py for tasks to queue
[2023-11-20T15:23:39.811+0300] {logging_mixin.py:154} INFO - [2023-11-20T15:23:39.811+0300] {dagbag.py:536} INFO - Filling up the DagBag from /home/user/Masaüstü/kafka/.env/lib/python3.8/site-packages/airflow/example_dags/example_branch_day_of_week_operator.py
[2023-11-20T15:23:39.826+0300] {processor.py:839} INFO - DAG(s) dict_keys(['example_weekday_branch_operator']) retrieved from /home/user/Masaüstü/kafka/.env/lib/python3.8/site-packages/airflow/example_dags/example_branch_day_of_week_operator.py
[2023-11-20T15:23:39.856+0300] {logging_mixin.py:154} INFO - [2023-11-20T15:23:39.856+0300] {dag.py:2941} INFO - Sync 1 DAGs
[2023-11-20T15:23:39.895+0300] {logging_mixin.py:154} INFO - [2023-11-20T15:23:39.895+0300] {dag.py:3722} INFO - Setting next_dagrun for example_weekday_branch_operator to 2023-11-19T00:00:00+00:00, run_after=2023-11-20T00:00:00+00:00
[2023-11-20T15:23:39.946+0300] {processor.py:179} INFO - Processing /home/user/Masaüstü/kafka/.env/lib/python3.8/site-packages/airflow/example_dags/example_branch_day_of_week_operator.py took 0.145 seconds
[2023-11-20T15:24:29.656+0300] {processor.py:157} INFO - Started process (PID=37646) to work on /home/user/Masaüstü/kafka/.env/lib/python3.8/site-packages/airflow/example_dags/example_branch_day_of_week_operator.py
[2023-11-20T15:24:29.657+0300] {processor.py:829} INFO - Processing file /home/user/Masaüstü/kafka/.env/lib/python3.8/site-packages/airflow/example_dags/example_branch_day_of_week_operator.py for tasks to queue
[2023-11-20T15:24:29.658+0300] {logging_mixin.py:154} INFO - [2023-11-20T15:24:29.658+0300] {dagbag.py:536} INFO - Filling up the DagBag from /home/user/Masaüstü/kafka/.env/lib/python3.8/site-packages/airflow/example_dags/example_branch_day_of_week_operator.py
[2023-11-20T15:24:29.664+0300] {processor.py:839} INFO - DAG(s) dict_keys(['example_weekday_branch_operator']) retrieved from /home/user/Masaüstü/kafka/.env/lib/python3.8/site-packages/airflow/example_dags/example_branch_day_of_week_operator.py
[2023-11-20T15:24:29.679+0300] {logging_mixin.py:154} INFO - [2023-11-20T15:24:29.679+0300] {dag.py:2941} INFO - Sync 1 DAGs
[2023-11-20T15:24:29.697+0300] {logging_mixin.py:154} INFO - [2023-11-20T15:24:29.697+0300] {dag.py:3722} INFO - Setting next_dagrun for example_weekday_branch_operator to 2023-11-19T00:00:00+00:00, run_after=2023-11-20T00:00:00+00:00
[2023-11-20T15:24:29.716+0300] {processor.py:179} INFO - Processing /home/user/Masaüstü/kafka/.env/lib/python3.8/site-packages/airflow/example_dags/example_branch_day_of_week_operator.py took 0.061 seconds
[2023-11-20T15:27:51.924+0300] {processor.py:157} INFO - Started process (PID=5125) to work on /home/user/Masaüstü/kafka/.env/lib/python3.8/site-packages/airflow/example_dags/example_branch_day_of_week_operator.py
[2023-11-20T15:27:51.926+0300] {processor.py:829} INFO - Processing file /home/user/Masaüstü/kafka/.env/lib/python3.8/site-packages/airflow/example_dags/example_branch_day_of_week_operator.py for tasks to queue
[2023-11-20T15:27:51.927+0300] {logging_mixin.py:154} INFO - [2023-11-20T15:27:51.927+0300] {dagbag.py:536} INFO - Filling up the DagBag from /home/user/Masaüstü/kafka/.env/lib/python3.8/site-packages/airflow/example_dags/example_branch_day_of_week_operator.py
[2023-11-20T15:27:51.936+0300] {processor.py:839} INFO - DAG(s) dict_keys(['example_weekday_branch_operator']) retrieved from /home/user/Masaüstü/kafka/.env/lib/python3.8/site-packages/airflow/example_dags/example_branch_day_of_week_operator.py
[2023-11-20T15:27:51.960+0300] {logging_mixin.py:154} INFO - [2023-11-20T15:27:51.960+0300] {dag.py:2941} INFO - Sync 1 DAGs
[2023-11-20T15:27:51.976+0300] {logging_mixin.py:154} INFO - [2023-11-20T15:27:51.976+0300] {dag.py:3722} INFO - Setting next_dagrun for example_weekday_branch_operator to 2023-11-19T00:00:00+00:00, run_after=2023-11-20T00:00:00+00:00
[2023-11-20T15:27:51.993+0300] {processor.py:179} INFO - Processing /home/user/Masaüstü/kafka/.env/lib/python3.8/site-packages/airflow/example_dags/example_branch_day_of_week_operator.py took 0.073 seconds
[2023-11-20T15:28:39.671+0300] {processor.py:157} INFO - Started process (PID=5445) to work on /home/user/Masaüstü/kafka/.env/lib/python3.8/site-packages/airflow/example_dags/example_branch_day_of_week_operator.py
[2023-11-20T15:28:39.674+0300] {processor.py:829} INFO - Processing file /home/user/Masaüstü/kafka/.env/lib/python3.8/site-packages/airflow/example_dags/example_branch_day_of_week_operator.py for tasks to queue
[2023-11-20T15:28:39.676+0300] {logging_mixin.py:154} INFO - [2023-11-20T15:28:39.675+0300] {dagbag.py:536} INFO - Filling up the DagBag from /home/user/Masaüstü/kafka/.env/lib/python3.8/site-packages/airflow/example_dags/example_branch_day_of_week_operator.py
[2023-11-20T15:28:39.690+0300] {processor.py:839} INFO - DAG(s) dict_keys(['example_weekday_branch_operator']) retrieved from /home/user/Masaüstü/kafka/.env/lib/python3.8/site-packages/airflow/example_dags/example_branch_day_of_week_operator.py
[2023-11-20T15:28:39.713+0300] {logging_mixin.py:154} INFO - [2023-11-20T15:28:39.713+0300] {dag.py:2941} INFO - Sync 1 DAGs
[2023-11-20T15:28:39.730+0300] {logging_mixin.py:154} INFO - [2023-11-20T15:28:39.730+0300] {dag.py:3722} INFO - Setting next_dagrun for example_weekday_branch_operator to 2023-11-19T00:00:00+00:00, run_after=2023-11-20T00:00:00+00:00
[2023-11-20T15:28:39.748+0300] {processor.py:179} INFO - Processing /home/user/Masaüstü/kafka/.env/lib/python3.8/site-packages/airflow/example_dags/example_branch_day_of_week_operator.py took 0.082 seconds
