[2023-11-20T15:20:42.331+0300] {processor.py:157} INFO - Started process (PID=34706) to work on /home/user/Masaüstü/kafka/.env/lib/python3.8/site-packages/airflow/example_dags/example_branch_labels.py
[2023-11-20T15:20:42.334+0300] {processor.py:829} INFO - Processing file /home/user/Masaüstü/kafka/.env/lib/python3.8/site-packages/airflow/example_dags/example_branch_labels.py for tasks to queue
[2023-11-20T15:20:42.337+0300] {logging_mixin.py:154} INFO - [2023-11-20T15:20:42.335+0300] {dagbag.py:536} INFO - Filling up the DagBag from /home/user/Masaüstü/kafka/.env/lib/python3.8/site-packages/airflow/example_dags/example_branch_labels.py
[2023-11-20T15:20:42.348+0300] {processor.py:839} INFO - DAG(s) dict_keys(['example_branch_labels']) retrieved from /home/user/Masaüstü/kafka/.env/lib/python3.8/site-packages/airflow/example_dags/example_branch_labels.py
[2023-11-20T15:20:42.370+0300] {logging_mixin.py:154} INFO - [2023-11-20T15:20:42.369+0300] {dag.py:2941} INFO - Sync 1 DAGs
[2023-11-20T15:20:42.390+0300] {logging_mixin.py:154} INFO - [2023-11-20T15:20:42.390+0300] {dag.py:3722} INFO - Setting next_dagrun for example_branch_labels to 2023-11-19T00:00:00+00:00, run_after=2023-11-20T00:00:00+00:00
[2023-11-20T15:20:42.418+0300] {processor.py:179} INFO - Processing /home/user/Masaüstü/kafka/.env/lib/python3.8/site-packages/airflow/example_dags/example_branch_labels.py took 0.092 seconds
[2023-11-20T15:21:59.176+0300] {processor.py:157} INFO - Started process (PID=36088) to work on /home/user/Masaüstü/kafka/.env/lib/python3.8/site-packages/airflow/example_dags/example_branch_labels.py
[2023-11-20T15:21:59.178+0300] {processor.py:829} INFO - Processing file /home/user/Masaüstü/kafka/.env/lib/python3.8/site-packages/airflow/example_dags/example_branch_labels.py for tasks to queue
[2023-11-20T15:21:59.180+0300] {logging_mixin.py:154} INFO - [2023-11-20T15:21:59.179+0300] {dagbag.py:536} INFO - Filling up the DagBag from /home/user/Masaüstü/kafka/.env/lib/python3.8/site-packages/airflow/example_dags/example_branch_labels.py
[2023-11-20T15:21:59.190+0300] {processor.py:839} INFO - DAG(s) dict_keys(['example_branch_labels']) retrieved from /home/user/Masaüstü/kafka/.env/lib/python3.8/site-packages/airflow/example_dags/example_branch_labels.py
[2023-11-20T15:21:59.212+0300] {logging_mixin.py:154} INFO - [2023-11-20T15:21:59.211+0300] {dag.py:2941} INFO - Sync 1 DAGs
[2023-11-20T15:21:59.229+0300] {logging_mixin.py:154} INFO - [2023-11-20T15:21:59.228+0300] {dag.py:3722} INFO - Setting next_dagrun for example_branch_labels to 2023-11-19T00:00:00+00:00, run_after=2023-11-20T00:00:00+00:00
[2023-11-20T15:21:59.250+0300] {processor.py:179} INFO - Processing /home/user/Masaüstü/kafka/.env/lib/python3.8/site-packages/airflow/example_dags/example_branch_labels.py took 0.077 seconds
[2023-11-20T15:22:46.938+0300] {processor.py:157} INFO - Started process (PID=36532) to work on /home/user/Masaüstü/kafka/.env/lib/python3.8/site-packages/airflow/example_dags/example_branch_labels.py
[2023-11-20T15:22:46.940+0300] {processor.py:829} INFO - Processing file /home/user/Masaüstü/kafka/.env/lib/python3.8/site-packages/airflow/example_dags/example_branch_labels.py for tasks to queue
[2023-11-20T15:22:46.942+0300] {logging_mixin.py:154} INFO - [2023-11-20T15:22:46.941+0300] {dagbag.py:536} INFO - Filling up the DagBag from /home/user/Masaüstü/kafka/.env/lib/python3.8/site-packages/airflow/example_dags/example_branch_labels.py
[2023-11-20T15:22:46.950+0300] {processor.py:839} INFO - DAG(s) dict_keys(['example_branch_labels']) retrieved from /home/user/Masaüstü/kafka/.env/lib/python3.8/site-packages/airflow/example_dags/example_branch_labels.py
[2023-11-20T15:22:46.973+0300] {logging_mixin.py:154} INFO - [2023-11-20T15:22:46.973+0300] {dag.py:2941} INFO - Sync 1 DAGs
[2023-11-20T15:22:46.998+0300] {logging_mixin.py:154} INFO - [2023-11-20T15:22:46.998+0300] {dag.py:3722} INFO - Setting next_dagrun for example_branch_labels to 2023-11-19T00:00:00+00:00, run_after=2023-11-20T00:00:00+00:00
[2023-11-20T15:22:47.022+0300] {processor.py:179} INFO - Processing /home/user/Masaüstü/kafka/.env/lib/python3.8/site-packages/airflow/example_dags/example_branch_labels.py took 0.090 seconds
[2023-11-20T15:23:38.675+0300] {processor.py:157} INFO - Started process (PID=37006) to work on /home/user/Masaüstü/kafka/.env/lib/python3.8/site-packages/airflow/example_dags/example_branch_labels.py
[2023-11-20T15:23:38.679+0300] {processor.py:829} INFO - Processing file /home/user/Masaüstü/kafka/.env/lib/python3.8/site-packages/airflow/example_dags/example_branch_labels.py for tasks to queue
[2023-11-20T15:23:38.682+0300] {logging_mixin.py:154} INFO - [2023-11-20T15:23:38.680+0300] {dagbag.py:536} INFO - Filling up the DagBag from /home/user/Masaüstü/kafka/.env/lib/python3.8/site-packages/airflow/example_dags/example_branch_labels.py
[2023-11-20T15:23:38.695+0300] {processor.py:839} INFO - DAG(s) dict_keys(['example_branch_labels']) retrieved from /home/user/Masaüstü/kafka/.env/lib/python3.8/site-packages/airflow/example_dags/example_branch_labels.py
[2023-11-20T15:23:38.710+0300] {logging_mixin.py:154} INFO - [2023-11-20T15:23:38.710+0300] {dag.py:2941} INFO - Sync 1 DAGs
[2023-11-20T15:23:38.727+0300] {logging_mixin.py:154} INFO - [2023-11-20T15:23:38.727+0300] {dag.py:3722} INFO - Setting next_dagrun for example_branch_labels to 2023-11-19T00:00:00+00:00, run_after=2023-11-20T00:00:00+00:00
[2023-11-20T15:23:38.745+0300] {processor.py:179} INFO - Processing /home/user/Masaüstü/kafka/.env/lib/python3.8/site-packages/airflow/example_dags/example_branch_labels.py took 0.080 seconds
[2023-11-20T15:24:28.500+0300] {processor.py:157} INFO - Started process (PID=37642) to work on /home/user/Masaüstü/kafka/.env/lib/python3.8/site-packages/airflow/example_dags/example_branch_labels.py
[2023-11-20T15:24:28.503+0300] {processor.py:829} INFO - Processing file /home/user/Masaüstü/kafka/.env/lib/python3.8/site-packages/airflow/example_dags/example_branch_labels.py for tasks to queue
[2023-11-20T15:24:28.504+0300] {logging_mixin.py:154} INFO - [2023-11-20T15:24:28.503+0300] {dagbag.py:536} INFO - Filling up the DagBag from /home/user/Masaüstü/kafka/.env/lib/python3.8/site-packages/airflow/example_dags/example_branch_labels.py
[2023-11-20T15:24:28.514+0300] {processor.py:839} INFO - DAG(s) dict_keys(['example_branch_labels']) retrieved from /home/user/Masaüstü/kafka/.env/lib/python3.8/site-packages/airflow/example_dags/example_branch_labels.py
[2023-11-20T15:24:28.529+0300] {logging_mixin.py:154} INFO - [2023-11-20T15:24:28.529+0300] {dag.py:2941} INFO - Sync 1 DAGs
[2023-11-20T15:24:28.547+0300] {logging_mixin.py:154} INFO - [2023-11-20T15:24:28.546+0300] {dag.py:3722} INFO - Setting next_dagrun for example_branch_labels to 2023-11-19T00:00:00+00:00, run_after=2023-11-20T00:00:00+00:00
[2023-11-20T15:24:28.567+0300] {processor.py:179} INFO - Processing /home/user/Masaüstü/kafka/.env/lib/python3.8/site-packages/airflow/example_dags/example_branch_labels.py took 0.073 seconds
[2023-11-20T15:27:50.678+0300] {processor.py:157} INFO - Started process (PID=5118) to work on /home/user/Masaüstü/kafka/.env/lib/python3.8/site-packages/airflow/example_dags/example_branch_labels.py
[2023-11-20T15:27:50.679+0300] {processor.py:829} INFO - Processing file /home/user/Masaüstü/kafka/.env/lib/python3.8/site-packages/airflow/example_dags/example_branch_labels.py for tasks to queue
[2023-11-20T15:27:50.681+0300] {logging_mixin.py:154} INFO - [2023-11-20T15:27:50.680+0300] {dagbag.py:536} INFO - Filling up the DagBag from /home/user/Masaüstü/kafka/.env/lib/python3.8/site-packages/airflow/example_dags/example_branch_labels.py
[2023-11-20T15:27:50.695+0300] {processor.py:839} INFO - DAG(s) dict_keys(['example_branch_labels']) retrieved from /home/user/Masaüstü/kafka/.env/lib/python3.8/site-packages/airflow/example_dags/example_branch_labels.py
[2023-11-20T15:27:50.727+0300] {logging_mixin.py:154} INFO - [2023-11-20T15:27:50.727+0300] {dag.py:2941} INFO - Sync 1 DAGs
[2023-11-20T15:27:50.754+0300] {logging_mixin.py:154} INFO - [2023-11-20T15:27:50.754+0300] {dag.py:3722} INFO - Setting next_dagrun for example_branch_labels to 2023-11-19T00:00:00+00:00, run_after=2023-11-20T00:00:00+00:00
[2023-11-20T15:27:50.773+0300] {processor.py:179} INFO - Processing /home/user/Masaüstü/kafka/.env/lib/python3.8/site-packages/airflow/example_dags/example_branch_labels.py took 0.098 seconds
[2023-11-20T15:28:38.538+0300] {processor.py:157} INFO - Started process (PID=5441) to work on /home/user/Masaüstü/kafka/.env/lib/python3.8/site-packages/airflow/example_dags/example_branch_labels.py
[2023-11-20T15:28:38.541+0300] {processor.py:829} INFO - Processing file /home/user/Masaüstü/kafka/.env/lib/python3.8/site-packages/airflow/example_dags/example_branch_labels.py for tasks to queue
[2023-11-20T15:28:38.543+0300] {logging_mixin.py:154} INFO - [2023-11-20T15:28:38.542+0300] {dagbag.py:536} INFO - Filling up the DagBag from /home/user/Masaüstü/kafka/.env/lib/python3.8/site-packages/airflow/example_dags/example_branch_labels.py
[2023-11-20T15:28:38.557+0300] {processor.py:839} INFO - DAG(s) dict_keys(['example_branch_labels']) retrieved from /home/user/Masaüstü/kafka/.env/lib/python3.8/site-packages/airflow/example_dags/example_branch_labels.py
[2023-11-20T15:28:38.573+0300] {logging_mixin.py:154} INFO - [2023-11-20T15:28:38.573+0300] {dag.py:2941} INFO - Sync 1 DAGs
[2023-11-20T15:28:38.591+0300] {logging_mixin.py:154} INFO - [2023-11-20T15:28:38.591+0300] {dag.py:3722} INFO - Setting next_dagrun for example_branch_labels to 2023-11-19T00:00:00+00:00, run_after=2023-11-20T00:00:00+00:00
[2023-11-20T15:28:38.610+0300] {processor.py:179} INFO - Processing /home/user/Masaüstü/kafka/.env/lib/python3.8/site-packages/airflow/example_dags/example_branch_labels.py took 0.079 seconds
