[2023-11-20T15:20:20.539+0300] {processor.py:157} INFO - Started process (PID=34549) to work on /home/user/Masaüstü/kafka/.env/lib/python3.8/site-packages/airflow/example_dags/example_trigger_controller_dag.py
[2023-11-20T15:20:20.539+0300] {processor.py:829} INFO - Processing file /home/user/Masaüstü/kafka/.env/lib/python3.8/site-packages/airflow/example_dags/example_trigger_controller_dag.py for tasks to queue
[2023-11-20T15:20:20.540+0300] {logging_mixin.py:154} INFO - [2023-11-20T15:20:20.540+0300] {dagbag.py:536} INFO - Filling up the DagBag from /home/user/Masaüstü/kafka/.env/lib/python3.8/site-packages/airflow/example_dags/example_trigger_controller_dag.py
[2023-11-20T15:20:20.545+0300] {processor.py:839} INFO - DAG(s) dict_keys(['example_trigger_controller_dag']) retrieved from /home/user/Masaüstü/kafka/.env/lib/python3.8/site-packages/airflow/example_dags/example_trigger_controller_dag.py
[2023-11-20T15:20:20.559+0300] {logging_mixin.py:154} INFO - [2023-11-20T15:20:20.559+0300] {dag.py:2941} INFO - Sync 1 DAGs
[2023-11-20T15:20:20.579+0300] {logging_mixin.py:154} INFO - [2023-11-20T15:20:20.579+0300] {dag.py:3722} INFO - Setting next_dagrun for example_trigger_controller_dag to 2021-01-01T00:00:00+00:00, run_after=2021-01-01T00:00:00+00:00
[2023-11-20T15:20:20.600+0300] {processor.py:179} INFO - Processing /home/user/Masaüstü/kafka/.env/lib/python3.8/site-packages/airflow/example_dags/example_trigger_controller_dag.py took 0.065 seconds
[2023-11-20T15:21:07.208+0300] {processor.py:157} INFO - Started process (PID=35025) to work on /home/user/Masaüstü/kafka/.env/lib/python3.8/site-packages/airflow/example_dags/example_trigger_controller_dag.py
[2023-11-20T15:21:07.209+0300] {processor.py:829} INFO - Processing file /home/user/Masaüstü/kafka/.env/lib/python3.8/site-packages/airflow/example_dags/example_trigger_controller_dag.py for tasks to queue
[2023-11-20T15:21:07.210+0300] {logging_mixin.py:154} INFO - [2023-11-20T15:21:07.210+0300] {dagbag.py:536} INFO - Filling up the DagBag from /home/user/Masaüstü/kafka/.env/lib/python3.8/site-packages/airflow/example_dags/example_trigger_controller_dag.py
[2023-11-20T15:21:07.214+0300] {processor.py:839} INFO - DAG(s) dict_keys(['example_trigger_controller_dag']) retrieved from /home/user/Masaüstü/kafka/.env/lib/python3.8/site-packages/airflow/example_dags/example_trigger_controller_dag.py
[2023-11-20T15:21:07.228+0300] {logging_mixin.py:154} INFO - [2023-11-20T15:21:07.227+0300] {dag.py:2941} INFO - Sync 1 DAGs
[2023-11-20T15:21:07.249+0300] {logging_mixin.py:154} INFO - [2023-11-20T15:21:07.249+0300] {dag.py:3722} INFO - Setting next_dagrun for example_trigger_controller_dag to 2021-01-01T00:00:00+00:00, run_after=2021-01-01T00:00:00+00:00
[2023-11-20T15:21:07.268+0300] {processor.py:179} INFO - Processing /home/user/Masaüstü/kafka/.env/lib/python3.8/site-packages/airflow/example_dags/example_trigger_controller_dag.py took 0.064 seconds
[2023-11-20T15:21:38.341+0300] {processor.py:157} INFO - Started process (PID=35955) to work on /home/user/Masaüstü/kafka/.env/lib/python3.8/site-packages/airflow/example_dags/example_trigger_controller_dag.py
[2023-11-20T15:21:38.342+0300] {processor.py:829} INFO - Processing file /home/user/Masaüstü/kafka/.env/lib/python3.8/site-packages/airflow/example_dags/example_trigger_controller_dag.py for tasks to queue
[2023-11-20T15:21:38.342+0300] {logging_mixin.py:154} INFO - [2023-11-20T15:21:38.342+0300] {dagbag.py:536} INFO - Filling up the DagBag from /home/user/Masaüstü/kafka/.env/lib/python3.8/site-packages/airflow/example_dags/example_trigger_controller_dag.py
[2023-11-20T15:21:38.345+0300] {processor.py:839} INFO - DAG(s) dict_keys(['example_trigger_controller_dag']) retrieved from /home/user/Masaüstü/kafka/.env/lib/python3.8/site-packages/airflow/example_dags/example_trigger_controller_dag.py
[2023-11-20T15:21:38.351+0300] {logging_mixin.py:154} INFO - [2023-11-20T15:21:38.350+0300] {dag.py:2941} INFO - Sync 1 DAGs
[2023-11-20T15:21:38.375+0300] {logging_mixin.py:154} INFO - [2023-11-20T15:21:38.375+0300] {dag.py:3722} INFO - Setting next_dagrun for example_trigger_controller_dag to 2021-01-01T00:00:00+00:00, run_after=2021-01-01T00:00:00+00:00
[2023-11-20T15:21:38.395+0300] {processor.py:179} INFO - Processing /home/user/Masaüstü/kafka/.env/lib/python3.8/site-packages/airflow/example_dags/example_trigger_controller_dag.py took 0.055 seconds
[2023-11-20T15:22:23.920+0300] {processor.py:157} INFO - Started process (PID=36402) to work on /home/user/Masaüstü/kafka/.env/lib/python3.8/site-packages/airflow/example_dags/example_trigger_controller_dag.py
[2023-11-20T15:22:23.923+0300] {processor.py:829} INFO - Processing file /home/user/Masaüstü/kafka/.env/lib/python3.8/site-packages/airflow/example_dags/example_trigger_controller_dag.py for tasks to queue
[2023-11-20T15:22:23.925+0300] {logging_mixin.py:154} INFO - [2023-11-20T15:22:23.924+0300] {dagbag.py:536} INFO - Filling up the DagBag from /home/user/Masaüstü/kafka/.env/lib/python3.8/site-packages/airflow/example_dags/example_trigger_controller_dag.py
[2023-11-20T15:22:23.932+0300] {processor.py:839} INFO - DAG(s) dict_keys(['example_trigger_controller_dag']) retrieved from /home/user/Masaüstü/kafka/.env/lib/python3.8/site-packages/airflow/example_dags/example_trigger_controller_dag.py
[2023-11-20T15:22:23.952+0300] {logging_mixin.py:154} INFO - [2023-11-20T15:22:23.952+0300] {dag.py:2941} INFO - Sync 1 DAGs
[2023-11-20T15:22:23.972+0300] {logging_mixin.py:154} INFO - [2023-11-20T15:22:23.972+0300] {dag.py:3722} INFO - Setting next_dagrun for example_trigger_controller_dag to 2021-01-01T00:00:00+00:00, run_after=2021-01-01T00:00:00+00:00
[2023-11-20T15:22:23.994+0300] {processor.py:179} INFO - Processing /home/user/Masaüstü/kafka/.env/lib/python3.8/site-packages/airflow/example_dags/example_trigger_controller_dag.py took 0.084 seconds
[2023-11-20T15:23:13.156+0300] {processor.py:157} INFO - Started process (PID=36674) to work on /home/user/Masaüstü/kafka/.env/lib/python3.8/site-packages/airflow/example_dags/example_trigger_controller_dag.py
[2023-11-20T15:23:13.159+0300] {processor.py:829} INFO - Processing file /home/user/Masaüstü/kafka/.env/lib/python3.8/site-packages/airflow/example_dags/example_trigger_controller_dag.py for tasks to queue
[2023-11-20T15:23:13.160+0300] {logging_mixin.py:154} INFO - [2023-11-20T15:23:13.160+0300] {dagbag.py:536} INFO - Filling up the DagBag from /home/user/Masaüstü/kafka/.env/lib/python3.8/site-packages/airflow/example_dags/example_trigger_controller_dag.py
[2023-11-20T15:23:13.168+0300] {processor.py:839} INFO - DAG(s) dict_keys(['example_trigger_controller_dag']) retrieved from /home/user/Masaüstü/kafka/.env/lib/python3.8/site-packages/airflow/example_dags/example_trigger_controller_dag.py
[2023-11-20T15:23:13.186+0300] {logging_mixin.py:154} INFO - [2023-11-20T15:23:13.186+0300] {dag.py:2941} INFO - Sync 1 DAGs
[2023-11-20T15:23:13.205+0300] {logging_mixin.py:154} INFO - [2023-11-20T15:23:13.205+0300] {dag.py:3722} INFO - Setting next_dagrun for example_trigger_controller_dag to 2021-01-01T00:00:00+00:00, run_after=2021-01-01T00:00:00+00:00
[2023-11-20T15:23:13.238+0300] {processor.py:179} INFO - Processing /home/user/Masaüstü/kafka/.env/lib/python3.8/site-packages/airflow/example_dags/example_trigger_controller_dag.py took 0.089 seconds
[2023-11-20T15:24:02.619+0300] {processor.py:157} INFO - Started process (PID=37252) to work on /home/user/Masaüstü/kafka/.env/lib/python3.8/site-packages/airflow/example_dags/example_trigger_controller_dag.py
[2023-11-20T15:24:02.621+0300] {processor.py:829} INFO - Processing file /home/user/Masaüstü/kafka/.env/lib/python3.8/site-packages/airflow/example_dags/example_trigger_controller_dag.py for tasks to queue
[2023-11-20T15:24:02.623+0300] {logging_mixin.py:154} INFO - [2023-11-20T15:24:02.622+0300] {dagbag.py:536} INFO - Filling up the DagBag from /home/user/Masaüstü/kafka/.env/lib/python3.8/site-packages/airflow/example_dags/example_trigger_controller_dag.py
[2023-11-20T15:24:02.629+0300] {processor.py:839} INFO - DAG(s) dict_keys(['example_trigger_controller_dag']) retrieved from /home/user/Masaüstü/kafka/.env/lib/python3.8/site-packages/airflow/example_dags/example_trigger_controller_dag.py
[2023-11-20T15:24:02.653+0300] {logging_mixin.py:154} INFO - [2023-11-20T15:24:02.652+0300] {dag.py:2941} INFO - Sync 1 DAGs
[2023-11-20T15:24:02.670+0300] {logging_mixin.py:154} INFO - [2023-11-20T15:24:02.670+0300] {dag.py:3722} INFO - Setting next_dagrun for example_trigger_controller_dag to 2021-01-01T00:00:00+00:00, run_after=2021-01-01T00:00:00+00:00
[2023-11-20T15:24:02.698+0300] {processor.py:179} INFO - Processing /home/user/Masaüstü/kafka/.env/lib/python3.8/site-packages/airflow/example_dags/example_trigger_controller_dag.py took 0.083 seconds
[2023-11-20T15:27:30.089+0300] {processor.py:157} INFO - Started process (PID=5018) to work on /home/user/Masaüstü/kafka/.env/lib/python3.8/site-packages/airflow/example_dags/example_trigger_controller_dag.py
[2023-11-20T15:27:30.093+0300] {processor.py:829} INFO - Processing file /home/user/Masaüstü/kafka/.env/lib/python3.8/site-packages/airflow/example_dags/example_trigger_controller_dag.py for tasks to queue
[2023-11-20T15:27:30.095+0300] {logging_mixin.py:154} INFO - [2023-11-20T15:27:30.094+0300] {dagbag.py:536} INFO - Filling up the DagBag from /home/user/Masaüstü/kafka/.env/lib/python3.8/site-packages/airflow/example_dags/example_trigger_controller_dag.py
[2023-11-20T15:27:30.106+0300] {processor.py:839} INFO - DAG(s) dict_keys(['example_trigger_controller_dag']) retrieved from /home/user/Masaüstü/kafka/.env/lib/python3.8/site-packages/airflow/example_dags/example_trigger_controller_dag.py
[2023-11-20T15:27:30.117+0300] {logging_mixin.py:154} INFO - [2023-11-20T15:27:30.117+0300] {dag.py:2941} INFO - Sync 1 DAGs
[2023-11-20T15:27:30.138+0300] {logging_mixin.py:154} INFO - [2023-11-20T15:27:30.138+0300] {dag.py:3722} INFO - Setting next_dagrun for example_trigger_controller_dag to 2021-01-01T00:00:00+00:00, run_after=2021-01-01T00:00:00+00:00
[2023-11-20T15:27:30.165+0300] {processor.py:179} INFO - Processing /home/user/Masaüstü/kafka/.env/lib/python3.8/site-packages/airflow/example_dags/example_trigger_controller_dag.py took 0.082 seconds
[2023-11-20T15:28:16.146+0300] {processor.py:157} INFO - Started process (PID=5321) to work on /home/user/Masaüstü/kafka/.env/lib/python3.8/site-packages/airflow/example_dags/example_trigger_controller_dag.py
[2023-11-20T15:28:16.148+0300] {processor.py:829} INFO - Processing file /home/user/Masaüstü/kafka/.env/lib/python3.8/site-packages/airflow/example_dags/example_trigger_controller_dag.py for tasks to queue
[2023-11-20T15:28:16.149+0300] {logging_mixin.py:154} INFO - [2023-11-20T15:28:16.149+0300] {dagbag.py:536} INFO - Filling up the DagBag from /home/user/Masaüstü/kafka/.env/lib/python3.8/site-packages/airflow/example_dags/example_trigger_controller_dag.py
[2023-11-20T15:28:16.152+0300] {processor.py:839} INFO - DAG(s) dict_keys(['example_trigger_controller_dag']) retrieved from /home/user/Masaüstü/kafka/.env/lib/python3.8/site-packages/airflow/example_dags/example_trigger_controller_dag.py
[2023-11-20T15:28:16.165+0300] {logging_mixin.py:154} INFO - [2023-11-20T15:28:16.165+0300] {dag.py:2941} INFO - Sync 1 DAGs
[2023-11-20T15:28:16.182+0300] {logging_mixin.py:154} INFO - [2023-11-20T15:28:16.181+0300] {dag.py:3722} INFO - Setting next_dagrun for example_trigger_controller_dag to 2021-01-01T00:00:00+00:00, run_after=2021-01-01T00:00:00+00:00
[2023-11-20T15:28:16.206+0300] {processor.py:179} INFO - Processing /home/user/Masaüstü/kafka/.env/lib/python3.8/site-packages/airflow/example_dags/example_trigger_controller_dag.py took 0.061 seconds
