[2023-11-20T15:20:33.173+0300] {processor.py:157} INFO - Started process (PID=34649) to work on /home/user/Masaüstü/kafka/.env/lib/python3.8/site-packages/airflow/example_dags/example_xcomargs.py
[2023-11-20T15:20:33.174+0300] {processor.py:829} INFO - Processing file /home/user/Masaüstü/kafka/.env/lib/python3.8/site-packages/airflow/example_dags/example_xcomargs.py for tasks to queue
[2023-11-20T15:20:33.176+0300] {logging_mixin.py:154} INFO - [2023-11-20T15:20:33.175+0300] {dagbag.py:536} INFO - Filling up the DagBag from /home/user/Masaüstü/kafka/.env/lib/python3.8/site-packages/airflow/example_dags/example_xcomargs.py
[2023-11-20T15:20:33.188+0300] {processor.py:839} INFO - DAG(s) dict_keys(['example_xcom_args_with_operators', 'example_xcom_args']) retrieved from /home/user/Masaüstü/kafka/.env/lib/python3.8/site-packages/airflow/example_dags/example_xcomargs.py
[2023-11-20T15:20:33.206+0300] {logging_mixin.py:154} INFO - [2023-11-20T15:20:33.206+0300] {dag.py:2941} INFO - Sync 2 DAGs
[2023-11-20T15:20:33.219+0300] {logging_mixin.py:154} INFO - [2023-11-20T15:20:33.218+0300] {dag.py:3722} INFO - Setting next_dagrun for example_xcom_args to None, run_after=None
[2023-11-20T15:20:33.221+0300] {logging_mixin.py:154} INFO - [2023-11-20T15:20:33.221+0300] {dag.py:3722} INFO - Setting next_dagrun for example_xcom_args_with_operators to None, run_after=None
[2023-11-20T15:20:33.239+0300] {processor.py:179} INFO - Processing /home/user/Masaüstü/kafka/.env/lib/python3.8/site-packages/airflow/example_dags/example_xcomargs.py took 0.071 seconds
[2023-11-20T15:21:49.872+0300] {processor.py:157} INFO - Started process (PID=36019) to work on /home/user/Masaüstü/kafka/.env/lib/python3.8/site-packages/airflow/example_dags/example_xcomargs.py
[2023-11-20T15:21:49.873+0300] {processor.py:829} INFO - Processing file /home/user/Masaüstü/kafka/.env/lib/python3.8/site-packages/airflow/example_dags/example_xcomargs.py for tasks to queue
[2023-11-20T15:21:49.873+0300] {logging_mixin.py:154} INFO - [2023-11-20T15:21:49.873+0300] {dagbag.py:536} INFO - Filling up the DagBag from /home/user/Masaüstü/kafka/.env/lib/python3.8/site-packages/airflow/example_dags/example_xcomargs.py
[2023-11-20T15:21:49.879+0300] {processor.py:839} INFO - DAG(s) dict_keys(['example_xcom_args', 'example_xcom_args_with_operators']) retrieved from /home/user/Masaüstü/kafka/.env/lib/python3.8/site-packages/airflow/example_dags/example_xcomargs.py
[2023-11-20T15:21:49.892+0300] {logging_mixin.py:154} INFO - [2023-11-20T15:21:49.892+0300] {dag.py:2941} INFO - Sync 2 DAGs
[2023-11-20T15:21:49.902+0300] {logging_mixin.py:154} INFO - [2023-11-20T15:21:49.901+0300] {dag.py:3722} INFO - Setting next_dagrun for example_xcom_args to None, run_after=None
[2023-11-20T15:21:49.904+0300] {logging_mixin.py:154} INFO - [2023-11-20T15:21:49.904+0300] {dag.py:3722} INFO - Setting next_dagrun for example_xcom_args_with_operators to None, run_after=None
[2023-11-20T15:21:49.930+0300] {processor.py:179} INFO - Processing /home/user/Masaüstü/kafka/.env/lib/python3.8/site-packages/airflow/example_dags/example_xcomargs.py took 0.059 seconds
[2023-11-20T15:22:38.344+0300] {processor.py:157} INFO - Started process (PID=36481) to work on /home/user/Masaüstü/kafka/.env/lib/python3.8/site-packages/airflow/example_dags/example_xcomargs.py
[2023-11-20T15:22:38.347+0300] {processor.py:829} INFO - Processing file /home/user/Masaüstü/kafka/.env/lib/python3.8/site-packages/airflow/example_dags/example_xcomargs.py for tasks to queue
[2023-11-20T15:22:38.348+0300] {logging_mixin.py:154} INFO - [2023-11-20T15:22:38.348+0300] {dagbag.py:536} INFO - Filling up the DagBag from /home/user/Masaüstü/kafka/.env/lib/python3.8/site-packages/airflow/example_dags/example_xcomargs.py
[2023-11-20T15:22:38.356+0300] {processor.py:839} INFO - DAG(s) dict_keys(['example_xcom_args_with_operators', 'example_xcom_args']) retrieved from /home/user/Masaüstü/kafka/.env/lib/python3.8/site-packages/airflow/example_dags/example_xcomargs.py
[2023-11-20T15:22:38.377+0300] {logging_mixin.py:154} INFO - [2023-11-20T15:22:38.376+0300] {dag.py:2941} INFO - Sync 2 DAGs
[2023-11-20T15:22:38.394+0300] {logging_mixin.py:154} INFO - [2023-11-20T15:22:38.394+0300] {dag.py:3722} INFO - Setting next_dagrun for example_xcom_args to None, run_after=None
[2023-11-20T15:22:38.398+0300] {logging_mixin.py:154} INFO - [2023-11-20T15:22:38.398+0300] {dag.py:3722} INFO - Setting next_dagrun for example_xcom_args_with_operators to None, run_after=None
[2023-11-20T15:22:38.419+0300] {processor.py:179} INFO - Processing /home/user/Masaüstü/kafka/.env/lib/python3.8/site-packages/airflow/example_dags/example_xcomargs.py took 0.079 seconds
[2023-11-20T15:23:28.619+0300] {processor.py:157} INFO - Started process (PID=36924) to work on /home/user/Masaüstü/kafka/.env/lib/python3.8/site-packages/airflow/example_dags/example_xcomargs.py
[2023-11-20T15:23:28.621+0300] {processor.py:829} INFO - Processing file /home/user/Masaüstü/kafka/.env/lib/python3.8/site-packages/airflow/example_dags/example_xcomargs.py for tasks to queue
[2023-11-20T15:23:28.623+0300] {logging_mixin.py:154} INFO - [2023-11-20T15:23:28.622+0300] {dagbag.py:536} INFO - Filling up the DagBag from /home/user/Masaüstü/kafka/.env/lib/python3.8/site-packages/airflow/example_dags/example_xcomargs.py
[2023-11-20T15:23:28.632+0300] {processor.py:839} INFO - DAG(s) dict_keys(['example_xcom_args', 'example_xcom_args_with_operators']) retrieved from /home/user/Masaüstü/kafka/.env/lib/python3.8/site-packages/airflow/example_dags/example_xcomargs.py
[2023-11-20T15:23:28.648+0300] {logging_mixin.py:154} INFO - [2023-11-20T15:23:28.647+0300] {dag.py:2941} INFO - Sync 2 DAGs
[2023-11-20T15:23:28.656+0300] {logging_mixin.py:154} INFO - [2023-11-20T15:23:28.656+0300] {dag.py:3722} INFO - Setting next_dagrun for example_xcom_args to None, run_after=None
[2023-11-20T15:23:28.659+0300] {logging_mixin.py:154} INFO - [2023-11-20T15:23:28.659+0300] {dag.py:3722} INFO - Setting next_dagrun for example_xcom_args_with_operators to None, run_after=None
[2023-11-20T15:23:28.691+0300] {processor.py:179} INFO - Processing /home/user/Masaüstü/kafka/.env/lib/python3.8/site-packages/airflow/example_dags/example_xcomargs.py took 0.077 seconds
[2023-11-20T15:24:16.046+0300] {processor.py:157} INFO - Started process (PID=37413) to work on /home/user/Masaüstü/kafka/.env/lib/python3.8/site-packages/airflow/example_dags/example_xcomargs.py
[2023-11-20T15:24:16.049+0300] {processor.py:829} INFO - Processing file /home/user/Masaüstü/kafka/.env/lib/python3.8/site-packages/airflow/example_dags/example_xcomargs.py for tasks to queue
[2023-11-20T15:24:16.052+0300] {logging_mixin.py:154} INFO - [2023-11-20T15:24:16.052+0300] {dagbag.py:536} INFO - Filling up the DagBag from /home/user/Masaüstü/kafka/.env/lib/python3.8/site-packages/airflow/example_dags/example_xcomargs.py
[2023-11-20T15:24:16.070+0300] {processor.py:839} INFO - DAG(s) dict_keys(['example_xcom_args', 'example_xcom_args_with_operators']) retrieved from /home/user/Masaüstü/kafka/.env/lib/python3.8/site-packages/airflow/example_dags/example_xcomargs.py
[2023-11-20T15:24:16.104+0300] {logging_mixin.py:154} INFO - [2023-11-20T15:24:16.104+0300] {dag.py:2941} INFO - Sync 2 DAGs
[2023-11-20T15:24:16.119+0300] {logging_mixin.py:154} INFO - [2023-11-20T15:24:16.118+0300] {dag.py:3722} INFO - Setting next_dagrun for example_xcom_args to None, run_after=None
[2023-11-20T15:24:16.124+0300] {logging_mixin.py:154} INFO - [2023-11-20T15:24:16.124+0300] {dag.py:3722} INFO - Setting next_dagrun for example_xcom_args_with_operators to None, run_after=None
[2023-11-20T15:24:16.144+0300] {processor.py:179} INFO - Processing /home/user/Masaüstü/kafka/.env/lib/python3.8/site-packages/airflow/example_dags/example_xcomargs.py took 0.103 seconds
[2023-11-20T15:27:41.521+0300] {processor.py:157} INFO - Started process (PID=5073) to work on /home/user/Masaüstü/kafka/.env/lib/python3.8/site-packages/airflow/example_dags/example_xcomargs.py
[2023-11-20T15:27:41.523+0300] {processor.py:829} INFO - Processing file /home/user/Masaüstü/kafka/.env/lib/python3.8/site-packages/airflow/example_dags/example_xcomargs.py for tasks to queue
[2023-11-20T15:27:41.524+0300] {logging_mixin.py:154} INFO - [2023-11-20T15:27:41.524+0300] {dagbag.py:536} INFO - Filling up the DagBag from /home/user/Masaüstü/kafka/.env/lib/python3.8/site-packages/airflow/example_dags/example_xcomargs.py
[2023-11-20T15:27:41.530+0300] {processor.py:839} INFO - DAG(s) dict_keys(['example_xcom_args', 'example_xcom_args_with_operators']) retrieved from /home/user/Masaüstü/kafka/.env/lib/python3.8/site-packages/airflow/example_dags/example_xcomargs.py
[2023-11-20T15:27:41.543+0300] {logging_mixin.py:154} INFO - [2023-11-20T15:27:41.543+0300] {dag.py:2941} INFO - Sync 2 DAGs
[2023-11-20T15:27:41.552+0300] {logging_mixin.py:154} INFO - [2023-11-20T15:27:41.552+0300] {dag.py:3722} INFO - Setting next_dagrun for example_xcom_args to None, run_after=None
[2023-11-20T15:27:41.555+0300] {logging_mixin.py:154} INFO - [2023-11-20T15:27:41.555+0300] {dag.py:3722} INFO - Setting next_dagrun for example_xcom_args_with_operators to None, run_after=None
[2023-11-20T15:27:41.579+0300] {processor.py:179} INFO - Processing /home/user/Masaüstü/kafka/.env/lib/python3.8/site-packages/airflow/example_dags/example_xcomargs.py took 0.059 seconds
[2023-11-20T15:28:29.383+0300] {processor.py:157} INFO - Started process (PID=5394) to work on /home/user/Masaüstü/kafka/.env/lib/python3.8/site-packages/airflow/example_dags/example_xcomargs.py
[2023-11-20T15:28:29.386+0300] {processor.py:829} INFO - Processing file /home/user/Masaüstü/kafka/.env/lib/python3.8/site-packages/airflow/example_dags/example_xcomargs.py for tasks to queue
[2023-11-20T15:28:29.389+0300] {logging_mixin.py:154} INFO - [2023-11-20T15:28:29.388+0300] {dagbag.py:536} INFO - Filling up the DagBag from /home/user/Masaüstü/kafka/.env/lib/python3.8/site-packages/airflow/example_dags/example_xcomargs.py
[2023-11-20T15:28:29.402+0300] {processor.py:839} INFO - DAG(s) dict_keys(['example_xcom_args_with_operators', 'example_xcom_args']) retrieved from /home/user/Masaüstü/kafka/.env/lib/python3.8/site-packages/airflow/example_dags/example_xcomargs.py
[2023-11-20T15:28:29.420+0300] {logging_mixin.py:154} INFO - [2023-11-20T15:28:29.420+0300] {dag.py:2941} INFO - Sync 2 DAGs
[2023-11-20T15:28:29.429+0300] {logging_mixin.py:154} INFO - [2023-11-20T15:28:29.429+0300] {dag.py:3722} INFO - Setting next_dagrun for example_xcom_args to None, run_after=None
[2023-11-20T15:28:29.433+0300] {logging_mixin.py:154} INFO - [2023-11-20T15:28:29.432+0300] {dag.py:3722} INFO - Setting next_dagrun for example_xcom_args_with_operators to None, run_after=None
[2023-11-20T15:28:29.458+0300] {processor.py:179} INFO - Processing /home/user/Masaüstü/kafka/.env/lib/python3.8/site-packages/airflow/example_dags/example_xcomargs.py took 0.084 seconds
