[2023-11-20T15:20:15.416+0300] {processor.py:157} INFO - Started process (PID=34524) to work on /home/user/Masaüstü/kafka/.env/lib/python3.8/site-packages/airflow/example_dags/example_sensor_decorator.py
[2023-11-20T15:20:15.418+0300] {processor.py:829} INFO - Processing file /home/user/Masaüstü/kafka/.env/lib/python3.8/site-packages/airflow/example_dags/example_sensor_decorator.py for tasks to queue
[2023-11-20T15:20:15.424+0300] {logging_mixin.py:154} INFO - [2023-11-20T15:20:15.422+0300] {dagbag.py:536} INFO - Filling up the DagBag from /home/user/Masaüstü/kafka/.env/lib/python3.8/site-packages/airflow/example_dags/example_sensor_decorator.py
[2023-11-20T15:20:15.464+0300] {processor.py:839} INFO - DAG(s) dict_keys(['example_sensor_decorator']) retrieved from /home/user/Masaüstü/kafka/.env/lib/python3.8/site-packages/airflow/example_dags/example_sensor_decorator.py
[2023-11-20T15:20:15.491+0300] {logging_mixin.py:154} INFO - [2023-11-20T15:20:15.490+0300] {dag.py:2941} INFO - Sync 1 DAGs
[2023-11-20T15:20:15.534+0300] {logging_mixin.py:154} INFO - [2023-11-20T15:20:15.534+0300] {dag.py:3722} INFO - Setting next_dagrun for example_sensor_decorator to None, run_after=None
[2023-11-20T15:20:15.591+0300] {processor.py:179} INFO - Processing /home/user/Masaüstü/kafka/.env/lib/python3.8/site-packages/airflow/example_dags/example_sensor_decorator.py took 0.195 seconds
[2023-11-20T15:21:01.923+0300] {processor.py:157} INFO - Started process (PID=34958) to work on /home/user/Masaüstü/kafka/.env/lib/python3.8/site-packages/airflow/example_dags/example_sensor_decorator.py
[2023-11-20T15:21:01.925+0300] {processor.py:829} INFO - Processing file /home/user/Masaüstü/kafka/.env/lib/python3.8/site-packages/airflow/example_dags/example_sensor_decorator.py for tasks to queue
[2023-11-20T15:21:01.926+0300] {logging_mixin.py:154} INFO - [2023-11-20T15:21:01.925+0300] {dagbag.py:536} INFO - Filling up the DagBag from /home/user/Masaüstü/kafka/.env/lib/python3.8/site-packages/airflow/example_dags/example_sensor_decorator.py
[2023-11-20T15:21:01.933+0300] {processor.py:839} INFO - DAG(s) dict_keys(['example_sensor_decorator']) retrieved from /home/user/Masaüstü/kafka/.env/lib/python3.8/site-packages/airflow/example_dags/example_sensor_decorator.py
[2023-11-20T15:21:01.947+0300] {logging_mixin.py:154} INFO - [2023-11-20T15:21:01.947+0300] {dag.py:2941} INFO - Sync 1 DAGs
[2023-11-20T15:21:01.958+0300] {logging_mixin.py:154} INFO - [2023-11-20T15:21:01.958+0300] {dag.py:3722} INFO - Setting next_dagrun for example_sensor_decorator to None, run_after=None
[2023-11-20T15:21:01.983+0300] {processor.py:179} INFO - Processing /home/user/Masaüstü/kafka/.env/lib/python3.8/site-packages/airflow/example_dags/example_sensor_decorator.py took 0.062 seconds
[2023-11-20T15:21:33.194+0300] {processor.py:157} INFO - Started process (PID=35930) to work on /home/user/Masaüstü/kafka/.env/lib/python3.8/site-packages/airflow/example_dags/example_sensor_decorator.py
[2023-11-20T15:21:33.196+0300] {processor.py:829} INFO - Processing file /home/user/Masaüstü/kafka/.env/lib/python3.8/site-packages/airflow/example_dags/example_sensor_decorator.py for tasks to queue
[2023-11-20T15:21:33.197+0300] {logging_mixin.py:154} INFO - [2023-11-20T15:21:33.196+0300] {dagbag.py:536} INFO - Filling up the DagBag from /home/user/Masaüstü/kafka/.env/lib/python3.8/site-packages/airflow/example_dags/example_sensor_decorator.py
[2023-11-20T15:21:33.203+0300] {processor.py:839} INFO - DAG(s) dict_keys(['example_sensor_decorator']) retrieved from /home/user/Masaüstü/kafka/.env/lib/python3.8/site-packages/airflow/example_dags/example_sensor_decorator.py
[2023-11-20T15:21:33.208+0300] {logging_mixin.py:154} INFO - [2023-11-20T15:21:33.208+0300] {dag.py:2941} INFO - Sync 1 DAGs
[2023-11-20T15:21:33.218+0300] {logging_mixin.py:154} INFO - [2023-11-20T15:21:33.218+0300] {dag.py:3722} INFO - Setting next_dagrun for example_sensor_decorator to None, run_after=None
[2023-11-20T15:21:33.236+0300] {processor.py:179} INFO - Processing /home/user/Masaüstü/kafka/.env/lib/python3.8/site-packages/airflow/example_dags/example_sensor_decorator.py took 0.044 seconds
[2023-11-20T15:22:18.747+0300] {processor.py:157} INFO - Started process (PID=36369) to work on /home/user/Masaüstü/kafka/.env/lib/python3.8/site-packages/airflow/example_dags/example_sensor_decorator.py
[2023-11-20T15:22:18.750+0300] {processor.py:829} INFO - Processing file /home/user/Masaüstü/kafka/.env/lib/python3.8/site-packages/airflow/example_dags/example_sensor_decorator.py for tasks to queue
[2023-11-20T15:22:18.751+0300] {logging_mixin.py:154} INFO - [2023-11-20T15:22:18.750+0300] {dagbag.py:536} INFO - Filling up the DagBag from /home/user/Masaüstü/kafka/.env/lib/python3.8/site-packages/airflow/example_dags/example_sensor_decorator.py
[2023-11-20T15:22:18.756+0300] {processor.py:839} INFO - DAG(s) dict_keys(['example_sensor_decorator']) retrieved from /home/user/Masaüstü/kafka/.env/lib/python3.8/site-packages/airflow/example_dags/example_sensor_decorator.py
[2023-11-20T15:22:18.774+0300] {logging_mixin.py:154} INFO - [2023-11-20T15:22:18.774+0300] {dag.py:2941} INFO - Sync 1 DAGs
[2023-11-20T15:22:18.792+0300] {logging_mixin.py:154} INFO - [2023-11-20T15:22:18.792+0300] {dag.py:3722} INFO - Setting next_dagrun for example_sensor_decorator to None, run_after=None
[2023-11-20T15:22:18.819+0300] {processor.py:179} INFO - Processing /home/user/Masaüstü/kafka/.env/lib/python3.8/site-packages/airflow/example_dags/example_sensor_decorator.py took 0.075 seconds
[2023-11-20T15:23:05.473+0300] {processor.py:157} INFO - Started process (PID=36640) to work on /home/user/Masaüstü/kafka/.env/lib/python3.8/site-packages/airflow/example_dags/example_sensor_decorator.py
[2023-11-20T15:23:05.476+0300] {processor.py:829} INFO - Processing file /home/user/Masaüstü/kafka/.env/lib/python3.8/site-packages/airflow/example_dags/example_sensor_decorator.py for tasks to queue
[2023-11-20T15:23:05.479+0300] {logging_mixin.py:154} INFO - [2023-11-20T15:23:05.478+0300] {dagbag.py:536} INFO - Filling up the DagBag from /home/user/Masaüstü/kafka/.env/lib/python3.8/site-packages/airflow/example_dags/example_sensor_decorator.py
[2023-11-20T15:23:05.493+0300] {processor.py:839} INFO - DAG(s) dict_keys(['example_sensor_decorator']) retrieved from /home/user/Masaüstü/kafka/.env/lib/python3.8/site-packages/airflow/example_dags/example_sensor_decorator.py
[2023-11-20T15:23:05.511+0300] {logging_mixin.py:154} INFO - [2023-11-20T15:23:05.511+0300] {dag.py:2941} INFO - Sync 1 DAGs
[2023-11-20T15:23:05.522+0300] {logging_mixin.py:154} INFO - [2023-11-20T15:23:05.522+0300] {dag.py:3722} INFO - Setting next_dagrun for example_sensor_decorator to None, run_after=None
[2023-11-20T15:23:05.542+0300] {processor.py:179} INFO - Processing /home/user/Masaüstü/kafka/.env/lib/python3.8/site-packages/airflow/example_dags/example_sensor_decorator.py took 0.077 seconds
[2023-11-20T15:23:54.489+0300] {processor.py:157} INFO - Started process (PID=37200) to work on /home/user/Masaüstü/kafka/.env/lib/python3.8/site-packages/airflow/example_dags/example_sensor_decorator.py
[2023-11-20T15:23:54.491+0300] {processor.py:829} INFO - Processing file /home/user/Masaüstü/kafka/.env/lib/python3.8/site-packages/airflow/example_dags/example_sensor_decorator.py for tasks to queue
[2023-11-20T15:23:54.492+0300] {logging_mixin.py:154} INFO - [2023-11-20T15:23:54.492+0300] {dagbag.py:536} INFO - Filling up the DagBag from /home/user/Masaüstü/kafka/.env/lib/python3.8/site-packages/airflow/example_dags/example_sensor_decorator.py
[2023-11-20T15:23:54.499+0300] {processor.py:839} INFO - DAG(s) dict_keys(['example_sensor_decorator']) retrieved from /home/user/Masaüstü/kafka/.env/lib/python3.8/site-packages/airflow/example_dags/example_sensor_decorator.py
[2023-11-20T15:23:54.511+0300] {logging_mixin.py:154} INFO - [2023-11-20T15:23:54.511+0300] {dag.py:2941} INFO - Sync 1 DAGs
[2023-11-20T15:23:54.521+0300] {logging_mixin.py:154} INFO - [2023-11-20T15:23:54.521+0300] {dag.py:3722} INFO - Setting next_dagrun for example_sensor_decorator to None, run_after=None
[2023-11-20T15:23:54.540+0300] {processor.py:179} INFO - Processing /home/user/Masaüstü/kafka/.env/lib/python3.8/site-packages/airflow/example_dags/example_sensor_decorator.py took 0.058 seconds
[2023-11-20T15:27:26.080+0300] {processor.py:157} INFO - Started process (PID=4986) to work on /home/user/Masaüstü/kafka/.env/lib/python3.8/site-packages/airflow/example_dags/example_sensor_decorator.py
[2023-11-20T15:27:26.082+0300] {processor.py:829} INFO - Processing file /home/user/Masaüstü/kafka/.env/lib/python3.8/site-packages/airflow/example_dags/example_sensor_decorator.py for tasks to queue
[2023-11-20T15:27:26.084+0300] {logging_mixin.py:154} INFO - [2023-11-20T15:27:26.083+0300] {dagbag.py:536} INFO - Filling up the DagBag from /home/user/Masaüstü/kafka/.env/lib/python3.8/site-packages/airflow/example_dags/example_sensor_decorator.py
[2023-11-20T15:27:26.098+0300] {processor.py:839} INFO - DAG(s) dict_keys(['example_sensor_decorator']) retrieved from /home/user/Masaüstü/kafka/.env/lib/python3.8/site-packages/airflow/example_dags/example_sensor_decorator.py
[2023-11-20T15:27:26.109+0300] {logging_mixin.py:154} INFO - [2023-11-20T15:27:26.109+0300] {dag.py:2941} INFO - Sync 1 DAGs
[2023-11-20T15:27:26.123+0300] {logging_mixin.py:154} INFO - [2023-11-20T15:27:26.122+0300] {dag.py:3722} INFO - Setting next_dagrun for example_sensor_decorator to None, run_after=None
[2023-11-20T15:27:26.141+0300] {processor.py:179} INFO - Processing /home/user/Masaüstü/kafka/.env/lib/python3.8/site-packages/airflow/example_dags/example_sensor_decorator.py took 0.066 seconds
[2023-11-20T15:28:10.445+0300] {processor.py:157} INFO - Started process (PID=5228) to work on /home/user/Masaüstü/kafka/.env/lib/python3.8/site-packages/airflow/example_dags/example_sensor_decorator.py
[2023-11-20T15:28:10.446+0300] {processor.py:829} INFO - Processing file /home/user/Masaüstü/kafka/.env/lib/python3.8/site-packages/airflow/example_dags/example_sensor_decorator.py for tasks to queue
[2023-11-20T15:28:10.447+0300] {logging_mixin.py:154} INFO - [2023-11-20T15:28:10.447+0300] {dagbag.py:536} INFO - Filling up the DagBag from /home/user/Masaüstü/kafka/.env/lib/python3.8/site-packages/airflow/example_dags/example_sensor_decorator.py
[2023-11-20T15:28:10.452+0300] {processor.py:839} INFO - DAG(s) dict_keys(['example_sensor_decorator']) retrieved from /home/user/Masaüstü/kafka/.env/lib/python3.8/site-packages/airflow/example_dags/example_sensor_decorator.py
[2023-11-20T15:28:10.466+0300] {logging_mixin.py:154} INFO - [2023-11-20T15:28:10.466+0300] {dag.py:2941} INFO - Sync 1 DAGs
[2023-11-20T15:28:10.476+0300] {logging_mixin.py:154} INFO - [2023-11-20T15:28:10.476+0300] {dag.py:3722} INFO - Setting next_dagrun for example_sensor_decorator to None, run_after=None
[2023-11-20T15:28:10.501+0300] {processor.py:179} INFO - Processing /home/user/Masaüstü/kafka/.env/lib/python3.8/site-packages/airflow/example_dags/example_sensor_decorator.py took 0.057 seconds
[2023-11-20T15:28:55.589+0300] {processor.py:157} INFO - Started process (PID=5536) to work on /home/user/Masaüstü/kafka/.env/lib/python3.8/site-packages/airflow/example_dags/example_sensor_decorator.py
[2023-11-20T15:28:55.591+0300] {processor.py:829} INFO - Processing file /home/user/Masaüstü/kafka/.env/lib/python3.8/site-packages/airflow/example_dags/example_sensor_decorator.py for tasks to queue
[2023-11-20T15:28:55.592+0300] {logging_mixin.py:154} INFO - [2023-11-20T15:28:55.592+0300] {dagbag.py:536} INFO - Filling up the DagBag from /home/user/Masaüstü/kafka/.env/lib/python3.8/site-packages/airflow/example_dags/example_sensor_decorator.py
[2023-11-20T15:28:55.601+0300] {processor.py:839} INFO - DAG(s) dict_keys(['example_sensor_decorator']) retrieved from /home/user/Masaüstü/kafka/.env/lib/python3.8/site-packages/airflow/example_dags/example_sensor_decorator.py
[2023-11-20T15:28:55.620+0300] {logging_mixin.py:154} INFO - [2023-11-20T15:28:55.620+0300] {dag.py:2941} INFO - Sync 1 DAGs
[2023-11-20T15:28:55.633+0300] {logging_mixin.py:154} INFO - [2023-11-20T15:28:55.633+0300] {dag.py:3722} INFO - Setting next_dagrun for example_sensor_decorator to None, run_after=None
[2023-11-20T15:28:55.653+0300] {processor.py:179} INFO - Processing /home/user/Masaüstü/kafka/.env/lib/python3.8/site-packages/airflow/example_dags/example_sensor_decorator.py took 0.066 seconds
[2023-11-20T15:36:13.473+0300] {processor.py:157} INFO - Started process (PID=7039) to work on /home/user/Masaüstü/kafka/.env/lib/python3.8/site-packages/airflow/example_dags/example_sensor_decorator.py
[2023-11-20T15:36:13.475+0300] {processor.py:829} INFO - Processing file /home/user/Masaüstü/kafka/.env/lib/python3.8/site-packages/airflow/example_dags/example_sensor_decorator.py for tasks to queue
[2023-11-20T15:36:13.477+0300] {logging_mixin.py:154} INFO - [2023-11-20T15:36:13.477+0300] {dagbag.py:536} INFO - Filling up the DagBag from /home/user/Masaüstü/kafka/.env/lib/python3.8/site-packages/airflow/example_dags/example_sensor_decorator.py
[2023-11-20T15:36:13.489+0300] {processor.py:839} INFO - DAG(s) dict_keys(['example_sensor_decorator']) retrieved from /home/user/Masaüstü/kafka/.env/lib/python3.8/site-packages/airflow/example_dags/example_sensor_decorator.py
[2023-11-20T15:36:13.496+0300] {logging_mixin.py:154} INFO - [2023-11-20T15:36:13.496+0300] {dag.py:2941} INFO - Sync 1 DAGs
[2023-11-20T15:36:13.508+0300] {logging_mixin.py:154} INFO - [2023-11-20T15:36:13.508+0300] {dag.py:3722} INFO - Setting next_dagrun for example_sensor_decorator to None, run_after=None
[2023-11-20T15:36:13.528+0300] {processor.py:179} INFO - Processing /home/user/Masaüstü/kafka/.env/lib/python3.8/site-packages/airflow/example_dags/example_sensor_decorator.py took 0.063 seconds
