[2023-11-20T15:20:38.007+0300] {processor.py:157} INFO - Started process (PID=34681) to work on /home/user/Masaüstü/kafka/.env/lib/python3.8/site-packages/airflow/example_dags/example_skip_dag.py
[2023-11-20T15:20:38.009+0300] {processor.py:829} INFO - Processing file /home/user/Masaüstü/kafka/.env/lib/python3.8/site-packages/airflow/example_dags/example_skip_dag.py for tasks to queue
[2023-11-20T15:20:38.012+0300] {logging_mixin.py:154} INFO - [2023-11-20T15:20:38.010+0300] {dagbag.py:536} INFO - Filling up the DagBag from /home/user/Masaüstü/kafka/.env/lib/python3.8/site-packages/airflow/example_dags/example_skip_dag.py
[2023-11-20T15:20:38.024+0300] {processor.py:839} INFO - DAG(s) dict_keys(['example_skip_dag']) retrieved from /home/user/Masaüstü/kafka/.env/lib/python3.8/site-packages/airflow/example_dags/example_skip_dag.py
[2023-11-20T15:20:38.051+0300] {logging_mixin.py:154} INFO - [2023-11-20T15:20:38.051+0300] {dag.py:2941} INFO - Sync 1 DAGs
[2023-11-20T15:20:38.076+0300] {logging_mixin.py:154} INFO - [2023-11-20T15:20:38.076+0300] {dag.py:3722} INFO - Setting next_dagrun for example_skip_dag to 2023-11-19T12:20:38.076108+00:00, run_after=2023-11-20T12:20:38.076108+00:00
[2023-11-20T15:20:38.100+0300] {processor.py:179} INFO - Processing /home/user/Masaüstü/kafka/.env/lib/python3.8/site-packages/airflow/example_dags/example_skip_dag.py took 0.101 seconds
[2023-11-20T15:21:55.354+0300] {processor.py:157} INFO - Started process (PID=36059) to work on /home/user/Masaüstü/kafka/.env/lib/python3.8/site-packages/airflow/example_dags/example_skip_dag.py
[2023-11-20T15:21:55.356+0300] {processor.py:829} INFO - Processing file /home/user/Masaüstü/kafka/.env/lib/python3.8/site-packages/airflow/example_dags/example_skip_dag.py for tasks to queue
[2023-11-20T15:21:55.357+0300] {logging_mixin.py:154} INFO - [2023-11-20T15:21:55.356+0300] {dagbag.py:536} INFO - Filling up the DagBag from /home/user/Masaüstü/kafka/.env/lib/python3.8/site-packages/airflow/example_dags/example_skip_dag.py
[2023-11-20T15:21:55.366+0300] {processor.py:839} INFO - DAG(s) dict_keys(['example_skip_dag']) retrieved from /home/user/Masaüstü/kafka/.env/lib/python3.8/site-packages/airflow/example_dags/example_skip_dag.py
[2023-11-20T15:21:55.386+0300] {logging_mixin.py:154} INFO - [2023-11-20T15:21:55.385+0300] {dag.py:2941} INFO - Sync 1 DAGs
[2023-11-20T15:21:55.401+0300] {logging_mixin.py:154} INFO - [2023-11-20T15:21:55.400+0300] {dag.py:3722} INFO - Setting next_dagrun for example_skip_dag to 2023-11-19T12:21:55.400784+00:00, run_after=2023-11-20T12:21:55.400784+00:00
[2023-11-20T15:21:55.417+0300] {processor.py:179} INFO - Processing /home/user/Masaüstü/kafka/.env/lib/python3.8/site-packages/airflow/example_dags/example_skip_dag.py took 0.067 seconds
[2023-11-20T15:22:43.493+0300] {processor.py:157} INFO - Started process (PID=36512) to work on /home/user/Masaüstü/kafka/.env/lib/python3.8/site-packages/airflow/example_dags/example_skip_dag.py
[2023-11-20T15:22:43.496+0300] {processor.py:829} INFO - Processing file /home/user/Masaüstü/kafka/.env/lib/python3.8/site-packages/airflow/example_dags/example_skip_dag.py for tasks to queue
[2023-11-20T15:22:43.498+0300] {logging_mixin.py:154} INFO - [2023-11-20T15:22:43.498+0300] {dagbag.py:536} INFO - Filling up the DagBag from /home/user/Masaüstü/kafka/.env/lib/python3.8/site-packages/airflow/example_dags/example_skip_dag.py
[2023-11-20T15:22:43.508+0300] {processor.py:839} INFO - DAG(s) dict_keys(['example_skip_dag']) retrieved from /home/user/Masaüstü/kafka/.env/lib/python3.8/site-packages/airflow/example_dags/example_skip_dag.py
[2023-11-20T15:22:43.524+0300] {logging_mixin.py:154} INFO - [2023-11-20T15:22:43.524+0300] {dag.py:2941} INFO - Sync 1 DAGs
[2023-11-20T15:22:43.543+0300] {logging_mixin.py:154} INFO - [2023-11-20T15:22:43.543+0300] {dag.py:3722} INFO - Setting next_dagrun for example_skip_dag to 2023-11-19T12:22:43.543205+00:00, run_after=2023-11-20T12:22:43.543205+00:00
[2023-11-20T15:22:43.566+0300] {processor.py:179} INFO - Processing /home/user/Masaüstü/kafka/.env/lib/python3.8/site-packages/airflow/example_dags/example_skip_dag.py took 0.076 seconds
[2023-11-20T15:23:34.637+0300] {processor.py:157} INFO - Started process (PID=36950) to work on /home/user/Masaüstü/kafka/.env/lib/python3.8/site-packages/airflow/example_dags/example_skip_dag.py
[2023-11-20T15:23:34.641+0300] {processor.py:829} INFO - Processing file /home/user/Masaüstü/kafka/.env/lib/python3.8/site-packages/airflow/example_dags/example_skip_dag.py for tasks to queue
[2023-11-20T15:23:34.644+0300] {logging_mixin.py:154} INFO - [2023-11-20T15:23:34.643+0300] {dagbag.py:536} INFO - Filling up the DagBag from /home/user/Masaüstü/kafka/.env/lib/python3.8/site-packages/airflow/example_dags/example_skip_dag.py
[2023-11-20T15:23:34.658+0300] {processor.py:839} INFO - DAG(s) dict_keys(['example_skip_dag']) retrieved from /home/user/Masaüstü/kafka/.env/lib/python3.8/site-packages/airflow/example_dags/example_skip_dag.py
[2023-11-20T15:23:34.675+0300] {logging_mixin.py:154} INFO - [2023-11-20T15:23:34.675+0300] {dag.py:2941} INFO - Sync 1 DAGs
[2023-11-20T15:23:34.694+0300] {logging_mixin.py:154} INFO - [2023-11-20T15:23:34.694+0300] {dag.py:3722} INFO - Setting next_dagrun for example_skip_dag to 2023-11-19T12:23:34.693919+00:00, run_after=2023-11-20T12:23:34.693919+00:00
[2023-11-20T15:23:34.716+0300] {processor.py:179} INFO - Processing /home/user/Masaüstü/kafka/.env/lib/python3.8/site-packages/airflow/example_dags/example_skip_dag.py took 0.086 seconds
[2023-11-20T15:24:25.328+0300] {processor.py:157} INFO - Started process (PID=37618) to work on /home/user/Masaüstü/kafka/.env/lib/python3.8/site-packages/airflow/example_dags/example_skip_dag.py
[2023-11-20T15:24:25.330+0300] {processor.py:829} INFO - Processing file /home/user/Masaüstü/kafka/.env/lib/python3.8/site-packages/airflow/example_dags/example_skip_dag.py for tasks to queue
[2023-11-20T15:24:25.331+0300] {logging_mixin.py:154} INFO - [2023-11-20T15:24:25.330+0300] {dagbag.py:536} INFO - Filling up the DagBag from /home/user/Masaüstü/kafka/.env/lib/python3.8/site-packages/airflow/example_dags/example_skip_dag.py
[2023-11-20T15:24:25.340+0300] {processor.py:839} INFO - DAG(s) dict_keys(['example_skip_dag']) retrieved from /home/user/Masaüstü/kafka/.env/lib/python3.8/site-packages/airflow/example_dags/example_skip_dag.py
[2023-11-20T15:24:25.359+0300] {logging_mixin.py:154} INFO - [2023-11-20T15:24:25.358+0300] {dag.py:2941} INFO - Sync 1 DAGs
[2023-11-20T15:24:25.386+0300] {logging_mixin.py:154} INFO - [2023-11-20T15:24:25.386+0300] {dag.py:3722} INFO - Setting next_dagrun for example_skip_dag to 2023-11-19T12:24:25.386507+00:00, run_after=2023-11-20T12:24:25.386507+00:00
[2023-11-20T15:24:25.406+0300] {processor.py:179} INFO - Processing /home/user/Masaüstü/kafka/.env/lib/python3.8/site-packages/airflow/example_dags/example_skip_dag.py took 0.082 seconds
[2023-11-20T15:27:46.677+0300] {processor.py:157} INFO - Started process (PID=5097) to work on /home/user/Masaüstü/kafka/.env/lib/python3.8/site-packages/airflow/example_dags/example_skip_dag.py
[2023-11-20T15:27:46.679+0300] {processor.py:829} INFO - Processing file /home/user/Masaüstü/kafka/.env/lib/python3.8/site-packages/airflow/example_dags/example_skip_dag.py for tasks to queue
[2023-11-20T15:27:46.680+0300] {logging_mixin.py:154} INFO - [2023-11-20T15:27:46.680+0300] {dagbag.py:536} INFO - Filling up the DagBag from /home/user/Masaüstü/kafka/.env/lib/python3.8/site-packages/airflow/example_dags/example_skip_dag.py
[2023-11-20T15:27:46.688+0300] {processor.py:839} INFO - DAG(s) dict_keys(['example_skip_dag']) retrieved from /home/user/Masaüstü/kafka/.env/lib/python3.8/site-packages/airflow/example_dags/example_skip_dag.py
[2023-11-20T15:27:46.705+0300] {logging_mixin.py:154} INFO - [2023-11-20T15:27:46.705+0300] {dag.py:2941} INFO - Sync 1 DAGs
[2023-11-20T15:27:46.721+0300] {logging_mixin.py:154} INFO - [2023-11-20T15:27:46.721+0300] {dag.py:3722} INFO - Setting next_dagrun for example_skip_dag to 2023-11-19T12:27:46.720878+00:00, run_after=2023-11-20T12:27:46.720878+00:00
[2023-11-20T15:27:46.748+0300] {processor.py:179} INFO - Processing /home/user/Masaüstü/kafka/.env/lib/python3.8/site-packages/airflow/example_dags/example_skip_dag.py took 0.073 seconds
[2023-11-20T15:28:34.508+0300] {processor.py:157} INFO - Started process (PID=5419) to work on /home/user/Masaüstü/kafka/.env/lib/python3.8/site-packages/airflow/example_dags/example_skip_dag.py
[2023-11-20T15:28:34.510+0300] {processor.py:829} INFO - Processing file /home/user/Masaüstü/kafka/.env/lib/python3.8/site-packages/airflow/example_dags/example_skip_dag.py for tasks to queue
[2023-11-20T15:28:34.510+0300] {logging_mixin.py:154} INFO - [2023-11-20T15:28:34.510+0300] {dagbag.py:536} INFO - Filling up the DagBag from /home/user/Masaüstü/kafka/.env/lib/python3.8/site-packages/airflow/example_dags/example_skip_dag.py
[2023-11-20T15:28:34.515+0300] {processor.py:839} INFO - DAG(s) dict_keys(['example_skip_dag']) retrieved from /home/user/Masaüstü/kafka/.env/lib/python3.8/site-packages/airflow/example_dags/example_skip_dag.py
[2023-11-20T15:28:34.528+0300] {logging_mixin.py:154} INFO - [2023-11-20T15:28:34.528+0300] {dag.py:2941} INFO - Sync 1 DAGs
[2023-11-20T15:28:34.544+0300] {logging_mixin.py:154} INFO - [2023-11-20T15:28:34.543+0300] {dag.py:3722} INFO - Setting next_dagrun for example_skip_dag to 2023-11-19T12:28:34.543618+00:00, run_after=2023-11-20T12:28:34.543618+00:00
[2023-11-20T15:28:34.560+0300] {processor.py:179} INFO - Processing /home/user/Masaüstü/kafka/.env/lib/python3.8/site-packages/airflow/example_dags/example_skip_dag.py took 0.054 seconds
