[2023-11-20T15:20:07.627+0300] {processor.py:157} INFO - Started process (PID=34172) to work on /home/user/Masaüstü/kafka/.env/lib/python3.8/site-packages/airflow/example_dags/example_python_operator.py
[2023-11-20T15:20:07.629+0300] {processor.py:829} INFO - Processing file /home/user/Masaüstü/kafka/.env/lib/python3.8/site-packages/airflow/example_dags/example_python_operator.py for tasks to queue
[2023-11-20T15:20:07.632+0300] {logging_mixin.py:154} INFO - [2023-11-20T15:20:07.631+0300] {dagbag.py:536} INFO - Filling up the DagBag from /home/user/Masaüstü/kafka/.env/lib/python3.8/site-packages/airflow/example_dags/example_python_operator.py
[2023-11-20T15:20:07.652+0300] {processor.py:839} INFO - DAG(s) dict_keys(['example_python_operator']) retrieved from /home/user/Masaüstü/kafka/.env/lib/python3.8/site-packages/airflow/example_dags/example_python_operator.py
[2023-11-20T15:20:07.659+0300] {logging_mixin.py:154} INFO - [2023-11-20T15:20:07.659+0300] {dag.py:2941} INFO - Sync 1 DAGs
[2023-11-20T15:20:07.670+0300] {logging_mixin.py:154} INFO - [2023-11-20T15:20:07.670+0300] {dag.py:3722} INFO - Setting next_dagrun for example_python_operator to None, run_after=None
[2023-11-20T15:20:07.691+0300] {processor.py:179} INFO - Processing /home/user/Masaüstü/kafka/.env/lib/python3.8/site-packages/airflow/example_dags/example_python_operator.py took 0.070 seconds
[2023-11-20T15:20:54.376+0300] {processor.py:157} INFO - Started process (PID=34776) to work on /home/user/Masaüstü/kafka/.env/lib/python3.8/site-packages/airflow/example_dags/example_python_operator.py
[2023-11-20T15:20:54.379+0300] {processor.py:829} INFO - Processing file /home/user/Masaüstü/kafka/.env/lib/python3.8/site-packages/airflow/example_dags/example_python_operator.py for tasks to queue
[2023-11-20T15:20:54.380+0300] {logging_mixin.py:154} INFO - [2023-11-20T15:20:54.380+0300] {dagbag.py:536} INFO - Filling up the DagBag from /home/user/Masaüstü/kafka/.env/lib/python3.8/site-packages/airflow/example_dags/example_python_operator.py
[2023-11-20T15:20:54.391+0300] {processor.py:839} INFO - DAG(s) dict_keys(['example_python_operator']) retrieved from /home/user/Masaüstü/kafka/.env/lib/python3.8/site-packages/airflow/example_dags/example_python_operator.py
[2023-11-20T15:20:54.471+0300] {logging_mixin.py:154} INFO - [2023-11-20T15:20:54.471+0300] {dag.py:2941} INFO - Sync 1 DAGs
[2023-11-20T15:20:54.479+0300] {logging_mixin.py:154} INFO - [2023-11-20T15:20:54.478+0300] {dag.py:3722} INFO - Setting next_dagrun for example_python_operator to None, run_after=None
[2023-11-20T15:20:54.508+0300] {processor.py:179} INFO - Processing /home/user/Masaüstü/kafka/.env/lib/python3.8/site-packages/airflow/example_dags/example_python_operator.py took 0.137 seconds
[2023-11-20T15:21:25.415+0300] {processor.py:157} INFO - Started process (PID=35790) to work on /home/user/Masaüstü/kafka/.env/lib/python3.8/site-packages/airflow/example_dags/example_python_operator.py
[2023-11-20T15:21:25.419+0300] {processor.py:829} INFO - Processing file /home/user/Masaüstü/kafka/.env/lib/python3.8/site-packages/airflow/example_dags/example_python_operator.py for tasks to queue
[2023-11-20T15:21:25.421+0300] {logging_mixin.py:154} INFO - [2023-11-20T15:21:25.420+0300] {dagbag.py:536} INFO - Filling up the DagBag from /home/user/Masaüstü/kafka/.env/lib/python3.8/site-packages/airflow/example_dags/example_python_operator.py
[2023-11-20T15:21:25.442+0300] {processor.py:839} INFO - DAG(s) dict_keys(['example_python_operator']) retrieved from /home/user/Masaüstü/kafka/.env/lib/python3.8/site-packages/airflow/example_dags/example_python_operator.py
[2023-11-20T15:21:25.450+0300] {logging_mixin.py:154} INFO - [2023-11-20T15:21:25.450+0300] {dag.py:2941} INFO - Sync 1 DAGs
[2023-11-20T15:21:25.460+0300] {logging_mixin.py:154} INFO - [2023-11-20T15:21:25.460+0300] {dag.py:3722} INFO - Setting next_dagrun for example_python_operator to None, run_after=None
[2023-11-20T15:21:25.479+0300] {processor.py:179} INFO - Processing /home/user/Masaüstü/kafka/.env/lib/python3.8/site-packages/airflow/example_dags/example_python_operator.py took 0.071 seconds
[2023-11-20T15:22:12.109+0300] {processor.py:157} INFO - Started process (PID=36172) to work on /home/user/Masaüstü/kafka/.env/lib/python3.8/site-packages/airflow/example_dags/example_python_operator.py
[2023-11-20T15:22:12.112+0300] {processor.py:829} INFO - Processing file /home/user/Masaüstü/kafka/.env/lib/python3.8/site-packages/airflow/example_dags/example_python_operator.py for tasks to queue
[2023-11-20T15:22:12.115+0300] {logging_mixin.py:154} INFO - [2023-11-20T15:22:12.114+0300] {dagbag.py:536} INFO - Filling up the DagBag from /home/user/Masaüstü/kafka/.env/lib/python3.8/site-packages/airflow/example_dags/example_python_operator.py
[2023-11-20T15:22:12.133+0300] {processor.py:839} INFO - DAG(s) dict_keys(['example_python_operator']) retrieved from /home/user/Masaüstü/kafka/.env/lib/python3.8/site-packages/airflow/example_dags/example_python_operator.py
[2023-11-20T15:22:12.211+0300] {logging_mixin.py:154} INFO - [2023-11-20T15:22:12.211+0300] {dag.py:2941} INFO - Sync 1 DAGs
[2023-11-20T15:22:12.219+0300] {logging_mixin.py:154} INFO - [2023-11-20T15:22:12.218+0300] {dag.py:3722} INFO - Setting next_dagrun for example_python_operator to None, run_after=None
[2023-11-20T15:22:12.248+0300] {processor.py:179} INFO - Processing /home/user/Masaüstü/kafka/.env/lib/python3.8/site-packages/airflow/example_dags/example_python_operator.py took 0.147 seconds
[2023-11-20T15:22:57.091+0300] {processor.py:157} INFO - Started process (PID=36595) to work on /home/user/Masaüstü/kafka/.env/lib/python3.8/site-packages/airflow/example_dags/example_python_operator.py
[2023-11-20T15:22:57.093+0300] {processor.py:829} INFO - Processing file /home/user/Masaüstü/kafka/.env/lib/python3.8/site-packages/airflow/example_dags/example_python_operator.py for tasks to queue
[2023-11-20T15:22:57.095+0300] {logging_mixin.py:154} INFO - [2023-11-20T15:22:57.094+0300] {dagbag.py:536} INFO - Filling up the DagBag from /home/user/Masaüstü/kafka/.env/lib/python3.8/site-packages/airflow/example_dags/example_python_operator.py
[2023-11-20T15:22:57.114+0300] {processor.py:839} INFO - DAG(s) dict_keys(['example_python_operator']) retrieved from /home/user/Masaüstü/kafka/.env/lib/python3.8/site-packages/airflow/example_dags/example_python_operator.py
[2023-11-20T15:22:57.134+0300] {logging_mixin.py:154} INFO - [2023-11-20T15:22:57.133+0300] {dag.py:2941} INFO - Sync 1 DAGs
[2023-11-20T15:22:57.142+0300] {logging_mixin.py:154} INFO - [2023-11-20T15:22:57.142+0300] {dag.py:3722} INFO - Setting next_dagrun for example_python_operator to None, run_after=None
[2023-11-20T15:22:57.171+0300] {processor.py:179} INFO - Processing /home/user/Masaüstü/kafka/.env/lib/python3.8/site-packages/airflow/example_dags/example_python_operator.py took 0.085 seconds
[2023-11-20T15:23:46.493+0300] {processor.py:157} INFO - Started process (PID=37054) to work on /home/user/Masaüstü/kafka/.env/lib/python3.8/site-packages/airflow/example_dags/example_python_operator.py
[2023-11-20T15:23:46.497+0300] {processor.py:829} INFO - Processing file /home/user/Masaüstü/kafka/.env/lib/python3.8/site-packages/airflow/example_dags/example_python_operator.py for tasks to queue
[2023-11-20T15:23:46.498+0300] {logging_mixin.py:154} INFO - [2023-11-20T15:23:46.498+0300] {dagbag.py:536} INFO - Filling up the DagBag from /home/user/Masaüstü/kafka/.env/lib/python3.8/site-packages/airflow/example_dags/example_python_operator.py
[2023-11-20T15:23:46.512+0300] {processor.py:839} INFO - DAG(s) dict_keys(['example_python_operator']) retrieved from /home/user/Masaüstü/kafka/.env/lib/python3.8/site-packages/airflow/example_dags/example_python_operator.py
[2023-11-20T15:23:46.528+0300] {logging_mixin.py:154} INFO - [2023-11-20T15:23:46.528+0300] {dag.py:2941} INFO - Sync 1 DAGs
[2023-11-20T15:23:46.537+0300] {logging_mixin.py:154} INFO - [2023-11-20T15:23:46.537+0300] {dag.py:3722} INFO - Setting next_dagrun for example_python_operator to None, run_after=None
[2023-11-20T15:23:46.557+0300] {processor.py:179} INFO - Processing /home/user/Masaüstü/kafka/.env/lib/python3.8/site-packages/airflow/example_dags/example_python_operator.py took 0.072 seconds
[2023-11-20T15:24:37.442+0300] {processor.py:157} INFO - Started process (PID=37695) to work on /home/user/Masaüstü/kafka/.env/lib/python3.8/site-packages/airflow/example_dags/example_python_operator.py
[2023-11-20T15:24:37.445+0300] {processor.py:829} INFO - Processing file /home/user/Masaüstü/kafka/.env/lib/python3.8/site-packages/airflow/example_dags/example_python_operator.py for tasks to queue
[2023-11-20T15:24:37.449+0300] {logging_mixin.py:154} INFO - [2023-11-20T15:24:37.447+0300] {dagbag.py:536} INFO - Filling up the DagBag from /home/user/Masaüstü/kafka/.env/lib/python3.8/site-packages/airflow/example_dags/example_python_operator.py
[2023-11-20T15:24:37.484+0300] {processor.py:839} INFO - DAG(s) dict_keys(['example_python_operator']) retrieved from /home/user/Masaüstü/kafka/.env/lib/python3.8/site-packages/airflow/example_dags/example_python_operator.py
[2023-11-20T15:24:37.530+0300] {logging_mixin.py:154} INFO - [2023-11-20T15:24:37.529+0300] {dag.py:2941} INFO - Sync 1 DAGs
[2023-11-20T15:24:37.558+0300] {logging_mixin.py:154} INFO - [2023-11-20T15:24:37.558+0300] {dag.py:3722} INFO - Setting next_dagrun for example_python_operator to None, run_after=None
[2023-11-20T15:24:37.591+0300] {processor.py:179} INFO - Processing /home/user/Masaüstü/kafka/.env/lib/python3.8/site-packages/airflow/example_dags/example_python_operator.py took 0.158 seconds
[2023-11-20T15:24:57.999+0300] {processor.py:157} INFO - Started process (PID=38643) to work on /home/user/Masaüstü/kafka/.env/lib/python3.8/site-packages/airflow/example_dags/example_python_operator.py
[2023-11-20T15:24:58.002+0300] {processor.py:829} INFO - Processing file /home/user/Masaüstü/kafka/.env/lib/python3.8/site-packages/airflow/example_dags/example_python_operator.py for tasks to queue
[2023-11-20T15:24:58.004+0300] {logging_mixin.py:154} INFO - [2023-11-20T15:24:58.004+0300] {dagbag.py:536} INFO - Filling up the DagBag from /home/user/Masaüstü/kafka/.env/lib/python3.8/site-packages/airflow/example_dags/example_python_operator.py
[2023-11-20T15:24:58.022+0300] {processor.py:839} INFO - DAG(s) dict_keys(['example_python_operator']) retrieved from /home/user/Masaüstü/kafka/.env/lib/python3.8/site-packages/airflow/example_dags/example_python_operator.py
[2023-11-20T15:24:58.028+0300] {logging_mixin.py:154} INFO - [2023-11-20T15:24:58.028+0300] {dag.py:2941} INFO - Sync 1 DAGs
[2023-11-20T15:24:58.046+0300] {logging_mixin.py:154} INFO - [2023-11-20T15:24:58.045+0300] {dag.py:3722} INFO - Setting next_dagrun for example_python_operator to None, run_after=None
[2023-11-20T15:24:58.073+0300] {processor.py:179} INFO - Processing /home/user/Masaüstü/kafka/.env/lib/python3.8/site-packages/airflow/example_dags/example_python_operator.py took 0.079 seconds
[2023-11-20T15:27:19.266+0300] {processor.py:157} INFO - Started process (PID=4883) to work on /home/user/Masaüstü/kafka/.env/lib/python3.8/site-packages/airflow/example_dags/example_python_operator.py
[2023-11-20T15:27:19.267+0300] {processor.py:829} INFO - Processing file /home/user/Masaüstü/kafka/.env/lib/python3.8/site-packages/airflow/example_dags/example_python_operator.py for tasks to queue
[2023-11-20T15:27:19.268+0300] {logging_mixin.py:154} INFO - [2023-11-20T15:27:19.268+0300] {dagbag.py:536} INFO - Filling up the DagBag from /home/user/Masaüstü/kafka/.env/lib/python3.8/site-packages/airflow/example_dags/example_python_operator.py
[2023-11-20T15:27:19.281+0300] {processor.py:839} INFO - DAG(s) dict_keys(['example_python_operator']) retrieved from /home/user/Masaüstü/kafka/.env/lib/python3.8/site-packages/airflow/example_dags/example_python_operator.py
[2023-11-20T15:27:19.287+0300] {logging_mixin.py:154} INFO - [2023-11-20T15:27:19.287+0300] {dag.py:2941} INFO - Sync 1 DAGs
[2023-11-20T15:27:19.299+0300] {logging_mixin.py:154} INFO - [2023-11-20T15:27:19.299+0300] {dag.py:3722} INFO - Setting next_dagrun for example_python_operator to None, run_after=None
[2023-11-20T15:27:19.318+0300] {processor.py:179} INFO - Processing /home/user/Masaüstü/kafka/.env/lib/python3.8/site-packages/airflow/example_dags/example_python_operator.py took 0.055 seconds
[2023-11-20T15:28:03.503+0300] {processor.py:157} INFO - Started process (PID=5191) to work on /home/user/Masaüstü/kafka/.env/lib/python3.8/site-packages/airflow/example_dags/example_python_operator.py
[2023-11-20T15:28:03.507+0300] {processor.py:829} INFO - Processing file /home/user/Masaüstü/kafka/.env/lib/python3.8/site-packages/airflow/example_dags/example_python_operator.py for tasks to queue
[2023-11-20T15:28:03.509+0300] {logging_mixin.py:154} INFO - [2023-11-20T15:28:03.508+0300] {dagbag.py:536} INFO - Filling up the DagBag from /home/user/Masaüstü/kafka/.env/lib/python3.8/site-packages/airflow/example_dags/example_python_operator.py
[2023-11-20T15:28:03.527+0300] {processor.py:839} INFO - DAG(s) dict_keys(['example_python_operator']) retrieved from /home/user/Masaüstü/kafka/.env/lib/python3.8/site-packages/airflow/example_dags/example_python_operator.py
[2023-11-20T15:28:03.600+0300] {logging_mixin.py:154} INFO - [2023-11-20T15:28:03.600+0300] {dag.py:2941} INFO - Sync 1 DAGs
[2023-11-20T15:28:03.607+0300] {logging_mixin.py:154} INFO - [2023-11-20T15:28:03.607+0300] {dag.py:3722} INFO - Setting next_dagrun for example_python_operator to None, run_after=None
[2023-11-20T15:28:03.634+0300] {processor.py:179} INFO - Processing /home/user/Masaüstü/kafka/.env/lib/python3.8/site-packages/airflow/example_dags/example_python_operator.py took 0.137 seconds
[2023-11-20T15:28:47.672+0300] {processor.py:157} INFO - Started process (PID=5498) to work on /home/user/Masaüstü/kafka/.env/lib/python3.8/site-packages/airflow/example_dags/example_python_operator.py
[2023-11-20T15:28:47.674+0300] {processor.py:829} INFO - Processing file /home/user/Masaüstü/kafka/.env/lib/python3.8/site-packages/airflow/example_dags/example_python_operator.py for tasks to queue
[2023-11-20T15:28:47.676+0300] {logging_mixin.py:154} INFO - [2023-11-20T15:28:47.676+0300] {dagbag.py:536} INFO - Filling up the DagBag from /home/user/Masaüstü/kafka/.env/lib/python3.8/site-packages/airflow/example_dags/example_python_operator.py
[2023-11-20T15:28:47.686+0300] {processor.py:839} INFO - DAG(s) dict_keys(['example_python_operator']) retrieved from /home/user/Masaüstü/kafka/.env/lib/python3.8/site-packages/airflow/example_dags/example_python_operator.py
[2023-11-20T15:28:47.699+0300] {logging_mixin.py:154} INFO - [2023-11-20T15:28:47.699+0300] {dag.py:2941} INFO - Sync 1 DAGs
[2023-11-20T15:28:47.708+0300] {logging_mixin.py:154} INFO - [2023-11-20T15:28:47.707+0300] {dag.py:3722} INFO - Setting next_dagrun for example_python_operator to None, run_after=None
[2023-11-20T15:28:47.725+0300] {processor.py:179} INFO - Processing /home/user/Masaüstü/kafka/.env/lib/python3.8/site-packages/airflow/example_dags/example_python_operator.py took 0.055 seconds
[2023-11-20T15:36:06.779+0300] {processor.py:157} INFO - Started process (PID=6890) to work on /home/user/Masaüstü/kafka/.env/lib/python3.8/site-packages/airflow/example_dags/example_python_operator.py
[2023-11-20T15:36:06.782+0300] {processor.py:829} INFO - Processing file /home/user/Masaüstü/kafka/.env/lib/python3.8/site-packages/airflow/example_dags/example_python_operator.py for tasks to queue
[2023-11-20T15:36:06.786+0300] {logging_mixin.py:154} INFO - [2023-11-20T15:36:06.784+0300] {dagbag.py:536} INFO - Filling up the DagBag from /home/user/Masaüstü/kafka/.env/lib/python3.8/site-packages/airflow/example_dags/example_python_operator.py
[2023-11-20T15:36:06.807+0300] {processor.py:839} INFO - DAG(s) dict_keys(['example_python_operator']) retrieved from /home/user/Masaüstü/kafka/.env/lib/python3.8/site-packages/airflow/example_dags/example_python_operator.py
[2023-11-20T15:36:06.816+0300] {logging_mixin.py:154} INFO - [2023-11-20T15:36:06.815+0300] {dag.py:2941} INFO - Sync 1 DAGs
[2023-11-20T15:36:06.830+0300] {logging_mixin.py:154} INFO - [2023-11-20T15:36:06.830+0300] {dag.py:3722} INFO - Setting next_dagrun for example_python_operator to None, run_after=None
[2023-11-20T15:36:06.858+0300] {processor.py:179} INFO - Processing /home/user/Masaüstü/kafka/.env/lib/python3.8/site-packages/airflow/example_dags/example_python_operator.py took 0.088 seconds
