[2023-11-20T15:20:27.808+0300] {processor.py:157} INFO - Started process (PID=34618) to work on /home/user/Masaüstü/kafka/.env/lib/python3.8/site-packages/airflow/example_dags/example_short_circuit_decorator.py
[2023-11-20T15:20:27.808+0300] {processor.py:829} INFO - Processing file /home/user/Masaüstü/kafka/.env/lib/python3.8/site-packages/airflow/example_dags/example_short_circuit_decorator.py for tasks to queue
[2023-11-20T15:20:27.809+0300] {logging_mixin.py:154} INFO - [2023-11-20T15:20:27.809+0300] {dagbag.py:536} INFO - Filling up the DagBag from /home/user/Masaüstü/kafka/.env/lib/python3.8/site-packages/airflow/example_dags/example_short_circuit_decorator.py
[2023-11-20T15:20:27.818+0300] {processor.py:839} INFO - DAG(s) dict_keys(['example_short_circuit_decorator']) retrieved from /home/user/Masaüstü/kafka/.env/lib/python3.8/site-packages/airflow/example_dags/example_short_circuit_decorator.py
[2023-11-20T15:20:27.834+0300] {logging_mixin.py:154} INFO - [2023-11-20T15:20:27.834+0300] {dag.py:2941} INFO - Sync 1 DAGs
[2023-11-20T15:20:27.853+0300] {logging_mixin.py:154} INFO - [2023-11-20T15:20:27.853+0300] {dag.py:3722} INFO - Setting next_dagrun for example_short_circuit_decorator to 2023-11-19T12:20:27.853030+00:00, run_after=2023-11-20T12:20:27.853030+00:00
[2023-11-20T15:20:27.872+0300] {processor.py:179} INFO - Processing /home/user/Masaüstü/kafka/.env/lib/python3.8/site-packages/airflow/example_dags/example_short_circuit_decorator.py took 0.067 seconds
[2023-11-20T15:21:45.758+0300] {processor.py:157} INFO - Started process (PID=35993) to work on /home/user/Masaüstü/kafka/.env/lib/python3.8/site-packages/airflow/example_dags/example_short_circuit_decorator.py
[2023-11-20T15:21:45.759+0300] {processor.py:829} INFO - Processing file /home/user/Masaüstü/kafka/.env/lib/python3.8/site-packages/airflow/example_dags/example_short_circuit_decorator.py for tasks to queue
[2023-11-20T15:21:45.760+0300] {logging_mixin.py:154} INFO - [2023-11-20T15:21:45.760+0300] {dagbag.py:536} INFO - Filling up the DagBag from /home/user/Masaüstü/kafka/.env/lib/python3.8/site-packages/airflow/example_dags/example_short_circuit_decorator.py
[2023-11-20T15:21:45.767+0300] {processor.py:839} INFO - DAG(s) dict_keys(['example_short_circuit_decorator']) retrieved from /home/user/Masaüstü/kafka/.env/lib/python3.8/site-packages/airflow/example_dags/example_short_circuit_decorator.py
[2023-11-20T15:21:45.779+0300] {logging_mixin.py:154} INFO - [2023-11-20T15:21:45.779+0300] {dag.py:2941} INFO - Sync 1 DAGs
[2023-11-20T15:21:45.794+0300] {logging_mixin.py:154} INFO - [2023-11-20T15:21:45.794+0300] {dag.py:3722} INFO - Setting next_dagrun for example_short_circuit_decorator to 2023-11-19T12:21:45.794076+00:00, run_after=2023-11-20T12:21:45.794076+00:00
[2023-11-20T15:21:45.811+0300] {processor.py:179} INFO - Processing /home/user/Masaüstü/kafka/.env/lib/python3.8/site-packages/airflow/example_dags/example_short_circuit_decorator.py took 0.055 seconds
[2023-11-20T15:22:31.531+0300] {processor.py:157} INFO - Started process (PID=36438) to work on /home/user/Masaüstü/kafka/.env/lib/python3.8/site-packages/airflow/example_dags/example_short_circuit_decorator.py
[2023-11-20T15:22:31.533+0300] {processor.py:829} INFO - Processing file /home/user/Masaüstü/kafka/.env/lib/python3.8/site-packages/airflow/example_dags/example_short_circuit_decorator.py for tasks to queue
[2023-11-20T15:22:31.534+0300] {logging_mixin.py:154} INFO - [2023-11-20T15:22:31.534+0300] {dagbag.py:536} INFO - Filling up the DagBag from /home/user/Masaüstü/kafka/.env/lib/python3.8/site-packages/airflow/example_dags/example_short_circuit_decorator.py
[2023-11-20T15:22:31.548+0300] {processor.py:839} INFO - DAG(s) dict_keys(['example_short_circuit_decorator']) retrieved from /home/user/Masaüstü/kafka/.env/lib/python3.8/site-packages/airflow/example_dags/example_short_circuit_decorator.py
[2023-11-20T15:22:31.570+0300] {logging_mixin.py:154} INFO - [2023-11-20T15:22:31.569+0300] {dag.py:2941} INFO - Sync 1 DAGs
[2023-11-20T15:22:31.587+0300] {logging_mixin.py:154} INFO - [2023-11-20T15:22:31.587+0300] {dag.py:3722} INFO - Setting next_dagrun for example_short_circuit_decorator to 2023-11-19T12:22:31.587227+00:00, run_after=2023-11-20T12:22:31.587227+00:00
[2023-11-20T15:22:31.606+0300] {processor.py:179} INFO - Processing /home/user/Masaüstü/kafka/.env/lib/python3.8/site-packages/airflow/example_dags/example_short_circuit_decorator.py took 0.079 seconds
[2023-11-20T15:23:19.693+0300] {processor.py:157} INFO - Started process (PID=36875) to work on /home/user/Masaüstü/kafka/.env/lib/python3.8/site-packages/airflow/example_dags/example_short_circuit_decorator.py
[2023-11-20T15:23:19.696+0300] {processor.py:829} INFO - Processing file /home/user/Masaüstü/kafka/.env/lib/python3.8/site-packages/airflow/example_dags/example_short_circuit_decorator.py for tasks to queue
[2023-11-20T15:23:19.698+0300] {logging_mixin.py:154} INFO - [2023-11-20T15:23:19.698+0300] {dagbag.py:536} INFO - Filling up the DagBag from /home/user/Masaüstü/kafka/.env/lib/python3.8/site-packages/airflow/example_dags/example_short_circuit_decorator.py
[2023-11-20T15:23:19.717+0300] {processor.py:839} INFO - DAG(s) dict_keys(['example_short_circuit_decorator']) retrieved from /home/user/Masaüstü/kafka/.env/lib/python3.8/site-packages/airflow/example_dags/example_short_circuit_decorator.py
[2023-11-20T15:23:19.739+0300] {logging_mixin.py:154} INFO - [2023-11-20T15:23:19.739+0300] {dag.py:2941} INFO - Sync 1 DAGs
[2023-11-20T15:23:19.758+0300] {logging_mixin.py:154} INFO - [2023-11-20T15:23:19.758+0300] {dag.py:3722} INFO - Setting next_dagrun for example_short_circuit_decorator to 2023-11-19T12:23:19.758638+00:00, run_after=2023-11-20T12:23:19.758638+00:00
[2023-11-20T15:23:19.778+0300] {processor.py:179} INFO - Processing /home/user/Masaüstü/kafka/.env/lib/python3.8/site-packages/airflow/example_dags/example_short_circuit_decorator.py took 0.090 seconds
[2023-11-20T15:24:10.400+0300] {processor.py:157} INFO - Started process (PID=37387) to work on /home/user/Masaüstü/kafka/.env/lib/python3.8/site-packages/airflow/example_dags/example_short_circuit_decorator.py
[2023-11-20T15:24:10.403+0300] {processor.py:829} INFO - Processing file /home/user/Masaüstü/kafka/.env/lib/python3.8/site-packages/airflow/example_dags/example_short_circuit_decorator.py for tasks to queue
[2023-11-20T15:24:10.404+0300] {logging_mixin.py:154} INFO - [2023-11-20T15:24:10.403+0300] {dagbag.py:536} INFO - Filling up the DagBag from /home/user/Masaüstü/kafka/.env/lib/python3.8/site-packages/airflow/example_dags/example_short_circuit_decorator.py
[2023-11-20T15:24:10.414+0300] {processor.py:839} INFO - DAG(s) dict_keys(['example_short_circuit_decorator']) retrieved from /home/user/Masaüstü/kafka/.env/lib/python3.8/site-packages/airflow/example_dags/example_short_circuit_decorator.py
[2023-11-20T15:24:10.429+0300] {logging_mixin.py:154} INFO - [2023-11-20T15:24:10.428+0300] {dag.py:2941} INFO - Sync 1 DAGs
[2023-11-20T15:24:10.446+0300] {logging_mixin.py:154} INFO - [2023-11-20T15:24:10.446+0300] {dag.py:3722} INFO - Setting next_dagrun for example_short_circuit_decorator to 2023-11-19T12:24:10.445928+00:00, run_after=2023-11-20T12:24:10.445928+00:00
[2023-11-20T15:24:10.466+0300] {processor.py:179} INFO - Processing /home/user/Masaüstü/kafka/.env/lib/python3.8/site-packages/airflow/example_dags/example_short_circuit_decorator.py took 0.070 seconds
[2023-11-20T15:27:37.531+0300] {processor.py:157} INFO - Started process (PID=5052) to work on /home/user/Masaüstü/kafka/.env/lib/python3.8/site-packages/airflow/example_dags/example_short_circuit_decorator.py
[2023-11-20T15:27:37.533+0300] {processor.py:829} INFO - Processing file /home/user/Masaüstü/kafka/.env/lib/python3.8/site-packages/airflow/example_dags/example_short_circuit_decorator.py for tasks to queue
[2023-11-20T15:27:37.534+0300] {logging_mixin.py:154} INFO - [2023-11-20T15:27:37.533+0300] {dagbag.py:536} INFO - Filling up the DagBag from /home/user/Masaüstü/kafka/.env/lib/python3.8/site-packages/airflow/example_dags/example_short_circuit_decorator.py
[2023-11-20T15:27:37.541+0300] {processor.py:839} INFO - DAG(s) dict_keys(['example_short_circuit_decorator']) retrieved from /home/user/Masaüstü/kafka/.env/lib/python3.8/site-packages/airflow/example_dags/example_short_circuit_decorator.py
[2023-11-20T15:27:37.553+0300] {logging_mixin.py:154} INFO - [2023-11-20T15:27:37.553+0300] {dag.py:2941} INFO - Sync 1 DAGs
[2023-11-20T15:27:37.569+0300] {logging_mixin.py:154} INFO - [2023-11-20T15:27:37.569+0300] {dag.py:3722} INFO - Setting next_dagrun for example_short_circuit_decorator to 2023-11-19T12:27:37.568971+00:00, run_after=2023-11-20T12:27:37.568971+00:00
[2023-11-20T15:27:37.588+0300] {processor.py:179} INFO - Processing /home/user/Masaüstü/kafka/.env/lib/python3.8/site-packages/airflow/example_dags/example_short_circuit_decorator.py took 0.059 seconds
[2023-11-20T15:28:21.884+0300] {processor.py:157} INFO - Started process (PID=5355) to work on /home/user/Masaüstü/kafka/.env/lib/python3.8/site-packages/airflow/example_dags/example_short_circuit_decorator.py
[2023-11-20T15:28:21.886+0300] {processor.py:829} INFO - Processing file /home/user/Masaüstü/kafka/.env/lib/python3.8/site-packages/airflow/example_dags/example_short_circuit_decorator.py for tasks to queue
[2023-11-20T15:28:21.887+0300] {logging_mixin.py:154} INFO - [2023-11-20T15:28:21.886+0300] {dagbag.py:536} INFO - Filling up the DagBag from /home/user/Masaüstü/kafka/.env/lib/python3.8/site-packages/airflow/example_dags/example_short_circuit_decorator.py
[2023-11-20T15:28:21.896+0300] {processor.py:839} INFO - DAG(s) dict_keys(['example_short_circuit_decorator']) retrieved from /home/user/Masaüstü/kafka/.env/lib/python3.8/site-packages/airflow/example_dags/example_short_circuit_decorator.py
[2023-11-20T15:28:21.917+0300] {logging_mixin.py:154} INFO - [2023-11-20T15:28:21.917+0300] {dag.py:2941} INFO - Sync 1 DAGs
[2023-11-20T15:28:21.940+0300] {logging_mixin.py:154} INFO - [2023-11-20T15:28:21.940+0300] {dag.py:3722} INFO - Setting next_dagrun for example_short_circuit_decorator to 2023-11-19T12:28:21.940520+00:00, run_after=2023-11-20T12:28:21.940520+00:00
[2023-11-20T15:28:21.964+0300] {processor.py:179} INFO - Processing /home/user/Masaüstü/kafka/.env/lib/python3.8/site-packages/airflow/example_dags/example_short_circuit_decorator.py took 0.084 seconds
