[2023-11-20T15:20:02.650+0300] {processor.py:157} INFO - Started process (PID=33988) to work on /home/user/Masaüstü/kafka/.env/lib/python3.8/site-packages/airflow/example_dags/example_nested_branch_dag.py
[2023-11-20T15:20:02.650+0300] {processor.py:829} INFO - Processing file /home/user/Masaüstü/kafka/.env/lib/python3.8/site-packages/airflow/example_dags/example_nested_branch_dag.py for tasks to queue
[2023-11-20T15:20:02.651+0300] {logging_mixin.py:154} INFO - [2023-11-20T15:20:02.651+0300] {dagbag.py:536} INFO - Filling up the DagBag from /home/user/Masaüstü/kafka/.env/lib/python3.8/site-packages/airflow/example_dags/example_nested_branch_dag.py
[2023-11-20T15:20:02.665+0300] {processor.py:839} INFO - DAG(s) dict_keys(['example_nested_branch_dag']) retrieved from /home/user/Masaüstü/kafka/.env/lib/python3.8/site-packages/airflow/example_dags/example_nested_branch_dag.py
[2023-11-20T15:20:02.689+0300] {logging_mixin.py:154} INFO - [2023-11-20T15:20:02.689+0300] {dag.py:2941} INFO - Sync 1 DAGs
[2023-11-20T15:20:02.726+0300] {logging_mixin.py:154} INFO - [2023-11-20T15:20:02.725+0300] {dag.py:3722} INFO - Setting next_dagrun for example_nested_branch_dag to 2023-11-19T00:00:00+00:00, run_after=2023-11-20T00:00:00+00:00
[2023-11-20T15:20:02.771+0300] {processor.py:179} INFO - Processing /home/user/Masaüstü/kafka/.env/lib/python3.8/site-packages/airflow/example_dags/example_nested_branch_dag.py took 0.123 seconds
[2023-11-20T15:20:50.372+0300] {processor.py:157} INFO - Started process (PID=34755) to work on /home/user/Masaüstü/kafka/.env/lib/python3.8/site-packages/airflow/example_dags/example_nested_branch_dag.py
[2023-11-20T15:20:50.374+0300] {processor.py:829} INFO - Processing file /home/user/Masaüstü/kafka/.env/lib/python3.8/site-packages/airflow/example_dags/example_nested_branch_dag.py for tasks to queue
[2023-11-20T15:20:50.376+0300] {logging_mixin.py:154} INFO - [2023-11-20T15:20:50.375+0300] {dagbag.py:536} INFO - Filling up the DagBag from /home/user/Masaüstü/kafka/.env/lib/python3.8/site-packages/airflow/example_dags/example_nested_branch_dag.py
[2023-11-20T15:20:50.391+0300] {processor.py:839} INFO - DAG(s) dict_keys(['example_nested_branch_dag']) retrieved from /home/user/Masaüstü/kafka/.env/lib/python3.8/site-packages/airflow/example_dags/example_nested_branch_dag.py
[2023-11-20T15:20:50.407+0300] {logging_mixin.py:154} INFO - [2023-11-20T15:20:50.407+0300] {dag.py:2941} INFO - Sync 1 DAGs
[2023-11-20T15:20:50.425+0300] {logging_mixin.py:154} INFO - [2023-11-20T15:20:50.424+0300] {dag.py:3722} INFO - Setting next_dagrun for example_nested_branch_dag to 2023-11-19T00:00:00+00:00, run_after=2023-11-20T00:00:00+00:00
[2023-11-20T15:20:50.445+0300] {processor.py:179} INFO - Processing /home/user/Masaüstü/kafka/.env/lib/python3.8/site-packages/airflow/example_dags/example_nested_branch_dag.py took 0.078 seconds
[2023-11-20T15:21:20.786+0300] {processor.py:157} INFO - Started process (PID=35610) to work on /home/user/Masaüstü/kafka/.env/lib/python3.8/site-packages/airflow/example_dags/example_nested_branch_dag.py
[2023-11-20T15:21:20.788+0300] {processor.py:829} INFO - Processing file /home/user/Masaüstü/kafka/.env/lib/python3.8/site-packages/airflow/example_dags/example_nested_branch_dag.py for tasks to queue
[2023-11-20T15:21:20.788+0300] {logging_mixin.py:154} INFO - [2023-11-20T15:21:20.788+0300] {dagbag.py:536} INFO - Filling up the DagBag from /home/user/Masaüstü/kafka/.env/lib/python3.8/site-packages/airflow/example_dags/example_nested_branch_dag.py
[2023-11-20T15:21:20.799+0300] {processor.py:839} INFO - DAG(s) dict_keys(['example_nested_branch_dag']) retrieved from /home/user/Masaüstü/kafka/.env/lib/python3.8/site-packages/airflow/example_dags/example_nested_branch_dag.py
[2023-11-20T15:21:20.804+0300] {logging_mixin.py:154} INFO - [2023-11-20T15:21:20.804+0300] {dag.py:2941} INFO - Sync 1 DAGs
[2023-11-20T15:21:20.826+0300] {logging_mixin.py:154} INFO - [2023-11-20T15:21:20.826+0300] {dag.py:3722} INFO - Setting next_dagrun for example_nested_branch_dag to 2023-11-19T00:00:00+00:00, run_after=2023-11-20T00:00:00+00:00
[2023-11-20T15:21:20.872+0300] {processor.py:179} INFO - Processing /home/user/Masaüstü/kafka/.env/lib/python3.8/site-packages/airflow/example_dags/example_nested_branch_dag.py took 0.088 seconds
[2023-11-20T15:22:07.279+0300] {processor.py:157} INFO - Started process (PID=36150) to work on /home/user/Masaüstü/kafka/.env/lib/python3.8/site-packages/airflow/example_dags/example_nested_branch_dag.py
[2023-11-20T15:22:07.281+0300] {processor.py:829} INFO - Processing file /home/user/Masaüstü/kafka/.env/lib/python3.8/site-packages/airflow/example_dags/example_nested_branch_dag.py for tasks to queue
[2023-11-20T15:22:07.282+0300] {logging_mixin.py:154} INFO - [2023-11-20T15:22:07.282+0300] {dagbag.py:536} INFO - Filling up the DagBag from /home/user/Masaüstü/kafka/.env/lib/python3.8/site-packages/airflow/example_dags/example_nested_branch_dag.py
[2023-11-20T15:22:07.291+0300] {processor.py:839} INFO - DAG(s) dict_keys(['example_nested_branch_dag']) retrieved from /home/user/Masaüstü/kafka/.env/lib/python3.8/site-packages/airflow/example_dags/example_nested_branch_dag.py
[2023-11-20T15:22:07.306+0300] {logging_mixin.py:154} INFO - [2023-11-20T15:22:07.306+0300] {dag.py:2941} INFO - Sync 1 DAGs
[2023-11-20T15:22:07.324+0300] {logging_mixin.py:154} INFO - [2023-11-20T15:22:07.324+0300] {dag.py:3722} INFO - Setting next_dagrun for example_nested_branch_dag to 2023-11-19T00:00:00+00:00, run_after=2023-11-20T00:00:00+00:00
[2023-11-20T15:22:07.344+0300] {processor.py:179} INFO - Processing /home/user/Masaüstü/kafka/.env/lib/python3.8/site-packages/airflow/example_dags/example_nested_branch_dag.py took 0.066 seconds
[2023-11-20T15:22:53.514+0300] {processor.py:157} INFO - Started process (PID=36574) to work on /home/user/Masaüstü/kafka/.env/lib/python3.8/site-packages/airflow/example_dags/example_nested_branch_dag.py
[2023-11-20T15:22:53.516+0300] {processor.py:829} INFO - Processing file /home/user/Masaüstü/kafka/.env/lib/python3.8/site-packages/airflow/example_dags/example_nested_branch_dag.py for tasks to queue
[2023-11-20T15:22:53.519+0300] {logging_mixin.py:154} INFO - [2023-11-20T15:22:53.517+0300] {dagbag.py:536} INFO - Filling up the DagBag from /home/user/Masaüstü/kafka/.env/lib/python3.8/site-packages/airflow/example_dags/example_nested_branch_dag.py
[2023-11-20T15:22:53.535+0300] {processor.py:839} INFO - DAG(s) dict_keys(['example_nested_branch_dag']) retrieved from /home/user/Masaüstü/kafka/.env/lib/python3.8/site-packages/airflow/example_dags/example_nested_branch_dag.py
[2023-11-20T15:22:53.551+0300] {logging_mixin.py:154} INFO - [2023-11-20T15:22:53.551+0300] {dag.py:2941} INFO - Sync 1 DAGs
[2023-11-20T15:22:53.575+0300] {logging_mixin.py:154} INFO - [2023-11-20T15:22:53.575+0300] {dag.py:3722} INFO - Setting next_dagrun for example_nested_branch_dag to 2023-11-19T00:00:00+00:00, run_after=2023-11-20T00:00:00+00:00
[2023-11-20T15:22:53.599+0300] {processor.py:179} INFO - Processing /home/user/Masaüstü/kafka/.env/lib/python3.8/site-packages/airflow/example_dags/example_nested_branch_dag.py took 0.089 seconds
[2023-11-20T15:23:26.007+0300] {processor.py:157} INFO - Started process (PID=36912) to work on /home/user/Masaüstü/kafka/.env/lib/python3.8/site-packages/airflow/example_dags/example_nested_branch_dag.py
[2023-11-20T15:23:26.009+0300] {processor.py:829} INFO - Processing file /home/user/Masaüstü/kafka/.env/lib/python3.8/site-packages/airflow/example_dags/example_nested_branch_dag.py for tasks to queue
[2023-11-20T15:23:26.010+0300] {logging_mixin.py:154} INFO - [2023-11-20T15:23:26.010+0300] {dagbag.py:536} INFO - Filling up the DagBag from /home/user/Masaüstü/kafka/.env/lib/python3.8/site-packages/airflow/example_dags/example_nested_branch_dag.py
[2023-11-20T15:23:26.019+0300] {processor.py:839} INFO - DAG(s) dict_keys(['example_nested_branch_dag']) retrieved from /home/user/Masaüstü/kafka/.env/lib/python3.8/site-packages/airflow/example_dags/example_nested_branch_dag.py
[2023-11-20T15:23:26.034+0300] {logging_mixin.py:154} INFO - [2023-11-20T15:23:26.034+0300] {dag.py:2941} INFO - Sync 1 DAGs
[2023-11-20T15:23:26.051+0300] {logging_mixin.py:154} INFO - [2023-11-20T15:23:26.051+0300] {dag.py:3722} INFO - Setting next_dagrun for example_nested_branch_dag to 2023-11-19T00:00:00+00:00, run_after=2023-11-20T00:00:00+00:00
[2023-11-20T15:23:26.071+0300] {processor.py:179} INFO - Processing /home/user/Masaüstü/kafka/.env/lib/python3.8/site-packages/airflow/example_dags/example_nested_branch_dag.py took 0.065 seconds
[2023-11-20T15:24:01.010+0300] {processor.py:157} INFO - Started process (PID=37242) to work on /home/user/Masaüstü/kafka/.env/lib/python3.8/site-packages/airflow/example_dags/example_nested_branch_dag.py
[2023-11-20T15:24:01.012+0300] {processor.py:829} INFO - Processing file /home/user/Masaüstü/kafka/.env/lib/python3.8/site-packages/airflow/example_dags/example_nested_branch_dag.py for tasks to queue
[2023-11-20T15:24:01.015+0300] {logging_mixin.py:154} INFO - [2023-11-20T15:24:01.014+0300] {dagbag.py:536} INFO - Filling up the DagBag from /home/user/Masaüstü/kafka/.env/lib/python3.8/site-packages/airflow/example_dags/example_nested_branch_dag.py
[2023-11-20T15:24:01.029+0300] {processor.py:839} INFO - DAG(s) dict_keys(['example_nested_branch_dag']) retrieved from /home/user/Masaüstü/kafka/.env/lib/python3.8/site-packages/airflow/example_dags/example_nested_branch_dag.py
[2023-11-20T15:24:01.048+0300] {logging_mixin.py:154} INFO - [2023-11-20T15:24:01.048+0300] {dag.py:2941} INFO - Sync 1 DAGs
[2023-11-20T15:24:01.072+0300] {logging_mixin.py:154} INFO - [2023-11-20T15:24:01.072+0300] {dag.py:3722} INFO - Setting next_dagrun for example_nested_branch_dag to 2023-11-19T00:00:00+00:00, run_after=2023-11-20T00:00:00+00:00
[2023-11-20T15:24:01.090+0300] {processor.py:179} INFO - Processing /home/user/Masaüstü/kafka/.env/lib/python3.8/site-packages/airflow/example_dags/example_nested_branch_dag.py took 0.086 seconds
[2023-11-20T15:24:35.553+0300] {processor.py:157} INFO - Started process (PID=37681) to work on /home/user/Masaüstü/kafka/.env/lib/python3.8/site-packages/airflow/example_dags/example_nested_branch_dag.py
[2023-11-20T15:24:35.556+0300] {processor.py:829} INFO - Processing file /home/user/Masaüstü/kafka/.env/lib/python3.8/site-packages/airflow/example_dags/example_nested_branch_dag.py for tasks to queue
[2023-11-20T15:24:35.557+0300] {logging_mixin.py:154} INFO - [2023-11-20T15:24:35.556+0300] {dagbag.py:536} INFO - Filling up the DagBag from /home/user/Masaüstü/kafka/.env/lib/python3.8/site-packages/airflow/example_dags/example_nested_branch_dag.py
[2023-11-20T15:24:35.577+0300] {processor.py:839} INFO - DAG(s) dict_keys(['example_nested_branch_dag']) retrieved from /home/user/Masaüstü/kafka/.env/lib/python3.8/site-packages/airflow/example_dags/example_nested_branch_dag.py
[2023-11-20T15:24:35.608+0300] {logging_mixin.py:154} INFO - [2023-11-20T15:24:35.607+0300] {dag.py:2941} INFO - Sync 1 DAGs
[2023-11-20T15:24:35.661+0300] {logging_mixin.py:154} INFO - [2023-11-20T15:24:35.661+0300] {dag.py:3722} INFO - Setting next_dagrun for example_nested_branch_dag to 2023-11-19T00:00:00+00:00, run_after=2023-11-20T00:00:00+00:00
[2023-11-20T15:24:35.728+0300] {processor.py:179} INFO - Processing /home/user/Masaüstü/kafka/.env/lib/python3.8/site-packages/airflow/example_dags/example_nested_branch_dag.py took 0.183 seconds
[2023-11-20T15:24:53.214+0300] {processor.py:157} INFO - Started process (PID=38442) to work on /home/user/Masaüstü/kafka/.env/lib/python3.8/site-packages/airflow/example_dags/example_nested_branch_dag.py
[2023-11-20T15:24:53.216+0300] {processor.py:829} INFO - Processing file /home/user/Masaüstü/kafka/.env/lib/python3.8/site-packages/airflow/example_dags/example_nested_branch_dag.py for tasks to queue
[2023-11-20T15:24:53.217+0300] {logging_mixin.py:154} INFO - [2023-11-20T15:24:53.216+0300] {dagbag.py:536} INFO - Filling up the DagBag from /home/user/Masaüstü/kafka/.env/lib/python3.8/site-packages/airflow/example_dags/example_nested_branch_dag.py
[2023-11-20T15:24:53.235+0300] {processor.py:839} INFO - DAG(s) dict_keys(['example_nested_branch_dag']) retrieved from /home/user/Masaüstü/kafka/.env/lib/python3.8/site-packages/airflow/example_dags/example_nested_branch_dag.py
[2023-11-20T15:24:53.245+0300] {logging_mixin.py:154} INFO - [2023-11-20T15:24:53.245+0300] {dag.py:2941} INFO - Sync 1 DAGs
[2023-11-20T15:24:53.271+0300] {logging_mixin.py:154} INFO - [2023-11-20T15:24:53.270+0300] {dag.py:3722} INFO - Setting next_dagrun for example_nested_branch_dag to 2023-11-19T00:00:00+00:00, run_after=2023-11-20T00:00:00+00:00
[2023-11-20T15:24:53.295+0300] {processor.py:179} INFO - Processing /home/user/Masaüstü/kafka/.env/lib/python3.8/site-packages/airflow/example_dags/example_nested_branch_dag.py took 0.086 seconds
[2023-11-20T15:27:14.597+0300] {processor.py:157} INFO - Started process (PID=4680) to work on /home/user/Masaüstü/kafka/.env/lib/python3.8/site-packages/airflow/example_dags/example_nested_branch_dag.py
[2023-11-20T15:27:14.599+0300] {processor.py:829} INFO - Processing file /home/user/Masaüstü/kafka/.env/lib/python3.8/site-packages/airflow/example_dags/example_nested_branch_dag.py for tasks to queue
[2023-11-20T15:27:14.600+0300] {logging_mixin.py:154} INFO - [2023-11-20T15:27:14.600+0300] {dagbag.py:536} INFO - Filling up the DagBag from /home/user/Masaüstü/kafka/.env/lib/python3.8/site-packages/airflow/example_dags/example_nested_branch_dag.py
[2023-11-20T15:27:14.610+0300] {processor.py:839} INFO - DAG(s) dict_keys(['example_nested_branch_dag']) retrieved from /home/user/Masaüstü/kafka/.env/lib/python3.8/site-packages/airflow/example_dags/example_nested_branch_dag.py
[2023-11-20T15:27:14.615+0300] {logging_mixin.py:154} INFO - [2023-11-20T15:27:14.615+0300] {dag.py:2941} INFO - Sync 1 DAGs
[2023-11-20T15:27:14.632+0300] {logging_mixin.py:154} INFO - [2023-11-20T15:27:14.632+0300] {dag.py:3722} INFO - Setting next_dagrun for example_nested_branch_dag to 2023-11-19T00:00:00+00:00, run_after=2023-11-20T00:00:00+00:00
[2023-11-20T15:27:14.650+0300] {processor.py:179} INFO - Processing /home/user/Masaüstü/kafka/.env/lib/python3.8/site-packages/airflow/example_dags/example_nested_branch_dag.py took 0.055 seconds
[2023-11-20T15:27:59.618+0300] {processor.py:157} INFO - Started process (PID=5170) to work on /home/user/Masaüstü/kafka/.env/lib/python3.8/site-packages/airflow/example_dags/example_nested_branch_dag.py
[2023-11-20T15:27:59.619+0300] {processor.py:829} INFO - Processing file /home/user/Masaüstü/kafka/.env/lib/python3.8/site-packages/airflow/example_dags/example_nested_branch_dag.py for tasks to queue
[2023-11-20T15:27:59.620+0300] {logging_mixin.py:154} INFO - [2023-11-20T15:27:59.619+0300] {dagbag.py:536} INFO - Filling up the DagBag from /home/user/Masaüstü/kafka/.env/lib/python3.8/site-packages/airflow/example_dags/example_nested_branch_dag.py
[2023-11-20T15:27:59.628+0300] {processor.py:839} INFO - DAG(s) dict_keys(['example_nested_branch_dag']) retrieved from /home/user/Masaüstü/kafka/.env/lib/python3.8/site-packages/airflow/example_dags/example_nested_branch_dag.py
[2023-11-20T15:27:59.643+0300] {logging_mixin.py:154} INFO - [2023-11-20T15:27:59.643+0300] {dag.py:2941} INFO - Sync 1 DAGs
[2023-11-20T15:27:59.659+0300] {logging_mixin.py:154} INFO - [2023-11-20T15:27:59.659+0300] {dag.py:3722} INFO - Setting next_dagrun for example_nested_branch_dag to 2023-11-19T00:00:00+00:00, run_after=2023-11-20T00:00:00+00:00
[2023-11-20T15:27:59.684+0300] {processor.py:179} INFO - Processing /home/user/Masaüstü/kafka/.env/lib/python3.8/site-packages/airflow/example_dags/example_nested_branch_dag.py took 0.068 seconds
[2023-11-20T15:28:43.691+0300] {processor.py:157} INFO - Started process (PID=5478) to work on /home/user/Masaüstü/kafka/.env/lib/python3.8/site-packages/airflow/example_dags/example_nested_branch_dag.py
[2023-11-20T15:28:43.694+0300] {processor.py:829} INFO - Processing file /home/user/Masaüstü/kafka/.env/lib/python3.8/site-packages/airflow/example_dags/example_nested_branch_dag.py for tasks to queue
[2023-11-20T15:28:43.697+0300] {logging_mixin.py:154} INFO - [2023-11-20T15:28:43.696+0300] {dagbag.py:536} INFO - Filling up the DagBag from /home/user/Masaüstü/kafka/.env/lib/python3.8/site-packages/airflow/example_dags/example_nested_branch_dag.py
[2023-11-20T15:28:43.721+0300] {processor.py:839} INFO - DAG(s) dict_keys(['example_nested_branch_dag']) retrieved from /home/user/Masaüstü/kafka/.env/lib/python3.8/site-packages/airflow/example_dags/example_nested_branch_dag.py
[2023-11-20T15:28:43.740+0300] {logging_mixin.py:154} INFO - [2023-11-20T15:28:43.740+0300] {dag.py:2941} INFO - Sync 1 DAGs
[2023-11-20T15:28:43.756+0300] {logging_mixin.py:154} INFO - [2023-11-20T15:28:43.756+0300] {dag.py:3722} INFO - Setting next_dagrun for example_nested_branch_dag to 2023-11-19T00:00:00+00:00, run_after=2023-11-20T00:00:00+00:00
[2023-11-20T15:28:43.775+0300] {processor.py:179} INFO - Processing /home/user/Masaüstü/kafka/.env/lib/python3.8/site-packages/airflow/example_dags/example_nested_branch_dag.py took 0.090 seconds
[2023-11-20T15:36:01.876+0300] {processor.py:157} INFO - Started process (PID=6784) to work on /home/user/Masaüstü/kafka/.env/lib/python3.8/site-packages/airflow/example_dags/example_nested_branch_dag.py
[2023-11-20T15:36:01.888+0300] {processor.py:829} INFO - Processing file /home/user/Masaüstü/kafka/.env/lib/python3.8/site-packages/airflow/example_dags/example_nested_branch_dag.py for tasks to queue
[2023-11-20T15:36:01.889+0300] {logging_mixin.py:154} INFO - [2023-11-20T15:36:01.889+0300] {dagbag.py:536} INFO - Filling up the DagBag from /home/user/Masaüstü/kafka/.env/lib/python3.8/site-packages/airflow/example_dags/example_nested_branch_dag.py
[2023-11-20T15:36:01.901+0300] {processor.py:839} INFO - DAG(s) dict_keys(['example_nested_branch_dag']) retrieved from /home/user/Masaüstü/kafka/.env/lib/python3.8/site-packages/airflow/example_dags/example_nested_branch_dag.py
[2023-11-20T15:36:01.906+0300] {logging_mixin.py:154} INFO - [2023-11-20T15:36:01.906+0300] {dag.py:2941} INFO - Sync 1 DAGs
[2023-11-20T15:36:01.924+0300] {logging_mixin.py:154} INFO - [2023-11-20T15:36:01.924+0300] {dag.py:3722} INFO - Setting next_dagrun for example_nested_branch_dag to 2023-11-19T00:00:00+00:00, run_after=2023-11-20T00:00:00+00:00
[2023-11-20T15:36:02.005+0300] {processor.py:179} INFO - Processing /home/user/Masaüstü/kafka/.env/lib/python3.8/site-packages/airflow/example_dags/example_nested_branch_dag.py took 0.132 seconds
