[2023-11-20T15:20:33.729+0300] {processor.py:157} INFO - Started process (PID=34654) to work on /home/user/Masaüstü/kafka/.env/lib/python3.8/site-packages/airflow/example_dags/example_branch_operator.py
[2023-11-20T15:20:33.731+0300] {processor.py:829} INFO - Processing file /home/user/Masaüstü/kafka/.env/lib/python3.8/site-packages/airflow/example_dags/example_branch_operator.py for tasks to queue
[2023-11-20T15:20:33.734+0300] {logging_mixin.py:154} INFO - [2023-11-20T15:20:33.733+0300] {dagbag.py:536} INFO - Filling up the DagBag from /home/user/Masaüstü/kafka/.env/lib/python3.8/site-packages/airflow/example_dags/example_branch_operator.py
[2023-11-20T15:20:33.750+0300] {processor.py:839} INFO - DAG(s) dict_keys(['example_branch_operator']) retrieved from /home/user/Masaüstü/kafka/.env/lib/python3.8/site-packages/airflow/example_dags/example_branch_operator.py
[2023-11-20T15:20:33.765+0300] {logging_mixin.py:154} INFO - [2023-11-20T15:20:33.765+0300] {dag.py:2941} INFO - Sync 1 DAGs
[2023-11-20T15:20:33.785+0300] {logging_mixin.py:154} INFO - [2023-11-20T15:20:33.785+0300] {dag.py:3722} INFO - Setting next_dagrun for example_branch_operator to 2023-11-19T00:00:00+00:00, run_after=2023-11-20T00:00:00+00:00
[2023-11-20T15:20:33.806+0300] {processor.py:179} INFO - Processing /home/user/Masaüstü/kafka/.env/lib/python3.8/site-packages/airflow/example_dags/example_branch_operator.py took 0.087 seconds
[2023-11-20T15:21:51.013+0300] {processor.py:157} INFO - Started process (PID=36025) to work on /home/user/Masaüstü/kafka/.env/lib/python3.8/site-packages/airflow/example_dags/example_branch_operator.py
[2023-11-20T15:21:51.015+0300] {processor.py:829} INFO - Processing file /home/user/Masaüstü/kafka/.env/lib/python3.8/site-packages/airflow/example_dags/example_branch_operator.py for tasks to queue
[2023-11-20T15:21:51.016+0300] {logging_mixin.py:154} INFO - [2023-11-20T15:21:51.016+0300] {dagbag.py:536} INFO - Filling up the DagBag from /home/user/Masaüstü/kafka/.env/lib/python3.8/site-packages/airflow/example_dags/example_branch_operator.py
[2023-11-20T15:21:51.027+0300] {processor.py:839} INFO - DAG(s) dict_keys(['example_branch_operator']) retrieved from /home/user/Masaüstü/kafka/.env/lib/python3.8/site-packages/airflow/example_dags/example_branch_operator.py
[2023-11-20T15:21:51.046+0300] {logging_mixin.py:154} INFO - [2023-11-20T15:21:51.046+0300] {dag.py:2941} INFO - Sync 1 DAGs
[2023-11-20T15:21:51.072+0300] {logging_mixin.py:154} INFO - [2023-11-20T15:21:51.071+0300] {dag.py:3722} INFO - Setting next_dagrun for example_branch_operator to 2023-11-19T00:00:00+00:00, run_after=2023-11-20T00:00:00+00:00
[2023-11-20T15:21:51.094+0300] {processor.py:179} INFO - Processing /home/user/Masaüstü/kafka/.env/lib/python3.8/site-packages/airflow/example_dags/example_branch_operator.py took 0.083 seconds
[2023-11-20T15:22:39.499+0300] {processor.py:157} INFO - Started process (PID=36486) to work on /home/user/Masaüstü/kafka/.env/lib/python3.8/site-packages/airflow/example_dags/example_branch_operator.py
[2023-11-20T15:22:39.500+0300] {processor.py:829} INFO - Processing file /home/user/Masaüstü/kafka/.env/lib/python3.8/site-packages/airflow/example_dags/example_branch_operator.py for tasks to queue
[2023-11-20T15:22:39.503+0300] {logging_mixin.py:154} INFO - [2023-11-20T15:22:39.502+0300] {dagbag.py:536} INFO - Filling up the DagBag from /home/user/Masaüstü/kafka/.env/lib/python3.8/site-packages/airflow/example_dags/example_branch_operator.py
[2023-11-20T15:22:39.513+0300] {processor.py:839} INFO - DAG(s) dict_keys(['example_branch_operator']) retrieved from /home/user/Masaüstü/kafka/.env/lib/python3.8/site-packages/airflow/example_dags/example_branch_operator.py
[2023-11-20T15:22:39.552+0300] {logging_mixin.py:154} INFO - [2023-11-20T15:22:39.551+0300] {dag.py:2941} INFO - Sync 1 DAGs
[2023-11-20T15:22:39.580+0300] {logging_mixin.py:154} INFO - [2023-11-20T15:22:39.580+0300] {dag.py:3722} INFO - Setting next_dagrun for example_branch_operator to 2023-11-19T00:00:00+00:00, run_after=2023-11-20T00:00:00+00:00
[2023-11-20T15:22:39.603+0300] {processor.py:179} INFO - Processing /home/user/Masaüstü/kafka/.env/lib/python3.8/site-packages/airflow/example_dags/example_branch_operator.py took 0.110 seconds
[2023-11-20T15:23:29.783+0300] {processor.py:157} INFO - Started process (PID=36929) to work on /home/user/Masaüstü/kafka/.env/lib/python3.8/site-packages/airflow/example_dags/example_branch_operator.py
[2023-11-20T15:23:29.786+0300] {processor.py:829} INFO - Processing file /home/user/Masaüstü/kafka/.env/lib/python3.8/site-packages/airflow/example_dags/example_branch_operator.py for tasks to queue
[2023-11-20T15:23:29.787+0300] {logging_mixin.py:154} INFO - [2023-11-20T15:23:29.787+0300] {dagbag.py:536} INFO - Filling up the DagBag from /home/user/Masaüstü/kafka/.env/lib/python3.8/site-packages/airflow/example_dags/example_branch_operator.py
[2023-11-20T15:23:29.802+0300] {processor.py:839} INFO - DAG(s) dict_keys(['example_branch_operator']) retrieved from /home/user/Masaüstü/kafka/.env/lib/python3.8/site-packages/airflow/example_dags/example_branch_operator.py
[2023-11-20T15:23:29.830+0300] {logging_mixin.py:154} INFO - [2023-11-20T15:23:29.829+0300] {dag.py:2941} INFO - Sync 1 DAGs
[2023-11-20T15:23:29.860+0300] {logging_mixin.py:154} INFO - [2023-11-20T15:23:29.859+0300] {dag.py:3722} INFO - Setting next_dagrun for example_branch_operator to 2023-11-19T00:00:00+00:00, run_after=2023-11-20T00:00:00+00:00
[2023-11-20T15:23:29.883+0300] {processor.py:179} INFO - Processing /home/user/Masaüstü/kafka/.env/lib/python3.8/site-packages/airflow/example_dags/example_branch_operator.py took 0.104 seconds
[2023-11-20T15:24:20.758+0300] {processor.py:157} INFO - Started process (PID=37596) to work on /home/user/Masaüstü/kafka/.env/lib/python3.8/site-packages/airflow/example_dags/example_branch_operator.py
[2023-11-20T15:24:20.762+0300] {processor.py:829} INFO - Processing file /home/user/Masaüstü/kafka/.env/lib/python3.8/site-packages/airflow/example_dags/example_branch_operator.py for tasks to queue
[2023-11-20T15:24:20.764+0300] {logging_mixin.py:154} INFO - [2023-11-20T15:24:20.763+0300] {dagbag.py:536} INFO - Filling up the DagBag from /home/user/Masaüstü/kafka/.env/lib/python3.8/site-packages/airflow/example_dags/example_branch_operator.py
[2023-11-20T15:24:20.787+0300] {processor.py:839} INFO - DAG(s) dict_keys(['example_branch_operator']) retrieved from /home/user/Masaüstü/kafka/.env/lib/python3.8/site-packages/airflow/example_dags/example_branch_operator.py
[2023-11-20T15:24:20.806+0300] {logging_mixin.py:154} INFO - [2023-11-20T15:24:20.806+0300] {dag.py:2941} INFO - Sync 1 DAGs
[2023-11-20T15:24:20.824+0300] {logging_mixin.py:154} INFO - [2023-11-20T15:24:20.824+0300] {dag.py:3722} INFO - Setting next_dagrun for example_branch_operator to 2023-11-19T00:00:00+00:00, run_after=2023-11-20T00:00:00+00:00
[2023-11-20T15:24:20.856+0300] {processor.py:179} INFO - Processing /home/user/Masaüstü/kafka/.env/lib/python3.8/site-packages/airflow/example_dags/example_branch_operator.py took 0.105 seconds
[2023-11-20T15:27:42.657+0300] {processor.py:157} INFO - Started process (PID=5078) to work on /home/user/Masaüstü/kafka/.env/lib/python3.8/site-packages/airflow/example_dags/example_branch_operator.py
[2023-11-20T15:27:42.658+0300] {processor.py:829} INFO - Processing file /home/user/Masaüstü/kafka/.env/lib/python3.8/site-packages/airflow/example_dags/example_branch_operator.py for tasks to queue
[2023-11-20T15:27:42.659+0300] {logging_mixin.py:154} INFO - [2023-11-20T15:27:42.659+0300] {dagbag.py:536} INFO - Filling up the DagBag from /home/user/Masaüstü/kafka/.env/lib/python3.8/site-packages/airflow/example_dags/example_branch_operator.py
[2023-11-20T15:27:42.666+0300] {processor.py:839} INFO - DAG(s) dict_keys(['example_branch_operator']) retrieved from /home/user/Masaüstü/kafka/.env/lib/python3.8/site-packages/airflow/example_dags/example_branch_operator.py
[2023-11-20T15:27:42.679+0300] {logging_mixin.py:154} INFO - [2023-11-20T15:27:42.679+0300] {dag.py:2941} INFO - Sync 1 DAGs
[2023-11-20T15:27:42.696+0300] {logging_mixin.py:154} INFO - [2023-11-20T15:27:42.696+0300] {dag.py:3722} INFO - Setting next_dagrun for example_branch_operator to 2023-11-19T00:00:00+00:00, run_after=2023-11-20T00:00:00+00:00
[2023-11-20T15:27:42.716+0300] {processor.py:179} INFO - Processing /home/user/Masaüstü/kafka/.env/lib/python3.8/site-packages/airflow/example_dags/example_branch_operator.py took 0.061 seconds
[2023-11-20T15:28:30.535+0300] {processor.py:157} INFO - Started process (PID=5399) to work on /home/user/Masaüstü/kafka/.env/lib/python3.8/site-packages/airflow/example_dags/example_branch_operator.py
[2023-11-20T15:28:30.538+0300] {processor.py:829} INFO - Processing file /home/user/Masaüstü/kafka/.env/lib/python3.8/site-packages/airflow/example_dags/example_branch_operator.py for tasks to queue
[2023-11-20T15:28:30.541+0300] {logging_mixin.py:154} INFO - [2023-11-20T15:28:30.540+0300] {dagbag.py:536} INFO - Filling up the DagBag from /home/user/Masaüstü/kafka/.env/lib/python3.8/site-packages/airflow/example_dags/example_branch_operator.py
[2023-11-20T15:28:30.558+0300] {processor.py:839} INFO - DAG(s) dict_keys(['example_branch_operator']) retrieved from /home/user/Masaüstü/kafka/.env/lib/python3.8/site-packages/airflow/example_dags/example_branch_operator.py
[2023-11-20T15:28:30.578+0300] {logging_mixin.py:154} INFO - [2023-11-20T15:28:30.578+0300] {dag.py:2941} INFO - Sync 1 DAGs
[2023-11-20T15:28:30.600+0300] {logging_mixin.py:154} INFO - [2023-11-20T15:28:30.600+0300] {dag.py:3722} INFO - Setting next_dagrun for example_branch_operator to 2023-11-19T00:00:00+00:00, run_after=2023-11-20T00:00:00+00:00
[2023-11-20T15:28:30.622+0300] {processor.py:179} INFO - Processing /home/user/Masaüstü/kafka/.env/lib/python3.8/site-packages/airflow/example_dags/example_branch_operator.py took 0.096 seconds
