[2023-11-20T15:20:12.654+0300] {processor.py:157} INFO - Started process (PID=34358) to work on /home/user/Masaüstü/kafka/.env/lib/python3.8/site-packages/airflow/example_dags/example_external_task_marker_dag.py
[2023-11-20T15:20:12.656+0300] {processor.py:829} INFO - Processing file /home/user/Masaüstü/kafka/.env/lib/python3.8/site-packages/airflow/example_dags/example_external_task_marker_dag.py for tasks to queue
[2023-11-20T15:20:12.657+0300] {logging_mixin.py:154} INFO - [2023-11-20T15:20:12.656+0300] {dagbag.py:536} INFO - Filling up the DagBag from /home/user/Masaüstü/kafka/.env/lib/python3.8/site-packages/airflow/example_dags/example_external_task_marker_dag.py
[2023-11-20T15:20:12.670+0300] {processor.py:839} INFO - DAG(s) dict_keys(['example_external_task_marker_child', 'example_external_task_marker_parent']) retrieved from /home/user/Masaüstü/kafka/.env/lib/python3.8/site-packages/airflow/example_dags/example_external_task_marker_dag.py
[2023-11-20T15:20:12.679+0300] {logging_mixin.py:154} INFO - [2023-11-20T15:20:12.679+0300] {dag.py:2941} INFO - Sync 2 DAGs
[2023-11-20T15:20:12.691+0300] {logging_mixin.py:154} INFO - [2023-11-20T15:20:12.691+0300] {dag.py:3722} INFO - Setting next_dagrun for example_external_task_marker_child to None, run_after=None
[2023-11-20T15:20:12.695+0300] {logging_mixin.py:154} INFO - [2023-11-20T15:20:12.694+0300] {dag.py:3722} INFO - Setting next_dagrun for example_external_task_marker_parent to None, run_after=None
[2023-11-20T15:20:12.714+0300] {processor.py:179} INFO - Processing /home/user/Masaüstü/kafka/.env/lib/python3.8/site-packages/airflow/example_dags/example_external_task_marker_dag.py took 0.063 seconds
[2023-11-20T15:20:58.626+0300] {processor.py:157} INFO - Started process (PID=34941) to work on /home/user/Masaüstü/kafka/.env/lib/python3.8/site-packages/airflow/example_dags/example_external_task_marker_dag.py
[2023-11-20T15:20:58.628+0300] {processor.py:829} INFO - Processing file /home/user/Masaüstü/kafka/.env/lib/python3.8/site-packages/airflow/example_dags/example_external_task_marker_dag.py for tasks to queue
[2023-11-20T15:20:58.630+0300] {logging_mixin.py:154} INFO - [2023-11-20T15:20:58.630+0300] {dagbag.py:536} INFO - Filling up the DagBag from /home/user/Masaüstü/kafka/.env/lib/python3.8/site-packages/airflow/example_dags/example_external_task_marker_dag.py
[2023-11-20T15:20:58.639+0300] {processor.py:839} INFO - DAG(s) dict_keys(['example_external_task_marker_child', 'example_external_task_marker_parent']) retrieved from /home/user/Masaüstü/kafka/.env/lib/python3.8/site-packages/airflow/example_dags/example_external_task_marker_dag.py
[2023-11-20T15:20:58.664+0300] {logging_mixin.py:154} INFO - [2023-11-20T15:20:58.664+0300] {dag.py:2941} INFO - Sync 2 DAGs
[2023-11-20T15:20:58.676+0300] {logging_mixin.py:154} INFO - [2023-11-20T15:20:58.676+0300] {dag.py:3722} INFO - Setting next_dagrun for example_external_task_marker_child to None, run_after=None
[2023-11-20T15:20:58.681+0300] {logging_mixin.py:154} INFO - [2023-11-20T15:20:58.680+0300] {dag.py:3722} INFO - Setting next_dagrun for example_external_task_marker_parent to None, run_after=None
[2023-11-20T15:20:58.703+0300] {processor.py:179} INFO - Processing /home/user/Masaüstü/kafka/.env/lib/python3.8/site-packages/airflow/example_dags/example_external_task_marker_dag.py took 0.084 seconds
[2023-11-20T15:21:30.513+0300] {processor.py:157} INFO - Started process (PID=35915) to work on /home/user/Masaüstü/kafka/.env/lib/python3.8/site-packages/airflow/example_dags/example_external_task_marker_dag.py
[2023-11-20T15:21:30.515+0300] {processor.py:829} INFO - Processing file /home/user/Masaüstü/kafka/.env/lib/python3.8/site-packages/airflow/example_dags/example_external_task_marker_dag.py for tasks to queue
[2023-11-20T15:21:30.516+0300] {logging_mixin.py:154} INFO - [2023-11-20T15:21:30.516+0300] {dagbag.py:536} INFO - Filling up the DagBag from /home/user/Masaüstü/kafka/.env/lib/python3.8/site-packages/airflow/example_dags/example_external_task_marker_dag.py
[2023-11-20T15:21:30.524+0300] {processor.py:839} INFO - DAG(s) dict_keys(['example_external_task_marker_parent', 'example_external_task_marker_child']) retrieved from /home/user/Masaüstü/kafka/.env/lib/python3.8/site-packages/airflow/example_dags/example_external_task_marker_dag.py
[2023-11-20T15:21:30.533+0300] {logging_mixin.py:154} INFO - [2023-11-20T15:21:30.532+0300] {dag.py:2941} INFO - Sync 2 DAGs
[2023-11-20T15:21:30.545+0300] {logging_mixin.py:154} INFO - [2023-11-20T15:21:30.545+0300] {dag.py:3722} INFO - Setting next_dagrun for example_external_task_marker_child to None, run_after=None
[2023-11-20T15:21:30.548+0300] {logging_mixin.py:154} INFO - [2023-11-20T15:21:30.547+0300] {dag.py:3722} INFO - Setting next_dagrun for example_external_task_marker_parent to None, run_after=None
[2023-11-20T15:21:30.578+0300] {processor.py:179} INFO - Processing /home/user/Masaüstü/kafka/.env/lib/python3.8/site-packages/airflow/example_dags/example_external_task_marker_dag.py took 0.068 seconds
[2023-11-20T15:22:16.374+0300] {processor.py:157} INFO - Started process (PID=36195) to work on /home/user/Masaüstü/kafka/.env/lib/python3.8/site-packages/airflow/example_dags/example_external_task_marker_dag.py
[2023-11-20T15:22:16.376+0300] {processor.py:829} INFO - Processing file /home/user/Masaüstü/kafka/.env/lib/python3.8/site-packages/airflow/example_dags/example_external_task_marker_dag.py for tasks to queue
[2023-11-20T15:22:16.378+0300] {logging_mixin.py:154} INFO - [2023-11-20T15:22:16.377+0300] {dagbag.py:536} INFO - Filling up the DagBag from /home/user/Masaüstü/kafka/.env/lib/python3.8/site-packages/airflow/example_dags/example_external_task_marker_dag.py
[2023-11-20T15:22:16.391+0300] {processor.py:839} INFO - DAG(s) dict_keys(['example_external_task_marker_child', 'example_external_task_marker_parent']) retrieved from /home/user/Masaüstü/kafka/.env/lib/python3.8/site-packages/airflow/example_dags/example_external_task_marker_dag.py
[2023-11-20T15:22:16.414+0300] {logging_mixin.py:154} INFO - [2023-11-20T15:22:16.414+0300] {dag.py:2941} INFO - Sync 2 DAGs
[2023-11-20T15:22:16.423+0300] {logging_mixin.py:154} INFO - [2023-11-20T15:22:16.423+0300] {dag.py:3722} INFO - Setting next_dagrun for example_external_task_marker_child to None, run_after=None
[2023-11-20T15:22:16.425+0300] {logging_mixin.py:154} INFO - [2023-11-20T15:22:16.425+0300] {dag.py:3722} INFO - Setting next_dagrun for example_external_task_marker_parent to None, run_after=None
[2023-11-20T15:22:16.442+0300] {processor.py:179} INFO - Processing /home/user/Masaüstü/kafka/.env/lib/python3.8/site-packages/airflow/example_dags/example_external_task_marker_dag.py took 0.074 seconds
[2023-11-20T15:23:01.889+0300] {processor.py:157} INFO - Started process (PID=36623) to work on /home/user/Masaüstü/kafka/.env/lib/python3.8/site-packages/airflow/example_dags/example_external_task_marker_dag.py
[2023-11-20T15:23:01.892+0300] {processor.py:829} INFO - Processing file /home/user/Masaüstü/kafka/.env/lib/python3.8/site-packages/airflow/example_dags/example_external_task_marker_dag.py for tasks to queue
[2023-11-20T15:23:01.893+0300] {logging_mixin.py:154} INFO - [2023-11-20T15:23:01.893+0300] {dagbag.py:536} INFO - Filling up the DagBag from /home/user/Masaüstü/kafka/.env/lib/python3.8/site-packages/airflow/example_dags/example_external_task_marker_dag.py
[2023-11-20T15:23:01.908+0300] {processor.py:839} INFO - DAG(s) dict_keys(['example_external_task_marker_parent', 'example_external_task_marker_child']) retrieved from /home/user/Masaüstü/kafka/.env/lib/python3.8/site-packages/airflow/example_dags/example_external_task_marker_dag.py
[2023-11-20T15:23:01.956+0300] {logging_mixin.py:154} INFO - [2023-11-20T15:23:01.955+0300] {dag.py:2941} INFO - Sync 2 DAGs
[2023-11-20T15:23:01.977+0300] {logging_mixin.py:154} INFO - [2023-11-20T15:23:01.976+0300] {dag.py:3722} INFO - Setting next_dagrun for example_external_task_marker_child to None, run_after=None
[2023-11-20T15:23:01.987+0300] {logging_mixin.py:154} INFO - [2023-11-20T15:23:01.987+0300] {dag.py:3722} INFO - Setting next_dagrun for example_external_task_marker_parent to None, run_after=None
[2023-11-20T15:23:02.030+0300] {processor.py:179} INFO - Processing /home/user/Masaüstü/kafka/.env/lib/python3.8/site-packages/airflow/example_dags/example_external_task_marker_dag.py took 0.146 seconds
[2023-11-20T15:23:50.472+0300] {processor.py:157} INFO - Started process (PID=37153) to work on /home/user/Masaüstü/kafka/.env/lib/python3.8/site-packages/airflow/example_dags/example_external_task_marker_dag.py
[2023-11-20T15:23:50.482+0300] {processor.py:829} INFO - Processing file /home/user/Masaüstü/kafka/.env/lib/python3.8/site-packages/airflow/example_dags/example_external_task_marker_dag.py for tasks to queue
[2023-11-20T15:23:50.484+0300] {logging_mixin.py:154} INFO - [2023-11-20T15:23:50.483+0300] {dagbag.py:536} INFO - Filling up the DagBag from /home/user/Masaüstü/kafka/.env/lib/python3.8/site-packages/airflow/example_dags/example_external_task_marker_dag.py
[2023-11-20T15:23:50.501+0300] {processor.py:839} INFO - DAG(s) dict_keys(['example_external_task_marker_child', 'example_external_task_marker_parent']) retrieved from /home/user/Masaüstü/kafka/.env/lib/python3.8/site-packages/airflow/example_dags/example_external_task_marker_dag.py
[2023-11-20T15:23:50.572+0300] {logging_mixin.py:154} INFO - [2023-11-20T15:23:50.571+0300] {dag.py:2941} INFO - Sync 2 DAGs
[2023-11-20T15:23:50.606+0300] {logging_mixin.py:154} INFO - [2023-11-20T15:23:50.606+0300] {dag.py:3722} INFO - Setting next_dagrun for example_external_task_marker_child to None, run_after=None
[2023-11-20T15:23:50.613+0300] {logging_mixin.py:154} INFO - [2023-11-20T15:23:50.612+0300] {dag.py:3722} INFO - Setting next_dagrun for example_external_task_marker_parent to None, run_after=None
[2023-11-20T15:23:50.662+0300] {processor.py:179} INFO - Processing /home/user/Masaüstü/kafka/.env/lib/python3.8/site-packages/airflow/example_dags/example_external_task_marker_dag.py took 0.196 seconds
[2023-11-20T15:27:23.235+0300] {processor.py:157} INFO - Started process (PID=4969) to work on /home/user/Masaüstü/kafka/.env/lib/python3.8/site-packages/airflow/example_dags/example_external_task_marker_dag.py
[2023-11-20T15:27:23.237+0300] {processor.py:829} INFO - Processing file /home/user/Masaüstü/kafka/.env/lib/python3.8/site-packages/airflow/example_dags/example_external_task_marker_dag.py for tasks to queue
[2023-11-20T15:27:23.239+0300] {logging_mixin.py:154} INFO - [2023-11-20T15:27:23.238+0300] {dagbag.py:536} INFO - Filling up the DagBag from /home/user/Masaüstü/kafka/.env/lib/python3.8/site-packages/airflow/example_dags/example_external_task_marker_dag.py
[2023-11-20T15:27:23.251+0300] {processor.py:839} INFO - DAG(s) dict_keys(['example_external_task_marker_parent', 'example_external_task_marker_child']) retrieved from /home/user/Masaüstü/kafka/.env/lib/python3.8/site-packages/airflow/example_dags/example_external_task_marker_dag.py
[2023-11-20T15:27:23.263+0300] {logging_mixin.py:154} INFO - [2023-11-20T15:27:23.263+0300] {dag.py:2941} INFO - Sync 2 DAGs
[2023-11-20T15:27:23.279+0300] {logging_mixin.py:154} INFO - [2023-11-20T15:27:23.279+0300] {dag.py:3722} INFO - Setting next_dagrun for example_external_task_marker_child to None, run_after=None
[2023-11-20T15:27:23.282+0300] {logging_mixin.py:154} INFO - [2023-11-20T15:27:23.282+0300] {dag.py:3722} INFO - Setting next_dagrun for example_external_task_marker_parent to None, run_after=None
[2023-11-20T15:27:23.303+0300] {processor.py:179} INFO - Processing /home/user/Masaüstü/kafka/.env/lib/python3.8/site-packages/airflow/example_dags/example_external_task_marker_dag.py took 0.071 seconds
[2023-11-20T15:28:08.748+0300] {processor.py:157} INFO - Started process (PID=5215) to work on /home/user/Masaüstü/kafka/.env/lib/python3.8/site-packages/airflow/example_dags/example_external_task_marker_dag.py
[2023-11-20T15:28:08.752+0300] {processor.py:829} INFO - Processing file /home/user/Masaüstü/kafka/.env/lib/python3.8/site-packages/airflow/example_dags/example_external_task_marker_dag.py for tasks to queue
[2023-11-20T15:28:08.755+0300] {logging_mixin.py:154} INFO - [2023-11-20T15:28:08.754+0300] {dagbag.py:536} INFO - Filling up the DagBag from /home/user/Masaüstü/kafka/.env/lib/python3.8/site-packages/airflow/example_dags/example_external_task_marker_dag.py
[2023-11-20T15:28:08.767+0300] {processor.py:839} INFO - DAG(s) dict_keys(['example_external_task_marker_parent', 'example_external_task_marker_child']) retrieved from /home/user/Masaüstü/kafka/.env/lib/python3.8/site-packages/airflow/example_dags/example_external_task_marker_dag.py
[2023-11-20T15:28:08.789+0300] {logging_mixin.py:154} INFO - [2023-11-20T15:28:08.789+0300] {dag.py:2941} INFO - Sync 2 DAGs
[2023-11-20T15:28:08.800+0300] {logging_mixin.py:154} INFO - [2023-11-20T15:28:08.799+0300] {dag.py:3722} INFO - Setting next_dagrun for example_external_task_marker_child to None, run_after=None
[2023-11-20T15:28:08.803+0300] {logging_mixin.py:154} INFO - [2023-11-20T15:28:08.803+0300] {dag.py:3722} INFO - Setting next_dagrun for example_external_task_marker_parent to None, run_after=None
[2023-11-20T15:28:08.823+0300] {processor.py:179} INFO - Processing /home/user/Masaüstü/kafka/.env/lib/python3.8/site-packages/airflow/example_dags/example_external_task_marker_dag.py took 0.083 seconds
[2023-11-20T15:28:52.826+0300] {processor.py:157} INFO - Started process (PID=5521) to work on /home/user/Masaüstü/kafka/.env/lib/python3.8/site-packages/airflow/example_dags/example_external_task_marker_dag.py
[2023-11-20T15:28:52.828+0300] {processor.py:829} INFO - Processing file /home/user/Masaüstü/kafka/.env/lib/python3.8/site-packages/airflow/example_dags/example_external_task_marker_dag.py for tasks to queue
[2023-11-20T15:28:52.829+0300] {logging_mixin.py:154} INFO - [2023-11-20T15:28:52.828+0300] {dagbag.py:536} INFO - Filling up the DagBag from /home/user/Masaüstü/kafka/.env/lib/python3.8/site-packages/airflow/example_dags/example_external_task_marker_dag.py
[2023-11-20T15:28:52.833+0300] {processor.py:839} INFO - DAG(s) dict_keys(['example_external_task_marker_child', 'example_external_task_marker_parent']) retrieved from /home/user/Masaüstü/kafka/.env/lib/python3.8/site-packages/airflow/example_dags/example_external_task_marker_dag.py
[2023-11-20T15:28:52.850+0300] {logging_mixin.py:154} INFO - [2023-11-20T15:28:52.850+0300] {dag.py:2941} INFO - Sync 2 DAGs
[2023-11-20T15:28:52.860+0300] {logging_mixin.py:154} INFO - [2023-11-20T15:28:52.859+0300] {dag.py:3722} INFO - Setting next_dagrun for example_external_task_marker_child to None, run_after=None
[2023-11-20T15:28:52.862+0300] {logging_mixin.py:154} INFO - [2023-11-20T15:28:52.862+0300] {dag.py:3722} INFO - Setting next_dagrun for example_external_task_marker_parent to None, run_after=None
[2023-11-20T15:28:52.878+0300] {processor.py:179} INFO - Processing /home/user/Masaüstü/kafka/.env/lib/python3.8/site-packages/airflow/example_dags/example_external_task_marker_dag.py took 0.055 seconds
[2023-11-20T15:36:10.807+0300] {processor.py:157} INFO - Started process (PID=7009) to work on /home/user/Masaüstü/kafka/.env/lib/python3.8/site-packages/airflow/example_dags/example_external_task_marker_dag.py
[2023-11-20T15:36:10.809+0300] {processor.py:829} INFO - Processing file /home/user/Masaüstü/kafka/.env/lib/python3.8/site-packages/airflow/example_dags/example_external_task_marker_dag.py for tasks to queue
[2023-11-20T15:36:10.810+0300] {logging_mixin.py:154} INFO - [2023-11-20T15:36:10.809+0300] {dagbag.py:536} INFO - Filling up the DagBag from /home/user/Masaüstü/kafka/.env/lib/python3.8/site-packages/airflow/example_dags/example_external_task_marker_dag.py
[2023-11-20T15:36:10.815+0300] {processor.py:839} INFO - DAG(s) dict_keys(['example_external_task_marker_parent', 'example_external_task_marker_child']) retrieved from /home/user/Masaüstü/kafka/.env/lib/python3.8/site-packages/airflow/example_dags/example_external_task_marker_dag.py
[2023-11-20T15:36:10.820+0300] {logging_mixin.py:154} INFO - [2023-11-20T15:36:10.820+0300] {dag.py:2941} INFO - Sync 2 DAGs
[2023-11-20T15:36:10.830+0300] {logging_mixin.py:154} INFO - [2023-11-20T15:36:10.829+0300] {dag.py:3722} INFO - Setting next_dagrun for example_external_task_marker_child to None, run_after=None
[2023-11-20T15:36:10.832+0300] {logging_mixin.py:154} INFO - [2023-11-20T15:36:10.832+0300] {dag.py:3722} INFO - Setting next_dagrun for example_external_task_marker_parent to None, run_after=None
[2023-11-20T15:36:10.859+0300] {processor.py:179} INFO - Processing /home/user/Masaüstü/kafka/.env/lib/python3.8/site-packages/airflow/example_dags/example_external_task_marker_dag.py took 0.054 seconds
