[2023-11-20T15:20:10.230+0300] {processor.py:157} INFO - Started process (PID=34341) to work on /home/user/Masaüstü/kafka/.env/lib/python3.8/site-packages/airflow/example_dags/example_datasets.py
[2023-11-20T15:20:10.231+0300] {processor.py:829} INFO - Processing file /home/user/Masaüstü/kafka/.env/lib/python3.8/site-packages/airflow/example_dags/example_datasets.py for tasks to queue
[2023-11-20T15:20:10.232+0300] {logging_mixin.py:154} INFO - [2023-11-20T15:20:10.232+0300] {dagbag.py:536} INFO - Filling up the DagBag from /home/user/Masaüstü/kafka/.env/lib/python3.8/site-packages/airflow/example_dags/example_datasets.py
[2023-11-20T15:20:10.253+0300] {processor.py:839} INFO - DAG(s) dict_keys(['dataset_produces_1', 'dataset_produces_2', 'dataset_consumes_1_never_scheduled', 'dataset_consumes_unknown_never_scheduled', 'dataset_consumes_1_and_2', 'dataset_consumes_1']) retrieved from /home/user/Masaüstü/kafka/.env/lib/python3.8/site-packages/airflow/example_dags/example_datasets.py
[2023-11-20T15:20:10.273+0300] {logging_mixin.py:154} INFO - [2023-11-20T15:20:10.273+0300] {dag.py:2941} INFO - Sync 6 DAGs
[2023-11-20T15:20:10.306+0300] {logging_mixin.py:154} INFO - [2023-11-20T15:20:10.306+0300] {dag.py:3722} INFO - Setting next_dagrun for dataset_consumes_1 to None, run_after=None
[2023-11-20T15:20:10.311+0300] {logging_mixin.py:154} INFO - [2023-11-20T15:20:10.311+0300] {dag.py:3722} INFO - Setting next_dagrun for dataset_consumes_1_and_2 to None, run_after=None
[2023-11-20T15:20:10.314+0300] {logging_mixin.py:154} INFO - [2023-11-20T15:20:10.313+0300] {dag.py:3722} INFO - Setting next_dagrun for dataset_consumes_1_never_scheduled to None, run_after=None
[2023-11-20T15:20:10.317+0300] {logging_mixin.py:154} INFO - [2023-11-20T15:20:10.316+0300] {dag.py:3722} INFO - Setting next_dagrun for dataset_consumes_unknown_never_scheduled to None, run_after=None
[2023-11-20T15:20:10.321+0300] {logging_mixin.py:154} INFO - [2023-11-20T15:20:10.321+0300] {dag.py:3722} INFO - Setting next_dagrun for dataset_produces_1 to 2023-11-19T00:00:00+00:00, run_after=2023-11-20T00:00:00+00:00
[2023-11-20T15:20:10.323+0300] {logging_mixin.py:154} INFO - [2023-11-20T15:20:10.322+0300] {dag.py:3722} INFO - Setting next_dagrun for dataset_produces_2 to None, run_after=None
[2023-11-20T15:20:10.375+0300] {processor.py:179} INFO - Processing /home/user/Masaüstü/kafka/.env/lib/python3.8/site-packages/airflow/example_dags/example_datasets.py took 0.151 seconds
[2023-11-20T15:20:57.648+0300] {processor.py:157} INFO - Started process (PID=34846) to work on /home/user/Masaüstü/kafka/.env/lib/python3.8/site-packages/airflow/example_dags/example_datasets.py
[2023-11-20T15:20:57.651+0300] {processor.py:829} INFO - Processing file /home/user/Masaüstü/kafka/.env/lib/python3.8/site-packages/airflow/example_dags/example_datasets.py for tasks to queue
[2023-11-20T15:20:57.652+0300] {logging_mixin.py:154} INFO - [2023-11-20T15:20:57.651+0300] {dagbag.py:536} INFO - Filling up the DagBag from /home/user/Masaüstü/kafka/.env/lib/python3.8/site-packages/airflow/example_dags/example_datasets.py
[2023-11-20T15:20:57.663+0300] {processor.py:839} INFO - DAG(s) dict_keys(['dataset_consumes_1_and_2', 'dataset_consumes_1_never_scheduled', 'dataset_produces_2', 'dataset_consumes_unknown_never_scheduled', 'dataset_consumes_1', 'dataset_produces_1']) retrieved from /home/user/Masaüstü/kafka/.env/lib/python3.8/site-packages/airflow/example_dags/example_datasets.py
[2023-11-20T15:20:57.691+0300] {logging_mixin.py:154} INFO - [2023-11-20T15:20:57.690+0300] {dag.py:2941} INFO - Sync 6 DAGs
[2023-11-20T15:20:57.709+0300] {logging_mixin.py:154} INFO - [2023-11-20T15:20:57.709+0300] {dag.py:3722} INFO - Setting next_dagrun for dataset_consumes_1 to None, run_after=None
[2023-11-20T15:20:57.713+0300] {logging_mixin.py:154} INFO - [2023-11-20T15:20:57.712+0300] {dag.py:3722} INFO - Setting next_dagrun for dataset_consumes_1_and_2 to None, run_after=None
[2023-11-20T15:20:57.714+0300] {logging_mixin.py:154} INFO - [2023-11-20T15:20:57.713+0300] {dag.py:3722} INFO - Setting next_dagrun for dataset_consumes_1_never_scheduled to None, run_after=None
[2023-11-20T15:20:57.714+0300] {logging_mixin.py:154} INFO - [2023-11-20T15:20:57.714+0300] {dag.py:3722} INFO - Setting next_dagrun for dataset_consumes_unknown_never_scheduled to None, run_after=None
[2023-11-20T15:20:57.717+0300] {logging_mixin.py:154} INFO - [2023-11-20T15:20:57.717+0300] {dag.py:3722} INFO - Setting next_dagrun for dataset_produces_1 to 2023-11-19T00:00:00+00:00, run_after=2023-11-20T00:00:00+00:00
[2023-11-20T15:20:57.718+0300] {logging_mixin.py:154} INFO - [2023-11-20T15:20:57.717+0300] {dag.py:3722} INFO - Setting next_dagrun for dataset_produces_2 to None, run_after=None
[2023-11-20T15:20:57.744+0300] {processor.py:179} INFO - Processing /home/user/Masaüstü/kafka/.env/lib/python3.8/site-packages/airflow/example_dags/example_datasets.py took 0.099 seconds
[2023-11-20T15:21:28.214+0300] {processor.py:157} INFO - Started process (PID=35905) to work on /home/user/Masaüstü/kafka/.env/lib/python3.8/site-packages/airflow/example_dags/example_datasets.py
[2023-11-20T15:21:28.217+0300] {processor.py:829} INFO - Processing file /home/user/Masaüstü/kafka/.env/lib/python3.8/site-packages/airflow/example_dags/example_datasets.py for tasks to queue
[2023-11-20T15:21:28.220+0300] {logging_mixin.py:154} INFO - [2023-11-20T15:21:28.219+0300] {dagbag.py:536} INFO - Filling up the DagBag from /home/user/Masaüstü/kafka/.env/lib/python3.8/site-packages/airflow/example_dags/example_datasets.py
[2023-11-20T15:21:28.242+0300] {processor.py:839} INFO - DAG(s) dict_keys(['dataset_consumes_unknown_never_scheduled', 'dataset_produces_2', 'dataset_consumes_1_and_2', 'dataset_consumes_1_never_scheduled', 'dataset_consumes_1', 'dataset_produces_1']) retrieved from /home/user/Masaüstü/kafka/.env/lib/python3.8/site-packages/airflow/example_dags/example_datasets.py
[2023-11-20T15:21:28.251+0300] {logging_mixin.py:154} INFO - [2023-11-20T15:21:28.251+0300] {dag.py:2941} INFO - Sync 6 DAGs
[2023-11-20T15:21:28.268+0300] {logging_mixin.py:154} INFO - [2023-11-20T15:21:28.268+0300] {dag.py:3722} INFO - Setting next_dagrun for dataset_consumes_1 to None, run_after=None
[2023-11-20T15:21:28.270+0300] {logging_mixin.py:154} INFO - [2023-11-20T15:21:28.270+0300] {dag.py:3722} INFO - Setting next_dagrun for dataset_consumes_1_and_2 to None, run_after=None
[2023-11-20T15:21:28.271+0300] {logging_mixin.py:154} INFO - [2023-11-20T15:21:28.271+0300] {dag.py:3722} INFO - Setting next_dagrun for dataset_consumes_1_never_scheduled to None, run_after=None
[2023-11-20T15:21:28.272+0300] {logging_mixin.py:154} INFO - [2023-11-20T15:21:28.272+0300] {dag.py:3722} INFO - Setting next_dagrun for dataset_consumes_unknown_never_scheduled to None, run_after=None
[2023-11-20T15:21:28.274+0300] {logging_mixin.py:154} INFO - [2023-11-20T15:21:28.274+0300] {dag.py:3722} INFO - Setting next_dagrun for dataset_produces_1 to 2023-11-19T00:00:00+00:00, run_after=2023-11-20T00:00:00+00:00
[2023-11-20T15:21:28.274+0300] {logging_mixin.py:154} INFO - [2023-11-20T15:21:28.274+0300] {dag.py:3722} INFO - Setting next_dagrun for dataset_produces_2 to None, run_after=None
[2023-11-20T15:21:28.299+0300] {processor.py:179} INFO - Processing /home/user/Masaüstü/kafka/.env/lib/python3.8/site-packages/airflow/example_dags/example_datasets.py took 0.093 seconds
[2023-11-20T15:22:14.729+0300] {processor.py:157} INFO - Started process (PID=36186) to work on /home/user/Masaüstü/kafka/.env/lib/python3.8/site-packages/airflow/example_dags/example_datasets.py
[2023-11-20T15:22:14.730+0300] {processor.py:829} INFO - Processing file /home/user/Masaüstü/kafka/.env/lib/python3.8/site-packages/airflow/example_dags/example_datasets.py for tasks to queue
[2023-11-20T15:22:14.731+0300] {logging_mixin.py:154} INFO - [2023-11-20T15:22:14.731+0300] {dagbag.py:536} INFO - Filling up the DagBag from /home/user/Masaüstü/kafka/.env/lib/python3.8/site-packages/airflow/example_dags/example_datasets.py
[2023-11-20T15:22:14.739+0300] {processor.py:839} INFO - DAG(s) dict_keys(['dataset_consumes_1', 'dataset_consumes_1_never_scheduled', 'dataset_consumes_1_and_2', 'dataset_produces_1', 'dataset_consumes_unknown_never_scheduled', 'dataset_produces_2']) retrieved from /home/user/Masaüstü/kafka/.env/lib/python3.8/site-packages/airflow/example_dags/example_datasets.py
[2023-11-20T15:22:14.763+0300] {logging_mixin.py:154} INFO - [2023-11-20T15:22:14.763+0300] {dag.py:2941} INFO - Sync 6 DAGs
[2023-11-20T15:22:14.781+0300] {logging_mixin.py:154} INFO - [2023-11-20T15:22:14.780+0300] {dag.py:3722} INFO - Setting next_dagrun for dataset_consumes_1 to None, run_after=None
[2023-11-20T15:22:14.784+0300] {logging_mixin.py:154} INFO - [2023-11-20T15:22:14.784+0300] {dag.py:3722} INFO - Setting next_dagrun for dataset_consumes_1_and_2 to None, run_after=None
[2023-11-20T15:22:14.785+0300] {logging_mixin.py:154} INFO - [2023-11-20T15:22:14.785+0300] {dag.py:3722} INFO - Setting next_dagrun for dataset_consumes_1_never_scheduled to None, run_after=None
[2023-11-20T15:22:14.785+0300] {logging_mixin.py:154} INFO - [2023-11-20T15:22:14.785+0300] {dag.py:3722} INFO - Setting next_dagrun for dataset_consumes_unknown_never_scheduled to None, run_after=None
[2023-11-20T15:22:14.787+0300] {logging_mixin.py:154} INFO - [2023-11-20T15:22:14.787+0300] {dag.py:3722} INFO - Setting next_dagrun for dataset_produces_1 to 2023-11-19T00:00:00+00:00, run_after=2023-11-20T00:00:00+00:00
[2023-11-20T15:22:14.788+0300] {logging_mixin.py:154} INFO - [2023-11-20T15:22:14.788+0300] {dag.py:3722} INFO - Setting next_dagrun for dataset_produces_2 to None, run_after=None
[2023-11-20T15:22:14.825+0300] {processor.py:179} INFO - Processing /home/user/Masaüstü/kafka/.env/lib/python3.8/site-packages/airflow/example_dags/example_datasets.py took 0.099 seconds
[2023-11-20T15:23:00.306+0300] {processor.py:157} INFO - Started process (PID=36614) to work on /home/user/Masaüstü/kafka/.env/lib/python3.8/site-packages/airflow/example_dags/example_datasets.py
[2023-11-20T15:23:00.308+0300] {processor.py:829} INFO - Processing file /home/user/Masaüstü/kafka/.env/lib/python3.8/site-packages/airflow/example_dags/example_datasets.py for tasks to queue
[2023-11-20T15:23:00.309+0300] {logging_mixin.py:154} INFO - [2023-11-20T15:23:00.309+0300] {dagbag.py:536} INFO - Filling up the DagBag from /home/user/Masaüstü/kafka/.env/lib/python3.8/site-packages/airflow/example_dags/example_datasets.py
[2023-11-20T15:23:00.324+0300] {processor.py:839} INFO - DAG(s) dict_keys(['dataset_consumes_unknown_never_scheduled', 'dataset_consumes_1_never_scheduled', 'dataset_produces_2', 'dataset_produces_1', 'dataset_consumes_1_and_2', 'dataset_consumes_1']) retrieved from /home/user/Masaüstü/kafka/.env/lib/python3.8/site-packages/airflow/example_dags/example_datasets.py
[2023-11-20T15:23:00.363+0300] {logging_mixin.py:154} INFO - [2023-11-20T15:23:00.363+0300] {dag.py:2941} INFO - Sync 6 DAGs
[2023-11-20T15:23:00.384+0300] {logging_mixin.py:154} INFO - [2023-11-20T15:23:00.384+0300] {dag.py:3722} INFO - Setting next_dagrun for dataset_consumes_1 to None, run_after=None
[2023-11-20T15:23:00.387+0300] {logging_mixin.py:154} INFO - [2023-11-20T15:23:00.387+0300] {dag.py:3722} INFO - Setting next_dagrun for dataset_consumes_1_and_2 to None, run_after=None
[2023-11-20T15:23:00.388+0300] {logging_mixin.py:154} INFO - [2023-11-20T15:23:00.388+0300] {dag.py:3722} INFO - Setting next_dagrun for dataset_consumes_1_never_scheduled to None, run_after=None
[2023-11-20T15:23:00.389+0300] {logging_mixin.py:154} INFO - [2023-11-20T15:23:00.388+0300] {dag.py:3722} INFO - Setting next_dagrun for dataset_consumes_unknown_never_scheduled to None, run_after=None
[2023-11-20T15:23:00.391+0300] {logging_mixin.py:154} INFO - [2023-11-20T15:23:00.391+0300] {dag.py:3722} INFO - Setting next_dagrun for dataset_produces_1 to 2023-11-19T00:00:00+00:00, run_after=2023-11-20T00:00:00+00:00
[2023-11-20T15:23:00.392+0300] {logging_mixin.py:154} INFO - [2023-11-20T15:23:00.392+0300] {dag.py:3722} INFO - Setting next_dagrun for dataset_produces_2 to None, run_after=None
[2023-11-20T15:23:00.422+0300] {processor.py:179} INFO - Processing /home/user/Masaüstü/kafka/.env/lib/python3.8/site-packages/airflow/example_dags/example_datasets.py took 0.122 seconds
[2023-11-20T15:23:48.779+0300] {processor.py:157} INFO - Started process (PID=37070) to work on /home/user/Masaüstü/kafka/.env/lib/python3.8/site-packages/airflow/example_dags/example_datasets.py
[2023-11-20T15:23:48.780+0300] {processor.py:829} INFO - Processing file /home/user/Masaüstü/kafka/.env/lib/python3.8/site-packages/airflow/example_dags/example_datasets.py for tasks to queue
[2023-11-20T15:23:48.781+0300] {logging_mixin.py:154} INFO - [2023-11-20T15:23:48.781+0300] {dagbag.py:536} INFO - Filling up the DagBag from /home/user/Masaüstü/kafka/.env/lib/python3.8/site-packages/airflow/example_dags/example_datasets.py
[2023-11-20T15:23:48.788+0300] {processor.py:839} INFO - DAG(s) dict_keys(['dataset_consumes_unknown_never_scheduled', 'dataset_consumes_1', 'dataset_consumes_1_and_2', 'dataset_produces_1', 'dataset_produces_2', 'dataset_consumes_1_never_scheduled']) retrieved from /home/user/Masaüstü/kafka/.env/lib/python3.8/site-packages/airflow/example_dags/example_datasets.py
[2023-11-20T15:23:48.810+0300] {logging_mixin.py:154} INFO - [2023-11-20T15:23:48.810+0300] {dag.py:2941} INFO - Sync 6 DAGs
[2023-11-20T15:23:48.826+0300] {logging_mixin.py:154} INFO - [2023-11-20T15:23:48.826+0300] {dag.py:3722} INFO - Setting next_dagrun for dataset_consumes_1 to None, run_after=None
[2023-11-20T15:23:48.828+0300] {logging_mixin.py:154} INFO - [2023-11-20T15:23:48.828+0300] {dag.py:3722} INFO - Setting next_dagrun for dataset_consumes_1_and_2 to None, run_after=None
[2023-11-20T15:23:48.829+0300] {logging_mixin.py:154} INFO - [2023-11-20T15:23:48.829+0300] {dag.py:3722} INFO - Setting next_dagrun for dataset_consumes_1_never_scheduled to None, run_after=None
[2023-11-20T15:23:48.830+0300] {logging_mixin.py:154} INFO - [2023-11-20T15:23:48.830+0300] {dag.py:3722} INFO - Setting next_dagrun for dataset_consumes_unknown_never_scheduled to None, run_after=None
[2023-11-20T15:23:48.832+0300] {logging_mixin.py:154} INFO - [2023-11-20T15:23:48.832+0300] {dag.py:3722} INFO - Setting next_dagrun for dataset_produces_1 to 2023-11-19T00:00:00+00:00, run_after=2023-11-20T00:00:00+00:00
[2023-11-20T15:23:48.833+0300] {logging_mixin.py:154} INFO - [2023-11-20T15:23:48.833+0300] {dag.py:3722} INFO - Setting next_dagrun for dataset_produces_2 to None, run_after=None
[2023-11-20T15:23:48.858+0300] {processor.py:179} INFO - Processing /home/user/Masaüstü/kafka/.env/lib/python3.8/site-packages/airflow/example_dags/example_datasets.py took 0.081 seconds
[2023-11-20T15:25:00.590+0300] {processor.py:157} INFO - Started process (PID=38658) to work on /home/user/Masaüstü/kafka/.env/lib/python3.8/site-packages/airflow/example_dags/example_datasets.py
[2023-11-20T15:25:00.593+0300] {processor.py:829} INFO - Processing file /home/user/Masaüstü/kafka/.env/lib/python3.8/site-packages/airflow/example_dags/example_datasets.py for tasks to queue
[2023-11-20T15:25:00.594+0300] {logging_mixin.py:154} INFO - [2023-11-20T15:25:00.593+0300] {dagbag.py:536} INFO - Filling up the DagBag from /home/user/Masaüstü/kafka/.env/lib/python3.8/site-packages/airflow/example_dags/example_datasets.py
[2023-11-20T15:25:00.612+0300] {processor.py:839} INFO - DAG(s) dict_keys(['dataset_consumes_1', 'dataset_consumes_unknown_never_scheduled', 'dataset_consumes_1_and_2', 'dataset_produces_1', 'dataset_consumes_1_never_scheduled', 'dataset_produces_2']) retrieved from /home/user/Masaüstü/kafka/.env/lib/python3.8/site-packages/airflow/example_dags/example_datasets.py
[2023-11-20T15:25:00.624+0300] {logging_mixin.py:154} INFO - [2023-11-20T15:25:00.623+0300] {dag.py:2941} INFO - Sync 6 DAGs
[2023-11-20T15:25:00.642+0300] {logging_mixin.py:154} INFO - [2023-11-20T15:25:00.642+0300] {dag.py:3722} INFO - Setting next_dagrun for dataset_consumes_1 to None, run_after=None
[2023-11-20T15:25:00.645+0300] {logging_mixin.py:154} INFO - [2023-11-20T15:25:00.645+0300] {dag.py:3722} INFO - Setting next_dagrun for dataset_consumes_1_and_2 to None, run_after=None
[2023-11-20T15:25:00.646+0300] {logging_mixin.py:154} INFO - [2023-11-20T15:25:00.645+0300] {dag.py:3722} INFO - Setting next_dagrun for dataset_consumes_1_never_scheduled to None, run_after=None
[2023-11-20T15:25:00.646+0300] {logging_mixin.py:154} INFO - [2023-11-20T15:25:00.646+0300] {dag.py:3722} INFO - Setting next_dagrun for dataset_consumes_unknown_never_scheduled to None, run_after=None
[2023-11-20T15:25:00.649+0300] {logging_mixin.py:154} INFO - [2023-11-20T15:25:00.649+0300] {dag.py:3722} INFO - Setting next_dagrun for dataset_produces_1 to 2023-11-19T00:00:00+00:00, run_after=2023-11-20T00:00:00+00:00
[2023-11-20T15:25:00.651+0300] {logging_mixin.py:154} INFO - [2023-11-20T15:25:00.650+0300] {dag.py:3722} INFO - Setting next_dagrun for dataset_produces_2 to None, run_after=None
[2023-11-20T15:25:00.688+0300] {processor.py:179} INFO - Processing /home/user/Masaüstü/kafka/.env/lib/python3.8/site-packages/airflow/example_dags/example_datasets.py took 0.101 seconds
[2023-11-20T15:27:20.928+0300] {processor.py:157} INFO - Started process (PID=4899) to work on /home/user/Masaüstü/kafka/.env/lib/python3.8/site-packages/airflow/example_dags/example_datasets.py
[2023-11-20T15:27:20.930+0300] {processor.py:829} INFO - Processing file /home/user/Masaüstü/kafka/.env/lib/python3.8/site-packages/airflow/example_dags/example_datasets.py for tasks to queue
[2023-11-20T15:27:20.931+0300] {logging_mixin.py:154} INFO - [2023-11-20T15:27:20.931+0300] {dagbag.py:536} INFO - Filling up the DagBag from /home/user/Masaüstü/kafka/.env/lib/python3.8/site-packages/airflow/example_dags/example_datasets.py
[2023-11-20T15:27:20.943+0300] {processor.py:839} INFO - DAG(s) dict_keys(['dataset_consumes_1_never_scheduled', 'dataset_consumes_1_and_2', 'dataset_consumes_unknown_never_scheduled', 'dataset_produces_1', 'dataset_produces_2', 'dataset_consumes_1']) retrieved from /home/user/Masaüstü/kafka/.env/lib/python3.8/site-packages/airflow/example_dags/example_datasets.py
[2023-11-20T15:27:20.952+0300] {logging_mixin.py:154} INFO - [2023-11-20T15:27:20.952+0300] {dag.py:2941} INFO - Sync 6 DAGs
[2023-11-20T15:27:20.970+0300] {logging_mixin.py:154} INFO - [2023-11-20T15:27:20.970+0300] {dag.py:3722} INFO - Setting next_dagrun for dataset_consumes_1 to None, run_after=None
[2023-11-20T15:27:20.973+0300] {logging_mixin.py:154} INFO - [2023-11-20T15:27:20.972+0300] {dag.py:3722} INFO - Setting next_dagrun for dataset_consumes_1_and_2 to None, run_after=None
[2023-11-20T15:27:20.973+0300] {logging_mixin.py:154} INFO - [2023-11-20T15:27:20.973+0300] {dag.py:3722} INFO - Setting next_dagrun for dataset_consumes_1_never_scheduled to None, run_after=None
[2023-11-20T15:27:20.974+0300] {logging_mixin.py:154} INFO - [2023-11-20T15:27:20.974+0300] {dag.py:3722} INFO - Setting next_dagrun for dataset_consumes_unknown_never_scheduled to None, run_after=None
[2023-11-20T15:27:20.976+0300] {logging_mixin.py:154} INFO - [2023-11-20T15:27:20.976+0300] {dag.py:3722} INFO - Setting next_dagrun for dataset_produces_1 to 2023-11-19T00:00:00+00:00, run_after=2023-11-20T00:00:00+00:00
[2023-11-20T15:27:20.976+0300] {logging_mixin.py:154} INFO - [2023-11-20T15:27:20.976+0300] {dag.py:3722} INFO - Setting next_dagrun for dataset_produces_2 to None, run_after=None
[2023-11-20T15:27:21.001+0300] {processor.py:179} INFO - Processing /home/user/Masaüstü/kafka/.env/lib/python3.8/site-packages/airflow/example_dags/example_datasets.py took 0.075 seconds
[2023-11-20T15:28:06.352+0300] {processor.py:157} INFO - Started process (PID=5206) to work on /home/user/Masaüstü/kafka/.env/lib/python3.8/site-packages/airflow/example_dags/example_datasets.py
[2023-11-20T15:28:06.356+0300] {processor.py:829} INFO - Processing file /home/user/Masaüstü/kafka/.env/lib/python3.8/site-packages/airflow/example_dags/example_datasets.py for tasks to queue
[2023-11-20T15:28:06.358+0300] {logging_mixin.py:154} INFO - [2023-11-20T15:28:06.357+0300] {dagbag.py:536} INFO - Filling up the DagBag from /home/user/Masaüstü/kafka/.env/lib/python3.8/site-packages/airflow/example_dags/example_datasets.py
[2023-11-20T15:28:06.380+0300] {processor.py:839} INFO - DAG(s) dict_keys(['dataset_consumes_1', 'dataset_consumes_1_never_scheduled', 'dataset_consumes_1_and_2', 'dataset_produces_1', 'dataset_consumes_unknown_never_scheduled', 'dataset_produces_2']) retrieved from /home/user/Masaüstü/kafka/.env/lib/python3.8/site-packages/airflow/example_dags/example_datasets.py
[2023-11-20T15:28:06.405+0300] {logging_mixin.py:154} INFO - [2023-11-20T15:28:06.405+0300] {dag.py:2941} INFO - Sync 6 DAGs
[2023-11-20T15:28:06.420+0300] {logging_mixin.py:154} INFO - [2023-11-20T15:28:06.420+0300] {dag.py:3722} INFO - Setting next_dagrun for dataset_consumes_1 to None, run_after=None
[2023-11-20T15:28:06.422+0300] {logging_mixin.py:154} INFO - [2023-11-20T15:28:06.422+0300] {dag.py:3722} INFO - Setting next_dagrun for dataset_consumes_1_and_2 to None, run_after=None
[2023-11-20T15:28:06.423+0300] {logging_mixin.py:154} INFO - [2023-11-20T15:28:06.423+0300] {dag.py:3722} INFO - Setting next_dagrun for dataset_consumes_1_never_scheduled to None, run_after=None
[2023-11-20T15:28:06.423+0300] {logging_mixin.py:154} INFO - [2023-11-20T15:28:06.423+0300] {dag.py:3722} INFO - Setting next_dagrun for dataset_consumes_unknown_never_scheduled to None, run_after=None
[2023-11-20T15:28:06.425+0300] {logging_mixin.py:154} INFO - [2023-11-20T15:28:06.425+0300] {dag.py:3722} INFO - Setting next_dagrun for dataset_produces_1 to 2023-11-19T00:00:00+00:00, run_after=2023-11-20T00:00:00+00:00
[2023-11-20T15:28:06.426+0300] {logging_mixin.py:154} INFO - [2023-11-20T15:28:06.426+0300] {dag.py:3722} INFO - Setting next_dagrun for dataset_produces_2 to None, run_after=None
[2023-11-20T15:28:06.450+0300] {processor.py:179} INFO - Processing /home/user/Masaüstü/kafka/.env/lib/python3.8/site-packages/airflow/example_dags/example_datasets.py took 0.105 seconds
[2023-11-20T15:28:50.911+0300] {processor.py:157} INFO - Started process (PID=5511) to work on /home/user/Masaüstü/kafka/.env/lib/python3.8/site-packages/airflow/example_dags/example_datasets.py
[2023-11-20T15:28:50.913+0300] {processor.py:829} INFO - Processing file /home/user/Masaüstü/kafka/.env/lib/python3.8/site-packages/airflow/example_dags/example_datasets.py for tasks to queue
[2023-11-20T15:28:50.914+0300] {logging_mixin.py:154} INFO - [2023-11-20T15:28:50.914+0300] {dagbag.py:536} INFO - Filling up the DagBag from /home/user/Masaüstü/kafka/.env/lib/python3.8/site-packages/airflow/example_dags/example_datasets.py
[2023-11-20T15:28:50.921+0300] {processor.py:839} INFO - DAG(s) dict_keys(['dataset_consumes_1_and_2', 'dataset_produces_2', 'dataset_consumes_unknown_never_scheduled', 'dataset_produces_1', 'dataset_consumes_1_never_scheduled', 'dataset_consumes_1']) retrieved from /home/user/Masaüstü/kafka/.env/lib/python3.8/site-packages/airflow/example_dags/example_datasets.py
[2023-11-20T15:28:50.943+0300] {logging_mixin.py:154} INFO - [2023-11-20T15:28:50.943+0300] {dag.py:2941} INFO - Sync 6 DAGs
[2023-11-20T15:28:50.958+0300] {logging_mixin.py:154} INFO - [2023-11-20T15:28:50.958+0300] {dag.py:3722} INFO - Setting next_dagrun for dataset_consumes_1 to None, run_after=None
[2023-11-20T15:28:50.960+0300] {logging_mixin.py:154} INFO - [2023-11-20T15:28:50.960+0300] {dag.py:3722} INFO - Setting next_dagrun for dataset_consumes_1_and_2 to None, run_after=None
[2023-11-20T15:28:50.961+0300] {logging_mixin.py:154} INFO - [2023-11-20T15:28:50.961+0300] {dag.py:3722} INFO - Setting next_dagrun for dataset_consumes_1_never_scheduled to None, run_after=None
[2023-11-20T15:28:50.962+0300] {logging_mixin.py:154} INFO - [2023-11-20T15:28:50.961+0300] {dag.py:3722} INFO - Setting next_dagrun for dataset_consumes_unknown_never_scheduled to None, run_after=None
[2023-11-20T15:28:50.964+0300] {logging_mixin.py:154} INFO - [2023-11-20T15:28:50.963+0300] {dag.py:3722} INFO - Setting next_dagrun for dataset_produces_1 to 2023-11-19T00:00:00+00:00, run_after=2023-11-20T00:00:00+00:00
[2023-11-20T15:28:50.964+0300] {logging_mixin.py:154} INFO - [2023-11-20T15:28:50.964+0300] {dag.py:3722} INFO - Setting next_dagrun for dataset_produces_2 to None, run_after=None
[2023-11-20T15:28:50.988+0300] {processor.py:179} INFO - Processing /home/user/Masaüstü/kafka/.env/lib/python3.8/site-packages/airflow/example_dags/example_datasets.py took 0.079 seconds
[2023-11-20T15:36:08.295+0300] {processor.py:157} INFO - Started process (PID=6951) to work on /home/user/Masaüstü/kafka/.env/lib/python3.8/site-packages/airflow/example_dags/example_datasets.py
[2023-11-20T15:36:08.297+0300] {processor.py:829} INFO - Processing file /home/user/Masaüstü/kafka/.env/lib/python3.8/site-packages/airflow/example_dags/example_datasets.py for tasks to queue
[2023-11-20T15:36:08.299+0300] {logging_mixin.py:154} INFO - [2023-11-20T15:36:08.298+0300] {dagbag.py:536} INFO - Filling up the DagBag from /home/user/Masaüstü/kafka/.env/lib/python3.8/site-packages/airflow/example_dags/example_datasets.py
[2023-11-20T15:36:08.317+0300] {processor.py:839} INFO - DAG(s) dict_keys(['dataset_consumes_unknown_never_scheduled', 'dataset_consumes_1_never_scheduled', 'dataset_consumes_1', 'dataset_consumes_1_and_2', 'dataset_produces_2', 'dataset_produces_1']) retrieved from /home/user/Masaüstü/kafka/.env/lib/python3.8/site-packages/airflow/example_dags/example_datasets.py
[2023-11-20T15:36:08.327+0300] {logging_mixin.py:154} INFO - [2023-11-20T15:36:08.326+0300] {dag.py:2941} INFO - Sync 6 DAGs
[2023-11-20T15:36:08.344+0300] {logging_mixin.py:154} INFO - [2023-11-20T15:36:08.344+0300] {dag.py:3722} INFO - Setting next_dagrun for dataset_consumes_1 to None, run_after=None
[2023-11-20T15:36:08.346+0300] {logging_mixin.py:154} INFO - [2023-11-20T15:36:08.346+0300] {dag.py:3722} INFO - Setting next_dagrun for dataset_consumes_1_and_2 to None, run_after=None
[2023-11-20T15:36:08.347+0300] {logging_mixin.py:154} INFO - [2023-11-20T15:36:08.347+0300] {dag.py:3722} INFO - Setting next_dagrun for dataset_consumes_1_never_scheduled to None, run_after=None
[2023-11-20T15:36:08.347+0300] {logging_mixin.py:154} INFO - [2023-11-20T15:36:08.347+0300] {dag.py:3722} INFO - Setting next_dagrun for dataset_consumes_unknown_never_scheduled to None, run_after=None
[2023-11-20T15:36:08.349+0300] {logging_mixin.py:154} INFO - [2023-11-20T15:36:08.349+0300] {dag.py:3722} INFO - Setting next_dagrun for dataset_produces_1 to 2023-11-19T00:00:00+00:00, run_after=2023-11-20T00:00:00+00:00
[2023-11-20T15:36:08.350+0300] {logging_mixin.py:154} INFO - [2023-11-20T15:36:08.350+0300] {dag.py:3722} INFO - Setting next_dagrun for dataset_produces_2 to None, run_after=None
[2023-11-20T15:36:08.377+0300] {processor.py:179} INFO - Processing /home/user/Masaüstü/kafka/.env/lib/python3.8/site-packages/airflow/example_dags/example_datasets.py took 0.086 seconds
