[2023-11-20T15:20:45.172+0300] {processor.py:157} INFO - Started process (PID=34724) to work on /home/user/Masaüstü/kafka/.env/lib/python3.8/site-packages/airflow/example_dags/example_bash_operator.py
[2023-11-20T15:20:45.173+0300] {processor.py:829} INFO - Processing file /home/user/Masaüstü/kafka/.env/lib/python3.8/site-packages/airflow/example_dags/example_bash_operator.py for tasks to queue
[2023-11-20T15:20:45.173+0300] {logging_mixin.py:154} INFO - [2023-11-20T15:20:45.173+0300] {dagbag.py:536} INFO - Filling up the DagBag from /home/user/Masaüstü/kafka/.env/lib/python3.8/site-packages/airflow/example_dags/example_bash_operator.py
[2023-11-20T15:20:45.184+0300] {processor.py:839} INFO - DAG(s) dict_keys(['example_bash_operator']) retrieved from /home/user/Masaüstü/kafka/.env/lib/python3.8/site-packages/airflow/example_dags/example_bash_operator.py
[2023-11-20T15:20:45.204+0300] {logging_mixin.py:154} INFO - [2023-11-20T15:20:45.204+0300] {dag.py:2941} INFO - Sync 1 DAGs
[2023-11-20T15:20:45.222+0300] {logging_mixin.py:154} INFO - [2023-11-20T15:20:45.222+0300] {dag.py:3722} INFO - Setting next_dagrun for example_bash_operator to 2023-11-19T00:00:00+00:00, run_after=2023-11-20T00:00:00+00:00
[2023-11-20T15:20:45.239+0300] {processor.py:179} INFO - Processing /home/user/Masaüstü/kafka/.env/lib/python3.8/site-packages/airflow/example_dags/example_bash_operator.py took 0.069 seconds
[2023-11-20T15:22:02.023+0300] {processor.py:157} INFO - Started process (PID=36116) to work on /home/user/Masaüstü/kafka/.env/lib/python3.8/site-packages/airflow/example_dags/example_bash_operator.py
[2023-11-20T15:22:02.025+0300] {processor.py:829} INFO - Processing file /home/user/Masaüstü/kafka/.env/lib/python3.8/site-packages/airflow/example_dags/example_bash_operator.py for tasks to queue
[2023-11-20T15:22:02.025+0300] {logging_mixin.py:154} INFO - [2023-11-20T15:22:02.025+0300] {dagbag.py:536} INFO - Filling up the DagBag from /home/user/Masaüstü/kafka/.env/lib/python3.8/site-packages/airflow/example_dags/example_bash_operator.py
[2023-11-20T15:22:02.042+0300] {processor.py:839} INFO - DAG(s) dict_keys(['example_bash_operator']) retrieved from /home/user/Masaüstü/kafka/.env/lib/python3.8/site-packages/airflow/example_dags/example_bash_operator.py
[2023-11-20T15:22:02.069+0300] {logging_mixin.py:154} INFO - [2023-11-20T15:22:02.069+0300] {dag.py:2941} INFO - Sync 1 DAGs
[2023-11-20T15:22:02.103+0300] {logging_mixin.py:154} INFO - [2023-11-20T15:22:02.103+0300] {dag.py:3722} INFO - Setting next_dagrun for example_bash_operator to 2023-11-19T00:00:00+00:00, run_after=2023-11-20T00:00:00+00:00
[2023-11-20T15:22:02.144+0300] {processor.py:179} INFO - Processing /home/user/Masaüstü/kafka/.env/lib/python3.8/site-packages/airflow/example_dags/example_bash_operator.py took 0.123 seconds
[2023-11-20T15:22:49.854+0300] {processor.py:157} INFO - Started process (PID=36548) to work on /home/user/Masaüstü/kafka/.env/lib/python3.8/site-packages/airflow/example_dags/example_bash_operator.py
[2023-11-20T15:22:49.857+0300] {processor.py:829} INFO - Processing file /home/user/Masaüstü/kafka/.env/lib/python3.8/site-packages/airflow/example_dags/example_bash_operator.py for tasks to queue
[2023-11-20T15:22:49.858+0300] {logging_mixin.py:154} INFO - [2023-11-20T15:22:49.858+0300] {dagbag.py:536} INFO - Filling up the DagBag from /home/user/Masaüstü/kafka/.env/lib/python3.8/site-packages/airflow/example_dags/example_bash_operator.py
[2023-11-20T15:22:49.878+0300] {processor.py:839} INFO - DAG(s) dict_keys(['example_bash_operator']) retrieved from /home/user/Masaüstü/kafka/.env/lib/python3.8/site-packages/airflow/example_dags/example_bash_operator.py
[2023-11-20T15:22:49.904+0300] {logging_mixin.py:154} INFO - [2023-11-20T15:22:49.903+0300] {dag.py:2941} INFO - Sync 1 DAGs
[2023-11-20T15:22:49.922+0300] {logging_mixin.py:154} INFO - [2023-11-20T15:22:49.922+0300] {dag.py:3722} INFO - Setting next_dagrun for example_bash_operator to 2023-11-19T00:00:00+00:00, run_after=2023-11-20T00:00:00+00:00
[2023-11-20T15:22:49.942+0300] {processor.py:179} INFO - Processing /home/user/Masaüstü/kafka/.env/lib/python3.8/site-packages/airflow/example_dags/example_bash_operator.py took 0.093 seconds
[2023-11-20T15:23:41.346+0300] {processor.py:157} INFO - Started process (PID=37019) to work on /home/user/Masaüstü/kafka/.env/lib/python3.8/site-packages/airflow/example_dags/example_bash_operator.py
[2023-11-20T15:23:41.350+0300] {processor.py:829} INFO - Processing file /home/user/Masaüstü/kafka/.env/lib/python3.8/site-packages/airflow/example_dags/example_bash_operator.py for tasks to queue
[2023-11-20T15:23:41.353+0300] {logging_mixin.py:154} INFO - [2023-11-20T15:23:41.352+0300] {dagbag.py:536} INFO - Filling up the DagBag from /home/user/Masaüstü/kafka/.env/lib/python3.8/site-packages/airflow/example_dags/example_bash_operator.py
[2023-11-20T15:23:41.381+0300] {processor.py:839} INFO - DAG(s) dict_keys(['example_bash_operator']) retrieved from /home/user/Masaüstü/kafka/.env/lib/python3.8/site-packages/airflow/example_dags/example_bash_operator.py
[2023-11-20T15:23:41.405+0300] {logging_mixin.py:154} INFO - [2023-11-20T15:23:41.404+0300] {dag.py:2941} INFO - Sync 1 DAGs
[2023-11-20T15:23:41.421+0300] {logging_mixin.py:154} INFO - [2023-11-20T15:23:41.421+0300] {dag.py:3722} INFO - Setting next_dagrun for example_bash_operator to 2023-11-19T00:00:00+00:00, run_after=2023-11-20T00:00:00+00:00
[2023-11-20T15:23:41.440+0300] {processor.py:179} INFO - Processing /home/user/Masaüstü/kafka/.env/lib/python3.8/site-packages/airflow/example_dags/example_bash_operator.py took 0.102 seconds
[2023-11-20T15:24:32.080+0300] {processor.py:157} INFO - Started process (PID=37658) to work on /home/user/Masaüstü/kafka/.env/lib/python3.8/site-packages/airflow/example_dags/example_bash_operator.py
[2023-11-20T15:24:32.083+0300] {processor.py:829} INFO - Processing file /home/user/Masaüstü/kafka/.env/lib/python3.8/site-packages/airflow/example_dags/example_bash_operator.py for tasks to queue
[2023-11-20T15:24:32.084+0300] {logging_mixin.py:154} INFO - [2023-11-20T15:24:32.084+0300] {dagbag.py:536} INFO - Filling up the DagBag from /home/user/Masaüstü/kafka/.env/lib/python3.8/site-packages/airflow/example_dags/example_bash_operator.py
[2023-11-20T15:24:32.110+0300] {processor.py:839} INFO - DAG(s) dict_keys(['example_bash_operator']) retrieved from /home/user/Masaüstü/kafka/.env/lib/python3.8/site-packages/airflow/example_dags/example_bash_operator.py
[2023-11-20T15:24:32.190+0300] {logging_mixin.py:154} INFO - [2023-11-20T15:24:32.189+0300] {dag.py:2941} INFO - Sync 1 DAGs
[2023-11-20T15:24:32.245+0300] {logging_mixin.py:154} INFO - [2023-11-20T15:24:32.244+0300] {dag.py:3722} INFO - Setting next_dagrun for example_bash_operator to 2023-11-19T00:00:00+00:00, run_after=2023-11-20T00:00:00+00:00
[2023-11-20T15:24:32.292+0300] {processor.py:179} INFO - Processing /home/user/Masaüstü/kafka/.env/lib/python3.8/site-packages/airflow/example_dags/example_bash_operator.py took 0.217 seconds
[2023-11-20T15:27:54.205+0300] {processor.py:157} INFO - Started process (PID=5136) to work on /home/user/Masaüstü/kafka/.env/lib/python3.8/site-packages/airflow/example_dags/example_bash_operator.py
[2023-11-20T15:27:54.207+0300] {processor.py:829} INFO - Processing file /home/user/Masaüstü/kafka/.env/lib/python3.8/site-packages/airflow/example_dags/example_bash_operator.py for tasks to queue
[2023-11-20T15:27:54.208+0300] {logging_mixin.py:154} INFO - [2023-11-20T15:27:54.208+0300] {dagbag.py:536} INFO - Filling up the DagBag from /home/user/Masaüstü/kafka/.env/lib/python3.8/site-packages/airflow/example_dags/example_bash_operator.py
[2023-11-20T15:27:54.223+0300] {processor.py:839} INFO - DAG(s) dict_keys(['example_bash_operator']) retrieved from /home/user/Masaüstü/kafka/.env/lib/python3.8/site-packages/airflow/example_dags/example_bash_operator.py
[2023-11-20T15:27:54.249+0300] {logging_mixin.py:154} INFO - [2023-11-20T15:27:54.249+0300] {dag.py:2941} INFO - Sync 1 DAGs
[2023-11-20T15:27:54.270+0300] {logging_mixin.py:154} INFO - [2023-11-20T15:27:54.270+0300] {dag.py:3722} INFO - Setting next_dagrun for example_bash_operator to 2023-11-19T00:00:00+00:00, run_after=2023-11-20T00:00:00+00:00
[2023-11-20T15:27:54.297+0300] {processor.py:179} INFO - Processing /home/user/Masaüstü/kafka/.env/lib/python3.8/site-packages/airflow/example_dags/example_bash_operator.py took 0.095 seconds
[2023-11-20T15:28:40.782+0300] {processor.py:157} INFO - Started process (PID=5458) to work on /home/user/Masaüstü/kafka/.env/lib/python3.8/site-packages/airflow/example_dags/example_bash_operator.py
[2023-11-20T15:28:40.785+0300] {processor.py:829} INFO - Processing file /home/user/Masaüstü/kafka/.env/lib/python3.8/site-packages/airflow/example_dags/example_bash_operator.py for tasks to queue
[2023-11-20T15:28:40.786+0300] {logging_mixin.py:154} INFO - [2023-11-20T15:28:40.786+0300] {dagbag.py:536} INFO - Filling up the DagBag from /home/user/Masaüstü/kafka/.env/lib/python3.8/site-packages/airflow/example_dags/example_bash_operator.py
[2023-11-20T15:28:40.801+0300] {processor.py:839} INFO - DAG(s) dict_keys(['example_bash_operator']) retrieved from /home/user/Masaüstü/kafka/.env/lib/python3.8/site-packages/airflow/example_dags/example_bash_operator.py
[2023-11-20T15:28:40.821+0300] {logging_mixin.py:154} INFO - [2023-11-20T15:28:40.820+0300] {dag.py:2941} INFO - Sync 1 DAGs
[2023-11-20T15:28:40.837+0300] {logging_mixin.py:154} INFO - [2023-11-20T15:28:40.837+0300] {dag.py:3722} INFO - Setting next_dagrun for example_bash_operator to 2023-11-19T00:00:00+00:00, run_after=2023-11-20T00:00:00+00:00
[2023-11-20T15:28:40.857+0300] {processor.py:179} INFO - Processing /home/user/Masaüstü/kafka/.env/lib/python3.8/site-packages/airflow/example_dags/example_bash_operator.py took 0.081 seconds
