[2023-11-20T15:20:36.027+0300] {processor.py:157} INFO - Started process (PID=34669) to work on /home/user/Masaüstü/kafka/.env/lib/python3.8/site-packages/airflow/example_dags/example_dynamic_task_mapping.py
[2023-11-20T15:20:36.029+0300] {processor.py:829} INFO - Processing file /home/user/Masaüstü/kafka/.env/lib/python3.8/site-packages/airflow/example_dags/example_dynamic_task_mapping.py for tasks to queue
[2023-11-20T15:20:36.032+0300] {logging_mixin.py:154} INFO - [2023-11-20T15:20:36.031+0300] {dagbag.py:536} INFO - Filling up the DagBag from /home/user/Masaüstü/kafka/.env/lib/python3.8/site-packages/airflow/example_dags/example_dynamic_task_mapping.py
[2023-11-20T15:20:36.042+0300] {processor.py:839} INFO - DAG(s) dict_keys(['example_dynamic_task_mapping']) retrieved from /home/user/Masaüstü/kafka/.env/lib/python3.8/site-packages/airflow/example_dags/example_dynamic_task_mapping.py
[2023-11-20T15:20:36.059+0300] {logging_mixin.py:154} INFO - [2023-11-20T15:20:36.059+0300] {dag.py:2941} INFO - Sync 1 DAGs
[2023-11-20T15:20:36.074+0300] {logging_mixin.py:154} INFO - [2023-11-20T15:20:36.074+0300] {dag.py:3722} INFO - Setting next_dagrun for example_dynamic_task_mapping to 2022-03-04T00:00:00+00:00, run_after=2022-03-05T00:00:00+00:00
[2023-11-20T15:20:36.093+0300] {processor.py:179} INFO - Processing /home/user/Masaüstü/kafka/.env/lib/python3.8/site-packages/airflow/example_dags/example_dynamic_task_mapping.py took 0.077 seconds
[2023-11-20T15:21:52.890+0300] {processor.py:157} INFO - Started process (PID=36044) to work on /home/user/Masaüstü/kafka/.env/lib/python3.8/site-packages/airflow/example_dags/example_dynamic_task_mapping.py
[2023-11-20T15:21:52.893+0300] {processor.py:829} INFO - Processing file /home/user/Masaüstü/kafka/.env/lib/python3.8/site-packages/airflow/example_dags/example_dynamic_task_mapping.py for tasks to queue
[2023-11-20T15:21:52.895+0300] {logging_mixin.py:154} INFO - [2023-11-20T15:21:52.894+0300] {dagbag.py:536} INFO - Filling up the DagBag from /home/user/Masaüstü/kafka/.env/lib/python3.8/site-packages/airflow/example_dags/example_dynamic_task_mapping.py
[2023-11-20T15:21:52.912+0300] {processor.py:839} INFO - DAG(s) dict_keys(['example_dynamic_task_mapping']) retrieved from /home/user/Masaüstü/kafka/.env/lib/python3.8/site-packages/airflow/example_dags/example_dynamic_task_mapping.py
[2023-11-20T15:21:52.954+0300] {logging_mixin.py:154} INFO - [2023-11-20T15:21:52.953+0300] {dag.py:2941} INFO - Sync 1 DAGs
[2023-11-20T15:21:52.993+0300] {logging_mixin.py:154} INFO - [2023-11-20T15:21:52.992+0300] {dag.py:3722} INFO - Setting next_dagrun for example_dynamic_task_mapping to 2022-03-04T00:00:00+00:00, run_after=2022-03-05T00:00:00+00:00
[2023-11-20T15:21:53.027+0300] {processor.py:179} INFO - Processing /home/user/Masaüstü/kafka/.env/lib/python3.8/site-packages/airflow/example_dags/example_dynamic_task_mapping.py took 0.142 seconds
[2023-11-20T15:22:41.865+0300] {processor.py:157} INFO - Started process (PID=36502) to work on /home/user/Masaüstü/kafka/.env/lib/python3.8/site-packages/airflow/example_dags/example_dynamic_task_mapping.py
[2023-11-20T15:22:41.867+0300] {processor.py:829} INFO - Processing file /home/user/Masaüstü/kafka/.env/lib/python3.8/site-packages/airflow/example_dags/example_dynamic_task_mapping.py for tasks to queue
[2023-11-20T15:22:41.869+0300] {logging_mixin.py:154} INFO - [2023-11-20T15:22:41.868+0300] {dagbag.py:536} INFO - Filling up the DagBag from /home/user/Masaüstü/kafka/.env/lib/python3.8/site-packages/airflow/example_dags/example_dynamic_task_mapping.py
[2023-11-20T15:22:41.876+0300] {processor.py:839} INFO - DAG(s) dict_keys(['example_dynamic_task_mapping']) retrieved from /home/user/Masaüstü/kafka/.env/lib/python3.8/site-packages/airflow/example_dags/example_dynamic_task_mapping.py
[2023-11-20T15:22:41.890+0300] {logging_mixin.py:154} INFO - [2023-11-20T15:22:41.890+0300] {dag.py:2941} INFO - Sync 1 DAGs
[2023-11-20T15:22:41.911+0300] {logging_mixin.py:154} INFO - [2023-11-20T15:22:41.911+0300] {dag.py:3722} INFO - Setting next_dagrun for example_dynamic_task_mapping to 2022-03-04T00:00:00+00:00, run_after=2022-03-05T00:00:00+00:00
[2023-11-20T15:22:41.931+0300] {processor.py:179} INFO - Processing /home/user/Masaüstü/kafka/.env/lib/python3.8/site-packages/airflow/example_dags/example_dynamic_task_mapping.py took 0.070 seconds
[2023-11-20T15:23:32.306+0300] {processor.py:157} INFO - Started process (PID=36941) to work on /home/user/Masaüstü/kafka/.env/lib/python3.8/site-packages/airflow/example_dags/example_dynamic_task_mapping.py
[2023-11-20T15:23:32.309+0300] {processor.py:829} INFO - Processing file /home/user/Masaüstü/kafka/.env/lib/python3.8/site-packages/airflow/example_dags/example_dynamic_task_mapping.py for tasks to queue
[2023-11-20T15:23:32.312+0300] {logging_mixin.py:154} INFO - [2023-11-20T15:23:32.310+0300] {dagbag.py:536} INFO - Filling up the DagBag from /home/user/Masaüstü/kafka/.env/lib/python3.8/site-packages/airflow/example_dags/example_dynamic_task_mapping.py
[2023-11-20T15:23:32.327+0300] {processor.py:839} INFO - DAG(s) dict_keys(['example_dynamic_task_mapping']) retrieved from /home/user/Masaüstü/kafka/.env/lib/python3.8/site-packages/airflow/example_dags/example_dynamic_task_mapping.py
[2023-11-20T15:23:32.342+0300] {logging_mixin.py:154} INFO - [2023-11-20T15:23:32.341+0300] {dag.py:2941} INFO - Sync 1 DAGs
[2023-11-20T15:23:32.360+0300] {logging_mixin.py:154} INFO - [2023-11-20T15:23:32.360+0300] {dag.py:3722} INFO - Setting next_dagrun for example_dynamic_task_mapping to 2022-03-04T00:00:00+00:00, run_after=2022-03-05T00:00:00+00:00
[2023-11-20T15:23:32.383+0300] {processor.py:179} INFO - Processing /home/user/Masaüstü/kafka/.env/lib/python3.8/site-packages/airflow/example_dags/example_dynamic_task_mapping.py took 0.085 seconds
[2023-11-20T15:24:22.899+0300] {processor.py:157} INFO - Started process (PID=37608) to work on /home/user/Masaüstü/kafka/.env/lib/python3.8/site-packages/airflow/example_dags/example_dynamic_task_mapping.py
[2023-11-20T15:24:22.902+0300] {processor.py:829} INFO - Processing file /home/user/Masaüstü/kafka/.env/lib/python3.8/site-packages/airflow/example_dags/example_dynamic_task_mapping.py for tasks to queue
[2023-11-20T15:24:22.904+0300] {logging_mixin.py:154} INFO - [2023-11-20T15:24:22.903+0300] {dagbag.py:536} INFO - Filling up the DagBag from /home/user/Masaüstü/kafka/.env/lib/python3.8/site-packages/airflow/example_dags/example_dynamic_task_mapping.py
[2023-11-20T15:24:22.920+0300] {processor.py:839} INFO - DAG(s) dict_keys(['example_dynamic_task_mapping']) retrieved from /home/user/Masaüstü/kafka/.env/lib/python3.8/site-packages/airflow/example_dags/example_dynamic_task_mapping.py
[2023-11-20T15:24:22.935+0300] {logging_mixin.py:154} INFO - [2023-11-20T15:24:22.934+0300] {dag.py:2941} INFO - Sync 1 DAGs
[2023-11-20T15:24:22.953+0300] {logging_mixin.py:154} INFO - [2023-11-20T15:24:22.953+0300] {dag.py:3722} INFO - Setting next_dagrun for example_dynamic_task_mapping to 2022-03-04T00:00:00+00:00, run_after=2022-03-05T00:00:00+00:00
[2023-11-20T15:24:22.973+0300] {processor.py:179} INFO - Processing /home/user/Masaüstü/kafka/.env/lib/python3.8/site-packages/airflow/example_dags/example_dynamic_task_mapping.py took 0.081 seconds
[2023-11-20T15:27:44.969+0300] {processor.py:157} INFO - Started process (PID=5089) to work on /home/user/Masaüstü/kafka/.env/lib/python3.8/site-packages/airflow/example_dags/example_dynamic_task_mapping.py
[2023-11-20T15:27:44.971+0300] {processor.py:829} INFO - Processing file /home/user/Masaüstü/kafka/.env/lib/python3.8/site-packages/airflow/example_dags/example_dynamic_task_mapping.py for tasks to queue
[2023-11-20T15:27:44.971+0300] {logging_mixin.py:154} INFO - [2023-11-20T15:27:44.971+0300] {dagbag.py:536} INFO - Filling up the DagBag from /home/user/Masaüstü/kafka/.env/lib/python3.8/site-packages/airflow/example_dags/example_dynamic_task_mapping.py
[2023-11-20T15:27:44.977+0300] {processor.py:839} INFO - DAG(s) dict_keys(['example_dynamic_task_mapping']) retrieved from /home/user/Masaüstü/kafka/.env/lib/python3.8/site-packages/airflow/example_dags/example_dynamic_task_mapping.py
[2023-11-20T15:27:44.988+0300] {logging_mixin.py:154} INFO - [2023-11-20T15:27:44.987+0300] {dag.py:2941} INFO - Sync 1 DAGs
[2023-11-20T15:27:45.002+0300] {logging_mixin.py:154} INFO - [2023-11-20T15:27:45.002+0300] {dag.py:3722} INFO - Setting next_dagrun for example_dynamic_task_mapping to 2022-03-04T00:00:00+00:00, run_after=2022-03-05T00:00:00+00:00
[2023-11-20T15:27:45.019+0300] {processor.py:179} INFO - Processing /home/user/Masaüstü/kafka/.env/lib/python3.8/site-packages/airflow/example_dags/example_dynamic_task_mapping.py took 0.052 seconds
[2023-11-20T15:28:32.204+0300] {processor.py:157} INFO - Started process (PID=5409) to work on /home/user/Masaüstü/kafka/.env/lib/python3.8/site-packages/airflow/example_dags/example_dynamic_task_mapping.py
[2023-11-20T15:28:32.206+0300] {processor.py:829} INFO - Processing file /home/user/Masaüstü/kafka/.env/lib/python3.8/site-packages/airflow/example_dags/example_dynamic_task_mapping.py for tasks to queue
[2023-11-20T15:28:32.207+0300] {logging_mixin.py:154} INFO - [2023-11-20T15:28:32.207+0300] {dagbag.py:536} INFO - Filling up the DagBag from /home/user/Masaüstü/kafka/.env/lib/python3.8/site-packages/airflow/example_dags/example_dynamic_task_mapping.py
[2023-11-20T15:28:32.213+0300] {processor.py:839} INFO - DAG(s) dict_keys(['example_dynamic_task_mapping']) retrieved from /home/user/Masaüstü/kafka/.env/lib/python3.8/site-packages/airflow/example_dags/example_dynamic_task_mapping.py
[2023-11-20T15:28:32.224+0300] {logging_mixin.py:154} INFO - [2023-11-20T15:28:32.223+0300] {dag.py:2941} INFO - Sync 1 DAGs
[2023-11-20T15:28:32.239+0300] {logging_mixin.py:154} INFO - [2023-11-20T15:28:32.238+0300] {dag.py:3722} INFO - Setting next_dagrun for example_dynamic_task_mapping to 2022-03-04T00:00:00+00:00, run_after=2022-03-05T00:00:00+00:00
[2023-11-20T15:28:32.255+0300] {processor.py:179} INFO - Processing /home/user/Masaüstü/kafka/.env/lib/python3.8/site-packages/airflow/example_dags/example_dynamic_task_mapping.py took 0.053 seconds
