[2023-11-20T15:20:44.039+0300] {processor.py:157} INFO - Started process (PID=34716) to work on /home/user/Masaüstü/kafka/.env/lib/python3.8/site-packages/airflow/example_dags/example_branch_datetime_operator.py
[2023-11-20T15:20:44.040+0300] {processor.py:829} INFO - Processing file /home/user/Masaüstü/kafka/.env/lib/python3.8/site-packages/airflow/example_dags/example_branch_datetime_operator.py for tasks to queue
[2023-11-20T15:20:44.042+0300] {logging_mixin.py:154} INFO - [2023-11-20T15:20:44.041+0300] {dagbag.py:536} INFO - Filling up the DagBag from /home/user/Masaüstü/kafka/.env/lib/python3.8/site-packages/airflow/example_dags/example_branch_datetime_operator.py
[2023-11-20T15:20:44.056+0300] {processor.py:839} INFO - DAG(s) dict_keys(['example_branch_datetime_operator_2', 'example_branch_datetime_operator', 'example_branch_datetime_operator_3']) retrieved from /home/user/Masaüstü/kafka/.env/lib/python3.8/site-packages/airflow/example_dags/example_branch_datetime_operator.py
[2023-11-20T15:20:44.075+0300] {logging_mixin.py:154} INFO - [2023-11-20T15:20:44.075+0300] {dag.py:2941} INFO - Sync 3 DAGs
[2023-11-20T15:20:44.095+0300] {logging_mixin.py:154} INFO - [2023-11-20T15:20:44.095+0300] {dag.py:3722} INFO - Setting next_dagrun for example_branch_datetime_operator to 2023-11-19T00:00:00+00:00, run_after=2023-11-20T00:00:00+00:00
[2023-11-20T15:20:44.100+0300] {logging_mixin.py:154} INFO - [2023-11-20T15:20:44.100+0300] {dag.py:3722} INFO - Setting next_dagrun for example_branch_datetime_operator_2 to 2023-11-19T00:00:00+00:00, run_after=2023-11-20T00:00:00+00:00
[2023-11-20T15:20:44.102+0300] {logging_mixin.py:154} INFO - [2023-11-20T15:20:44.102+0300] {dag.py:3722} INFO - Setting next_dagrun for example_branch_datetime_operator_3 to 2023-11-19T00:00:00+00:00, run_after=2023-11-20T00:00:00+00:00
[2023-11-20T15:20:44.122+0300] {processor.py:179} INFO - Processing /home/user/Masaüstü/kafka/.env/lib/python3.8/site-packages/airflow/example_dags/example_branch_datetime_operator.py took 0.090 seconds
[2023-11-20T15:22:01.213+0300] {processor.py:157} INFO - Started process (PID=36110) to work on /home/user/Masaüstü/kafka/.env/lib/python3.8/site-packages/airflow/example_dags/example_branch_datetime_operator.py
[2023-11-20T15:22:01.216+0300] {processor.py:829} INFO - Processing file /home/user/Masaüstü/kafka/.env/lib/python3.8/site-packages/airflow/example_dags/example_branch_datetime_operator.py for tasks to queue
[2023-11-20T15:22:01.219+0300] {logging_mixin.py:154} INFO - [2023-11-20T15:22:01.218+0300] {dagbag.py:536} INFO - Filling up the DagBag from /home/user/Masaüstü/kafka/.env/lib/python3.8/site-packages/airflow/example_dags/example_branch_datetime_operator.py
[2023-11-20T15:22:01.237+0300] {processor.py:839} INFO - DAG(s) dict_keys(['example_branch_datetime_operator', 'example_branch_datetime_operator_3', 'example_branch_datetime_operator_2']) retrieved from /home/user/Masaüstü/kafka/.env/lib/python3.8/site-packages/airflow/example_dags/example_branch_datetime_operator.py
[2023-11-20T15:22:01.259+0300] {logging_mixin.py:154} INFO - [2023-11-20T15:22:01.258+0300] {dag.py:2941} INFO - Sync 3 DAGs
[2023-11-20T15:22:01.276+0300] {logging_mixin.py:154} INFO - [2023-11-20T15:22:01.276+0300] {dag.py:3722} INFO - Setting next_dagrun for example_branch_datetime_operator to 2023-11-19T00:00:00+00:00, run_after=2023-11-20T00:00:00+00:00
[2023-11-20T15:22:01.280+0300] {logging_mixin.py:154} INFO - [2023-11-20T15:22:01.280+0300] {dag.py:3722} INFO - Setting next_dagrun for example_branch_datetime_operator_2 to 2023-11-19T00:00:00+00:00, run_after=2023-11-20T00:00:00+00:00
[2023-11-20T15:22:01.283+0300] {logging_mixin.py:154} INFO - [2023-11-20T15:22:01.283+0300] {dag.py:3722} INFO - Setting next_dagrun for example_branch_datetime_operator_3 to 2023-11-19T00:00:00+00:00, run_after=2023-11-20T00:00:00+00:00
[2023-11-20T15:22:01.301+0300] {processor.py:179} INFO - Processing /home/user/Masaüstü/kafka/.env/lib/python3.8/site-packages/airflow/example_dags/example_branch_datetime_operator.py took 0.094 seconds
[2023-11-20T15:22:48.689+0300] {processor.py:157} INFO - Started process (PID=36543) to work on /home/user/Masaüstü/kafka/.env/lib/python3.8/site-packages/airflow/example_dags/example_branch_datetime_operator.py
[2023-11-20T15:22:48.692+0300] {processor.py:829} INFO - Processing file /home/user/Masaüstü/kafka/.env/lib/python3.8/site-packages/airflow/example_dags/example_branch_datetime_operator.py for tasks to queue
[2023-11-20T15:22:48.693+0300] {logging_mixin.py:154} INFO - [2023-11-20T15:22:48.692+0300] {dagbag.py:536} INFO - Filling up the DagBag from /home/user/Masaüstü/kafka/.env/lib/python3.8/site-packages/airflow/example_dags/example_branch_datetime_operator.py
[2023-11-20T15:22:48.707+0300] {processor.py:839} INFO - DAG(s) dict_keys(['example_branch_datetime_operator_3', 'example_branch_datetime_operator', 'example_branch_datetime_operator_2']) retrieved from /home/user/Masaüstü/kafka/.env/lib/python3.8/site-packages/airflow/example_dags/example_branch_datetime_operator.py
[2023-11-20T15:22:48.726+0300] {logging_mixin.py:154} INFO - [2023-11-20T15:22:48.725+0300] {dag.py:2941} INFO - Sync 3 DAGs
[2023-11-20T15:22:48.744+0300] {logging_mixin.py:154} INFO - [2023-11-20T15:22:48.744+0300] {dag.py:3722} INFO - Setting next_dagrun for example_branch_datetime_operator to 2023-11-19T00:00:00+00:00, run_after=2023-11-20T00:00:00+00:00
[2023-11-20T15:22:48.751+0300] {logging_mixin.py:154} INFO - [2023-11-20T15:22:48.750+0300] {dag.py:3722} INFO - Setting next_dagrun for example_branch_datetime_operator_2 to 2023-11-19T00:00:00+00:00, run_after=2023-11-20T00:00:00+00:00
[2023-11-20T15:22:48.754+0300] {logging_mixin.py:154} INFO - [2023-11-20T15:22:48.754+0300] {dag.py:3722} INFO - Setting next_dagrun for example_branch_datetime_operator_3 to 2023-11-19T00:00:00+00:00, run_after=2023-11-20T00:00:00+00:00
[2023-11-20T15:22:48.772+0300] {processor.py:179} INFO - Processing /home/user/Masaüstü/kafka/.env/lib/python3.8/site-packages/airflow/example_dags/example_branch_datetime_operator.py took 0.086 seconds
[2023-11-20T15:23:40.181+0300] {processor.py:157} INFO - Started process (PID=37015) to work on /home/user/Masaüstü/kafka/.env/lib/python3.8/site-packages/airflow/example_dags/example_branch_datetime_operator.py
[2023-11-20T15:23:40.183+0300] {processor.py:829} INFO - Processing file /home/user/Masaüstü/kafka/.env/lib/python3.8/site-packages/airflow/example_dags/example_branch_datetime_operator.py for tasks to queue
[2023-11-20T15:23:40.184+0300] {logging_mixin.py:154} INFO - [2023-11-20T15:23:40.184+0300] {dagbag.py:536} INFO - Filling up the DagBag from /home/user/Masaüstü/kafka/.env/lib/python3.8/site-packages/airflow/example_dags/example_branch_datetime_operator.py
[2023-11-20T15:23:40.195+0300] {processor.py:839} INFO - DAG(s) dict_keys(['example_branch_datetime_operator', 'example_branch_datetime_operator_3', 'example_branch_datetime_operator_2']) retrieved from /home/user/Masaüstü/kafka/.env/lib/python3.8/site-packages/airflow/example_dags/example_branch_datetime_operator.py
[2023-11-20T15:23:40.212+0300] {logging_mixin.py:154} INFO - [2023-11-20T15:23:40.212+0300] {dag.py:2941} INFO - Sync 3 DAGs
[2023-11-20T15:23:40.229+0300] {logging_mixin.py:154} INFO - [2023-11-20T15:23:40.229+0300] {dag.py:3722} INFO - Setting next_dagrun for example_branch_datetime_operator to 2023-11-19T00:00:00+00:00, run_after=2023-11-20T00:00:00+00:00
[2023-11-20T15:23:40.233+0300] {logging_mixin.py:154} INFO - [2023-11-20T15:23:40.233+0300] {dag.py:3722} INFO - Setting next_dagrun for example_branch_datetime_operator_2 to 2023-11-19T00:00:00+00:00, run_after=2023-11-20T00:00:00+00:00
[2023-11-20T15:23:40.235+0300] {logging_mixin.py:154} INFO - [2023-11-20T15:23:40.235+0300] {dag.py:3722} INFO - Setting next_dagrun for example_branch_datetime_operator_3 to 2023-11-19T00:00:00+00:00, run_after=2023-11-20T00:00:00+00:00
[2023-11-20T15:23:40.252+0300] {processor.py:179} INFO - Processing /home/user/Masaüstü/kafka/.env/lib/python3.8/site-packages/airflow/example_dags/example_branch_datetime_operator.py took 0.073 seconds
[2023-11-20T15:24:30.799+0300] {processor.py:157} INFO - Started process (PID=37651) to work on /home/user/Masaüstü/kafka/.env/lib/python3.8/site-packages/airflow/example_dags/example_branch_datetime_operator.py
[2023-11-20T15:24:30.800+0300] {processor.py:829} INFO - Processing file /home/user/Masaüstü/kafka/.env/lib/python3.8/site-packages/airflow/example_dags/example_branch_datetime_operator.py for tasks to queue
[2023-11-20T15:24:30.802+0300] {logging_mixin.py:154} INFO - [2023-11-20T15:24:30.801+0300] {dagbag.py:536} INFO - Filling up the DagBag from /home/user/Masaüstü/kafka/.env/lib/python3.8/site-packages/airflow/example_dags/example_branch_datetime_operator.py
[2023-11-20T15:24:30.820+0300] {processor.py:839} INFO - DAG(s) dict_keys(['example_branch_datetime_operator_2', 'example_branch_datetime_operator_3', 'example_branch_datetime_operator']) retrieved from /home/user/Masaüstü/kafka/.env/lib/python3.8/site-packages/airflow/example_dags/example_branch_datetime_operator.py
[2023-11-20T15:24:30.863+0300] {logging_mixin.py:154} INFO - [2023-11-20T15:24:30.862+0300] {dag.py:2941} INFO - Sync 3 DAGs
[2023-11-20T15:24:30.909+0300] {logging_mixin.py:154} INFO - [2023-11-20T15:24:30.908+0300] {dag.py:3722} INFO - Setting next_dagrun for example_branch_datetime_operator to 2023-11-19T00:00:00+00:00, run_after=2023-11-20T00:00:00+00:00
[2023-11-20T15:24:30.918+0300] {logging_mixin.py:154} INFO - [2023-11-20T15:24:30.917+0300] {dag.py:3722} INFO - Setting next_dagrun for example_branch_datetime_operator_2 to 2023-11-19T00:00:00+00:00, run_after=2023-11-20T00:00:00+00:00
[2023-11-20T15:24:30.921+0300] {logging_mixin.py:154} INFO - [2023-11-20T15:24:30.921+0300] {dag.py:3722} INFO - Setting next_dagrun for example_branch_datetime_operator_3 to 2023-11-19T00:00:00+00:00, run_after=2023-11-20T00:00:00+00:00
[2023-11-20T15:24:30.948+0300] {processor.py:179} INFO - Processing /home/user/Masaüstü/kafka/.env/lib/python3.8/site-packages/airflow/example_dags/example_branch_datetime_operator.py took 0.153 seconds
[2023-11-20T15:27:53.059+0300] {processor.py:157} INFO - Started process (PID=5131) to work on /home/user/Masaüstü/kafka/.env/lib/python3.8/site-packages/airflow/example_dags/example_branch_datetime_operator.py
[2023-11-20T15:27:53.061+0300] {processor.py:829} INFO - Processing file /home/user/Masaüstü/kafka/.env/lib/python3.8/site-packages/airflow/example_dags/example_branch_datetime_operator.py for tasks to queue
[2023-11-20T15:27:53.062+0300] {logging_mixin.py:154} INFO - [2023-11-20T15:27:53.062+0300] {dagbag.py:536} INFO - Filling up the DagBag from /home/user/Masaüstü/kafka/.env/lib/python3.8/site-packages/airflow/example_dags/example_branch_datetime_operator.py
[2023-11-20T15:27:53.070+0300] {processor.py:839} INFO - DAG(s) dict_keys(['example_branch_datetime_operator', 'example_branch_datetime_operator_3', 'example_branch_datetime_operator_2']) retrieved from /home/user/Masaüstü/kafka/.env/lib/python3.8/site-packages/airflow/example_dags/example_branch_datetime_operator.py
[2023-11-20T15:27:53.087+0300] {logging_mixin.py:154} INFO - [2023-11-20T15:27:53.086+0300] {dag.py:2941} INFO - Sync 3 DAGs
[2023-11-20T15:27:53.102+0300] {logging_mixin.py:154} INFO - [2023-11-20T15:27:53.102+0300] {dag.py:3722} INFO - Setting next_dagrun for example_branch_datetime_operator to 2023-11-19T00:00:00+00:00, run_after=2023-11-20T00:00:00+00:00
[2023-11-20T15:27:53.106+0300] {logging_mixin.py:154} INFO - [2023-11-20T15:27:53.105+0300] {dag.py:3722} INFO - Setting next_dagrun for example_branch_datetime_operator_2 to 2023-11-19T00:00:00+00:00, run_after=2023-11-20T00:00:00+00:00
[2023-11-20T15:27:53.107+0300] {logging_mixin.py:154} INFO - [2023-11-20T15:27:53.107+0300] {dag.py:3722} INFO - Setting next_dagrun for example_branch_datetime_operator_3 to 2023-11-19T00:00:00+00:00, run_after=2023-11-20T00:00:00+00:00
[2023-11-20T15:27:53.123+0300] {processor.py:179} INFO - Processing /home/user/Masaüstü/kafka/.env/lib/python3.8/site-packages/airflow/example_dags/example_branch_datetime_operator.py took 0.067 seconds
[2023-11-20T15:28:40.351+0300] {processor.py:157} INFO - Started process (PID=5454) to work on /home/user/Masaüstü/kafka/.env/lib/python3.8/site-packages/airflow/example_dags/example_branch_datetime_operator.py
[2023-11-20T15:28:40.354+0300] {processor.py:829} INFO - Processing file /home/user/Masaüstü/kafka/.env/lib/python3.8/site-packages/airflow/example_dags/example_branch_datetime_operator.py for tasks to queue
[2023-11-20T15:28:40.357+0300] {logging_mixin.py:154} INFO - [2023-11-20T15:28:40.356+0300] {dagbag.py:536} INFO - Filling up the DagBag from /home/user/Masaüstü/kafka/.env/lib/python3.8/site-packages/airflow/example_dags/example_branch_datetime_operator.py
[2023-11-20T15:28:40.379+0300] {processor.py:839} INFO - DAG(s) dict_keys(['example_branch_datetime_operator_2', 'example_branch_datetime_operator', 'example_branch_datetime_operator_3']) retrieved from /home/user/Masaüstü/kafka/.env/lib/python3.8/site-packages/airflow/example_dags/example_branch_datetime_operator.py
[2023-11-20T15:28:40.399+0300] {logging_mixin.py:154} INFO - [2023-11-20T15:28:40.398+0300] {dag.py:2941} INFO - Sync 3 DAGs
[2023-11-20T15:28:40.416+0300] {logging_mixin.py:154} INFO - [2023-11-20T15:28:40.416+0300] {dag.py:3722} INFO - Setting next_dagrun for example_branch_datetime_operator to 2023-11-19T00:00:00+00:00, run_after=2023-11-20T00:00:00+00:00
[2023-11-20T15:28:40.420+0300] {logging_mixin.py:154} INFO - [2023-11-20T15:28:40.420+0300] {dag.py:3722} INFO - Setting next_dagrun for example_branch_datetime_operator_2 to 2023-11-19T00:00:00+00:00, run_after=2023-11-20T00:00:00+00:00
[2023-11-20T15:28:40.422+0300] {logging_mixin.py:154} INFO - [2023-11-20T15:28:40.422+0300] {dag.py:3722} INFO - Setting next_dagrun for example_branch_datetime_operator_3 to 2023-11-19T00:00:00+00:00, run_after=2023-11-20T00:00:00+00:00
[2023-11-20T15:28:40.438+0300] {processor.py:179} INFO - Processing /home/user/Masaüstü/kafka/.env/lib/python3.8/site-packages/airflow/example_dags/example_branch_datetime_operator.py took 0.095 seconds
