[2023-11-20T15:20:38.864+0300] {processor.py:157} INFO - Started process (PID=34687) to work on /home/user/Masaüstü/kafka/.env/lib/python3.8/site-packages/airflow/example_dags/example_branch_operator_decorator.py
[2023-11-20T15:20:38.865+0300] {processor.py:829} INFO - Processing file /home/user/Masaüstü/kafka/.env/lib/python3.8/site-packages/airflow/example_dags/example_branch_operator_decorator.py for tasks to queue
[2023-11-20T15:20:38.866+0300] {logging_mixin.py:154} INFO - [2023-11-20T15:20:38.865+0300] {dagbag.py:536} INFO - Filling up the DagBag from /home/user/Masaüstü/kafka/.env/lib/python3.8/site-packages/airflow/example_dags/example_branch_operator_decorator.py
[2023-11-20T15:20:38.874+0300] {processor.py:839} INFO - DAG(s) dict_keys(['example_branch_python_operator_decorator']) retrieved from /home/user/Masaüstü/kafka/.env/lib/python3.8/site-packages/airflow/example_dags/example_branch_operator_decorator.py
[2023-11-20T15:20:38.890+0300] {logging_mixin.py:154} INFO - [2023-11-20T15:20:38.890+0300] {dag.py:2941} INFO - Sync 1 DAGs
[2023-11-20T15:20:38.908+0300] {logging_mixin.py:154} INFO - [2023-11-20T15:20:38.908+0300] {dag.py:3722} INFO - Setting next_dagrun for example_branch_python_operator_decorator to 2023-11-19T00:00:00+00:00, run_after=2023-11-20T00:00:00+00:00
[2023-11-20T15:20:38.937+0300] {processor.py:179} INFO - Processing /home/user/Masaüstü/kafka/.env/lib/python3.8/site-packages/airflow/example_dags/example_branch_operator_decorator.py took 0.077 seconds
[2023-11-20T15:21:56.216+0300] {processor.py:157} INFO - Started process (PID=36068) to work on /home/user/Masaüstü/kafka/.env/lib/python3.8/site-packages/airflow/example_dags/example_branch_operator_decorator.py
[2023-11-20T15:21:56.220+0300] {processor.py:829} INFO - Processing file /home/user/Masaüstü/kafka/.env/lib/python3.8/site-packages/airflow/example_dags/example_branch_operator_decorator.py for tasks to queue
[2023-11-20T15:21:56.223+0300] {logging_mixin.py:154} INFO - [2023-11-20T15:21:56.222+0300] {dagbag.py:536} INFO - Filling up the DagBag from /home/user/Masaüstü/kafka/.env/lib/python3.8/site-packages/airflow/example_dags/example_branch_operator_decorator.py
[2023-11-20T15:21:56.241+0300] {processor.py:839} INFO - DAG(s) dict_keys(['example_branch_python_operator_decorator']) retrieved from /home/user/Masaüstü/kafka/.env/lib/python3.8/site-packages/airflow/example_dags/example_branch_operator_decorator.py
[2023-11-20T15:21:56.258+0300] {logging_mixin.py:154} INFO - [2023-11-20T15:21:56.258+0300] {dag.py:2941} INFO - Sync 1 DAGs
[2023-11-20T15:21:56.275+0300] {logging_mixin.py:154} INFO - [2023-11-20T15:21:56.275+0300] {dag.py:3722} INFO - Setting next_dagrun for example_branch_python_operator_decorator to 2023-11-19T00:00:00+00:00, run_after=2023-11-20T00:00:00+00:00
[2023-11-20T15:21:56.294+0300] {processor.py:179} INFO - Processing /home/user/Masaüstü/kafka/.env/lib/python3.8/site-packages/airflow/example_dags/example_branch_operator_decorator.py took 0.085 seconds
[2023-11-20T15:22:44.695+0300] {processor.py:157} INFO - Started process (PID=36521) to work on /home/user/Masaüstü/kafka/.env/lib/python3.8/site-packages/airflow/example_dags/example_branch_operator_decorator.py
[2023-11-20T15:22:44.699+0300] {processor.py:829} INFO - Processing file /home/user/Masaüstü/kafka/.env/lib/python3.8/site-packages/airflow/example_dags/example_branch_operator_decorator.py for tasks to queue
[2023-11-20T15:22:44.702+0300] {logging_mixin.py:154} INFO - [2023-11-20T15:22:44.701+0300] {dagbag.py:536} INFO - Filling up the DagBag from /home/user/Masaüstü/kafka/.env/lib/python3.8/site-packages/airflow/example_dags/example_branch_operator_decorator.py
[2023-11-20T15:22:44.719+0300] {processor.py:839} INFO - DAG(s) dict_keys(['example_branch_python_operator_decorator']) retrieved from /home/user/Masaüstü/kafka/.env/lib/python3.8/site-packages/airflow/example_dags/example_branch_operator_decorator.py
[2023-11-20T15:22:44.745+0300] {logging_mixin.py:154} INFO - [2023-11-20T15:22:44.745+0300] {dag.py:2941} INFO - Sync 1 DAGs
[2023-11-20T15:22:44.779+0300] {logging_mixin.py:154} INFO - [2023-11-20T15:22:44.779+0300] {dag.py:3722} INFO - Setting next_dagrun for example_branch_python_operator_decorator to 2023-11-19T00:00:00+00:00, run_after=2023-11-20T00:00:00+00:00
[2023-11-20T15:22:44.837+0300] {processor.py:179} INFO - Processing /home/user/Masaüstü/kafka/.env/lib/python3.8/site-packages/airflow/example_dags/example_branch_operator_decorator.py took 0.149 seconds
[2023-11-20T15:23:35.024+0300] {processor.py:157} INFO - Started process (PID=36956) to work on /home/user/Masaüstü/kafka/.env/lib/python3.8/site-packages/airflow/example_dags/example_branch_operator_decorator.py
[2023-11-20T15:23:35.026+0300] {processor.py:829} INFO - Processing file /home/user/Masaüstü/kafka/.env/lib/python3.8/site-packages/airflow/example_dags/example_branch_operator_decorator.py for tasks to queue
[2023-11-20T15:23:35.027+0300] {logging_mixin.py:154} INFO - [2023-11-20T15:23:35.026+0300] {dagbag.py:536} INFO - Filling up the DagBag from /home/user/Masaüstü/kafka/.env/lib/python3.8/site-packages/airflow/example_dags/example_branch_operator_decorator.py
[2023-11-20T15:23:35.035+0300] {processor.py:839} INFO - DAG(s) dict_keys(['example_branch_python_operator_decorator']) retrieved from /home/user/Masaüstü/kafka/.env/lib/python3.8/site-packages/airflow/example_dags/example_branch_operator_decorator.py
[2023-11-20T15:23:35.049+0300] {logging_mixin.py:154} INFO - [2023-11-20T15:23:35.049+0300] {dag.py:2941} INFO - Sync 1 DAGs
[2023-11-20T15:23:35.065+0300] {logging_mixin.py:154} INFO - [2023-11-20T15:23:35.065+0300] {dag.py:3722} INFO - Setting next_dagrun for example_branch_python_operator_decorator to 2023-11-19T00:00:00+00:00, run_after=2023-11-20T00:00:00+00:00
[2023-11-20T15:23:35.095+0300] {processor.py:179} INFO - Processing /home/user/Masaüstü/kafka/.env/lib/python3.8/site-packages/airflow/example_dags/example_branch_operator_decorator.py took 0.073 seconds
[2023-11-20T15:24:26.484+0300] {processor.py:157} INFO - Started process (PID=37628) to work on /home/user/Masaüstü/kafka/.env/lib/python3.8/site-packages/airflow/example_dags/example_branch_operator_decorator.py
[2023-11-20T15:24:26.486+0300] {processor.py:829} INFO - Processing file /home/user/Masaüstü/kafka/.env/lib/python3.8/site-packages/airflow/example_dags/example_branch_operator_decorator.py for tasks to queue
[2023-11-20T15:24:26.487+0300] {logging_mixin.py:154} INFO - [2023-11-20T15:24:26.487+0300] {dagbag.py:536} INFO - Filling up the DagBag from /home/user/Masaüstü/kafka/.env/lib/python3.8/site-packages/airflow/example_dags/example_branch_operator_decorator.py
[2023-11-20T15:24:26.501+0300] {processor.py:839} INFO - DAG(s) dict_keys(['example_branch_python_operator_decorator']) retrieved from /home/user/Masaüstü/kafka/.env/lib/python3.8/site-packages/airflow/example_dags/example_branch_operator_decorator.py
[2023-11-20T15:24:26.520+0300] {logging_mixin.py:154} INFO - [2023-11-20T15:24:26.520+0300] {dag.py:2941} INFO - Sync 1 DAGs
[2023-11-20T15:24:26.537+0300] {logging_mixin.py:154} INFO - [2023-11-20T15:24:26.537+0300] {dag.py:3722} INFO - Setting next_dagrun for example_branch_python_operator_decorator to 2023-11-19T00:00:00+00:00, run_after=2023-11-20T00:00:00+00:00
[2023-11-20T15:24:26.556+0300] {processor.py:179} INFO - Processing /home/user/Masaüstü/kafka/.env/lib/python3.8/site-packages/airflow/example_dags/example_branch_operator_decorator.py took 0.078 seconds
[2023-11-20T15:27:47.821+0300] {processor.py:157} INFO - Started process (PID=5104) to work on /home/user/Masaüstü/kafka/.env/lib/python3.8/site-packages/airflow/example_dags/example_branch_operator_decorator.py
[2023-11-20T15:27:47.824+0300] {processor.py:829} INFO - Processing file /home/user/Masaüstü/kafka/.env/lib/python3.8/site-packages/airflow/example_dags/example_branch_operator_decorator.py for tasks to queue
[2023-11-20T15:27:47.825+0300] {logging_mixin.py:154} INFO - [2023-11-20T15:27:47.825+0300] {dagbag.py:536} INFO - Filling up the DagBag from /home/user/Masaüstü/kafka/.env/lib/python3.8/site-packages/airflow/example_dags/example_branch_operator_decorator.py
[2023-11-20T15:27:47.838+0300] {processor.py:839} INFO - DAG(s) dict_keys(['example_branch_python_operator_decorator']) retrieved from /home/user/Masaüstü/kafka/.env/lib/python3.8/site-packages/airflow/example_dags/example_branch_operator_decorator.py
[2023-11-20T15:27:47.857+0300] {logging_mixin.py:154} INFO - [2023-11-20T15:27:47.857+0300] {dag.py:2941} INFO - Sync 1 DAGs
[2023-11-20T15:27:47.874+0300] {logging_mixin.py:154} INFO - [2023-11-20T15:27:47.873+0300] {dag.py:3722} INFO - Setting next_dagrun for example_branch_python_operator_decorator to 2023-11-19T00:00:00+00:00, run_after=2023-11-20T00:00:00+00:00
[2023-11-20T15:27:47.900+0300] {processor.py:179} INFO - Processing /home/user/Masaüstü/kafka/.env/lib/python3.8/site-packages/airflow/example_dags/example_branch_operator_decorator.py took 0.082 seconds
[2023-11-20T15:28:35.650+0300] {processor.py:157} INFO - Started process (PID=5425) to work on /home/user/Masaüstü/kafka/.env/lib/python3.8/site-packages/airflow/example_dags/example_branch_operator_decorator.py
[2023-11-20T15:28:35.650+0300] {processor.py:829} INFO - Processing file /home/user/Masaüstü/kafka/.env/lib/python3.8/site-packages/airflow/example_dags/example_branch_operator_decorator.py for tasks to queue
[2023-11-20T15:28:35.651+0300] {logging_mixin.py:154} INFO - [2023-11-20T15:28:35.651+0300] {dagbag.py:536} INFO - Filling up the DagBag from /home/user/Masaüstü/kafka/.env/lib/python3.8/site-packages/airflow/example_dags/example_branch_operator_decorator.py
[2023-11-20T15:28:35.662+0300] {processor.py:839} INFO - DAG(s) dict_keys(['example_branch_python_operator_decorator']) retrieved from /home/user/Masaüstü/kafka/.env/lib/python3.8/site-packages/airflow/example_dags/example_branch_operator_decorator.py
[2023-11-20T15:28:35.678+0300] {logging_mixin.py:154} INFO - [2023-11-20T15:28:35.678+0300] {dag.py:2941} INFO - Sync 1 DAGs
[2023-11-20T15:28:35.696+0300] {logging_mixin.py:154} INFO - [2023-11-20T15:28:35.695+0300] {dag.py:3722} INFO - Setting next_dagrun for example_branch_python_operator_decorator to 2023-11-19T00:00:00+00:00, run_after=2023-11-20T00:00:00+00:00
[2023-11-20T15:28:35.715+0300] {processor.py:179} INFO - Processing /home/user/Masaüstü/kafka/.env/lib/python3.8/site-packages/airflow/example_dags/example_branch_operator_decorator.py took 0.068 seconds
