[2023-11-20T15:20:34.866+0300] {processor.py:157} INFO - Started process (PID=34659) to work on /home/user/Masaüstü/kafka/.env/lib/python3.8/site-packages/airflow/example_dags/example_latest_only_with_trigger.py
[2023-11-20T15:20:34.867+0300] {processor.py:829} INFO - Processing file /home/user/Masaüstü/kafka/.env/lib/python3.8/site-packages/airflow/example_dags/example_latest_only_with_trigger.py for tasks to queue
[2023-11-20T15:20:34.868+0300] {logging_mixin.py:154} INFO - [2023-11-20T15:20:34.867+0300] {dagbag.py:536} INFO - Filling up the DagBag from /home/user/Masaüstü/kafka/.env/lib/python3.8/site-packages/airflow/example_dags/example_latest_only_with_trigger.py
[2023-11-20T15:20:34.873+0300] {processor.py:839} INFO - DAG(s) dict_keys(['latest_only_with_trigger']) retrieved from /home/user/Masaüstü/kafka/.env/lib/python3.8/site-packages/airflow/example_dags/example_latest_only_with_trigger.py
[2023-11-20T15:20:34.894+0300] {logging_mixin.py:154} INFO - [2023-11-20T15:20:34.893+0300] {dag.py:2941} INFO - Sync 1 DAGs
[2023-11-20T15:20:34.909+0300] {logging_mixin.py:154} INFO - [2023-11-20T15:20:34.908+0300] {dag.py:3722} INFO - Setting next_dagrun for latest_only_with_trigger to 2023-11-20T08:20:34.908588+00:00, run_after=2023-11-20T12:20:34.908588+00:00
[2023-11-20T15:20:34.929+0300] {processor.py:179} INFO - Processing /home/user/Masaüstü/kafka/.env/lib/python3.8/site-packages/airflow/example_dags/example_latest_only_with_trigger.py took 0.068 seconds
[2023-11-20T15:21:51.625+0300] {processor.py:157} INFO - Started process (PID=36029) to work on /home/user/Masaüstü/kafka/.env/lib/python3.8/site-packages/airflow/example_dags/example_latest_only_with_trigger.py
[2023-11-20T15:21:51.627+0300] {processor.py:829} INFO - Processing file /home/user/Masaüstü/kafka/.env/lib/python3.8/site-packages/airflow/example_dags/example_latest_only_with_trigger.py for tasks to queue
[2023-11-20T15:21:51.628+0300] {logging_mixin.py:154} INFO - [2023-11-20T15:21:51.628+0300] {dagbag.py:536} INFO - Filling up the DagBag from /home/user/Masaüstü/kafka/.env/lib/python3.8/site-packages/airflow/example_dags/example_latest_only_with_trigger.py
[2023-11-20T15:21:51.640+0300] {processor.py:839} INFO - DAG(s) dict_keys(['latest_only_with_trigger']) retrieved from /home/user/Masaüstü/kafka/.env/lib/python3.8/site-packages/airflow/example_dags/example_latest_only_with_trigger.py
[2023-11-20T15:21:51.667+0300] {logging_mixin.py:154} INFO - [2023-11-20T15:21:51.667+0300] {dag.py:2941} INFO - Sync 1 DAGs
[2023-11-20T15:21:51.696+0300] {logging_mixin.py:154} INFO - [2023-11-20T15:21:51.696+0300] {dag.py:3722} INFO - Setting next_dagrun for latest_only_with_trigger to 2023-11-20T08:21:51.696412+00:00, run_after=2023-11-20T12:21:51.696412+00:00
[2023-11-20T15:21:51.722+0300] {processor.py:179} INFO - Processing /home/user/Masaüstü/kafka/.env/lib/python3.8/site-packages/airflow/example_dags/example_latest_only_with_trigger.py took 0.102 seconds
[2023-11-20T15:22:40.731+0300] {processor.py:157} INFO - Started process (PID=36492) to work on /home/user/Masaüstü/kafka/.env/lib/python3.8/site-packages/airflow/example_dags/example_latest_only_with_trigger.py
[2023-11-20T15:22:40.733+0300] {processor.py:829} INFO - Processing file /home/user/Masaüstü/kafka/.env/lib/python3.8/site-packages/airflow/example_dags/example_latest_only_with_trigger.py for tasks to queue
[2023-11-20T15:22:40.734+0300] {logging_mixin.py:154} INFO - [2023-11-20T15:22:40.733+0300] {dagbag.py:536} INFO - Filling up the DagBag from /home/user/Masaüstü/kafka/.env/lib/python3.8/site-packages/airflow/example_dags/example_latest_only_with_trigger.py
[2023-11-20T15:22:40.741+0300] {processor.py:839} INFO - DAG(s) dict_keys(['latest_only_with_trigger']) retrieved from /home/user/Masaüstü/kafka/.env/lib/python3.8/site-packages/airflow/example_dags/example_latest_only_with_trigger.py
[2023-11-20T15:22:40.760+0300] {logging_mixin.py:154} INFO - [2023-11-20T15:22:40.759+0300] {dag.py:2941} INFO - Sync 1 DAGs
[2023-11-20T15:22:40.777+0300] {logging_mixin.py:154} INFO - [2023-11-20T15:22:40.777+0300] {dag.py:3722} INFO - Setting next_dagrun for latest_only_with_trigger to 2023-11-20T08:22:40.776908+00:00, run_after=2023-11-20T12:22:40.776908+00:00
[2023-11-20T15:22:40.801+0300] {processor.py:179} INFO - Processing /home/user/Masaüstü/kafka/.env/lib/python3.8/site-packages/airflow/example_dags/example_latest_only_with_trigger.py took 0.074 seconds
[2023-11-20T15:23:31.048+0300] {processor.py:157} INFO - Started process (PID=36936) to work on /home/user/Masaüstü/kafka/.env/lib/python3.8/site-packages/airflow/example_dags/example_latest_only_with_trigger.py
[2023-11-20T15:23:31.051+0300] {processor.py:829} INFO - Processing file /home/user/Masaüstü/kafka/.env/lib/python3.8/site-packages/airflow/example_dags/example_latest_only_with_trigger.py for tasks to queue
[2023-11-20T15:23:31.054+0300] {logging_mixin.py:154} INFO - [2023-11-20T15:23:31.053+0300] {dagbag.py:536} INFO - Filling up the DagBag from /home/user/Masaüstü/kafka/.env/lib/python3.8/site-packages/airflow/example_dags/example_latest_only_with_trigger.py
[2023-11-20T15:23:31.068+0300] {processor.py:839} INFO - DAG(s) dict_keys(['latest_only_with_trigger']) retrieved from /home/user/Masaüstü/kafka/.env/lib/python3.8/site-packages/airflow/example_dags/example_latest_only_with_trigger.py
[2023-11-20T15:23:31.092+0300] {logging_mixin.py:154} INFO - [2023-11-20T15:23:31.092+0300] {dag.py:2941} INFO - Sync 1 DAGs
[2023-11-20T15:23:31.121+0300] {logging_mixin.py:154} INFO - [2023-11-20T15:23:31.120+0300] {dag.py:3722} INFO - Setting next_dagrun for latest_only_with_trigger to 2023-11-20T08:23:31.120641+00:00, run_after=2023-11-20T12:23:31.120641+00:00
[2023-11-20T15:23:31.158+0300] {processor.py:179} INFO - Processing /home/user/Masaüstü/kafka/.env/lib/python3.8/site-packages/airflow/example_dags/example_latest_only_with_trigger.py took 0.116 seconds
[2023-11-20T15:24:21.736+0300] {processor.py:157} INFO - Started process (PID=37602) to work on /home/user/Masaüstü/kafka/.env/lib/python3.8/site-packages/airflow/example_dags/example_latest_only_with_trigger.py
[2023-11-20T15:24:21.739+0300] {processor.py:829} INFO - Processing file /home/user/Masaüstü/kafka/.env/lib/python3.8/site-packages/airflow/example_dags/example_latest_only_with_trigger.py for tasks to queue
[2023-11-20T15:24:21.740+0300] {logging_mixin.py:154} INFO - [2023-11-20T15:24:21.739+0300] {dagbag.py:536} INFO - Filling up the DagBag from /home/user/Masaüstü/kafka/.env/lib/python3.8/site-packages/airflow/example_dags/example_latest_only_with_trigger.py
[2023-11-20T15:24:21.753+0300] {processor.py:839} INFO - DAG(s) dict_keys(['latest_only_with_trigger']) retrieved from /home/user/Masaüstü/kafka/.env/lib/python3.8/site-packages/airflow/example_dags/example_latest_only_with_trigger.py
[2023-11-20T15:24:21.773+0300] {logging_mixin.py:154} INFO - [2023-11-20T15:24:21.773+0300] {dag.py:2941} INFO - Sync 1 DAGs
[2023-11-20T15:24:21.790+0300] {logging_mixin.py:154} INFO - [2023-11-20T15:24:21.790+0300] {dag.py:3722} INFO - Setting next_dagrun for latest_only_with_trigger to 2023-11-20T08:24:21.790087+00:00, run_after=2023-11-20T12:24:21.790087+00:00
[2023-11-20T15:24:21.818+0300] {processor.py:179} INFO - Processing /home/user/Masaüstü/kafka/.env/lib/python3.8/site-packages/airflow/example_dags/example_latest_only_with_trigger.py took 0.087 seconds
[2023-11-20T15:27:43.797+0300] {processor.py:157} INFO - Started process (PID=5084) to work on /home/user/Masaüstü/kafka/.env/lib/python3.8/site-packages/airflow/example_dags/example_latest_only_with_trigger.py
[2023-11-20T15:27:43.798+0300] {processor.py:829} INFO - Processing file /home/user/Masaüstü/kafka/.env/lib/python3.8/site-packages/airflow/example_dags/example_latest_only_with_trigger.py for tasks to queue
[2023-11-20T15:27:43.799+0300] {logging_mixin.py:154} INFO - [2023-11-20T15:27:43.798+0300] {dagbag.py:536} INFO - Filling up the DagBag from /home/user/Masaüstü/kafka/.env/lib/python3.8/site-packages/airflow/example_dags/example_latest_only_with_trigger.py
[2023-11-20T15:27:43.803+0300] {processor.py:839} INFO - DAG(s) dict_keys(['latest_only_with_trigger']) retrieved from /home/user/Masaüstü/kafka/.env/lib/python3.8/site-packages/airflow/example_dags/example_latest_only_with_trigger.py
[2023-11-20T15:27:43.815+0300] {logging_mixin.py:154} INFO - [2023-11-20T15:27:43.815+0300] {dag.py:2941} INFO - Sync 1 DAGs
[2023-11-20T15:27:43.830+0300] {logging_mixin.py:154} INFO - [2023-11-20T15:27:43.829+0300] {dag.py:3722} INFO - Setting next_dagrun for latest_only_with_trigger to 2023-11-20T08:27:43.829698+00:00, run_after=2023-11-20T12:27:43.829698+00:00
[2023-11-20T15:27:43.846+0300] {processor.py:179} INFO - Processing /home/user/Masaüstü/kafka/.env/lib/python3.8/site-packages/airflow/example_dags/example_latest_only_with_trigger.py took 0.051 seconds
[2023-11-20T15:28:31.783+0300] {processor.py:157} INFO - Started process (PID=5406) to work on /home/user/Masaüstü/kafka/.env/lib/python3.8/site-packages/airflow/example_dags/example_latest_only_with_trigger.py
[2023-11-20T15:28:31.787+0300] {processor.py:829} INFO - Processing file /home/user/Masaüstü/kafka/.env/lib/python3.8/site-packages/airflow/example_dags/example_latest_only_with_trigger.py for tasks to queue
[2023-11-20T15:28:31.789+0300] {logging_mixin.py:154} INFO - [2023-11-20T15:28:31.788+0300] {dagbag.py:536} INFO - Filling up the DagBag from /home/user/Masaüstü/kafka/.env/lib/python3.8/site-packages/airflow/example_dags/example_latest_only_with_trigger.py
[2023-11-20T15:28:31.806+0300] {processor.py:839} INFO - DAG(s) dict_keys(['latest_only_with_trigger']) retrieved from /home/user/Masaüstü/kafka/.env/lib/python3.8/site-packages/airflow/example_dags/example_latest_only_with_trigger.py
[2023-11-20T15:28:31.825+0300] {logging_mixin.py:154} INFO - [2023-11-20T15:28:31.824+0300] {dag.py:2941} INFO - Sync 1 DAGs
[2023-11-20T15:28:31.840+0300] {logging_mixin.py:154} INFO - [2023-11-20T15:28:31.840+0300] {dag.py:3722} INFO - Setting next_dagrun for latest_only_with_trigger to 2023-11-20T08:28:31.840635+00:00, run_after=2023-11-20T12:28:31.840635+00:00
[2023-11-20T15:28:31.858+0300] {processor.py:179} INFO - Processing /home/user/Masaüstü/kafka/.env/lib/python3.8/site-packages/airflow/example_dags/example_latest_only_with_trigger.py took 0.081 seconds
