[2023-11-20T15:20:29.707+0300] {processor.py:157} INFO - Started process (PID=34630) to work on /home/user/Masaüstü/kafka/.env/lib/python3.8/site-packages/airflow/example_dags/example_short_circuit_operator.py
[2023-11-20T15:20:29.708+0300] {processor.py:829} INFO - Processing file /home/user/Masaüstü/kafka/.env/lib/python3.8/site-packages/airflow/example_dags/example_short_circuit_operator.py for tasks to queue
[2023-11-20T15:20:29.710+0300] {logging_mixin.py:154} INFO - [2023-11-20T15:20:29.709+0300] {dagbag.py:536} INFO - Filling up the DagBag from /home/user/Masaüstü/kafka/.env/lib/python3.8/site-packages/airflow/example_dags/example_short_circuit_operator.py
[2023-11-20T15:20:29.722+0300] {processor.py:839} INFO - DAG(s) dict_keys(['example_short_circuit_operator']) retrieved from /home/user/Masaüstü/kafka/.env/lib/python3.8/site-packages/airflow/example_dags/example_short_circuit_operator.py
[2023-11-20T15:20:29.742+0300] {logging_mixin.py:154} INFO - [2023-11-20T15:20:29.741+0300] {dag.py:2941} INFO - Sync 1 DAGs
[2023-11-20T15:20:29.760+0300] {logging_mixin.py:154} INFO - [2023-11-20T15:20:29.759+0300] {dag.py:3722} INFO - Setting next_dagrun for example_short_circuit_operator to 2023-11-19T12:20:29.759689+00:00, run_after=2023-11-20T12:20:29.759689+00:00
[2023-11-20T15:20:29.787+0300] {processor.py:179} INFO - Processing /home/user/Masaüstü/kafka/.env/lib/python3.8/site-packages/airflow/example_dags/example_short_circuit_operator.py took 0.084 seconds
[2023-11-20T15:21:46.364+0300] {processor.py:157} INFO - Started process (PID=35999) to work on /home/user/Masaüstü/kafka/.env/lib/python3.8/site-packages/airflow/example_dags/example_short_circuit_operator.py
[2023-11-20T15:21:46.368+0300] {processor.py:829} INFO - Processing file /home/user/Masaüstü/kafka/.env/lib/python3.8/site-packages/airflow/example_dags/example_short_circuit_operator.py for tasks to queue
[2023-11-20T15:21:46.370+0300] {logging_mixin.py:154} INFO - [2023-11-20T15:21:46.369+0300] {dagbag.py:536} INFO - Filling up the DagBag from /home/user/Masaüstü/kafka/.env/lib/python3.8/site-packages/airflow/example_dags/example_short_circuit_operator.py
[2023-11-20T15:21:46.389+0300] {processor.py:839} INFO - DAG(s) dict_keys(['example_short_circuit_operator']) retrieved from /home/user/Masaüstü/kafka/.env/lib/python3.8/site-packages/airflow/example_dags/example_short_circuit_operator.py
[2023-11-20T15:21:46.408+0300] {logging_mixin.py:154} INFO - [2023-11-20T15:21:46.408+0300] {dag.py:2941} INFO - Sync 1 DAGs
[2023-11-20T15:21:46.423+0300] {logging_mixin.py:154} INFO - [2023-11-20T15:21:46.423+0300] {dag.py:3722} INFO - Setting next_dagrun for example_short_circuit_operator to 2023-11-19T12:21:46.423257+00:00, run_after=2023-11-20T12:21:46.423257+00:00
[2023-11-20T15:21:46.451+0300] {processor.py:179} INFO - Processing /home/user/Masaüstü/kafka/.env/lib/python3.8/site-packages/airflow/example_dags/example_short_circuit_operator.py took 0.094 seconds
[2023-11-20T15:22:33.168+0300] {processor.py:157} INFO - Started process (PID=36455) to work on /home/user/Masaüstü/kafka/.env/lib/python3.8/site-packages/airflow/example_dags/example_short_circuit_operator.py
[2023-11-20T15:22:33.171+0300] {processor.py:829} INFO - Processing file /home/user/Masaüstü/kafka/.env/lib/python3.8/site-packages/airflow/example_dags/example_short_circuit_operator.py for tasks to queue
[2023-11-20T15:22:33.172+0300] {logging_mixin.py:154} INFO - [2023-11-20T15:22:33.171+0300] {dagbag.py:536} INFO - Filling up the DagBag from /home/user/Masaüstü/kafka/.env/lib/python3.8/site-packages/airflow/example_dags/example_short_circuit_operator.py
[2023-11-20T15:22:33.188+0300] {processor.py:839} INFO - DAG(s) dict_keys(['example_short_circuit_operator']) retrieved from /home/user/Masaüstü/kafka/.env/lib/python3.8/site-packages/airflow/example_dags/example_short_circuit_operator.py
[2023-11-20T15:22:33.207+0300] {logging_mixin.py:154} INFO - [2023-11-20T15:22:33.207+0300] {dag.py:2941} INFO - Sync 1 DAGs
[2023-11-20T15:22:33.223+0300] {logging_mixin.py:154} INFO - [2023-11-20T15:22:33.223+0300] {dag.py:3722} INFO - Setting next_dagrun for example_short_circuit_operator to 2023-11-19T12:22:33.223017+00:00, run_after=2023-11-20T12:22:33.223017+00:00
[2023-11-20T15:22:33.241+0300] {processor.py:179} INFO - Processing /home/user/Masaüstü/kafka/.env/lib/python3.8/site-packages/airflow/example_dags/example_short_circuit_operator.py took 0.079 seconds
[2023-11-20T15:23:22.100+0300] {processor.py:157} INFO - Started process (PID=36885) to work on /home/user/Masaüstü/kafka/.env/lib/python3.8/site-packages/airflow/example_dags/example_short_circuit_operator.py
[2023-11-20T15:23:22.102+0300] {processor.py:829} INFO - Processing file /home/user/Masaüstü/kafka/.env/lib/python3.8/site-packages/airflow/example_dags/example_short_circuit_operator.py for tasks to queue
[2023-11-20T15:23:22.103+0300] {logging_mixin.py:154} INFO - [2023-11-20T15:23:22.103+0300] {dagbag.py:536} INFO - Filling up the DagBag from /home/user/Masaüstü/kafka/.env/lib/python3.8/site-packages/airflow/example_dags/example_short_circuit_operator.py
[2023-11-20T15:23:22.116+0300] {processor.py:839} INFO - DAG(s) dict_keys(['example_short_circuit_operator']) retrieved from /home/user/Masaüstü/kafka/.env/lib/python3.8/site-packages/airflow/example_dags/example_short_circuit_operator.py
[2023-11-20T15:23:22.134+0300] {logging_mixin.py:154} INFO - [2023-11-20T15:23:22.134+0300] {dag.py:2941} INFO - Sync 1 DAGs
[2023-11-20T15:23:22.150+0300] {logging_mixin.py:154} INFO - [2023-11-20T15:23:22.150+0300] {dag.py:3722} INFO - Setting next_dagrun for example_short_circuit_operator to 2023-11-19T12:23:22.150123+00:00, run_after=2023-11-20T12:23:22.150123+00:00
[2023-11-20T15:23:22.170+0300] {processor.py:179} INFO - Processing /home/user/Masaüstü/kafka/.env/lib/python3.8/site-packages/airflow/example_dags/example_short_circuit_operator.py took 0.075 seconds
[2023-11-20T15:24:12.557+0300] {processor.py:157} INFO - Started process (PID=37398) to work on /home/user/Masaüstü/kafka/.env/lib/python3.8/site-packages/airflow/example_dags/example_short_circuit_operator.py
[2023-11-20T15:24:12.560+0300] {processor.py:829} INFO - Processing file /home/user/Masaüstü/kafka/.env/lib/python3.8/site-packages/airflow/example_dags/example_short_circuit_operator.py for tasks to queue
[2023-11-20T15:24:12.561+0300] {logging_mixin.py:154} INFO - [2023-11-20T15:24:12.560+0300] {dagbag.py:536} INFO - Filling up the DagBag from /home/user/Masaüstü/kafka/.env/lib/python3.8/site-packages/airflow/example_dags/example_short_circuit_operator.py
[2023-11-20T15:24:12.574+0300] {processor.py:839} INFO - DAG(s) dict_keys(['example_short_circuit_operator']) retrieved from /home/user/Masaüstü/kafka/.env/lib/python3.8/site-packages/airflow/example_dags/example_short_circuit_operator.py
[2023-11-20T15:24:12.591+0300] {logging_mixin.py:154} INFO - [2023-11-20T15:24:12.591+0300] {dag.py:2941} INFO - Sync 1 DAGs
[2023-11-20T15:24:12.608+0300] {logging_mixin.py:154} INFO - [2023-11-20T15:24:12.608+0300] {dag.py:3722} INFO - Setting next_dagrun for example_short_circuit_operator to 2023-11-19T12:24:12.608304+00:00, run_after=2023-11-20T12:24:12.608304+00:00
[2023-11-20T15:24:12.630+0300] {processor.py:179} INFO - Processing /home/user/Masaüstü/kafka/.env/lib/python3.8/site-packages/airflow/example_dags/example_short_circuit_operator.py took 0.081 seconds
[2023-11-20T15:27:39.668+0300] {processor.py:157} INFO - Started process (PID=5062) to work on /home/user/Masaüstü/kafka/.env/lib/python3.8/site-packages/airflow/example_dags/example_short_circuit_operator.py
[2023-11-20T15:27:39.671+0300] {processor.py:829} INFO - Processing file /home/user/Masaüstü/kafka/.env/lib/python3.8/site-packages/airflow/example_dags/example_short_circuit_operator.py for tasks to queue
[2023-11-20T15:27:39.673+0300] {logging_mixin.py:154} INFO - [2023-11-20T15:27:39.673+0300] {dagbag.py:536} INFO - Filling up the DagBag from /home/user/Masaüstü/kafka/.env/lib/python3.8/site-packages/airflow/example_dags/example_short_circuit_operator.py
[2023-11-20T15:27:39.693+0300] {processor.py:839} INFO - DAG(s) dict_keys(['example_short_circuit_operator']) retrieved from /home/user/Masaüstü/kafka/.env/lib/python3.8/site-packages/airflow/example_dags/example_short_circuit_operator.py
[2023-11-20T15:27:39.713+0300] {logging_mixin.py:154} INFO - [2023-11-20T15:27:39.713+0300] {dag.py:2941} INFO - Sync 1 DAGs
[2023-11-20T15:27:39.728+0300] {logging_mixin.py:154} INFO - [2023-11-20T15:27:39.728+0300] {dag.py:3722} INFO - Setting next_dagrun for example_short_circuit_operator to 2023-11-19T12:27:39.728155+00:00, run_after=2023-11-20T12:27:39.728155+00:00
[2023-11-20T15:27:39.756+0300] {processor.py:179} INFO - Processing /home/user/Masaüstü/kafka/.env/lib/python3.8/site-packages/airflow/example_dags/example_short_circuit_operator.py took 0.094 seconds
[2023-11-20T15:28:24.169+0300] {processor.py:157} INFO - Started process (PID=5365) to work on /home/user/Masaüstü/kafka/.env/lib/python3.8/site-packages/airflow/example_dags/example_short_circuit_operator.py
[2023-11-20T15:28:24.171+0300] {processor.py:829} INFO - Processing file /home/user/Masaüstü/kafka/.env/lib/python3.8/site-packages/airflow/example_dags/example_short_circuit_operator.py for tasks to queue
[2023-11-20T15:28:24.171+0300] {logging_mixin.py:154} INFO - [2023-11-20T15:28:24.171+0300] {dagbag.py:536} INFO - Filling up the DagBag from /home/user/Masaüstü/kafka/.env/lib/python3.8/site-packages/airflow/example_dags/example_short_circuit_operator.py
[2023-11-20T15:28:24.178+0300] {processor.py:839} INFO - DAG(s) dict_keys(['example_short_circuit_operator']) retrieved from /home/user/Masaüstü/kafka/.env/lib/python3.8/site-packages/airflow/example_dags/example_short_circuit_operator.py
[2023-11-20T15:28:24.195+0300] {logging_mixin.py:154} INFO - [2023-11-20T15:28:24.195+0300] {dag.py:2941} INFO - Sync 1 DAGs
[2023-11-20T15:28:24.213+0300] {logging_mixin.py:154} INFO - [2023-11-20T15:28:24.213+0300] {dag.py:3722} INFO - Setting next_dagrun for example_short_circuit_operator to 2023-11-19T12:28:24.213167+00:00, run_after=2023-11-20T12:28:24.213167+00:00
[2023-11-20T15:28:24.233+0300] {processor.py:179} INFO - Processing /home/user/Masaüstü/kafka/.env/lib/python3.8/site-packages/airflow/example_dags/example_short_circuit_operator.py took 0.067 seconds
