[2023-11-20T15:20:07.922+0300] {processor.py:157} INFO - Started process (PID=34231) to work on /home/user/Masaüstü/kafka/.env/lib/python3.8/site-packages/airflow/example_dags/example_task_group_decorator.py
[2023-11-20T15:20:07.923+0300] {processor.py:829} INFO - Processing file /home/user/Masaüstü/kafka/.env/lib/python3.8/site-packages/airflow/example_dags/example_task_group_decorator.py for tasks to queue
[2023-11-20T15:20:07.924+0300] {logging_mixin.py:154} INFO - [2023-11-20T15:20:07.923+0300] {dagbag.py:536} INFO - Filling up the DagBag from /home/user/Masaüstü/kafka/.env/lib/python3.8/site-packages/airflow/example_dags/example_task_group_decorator.py
[2023-11-20T15:20:07.940+0300] {processor.py:839} INFO - DAG(s) dict_keys(['example_task_group_decorator']) retrieved from /home/user/Masaüstü/kafka/.env/lib/python3.8/site-packages/airflow/example_dags/example_task_group_decorator.py
[2023-11-20T15:20:07.945+0300] {logging_mixin.py:154} INFO - [2023-11-20T15:20:07.945+0300] {dag.py:2941} INFO - Sync 1 DAGs
[2023-11-20T15:20:07.962+0300] {logging_mixin.py:154} INFO - [2023-11-20T15:20:07.962+0300] {dag.py:3722} INFO - Setting next_dagrun for example_task_group_decorator to 2023-11-19T12:20:07.961772+00:00, run_after=2023-11-20T12:20:07.961772+00:00
[2023-11-20T15:20:07.995+0300] {processor.py:179} INFO - Processing /home/user/Masaüstü/kafka/.env/lib/python3.8/site-packages/airflow/example_dags/example_task_group_decorator.py took 0.076 seconds
[2023-11-20T15:20:55.639+0300] {processor.py:157} INFO - Started process (PID=34786) to work on /home/user/Masaüstü/kafka/.env/lib/python3.8/site-packages/airflow/example_dags/example_task_group_decorator.py
[2023-11-20T15:20:55.641+0300] {processor.py:829} INFO - Processing file /home/user/Masaüstü/kafka/.env/lib/python3.8/site-packages/airflow/example_dags/example_task_group_decorator.py for tasks to queue
[2023-11-20T15:20:55.642+0300] {logging_mixin.py:154} INFO - [2023-11-20T15:20:55.642+0300] {dagbag.py:536} INFO - Filling up the DagBag from /home/user/Masaüstü/kafka/.env/lib/python3.8/site-packages/airflow/example_dags/example_task_group_decorator.py
[2023-11-20T15:20:55.662+0300] {processor.py:839} INFO - DAG(s) dict_keys(['example_task_group_decorator']) retrieved from /home/user/Masaüstü/kafka/.env/lib/python3.8/site-packages/airflow/example_dags/example_task_group_decorator.py
[2023-11-20T15:20:55.677+0300] {logging_mixin.py:154} INFO - [2023-11-20T15:20:55.677+0300] {dag.py:2941} INFO - Sync 1 DAGs
[2023-11-20T15:20:55.692+0300] {logging_mixin.py:154} INFO - [2023-11-20T15:20:55.692+0300] {dag.py:3722} INFO - Setting next_dagrun for example_task_group_decorator to 2023-11-19T12:20:55.692619+00:00, run_after=2023-11-20T12:20:55.692619+00:00
[2023-11-20T15:20:55.715+0300] {processor.py:179} INFO - Processing /home/user/Masaüstü/kafka/.env/lib/python3.8/site-packages/airflow/example_dags/example_task_group_decorator.py took 0.079 seconds
[2023-11-20T15:21:25.873+0300] {processor.py:157} INFO - Started process (PID=35795) to work on /home/user/Masaüstü/kafka/.env/lib/python3.8/site-packages/airflow/example_dags/example_task_group_decorator.py
[2023-11-20T15:21:25.875+0300] {processor.py:829} INFO - Processing file /home/user/Masaüstü/kafka/.env/lib/python3.8/site-packages/airflow/example_dags/example_task_group_decorator.py for tasks to queue
[2023-11-20T15:21:25.876+0300] {logging_mixin.py:154} INFO - [2023-11-20T15:21:25.876+0300] {dagbag.py:536} INFO - Filling up the DagBag from /home/user/Masaüstü/kafka/.env/lib/python3.8/site-packages/airflow/example_dags/example_task_group_decorator.py
[2023-11-20T15:21:25.898+0300] {processor.py:839} INFO - DAG(s) dict_keys(['example_task_group_decorator']) retrieved from /home/user/Masaüstü/kafka/.env/lib/python3.8/site-packages/airflow/example_dags/example_task_group_decorator.py
[2023-11-20T15:21:25.904+0300] {logging_mixin.py:154} INFO - [2023-11-20T15:21:25.903+0300] {dag.py:2941} INFO - Sync 1 DAGs
[2023-11-20T15:21:25.919+0300] {logging_mixin.py:154} INFO - [2023-11-20T15:21:25.919+0300] {dag.py:3722} INFO - Setting next_dagrun for example_task_group_decorator to 2023-11-19T12:21:25.919494+00:00, run_after=2023-11-20T12:21:25.919494+00:00
[2023-11-20T15:21:25.936+0300] {processor.py:179} INFO - Processing /home/user/Masaüstü/kafka/.env/lib/python3.8/site-packages/airflow/example_dags/example_task_group_decorator.py took 0.069 seconds
[2023-11-20T15:22:12.430+0300] {processor.py:157} INFO - Started process (PID=36176) to work on /home/user/Masaüstü/kafka/.env/lib/python3.8/site-packages/airflow/example_dags/example_task_group_decorator.py
[2023-11-20T15:22:12.433+0300] {processor.py:829} INFO - Processing file /home/user/Masaüstü/kafka/.env/lib/python3.8/site-packages/airflow/example_dags/example_task_group_decorator.py for tasks to queue
[2023-11-20T15:22:12.434+0300] {logging_mixin.py:154} INFO - [2023-11-20T15:22:12.433+0300] {dagbag.py:536} INFO - Filling up the DagBag from /home/user/Masaüstü/kafka/.env/lib/python3.8/site-packages/airflow/example_dags/example_task_group_decorator.py
[2023-11-20T15:22:12.445+0300] {processor.py:839} INFO - DAG(s) dict_keys(['example_task_group_decorator']) retrieved from /home/user/Masaüstü/kafka/.env/lib/python3.8/site-packages/airflow/example_dags/example_task_group_decorator.py
[2023-11-20T15:22:12.459+0300] {logging_mixin.py:154} INFO - [2023-11-20T15:22:12.459+0300] {dag.py:2941} INFO - Sync 1 DAGs
[2023-11-20T15:22:12.475+0300] {logging_mixin.py:154} INFO - [2023-11-20T15:22:12.475+0300] {dag.py:3722} INFO - Setting next_dagrun for example_task_group_decorator to 2023-11-19T12:22:12.474840+00:00, run_after=2023-11-20T12:22:12.474840+00:00
[2023-11-20T15:22:12.496+0300] {processor.py:179} INFO - Processing /home/user/Masaüstü/kafka/.env/lib/python3.8/site-packages/airflow/example_dags/example_task_group_decorator.py took 0.069 seconds
[2023-11-20T15:22:58.252+0300] {processor.py:157} INFO - Started process (PID=36600) to work on /home/user/Masaüstü/kafka/.env/lib/python3.8/site-packages/airflow/example_dags/example_task_group_decorator.py
[2023-11-20T15:22:58.256+0300] {processor.py:829} INFO - Processing file /home/user/Masaüstü/kafka/.env/lib/python3.8/site-packages/airflow/example_dags/example_task_group_decorator.py for tasks to queue
[2023-11-20T15:22:58.258+0300] {logging_mixin.py:154} INFO - [2023-11-20T15:22:58.257+0300] {dagbag.py:536} INFO - Filling up the DagBag from /home/user/Masaüstü/kafka/.env/lib/python3.8/site-packages/airflow/example_dags/example_task_group_decorator.py
[2023-11-20T15:22:58.286+0300] {processor.py:839} INFO - DAG(s) dict_keys(['example_task_group_decorator']) retrieved from /home/user/Masaüstü/kafka/.env/lib/python3.8/site-packages/airflow/example_dags/example_task_group_decorator.py
[2023-11-20T15:22:58.308+0300] {logging_mixin.py:154} INFO - [2023-11-20T15:22:58.308+0300] {dag.py:2941} INFO - Sync 1 DAGs
[2023-11-20T15:22:58.326+0300] {logging_mixin.py:154} INFO - [2023-11-20T15:22:58.325+0300] {dag.py:3722} INFO - Setting next_dagrun for example_task_group_decorator to 2023-11-19T12:22:58.325785+00:00, run_after=2023-11-20T12:22:58.325785+00:00
[2023-11-20T15:22:58.356+0300] {processor.py:179} INFO - Processing /home/user/Masaüstü/kafka/.env/lib/python3.8/site-packages/airflow/example_dags/example_task_group_decorator.py took 0.113 seconds
[2023-11-20T15:23:47.462+0300] {processor.py:157} INFO - Started process (PID=37058) to work on /home/user/Masaüstü/kafka/.env/lib/python3.8/site-packages/airflow/example_dags/example_task_group_decorator.py
[2023-11-20T15:23:47.464+0300] {processor.py:829} INFO - Processing file /home/user/Masaüstü/kafka/.env/lib/python3.8/site-packages/airflow/example_dags/example_task_group_decorator.py for tasks to queue
[2023-11-20T15:23:47.464+0300] {logging_mixin.py:154} INFO - [2023-11-20T15:23:47.464+0300] {dagbag.py:536} INFO - Filling up the DagBag from /home/user/Masaüstü/kafka/.env/lib/python3.8/site-packages/airflow/example_dags/example_task_group_decorator.py
[2023-11-20T15:23:47.485+0300] {processor.py:839} INFO - DAG(s) dict_keys(['example_task_group_decorator']) retrieved from /home/user/Masaüstü/kafka/.env/lib/python3.8/site-packages/airflow/example_dags/example_task_group_decorator.py
[2023-11-20T15:23:47.504+0300] {logging_mixin.py:154} INFO - [2023-11-20T15:23:47.504+0300] {dag.py:2941} INFO - Sync 1 DAGs
[2023-11-20T15:23:47.519+0300] {logging_mixin.py:154} INFO - [2023-11-20T15:23:47.519+0300] {dag.py:3722} INFO - Setting next_dagrun for example_task_group_decorator to 2023-11-19T12:23:47.519309+00:00, run_after=2023-11-20T12:23:47.519309+00:00
[2023-11-20T15:23:47.544+0300] {processor.py:179} INFO - Processing /home/user/Masaüstü/kafka/.env/lib/python3.8/site-packages/airflow/example_dags/example_task_group_decorator.py took 0.085 seconds
[2023-11-20T15:24:38.679+0300] {processor.py:157} INFO - Started process (PID=37701) to work on /home/user/Masaüstü/kafka/.env/lib/python3.8/site-packages/airflow/example_dags/example_task_group_decorator.py
[2023-11-20T15:24:38.682+0300] {processor.py:829} INFO - Processing file /home/user/Masaüstü/kafka/.env/lib/python3.8/site-packages/airflow/example_dags/example_task_group_decorator.py for tasks to queue
[2023-11-20T15:24:38.683+0300] {logging_mixin.py:154} INFO - [2023-11-20T15:24:38.682+0300] {dagbag.py:536} INFO - Filling up the DagBag from /home/user/Masaüstü/kafka/.env/lib/python3.8/site-packages/airflow/example_dags/example_task_group_decorator.py
[2023-11-20T15:24:38.699+0300] {processor.py:839} INFO - DAG(s) dict_keys(['example_task_group_decorator']) retrieved from /home/user/Masaüstü/kafka/.env/lib/python3.8/site-packages/airflow/example_dags/example_task_group_decorator.py
[2023-11-20T15:24:38.714+0300] {logging_mixin.py:154} INFO - [2023-11-20T15:24:38.714+0300] {dag.py:2941} INFO - Sync 1 DAGs
[2023-11-20T15:24:38.732+0300] {logging_mixin.py:154} INFO - [2023-11-20T15:24:38.732+0300] {dag.py:3722} INFO - Setting next_dagrun for example_task_group_decorator to 2023-11-19T12:24:38.731683+00:00, run_after=2023-11-20T12:24:38.731683+00:00
[2023-11-20T15:24:38.753+0300] {processor.py:179} INFO - Processing /home/user/Masaüstü/kafka/.env/lib/python3.8/site-packages/airflow/example_dags/example_task_group_decorator.py took 0.078 seconds
[2023-11-20T15:24:58.196+0300] {processor.py:157} INFO - Started process (PID=38646) to work on /home/user/Masaüstü/kafka/.env/lib/python3.8/site-packages/airflow/example_dags/example_task_group_decorator.py
[2023-11-20T15:24:58.199+0300] {processor.py:829} INFO - Processing file /home/user/Masaüstü/kafka/.env/lib/python3.8/site-packages/airflow/example_dags/example_task_group_decorator.py for tasks to queue
[2023-11-20T15:24:58.200+0300] {logging_mixin.py:154} INFO - [2023-11-20T15:24:58.199+0300] {dagbag.py:536} INFO - Filling up the DagBag from /home/user/Masaüstü/kafka/.env/lib/python3.8/site-packages/airflow/example_dags/example_task_group_decorator.py
[2023-11-20T15:24:58.217+0300] {processor.py:839} INFO - DAG(s) dict_keys(['example_task_group_decorator']) retrieved from /home/user/Masaüstü/kafka/.env/lib/python3.8/site-packages/airflow/example_dags/example_task_group_decorator.py
[2023-11-20T15:24:58.223+0300] {logging_mixin.py:154} INFO - [2023-11-20T15:24:58.222+0300] {dag.py:2941} INFO - Sync 1 DAGs
[2023-11-20T15:24:58.240+0300] {logging_mixin.py:154} INFO - [2023-11-20T15:24:58.240+0300] {dag.py:3722} INFO - Setting next_dagrun for example_task_group_decorator to 2023-11-19T12:24:58.240156+00:00, run_after=2023-11-20T12:24:58.240156+00:00
[2023-11-20T15:24:58.259+0300] {processor.py:179} INFO - Processing /home/user/Masaüstü/kafka/.env/lib/python3.8/site-packages/airflow/example_dags/example_task_group_decorator.py took 0.065 seconds
[2023-11-20T15:27:19.608+0300] {processor.py:157} INFO - Started process (PID=4887) to work on /home/user/Masaüstü/kafka/.env/lib/python3.8/site-packages/airflow/example_dags/example_task_group_decorator.py
[2023-11-20T15:27:19.611+0300] {processor.py:829} INFO - Processing file /home/user/Masaüstü/kafka/.env/lib/python3.8/site-packages/airflow/example_dags/example_task_group_decorator.py for tasks to queue
[2023-11-20T15:27:19.613+0300] {logging_mixin.py:154} INFO - [2023-11-20T15:27:19.612+0300] {dagbag.py:536} INFO - Filling up the DagBag from /home/user/Masaüstü/kafka/.env/lib/python3.8/site-packages/airflow/example_dags/example_task_group_decorator.py
[2023-11-20T15:27:19.644+0300] {processor.py:839} INFO - DAG(s) dict_keys(['example_task_group_decorator']) retrieved from /home/user/Masaüstü/kafka/.env/lib/python3.8/site-packages/airflow/example_dags/example_task_group_decorator.py
[2023-11-20T15:27:19.650+0300] {logging_mixin.py:154} INFO - [2023-11-20T15:27:19.650+0300] {dag.py:2941} INFO - Sync 1 DAGs
[2023-11-20T15:27:19.665+0300] {logging_mixin.py:154} INFO - [2023-11-20T15:27:19.665+0300] {dag.py:3722} INFO - Setting next_dagrun for example_task_group_decorator to 2023-11-19T12:27:19.665433+00:00, run_after=2023-11-20T12:27:19.665433+00:00
[2023-11-20T15:27:19.682+0300] {processor.py:179} INFO - Processing /home/user/Masaüstü/kafka/.env/lib/python3.8/site-packages/airflow/example_dags/example_task_group_decorator.py took 0.081 seconds
[2023-11-20T15:28:04.761+0300] {processor.py:157} INFO - Started process (PID=5195) to work on /home/user/Masaüstü/kafka/.env/lib/python3.8/site-packages/airflow/example_dags/example_task_group_decorator.py
[2023-11-20T15:28:04.765+0300] {processor.py:829} INFO - Processing file /home/user/Masaüstü/kafka/.env/lib/python3.8/site-packages/airflow/example_dags/example_task_group_decorator.py for tasks to queue
[2023-11-20T15:28:04.768+0300] {logging_mixin.py:154} INFO - [2023-11-20T15:28:04.767+0300] {dagbag.py:536} INFO - Filling up the DagBag from /home/user/Masaüstü/kafka/.env/lib/python3.8/site-packages/airflow/example_dags/example_task_group_decorator.py
[2023-11-20T15:28:04.797+0300] {processor.py:839} INFO - DAG(s) dict_keys(['example_task_group_decorator']) retrieved from /home/user/Masaüstü/kafka/.env/lib/python3.8/site-packages/airflow/example_dags/example_task_group_decorator.py
[2023-11-20T15:28:04.813+0300] {logging_mixin.py:154} INFO - [2023-11-20T15:28:04.812+0300] {dag.py:2941} INFO - Sync 1 DAGs
[2023-11-20T15:28:04.827+0300] {logging_mixin.py:154} INFO - [2023-11-20T15:28:04.827+0300] {dag.py:3722} INFO - Setting next_dagrun for example_task_group_decorator to 2023-11-19T12:28:04.827150+00:00, run_after=2023-11-20T12:28:04.827150+00:00
[2023-11-20T15:28:04.845+0300] {processor.py:179} INFO - Processing /home/user/Masaüstü/kafka/.env/lib/python3.8/site-packages/airflow/example_dags/example_task_group_decorator.py took 0.092 seconds
[2023-11-20T15:28:48.822+0300] {processor.py:157} INFO - Started process (PID=5502) to work on /home/user/Masaüstü/kafka/.env/lib/python3.8/site-packages/airflow/example_dags/example_task_group_decorator.py
[2023-11-20T15:28:48.824+0300] {processor.py:829} INFO - Processing file /home/user/Masaüstü/kafka/.env/lib/python3.8/site-packages/airflow/example_dags/example_task_group_decorator.py for tasks to queue
[2023-11-20T15:28:48.824+0300] {logging_mixin.py:154} INFO - [2023-11-20T15:28:48.824+0300] {dagbag.py:536} INFO - Filling up the DagBag from /home/user/Masaüstü/kafka/.env/lib/python3.8/site-packages/airflow/example_dags/example_task_group_decorator.py
[2023-11-20T15:28:48.836+0300] {processor.py:839} INFO - DAG(s) dict_keys(['example_task_group_decorator']) retrieved from /home/user/Masaüstü/kafka/.env/lib/python3.8/site-packages/airflow/example_dags/example_task_group_decorator.py
[2023-11-20T15:28:48.850+0300] {logging_mixin.py:154} INFO - [2023-11-20T15:28:48.850+0300] {dag.py:2941} INFO - Sync 1 DAGs
[2023-11-20T15:28:48.864+0300] {logging_mixin.py:154} INFO - [2023-11-20T15:28:48.864+0300] {dag.py:3722} INFO - Setting next_dagrun for example_task_group_decorator to 2023-11-19T12:28:48.864138+00:00, run_after=2023-11-20T12:28:48.864138+00:00
[2023-11-20T15:28:48.881+0300] {processor.py:179} INFO - Processing /home/user/Masaüstü/kafka/.env/lib/python3.8/site-packages/airflow/example_dags/example_task_group_decorator.py took 0.061 seconds
[2023-11-20T15:36:06.956+0300] {processor.py:157} INFO - Started process (PID=6892) to work on /home/user/Masaüstü/kafka/.env/lib/python3.8/site-packages/airflow/example_dags/example_task_group_decorator.py
[2023-11-20T15:36:06.958+0300] {processor.py:829} INFO - Processing file /home/user/Masaüstü/kafka/.env/lib/python3.8/site-packages/airflow/example_dags/example_task_group_decorator.py for tasks to queue
[2023-11-20T15:36:06.959+0300] {logging_mixin.py:154} INFO - [2023-11-20T15:36:06.958+0300] {dagbag.py:536} INFO - Filling up the DagBag from /home/user/Masaüstü/kafka/.env/lib/python3.8/site-packages/airflow/example_dags/example_task_group_decorator.py
[2023-11-20T15:36:06.982+0300] {processor.py:839} INFO - DAG(s) dict_keys(['example_task_group_decorator']) retrieved from /home/user/Masaüstü/kafka/.env/lib/python3.8/site-packages/airflow/example_dags/example_task_group_decorator.py
[2023-11-20T15:36:06.988+0300] {logging_mixin.py:154} INFO - [2023-11-20T15:36:06.988+0300] {dag.py:2941} INFO - Sync 1 DAGs
[2023-11-20T15:36:07.005+0300] {logging_mixin.py:154} INFO - [2023-11-20T15:36:07.004+0300] {dag.py:3722} INFO - Setting next_dagrun for example_task_group_decorator to 2023-11-19T12:36:07.004664+00:00, run_after=2023-11-20T12:36:07.004664+00:00
[2023-11-20T15:36:07.031+0300] {processor.py:179} INFO - Processing /home/user/Masaüstü/kafka/.env/lib/python3.8/site-packages/airflow/example_dags/example_task_group_decorator.py took 0.078 seconds
