[2023-11-20T15:20:22.831+0300] {processor.py:157} INFO - Started process (PID=34564) to work on /home/user/Masaüstü/kafka/.env/lib/python3.8/site-packages/airflow/example_dags/example_time_delta_sensor_async.py
[2023-11-20T15:20:22.833+0300] {processor.py:829} INFO - Processing file /home/user/Masaüstü/kafka/.env/lib/python3.8/site-packages/airflow/example_dags/example_time_delta_sensor_async.py for tasks to queue
[2023-11-20T15:20:22.838+0300] {logging_mixin.py:154} INFO - [2023-11-20T15:20:22.835+0300] {dagbag.py:536} INFO - Filling up the DagBag from /home/user/Masaüstü/kafka/.env/lib/python3.8/site-packages/airflow/example_dags/example_time_delta_sensor_async.py
[2023-11-20T15:20:22.845+0300] {processor.py:839} INFO - DAG(s) dict_keys(['example_time_delta_sensor_async']) retrieved from /home/user/Masaüstü/kafka/.env/lib/python3.8/site-packages/airflow/example_dags/example_time_delta_sensor_async.py
[2023-11-20T15:20:22.883+0300] {logging_mixin.py:154} INFO - [2023-11-20T15:20:22.882+0300] {dag.py:2941} INFO - Sync 1 DAGs
[2023-11-20T15:20:22.911+0300] {logging_mixin.py:154} INFO - [2023-11-20T15:20:22.910+0300] {dag.py:3722} INFO - Setting next_dagrun for example_time_delta_sensor_async to None, run_after=None
[2023-11-20T15:20:22.948+0300] {processor.py:179} INFO - Processing /home/user/Masaüstü/kafka/.env/lib/python3.8/site-packages/airflow/example_dags/example_time_delta_sensor_async.py took 0.123 seconds
[2023-11-20T15:21:08.775+0300] {processor.py:157} INFO - Started process (PID=35054) to work on /home/user/Masaüstü/kafka/.env/lib/python3.8/site-packages/airflow/example_dags/example_time_delta_sensor_async.py
[2023-11-20T15:21:08.778+0300] {processor.py:829} INFO - Processing file /home/user/Masaüstü/kafka/.env/lib/python3.8/site-packages/airflow/example_dags/example_time_delta_sensor_async.py for tasks to queue
[2023-11-20T15:21:08.781+0300] {logging_mixin.py:154} INFO - [2023-11-20T15:21:08.780+0300] {dagbag.py:536} INFO - Filling up the DagBag from /home/user/Masaüstü/kafka/.env/lib/python3.8/site-packages/airflow/example_dags/example_time_delta_sensor_async.py
[2023-11-20T15:21:08.792+0300] {processor.py:839} INFO - DAG(s) dict_keys(['example_time_delta_sensor_async']) retrieved from /home/user/Masaüstü/kafka/.env/lib/python3.8/site-packages/airflow/example_dags/example_time_delta_sensor_async.py
[2023-11-20T15:21:08.811+0300] {logging_mixin.py:154} INFO - [2023-11-20T15:21:08.811+0300] {dag.py:2941} INFO - Sync 1 DAGs
[2023-11-20T15:21:08.821+0300] {logging_mixin.py:154} INFO - [2023-11-20T15:21:08.820+0300] {dag.py:3722} INFO - Setting next_dagrun for example_time_delta_sensor_async to None, run_after=None
[2023-11-20T15:21:08.841+0300] {processor.py:179} INFO - Processing /home/user/Masaüstü/kafka/.env/lib/python3.8/site-packages/airflow/example_dags/example_time_delta_sensor_async.py took 0.073 seconds
[2023-11-20T15:21:40.650+0300] {processor.py:157} INFO - Started process (PID=35965) to work on /home/user/Masaüstü/kafka/.env/lib/python3.8/site-packages/airflow/example_dags/example_time_delta_sensor_async.py
[2023-11-20T15:21:40.653+0300] {processor.py:829} INFO - Processing file /home/user/Masaüstü/kafka/.env/lib/python3.8/site-packages/airflow/example_dags/example_time_delta_sensor_async.py for tasks to queue
[2023-11-20T15:21:40.654+0300] {logging_mixin.py:154} INFO - [2023-11-20T15:21:40.653+0300] {dagbag.py:536} INFO - Filling up the DagBag from /home/user/Masaüstü/kafka/.env/lib/python3.8/site-packages/airflow/example_dags/example_time_delta_sensor_async.py
[2023-11-20T15:21:40.658+0300] {processor.py:839} INFO - DAG(s) dict_keys(['example_time_delta_sensor_async']) retrieved from /home/user/Masaüstü/kafka/.env/lib/python3.8/site-packages/airflow/example_dags/example_time_delta_sensor_async.py
[2023-11-20T15:21:40.666+0300] {logging_mixin.py:154} INFO - [2023-11-20T15:21:40.665+0300] {dag.py:2941} INFO - Sync 1 DAGs
[2023-11-20T15:21:40.679+0300] {logging_mixin.py:154} INFO - [2023-11-20T15:21:40.679+0300] {dag.py:3722} INFO - Setting next_dagrun for example_time_delta_sensor_async to None, run_after=None
[2023-11-20T15:21:40.698+0300] {processor.py:179} INFO - Processing /home/user/Masaüstü/kafka/.env/lib/python3.8/site-packages/airflow/example_dags/example_time_delta_sensor_async.py took 0.051 seconds
[2023-11-20T15:22:26.212+0300] {processor.py:157} INFO - Started process (PID=36412) to work on /home/user/Masaüstü/kafka/.env/lib/python3.8/site-packages/airflow/example_dags/example_time_delta_sensor_async.py
[2023-11-20T15:22:26.215+0300] {processor.py:829} INFO - Processing file /home/user/Masaüstü/kafka/.env/lib/python3.8/site-packages/airflow/example_dags/example_time_delta_sensor_async.py for tasks to queue
[2023-11-20T15:22:26.217+0300] {logging_mixin.py:154} INFO - [2023-11-20T15:22:26.216+0300] {dagbag.py:536} INFO - Filling up the DagBag from /home/user/Masaüstü/kafka/.env/lib/python3.8/site-packages/airflow/example_dags/example_time_delta_sensor_async.py
[2023-11-20T15:22:26.225+0300] {processor.py:839} INFO - DAG(s) dict_keys(['example_time_delta_sensor_async']) retrieved from /home/user/Masaüstü/kafka/.env/lib/python3.8/site-packages/airflow/example_dags/example_time_delta_sensor_async.py
[2023-11-20T15:22:26.246+0300] {logging_mixin.py:154} INFO - [2023-11-20T15:22:26.246+0300] {dag.py:2941} INFO - Sync 1 DAGs
[2023-11-20T15:22:26.257+0300] {logging_mixin.py:154} INFO - [2023-11-20T15:22:26.257+0300] {dag.py:3722} INFO - Setting next_dagrun for example_time_delta_sensor_async to None, run_after=None
[2023-11-20T15:22:26.276+0300] {processor.py:179} INFO - Processing /home/user/Masaüstü/kafka/.env/lib/python3.8/site-packages/airflow/example_dags/example_time_delta_sensor_async.py took 0.069 seconds
[2023-11-20T15:23:14.612+0300] {processor.py:157} INFO - Started process (PID=36684) to work on /home/user/Masaüstü/kafka/.env/lib/python3.8/site-packages/airflow/example_dags/example_time_delta_sensor_async.py
[2023-11-20T15:23:14.614+0300] {processor.py:829} INFO - Processing file /home/user/Masaüstü/kafka/.env/lib/python3.8/site-packages/airflow/example_dags/example_time_delta_sensor_async.py for tasks to queue
[2023-11-20T15:23:14.616+0300] {logging_mixin.py:154} INFO - [2023-11-20T15:23:14.615+0300] {dagbag.py:536} INFO - Filling up the DagBag from /home/user/Masaüstü/kafka/.env/lib/python3.8/site-packages/airflow/example_dags/example_time_delta_sensor_async.py
[2023-11-20T15:23:14.622+0300] {processor.py:839} INFO - DAG(s) dict_keys(['example_time_delta_sensor_async']) retrieved from /home/user/Masaüstü/kafka/.env/lib/python3.8/site-packages/airflow/example_dags/example_time_delta_sensor_async.py
[2023-11-20T15:23:14.639+0300] {logging_mixin.py:154} INFO - [2023-11-20T15:23:14.639+0300] {dag.py:2941} INFO - Sync 1 DAGs
[2023-11-20T15:23:14.649+0300] {logging_mixin.py:154} INFO - [2023-11-20T15:23:14.649+0300] {dag.py:3722} INFO - Setting next_dagrun for example_time_delta_sensor_async to None, run_after=None
[2023-11-20T15:23:14.670+0300] {processor.py:179} INFO - Processing /home/user/Masaüstü/kafka/.env/lib/python3.8/site-packages/airflow/example_dags/example_time_delta_sensor_async.py took 0.059 seconds
[2023-11-20T15:24:04.924+0300] {processor.py:157} INFO - Started process (PID=37261) to work on /home/user/Masaüstü/kafka/.env/lib/python3.8/site-packages/airflow/example_dags/example_time_delta_sensor_async.py
[2023-11-20T15:24:04.927+0300] {processor.py:829} INFO - Processing file /home/user/Masaüstü/kafka/.env/lib/python3.8/site-packages/airflow/example_dags/example_time_delta_sensor_async.py for tasks to queue
[2023-11-20T15:24:04.929+0300] {logging_mixin.py:154} INFO - [2023-11-20T15:24:04.928+0300] {dagbag.py:536} INFO - Filling up the DagBag from /home/user/Masaüstü/kafka/.env/lib/python3.8/site-packages/airflow/example_dags/example_time_delta_sensor_async.py
[2023-11-20T15:24:04.938+0300] {processor.py:839} INFO - DAG(s) dict_keys(['example_time_delta_sensor_async']) retrieved from /home/user/Masaüstü/kafka/.env/lib/python3.8/site-packages/airflow/example_dags/example_time_delta_sensor_async.py
[2023-11-20T15:24:04.957+0300] {logging_mixin.py:154} INFO - [2023-11-20T15:24:04.957+0300] {dag.py:2941} INFO - Sync 1 DAGs
[2023-11-20T15:24:04.969+0300] {logging_mixin.py:154} INFO - [2023-11-20T15:24:04.968+0300] {dag.py:3722} INFO - Setting next_dagrun for example_time_delta_sensor_async to None, run_after=None
[2023-11-20T15:24:04.989+0300] {processor.py:179} INFO - Processing /home/user/Masaüstü/kafka/.env/lib/python3.8/site-packages/airflow/example_dags/example_time_delta_sensor_async.py took 0.069 seconds
[2023-11-20T15:27:32.371+0300] {processor.py:157} INFO - Started process (PID=5027) to work on /home/user/Masaüstü/kafka/.env/lib/python3.8/site-packages/airflow/example_dags/example_time_delta_sensor_async.py
[2023-11-20T15:27:32.373+0300] {processor.py:829} INFO - Processing file /home/user/Masaüstü/kafka/.env/lib/python3.8/site-packages/airflow/example_dags/example_time_delta_sensor_async.py for tasks to queue
[2023-11-20T15:27:32.374+0300] {logging_mixin.py:154} INFO - [2023-11-20T15:27:32.373+0300] {dagbag.py:536} INFO - Filling up the DagBag from /home/user/Masaüstü/kafka/.env/lib/python3.8/site-packages/airflow/example_dags/example_time_delta_sensor_async.py
[2023-11-20T15:27:32.377+0300] {processor.py:839} INFO - DAG(s) dict_keys(['example_time_delta_sensor_async']) retrieved from /home/user/Masaüstü/kafka/.env/lib/python3.8/site-packages/airflow/example_dags/example_time_delta_sensor_async.py
[2023-11-20T15:27:32.383+0300] {logging_mixin.py:154} INFO - [2023-11-20T15:27:32.382+0300] {dag.py:2941} INFO - Sync 1 DAGs
[2023-11-20T15:27:32.392+0300] {logging_mixin.py:154} INFO - [2023-11-20T15:27:32.392+0300] {dag.py:3722} INFO - Setting next_dagrun for example_time_delta_sensor_async to None, run_after=None
[2023-11-20T15:27:32.422+0300] {processor.py:179} INFO - Processing /home/user/Masaüstü/kafka/.env/lib/python3.8/site-packages/airflow/example_dags/example_time_delta_sensor_async.py took 0.053 seconds
[2023-11-20T15:28:17.883+0300] {processor.py:157} INFO - Started process (PID=5332) to work on /home/user/Masaüstü/kafka/.env/lib/python3.8/site-packages/airflow/example_dags/example_time_delta_sensor_async.py
[2023-11-20T15:28:17.884+0300] {processor.py:829} INFO - Processing file /home/user/Masaüstü/kafka/.env/lib/python3.8/site-packages/airflow/example_dags/example_time_delta_sensor_async.py for tasks to queue
[2023-11-20T15:28:17.884+0300] {logging_mixin.py:154} INFO - [2023-11-20T15:28:17.884+0300] {dagbag.py:536} INFO - Filling up the DagBag from /home/user/Masaüstü/kafka/.env/lib/python3.8/site-packages/airflow/example_dags/example_time_delta_sensor_async.py
[2023-11-20T15:28:17.887+0300] {processor.py:839} INFO - DAG(s) dict_keys(['example_time_delta_sensor_async']) retrieved from /home/user/Masaüstü/kafka/.env/lib/python3.8/site-packages/airflow/example_dags/example_time_delta_sensor_async.py
[2023-11-20T15:28:17.902+0300] {logging_mixin.py:154} INFO - [2023-11-20T15:28:17.902+0300] {dag.py:2941} INFO - Sync 1 DAGs
[2023-11-20T15:28:17.915+0300] {logging_mixin.py:154} INFO - [2023-11-20T15:28:17.914+0300] {dag.py:3722} INFO - Setting next_dagrun for example_time_delta_sensor_async to None, run_after=None
[2023-11-20T15:28:17.937+0300] {processor.py:179} INFO - Processing /home/user/Masaüstü/kafka/.env/lib/python3.8/site-packages/airflow/example_dags/example_time_delta_sensor_async.py took 0.058 seconds
