[2023-11-20T15:20:18.205+0300] {processor.py:157} INFO - Started process (PID=34541) to work on /home/user/Masaüstü/kafka/.env/lib/python3.8/site-packages/airflow/example_dags/example_subdag_operator.py
[2023-11-20T15:20:18.205+0300] {processor.py:829} INFO - Processing file /home/user/Masaüstü/kafka/.env/lib/python3.8/site-packages/airflow/example_dags/example_subdag_operator.py for tasks to queue
[2023-11-20T15:20:18.206+0300] {logging_mixin.py:154} INFO - [2023-11-20T15:20:18.206+0300] {dagbag.py:536} INFO - Filling up the DagBag from /home/user/Masaüstü/kafka/.env/lib/python3.8/site-packages/airflow/example_dags/example_subdag_operator.py
[2023-11-20T15:20:18.223+0300] {processor.py:839} INFO - DAG(s) dict_keys(['example_subdag_operator.section-1', 'example_subdag_operator.section-2', 'example_subdag_operator']) retrieved from /home/user/Masaüstü/kafka/.env/lib/python3.8/site-packages/airflow/example_dags/example_subdag_operator.py
[2023-11-20T15:20:18.226+0300] {logging_mixin.py:154} INFO - [2023-11-20T15:20:18.226+0300] {dag.py:2941} INFO - Sync 3 DAGs
[2023-11-20T15:20:18.243+0300] {logging_mixin.py:154} INFO - [2023-11-20T15:20:18.243+0300] {dag.py:3722} INFO - Setting next_dagrun for example_subdag_operator to 2022-01-01T00:00:00+00:00, run_after=2022-01-01T00:00:00+00:00
[2023-11-20T15:20:18.246+0300] {logging_mixin.py:154} INFO - [2023-11-20T15:20:18.246+0300] {dag.py:3722} INFO - Setting next_dagrun for example_subdag_operator.section-1 to None, run_after=None
[2023-11-20T15:20:18.247+0300] {logging_mixin.py:154} INFO - [2023-11-20T15:20:18.247+0300] {dag.py:3722} INFO - Setting next_dagrun for example_subdag_operator.section-2 to None, run_after=None
[2023-11-20T15:20:18.253+0300] {logging_mixin.py:154} INFO - [2023-11-20T15:20:18.253+0300] {dag.py:2941} INFO - Sync 2 DAGs
[2023-11-20T15:20:18.257+0300] {logging_mixin.py:154} INFO - [2023-11-20T15:20:18.257+0300] {dag.py:3722} INFO - Setting next_dagrun for example_subdag_operator.section-1 to None, run_after=None
[2023-11-20T15:20:18.257+0300] {logging_mixin.py:154} INFO - [2023-11-20T15:20:18.257+0300] {dag.py:3722} INFO - Setting next_dagrun for example_subdag_operator.section-2 to None, run_after=None
[2023-11-20T15:20:18.271+0300] {processor.py:179} INFO - Processing /home/user/Masaüstü/kafka/.env/lib/python3.8/site-packages/airflow/example_dags/example_subdag_operator.py took 0.069 seconds
[2023-11-20T15:21:04.792+0300] {processor.py:157} INFO - Started process (PID=35010) to work on /home/user/Masaüstü/kafka/.env/lib/python3.8/site-packages/airflow/example_dags/example_subdag_operator.py
[2023-11-20T15:21:04.795+0300] {processor.py:829} INFO - Processing file /home/user/Masaüstü/kafka/.env/lib/python3.8/site-packages/airflow/example_dags/example_subdag_operator.py for tasks to queue
[2023-11-20T15:21:04.797+0300] {logging_mixin.py:154} INFO - [2023-11-20T15:21:04.796+0300] {dagbag.py:536} INFO - Filling up the DagBag from /home/user/Masaüstü/kafka/.env/lib/python3.8/site-packages/airflow/example_dags/example_subdag_operator.py
[2023-11-20T15:21:04.829+0300] {processor.py:839} INFO - DAG(s) dict_keys(['example_subdag_operator.section-1', 'example_subdag_operator.section-2', 'example_subdag_operator']) retrieved from /home/user/Masaüstü/kafka/.env/lib/python3.8/site-packages/airflow/example_dags/example_subdag_operator.py
[2023-11-20T15:21:04.841+0300] {logging_mixin.py:154} INFO - [2023-11-20T15:21:04.841+0300] {dag.py:2941} INFO - Sync 3 DAGs
[2023-11-20T15:21:04.856+0300] {logging_mixin.py:154} INFO - [2023-11-20T15:21:04.856+0300] {dag.py:3722} INFO - Setting next_dagrun for example_subdag_operator to 2022-01-01T00:00:00+00:00, run_after=2022-01-01T00:00:00+00:00
[2023-11-20T15:21:04.858+0300] {logging_mixin.py:154} INFO - [2023-11-20T15:21:04.858+0300] {dag.py:3722} INFO - Setting next_dagrun for example_subdag_operator.section-1 to None, run_after=None
[2023-11-20T15:21:04.859+0300] {logging_mixin.py:154} INFO - [2023-11-20T15:21:04.859+0300] {dag.py:3722} INFO - Setting next_dagrun for example_subdag_operator.section-2 to None, run_after=None
[2023-11-20T15:21:04.863+0300] {logging_mixin.py:154} INFO - [2023-11-20T15:21:04.863+0300] {dag.py:2941} INFO - Sync 2 DAGs
[2023-11-20T15:21:04.868+0300] {logging_mixin.py:154} INFO - [2023-11-20T15:21:04.867+0300] {dag.py:3722} INFO - Setting next_dagrun for example_subdag_operator.section-1 to None, run_after=None
[2023-11-20T15:21:04.868+0300] {logging_mixin.py:154} INFO - [2023-11-20T15:21:04.868+0300] {dag.py:3722} INFO - Setting next_dagrun for example_subdag_operator.section-2 to None, run_after=None
[2023-11-20T15:21:04.881+0300] {processor.py:179} INFO - Processing /home/user/Masaüstü/kafka/.env/lib/python3.8/site-packages/airflow/example_dags/example_subdag_operator.py took 0.096 seconds
[2023-11-20T15:21:36.029+0300] {processor.py:157} INFO - Started process (PID=35944) to work on /home/user/Masaüstü/kafka/.env/lib/python3.8/site-packages/airflow/example_dags/example_subdag_operator.py
[2023-11-20T15:21:36.031+0300] {processor.py:829} INFO - Processing file /home/user/Masaüstü/kafka/.env/lib/python3.8/site-packages/airflow/example_dags/example_subdag_operator.py for tasks to queue
[2023-11-20T15:21:36.034+0300] {logging_mixin.py:154} INFO - [2023-11-20T15:21:36.032+0300] {dagbag.py:536} INFO - Filling up the DagBag from /home/user/Masaüstü/kafka/.env/lib/python3.8/site-packages/airflow/example_dags/example_subdag_operator.py
[2023-11-20T15:21:36.064+0300] {processor.py:839} INFO - DAG(s) dict_keys(['example_subdag_operator.section-1', 'example_subdag_operator.section-2', 'example_subdag_operator']) retrieved from /home/user/Masaüstü/kafka/.env/lib/python3.8/site-packages/airflow/example_dags/example_subdag_operator.py
[2023-11-20T15:21:36.071+0300] {logging_mixin.py:154} INFO - [2023-11-20T15:21:36.071+0300] {dag.py:2941} INFO - Sync 3 DAGs
[2023-11-20T15:21:36.090+0300] {logging_mixin.py:154} INFO - [2023-11-20T15:21:36.090+0300] {dag.py:3722} INFO - Setting next_dagrun for example_subdag_operator to 2022-01-01T00:00:00+00:00, run_after=2022-01-01T00:00:00+00:00
[2023-11-20T15:21:36.092+0300] {logging_mixin.py:154} INFO - [2023-11-20T15:21:36.092+0300] {dag.py:3722} INFO - Setting next_dagrun for example_subdag_operator.section-1 to None, run_after=None
[2023-11-20T15:21:36.093+0300] {logging_mixin.py:154} INFO - [2023-11-20T15:21:36.093+0300] {dag.py:3722} INFO - Setting next_dagrun for example_subdag_operator.section-2 to None, run_after=None
[2023-11-20T15:21:36.099+0300] {logging_mixin.py:154} INFO - [2023-11-20T15:21:36.098+0300] {dag.py:2941} INFO - Sync 2 DAGs
[2023-11-20T15:21:36.102+0300] {logging_mixin.py:154} INFO - [2023-11-20T15:21:36.102+0300] {dag.py:3722} INFO - Setting next_dagrun for example_subdag_operator.section-1 to None, run_after=None
[2023-11-20T15:21:36.102+0300] {logging_mixin.py:154} INFO - [2023-11-20T15:21:36.102+0300] {dag.py:3722} INFO - Setting next_dagrun for example_subdag_operator.section-2 to None, run_after=None
[2023-11-20T15:21:36.115+0300] {processor.py:179} INFO - Processing /home/user/Masaüstü/kafka/.env/lib/python3.8/site-packages/airflow/example_dags/example_subdag_operator.py took 0.089 seconds
[2023-11-20T15:22:22.219+0300] {processor.py:157} INFO - Started process (PID=36391) to work on /home/user/Masaüstü/kafka/.env/lib/python3.8/site-packages/airflow/example_dags/example_subdag_operator.py
[2023-11-20T15:22:22.220+0300] {processor.py:829} INFO - Processing file /home/user/Masaüstü/kafka/.env/lib/python3.8/site-packages/airflow/example_dags/example_subdag_operator.py for tasks to queue
[2023-11-20T15:22:22.221+0300] {logging_mixin.py:154} INFO - [2023-11-20T15:22:22.220+0300] {dagbag.py:536} INFO - Filling up the DagBag from /home/user/Masaüstü/kafka/.env/lib/python3.8/site-packages/airflow/example_dags/example_subdag_operator.py
[2023-11-20T15:22:22.243+0300] {processor.py:839} INFO - DAG(s) dict_keys(['example_subdag_operator.section-1', 'example_subdag_operator.section-2', 'example_subdag_operator']) retrieved from /home/user/Masaüstü/kafka/.env/lib/python3.8/site-packages/airflow/example_dags/example_subdag_operator.py
[2023-11-20T15:22:22.256+0300] {logging_mixin.py:154} INFO - [2023-11-20T15:22:22.256+0300] {dag.py:2941} INFO - Sync 3 DAGs
[2023-11-20T15:22:22.271+0300] {logging_mixin.py:154} INFO - [2023-11-20T15:22:22.271+0300] {dag.py:3722} INFO - Setting next_dagrun for example_subdag_operator to 2022-01-01T00:00:00+00:00, run_after=2022-01-01T00:00:00+00:00
[2023-11-20T15:22:22.274+0300] {logging_mixin.py:154} INFO - [2023-11-20T15:22:22.274+0300] {dag.py:3722} INFO - Setting next_dagrun for example_subdag_operator.section-1 to None, run_after=None
[2023-11-20T15:22:22.274+0300] {logging_mixin.py:154} INFO - [2023-11-20T15:22:22.274+0300] {dag.py:3722} INFO - Setting next_dagrun for example_subdag_operator.section-2 to None, run_after=None
[2023-11-20T15:22:22.279+0300] {logging_mixin.py:154} INFO - [2023-11-20T15:22:22.279+0300] {dag.py:2941} INFO - Sync 2 DAGs
[2023-11-20T15:22:22.285+0300] {logging_mixin.py:154} INFO - [2023-11-20T15:22:22.284+0300] {dag.py:3722} INFO - Setting next_dagrun for example_subdag_operator.section-1 to None, run_after=None
[2023-11-20T15:22:22.285+0300] {logging_mixin.py:154} INFO - [2023-11-20T15:22:22.285+0300] {dag.py:3722} INFO - Setting next_dagrun for example_subdag_operator.section-2 to None, run_after=None
[2023-11-20T15:22:22.298+0300] {processor.py:179} INFO - Processing /home/user/Masaüstü/kafka/.env/lib/python3.8/site-packages/airflow/example_dags/example_subdag_operator.py took 0.084 seconds
[2023-11-20T15:23:10.629+0300] {processor.py:157} INFO - Started process (PID=36664) to work on /home/user/Masaüstü/kafka/.env/lib/python3.8/site-packages/airflow/example_dags/example_subdag_operator.py
[2023-11-20T15:23:10.633+0300] {processor.py:829} INFO - Processing file /home/user/Masaüstü/kafka/.env/lib/python3.8/site-packages/airflow/example_dags/example_subdag_operator.py for tasks to queue
[2023-11-20T15:23:10.635+0300] {logging_mixin.py:154} INFO - [2023-11-20T15:23:10.634+0300] {dagbag.py:536} INFO - Filling up the DagBag from /home/user/Masaüstü/kafka/.env/lib/python3.8/site-packages/airflow/example_dags/example_subdag_operator.py
[2023-11-20T15:23:10.676+0300] {processor.py:839} INFO - DAG(s) dict_keys(['example_subdag_operator.section-1', 'example_subdag_operator.section-2', 'example_subdag_operator']) retrieved from /home/user/Masaüstü/kafka/.env/lib/python3.8/site-packages/airflow/example_dags/example_subdag_operator.py
[2023-11-20T15:23:10.703+0300] {logging_mixin.py:154} INFO - [2023-11-20T15:23:10.703+0300] {dag.py:2941} INFO - Sync 3 DAGs
[2023-11-20T15:23:10.759+0300] {logging_mixin.py:154} INFO - [2023-11-20T15:23:10.758+0300] {dag.py:3722} INFO - Setting next_dagrun for example_subdag_operator to 2022-01-01T00:00:00+00:00, run_after=2022-01-01T00:00:00+00:00
[2023-11-20T15:23:10.772+0300] {logging_mixin.py:154} INFO - [2023-11-20T15:23:10.772+0300] {dag.py:3722} INFO - Setting next_dagrun for example_subdag_operator.section-1 to None, run_after=None
[2023-11-20T15:23:10.777+0300] {logging_mixin.py:154} INFO - [2023-11-20T15:23:10.776+0300] {dag.py:3722} INFO - Setting next_dagrun for example_subdag_operator.section-2 to None, run_after=None
[2023-11-20T15:23:10.793+0300] {logging_mixin.py:154} INFO - [2023-11-20T15:23:10.792+0300] {dag.py:2941} INFO - Sync 2 DAGs
[2023-11-20T15:23:10.803+0300] {logging_mixin.py:154} INFO - [2023-11-20T15:23:10.803+0300] {dag.py:3722} INFO - Setting next_dagrun for example_subdag_operator.section-1 to None, run_after=None
[2023-11-20T15:23:10.803+0300] {logging_mixin.py:154} INFO - [2023-11-20T15:23:10.803+0300] {dag.py:3722} INFO - Setting next_dagrun for example_subdag_operator.section-2 to None, run_after=None
[2023-11-20T15:23:10.824+0300] {processor.py:179} INFO - Processing /home/user/Masaüstü/kafka/.env/lib/python3.8/site-packages/airflow/example_dags/example_subdag_operator.py took 0.200 seconds
[2023-11-20T15:23:57.015+0300] {processor.py:157} INFO - Started process (PID=37214) to work on /home/user/Masaüstü/kafka/.env/lib/python3.8/site-packages/airflow/example_dags/example_subdag_operator.py
[2023-11-20T15:23:57.019+0300] {processor.py:829} INFO - Processing file /home/user/Masaüstü/kafka/.env/lib/python3.8/site-packages/airflow/example_dags/example_subdag_operator.py for tasks to queue
[2023-11-20T15:23:57.022+0300] {logging_mixin.py:154} INFO - [2023-11-20T15:23:57.020+0300] {dagbag.py:536} INFO - Filling up the DagBag from /home/user/Masaüstü/kafka/.env/lib/python3.8/site-packages/airflow/example_dags/example_subdag_operator.py
[2023-11-20T15:23:57.050+0300] {processor.py:839} INFO - DAG(s) dict_keys(['example_subdag_operator.section-1', 'example_subdag_operator.section-2', 'example_subdag_operator']) retrieved from /home/user/Masaüstü/kafka/.env/lib/python3.8/site-packages/airflow/example_dags/example_subdag_operator.py
[2023-11-20T15:23:57.062+0300] {logging_mixin.py:154} INFO - [2023-11-20T15:23:57.062+0300] {dag.py:2941} INFO - Sync 3 DAGs
[2023-11-20T15:23:57.078+0300] {logging_mixin.py:154} INFO - [2023-11-20T15:23:57.078+0300] {dag.py:3722} INFO - Setting next_dagrun for example_subdag_operator to 2022-01-01T00:00:00+00:00, run_after=2022-01-01T00:00:00+00:00
[2023-11-20T15:23:57.082+0300] {logging_mixin.py:154} INFO - [2023-11-20T15:23:57.082+0300] {dag.py:3722} INFO - Setting next_dagrun for example_subdag_operator.section-1 to None, run_after=None
[2023-11-20T15:23:57.083+0300] {logging_mixin.py:154} INFO - [2023-11-20T15:23:57.083+0300] {dag.py:3722} INFO - Setting next_dagrun for example_subdag_operator.section-2 to None, run_after=None
[2023-11-20T15:23:57.090+0300] {logging_mixin.py:154} INFO - [2023-11-20T15:23:57.089+0300] {dag.py:2941} INFO - Sync 2 DAGs
[2023-11-20T15:23:57.093+0300] {logging_mixin.py:154} INFO - [2023-11-20T15:23:57.093+0300] {dag.py:3722} INFO - Setting next_dagrun for example_subdag_operator.section-1 to None, run_after=None
[2023-11-20T15:23:57.093+0300] {logging_mixin.py:154} INFO - [2023-11-20T15:23:57.093+0300] {dag.py:3722} INFO - Setting next_dagrun for example_subdag_operator.section-2 to None, run_after=None
[2023-11-20T15:23:57.107+0300] {processor.py:179} INFO - Processing /home/user/Masaüstü/kafka/.env/lib/python3.8/site-packages/airflow/example_dags/example_subdag_operator.py took 0.100 seconds
[2023-11-20T15:27:29.521+0300] {processor.py:157} INFO - Started process (PID=5010) to work on /home/user/Masaüstü/kafka/.env/lib/python3.8/site-packages/airflow/example_dags/example_subdag_operator.py
[2023-11-20T15:27:29.524+0300] {processor.py:829} INFO - Processing file /home/user/Masaüstü/kafka/.env/lib/python3.8/site-packages/airflow/example_dags/example_subdag_operator.py for tasks to queue
[2023-11-20T15:27:29.525+0300] {logging_mixin.py:154} INFO - [2023-11-20T15:27:29.525+0300] {dagbag.py:536} INFO - Filling up the DagBag from /home/user/Masaüstü/kafka/.env/lib/python3.8/site-packages/airflow/example_dags/example_subdag_operator.py
[2023-11-20T15:27:29.554+0300] {processor.py:839} INFO - DAG(s) dict_keys(['example_subdag_operator.section-1', 'example_subdag_operator.section-2', 'example_subdag_operator']) retrieved from /home/user/Masaüstü/kafka/.env/lib/python3.8/site-packages/airflow/example_dags/example_subdag_operator.py
[2023-11-20T15:27:29.557+0300] {logging_mixin.py:154} INFO - [2023-11-20T15:27:29.557+0300] {dag.py:2941} INFO - Sync 3 DAGs
[2023-11-20T15:27:29.573+0300] {logging_mixin.py:154} INFO - [2023-11-20T15:27:29.573+0300] {dag.py:3722} INFO - Setting next_dagrun for example_subdag_operator to 2022-01-01T00:00:00+00:00, run_after=2022-01-01T00:00:00+00:00
[2023-11-20T15:27:29.575+0300] {logging_mixin.py:154} INFO - [2023-11-20T15:27:29.575+0300] {dag.py:3722} INFO - Setting next_dagrun for example_subdag_operator.section-1 to None, run_after=None
[2023-11-20T15:27:29.576+0300] {logging_mixin.py:154} INFO - [2023-11-20T15:27:29.576+0300] {dag.py:3722} INFO - Setting next_dagrun for example_subdag_operator.section-2 to None, run_after=None
[2023-11-20T15:27:29.581+0300] {logging_mixin.py:154} INFO - [2023-11-20T15:27:29.581+0300] {dag.py:2941} INFO - Sync 2 DAGs
[2023-11-20T15:27:29.584+0300] {logging_mixin.py:154} INFO - [2023-11-20T15:27:29.584+0300] {dag.py:3722} INFO - Setting next_dagrun for example_subdag_operator.section-1 to None, run_after=None
[2023-11-20T15:27:29.585+0300] {logging_mixin.py:154} INFO - [2023-11-20T15:27:29.585+0300] {dag.py:3722} INFO - Setting next_dagrun for example_subdag_operator.section-2 to None, run_after=None
[2023-11-20T15:27:29.597+0300] {processor.py:179} INFO - Processing /home/user/Masaüstü/kafka/.env/lib/python3.8/site-packages/airflow/example_dags/example_subdag_operator.py took 0.080 seconds
[2023-11-20T15:28:13.866+0300] {processor.py:157} INFO - Started process (PID=5312) to work on /home/user/Masaüstü/kafka/.env/lib/python3.8/site-packages/airflow/example_dags/example_subdag_operator.py
[2023-11-20T15:28:13.868+0300] {processor.py:829} INFO - Processing file /home/user/Masaüstü/kafka/.env/lib/python3.8/site-packages/airflow/example_dags/example_subdag_operator.py for tasks to queue
[2023-11-20T15:28:13.868+0300] {logging_mixin.py:154} INFO - [2023-11-20T15:28:13.868+0300] {dagbag.py:536} INFO - Filling up the DagBag from /home/user/Masaüstü/kafka/.env/lib/python3.8/site-packages/airflow/example_dags/example_subdag_operator.py
[2023-11-20T15:28:13.890+0300] {processor.py:839} INFO - DAG(s) dict_keys(['example_subdag_operator.section-1', 'example_subdag_operator.section-2', 'example_subdag_operator']) retrieved from /home/user/Masaüstü/kafka/.env/lib/python3.8/site-packages/airflow/example_dags/example_subdag_operator.py
[2023-11-20T15:28:13.906+0300] {logging_mixin.py:154} INFO - [2023-11-20T15:28:13.905+0300] {dag.py:2941} INFO - Sync 3 DAGs
[2023-11-20T15:28:13.921+0300] {logging_mixin.py:154} INFO - [2023-11-20T15:28:13.921+0300] {dag.py:3722} INFO - Setting next_dagrun for example_subdag_operator to 2022-01-01T00:00:00+00:00, run_after=2022-01-01T00:00:00+00:00
[2023-11-20T15:28:13.924+0300] {logging_mixin.py:154} INFO - [2023-11-20T15:28:13.924+0300] {dag.py:3722} INFO - Setting next_dagrun for example_subdag_operator.section-1 to None, run_after=None
[2023-11-20T15:28:13.925+0300] {logging_mixin.py:154} INFO - [2023-11-20T15:28:13.925+0300] {dag.py:3722} INFO - Setting next_dagrun for example_subdag_operator.section-2 to None, run_after=None
[2023-11-20T15:28:13.930+0300] {logging_mixin.py:154} INFO - [2023-11-20T15:28:13.930+0300] {dag.py:2941} INFO - Sync 2 DAGs
[2023-11-20T15:28:13.934+0300] {logging_mixin.py:154} INFO - [2023-11-20T15:28:13.934+0300] {dag.py:3722} INFO - Setting next_dagrun for example_subdag_operator.section-1 to None, run_after=None
[2023-11-20T15:28:13.935+0300] {logging_mixin.py:154} INFO - [2023-11-20T15:28:13.935+0300] {dag.py:3722} INFO - Setting next_dagrun for example_subdag_operator.section-2 to None, run_after=None
[2023-11-20T15:28:13.950+0300] {processor.py:179} INFO - Processing /home/user/Masaüstü/kafka/.env/lib/python3.8/site-packages/airflow/example_dags/example_subdag_operator.py took 0.086 seconds
[2023-11-20T15:36:16.973+0300] {processor.py:157} INFO - Started process (PID=7058) to work on /home/user/Masaüstü/kafka/.env/lib/python3.8/site-packages/airflow/example_dags/example_subdag_operator.py
[2023-11-20T15:36:16.976+0300] {processor.py:829} INFO - Processing file /home/user/Masaüstü/kafka/.env/lib/python3.8/site-packages/airflow/example_dags/example_subdag_operator.py for tasks to queue
[2023-11-20T15:36:16.977+0300] {logging_mixin.py:154} INFO - [2023-11-20T15:36:16.977+0300] {dagbag.py:536} INFO - Filling up the DagBag from /home/user/Masaüstü/kafka/.env/lib/python3.8/site-packages/airflow/example_dags/example_subdag_operator.py
[2023-11-20T15:36:17.008+0300] {processor.py:839} INFO - DAG(s) dict_keys(['example_subdag_operator.section-1', 'example_subdag_operator.section-2', 'example_subdag_operator']) retrieved from /home/user/Masaüstü/kafka/.env/lib/python3.8/site-packages/airflow/example_dags/example_subdag_operator.py
[2023-11-20T15:36:17.012+0300] {logging_mixin.py:154} INFO - [2023-11-20T15:36:17.011+0300] {dag.py:2941} INFO - Sync 3 DAGs
[2023-11-20T15:36:17.028+0300] {logging_mixin.py:154} INFO - [2023-11-20T15:36:17.028+0300] {dag.py:3722} INFO - Setting next_dagrun for example_subdag_operator to 2022-01-01T00:00:00+00:00, run_after=2022-01-01T00:00:00+00:00
[2023-11-20T15:36:17.030+0300] {logging_mixin.py:154} INFO - [2023-11-20T15:36:17.030+0300] {dag.py:3722} INFO - Setting next_dagrun for example_subdag_operator.section-1 to None, run_after=None
[2023-11-20T15:36:17.031+0300] {logging_mixin.py:154} INFO - [2023-11-20T15:36:17.031+0300] {dag.py:3722} INFO - Setting next_dagrun for example_subdag_operator.section-2 to None, run_after=None
[2023-11-20T15:36:17.037+0300] {logging_mixin.py:154} INFO - [2023-11-20T15:36:17.037+0300] {dag.py:2941} INFO - Sync 2 DAGs
[2023-11-20T15:36:17.041+0300] {logging_mixin.py:154} INFO - [2023-11-20T15:36:17.041+0300] {dag.py:3722} INFO - Setting next_dagrun for example_subdag_operator.section-1 to None, run_after=None
[2023-11-20T15:36:17.041+0300] {logging_mixin.py:154} INFO - [2023-11-20T15:36:17.041+0300] {dag.py:3722} INFO - Setting next_dagrun for example_subdag_operator.section-2 to None, run_after=None
[2023-11-20T15:36:17.065+0300] {processor.py:179} INFO - Processing /home/user/Masaüstü/kafka/.env/lib/python3.8/site-packages/airflow/example_dags/example_subdag_operator.py took 0.097 seconds
