[2023-11-20T15:20:25.806+0300] {processor.py:157} INFO - Started process (PID=34604) to work on /home/user/Masaüstü/kafka/.env/lib/python3.8/site-packages/airflow/example_dags/example_params_ui_tutorial.py
[2023-11-20T15:20:25.808+0300] {processor.py:829} INFO - Processing file /home/user/Masaüstü/kafka/.env/lib/python3.8/site-packages/airflow/example_dags/example_params_ui_tutorial.py for tasks to queue
[2023-11-20T15:20:25.809+0300] {logging_mixin.py:154} INFO - [2023-11-20T15:20:25.808+0300] {dagbag.py:536} INFO - Filling up the DagBag from /home/user/Masaüstü/kafka/.env/lib/python3.8/site-packages/airflow/example_dags/example_params_ui_tutorial.py
[2023-11-20T15:20:25.838+0300] {processor.py:839} INFO - DAG(s) dict_keys(['example_params_ui_tutorial']) retrieved from /home/user/Masaüstü/kafka/.env/lib/python3.8/site-packages/airflow/example_dags/example_params_ui_tutorial.py
[2023-11-20T15:20:25.886+0300] {logging_mixin.py:154} INFO - [2023-11-20T15:20:25.886+0300] {dag.py:2941} INFO - Sync 1 DAGs
[2023-11-20T15:20:25.896+0300] {logging_mixin.py:154} INFO - [2023-11-20T15:20:25.896+0300] {dag.py:3722} INFO - Setting next_dagrun for example_params_ui_tutorial to None, run_after=None
[2023-11-20T15:20:25.921+0300] {processor.py:179} INFO - Processing /home/user/Masaüstü/kafka/.env/lib/python3.8/site-packages/airflow/example_dags/example_params_ui_tutorial.py took 0.119 seconds
[2023-11-20T15:21:43.487+0300] {processor.py:157} INFO - Started process (PID=35978) to work on /home/user/Masaüstü/kafka/.env/lib/python3.8/site-packages/airflow/example_dags/example_params_ui_tutorial.py
[2023-11-20T15:21:43.489+0300] {processor.py:829} INFO - Processing file /home/user/Masaüstü/kafka/.env/lib/python3.8/site-packages/airflow/example_dags/example_params_ui_tutorial.py for tasks to queue
[2023-11-20T15:21:43.489+0300] {logging_mixin.py:154} INFO - [2023-11-20T15:21:43.489+0300] {dagbag.py:536} INFO - Filling up the DagBag from /home/user/Masaüstü/kafka/.env/lib/python3.8/site-packages/airflow/example_dags/example_params_ui_tutorial.py
[2023-11-20T15:21:43.514+0300] {processor.py:839} INFO - DAG(s) dict_keys(['example_params_ui_tutorial']) retrieved from /home/user/Masaüstü/kafka/.env/lib/python3.8/site-packages/airflow/example_dags/example_params_ui_tutorial.py
[2023-11-20T15:21:43.554+0300] {logging_mixin.py:154} INFO - [2023-11-20T15:21:43.554+0300] {dag.py:2941} INFO - Sync 1 DAGs
[2023-11-20T15:21:43.562+0300] {logging_mixin.py:154} INFO - [2023-11-20T15:21:43.562+0300] {dag.py:3722} INFO - Setting next_dagrun for example_params_ui_tutorial to None, run_after=None
[2023-11-20T15:21:43.579+0300] {processor.py:179} INFO - Processing /home/user/Masaüstü/kafka/.env/lib/python3.8/site-packages/airflow/example_dags/example_params_ui_tutorial.py took 0.095 seconds
[2023-11-20T15:22:29.169+0300] {processor.py:157} INFO - Started process (PID=36428) to work on /home/user/Masaüstü/kafka/.env/lib/python3.8/site-packages/airflow/example_dags/example_params_ui_tutorial.py
[2023-11-20T15:22:29.171+0300] {processor.py:829} INFO - Processing file /home/user/Masaüstü/kafka/.env/lib/python3.8/site-packages/airflow/example_dags/example_params_ui_tutorial.py for tasks to queue
[2023-11-20T15:22:29.173+0300] {logging_mixin.py:154} INFO - [2023-11-20T15:22:29.172+0300] {dagbag.py:536} INFO - Filling up the DagBag from /home/user/Masaüstü/kafka/.env/lib/python3.8/site-packages/airflow/example_dags/example_params_ui_tutorial.py
[2023-11-20T15:22:29.208+0300] {processor.py:839} INFO - DAG(s) dict_keys(['example_params_ui_tutorial']) retrieved from /home/user/Masaüstü/kafka/.env/lib/python3.8/site-packages/airflow/example_dags/example_params_ui_tutorial.py
[2023-11-20T15:22:29.252+0300] {logging_mixin.py:154} INFO - [2023-11-20T15:22:29.252+0300] {dag.py:2941} INFO - Sync 1 DAGs
[2023-11-20T15:22:29.260+0300] {logging_mixin.py:154} INFO - [2023-11-20T15:22:29.260+0300] {dag.py:3722} INFO - Setting next_dagrun for example_params_ui_tutorial to None, run_after=None
[2023-11-20T15:22:29.287+0300] {processor.py:179} INFO - Processing /home/user/Masaüstü/kafka/.env/lib/python3.8/site-packages/airflow/example_dags/example_params_ui_tutorial.py took 0.122 seconds
[2023-11-20T15:23:17.173+0300] {processor.py:157} INFO - Started process (PID=36761) to work on /home/user/Masaüstü/kafka/.env/lib/python3.8/site-packages/airflow/example_dags/example_params_ui_tutorial.py
[2023-11-20T15:23:17.176+0300] {processor.py:829} INFO - Processing file /home/user/Masaüstü/kafka/.env/lib/python3.8/site-packages/airflow/example_dags/example_params_ui_tutorial.py for tasks to queue
[2023-11-20T15:23:17.177+0300] {logging_mixin.py:154} INFO - [2023-11-20T15:23:17.176+0300] {dagbag.py:536} INFO - Filling up the DagBag from /home/user/Masaüstü/kafka/.env/lib/python3.8/site-packages/airflow/example_dags/example_params_ui_tutorial.py
[2023-11-20T15:23:17.222+0300] {processor.py:839} INFO - DAG(s) dict_keys(['example_params_ui_tutorial']) retrieved from /home/user/Masaüstü/kafka/.env/lib/python3.8/site-packages/airflow/example_dags/example_params_ui_tutorial.py
[2023-11-20T15:23:17.270+0300] {logging_mixin.py:154} INFO - [2023-11-20T15:23:17.270+0300] {dag.py:2941} INFO - Sync 1 DAGs
[2023-11-20T15:23:17.279+0300] {logging_mixin.py:154} INFO - [2023-11-20T15:23:17.278+0300] {dag.py:3722} INFO - Setting next_dagrun for example_params_ui_tutorial to None, run_after=None
[2023-11-20T15:23:17.300+0300] {processor.py:179} INFO - Processing /home/user/Masaüstü/kafka/.env/lib/python3.8/site-packages/airflow/example_dags/example_params_ui_tutorial.py took 0.133 seconds
[2023-11-20T15:24:07.997+0300] {processor.py:157} INFO - Started process (PID=37374) to work on /home/user/Masaüstü/kafka/.env/lib/python3.8/site-packages/airflow/example_dags/example_params_ui_tutorial.py
[2023-11-20T15:24:08.000+0300] {processor.py:829} INFO - Processing file /home/user/Masaüstü/kafka/.env/lib/python3.8/site-packages/airflow/example_dags/example_params_ui_tutorial.py for tasks to queue
[2023-11-20T15:24:08.003+0300] {logging_mixin.py:154} INFO - [2023-11-20T15:24:08.002+0300] {dagbag.py:536} INFO - Filling up the DagBag from /home/user/Masaüstü/kafka/.env/lib/python3.8/site-packages/airflow/example_dags/example_params_ui_tutorial.py
[2023-11-20T15:24:08.037+0300] {processor.py:839} INFO - DAG(s) dict_keys(['example_params_ui_tutorial']) retrieved from /home/user/Masaüstü/kafka/.env/lib/python3.8/site-packages/airflow/example_dags/example_params_ui_tutorial.py
[2023-11-20T15:24:08.084+0300] {logging_mixin.py:154} INFO - [2023-11-20T15:24:08.084+0300] {dag.py:2941} INFO - Sync 1 DAGs
[2023-11-20T15:24:08.093+0300] {logging_mixin.py:154} INFO - [2023-11-20T15:24:08.092+0300] {dag.py:3722} INFO - Setting next_dagrun for example_params_ui_tutorial to None, run_after=None
[2023-11-20T15:24:08.113+0300] {processor.py:179} INFO - Processing /home/user/Masaüstü/kafka/.env/lib/python3.8/site-packages/airflow/example_dags/example_params_ui_tutorial.py took 0.123 seconds
[2023-11-20T15:27:35.227+0300] {processor.py:157} INFO - Started process (PID=5042) to work on /home/user/Masaüstü/kafka/.env/lib/python3.8/site-packages/airflow/example_dags/example_params_ui_tutorial.py
[2023-11-20T15:27:35.228+0300] {processor.py:829} INFO - Processing file /home/user/Masaüstü/kafka/.env/lib/python3.8/site-packages/airflow/example_dags/example_params_ui_tutorial.py for tasks to queue
[2023-11-20T15:27:35.229+0300] {logging_mixin.py:154} INFO - [2023-11-20T15:27:35.229+0300] {dagbag.py:536} INFO - Filling up the DagBag from /home/user/Masaüstü/kafka/.env/lib/python3.8/site-packages/airflow/example_dags/example_params_ui_tutorial.py
[2023-11-20T15:27:35.252+0300] {processor.py:839} INFO - DAG(s) dict_keys(['example_params_ui_tutorial']) retrieved from /home/user/Masaüstü/kafka/.env/lib/python3.8/site-packages/airflow/example_dags/example_params_ui_tutorial.py
[2023-11-20T15:27:35.257+0300] {logging_mixin.py:154} INFO - [2023-11-20T15:27:35.257+0300] {dag.py:2941} INFO - Sync 1 DAGs
[2023-11-20T15:27:35.267+0300] {logging_mixin.py:154} INFO - [2023-11-20T15:27:35.267+0300] {dag.py:3722} INFO - Setting next_dagrun for example_params_ui_tutorial to None, run_after=None
[2023-11-20T15:27:35.293+0300] {processor.py:179} INFO - Processing /home/user/Masaüstü/kafka/.env/lib/python3.8/site-packages/airflow/example_dags/example_params_ui_tutorial.py took 0.069 seconds
[2023-11-20T15:28:20.593+0300] {processor.py:157} INFO - Started process (PID=5346) to work on /home/user/Masaüstü/kafka/.env/lib/python3.8/site-packages/airflow/example_dags/example_params_ui_tutorial.py
[2023-11-20T15:28:20.595+0300] {processor.py:829} INFO - Processing file /home/user/Masaüstü/kafka/.env/lib/python3.8/site-packages/airflow/example_dags/example_params_ui_tutorial.py for tasks to queue
[2023-11-20T15:28:20.596+0300] {logging_mixin.py:154} INFO - [2023-11-20T15:28:20.596+0300] {dagbag.py:536} INFO - Filling up the DagBag from /home/user/Masaüstü/kafka/.env/lib/python3.8/site-packages/airflow/example_dags/example_params_ui_tutorial.py
[2023-11-20T15:28:20.620+0300] {processor.py:839} INFO - DAG(s) dict_keys(['example_params_ui_tutorial']) retrieved from /home/user/Masaüstü/kafka/.env/lib/python3.8/site-packages/airflow/example_dags/example_params_ui_tutorial.py
[2023-11-20T15:28:20.659+0300] {logging_mixin.py:154} INFO - [2023-11-20T15:28:20.659+0300] {dag.py:2941} INFO - Sync 1 DAGs
[2023-11-20T15:28:20.667+0300] {logging_mixin.py:154} INFO - [2023-11-20T15:28:20.667+0300] {dag.py:3722} INFO - Setting next_dagrun for example_params_ui_tutorial to None, run_after=None
[2023-11-20T15:28:20.686+0300] {processor.py:179} INFO - Processing /home/user/Masaüstü/kafka/.env/lib/python3.8/site-packages/airflow/example_dags/example_params_ui_tutorial.py took 0.095 seconds
