[2023-11-20T15:20:19.356+0300] {processor.py:157} INFO - Started process (PID=34545) to work on /home/user/Masaüstü/kafka/.env/lib/python3.8/site-packages/airflow/example_dags/example_kubernetes_executor.py
[2023-11-20T15:20:19.357+0300] {processor.py:829} INFO - Processing file /home/user/Masaüstü/kafka/.env/lib/python3.8/site-packages/airflow/example_dags/example_kubernetes_executor.py for tasks to queue
[2023-11-20T15:20:19.358+0300] {logging_mixin.py:154} INFO - [2023-11-20T15:20:19.357+0300] {dagbag.py:536} INFO - Filling up the DagBag from /home/user/Masaüstü/kafka/.env/lib/python3.8/site-packages/airflow/example_dags/example_kubernetes_executor.py
[2023-11-20T15:20:19.361+0300] {logging_mixin.py:154} INFO - [2023-11-20T15:20:19.361+0300] {example_kubernetes_executor.py:38} WARNING - The example_kubernetes_executor example DAG requires the kubernetes provider. Please install it with: pip install apache-airflow[cncf.kubernetes]
[2023-11-20T15:20:19.361+0300] {processor.py:841} WARNING - No viable dags retrieved from /home/user/Masaüstü/kafka/.env/lib/python3.8/site-packages/airflow/example_dags/example_kubernetes_executor.py
[2023-11-20T15:20:19.373+0300] {processor.py:179} INFO - Processing /home/user/Masaüstü/kafka/.env/lib/python3.8/site-packages/airflow/example_dags/example_kubernetes_executor.py took 0.021 seconds
[2023-11-20T15:21:06.057+0300] {processor.py:157} INFO - Started process (PID=35016) to work on /home/user/Masaüstü/kafka/.env/lib/python3.8/site-packages/airflow/example_dags/example_kubernetes_executor.py
[2023-11-20T15:21:06.061+0300] {processor.py:829} INFO - Processing file /home/user/Masaüstü/kafka/.env/lib/python3.8/site-packages/airflow/example_dags/example_kubernetes_executor.py for tasks to queue
[2023-11-20T15:21:06.064+0300] {logging_mixin.py:154} INFO - [2023-11-20T15:21:06.063+0300] {dagbag.py:536} INFO - Filling up the DagBag from /home/user/Masaüstü/kafka/.env/lib/python3.8/site-packages/airflow/example_dags/example_kubernetes_executor.py
[2023-11-20T15:21:06.073+0300] {logging_mixin.py:154} INFO - [2023-11-20T15:21:06.072+0300] {example_kubernetes_executor.py:38} WARNING - The example_kubernetes_executor example DAG requires the kubernetes provider. Please install it with: pip install apache-airflow[cncf.kubernetes]
[2023-11-20T15:21:06.075+0300] {processor.py:841} WARNING - No viable dags retrieved from /home/user/Masaüstü/kafka/.env/lib/python3.8/site-packages/airflow/example_dags/example_kubernetes_executor.py
[2023-11-20T15:21:06.109+0300] {processor.py:179} INFO - Processing /home/user/Masaüstü/kafka/.env/lib/python3.8/site-packages/airflow/example_dags/example_kubernetes_executor.py took 0.060 seconds
[2023-11-20T15:21:37.180+0300] {processor.py:157} INFO - Started process (PID=35951) to work on /home/user/Masaüstü/kafka/.env/lib/python3.8/site-packages/airflow/example_dags/example_kubernetes_executor.py
[2023-11-20T15:21:37.182+0300] {processor.py:829} INFO - Processing file /home/user/Masaüstü/kafka/.env/lib/python3.8/site-packages/airflow/example_dags/example_kubernetes_executor.py for tasks to queue
[2023-11-20T15:21:37.183+0300] {logging_mixin.py:154} INFO - [2023-11-20T15:21:37.182+0300] {dagbag.py:536} INFO - Filling up the DagBag from /home/user/Masaüstü/kafka/.env/lib/python3.8/site-packages/airflow/example_dags/example_kubernetes_executor.py
[2023-11-20T15:21:37.185+0300] {logging_mixin.py:154} INFO - [2023-11-20T15:21:37.185+0300] {example_kubernetes_executor.py:38} WARNING - The example_kubernetes_executor example DAG requires the kubernetes provider. Please install it with: pip install apache-airflow[cncf.kubernetes]
[2023-11-20T15:21:37.186+0300] {processor.py:841} WARNING - No viable dags retrieved from /home/user/Masaüstü/kafka/.env/lib/python3.8/site-packages/airflow/example_dags/example_kubernetes_executor.py
[2023-11-20T15:21:37.194+0300] {processor.py:179} INFO - Processing /home/user/Masaüstü/kafka/.env/lib/python3.8/site-packages/airflow/example_dags/example_kubernetes_executor.py took 0.017 seconds
[2023-11-20T15:22:22.754+0300] {processor.py:157} INFO - Started process (PID=36396) to work on /home/user/Masaüstü/kafka/.env/lib/python3.8/site-packages/airflow/example_dags/example_kubernetes_executor.py
[2023-11-20T15:22:22.757+0300] {processor.py:829} INFO - Processing file /home/user/Masaüstü/kafka/.env/lib/python3.8/site-packages/airflow/example_dags/example_kubernetes_executor.py for tasks to queue
[2023-11-20T15:22:22.760+0300] {logging_mixin.py:154} INFO - [2023-11-20T15:22:22.758+0300] {dagbag.py:536} INFO - Filling up the DagBag from /home/user/Masaüstü/kafka/.env/lib/python3.8/site-packages/airflow/example_dags/example_kubernetes_executor.py
[2023-11-20T15:22:22.766+0300] {logging_mixin.py:154} INFO - [2023-11-20T15:22:22.766+0300] {example_kubernetes_executor.py:38} WARNING - The example_kubernetes_executor example DAG requires the kubernetes provider. Please install it with: pip install apache-airflow[cncf.kubernetes]
[2023-11-20T15:22:22.766+0300] {processor.py:841} WARNING - No viable dags retrieved from /home/user/Masaüstü/kafka/.env/lib/python3.8/site-packages/airflow/example_dags/example_kubernetes_executor.py
[2023-11-20T15:22:22.778+0300] {processor.py:179} INFO - Processing /home/user/Masaüstü/kafka/.env/lib/python3.8/site-packages/airflow/example_dags/example_kubernetes_executor.py took 0.030 seconds
[2023-11-20T15:23:11.980+0300] {processor.py:157} INFO - Started process (PID=36670) to work on /home/user/Masaüstü/kafka/.env/lib/python3.8/site-packages/airflow/example_dags/example_kubernetes_executor.py
[2023-11-20T15:23:11.983+0300] {processor.py:829} INFO - Processing file /home/user/Masaüstü/kafka/.env/lib/python3.8/site-packages/airflow/example_dags/example_kubernetes_executor.py for tasks to queue
[2023-11-20T15:23:11.986+0300] {logging_mixin.py:154} INFO - [2023-11-20T15:23:11.985+0300] {dagbag.py:536} INFO - Filling up the DagBag from /home/user/Masaüstü/kafka/.env/lib/python3.8/site-packages/airflow/example_dags/example_kubernetes_executor.py
[2023-11-20T15:23:11.991+0300] {logging_mixin.py:154} INFO - [2023-11-20T15:23:11.991+0300] {example_kubernetes_executor.py:38} WARNING - The example_kubernetes_executor example DAG requires the kubernetes provider. Please install it with: pip install apache-airflow[cncf.kubernetes]
[2023-11-20T15:23:11.992+0300] {processor.py:841} WARNING - No viable dags retrieved from /home/user/Masaüstü/kafka/.env/lib/python3.8/site-packages/airflow/example_dags/example_kubernetes_executor.py
[2023-11-20T15:23:12.008+0300] {processor.py:179} INFO - Processing /home/user/Masaüstü/kafka/.env/lib/python3.8/site-packages/airflow/example_dags/example_kubernetes_executor.py took 0.033 seconds
[2023-11-20T15:23:57.808+0300] {processor.py:157} INFO - Started process (PID=37222) to work on /home/user/Masaüstü/kafka/.env/lib/python3.8/site-packages/airflow/example_dags/example_kubernetes_executor.py
[2023-11-20T15:23:57.810+0300] {processor.py:829} INFO - Processing file /home/user/Masaüstü/kafka/.env/lib/python3.8/site-packages/airflow/example_dags/example_kubernetes_executor.py for tasks to queue
[2023-11-20T15:23:57.811+0300] {logging_mixin.py:154} INFO - [2023-11-20T15:23:57.811+0300] {dagbag.py:536} INFO - Filling up the DagBag from /home/user/Masaüstü/kafka/.env/lib/python3.8/site-packages/airflow/example_dags/example_kubernetes_executor.py
[2023-11-20T15:23:57.817+0300] {logging_mixin.py:154} INFO - [2023-11-20T15:23:57.817+0300] {example_kubernetes_executor.py:38} WARNING - The example_kubernetes_executor example DAG requires the kubernetes provider. Please install it with: pip install apache-airflow[cncf.kubernetes]
[2023-11-20T15:23:57.818+0300] {processor.py:841} WARNING - No viable dags retrieved from /home/user/Masaüstü/kafka/.env/lib/python3.8/site-packages/airflow/example_dags/example_kubernetes_executor.py
[2023-11-20T15:23:57.829+0300] {processor.py:179} INFO - Processing /home/user/Masaüstü/kafka/.env/lib/python3.8/site-packages/airflow/example_dags/example_kubernetes_executor.py took 0.026 seconds
[2023-11-20T15:27:29.738+0300] {processor.py:157} INFO - Started process (PID=5014) to work on /home/user/Masaüstü/kafka/.env/lib/python3.8/site-packages/airflow/example_dags/example_kubernetes_executor.py
[2023-11-20T15:27:29.740+0300] {processor.py:829} INFO - Processing file /home/user/Masaüstü/kafka/.env/lib/python3.8/site-packages/airflow/example_dags/example_kubernetes_executor.py for tasks to queue
[2023-11-20T15:27:29.741+0300] {logging_mixin.py:154} INFO - [2023-11-20T15:27:29.740+0300] {dagbag.py:536} INFO - Filling up the DagBag from /home/user/Masaüstü/kafka/.env/lib/python3.8/site-packages/airflow/example_dags/example_kubernetes_executor.py
[2023-11-20T15:27:29.743+0300] {logging_mixin.py:154} INFO - [2023-11-20T15:27:29.742+0300] {example_kubernetes_executor.py:38} WARNING - The example_kubernetes_executor example DAG requires the kubernetes provider. Please install it with: pip install apache-airflow[cncf.kubernetes]
[2023-11-20T15:27:29.743+0300] {processor.py:841} WARNING - No viable dags retrieved from /home/user/Masaüstü/kafka/.env/lib/python3.8/site-packages/airflow/example_dags/example_kubernetes_executor.py
[2023-11-20T15:27:29.749+0300] {processor.py:179} INFO - Processing /home/user/Masaüstü/kafka/.env/lib/python3.8/site-packages/airflow/example_dags/example_kubernetes_executor.py took 0.013 seconds
[2023-11-20T15:28:15.008+0300] {processor.py:157} INFO - Started process (PID=5317) to work on /home/user/Masaüstü/kafka/.env/lib/python3.8/site-packages/airflow/example_dags/example_kubernetes_executor.py
[2023-11-20T15:28:15.010+0300] {processor.py:829} INFO - Processing file /home/user/Masaüstü/kafka/.env/lib/python3.8/site-packages/airflow/example_dags/example_kubernetes_executor.py for tasks to queue
[2023-11-20T15:28:15.010+0300] {logging_mixin.py:154} INFO - [2023-11-20T15:28:15.010+0300] {dagbag.py:536} INFO - Filling up the DagBag from /home/user/Masaüstü/kafka/.env/lib/python3.8/site-packages/airflow/example_dags/example_kubernetes_executor.py
[2023-11-20T15:28:15.013+0300] {logging_mixin.py:154} INFO - [2023-11-20T15:28:15.012+0300] {example_kubernetes_executor.py:38} WARNING - The example_kubernetes_executor example DAG requires the kubernetes provider. Please install it with: pip install apache-airflow[cncf.kubernetes]
[2023-11-20T15:28:15.013+0300] {processor.py:841} WARNING - No viable dags retrieved from /home/user/Masaüstü/kafka/.env/lib/python3.8/site-packages/airflow/example_dags/example_kubernetes_executor.py
[2023-11-20T15:28:15.020+0300] {processor.py:179} INFO - Processing /home/user/Masaüstü/kafka/.env/lib/python3.8/site-packages/airflow/example_dags/example_kubernetes_executor.py took 0.014 seconds
