[2023-11-20T15:20:13.057+0300] {processor.py:157} INFO - Started process (PID=34419) to work on /home/user/Masaüstü/kafka/.env/lib/python3.8/site-packages/airflow/example_dags/example_setup_teardown_taskflow.py
[2023-11-20T15:20:13.058+0300] {processor.py:829} INFO - Processing file /home/user/Masaüstü/kafka/.env/lib/python3.8/site-packages/airflow/example_dags/example_setup_teardown_taskflow.py for tasks to queue
[2023-11-20T15:20:13.059+0300] {logging_mixin.py:154} INFO - [2023-11-20T15:20:13.058+0300] {dagbag.py:536} INFO - Filling up the DagBag from /home/user/Masaüstü/kafka/.env/lib/python3.8/site-packages/airflow/example_dags/example_setup_teardown_taskflow.py
[2023-11-20T15:20:13.070+0300] {processor.py:839} INFO - DAG(s) dict_keys(['example_setup_teardown_taskflow']) retrieved from /home/user/Masaüstü/kafka/.env/lib/python3.8/site-packages/airflow/example_dags/example_setup_teardown_taskflow.py
[2023-11-20T15:20:13.076+0300] {logging_mixin.py:154} INFO - [2023-11-20T15:20:13.076+0300] {dag.py:2941} INFO - Sync 1 DAGs
[2023-11-20T15:20:13.093+0300] {logging_mixin.py:154} INFO - [2023-11-20T15:20:13.093+0300] {dag.py:3722} INFO - Setting next_dagrun for example_setup_teardown_taskflow to 2023-11-19T12:20:13.092986+00:00, run_after=2023-11-20T12:20:13.092986+00:00
[2023-11-20T15:20:13.129+0300] {processor.py:179} INFO - Processing /home/user/Masaüstü/kafka/.env/lib/python3.8/site-packages/airflow/example_dags/example_setup_teardown_taskflow.py took 0.074 seconds
[2023-11-20T15:20:59.637+0300] {processor.py:157} INFO - Started process (PID=34945) to work on /home/user/Masaüstü/kafka/.env/lib/python3.8/site-packages/airflow/example_dags/example_setup_teardown_taskflow.py
[2023-11-20T15:20:59.641+0300] {processor.py:829} INFO - Processing file /home/user/Masaüstü/kafka/.env/lib/python3.8/site-packages/airflow/example_dags/example_setup_teardown_taskflow.py for tasks to queue
[2023-11-20T15:20:59.643+0300] {logging_mixin.py:154} INFO - [2023-11-20T15:20:59.642+0300] {dagbag.py:536} INFO - Filling up the DagBag from /home/user/Masaüstü/kafka/.env/lib/python3.8/site-packages/airflow/example_dags/example_setup_teardown_taskflow.py
[2023-11-20T15:20:59.661+0300] {processor.py:839} INFO - DAG(s) dict_keys(['example_setup_teardown_taskflow']) retrieved from /home/user/Masaüstü/kafka/.env/lib/python3.8/site-packages/airflow/example_dags/example_setup_teardown_taskflow.py
[2023-11-20T15:20:59.676+0300] {logging_mixin.py:154} INFO - [2023-11-20T15:20:59.676+0300] {dag.py:2941} INFO - Sync 1 DAGs
[2023-11-20T15:20:59.694+0300] {logging_mixin.py:154} INFO - [2023-11-20T15:20:59.694+0300] {dag.py:3722} INFO - Setting next_dagrun for example_setup_teardown_taskflow to 2023-11-19T12:20:59.693758+00:00, run_after=2023-11-20T12:20:59.693758+00:00
[2023-11-20T15:20:59.717+0300] {processor.py:179} INFO - Processing /home/user/Masaüstü/kafka/.env/lib/python3.8/site-packages/airflow/example_dags/example_setup_teardown_taskflow.py took 0.089 seconds
[2023-11-20T15:21:30.865+0300] {processor.py:157} INFO - Started process (PID=35919) to work on /home/user/Masaüstü/kafka/.env/lib/python3.8/site-packages/airflow/example_dags/example_setup_teardown_taskflow.py
[2023-11-20T15:21:30.867+0300] {processor.py:829} INFO - Processing file /home/user/Masaüstü/kafka/.env/lib/python3.8/site-packages/airflow/example_dags/example_setup_teardown_taskflow.py for tasks to queue
[2023-11-20T15:21:30.868+0300] {logging_mixin.py:154} INFO - [2023-11-20T15:21:30.867+0300] {dagbag.py:536} INFO - Filling up the DagBag from /home/user/Masaüstü/kafka/.env/lib/python3.8/site-packages/airflow/example_dags/example_setup_teardown_taskflow.py
[2023-11-20T15:21:30.877+0300] {processor.py:839} INFO - DAG(s) dict_keys(['example_setup_teardown_taskflow']) retrieved from /home/user/Masaüstü/kafka/.env/lib/python3.8/site-packages/airflow/example_dags/example_setup_teardown_taskflow.py
[2023-11-20T15:21:30.882+0300] {logging_mixin.py:154} INFO - [2023-11-20T15:21:30.881+0300] {dag.py:2941} INFO - Sync 1 DAGs
[2023-11-20T15:21:30.897+0300] {logging_mixin.py:154} INFO - [2023-11-20T15:21:30.897+0300] {dag.py:3722} INFO - Setting next_dagrun for example_setup_teardown_taskflow to 2023-11-19T12:21:30.897271+00:00, run_after=2023-11-20T12:21:30.897271+00:00
[2023-11-20T15:21:30.916+0300] {processor.py:179} INFO - Processing /home/user/Masaüstü/kafka/.env/lib/python3.8/site-packages/airflow/example_dags/example_setup_teardown_taskflow.py took 0.053 seconds
[2023-11-20T15:22:16.531+0300] {processor.py:157} INFO - Started process (PID=36197) to work on /home/user/Masaüstü/kafka/.env/lib/python3.8/site-packages/airflow/example_dags/example_setup_teardown_taskflow.py
[2023-11-20T15:22:16.532+0300] {processor.py:829} INFO - Processing file /home/user/Masaüstü/kafka/.env/lib/python3.8/site-packages/airflow/example_dags/example_setup_teardown_taskflow.py for tasks to queue
[2023-11-20T15:22:16.534+0300] {logging_mixin.py:154} INFO - [2023-11-20T15:22:16.533+0300] {dagbag.py:536} INFO - Filling up the DagBag from /home/user/Masaüstü/kafka/.env/lib/python3.8/site-packages/airflow/example_dags/example_setup_teardown_taskflow.py
[2023-11-20T15:22:16.542+0300] {processor.py:839} INFO - DAG(s) dict_keys(['example_setup_teardown_taskflow']) retrieved from /home/user/Masaüstü/kafka/.env/lib/python3.8/site-packages/airflow/example_dags/example_setup_teardown_taskflow.py
[2023-11-20T15:22:16.554+0300] {logging_mixin.py:154} INFO - [2023-11-20T15:22:16.554+0300] {dag.py:2941} INFO - Sync 1 DAGs
[2023-11-20T15:22:16.571+0300] {logging_mixin.py:154} INFO - [2023-11-20T15:22:16.570+0300] {dag.py:3722} INFO - Setting next_dagrun for example_setup_teardown_taskflow to 2023-11-19T12:22:16.570683+00:00, run_after=2023-11-20T12:22:16.570683+00:00
[2023-11-20T15:22:16.591+0300] {processor.py:179} INFO - Processing /home/user/Masaüstü/kafka/.env/lib/python3.8/site-packages/airflow/example_dags/example_setup_teardown_taskflow.py took 0.064 seconds
[2023-11-20T15:23:03.139+0300] {processor.py:157} INFO - Started process (PID=36628) to work on /home/user/Masaüstü/kafka/.env/lib/python3.8/site-packages/airflow/example_dags/example_setup_teardown_taskflow.py
[2023-11-20T15:23:03.147+0300] {processor.py:829} INFO - Processing file /home/user/Masaüstü/kafka/.env/lib/python3.8/site-packages/airflow/example_dags/example_setup_teardown_taskflow.py for tasks to queue
[2023-11-20T15:23:03.148+0300] {logging_mixin.py:154} INFO - [2023-11-20T15:23:03.147+0300] {dagbag.py:536} INFO - Filling up the DagBag from /home/user/Masaüstü/kafka/.env/lib/python3.8/site-packages/airflow/example_dags/example_setup_teardown_taskflow.py
[2023-11-20T15:23:03.156+0300] {processor.py:839} INFO - DAG(s) dict_keys(['example_setup_teardown_taskflow']) retrieved from /home/user/Masaüstü/kafka/.env/lib/python3.8/site-packages/airflow/example_dags/example_setup_teardown_taskflow.py
[2023-11-20T15:23:03.169+0300] {logging_mixin.py:154} INFO - [2023-11-20T15:23:03.169+0300] {dag.py:2941} INFO - Sync 1 DAGs
[2023-11-20T15:23:03.185+0300] {logging_mixin.py:154} INFO - [2023-11-20T15:23:03.185+0300] {dag.py:3722} INFO - Setting next_dagrun for example_setup_teardown_taskflow to 2023-11-19T12:23:03.185108+00:00, run_after=2023-11-20T12:23:03.185108+00:00
[2023-11-20T15:23:03.215+0300] {processor.py:179} INFO - Processing /home/user/Masaüstü/kafka/.env/lib/python3.8/site-packages/airflow/example_dags/example_setup_teardown_taskflow.py took 0.077 seconds
[2023-11-20T15:23:51.859+0300] {processor.py:157} INFO - Started process (PID=37187) to work on /home/user/Masaüstü/kafka/.env/lib/python3.8/site-packages/airflow/example_dags/example_setup_teardown_taskflow.py
[2023-11-20T15:23:51.863+0300] {processor.py:829} INFO - Processing file /home/user/Masaüstü/kafka/.env/lib/python3.8/site-packages/airflow/example_dags/example_setup_teardown_taskflow.py for tasks to queue
[2023-11-20T15:23:51.866+0300] {logging_mixin.py:154} INFO - [2023-11-20T15:23:51.865+0300] {dagbag.py:536} INFO - Filling up the DagBag from /home/user/Masaüstü/kafka/.env/lib/python3.8/site-packages/airflow/example_dags/example_setup_teardown_taskflow.py
[2023-11-20T15:23:51.895+0300] {processor.py:839} INFO - DAG(s) dict_keys(['example_setup_teardown_taskflow']) retrieved from /home/user/Masaüstü/kafka/.env/lib/python3.8/site-packages/airflow/example_dags/example_setup_teardown_taskflow.py
[2023-11-20T15:23:51.946+0300] {logging_mixin.py:154} INFO - [2023-11-20T15:23:51.946+0300] {dag.py:2941} INFO - Sync 1 DAGs
[2023-11-20T15:23:52.011+0300] {logging_mixin.py:154} INFO - [2023-11-20T15:23:52.011+0300] {dag.py:3722} INFO - Setting next_dagrun for example_setup_teardown_taskflow to 2023-11-19T12:23:52.010843+00:00, run_after=2023-11-20T12:23:52.010843+00:00
[2023-11-20T15:23:52.047+0300] {processor.py:179} INFO - Processing /home/user/Masaüstü/kafka/.env/lib/python3.8/site-packages/airflow/example_dags/example_setup_teardown_taskflow.py took 0.198 seconds
[2023-11-20T15:27:24.408+0300] {processor.py:157} INFO - Started process (PID=4974) to work on /home/user/Masaüstü/kafka/.env/lib/python3.8/site-packages/airflow/example_dags/example_setup_teardown_taskflow.py
[2023-11-20T15:27:24.411+0300] {processor.py:829} INFO - Processing file /home/user/Masaüstü/kafka/.env/lib/python3.8/site-packages/airflow/example_dags/example_setup_teardown_taskflow.py for tasks to queue
[2023-11-20T15:27:24.413+0300] {logging_mixin.py:154} INFO - [2023-11-20T15:27:24.413+0300] {dagbag.py:536} INFO - Filling up the DagBag from /home/user/Masaüstü/kafka/.env/lib/python3.8/site-packages/airflow/example_dags/example_setup_teardown_taskflow.py
[2023-11-20T15:27:24.435+0300] {processor.py:839} INFO - DAG(s) dict_keys(['example_setup_teardown_taskflow']) retrieved from /home/user/Masaüstü/kafka/.env/lib/python3.8/site-packages/airflow/example_dags/example_setup_teardown_taskflow.py
[2023-11-20T15:27:24.446+0300] {logging_mixin.py:154} INFO - [2023-11-20T15:27:24.446+0300] {dag.py:2941} INFO - Sync 1 DAGs
[2023-11-20T15:27:24.477+0300] {logging_mixin.py:154} INFO - [2023-11-20T15:27:24.477+0300] {dag.py:3722} INFO - Setting next_dagrun for example_setup_teardown_taskflow to 2023-11-19T12:27:24.476756+00:00, run_after=2023-11-20T12:27:24.476756+00:00
[2023-11-20T15:27:24.510+0300] {processor.py:179} INFO - Processing /home/user/Masaüstü/kafka/.env/lib/python3.8/site-packages/airflow/example_dags/example_setup_teardown_taskflow.py took 0.111 seconds
[2023-11-20T15:28:09.592+0300] {processor.py:157} INFO - Started process (PID=5220) to work on /home/user/Masaüstü/kafka/.env/lib/python3.8/site-packages/airflow/example_dags/example_setup_teardown_taskflow.py
[2023-11-20T15:28:09.594+0300] {processor.py:829} INFO - Processing file /home/user/Masaüstü/kafka/.env/lib/python3.8/site-packages/airflow/example_dags/example_setup_teardown_taskflow.py for tasks to queue
[2023-11-20T15:28:09.595+0300] {logging_mixin.py:154} INFO - [2023-11-20T15:28:09.595+0300] {dagbag.py:536} INFO - Filling up the DagBag from /home/user/Masaüstü/kafka/.env/lib/python3.8/site-packages/airflow/example_dags/example_setup_teardown_taskflow.py
[2023-11-20T15:28:09.606+0300] {processor.py:839} INFO - DAG(s) dict_keys(['example_setup_teardown_taskflow']) retrieved from /home/user/Masaüstü/kafka/.env/lib/python3.8/site-packages/airflow/example_dags/example_setup_teardown_taskflow.py
[2023-11-20T15:28:09.619+0300] {logging_mixin.py:154} INFO - [2023-11-20T15:28:09.619+0300] {dag.py:2941} INFO - Sync 1 DAGs
[2023-11-20T15:28:09.636+0300] {logging_mixin.py:154} INFO - [2023-11-20T15:28:09.636+0300] {dag.py:3722} INFO - Setting next_dagrun for example_setup_teardown_taskflow to 2023-11-19T12:28:09.636003+00:00, run_after=2023-11-20T12:28:09.636003+00:00
[2023-11-20T15:28:09.655+0300] {processor.py:179} INFO - Processing /home/user/Masaüstü/kafka/.env/lib/python3.8/site-packages/airflow/example_dags/example_setup_teardown_taskflow.py took 0.065 seconds
[2023-11-20T15:28:53.979+0300] {processor.py:157} INFO - Started process (PID=5527) to work on /home/user/Masaüstü/kafka/.env/lib/python3.8/site-packages/airflow/example_dags/example_setup_teardown_taskflow.py
[2023-11-20T15:28:53.981+0300] {processor.py:829} INFO - Processing file /home/user/Masaüstü/kafka/.env/lib/python3.8/site-packages/airflow/example_dags/example_setup_teardown_taskflow.py for tasks to queue
[2023-11-20T15:28:53.982+0300] {logging_mixin.py:154} INFO - [2023-11-20T15:28:53.982+0300] {dagbag.py:536} INFO - Filling up the DagBag from /home/user/Masaüstü/kafka/.env/lib/python3.8/site-packages/airflow/example_dags/example_setup_teardown_taskflow.py
[2023-11-20T15:28:53.991+0300] {processor.py:839} INFO - DAG(s) dict_keys(['example_setup_teardown_taskflow']) retrieved from /home/user/Masaüstü/kafka/.env/lib/python3.8/site-packages/airflow/example_dags/example_setup_teardown_taskflow.py
[2023-11-20T15:28:54.006+0300] {logging_mixin.py:154} INFO - [2023-11-20T15:28:54.006+0300] {dag.py:2941} INFO - Sync 1 DAGs
[2023-11-20T15:28:54.022+0300] {logging_mixin.py:154} INFO - [2023-11-20T15:28:54.022+0300] {dag.py:3722} INFO - Setting next_dagrun for example_setup_teardown_taskflow to 2023-11-19T12:28:54.022343+00:00, run_after=2023-11-20T12:28:54.022343+00:00
[2023-11-20T15:28:54.040+0300] {processor.py:179} INFO - Processing /home/user/Masaüstü/kafka/.env/lib/python3.8/site-packages/airflow/example_dags/example_setup_teardown_taskflow.py took 0.063 seconds
[2023-11-20T15:36:11.946+0300] {processor.py:157} INFO - Started process (PID=7027) to work on /home/user/Masaüstü/kafka/.env/lib/python3.8/site-packages/airflow/example_dags/example_setup_teardown_taskflow.py
[2023-11-20T15:36:11.953+0300] {processor.py:829} INFO - Processing file /home/user/Masaüstü/kafka/.env/lib/python3.8/site-packages/airflow/example_dags/example_setup_teardown_taskflow.py for tasks to queue
[2023-11-20T15:36:11.953+0300] {logging_mixin.py:154} INFO - [2023-11-20T15:36:11.953+0300] {dagbag.py:536} INFO - Filling up the DagBag from /home/user/Masaüstü/kafka/.env/lib/python3.8/site-packages/airflow/example_dags/example_setup_teardown_taskflow.py
[2023-11-20T15:36:11.965+0300] {processor.py:839} INFO - DAG(s) dict_keys(['example_setup_teardown_taskflow']) retrieved from /home/user/Masaüstü/kafka/.env/lib/python3.8/site-packages/airflow/example_dags/example_setup_teardown_taskflow.py
[2023-11-20T15:36:11.971+0300] {logging_mixin.py:154} INFO - [2023-11-20T15:36:11.971+0300] {dag.py:2941} INFO - Sync 1 DAGs
[2023-11-20T15:36:11.989+0300] {logging_mixin.py:154} INFO - [2023-11-20T15:36:11.989+0300] {dag.py:3722} INFO - Setting next_dagrun for example_setup_teardown_taskflow to 2023-11-19T12:36:11.988751+00:00, run_after=2023-11-20T12:36:11.988751+00:00
[2023-11-20T15:36:12.011+0300] {processor.py:179} INFO - Processing /home/user/Masaüstü/kafka/.env/lib/python3.8/site-packages/airflow/example_dags/example_setup_teardown_taskflow.py took 0.067 seconds
