[2023-11-20T15:20:27.058+0300] {processor.py:157} INFO - Started process (PID=34612) to work on /home/user/Masaüstü/kafka/.env/lib/python3.8/site-packages/airflow/example_dags/example_sla_dag.py
[2023-11-20T15:20:27.059+0300] {processor.py:829} INFO - Processing file /home/user/Masaüstü/kafka/.env/lib/python3.8/site-packages/airflow/example_dags/example_sla_dag.py for tasks to queue
[2023-11-20T15:20:27.062+0300] {logging_mixin.py:154} INFO - [2023-11-20T15:20:27.061+0300] {dagbag.py:536} INFO - Filling up the DagBag from /home/user/Masaüstü/kafka/.env/lib/python3.8/site-packages/airflow/example_dags/example_sla_dag.py
[2023-11-20T15:20:27.080+0300] {processor.py:839} INFO - DAG(s) dict_keys(['example_sla_dag']) retrieved from /home/user/Masaüstü/kafka/.env/lib/python3.8/site-packages/airflow/example_dags/example_sla_dag.py
[2023-11-20T15:20:27.096+0300] {logging_mixin.py:154} INFO - [2023-11-20T15:20:27.096+0300] {dag.py:2941} INFO - Sync 1 DAGs
[2023-11-20T15:20:27.118+0300] {logging_mixin.py:154} INFO - [2023-11-20T15:20:27.118+0300] {dag.py:3722} INFO - Setting next_dagrun for example_sla_dag to 2023-11-20T12:18:00+00:00, run_after=2023-11-20T12:20:00+00:00
[2023-11-20T15:20:27.137+0300] {processor.py:179} INFO - Processing /home/user/Masaüstü/kafka/.env/lib/python3.8/site-packages/airflow/example_dags/example_sla_dag.py took 0.086 seconds
[2023-11-20T15:21:44.624+0300] {processor.py:157} INFO - Started process (PID=35988) to work on /home/user/Masaüstü/kafka/.env/lib/python3.8/site-packages/airflow/example_dags/example_sla_dag.py
[2023-11-20T15:21:44.628+0300] {processor.py:829} INFO - Processing file /home/user/Masaüstü/kafka/.env/lib/python3.8/site-packages/airflow/example_dags/example_sla_dag.py for tasks to queue
[2023-11-20T15:21:44.629+0300] {logging_mixin.py:154} INFO - [2023-11-20T15:21:44.629+0300] {dagbag.py:536} INFO - Filling up the DagBag from /home/user/Masaüstü/kafka/.env/lib/python3.8/site-packages/airflow/example_dags/example_sla_dag.py
[2023-11-20T15:21:44.636+0300] {processor.py:839} INFO - DAG(s) dict_keys(['example_sla_dag']) retrieved from /home/user/Masaüstü/kafka/.env/lib/python3.8/site-packages/airflow/example_dags/example_sla_dag.py
[2023-11-20T15:21:44.651+0300] {logging_mixin.py:154} INFO - [2023-11-20T15:21:44.651+0300] {dag.py:2941} INFO - Sync 1 DAGs
[2023-11-20T15:21:44.669+0300] {logging_mixin.py:154} INFO - [2023-11-20T15:21:44.669+0300] {dag.py:3722} INFO - Setting next_dagrun for example_sla_dag to 2023-11-20T12:18:00+00:00, run_after=2023-11-20T12:20:00+00:00
[2023-11-20T15:21:44.689+0300] {processor.py:179} INFO - Processing /home/user/Masaüstü/kafka/.env/lib/python3.8/site-packages/airflow/example_dags/example_sla_dag.py took 0.067 seconds
[2023-11-20T15:22:30.429+0300] {processor.py:157} INFO - Started process (PID=36433) to work on /home/user/Masaüstü/kafka/.env/lib/python3.8/site-packages/airflow/example_dags/example_sla_dag.py
[2023-11-20T15:22:30.433+0300] {processor.py:829} INFO - Processing file /home/user/Masaüstü/kafka/.env/lib/python3.8/site-packages/airflow/example_dags/example_sla_dag.py for tasks to queue
[2023-11-20T15:22:30.436+0300] {logging_mixin.py:154} INFO - [2023-11-20T15:22:30.434+0300] {dagbag.py:536} INFO - Filling up the DagBag from /home/user/Masaüstü/kafka/.env/lib/python3.8/site-packages/airflow/example_dags/example_sla_dag.py
[2023-11-20T15:22:30.450+0300] {processor.py:839} INFO - DAG(s) dict_keys(['example_sla_dag']) retrieved from /home/user/Masaüstü/kafka/.env/lib/python3.8/site-packages/airflow/example_dags/example_sla_dag.py
[2023-11-20T15:22:30.469+0300] {logging_mixin.py:154} INFO - [2023-11-20T15:22:30.469+0300] {dag.py:2941} INFO - Sync 1 DAGs
[2023-11-20T15:22:30.492+0300] {logging_mixin.py:154} INFO - [2023-11-20T15:22:30.492+0300] {dag.py:3722} INFO - Setting next_dagrun for example_sla_dag to 2023-11-20T12:20:00+00:00, run_after=2023-11-20T12:22:00+00:00
[2023-11-20T15:22:30.515+0300] {processor.py:179} INFO - Processing /home/user/Masaüstü/kafka/.env/lib/python3.8/site-packages/airflow/example_dags/example_sla_dag.py took 0.095 seconds
[2023-11-20T15:23:18.459+0300] {processor.py:157} INFO - Started process (PID=36866) to work on /home/user/Masaüstü/kafka/.env/lib/python3.8/site-packages/airflow/example_dags/example_sla_dag.py
[2023-11-20T15:23:18.461+0300] {processor.py:829} INFO - Processing file /home/user/Masaüstü/kafka/.env/lib/python3.8/site-packages/airflow/example_dags/example_sla_dag.py for tasks to queue
[2023-11-20T15:23:18.464+0300] {logging_mixin.py:154} INFO - [2023-11-20T15:23:18.462+0300] {dagbag.py:536} INFO - Filling up the DagBag from /home/user/Masaüstü/kafka/.env/lib/python3.8/site-packages/airflow/example_dags/example_sla_dag.py
[2023-11-20T15:23:18.488+0300] {processor.py:839} INFO - DAG(s) dict_keys(['example_sla_dag']) retrieved from /home/user/Masaüstü/kafka/.env/lib/python3.8/site-packages/airflow/example_dags/example_sla_dag.py
[2023-11-20T15:23:18.533+0300] {logging_mixin.py:154} INFO - [2023-11-20T15:23:18.533+0300] {dag.py:2941} INFO - Sync 1 DAGs
[2023-11-20T15:23:18.582+0300] {logging_mixin.py:154} INFO - [2023-11-20T15:23:18.582+0300] {dag.py:3722} INFO - Setting next_dagrun for example_sla_dag to 2023-11-20T12:20:00+00:00, run_after=2023-11-20T12:22:00+00:00
[2023-11-20T15:23:18.614+0300] {processor.py:179} INFO - Processing /home/user/Masaüstü/kafka/.env/lib/python3.8/site-packages/airflow/example_dags/example_sla_dag.py took 0.163 seconds
[2023-11-20T15:24:09.246+0300] {processor.py:157} INFO - Started process (PID=37383) to work on /home/user/Masaüstü/kafka/.env/lib/python3.8/site-packages/airflow/example_dags/example_sla_dag.py
[2023-11-20T15:24:09.248+0300] {processor.py:829} INFO - Processing file /home/user/Masaüstü/kafka/.env/lib/python3.8/site-packages/airflow/example_dags/example_sla_dag.py for tasks to queue
[2023-11-20T15:24:09.250+0300] {logging_mixin.py:154} INFO - [2023-11-20T15:24:09.249+0300] {dagbag.py:536} INFO - Filling up the DagBag from /home/user/Masaüstü/kafka/.env/lib/python3.8/site-packages/airflow/example_dags/example_sla_dag.py
[2023-11-20T15:24:09.266+0300] {processor.py:839} INFO - DAG(s) dict_keys(['example_sla_dag']) retrieved from /home/user/Masaüstü/kafka/.env/lib/python3.8/site-packages/airflow/example_dags/example_sla_dag.py
[2023-11-20T15:24:09.283+0300] {logging_mixin.py:154} INFO - [2023-11-20T15:24:09.283+0300] {dag.py:2941} INFO - Sync 1 DAGs
[2023-11-20T15:24:09.304+0300] {logging_mixin.py:154} INFO - [2023-11-20T15:24:09.304+0300] {dag.py:3722} INFO - Setting next_dagrun for example_sla_dag to 2023-11-20T12:22:00+00:00, run_after=2023-11-20T12:24:00+00:00
[2023-11-20T15:24:09.332+0300] {processor.py:179} INFO - Processing /home/user/Masaüstü/kafka/.env/lib/python3.8/site-packages/airflow/example_dags/example_sla_dag.py took 0.091 seconds
[2023-11-20T15:27:36.390+0300] {processor.py:157} INFO - Started process (PID=5047) to work on /home/user/Masaüstü/kafka/.env/lib/python3.8/site-packages/airflow/example_dags/example_sla_dag.py
[2023-11-20T15:27:36.393+0300] {processor.py:829} INFO - Processing file /home/user/Masaüstü/kafka/.env/lib/python3.8/site-packages/airflow/example_dags/example_sla_dag.py for tasks to queue
[2023-11-20T15:27:36.395+0300] {logging_mixin.py:154} INFO - [2023-11-20T15:27:36.394+0300] {dagbag.py:536} INFO - Filling up the DagBag from /home/user/Masaüstü/kafka/.env/lib/python3.8/site-packages/airflow/example_dags/example_sla_dag.py
[2023-11-20T15:27:36.410+0300] {processor.py:839} INFO - DAG(s) dict_keys(['example_sla_dag']) retrieved from /home/user/Masaüstü/kafka/.env/lib/python3.8/site-packages/airflow/example_dags/example_sla_dag.py
[2023-11-20T15:27:36.418+0300] {logging_mixin.py:154} INFO - [2023-11-20T15:27:36.418+0300] {dag.py:2941} INFO - Sync 1 DAGs
[2023-11-20T15:27:36.437+0300] {logging_mixin.py:154} INFO - [2023-11-20T15:27:36.437+0300] {dag.py:3722} INFO - Setting next_dagrun for example_sla_dag to 2023-11-20T12:24:00+00:00, run_after=2023-11-20T12:26:00+00:00
[2023-11-20T15:27:36.453+0300] {processor.py:179} INFO - Processing /home/user/Masaüstü/kafka/.env/lib/python3.8/site-packages/airflow/example_dags/example_sla_dag.py took 0.070 seconds
[2023-11-20T15:28:21.728+0300] {processor.py:157} INFO - Started process (PID=5352) to work on /home/user/Masaüstü/kafka/.env/lib/python3.8/site-packages/airflow/example_dags/example_sla_dag.py
[2023-11-20T15:28:21.729+0300] {processor.py:829} INFO - Processing file /home/user/Masaüstü/kafka/.env/lib/python3.8/site-packages/airflow/example_dags/example_sla_dag.py for tasks to queue
[2023-11-20T15:28:21.729+0300] {logging_mixin.py:154} INFO - [2023-11-20T15:28:21.729+0300] {dagbag.py:536} INFO - Filling up the DagBag from /home/user/Masaüstü/kafka/.env/lib/python3.8/site-packages/airflow/example_dags/example_sla_dag.py
[2023-11-20T15:28:21.735+0300] {processor.py:839} INFO - DAG(s) dict_keys(['example_sla_dag']) retrieved from /home/user/Masaüstü/kafka/.env/lib/python3.8/site-packages/airflow/example_dags/example_sla_dag.py
[2023-11-20T15:28:21.750+0300] {logging_mixin.py:154} INFO - [2023-11-20T15:28:21.750+0300] {dag.py:2941} INFO - Sync 1 DAGs
[2023-11-20T15:28:21.772+0300] {logging_mixin.py:154} INFO - [2023-11-20T15:28:21.772+0300] {dag.py:3722} INFO - Setting next_dagrun for example_sla_dag to 2023-11-20T12:26:00+00:00, run_after=2023-11-20T12:28:00+00:00
[2023-11-20T15:28:21.792+0300] {processor.py:179} INFO - Processing /home/user/Masaüstü/kafka/.env/lib/python3.8/site-packages/airflow/example_dags/example_sla_dag.py took 0.066 seconds
