[2023-11-20T15:20:23.354+0300] {processor.py:157} INFO - Started process (PID=34581) to work on /home/user/Masaüstü/kafka/.env/lib/python3.8/site-packages/airflow/example_dags/tutorial_taskflow_api_virtualenv.py
[2023-11-20T15:20:23.354+0300] {processor.py:829} INFO - Processing file /home/user/Masaüstü/kafka/.env/lib/python3.8/site-packages/airflow/example_dags/tutorial_taskflow_api_virtualenv.py for tasks to queue
[2023-11-20T15:20:23.355+0300] {logging_mixin.py:154} INFO - [2023-11-20T15:20:23.355+0300] {dagbag.py:536} INFO - Filling up the DagBag from /home/user/Masaüstü/kafka/.env/lib/python3.8/site-packages/airflow/example_dags/tutorial_taskflow_api_virtualenv.py
[2023-11-20T15:20:23.360+0300] {processor.py:839} INFO - DAG(s) dict_keys(['tutorial_taskflow_api_virtualenv']) retrieved from /home/user/Masaüstü/kafka/.env/lib/python3.8/site-packages/airflow/example_dags/tutorial_taskflow_api_virtualenv.py
[2023-11-20T15:20:23.373+0300] {logging_mixin.py:154} INFO - [2023-11-20T15:20:23.373+0300] {dag.py:2941} INFO - Sync 1 DAGs
[2023-11-20T15:20:23.387+0300] {logging_mixin.py:154} INFO - [2023-11-20T15:20:23.387+0300] {dag.py:3722} INFO - Setting next_dagrun for tutorial_taskflow_api_virtualenv to None, run_after=None
[2023-11-20T15:20:23.408+0300] {processor.py:179} INFO - Processing /home/user/Masaüstü/kafka/.env/lib/python3.8/site-packages/airflow/example_dags/tutorial_taskflow_api_virtualenv.py took 0.057 seconds
[2023-11-20T15:21:41.194+0300] {processor.py:157} INFO - Started process (PID=35969) to work on /home/user/Masaüstü/kafka/.env/lib/python3.8/site-packages/airflow/example_dags/tutorial_taskflow_api_virtualenv.py
[2023-11-20T15:21:41.198+0300] {processor.py:829} INFO - Processing file /home/user/Masaüstü/kafka/.env/lib/python3.8/site-packages/airflow/example_dags/tutorial_taskflow_api_virtualenv.py for tasks to queue
[2023-11-20T15:21:41.200+0300] {logging_mixin.py:154} INFO - [2023-11-20T15:21:41.199+0300] {dagbag.py:536} INFO - Filling up the DagBag from /home/user/Masaüstü/kafka/.env/lib/python3.8/site-packages/airflow/example_dags/tutorial_taskflow_api_virtualenv.py
[2023-11-20T15:21:41.216+0300] {processor.py:839} INFO - DAG(s) dict_keys(['tutorial_taskflow_api_virtualenv']) retrieved from /home/user/Masaüstü/kafka/.env/lib/python3.8/site-packages/airflow/example_dags/tutorial_taskflow_api_virtualenv.py
[2023-11-20T15:21:41.225+0300] {logging_mixin.py:154} INFO - [2023-11-20T15:21:41.225+0300] {dag.py:2941} INFO - Sync 1 DAGs
[2023-11-20T15:21:41.238+0300] {logging_mixin.py:154} INFO - [2023-11-20T15:21:41.238+0300] {dag.py:3722} INFO - Setting next_dagrun for tutorial_taskflow_api_virtualenv to None, run_after=None
[2023-11-20T15:21:41.256+0300] {processor.py:179} INFO - Processing /home/user/Masaüstü/kafka/.env/lib/python3.8/site-packages/airflow/example_dags/tutorial_taskflow_api_virtualenv.py took 0.069 seconds
[2023-11-20T15:22:26.725+0300] {processor.py:157} INFO - Started process (PID=36417) to work on /home/user/Masaüstü/kafka/.env/lib/python3.8/site-packages/airflow/example_dags/tutorial_taskflow_api_virtualenv.py
[2023-11-20T15:22:26.729+0300] {processor.py:829} INFO - Processing file /home/user/Masaüstü/kafka/.env/lib/python3.8/site-packages/airflow/example_dags/tutorial_taskflow_api_virtualenv.py for tasks to queue
[2023-11-20T15:22:26.732+0300] {logging_mixin.py:154} INFO - [2023-11-20T15:22:26.731+0300] {dagbag.py:536} INFO - Filling up the DagBag from /home/user/Masaüstü/kafka/.env/lib/python3.8/site-packages/airflow/example_dags/tutorial_taskflow_api_virtualenv.py
[2023-11-20T15:22:26.747+0300] {processor.py:839} INFO - DAG(s) dict_keys(['tutorial_taskflow_api_virtualenv']) retrieved from /home/user/Masaüstü/kafka/.env/lib/python3.8/site-packages/airflow/example_dags/tutorial_taskflow_api_virtualenv.py
[2023-11-20T15:22:26.763+0300] {logging_mixin.py:154} INFO - [2023-11-20T15:22:26.763+0300] {dag.py:2941} INFO - Sync 1 DAGs
[2023-11-20T15:22:26.774+0300] {logging_mixin.py:154} INFO - [2023-11-20T15:22:26.774+0300] {dag.py:3722} INFO - Setting next_dagrun for tutorial_taskflow_api_virtualenv to None, run_after=None
[2023-11-20T15:22:26.794+0300] {processor.py:179} INFO - Processing /home/user/Masaüstü/kafka/.env/lib/python3.8/site-packages/airflow/example_dags/tutorial_taskflow_api_virtualenv.py took 0.076 seconds
[2023-11-20T15:23:15.788+0300] {processor.py:157} INFO - Started process (PID=36691) to work on /home/user/Masaüstü/kafka/.env/lib/python3.8/site-packages/airflow/example_dags/tutorial_taskflow_api_virtualenv.py
[2023-11-20T15:23:15.789+0300] {processor.py:829} INFO - Processing file /home/user/Masaüstü/kafka/.env/lib/python3.8/site-packages/airflow/example_dags/tutorial_taskflow_api_virtualenv.py for tasks to queue
[2023-11-20T15:23:15.791+0300] {logging_mixin.py:154} INFO - [2023-11-20T15:23:15.790+0300] {dagbag.py:536} INFO - Filling up the DagBag from /home/user/Masaüstü/kafka/.env/lib/python3.8/site-packages/airflow/example_dags/tutorial_taskflow_api_virtualenv.py
[2023-11-20T15:23:15.800+0300] {processor.py:839} INFO - DAG(s) dict_keys(['tutorial_taskflow_api_virtualenv']) retrieved from /home/user/Masaüstü/kafka/.env/lib/python3.8/site-packages/airflow/example_dags/tutorial_taskflow_api_virtualenv.py
[2023-11-20T15:23:15.819+0300] {logging_mixin.py:154} INFO - [2023-11-20T15:23:15.819+0300] {dag.py:2941} INFO - Sync 1 DAGs
[2023-11-20T15:23:15.831+0300] {logging_mixin.py:154} INFO - [2023-11-20T15:23:15.830+0300] {dag.py:3722} INFO - Setting next_dagrun for tutorial_taskflow_api_virtualenv to None, run_after=None
[2023-11-20T15:23:15.853+0300] {processor.py:179} INFO - Processing /home/user/Masaüstü/kafka/.env/lib/python3.8/site-packages/airflow/example_dags/tutorial_taskflow_api_virtualenv.py took 0.071 seconds
[2023-11-20T15:24:06.129+0300] {processor.py:157} INFO - Started process (PID=37351) to work on /home/user/Masaüstü/kafka/.env/lib/python3.8/site-packages/airflow/example_dags/tutorial_taskflow_api_virtualenv.py
[2023-11-20T15:24:06.130+0300] {processor.py:829} INFO - Processing file /home/user/Masaüstü/kafka/.env/lib/python3.8/site-packages/airflow/example_dags/tutorial_taskflow_api_virtualenv.py for tasks to queue
[2023-11-20T15:24:06.134+0300] {logging_mixin.py:154} INFO - [2023-11-20T15:24:06.132+0300] {dagbag.py:536} INFO - Filling up the DagBag from /home/user/Masaüstü/kafka/.env/lib/python3.8/site-packages/airflow/example_dags/tutorial_taskflow_api_virtualenv.py
[2023-11-20T15:24:06.147+0300] {processor.py:839} INFO - DAG(s) dict_keys(['tutorial_taskflow_api_virtualenv']) retrieved from /home/user/Masaüstü/kafka/.env/lib/python3.8/site-packages/airflow/example_dags/tutorial_taskflow_api_virtualenv.py
[2023-11-20T15:24:06.180+0300] {logging_mixin.py:154} INFO - [2023-11-20T15:24:06.179+0300] {dag.py:2941} INFO - Sync 1 DAGs
[2023-11-20T15:24:06.200+0300] {logging_mixin.py:154} INFO - [2023-11-20T15:24:06.199+0300] {dag.py:3722} INFO - Setting next_dagrun for tutorial_taskflow_api_virtualenv to None, run_after=None
[2023-11-20T15:24:06.244+0300] {processor.py:179} INFO - Processing /home/user/Masaüstü/kafka/.env/lib/python3.8/site-packages/airflow/example_dags/tutorial_taskflow_api_virtualenv.py took 0.121 seconds
[2023-11-20T15:27:33.522+0300] {processor.py:157} INFO - Started process (PID=5032) to work on /home/user/Masaüstü/kafka/.env/lib/python3.8/site-packages/airflow/example_dags/tutorial_taskflow_api_virtualenv.py
[2023-11-20T15:27:33.524+0300] {processor.py:829} INFO - Processing file /home/user/Masaüstü/kafka/.env/lib/python3.8/site-packages/airflow/example_dags/tutorial_taskflow_api_virtualenv.py for tasks to queue
[2023-11-20T15:27:33.524+0300] {logging_mixin.py:154} INFO - [2023-11-20T15:27:33.524+0300] {dagbag.py:536} INFO - Filling up the DagBag from /home/user/Masaüstü/kafka/.env/lib/python3.8/site-packages/airflow/example_dags/tutorial_taskflow_api_virtualenv.py
[2023-11-20T15:27:33.530+0300] {processor.py:839} INFO - DAG(s) dict_keys(['tutorial_taskflow_api_virtualenv']) retrieved from /home/user/Masaüstü/kafka/.env/lib/python3.8/site-packages/airflow/example_dags/tutorial_taskflow_api_virtualenv.py
[2023-11-20T15:27:33.536+0300] {logging_mixin.py:154} INFO - [2023-11-20T15:27:33.536+0300] {dag.py:2941} INFO - Sync 1 DAGs
[2023-11-20T15:27:33.547+0300] {logging_mixin.py:154} INFO - [2023-11-20T15:27:33.547+0300] {dag.py:3722} INFO - Setting next_dagrun for tutorial_taskflow_api_virtualenv to None, run_after=None
[2023-11-20T15:27:33.566+0300] {processor.py:179} INFO - Processing /home/user/Masaüstü/kafka/.env/lib/python3.8/site-packages/airflow/example_dags/tutorial_taskflow_api_virtualenv.py took 0.047 seconds
[2023-11-20T15:28:19.026+0300] {processor.py:157} INFO - Started process (PID=5337) to work on /home/user/Masaüstü/kafka/.env/lib/python3.8/site-packages/airflow/example_dags/tutorial_taskflow_api_virtualenv.py
[2023-11-20T15:28:19.028+0300] {processor.py:829} INFO - Processing file /home/user/Masaüstü/kafka/.env/lib/python3.8/site-packages/airflow/example_dags/tutorial_taskflow_api_virtualenv.py for tasks to queue
[2023-11-20T15:28:19.029+0300] {logging_mixin.py:154} INFO - [2023-11-20T15:28:19.029+0300] {dagbag.py:536} INFO - Filling up the DagBag from /home/user/Masaüstü/kafka/.env/lib/python3.8/site-packages/airflow/example_dags/tutorial_taskflow_api_virtualenv.py
[2023-11-20T15:28:19.034+0300] {processor.py:839} INFO - DAG(s) dict_keys(['tutorial_taskflow_api_virtualenv']) retrieved from /home/user/Masaüstü/kafka/.env/lib/python3.8/site-packages/airflow/example_dags/tutorial_taskflow_api_virtualenv.py
[2023-11-20T15:28:19.046+0300] {logging_mixin.py:154} INFO - [2023-11-20T15:28:19.046+0300] {dag.py:2941} INFO - Sync 1 DAGs
[2023-11-20T15:28:19.056+0300] {logging_mixin.py:154} INFO - [2023-11-20T15:28:19.056+0300] {dag.py:3722} INFO - Setting next_dagrun for tutorial_taskflow_api_virtualenv to None, run_after=None
[2023-11-20T15:28:19.079+0300] {processor.py:179} INFO - Processing /home/user/Masaüstü/kafka/.env/lib/python3.8/site-packages/airflow/example_dags/tutorial_taskflow_api_virtualenv.py took 0.054 seconds
