[2023-11-21T09:51:30.907+0300] {processor.py:156} INFO - Started process (PID=23594) to work on /home/user/Masaüstü/kafka/.env/lib/python3.8/site-packages/airflow/example_dags/plugins/workday.py
[2023-11-21T09:51:30.908+0300] {processor.py:758} INFO - Processing file /home/user/Masaüstü/kafka/.env/lib/python3.8/site-packages/airflow/example_dags/plugins/workday.py for tasks to queue
[2023-11-21T09:51:30.909+0300] {logging_mixin.py:117} INFO - [2023-11-21T09:51:30.909+0300] {dagbag.py:525} INFO - Filling up the DagBag from /home/user/Masaüstü/kafka/.env/lib/python3.8/site-packages/airflow/example_dags/plugins/workday.py
[2023-11-21T09:51:30.911+0300] {processor.py:770} WARNING - No viable dags retrieved from /home/user/Masaüstü/kafka/.env/lib/python3.8/site-packages/airflow/example_dags/plugins/workday.py
[2023-11-21T09:51:30.923+0300] {processor.py:178} INFO - Processing /home/user/Masaüstü/kafka/.env/lib/python3.8/site-packages/airflow/example_dags/plugins/workday.py took 0.019 seconds
[2023-11-21T09:52:10.063+0300] {processor.py:156} INFO - Started process (PID=24000) to work on /home/user/Masaüstü/kafka/.env/lib/python3.8/site-packages/airflow/example_dags/plugins/workday.py
[2023-11-21T09:52:10.067+0300] {processor.py:758} INFO - Processing file /home/user/Masaüstü/kafka/.env/lib/python3.8/site-packages/airflow/example_dags/plugins/workday.py for tasks to queue
[2023-11-21T09:52:10.068+0300] {logging_mixin.py:117} INFO - [2023-11-21T09:52:10.068+0300] {dagbag.py:525} INFO - Filling up the DagBag from /home/user/Masaüstü/kafka/.env/lib/python3.8/site-packages/airflow/example_dags/plugins/workday.py
[2023-11-21T09:52:10.073+0300] {processor.py:770} WARNING - No viable dags retrieved from /home/user/Masaüstü/kafka/.env/lib/python3.8/site-packages/airflow/example_dags/plugins/workday.py
[2023-11-21T09:52:10.089+0300] {processor.py:178} INFO - Processing /home/user/Masaüstü/kafka/.env/lib/python3.8/site-packages/airflow/example_dags/plugins/workday.py took 0.032 seconds
[2023-11-21T09:52:47.255+0300] {processor.py:156} INFO - Started process (PID=24444) to work on /home/user/Masaüstü/kafka/.env/lib/python3.8/site-packages/airflow/example_dags/plugins/workday.py
[2023-11-21T09:52:47.258+0300] {processor.py:758} INFO - Processing file /home/user/Masaüstü/kafka/.env/lib/python3.8/site-packages/airflow/example_dags/plugins/workday.py for tasks to queue
[2023-11-21T09:52:47.259+0300] {logging_mixin.py:117} INFO - [2023-11-21T09:52:47.259+0300] {dagbag.py:525} INFO - Filling up the DagBag from /home/user/Masaüstü/kafka/.env/lib/python3.8/site-packages/airflow/example_dags/plugins/workday.py
[2023-11-21T09:52:47.262+0300] {processor.py:770} WARNING - No viable dags retrieved from /home/user/Masaüstü/kafka/.env/lib/python3.8/site-packages/airflow/example_dags/plugins/workday.py
[2023-11-21T09:52:47.281+0300] {processor.py:178} INFO - Processing /home/user/Masaüstü/kafka/.env/lib/python3.8/site-packages/airflow/example_dags/plugins/workday.py took 0.030 seconds
[2023-11-21T09:53:25.234+0300] {processor.py:156} INFO - Started process (PID=24707) to work on /home/user/Masaüstü/kafka/.env/lib/python3.8/site-packages/airflow/example_dags/plugins/workday.py
[2023-11-21T09:53:25.236+0300] {processor.py:758} INFO - Processing file /home/user/Masaüstü/kafka/.env/lib/python3.8/site-packages/airflow/example_dags/plugins/workday.py for tasks to queue
[2023-11-21T09:53:25.237+0300] {logging_mixin.py:117} INFO - [2023-11-21T09:53:25.237+0300] {dagbag.py:525} INFO - Filling up the DagBag from /home/user/Masaüstü/kafka/.env/lib/python3.8/site-packages/airflow/example_dags/plugins/workday.py
[2023-11-21T09:53:25.238+0300] {processor.py:770} WARNING - No viable dags retrieved from /home/user/Masaüstü/kafka/.env/lib/python3.8/site-packages/airflow/example_dags/plugins/workday.py
[2023-11-21T09:53:25.246+0300] {processor.py:178} INFO - Processing /home/user/Masaüstü/kafka/.env/lib/python3.8/site-packages/airflow/example_dags/plugins/workday.py took 0.013 seconds
[2023-11-21T09:54:03.254+0300] {processor.py:156} INFO - Started process (PID=24948) to work on /home/user/Masaüstü/kafka/.env/lib/python3.8/site-packages/airflow/example_dags/plugins/workday.py
[2023-11-21T09:54:03.257+0300] {processor.py:758} INFO - Processing file /home/user/Masaüstü/kafka/.env/lib/python3.8/site-packages/airflow/example_dags/plugins/workday.py for tasks to queue
[2023-11-21T09:54:03.259+0300] {logging_mixin.py:117} INFO - [2023-11-21T09:54:03.259+0300] {dagbag.py:525} INFO - Filling up the DagBag from /home/user/Masaüstü/kafka/.env/lib/python3.8/site-packages/airflow/example_dags/plugins/workday.py
[2023-11-21T09:54:03.263+0300] {processor.py:770} WARNING - No viable dags retrieved from /home/user/Masaüstü/kafka/.env/lib/python3.8/site-packages/airflow/example_dags/plugins/workday.py
[2023-11-21T09:54:03.279+0300] {processor.py:178} INFO - Processing /home/user/Masaüstü/kafka/.env/lib/python3.8/site-packages/airflow/example_dags/plugins/workday.py took 0.032 seconds
[2023-11-21T09:54:38.441+0300] {processor.py:156} INFO - Started process (PID=25167) to work on /home/user/Masaüstü/kafka/.env/lib/python3.8/site-packages/airflow/example_dags/plugins/workday.py
[2023-11-21T09:54:38.443+0300] {processor.py:758} INFO - Processing file /home/user/Masaüstü/kafka/.env/lib/python3.8/site-packages/airflow/example_dags/plugins/workday.py for tasks to queue
[2023-11-21T09:54:38.443+0300] {logging_mixin.py:117} INFO - [2023-11-21T09:54:38.443+0300] {dagbag.py:525} INFO - Filling up the DagBag from /home/user/Masaüstü/kafka/.env/lib/python3.8/site-packages/airflow/example_dags/plugins/workday.py
[2023-11-21T09:54:38.445+0300] {processor.py:770} WARNING - No viable dags retrieved from /home/user/Masaüstü/kafka/.env/lib/python3.8/site-packages/airflow/example_dags/plugins/workday.py
[2023-11-21T09:54:38.453+0300] {processor.py:178} INFO - Processing /home/user/Masaüstü/kafka/.env/lib/python3.8/site-packages/airflow/example_dags/plugins/workday.py took 0.015 seconds
[2023-11-21T09:55:15.160+0300] {processor.py:156} INFO - Started process (PID=25399) to work on /home/user/Masaüstü/kafka/.env/lib/python3.8/site-packages/airflow/example_dags/plugins/workday.py
[2023-11-21T09:55:15.162+0300] {processor.py:758} INFO - Processing file /home/user/Masaüstü/kafka/.env/lib/python3.8/site-packages/airflow/example_dags/plugins/workday.py for tasks to queue
[2023-11-21T09:55:15.162+0300] {logging_mixin.py:117} INFO - [2023-11-21T09:55:15.162+0300] {dagbag.py:525} INFO - Filling up the DagBag from /home/user/Masaüstü/kafka/.env/lib/python3.8/site-packages/airflow/example_dags/plugins/workday.py
[2023-11-21T09:55:15.164+0300] {processor.py:770} WARNING - No viable dags retrieved from /home/user/Masaüstü/kafka/.env/lib/python3.8/site-packages/airflow/example_dags/plugins/workday.py
[2023-11-21T09:55:15.172+0300] {processor.py:178} INFO - Processing /home/user/Masaüstü/kafka/.env/lib/python3.8/site-packages/airflow/example_dags/plugins/workday.py took 0.014 seconds
[2023-11-21T09:55:53.242+0300] {processor.py:156} INFO - Started process (PID=25707) to work on /home/user/Masaüstü/kafka/.env/lib/python3.8/site-packages/airflow/example_dags/plugins/workday.py
[2023-11-21T09:55:53.244+0300] {processor.py:758} INFO - Processing file /home/user/Masaüstü/kafka/.env/lib/python3.8/site-packages/airflow/example_dags/plugins/workday.py for tasks to queue
[2023-11-21T09:55:53.245+0300] {logging_mixin.py:117} INFO - [2023-11-21T09:55:53.245+0300] {dagbag.py:525} INFO - Filling up the DagBag from /home/user/Masaüstü/kafka/.env/lib/python3.8/site-packages/airflow/example_dags/plugins/workday.py
[2023-11-21T09:55:53.247+0300] {processor.py:770} WARNING - No viable dags retrieved from /home/user/Masaüstü/kafka/.env/lib/python3.8/site-packages/airflow/example_dags/plugins/workday.py
[2023-11-21T09:55:53.255+0300] {processor.py:178} INFO - Processing /home/user/Masaüstü/kafka/.env/lib/python3.8/site-packages/airflow/example_dags/plugins/workday.py took 0.017 seconds
[2023-11-21T09:56:29.884+0300] {processor.py:156} INFO - Started process (PID=25977) to work on /home/user/Masaüstü/kafka/.env/lib/python3.8/site-packages/airflow/example_dags/plugins/workday.py
[2023-11-21T09:56:29.887+0300] {processor.py:758} INFO - Processing file /home/user/Masaüstü/kafka/.env/lib/python3.8/site-packages/airflow/example_dags/plugins/workday.py for tasks to queue
[2023-11-21T09:56:29.889+0300] {logging_mixin.py:117} INFO - [2023-11-21T09:56:29.888+0300] {dagbag.py:525} INFO - Filling up the DagBag from /home/user/Masaüstü/kafka/.env/lib/python3.8/site-packages/airflow/example_dags/plugins/workday.py
[2023-11-21T09:56:29.893+0300] {processor.py:770} WARNING - No viable dags retrieved from /home/user/Masaüstü/kafka/.env/lib/python3.8/site-packages/airflow/example_dags/plugins/workday.py
[2023-11-21T09:56:29.909+0300] {processor.py:178} INFO - Processing /home/user/Masaüstü/kafka/.env/lib/python3.8/site-packages/airflow/example_dags/plugins/workday.py took 0.032 seconds
[2023-11-21T09:57:07.213+0300] {processor.py:156} INFO - Started process (PID=26210) to work on /home/user/Masaüstü/kafka/.env/lib/python3.8/site-packages/airflow/example_dags/plugins/workday.py
[2023-11-21T09:57:07.216+0300] {processor.py:758} INFO - Processing file /home/user/Masaüstü/kafka/.env/lib/python3.8/site-packages/airflow/example_dags/plugins/workday.py for tasks to queue
[2023-11-21T09:57:07.216+0300] {logging_mixin.py:117} INFO - [2023-11-21T09:57:07.216+0300] {dagbag.py:525} INFO - Filling up the DagBag from /home/user/Masaüstü/kafka/.env/lib/python3.8/site-packages/airflow/example_dags/plugins/workday.py
[2023-11-21T09:57:07.218+0300] {processor.py:770} WARNING - No viable dags retrieved from /home/user/Masaüstü/kafka/.env/lib/python3.8/site-packages/airflow/example_dags/plugins/workday.py
[2023-11-21T09:57:07.227+0300] {processor.py:178} INFO - Processing /home/user/Masaüstü/kafka/.env/lib/python3.8/site-packages/airflow/example_dags/plugins/workday.py took 0.016 seconds
[2023-11-21T09:57:44.734+0300] {processor.py:156} INFO - Started process (PID=26448) to work on /home/user/Masaüstü/kafka/.env/lib/python3.8/site-packages/airflow/example_dags/plugins/workday.py
[2023-11-21T09:57:44.737+0300] {processor.py:758} INFO - Processing file /home/user/Masaüstü/kafka/.env/lib/python3.8/site-packages/airflow/example_dags/plugins/workday.py for tasks to queue
[2023-11-21T09:57:44.739+0300] {logging_mixin.py:117} INFO - [2023-11-21T09:57:44.739+0300] {dagbag.py:525} INFO - Filling up the DagBag from /home/user/Masaüstü/kafka/.env/lib/python3.8/site-packages/airflow/example_dags/plugins/workday.py
[2023-11-21T09:57:44.743+0300] {processor.py:770} WARNING - No viable dags retrieved from /home/user/Masaüstü/kafka/.env/lib/python3.8/site-packages/airflow/example_dags/plugins/workday.py
[2023-11-21T09:57:44.758+0300] {processor.py:178} INFO - Processing /home/user/Masaüstü/kafka/.env/lib/python3.8/site-packages/airflow/example_dags/plugins/workday.py took 0.031 seconds
[2023-11-21T09:58:20.979+0300] {processor.py:156} INFO - Started process (PID=26810) to work on /home/user/Masaüstü/kafka/.env/lib/python3.8/site-packages/airflow/example_dags/plugins/workday.py
[2023-11-21T09:58:20.980+0300] {processor.py:758} INFO - Processing file /home/user/Masaüstü/kafka/.env/lib/python3.8/site-packages/airflow/example_dags/plugins/workday.py for tasks to queue
[2023-11-21T09:58:20.981+0300] {logging_mixin.py:117} INFO - [2023-11-21T09:58:20.981+0300] {dagbag.py:525} INFO - Filling up the DagBag from /home/user/Masaüstü/kafka/.env/lib/python3.8/site-packages/airflow/example_dags/plugins/workday.py
[2023-11-21T09:58:20.983+0300] {processor.py:770} WARNING - No viable dags retrieved from /home/user/Masaüstü/kafka/.env/lib/python3.8/site-packages/airflow/example_dags/plugins/workday.py
[2023-11-21T09:58:21.004+0300] {processor.py:178} INFO - Processing /home/user/Masaüstü/kafka/.env/lib/python3.8/site-packages/airflow/example_dags/plugins/workday.py took 0.031 seconds
[2023-11-21T09:58:59.000+0300] {processor.py:156} INFO - Started process (PID=27264) to work on /home/user/Masaüstü/kafka/.env/lib/python3.8/site-packages/airflow/example_dags/plugins/workday.py
[2023-11-21T09:58:59.003+0300] {processor.py:758} INFO - Processing file /home/user/Masaüstü/kafka/.env/lib/python3.8/site-packages/airflow/example_dags/plugins/workday.py for tasks to queue
[2023-11-21T09:58:59.005+0300] {logging_mixin.py:117} INFO - [2023-11-21T09:58:59.005+0300] {dagbag.py:525} INFO - Filling up the DagBag from /home/user/Masaüstü/kafka/.env/lib/python3.8/site-packages/airflow/example_dags/plugins/workday.py
[2023-11-21T09:58:59.009+0300] {processor.py:770} WARNING - No viable dags retrieved from /home/user/Masaüstü/kafka/.env/lib/python3.8/site-packages/airflow/example_dags/plugins/workday.py
[2023-11-21T09:58:59.025+0300] {processor.py:178} INFO - Processing /home/user/Masaüstü/kafka/.env/lib/python3.8/site-packages/airflow/example_dags/plugins/workday.py took 0.032 seconds
[2023-11-21T09:59:34.265+0300] {processor.py:156} INFO - Started process (PID=27512) to work on /home/user/Masaüstü/kafka/.env/lib/python3.8/site-packages/airflow/example_dags/plugins/workday.py
[2023-11-21T09:59:34.268+0300] {processor.py:758} INFO - Processing file /home/user/Masaüstü/kafka/.env/lib/python3.8/site-packages/airflow/example_dags/plugins/workday.py for tasks to queue
[2023-11-21T09:59:34.269+0300] {logging_mixin.py:117} INFO - [2023-11-21T09:59:34.269+0300] {dagbag.py:525} INFO - Filling up the DagBag from /home/user/Masaüstü/kafka/.env/lib/python3.8/site-packages/airflow/example_dags/plugins/workday.py
[2023-11-21T09:59:34.271+0300] {processor.py:770} WARNING - No viable dags retrieved from /home/user/Masaüstü/kafka/.env/lib/python3.8/site-packages/airflow/example_dags/plugins/workday.py
[2023-11-21T09:59:34.284+0300] {processor.py:178} INFO - Processing /home/user/Masaüstü/kafka/.env/lib/python3.8/site-packages/airflow/example_dags/plugins/workday.py took 0.023 seconds
[2023-11-21T10:00:10.566+0300] {processor.py:156} INFO - Started process (PID=27737) to work on /home/user/Masaüstü/kafka/.env/lib/python3.8/site-packages/airflow/example_dags/plugins/workday.py
[2023-11-21T10:00:10.568+0300] {processor.py:758} INFO - Processing file /home/user/Masaüstü/kafka/.env/lib/python3.8/site-packages/airflow/example_dags/plugins/workday.py for tasks to queue
[2023-11-21T10:00:10.569+0300] {logging_mixin.py:117} INFO - [2023-11-21T10:00:10.569+0300] {dagbag.py:525} INFO - Filling up the DagBag from /home/user/Masaüstü/kafka/.env/lib/python3.8/site-packages/airflow/example_dags/plugins/workday.py
[2023-11-21T10:00:10.575+0300] {processor.py:770} WARNING - No viable dags retrieved from /home/user/Masaüstü/kafka/.env/lib/python3.8/site-packages/airflow/example_dags/plugins/workday.py
[2023-11-21T10:00:10.590+0300] {processor.py:178} INFO - Processing /home/user/Masaüstü/kafka/.env/lib/python3.8/site-packages/airflow/example_dags/plugins/workday.py took 0.030 seconds
[2023-11-21T10:00:45.502+0300] {processor.py:156} INFO - Started process (PID=27953) to work on /home/user/Masaüstü/kafka/.env/lib/python3.8/site-packages/airflow/example_dags/plugins/workday.py
[2023-11-21T10:00:45.504+0300] {processor.py:758} INFO - Processing file /home/user/Masaüstü/kafka/.env/lib/python3.8/site-packages/airflow/example_dags/plugins/workday.py for tasks to queue
[2023-11-21T10:00:45.505+0300] {logging_mixin.py:117} INFO - [2023-11-21T10:00:45.505+0300] {dagbag.py:525} INFO - Filling up the DagBag from /home/user/Masaüstü/kafka/.env/lib/python3.8/site-packages/airflow/example_dags/plugins/workday.py
[2023-11-21T10:00:45.507+0300] {processor.py:770} WARNING - No viable dags retrieved from /home/user/Masaüstü/kafka/.env/lib/python3.8/site-packages/airflow/example_dags/plugins/workday.py
[2023-11-21T10:00:45.518+0300] {processor.py:178} INFO - Processing /home/user/Masaüstü/kafka/.env/lib/python3.8/site-packages/airflow/example_dags/plugins/workday.py took 0.019 seconds
[2023-11-21T10:01:21.893+0300] {processor.py:156} INFO - Started process (PID=28181) to work on /home/user/Masaüstü/kafka/.env/lib/python3.8/site-packages/airflow/example_dags/plugins/workday.py
[2023-11-21T10:01:21.895+0300] {processor.py:758} INFO - Processing file /home/user/Masaüstü/kafka/.env/lib/python3.8/site-packages/airflow/example_dags/plugins/workday.py for tasks to queue
[2023-11-21T10:01:21.895+0300] {logging_mixin.py:117} INFO - [2023-11-21T10:01:21.895+0300] {dagbag.py:525} INFO - Filling up the DagBag from /home/user/Masaüstü/kafka/.env/lib/python3.8/site-packages/airflow/example_dags/plugins/workday.py
[2023-11-21T10:01:21.897+0300] {processor.py:770} WARNING - No viable dags retrieved from /home/user/Masaüstü/kafka/.env/lib/python3.8/site-packages/airflow/example_dags/plugins/workday.py
[2023-11-21T10:01:21.906+0300] {processor.py:178} INFO - Processing /home/user/Masaüstü/kafka/.env/lib/python3.8/site-packages/airflow/example_dags/plugins/workday.py took 0.016 seconds
[2023-11-21T10:01:56.976+0300] {processor.py:156} INFO - Started process (PID=28460) to work on /home/user/Masaüstü/kafka/.env/lib/python3.8/site-packages/airflow/example_dags/plugins/workday.py
[2023-11-21T10:01:56.978+0300] {processor.py:758} INFO - Processing file /home/user/Masaüstü/kafka/.env/lib/python3.8/site-packages/airflow/example_dags/plugins/workday.py for tasks to queue
[2023-11-21T10:01:56.979+0300] {logging_mixin.py:117} INFO - [2023-11-21T10:01:56.978+0300] {dagbag.py:525} INFO - Filling up the DagBag from /home/user/Masaüstü/kafka/.env/lib/python3.8/site-packages/airflow/example_dags/plugins/workday.py
[2023-11-21T10:01:56.980+0300] {processor.py:770} WARNING - No viable dags retrieved from /home/user/Masaüstü/kafka/.env/lib/python3.8/site-packages/airflow/example_dags/plugins/workday.py
[2023-11-21T10:01:56.986+0300] {processor.py:178} INFO - Processing /home/user/Masaüstü/kafka/.env/lib/python3.8/site-packages/airflow/example_dags/plugins/workday.py took 0.012 seconds
[2023-11-21T10:02:33.415+0300] {processor.py:156} INFO - Started process (PID=28673) to work on /home/user/Masaüstü/kafka/.env/lib/python3.8/site-packages/airflow/example_dags/plugins/workday.py
[2023-11-21T10:02:33.417+0300] {processor.py:758} INFO - Processing file /home/user/Masaüstü/kafka/.env/lib/python3.8/site-packages/airflow/example_dags/plugins/workday.py for tasks to queue
[2023-11-21T10:02:33.417+0300] {logging_mixin.py:117} INFO - [2023-11-21T10:02:33.417+0300] {dagbag.py:525} INFO - Filling up the DagBag from /home/user/Masaüstü/kafka/.env/lib/python3.8/site-packages/airflow/example_dags/plugins/workday.py
[2023-11-21T10:02:33.418+0300] {processor.py:770} WARNING - No viable dags retrieved from /home/user/Masaüstü/kafka/.env/lib/python3.8/site-packages/airflow/example_dags/plugins/workday.py
[2023-11-21T10:02:33.424+0300] {processor.py:178} INFO - Processing /home/user/Masaüstü/kafka/.env/lib/python3.8/site-packages/airflow/example_dags/plugins/workday.py took 0.012 seconds
[2023-11-21T10:05:02.833+0300] {processor.py:156} INFO - Started process (PID=29984) to work on /home/user/Masaüstü/kafka/.env/lib/python3.8/site-packages/airflow/example_dags/plugins/workday.py
[2023-11-21T10:05:02.834+0300] {processor.py:758} INFO - Processing file /home/user/Masaüstü/kafka/.env/lib/python3.8/site-packages/airflow/example_dags/plugins/workday.py for tasks to queue
[2023-11-21T10:05:02.835+0300] {logging_mixin.py:117} INFO - [2023-11-21T10:05:02.835+0300] {dagbag.py:525} INFO - Filling up the DagBag from /home/user/Masaüstü/kafka/.env/lib/python3.8/site-packages/airflow/example_dags/plugins/workday.py
[2023-11-21T10:05:02.836+0300] {processor.py:770} WARNING - No viable dags retrieved from /home/user/Masaüstü/kafka/.env/lib/python3.8/site-packages/airflow/example_dags/plugins/workday.py
[2023-11-21T10:05:02.845+0300] {processor.py:178} INFO - Processing /home/user/Masaüstü/kafka/.env/lib/python3.8/site-packages/airflow/example_dags/plugins/workday.py took 0.014 seconds
[2023-11-21T10:05:41.686+0300] {processor.py:156} INFO - Started process (PID=30370) to work on /home/user/Masaüstü/kafka/.env/lib/python3.8/site-packages/airflow/example_dags/plugins/workday.py
[2023-11-21T10:05:41.688+0300] {processor.py:758} INFO - Processing file /home/user/Masaüstü/kafka/.env/lib/python3.8/site-packages/airflow/example_dags/plugins/workday.py for tasks to queue
[2023-11-21T10:05:41.689+0300] {logging_mixin.py:117} INFO - [2023-11-21T10:05:41.688+0300] {dagbag.py:525} INFO - Filling up the DagBag from /home/user/Masaüstü/kafka/.env/lib/python3.8/site-packages/airflow/example_dags/plugins/workday.py
[2023-11-21T10:05:41.691+0300] {processor.py:770} WARNING - No viable dags retrieved from /home/user/Masaüstü/kafka/.env/lib/python3.8/site-packages/airflow/example_dags/plugins/workday.py
[2023-11-21T10:05:41.700+0300] {processor.py:178} INFO - Processing /home/user/Masaüstü/kafka/.env/lib/python3.8/site-packages/airflow/example_dags/plugins/workday.py took 0.017 seconds
[2023-11-21T10:06:20.274+0300] {processor.py:156} INFO - Started process (PID=30637) to work on /home/user/Masaüstü/kafka/.env/lib/python3.8/site-packages/airflow/example_dags/plugins/workday.py
[2023-11-21T10:06:20.276+0300] {processor.py:758} INFO - Processing file /home/user/Masaüstü/kafka/.env/lib/python3.8/site-packages/airflow/example_dags/plugins/workday.py for tasks to queue
[2023-11-21T10:06:20.277+0300] {logging_mixin.py:117} INFO - [2023-11-21T10:06:20.277+0300] {dagbag.py:525} INFO - Filling up the DagBag from /home/user/Masaüstü/kafka/.env/lib/python3.8/site-packages/airflow/example_dags/plugins/workday.py
[2023-11-21T10:06:20.278+0300] {processor.py:770} WARNING - No viable dags retrieved from /home/user/Masaüstü/kafka/.env/lib/python3.8/site-packages/airflow/example_dags/plugins/workday.py
[2023-11-21T10:06:20.291+0300] {processor.py:178} INFO - Processing /home/user/Masaüstü/kafka/.env/lib/python3.8/site-packages/airflow/example_dags/plugins/workday.py took 0.021 seconds
[2023-11-21T10:06:56.565+0300] {processor.py:156} INFO - Started process (PID=30893) to work on /home/user/Masaüstü/kafka/.env/lib/python3.8/site-packages/airflow/example_dags/plugins/workday.py
[2023-11-21T10:06:56.567+0300] {processor.py:758} INFO - Processing file /home/user/Masaüstü/kafka/.env/lib/python3.8/site-packages/airflow/example_dags/plugins/workday.py for tasks to queue
[2023-11-21T10:06:56.567+0300] {logging_mixin.py:117} INFO - [2023-11-21T10:06:56.567+0300] {dagbag.py:525} INFO - Filling up the DagBag from /home/user/Masaüstü/kafka/.env/lib/python3.8/site-packages/airflow/example_dags/plugins/workday.py
[2023-11-21T10:06:56.568+0300] {processor.py:770} WARNING - No viable dags retrieved from /home/user/Masaüstü/kafka/.env/lib/python3.8/site-packages/airflow/example_dags/plugins/workday.py
[2023-11-21T10:06:56.576+0300] {processor.py:178} INFO - Processing /home/user/Masaüstü/kafka/.env/lib/python3.8/site-packages/airflow/example_dags/plugins/workday.py took 0.012 seconds
[2023-11-21T10:07:35.096+0300] {processor.py:156} INFO - Started process (PID=31130) to work on /home/user/Masaüstü/kafka/.env/lib/python3.8/site-packages/airflow/example_dags/plugins/workday.py
[2023-11-21T10:07:35.099+0300] {processor.py:758} INFO - Processing file /home/user/Masaüstü/kafka/.env/lib/python3.8/site-packages/airflow/example_dags/plugins/workday.py for tasks to queue
[2023-11-21T10:07:35.101+0300] {logging_mixin.py:117} INFO - [2023-11-21T10:07:35.100+0300] {dagbag.py:525} INFO - Filling up the DagBag from /home/user/Masaüstü/kafka/.env/lib/python3.8/site-packages/airflow/example_dags/plugins/workday.py
[2023-11-21T10:07:35.105+0300] {processor.py:770} WARNING - No viable dags retrieved from /home/user/Masaüstü/kafka/.env/lib/python3.8/site-packages/airflow/example_dags/plugins/workday.py
[2023-11-21T10:07:35.124+0300] {processor.py:178} INFO - Processing /home/user/Masaüstü/kafka/.env/lib/python3.8/site-packages/airflow/example_dags/plugins/workday.py took 0.035 seconds
[2023-11-21T10:08:12.743+0300] {processor.py:156} INFO - Started process (PID=31377) to work on /home/user/Masaüstü/kafka/.env/lib/python3.8/site-packages/airflow/example_dags/plugins/workday.py
[2023-11-21T10:08:12.746+0300] {processor.py:758} INFO - Processing file /home/user/Masaüstü/kafka/.env/lib/python3.8/site-packages/airflow/example_dags/plugins/workday.py for tasks to queue
[2023-11-21T10:08:12.748+0300] {logging_mixin.py:117} INFO - [2023-11-21T10:08:12.747+0300] {dagbag.py:525} INFO - Filling up the DagBag from /home/user/Masaüstü/kafka/.env/lib/python3.8/site-packages/airflow/example_dags/plugins/workday.py
[2023-11-21T10:08:12.750+0300] {processor.py:770} WARNING - No viable dags retrieved from /home/user/Masaüstü/kafka/.env/lib/python3.8/site-packages/airflow/example_dags/plugins/workday.py
[2023-11-21T10:08:12.762+0300] {processor.py:178} INFO - Processing /home/user/Masaüstü/kafka/.env/lib/python3.8/site-packages/airflow/example_dags/plugins/workday.py took 0.026 seconds
[2023-11-21T10:08:51.780+0300] {processor.py:156} INFO - Started process (PID=31629) to work on /home/user/Masaüstü/kafka/.env/lib/python3.8/site-packages/airflow/example_dags/plugins/workday.py
[2023-11-21T10:08:51.782+0300] {processor.py:758} INFO - Processing file /home/user/Masaüstü/kafka/.env/lib/python3.8/site-packages/airflow/example_dags/plugins/workday.py for tasks to queue
[2023-11-21T10:08:51.783+0300] {logging_mixin.py:117} INFO - [2023-11-21T10:08:51.783+0300] {dagbag.py:525} INFO - Filling up the DagBag from /home/user/Masaüstü/kafka/.env/lib/python3.8/site-packages/airflow/example_dags/plugins/workday.py
[2023-11-21T10:08:51.784+0300] {processor.py:770} WARNING - No viable dags retrieved from /home/user/Masaüstü/kafka/.env/lib/python3.8/site-packages/airflow/example_dags/plugins/workday.py
[2023-11-21T10:08:51.791+0300] {processor.py:178} INFO - Processing /home/user/Masaüstü/kafka/.env/lib/python3.8/site-packages/airflow/example_dags/plugins/workday.py took 0.012 seconds
[2023-11-21T10:09:31.553+0300] {processor.py:156} INFO - Started process (PID=32065) to work on /home/user/Masaüstü/kafka/.env/lib/python3.8/site-packages/airflow/example_dags/plugins/workday.py
[2023-11-21T10:09:31.555+0300] {processor.py:758} INFO - Processing file /home/user/Masaüstü/kafka/.env/lib/python3.8/site-packages/airflow/example_dags/plugins/workday.py for tasks to queue
[2023-11-21T10:09:31.556+0300] {logging_mixin.py:117} INFO - [2023-11-21T10:09:31.556+0300] {dagbag.py:525} INFO - Filling up the DagBag from /home/user/Masaüstü/kafka/.env/lib/python3.8/site-packages/airflow/example_dags/plugins/workday.py
[2023-11-21T10:09:31.559+0300] {processor.py:770} WARNING - No viable dags retrieved from /home/user/Masaüstü/kafka/.env/lib/python3.8/site-packages/airflow/example_dags/plugins/workday.py
[2023-11-21T10:09:31.577+0300] {processor.py:178} INFO - Processing /home/user/Masaüstü/kafka/.env/lib/python3.8/site-packages/airflow/example_dags/plugins/workday.py took 0.027 seconds
[2023-11-21T10:10:12.298+0300] {processor.py:156} INFO - Started process (PID=32668) to work on /home/user/Masaüstü/kafka/.env/lib/python3.8/site-packages/airflow/example_dags/plugins/workday.py
[2023-11-21T10:10:12.301+0300] {processor.py:758} INFO - Processing file /home/user/Masaüstü/kafka/.env/lib/python3.8/site-packages/airflow/example_dags/plugins/workday.py for tasks to queue
[2023-11-21T10:10:12.302+0300] {logging_mixin.py:117} INFO - [2023-11-21T10:10:12.301+0300] {dagbag.py:525} INFO - Filling up the DagBag from /home/user/Masaüstü/kafka/.env/lib/python3.8/site-packages/airflow/example_dags/plugins/workday.py
[2023-11-21T10:10:12.303+0300] {processor.py:770} WARNING - No viable dags retrieved from /home/user/Masaüstü/kafka/.env/lib/python3.8/site-packages/airflow/example_dags/plugins/workday.py
[2023-11-21T10:10:12.318+0300] {processor.py:178} INFO - Processing /home/user/Masaüstü/kafka/.env/lib/python3.8/site-packages/airflow/example_dags/plugins/workday.py took 0.023 seconds
[2023-11-21T10:11:02.509+0300] {processor.py:156} INFO - Started process (PID=33291) to work on /home/user/Masaüstü/kafka/.env/lib/python3.8/site-packages/airflow/example_dags/plugins/workday.py
[2023-11-21T10:11:02.511+0300] {processor.py:758} INFO - Processing file /home/user/Masaüstü/kafka/.env/lib/python3.8/site-packages/airflow/example_dags/plugins/workday.py for tasks to queue
[2023-11-21T10:11:02.513+0300] {logging_mixin.py:117} INFO - [2023-11-21T10:11:02.512+0300] {dagbag.py:525} INFO - Filling up the DagBag from /home/user/Masaüstü/kafka/.env/lib/python3.8/site-packages/airflow/example_dags/plugins/workday.py
[2023-11-21T10:11:02.515+0300] {processor.py:770} WARNING - No viable dags retrieved from /home/user/Masaüstü/kafka/.env/lib/python3.8/site-packages/airflow/example_dags/plugins/workday.py
[2023-11-21T10:11:02.526+0300] {processor.py:178} INFO - Processing /home/user/Masaüstü/kafka/.env/lib/python3.8/site-packages/airflow/example_dags/plugins/workday.py took 0.021 seconds
[2023-11-21T10:11:41.806+0300] {processor.py:156} INFO - Started process (PID=33571) to work on /home/user/Masaüstü/kafka/.env/lib/python3.8/site-packages/airflow/example_dags/plugins/workday.py
[2023-11-21T10:11:41.808+0300] {processor.py:758} INFO - Processing file /home/user/Masaüstü/kafka/.env/lib/python3.8/site-packages/airflow/example_dags/plugins/workday.py for tasks to queue
[2023-11-21T10:11:41.809+0300] {logging_mixin.py:117} INFO - [2023-11-21T10:11:41.809+0300] {dagbag.py:525} INFO - Filling up the DagBag from /home/user/Masaüstü/kafka/.env/lib/python3.8/site-packages/airflow/example_dags/plugins/workday.py
[2023-11-21T10:11:41.811+0300] {processor.py:770} WARNING - No viable dags retrieved from /home/user/Masaüstü/kafka/.env/lib/python3.8/site-packages/airflow/example_dags/plugins/workday.py
[2023-11-21T10:11:41.820+0300] {processor.py:178} INFO - Processing /home/user/Masaüstü/kafka/.env/lib/python3.8/site-packages/airflow/example_dags/plugins/workday.py took 0.016 seconds
[2023-11-21T10:12:19.195+0300] {processor.py:156} INFO - Started process (PID=33795) to work on /home/user/Masaüstü/kafka/.env/lib/python3.8/site-packages/airflow/example_dags/plugins/workday.py
[2023-11-21T10:12:19.199+0300] {processor.py:758} INFO - Processing file /home/user/Masaüstü/kafka/.env/lib/python3.8/site-packages/airflow/example_dags/plugins/workday.py for tasks to queue
[2023-11-21T10:12:19.201+0300] {logging_mixin.py:117} INFO - [2023-11-21T10:12:19.201+0300] {dagbag.py:525} INFO - Filling up the DagBag from /home/user/Masaüstü/kafka/.env/lib/python3.8/site-packages/airflow/example_dags/plugins/workday.py
[2023-11-21T10:12:19.205+0300] {processor.py:770} WARNING - No viable dags retrieved from /home/user/Masaüstü/kafka/.env/lib/python3.8/site-packages/airflow/example_dags/plugins/workday.py
[2023-11-21T10:12:19.218+0300] {processor.py:178} INFO - Processing /home/user/Masaüstü/kafka/.env/lib/python3.8/site-packages/airflow/example_dags/plugins/workday.py took 0.033 seconds
[2023-11-21T10:12:57.437+0300] {processor.py:156} INFO - Started process (PID=34032) to work on /home/user/Masaüstü/kafka/.env/lib/python3.8/site-packages/airflow/example_dags/plugins/workday.py
[2023-11-21T10:12:57.439+0300] {processor.py:758} INFO - Processing file /home/user/Masaüstü/kafka/.env/lib/python3.8/site-packages/airflow/example_dags/plugins/workday.py for tasks to queue
[2023-11-21T10:12:57.440+0300] {logging_mixin.py:117} INFO - [2023-11-21T10:12:57.440+0300] {dagbag.py:525} INFO - Filling up the DagBag from /home/user/Masaüstü/kafka/.env/lib/python3.8/site-packages/airflow/example_dags/plugins/workday.py
[2023-11-21T10:12:57.442+0300] {processor.py:770} WARNING - No viable dags retrieved from /home/user/Masaüstü/kafka/.env/lib/python3.8/site-packages/airflow/example_dags/plugins/workday.py
[2023-11-21T10:12:57.453+0300] {processor.py:178} INFO - Processing /home/user/Masaüstü/kafka/.env/lib/python3.8/site-packages/airflow/example_dags/plugins/workday.py took 0.019 seconds
[2023-11-21T10:13:35.534+0300] {processor.py:156} INFO - Started process (PID=34348) to work on /home/user/Masaüstü/kafka/.env/lib/python3.8/site-packages/airflow/example_dags/plugins/workday.py
[2023-11-21T10:13:35.538+0300] {processor.py:758} INFO - Processing file /home/user/Masaüstü/kafka/.env/lib/python3.8/site-packages/airflow/example_dags/plugins/workday.py for tasks to queue
[2023-11-21T10:13:35.539+0300] {logging_mixin.py:117} INFO - [2023-11-21T10:13:35.539+0300] {dagbag.py:525} INFO - Filling up the DagBag from /home/user/Masaüstü/kafka/.env/lib/python3.8/site-packages/airflow/example_dags/plugins/workday.py
[2023-11-21T10:13:35.543+0300] {processor.py:770} WARNING - No viable dags retrieved from /home/user/Masaüstü/kafka/.env/lib/python3.8/site-packages/airflow/example_dags/plugins/workday.py
[2023-11-21T10:13:35.558+0300] {processor.py:178} INFO - Processing /home/user/Masaüstü/kafka/.env/lib/python3.8/site-packages/airflow/example_dags/plugins/workday.py took 0.030 seconds
[2023-11-21T10:14:27.717+0300] {processor.py:156} INFO - Started process (PID=35102) to work on /home/user/Masaüstü/kafka/.env/lib/python3.8/site-packages/airflow/example_dags/plugins/workday.py
[2023-11-21T10:14:27.719+0300] {processor.py:758} INFO - Processing file /home/user/Masaüstü/kafka/.env/lib/python3.8/site-packages/airflow/example_dags/plugins/workday.py for tasks to queue
[2023-11-21T10:14:27.719+0300] {logging_mixin.py:117} INFO - [2023-11-21T10:14:27.719+0300] {dagbag.py:525} INFO - Filling up the DagBag from /home/user/Masaüstü/kafka/.env/lib/python3.8/site-packages/airflow/example_dags/plugins/workday.py
[2023-11-21T10:14:27.720+0300] {processor.py:770} WARNING - No viable dags retrieved from /home/user/Masaüstü/kafka/.env/lib/python3.8/site-packages/airflow/example_dags/plugins/workday.py
[2023-11-21T10:14:27.727+0300] {processor.py:178} INFO - Processing /home/user/Masaüstü/kafka/.env/lib/python3.8/site-packages/airflow/example_dags/plugins/workday.py took 0.012 seconds
[2023-11-21T10:15:05.126+0300] {processor.py:156} INFO - Started process (PID=35488) to work on /home/user/Masaüstü/kafka/.env/lib/python3.8/site-packages/airflow/example_dags/plugins/workday.py
[2023-11-21T10:15:05.128+0300] {processor.py:758} INFO - Processing file /home/user/Masaüstü/kafka/.env/lib/python3.8/site-packages/airflow/example_dags/plugins/workday.py for tasks to queue
[2023-11-21T10:15:05.129+0300] {logging_mixin.py:117} INFO - [2023-11-21T10:15:05.129+0300] {dagbag.py:525} INFO - Filling up the DagBag from /home/user/Masaüstü/kafka/.env/lib/python3.8/site-packages/airflow/example_dags/plugins/workday.py
[2023-11-21T10:15:05.130+0300] {processor.py:770} WARNING - No viable dags retrieved from /home/user/Masaüstü/kafka/.env/lib/python3.8/site-packages/airflow/example_dags/plugins/workday.py
[2023-11-21T10:15:05.137+0300] {processor.py:178} INFO - Processing /home/user/Masaüstü/kafka/.env/lib/python3.8/site-packages/airflow/example_dags/plugins/workday.py took 0.012 seconds
[2023-11-21T10:15:41.433+0300] {processor.py:156} INFO - Started process (PID=35735) to work on /home/user/Masaüstü/kafka/.env/lib/python3.8/site-packages/airflow/example_dags/plugins/workday.py
[2023-11-21T10:15:41.435+0300] {processor.py:758} INFO - Processing file /home/user/Masaüstü/kafka/.env/lib/python3.8/site-packages/airflow/example_dags/plugins/workday.py for tasks to queue
[2023-11-21T10:15:41.436+0300] {logging_mixin.py:117} INFO - [2023-11-21T10:15:41.436+0300] {dagbag.py:525} INFO - Filling up the DagBag from /home/user/Masaüstü/kafka/.env/lib/python3.8/site-packages/airflow/example_dags/plugins/workday.py
[2023-11-21T10:15:41.440+0300] {processor.py:770} WARNING - No viable dags retrieved from /home/user/Masaüstü/kafka/.env/lib/python3.8/site-packages/airflow/example_dags/plugins/workday.py
[2023-11-21T10:15:41.457+0300] {processor.py:178} INFO - Processing /home/user/Masaüstü/kafka/.env/lib/python3.8/site-packages/airflow/example_dags/plugins/workday.py took 0.029 seconds
[2023-11-21T10:16:19.923+0300] {processor.py:156} INFO - Started process (PID=35975) to work on /home/user/Masaüstü/kafka/.env/lib/python3.8/site-packages/airflow/example_dags/plugins/workday.py
[2023-11-21T10:16:19.927+0300] {processor.py:758} INFO - Processing file /home/user/Masaüstü/kafka/.env/lib/python3.8/site-packages/airflow/example_dags/plugins/workday.py for tasks to queue
[2023-11-21T10:16:19.928+0300] {logging_mixin.py:117} INFO - [2023-11-21T10:16:19.928+0300] {dagbag.py:525} INFO - Filling up the DagBag from /home/user/Masaüstü/kafka/.env/lib/python3.8/site-packages/airflow/example_dags/plugins/workday.py
[2023-11-21T10:16:19.933+0300] {processor.py:770} WARNING - No viable dags retrieved from /home/user/Masaüstü/kafka/.env/lib/python3.8/site-packages/airflow/example_dags/plugins/workday.py
[2023-11-21T10:16:19.948+0300] {processor.py:178} INFO - Processing /home/user/Masaüstü/kafka/.env/lib/python3.8/site-packages/airflow/example_dags/plugins/workday.py took 0.032 seconds
[2023-11-21T10:16:58.280+0300] {processor.py:156} INFO - Started process (PID=36225) to work on /home/user/Masaüstü/kafka/.env/lib/python3.8/site-packages/airflow/example_dags/plugins/workday.py
[2023-11-21T10:16:58.282+0300] {processor.py:758} INFO - Processing file /home/user/Masaüstü/kafka/.env/lib/python3.8/site-packages/airflow/example_dags/plugins/workday.py for tasks to queue
[2023-11-21T10:16:58.283+0300] {logging_mixin.py:117} INFO - [2023-11-21T10:16:58.283+0300] {dagbag.py:525} INFO - Filling up the DagBag from /home/user/Masaüstü/kafka/.env/lib/python3.8/site-packages/airflow/example_dags/plugins/workday.py
[2023-11-21T10:16:58.285+0300] {processor.py:770} WARNING - No viable dags retrieved from /home/user/Masaüstü/kafka/.env/lib/python3.8/site-packages/airflow/example_dags/plugins/workday.py
[2023-11-21T10:16:58.293+0300] {processor.py:178} INFO - Processing /home/user/Masaüstü/kafka/.env/lib/python3.8/site-packages/airflow/example_dags/plugins/workday.py took 0.016 seconds
[2023-11-21T10:17:35.014+0300] {processor.py:156} INFO - Started process (PID=36494) to work on /home/user/Masaüstü/kafka/.env/lib/python3.8/site-packages/airflow/example_dags/plugins/workday.py
[2023-11-21T10:17:35.016+0300] {processor.py:758} INFO - Processing file /home/user/Masaüstü/kafka/.env/lib/python3.8/site-packages/airflow/example_dags/plugins/workday.py for tasks to queue
[2023-11-21T10:17:35.018+0300] {logging_mixin.py:117} INFO - [2023-11-21T10:17:35.018+0300] {dagbag.py:525} INFO - Filling up the DagBag from /home/user/Masaüstü/kafka/.env/lib/python3.8/site-packages/airflow/example_dags/plugins/workday.py
[2023-11-21T10:17:35.022+0300] {processor.py:770} WARNING - No viable dags retrieved from /home/user/Masaüstü/kafka/.env/lib/python3.8/site-packages/airflow/example_dags/plugins/workday.py
[2023-11-21T10:17:35.038+0300] {processor.py:178} INFO - Processing /home/user/Masaüstü/kafka/.env/lib/python3.8/site-packages/airflow/example_dags/plugins/workday.py took 0.031 seconds
[2023-11-21T10:18:11.992+0300] {processor.py:156} INFO - Started process (PID=36760) to work on /home/user/Masaüstü/kafka/.env/lib/python3.8/site-packages/airflow/example_dags/plugins/workday.py
[2023-11-21T10:18:11.995+0300] {processor.py:758} INFO - Processing file /home/user/Masaüstü/kafka/.env/lib/python3.8/site-packages/airflow/example_dags/plugins/workday.py for tasks to queue
[2023-11-21T10:18:11.996+0300] {logging_mixin.py:117} INFO - [2023-11-21T10:18:11.996+0300] {dagbag.py:525} INFO - Filling up the DagBag from /home/user/Masaüstü/kafka/.env/lib/python3.8/site-packages/airflow/example_dags/plugins/workday.py
[2023-11-21T10:18:12.000+0300] {processor.py:770} WARNING - No viable dags retrieved from /home/user/Masaüstü/kafka/.env/lib/python3.8/site-packages/airflow/example_dags/plugins/workday.py
[2023-11-21T10:18:12.015+0300] {processor.py:178} INFO - Processing /home/user/Masaüstü/kafka/.env/lib/python3.8/site-packages/airflow/example_dags/plugins/workday.py took 0.030 seconds
[2023-11-21T10:18:51.597+0300] {processor.py:156} INFO - Started process (PID=37013) to work on /home/user/Masaüstü/kafka/.env/lib/python3.8/site-packages/airflow/example_dags/plugins/workday.py
[2023-11-21T10:18:51.600+0300] {processor.py:758} INFO - Processing file /home/user/Masaüstü/kafka/.env/lib/python3.8/site-packages/airflow/example_dags/plugins/workday.py for tasks to queue
[2023-11-21T10:18:51.601+0300] {logging_mixin.py:117} INFO - [2023-11-21T10:18:51.601+0300] {dagbag.py:525} INFO - Filling up the DagBag from /home/user/Masaüstü/kafka/.env/lib/python3.8/site-packages/airflow/example_dags/plugins/workday.py
[2023-11-21T10:18:51.605+0300] {processor.py:770} WARNING - No viable dags retrieved from /home/user/Masaüstü/kafka/.env/lib/python3.8/site-packages/airflow/example_dags/plugins/workday.py
[2023-11-21T10:18:51.619+0300] {processor.py:178} INFO - Processing /home/user/Masaüstü/kafka/.env/lib/python3.8/site-packages/airflow/example_dags/plugins/workday.py took 0.029 seconds
[2023-11-21T10:19:30.146+0300] {processor.py:156} INFO - Started process (PID=37258) to work on /home/user/Masaüstü/kafka/.env/lib/python3.8/site-packages/airflow/example_dags/plugins/workday.py
[2023-11-21T10:19:30.149+0300] {processor.py:758} INFO - Processing file /home/user/Masaüstü/kafka/.env/lib/python3.8/site-packages/airflow/example_dags/plugins/workday.py for tasks to queue
[2023-11-21T10:19:30.151+0300] {logging_mixin.py:117} INFO - [2023-11-21T10:19:30.150+0300] {dagbag.py:525} INFO - Filling up the DagBag from /home/user/Masaüstü/kafka/.env/lib/python3.8/site-packages/airflow/example_dags/plugins/workday.py
[2023-11-21T10:19:30.155+0300] {processor.py:770} WARNING - No viable dags retrieved from /home/user/Masaüstü/kafka/.env/lib/python3.8/site-packages/airflow/example_dags/plugins/workday.py
[2023-11-21T10:19:30.171+0300] {processor.py:178} INFO - Processing /home/user/Masaüstü/kafka/.env/lib/python3.8/site-packages/airflow/example_dags/plugins/workday.py took 0.031 seconds
