[2023-11-20T15:20:02.003+0300] {processor.py:157} INFO - Started process (PID=33983) to work on /home/user/Masaüstü/kafka/.env/lib/python3.8/site-packages/airflow/example_dags/plugins/event_listener.py
[2023-11-20T15:20:02.003+0300] {processor.py:829} INFO - Processing file /home/user/Masaüstü/kafka/.env/lib/python3.8/site-packages/airflow/example_dags/plugins/event_listener.py for tasks to queue
[2023-11-20T15:20:02.004+0300] {logging_mixin.py:154} INFO - [2023-11-20T15:20:02.004+0300] {dagbag.py:536} INFO - Filling up the DagBag from /home/user/Masaüstü/kafka/.env/lib/python3.8/site-packages/airflow/example_dags/plugins/event_listener.py
[2023-11-20T15:20:02.006+0300] {processor.py:841} WARNING - No viable dags retrieved from /home/user/Masaüstü/kafka/.env/lib/python3.8/site-packages/airflow/example_dags/plugins/event_listener.py
[2023-11-20T15:20:02.020+0300] {processor.py:179} INFO - Processing /home/user/Masaüstü/kafka/.env/lib/python3.8/site-packages/airflow/example_dags/plugins/event_listener.py took 0.020 seconds
[2023-11-20T15:20:49.187+0300] {processor.py:157} INFO - Started process (PID=34749) to work on /home/user/Masaüstü/kafka/.env/lib/python3.8/site-packages/airflow/example_dags/plugins/event_listener.py
[2023-11-20T15:20:49.190+0300] {processor.py:829} INFO - Processing file /home/user/Masaüstü/kafka/.env/lib/python3.8/site-packages/airflow/example_dags/plugins/event_listener.py for tasks to queue
[2023-11-20T15:20:49.191+0300] {logging_mixin.py:154} INFO - [2023-11-20T15:20:49.191+0300] {dagbag.py:536} INFO - Filling up the DagBag from /home/user/Masaüstü/kafka/.env/lib/python3.8/site-packages/airflow/example_dags/plugins/event_listener.py
[2023-11-20T15:20:49.195+0300] {processor.py:841} WARNING - No viable dags retrieved from /home/user/Masaüstü/kafka/.env/lib/python3.8/site-packages/airflow/example_dags/plugins/event_listener.py
[2023-11-20T15:20:49.214+0300] {processor.py:179} INFO - Processing /home/user/Masaüstü/kafka/.env/lib/python3.8/site-packages/airflow/example_dags/plugins/event_listener.py took 0.032 seconds
[2023-11-20T15:21:19.588+0300] {processor.py:157} INFO - Started process (PID=35548) to work on /home/user/Masaüstü/kafka/.env/lib/python3.8/site-packages/airflow/example_dags/plugins/event_listener.py
[2023-11-20T15:21:19.590+0300] {processor.py:829} INFO - Processing file /home/user/Masaüstü/kafka/.env/lib/python3.8/site-packages/airflow/example_dags/plugins/event_listener.py for tasks to queue
[2023-11-20T15:21:19.592+0300] {logging_mixin.py:154} INFO - [2023-11-20T15:21:19.591+0300] {dagbag.py:536} INFO - Filling up the DagBag from /home/user/Masaüstü/kafka/.env/lib/python3.8/site-packages/airflow/example_dags/plugins/event_listener.py
[2023-11-20T15:21:19.596+0300] {processor.py:841} WARNING - No viable dags retrieved from /home/user/Masaüstü/kafka/.env/lib/python3.8/site-packages/airflow/example_dags/plugins/event_listener.py
[2023-11-20T15:21:19.610+0300] {processor.py:179} INFO - Processing /home/user/Masaüstü/kafka/.env/lib/python3.8/site-packages/airflow/example_dags/plugins/event_listener.py took 0.027 seconds
[2023-11-20T15:22:06.369+0300] {processor.py:157} INFO - Started process (PID=36147) to work on /home/user/Masaüstü/kafka/.env/lib/python3.8/site-packages/airflow/example_dags/plugins/event_listener.py
[2023-11-20T15:22:06.372+0300] {processor.py:829} INFO - Processing file /home/user/Masaüstü/kafka/.env/lib/python3.8/site-packages/airflow/example_dags/plugins/event_listener.py for tasks to queue
[2023-11-20T15:22:06.375+0300] {logging_mixin.py:154} INFO - [2023-11-20T15:22:06.374+0300] {dagbag.py:536} INFO - Filling up the DagBag from /home/user/Masaüstü/kafka/.env/lib/python3.8/site-packages/airflow/example_dags/plugins/event_listener.py
[2023-11-20T15:22:06.380+0300] {processor.py:841} WARNING - No viable dags retrieved from /home/user/Masaüstü/kafka/.env/lib/python3.8/site-packages/airflow/example_dags/plugins/event_listener.py
[2023-11-20T15:22:06.392+0300] {processor.py:179} INFO - Processing /home/user/Masaüstü/kafka/.env/lib/python3.8/site-packages/airflow/example_dags/plugins/event_listener.py took 0.032 seconds
[2023-11-20T15:22:52.358+0300] {processor.py:157} INFO - Started process (PID=36570) to work on /home/user/Masaüstü/kafka/.env/lib/python3.8/site-packages/airflow/example_dags/plugins/event_listener.py
[2023-11-20T15:22:52.360+0300] {processor.py:829} INFO - Processing file /home/user/Masaüstü/kafka/.env/lib/python3.8/site-packages/airflow/example_dags/plugins/event_listener.py for tasks to queue
[2023-11-20T15:22:52.361+0300] {logging_mixin.py:154} INFO - [2023-11-20T15:22:52.361+0300] {dagbag.py:536} INFO - Filling up the DagBag from /home/user/Masaüstü/kafka/.env/lib/python3.8/site-packages/airflow/example_dags/plugins/event_listener.py
[2023-11-20T15:22:52.365+0300] {processor.py:841} WARNING - No viable dags retrieved from /home/user/Masaüstü/kafka/.env/lib/python3.8/site-packages/airflow/example_dags/plugins/event_listener.py
[2023-11-20T15:22:52.378+0300] {processor.py:179} INFO - Processing /home/user/Masaüstü/kafka/.env/lib/python3.8/site-packages/airflow/example_dags/plugins/event_listener.py took 0.024 seconds
[2023-11-20T15:23:24.835+0300] {processor.py:157} INFO - Started process (PID=36907) to work on /home/user/Masaüstü/kafka/.env/lib/python3.8/site-packages/airflow/example_dags/plugins/event_listener.py
[2023-11-20T15:23:24.837+0300] {processor.py:829} INFO - Processing file /home/user/Masaüstü/kafka/.env/lib/python3.8/site-packages/airflow/example_dags/plugins/event_listener.py for tasks to queue
[2023-11-20T15:23:24.838+0300] {logging_mixin.py:154} INFO - [2023-11-20T15:23:24.837+0300] {dagbag.py:536} INFO - Filling up the DagBag from /home/user/Masaüstü/kafka/.env/lib/python3.8/site-packages/airflow/example_dags/plugins/event_listener.py
[2023-11-20T15:23:24.839+0300] {processor.py:841} WARNING - No viable dags retrieved from /home/user/Masaüstü/kafka/.env/lib/python3.8/site-packages/airflow/example_dags/plugins/event_listener.py
[2023-11-20T15:23:24.848+0300] {processor.py:179} INFO - Processing /home/user/Masaüstü/kafka/.env/lib/python3.8/site-packages/airflow/example_dags/plugins/event_listener.py took 0.015 seconds
[2023-11-20T15:24:00.476+0300] {processor.py:157} INFO - Started process (PID=37237) to work on /home/user/Masaüstü/kafka/.env/lib/python3.8/site-packages/airflow/example_dags/plugins/event_listener.py
[2023-11-20T15:24:00.479+0300] {processor.py:829} INFO - Processing file /home/user/Masaüstü/kafka/.env/lib/python3.8/site-packages/airflow/example_dags/plugins/event_listener.py for tasks to queue
[2023-11-20T15:24:00.481+0300] {logging_mixin.py:154} INFO - [2023-11-20T15:24:00.480+0300] {dagbag.py:536} INFO - Filling up the DagBag from /home/user/Masaüstü/kafka/.env/lib/python3.8/site-packages/airflow/example_dags/plugins/event_listener.py
[2023-11-20T15:24:00.487+0300] {processor.py:841} WARNING - No viable dags retrieved from /home/user/Masaüstü/kafka/.env/lib/python3.8/site-packages/airflow/example_dags/plugins/event_listener.py
[2023-11-20T15:24:00.503+0300] {processor.py:179} INFO - Processing /home/user/Masaüstü/kafka/.env/lib/python3.8/site-packages/airflow/example_dags/plugins/event_listener.py took 0.035 seconds
[2023-11-20T15:24:34.404+0300] {processor.py:157} INFO - Started process (PID=37677) to work on /home/user/Masaüstü/kafka/.env/lib/python3.8/site-packages/airflow/example_dags/plugins/event_listener.py
[2023-11-20T15:24:34.408+0300] {processor.py:829} INFO - Processing file /home/user/Masaüstü/kafka/.env/lib/python3.8/site-packages/airflow/example_dags/plugins/event_listener.py for tasks to queue
[2023-11-20T15:24:34.411+0300] {logging_mixin.py:154} INFO - [2023-11-20T15:24:34.409+0300] {dagbag.py:536} INFO - Filling up the DagBag from /home/user/Masaüstü/kafka/.env/lib/python3.8/site-packages/airflow/example_dags/plugins/event_listener.py
[2023-11-20T15:24:34.416+0300] {processor.py:841} WARNING - No viable dags retrieved from /home/user/Masaüstü/kafka/.env/lib/python3.8/site-packages/airflow/example_dags/plugins/event_listener.py
[2023-11-20T15:24:34.428+0300] {processor.py:179} INFO - Processing /home/user/Masaüstü/kafka/.env/lib/python3.8/site-packages/airflow/example_dags/plugins/event_listener.py took 0.032 seconds
[2023-11-20T15:24:52.102+0300] {processor.py:157} INFO - Started process (PID=38377) to work on /home/user/Masaüstü/kafka/.env/lib/python3.8/site-packages/airflow/example_dags/plugins/event_listener.py
[2023-11-20T15:24:52.105+0300] {processor.py:829} INFO - Processing file /home/user/Masaüstü/kafka/.env/lib/python3.8/site-packages/airflow/example_dags/plugins/event_listener.py for tasks to queue
[2023-11-20T15:24:52.107+0300] {logging_mixin.py:154} INFO - [2023-11-20T15:24:52.106+0300] {dagbag.py:536} INFO - Filling up the DagBag from /home/user/Masaüstü/kafka/.env/lib/python3.8/site-packages/airflow/example_dags/plugins/event_listener.py
[2023-11-20T15:24:52.110+0300] {processor.py:841} WARNING - No viable dags retrieved from /home/user/Masaüstü/kafka/.env/lib/python3.8/site-packages/airflow/example_dags/plugins/event_listener.py
[2023-11-20T15:24:52.122+0300] {processor.py:179} INFO - Processing /home/user/Masaüstü/kafka/.env/lib/python3.8/site-packages/airflow/example_dags/plugins/event_listener.py took 0.026 seconds
[2023-11-20T15:27:13.545+0300] {processor.py:157} INFO - Started process (PID=4659) to work on /home/user/Masaüstü/kafka/.env/lib/python3.8/site-packages/airflow/example_dags/plugins/event_listener.py
[2023-11-20T15:27:13.548+0300] {processor.py:829} INFO - Processing file /home/user/Masaüstü/kafka/.env/lib/python3.8/site-packages/airflow/example_dags/plugins/event_listener.py for tasks to queue
[2023-11-20T15:27:13.549+0300] {logging_mixin.py:154} INFO - [2023-11-20T15:27:13.549+0300] {dagbag.py:536} INFO - Filling up the DagBag from /home/user/Masaüstü/kafka/.env/lib/python3.8/site-packages/airflow/example_dags/plugins/event_listener.py
[2023-11-20T15:27:13.552+0300] {processor.py:841} WARNING - No viable dags retrieved from /home/user/Masaüstü/kafka/.env/lib/python3.8/site-packages/airflow/example_dags/plugins/event_listener.py
[2023-11-20T15:27:13.563+0300] {processor.py:179} INFO - Processing /home/user/Masaüstü/kafka/.env/lib/python3.8/site-packages/airflow/example_dags/plugins/event_listener.py took 0.021 seconds
[2023-11-20T15:27:58.458+0300] {processor.py:157} INFO - Started process (PID=5163) to work on /home/user/Masaüstü/kafka/.env/lib/python3.8/site-packages/airflow/example_dags/plugins/event_listener.py
[2023-11-20T15:27:58.460+0300] {processor.py:829} INFO - Processing file /home/user/Masaüstü/kafka/.env/lib/python3.8/site-packages/airflow/example_dags/plugins/event_listener.py for tasks to queue
[2023-11-20T15:27:58.461+0300] {logging_mixin.py:154} INFO - [2023-11-20T15:27:58.460+0300] {dagbag.py:536} INFO - Filling up the DagBag from /home/user/Masaüstü/kafka/.env/lib/python3.8/site-packages/airflow/example_dags/plugins/event_listener.py
[2023-11-20T15:27:58.462+0300] {processor.py:841} WARNING - No viable dags retrieved from /home/user/Masaüstü/kafka/.env/lib/python3.8/site-packages/airflow/example_dags/plugins/event_listener.py
[2023-11-20T15:27:58.469+0300] {processor.py:179} INFO - Processing /home/user/Masaüstü/kafka/.env/lib/python3.8/site-packages/airflow/example_dags/plugins/event_listener.py took 0.013 seconds
[2023-11-20T15:28:42.540+0300] {processor.py:157} INFO - Started process (PID=5473) to work on /home/user/Masaüstü/kafka/.env/lib/python3.8/site-packages/airflow/example_dags/plugins/event_listener.py
[2023-11-20T15:28:42.543+0300] {processor.py:829} INFO - Processing file /home/user/Masaüstü/kafka/.env/lib/python3.8/site-packages/airflow/example_dags/plugins/event_listener.py for tasks to queue
[2023-11-20T15:28:42.546+0300] {logging_mixin.py:154} INFO - [2023-11-20T15:28:42.545+0300] {dagbag.py:536} INFO - Filling up the DagBag from /home/user/Masaüstü/kafka/.env/lib/python3.8/site-packages/airflow/example_dags/plugins/event_listener.py
[2023-11-20T15:28:42.553+0300] {processor.py:841} WARNING - No viable dags retrieved from /home/user/Masaüstü/kafka/.env/lib/python3.8/site-packages/airflow/example_dags/plugins/event_listener.py
[2023-11-20T15:28:42.566+0300] {processor.py:179} INFO - Processing /home/user/Masaüstü/kafka/.env/lib/python3.8/site-packages/airflow/example_dags/plugins/event_listener.py took 0.034 seconds
[2023-11-20T15:36:00.675+0300] {processor.py:157} INFO - Started process (PID=6748) to work on /home/user/Masaüstü/kafka/.env/lib/python3.8/site-packages/airflow/example_dags/plugins/event_listener.py
[2023-11-20T15:36:00.679+0300] {processor.py:829} INFO - Processing file /home/user/Masaüstü/kafka/.env/lib/python3.8/site-packages/airflow/example_dags/plugins/event_listener.py for tasks to queue
[2023-11-20T15:36:00.680+0300] {logging_mixin.py:154} INFO - [2023-11-20T15:36:00.679+0300] {dagbag.py:536} INFO - Filling up the DagBag from /home/user/Masaüstü/kafka/.env/lib/python3.8/site-packages/airflow/example_dags/plugins/event_listener.py
[2023-11-20T15:36:00.684+0300] {processor.py:841} WARNING - No viable dags retrieved from /home/user/Masaüstü/kafka/.env/lib/python3.8/site-packages/airflow/example_dags/plugins/event_listener.py
[2023-11-20T15:36:00.699+0300] {processor.py:179} INFO - Processing /home/user/Masaüstü/kafka/.env/lib/python3.8/site-packages/airflow/example_dags/plugins/event_listener.py took 0.026 seconds
