[2023-11-20T15:19:58.900+0300] {processor.py:157} INFO - Started process (PID=33848) to work on /home/user/Masaüstü/kafka/.env/lib/python3.8/site-packages/airflow/example_dags/plugins/listener_plugin.py
[2023-11-20T15:19:58.903+0300] {processor.py:829} INFO - Processing file /home/user/Masaüstü/kafka/.env/lib/python3.8/site-packages/airflow/example_dags/plugins/listener_plugin.py for tasks to queue
[2023-11-20T15:19:58.905+0300] {logging_mixin.py:154} INFO - [2023-11-20T15:19:58.904+0300] {dagbag.py:536} INFO - Filling up the DagBag from /home/user/Masaüstü/kafka/.env/lib/python3.8/site-packages/airflow/example_dags/plugins/listener_plugin.py
[2023-11-20T15:19:58.912+0300] {processor.py:841} WARNING - No viable dags retrieved from /home/user/Masaüstü/kafka/.env/lib/python3.8/site-packages/airflow/example_dags/plugins/listener_plugin.py
[2023-11-20T15:19:58.926+0300] {processor.py:179} INFO - Processing /home/user/Masaüstü/kafka/.env/lib/python3.8/site-packages/airflow/example_dags/plugins/listener_plugin.py took 0.036 seconds
[2023-11-20T15:20:47.551+0300] {processor.py:157} INFO - Started process (PID=34734) to work on /home/user/Masaüstü/kafka/.env/lib/python3.8/site-packages/airflow/example_dags/plugins/listener_plugin.py
[2023-11-20T15:20:47.554+0300] {processor.py:829} INFO - Processing file /home/user/Masaüstü/kafka/.env/lib/python3.8/site-packages/airflow/example_dags/plugins/listener_plugin.py for tasks to queue
[2023-11-20T15:20:47.557+0300] {logging_mixin.py:154} INFO - [2023-11-20T15:20:47.556+0300] {dagbag.py:536} INFO - Filling up the DagBag from /home/user/Masaüstü/kafka/.env/lib/python3.8/site-packages/airflow/example_dags/plugins/listener_plugin.py
[2023-11-20T15:20:47.564+0300] {processor.py:841} WARNING - No viable dags retrieved from /home/user/Masaüstü/kafka/.env/lib/python3.8/site-packages/airflow/example_dags/plugins/listener_plugin.py
[2023-11-20T15:20:47.577+0300] {processor.py:179} INFO - Processing /home/user/Masaüstü/kafka/.env/lib/python3.8/site-packages/airflow/example_dags/plugins/listener_plugin.py took 0.034 seconds
[2023-11-20T15:21:17.051+0300] {processor.py:157} INFO - Started process (PID=35532) to work on /home/user/Masaüstü/kafka/.env/lib/python3.8/site-packages/airflow/example_dags/plugins/listener_plugin.py
[2023-11-20T15:21:17.052+0300] {processor.py:829} INFO - Processing file /home/user/Masaüstü/kafka/.env/lib/python3.8/site-packages/airflow/example_dags/plugins/listener_plugin.py for tasks to queue
[2023-11-20T15:21:17.053+0300] {logging_mixin.py:154} INFO - [2023-11-20T15:21:17.053+0300] {dagbag.py:536} INFO - Filling up the DagBag from /home/user/Masaüstü/kafka/.env/lib/python3.8/site-packages/airflow/example_dags/plugins/listener_plugin.py
[2023-11-20T15:21:17.055+0300] {processor.py:841} WARNING - No viable dags retrieved from /home/user/Masaüstü/kafka/.env/lib/python3.8/site-packages/airflow/example_dags/plugins/listener_plugin.py
[2023-11-20T15:21:17.064+0300] {processor.py:179} INFO - Processing /home/user/Masaüstü/kafka/.env/lib/python3.8/site-packages/airflow/example_dags/plugins/listener_plugin.py took 0.015 seconds
[2023-11-20T15:22:04.503+0300] {processor.py:157} INFO - Started process (PID=36132) to work on /home/user/Masaüstü/kafka/.env/lib/python3.8/site-packages/airflow/example_dags/plugins/listener_plugin.py
[2023-11-20T15:22:04.506+0300] {processor.py:829} INFO - Processing file /home/user/Masaüstü/kafka/.env/lib/python3.8/site-packages/airflow/example_dags/plugins/listener_plugin.py for tasks to queue
[2023-11-20T15:22:04.507+0300] {logging_mixin.py:154} INFO - [2023-11-20T15:22:04.507+0300] {dagbag.py:536} INFO - Filling up the DagBag from /home/user/Masaüstü/kafka/.env/lib/python3.8/site-packages/airflow/example_dags/plugins/listener_plugin.py
[2023-11-20T15:22:04.511+0300] {processor.py:841} WARNING - No viable dags retrieved from /home/user/Masaüstü/kafka/.env/lib/python3.8/site-packages/airflow/example_dags/plugins/listener_plugin.py
[2023-11-20T15:22:04.523+0300] {processor.py:179} INFO - Processing /home/user/Masaüstü/kafka/.env/lib/python3.8/site-packages/airflow/example_dags/plugins/listener_plugin.py took 0.028 seconds
[2023-11-20T15:22:36.788+0300] {processor.py:157} INFO - Started process (PID=36472) to work on /home/user/Masaüstü/kafka/.env/lib/python3.8/site-packages/airflow/example_dags/plugins/listener_plugin.py
[2023-11-20T15:22:36.792+0300] {processor.py:829} INFO - Processing file /home/user/Masaüstü/kafka/.env/lib/python3.8/site-packages/airflow/example_dags/plugins/listener_plugin.py for tasks to queue
[2023-11-20T15:22:36.794+0300] {logging_mixin.py:154} INFO - [2023-11-20T15:22:36.793+0300] {dagbag.py:536} INFO - Filling up the DagBag from /home/user/Masaüstü/kafka/.env/lib/python3.8/site-packages/airflow/example_dags/plugins/listener_plugin.py
[2023-11-20T15:22:36.800+0300] {processor.py:841} WARNING - No viable dags retrieved from /home/user/Masaüstü/kafka/.env/lib/python3.8/site-packages/airflow/example_dags/plugins/listener_plugin.py
[2023-11-20T15:22:36.813+0300] {processor.py:179} INFO - Processing /home/user/Masaüstü/kafka/.env/lib/python3.8/site-packages/airflow/example_dags/plugins/listener_plugin.py took 0.033 seconds
[2023-11-20T15:23:08.415+0300] {processor.py:157} INFO - Started process (PID=36653) to work on /home/user/Masaüstü/kafka/.env/lib/python3.8/site-packages/airflow/example_dags/plugins/listener_plugin.py
[2023-11-20T15:23:08.417+0300] {processor.py:829} INFO - Processing file /home/user/Masaüstü/kafka/.env/lib/python3.8/site-packages/airflow/example_dags/plugins/listener_plugin.py for tasks to queue
[2023-11-20T15:23:08.418+0300] {logging_mixin.py:154} INFO - [2023-11-20T15:23:08.418+0300] {dagbag.py:536} INFO - Filling up the DagBag from /home/user/Masaüstü/kafka/.env/lib/python3.8/site-packages/airflow/example_dags/plugins/listener_plugin.py
[2023-11-20T15:23:08.422+0300] {processor.py:841} WARNING - No viable dags retrieved from /home/user/Masaüstü/kafka/.env/lib/python3.8/site-packages/airflow/example_dags/plugins/listener_plugin.py
[2023-11-20T15:23:08.435+0300] {processor.py:179} INFO - Processing /home/user/Masaüstü/kafka/.env/lib/python3.8/site-packages/airflow/example_dags/plugins/listener_plugin.py took 0.025 seconds
[2023-11-20T15:23:43.787+0300] {processor.py:157} INFO - Started process (PID=37041) to work on /home/user/Masaüstü/kafka/.env/lib/python3.8/site-packages/airflow/example_dags/plugins/listener_plugin.py
[2023-11-20T15:23:43.791+0300] {processor.py:829} INFO - Processing file /home/user/Masaüstü/kafka/.env/lib/python3.8/site-packages/airflow/example_dags/plugins/listener_plugin.py for tasks to queue
[2023-11-20T15:23:43.793+0300] {logging_mixin.py:154} INFO - [2023-11-20T15:23:43.792+0300] {dagbag.py:536} INFO - Filling up the DagBag from /home/user/Masaüstü/kafka/.env/lib/python3.8/site-packages/airflow/example_dags/plugins/listener_plugin.py
[2023-11-20T15:23:43.797+0300] {processor.py:841} WARNING - No viable dags retrieved from /home/user/Masaüstü/kafka/.env/lib/python3.8/site-packages/airflow/example_dags/plugins/listener_plugin.py
[2023-11-20T15:23:43.807+0300] {processor.py:179} INFO - Processing /home/user/Masaüstü/kafka/.env/lib/python3.8/site-packages/airflow/example_dags/plugins/listener_plugin.py took 0.031 seconds
[2023-11-20T15:24:17.743+0300] {processor.py:157} INFO - Started process (PID=37479) to work on /home/user/Masaüstü/kafka/.env/lib/python3.8/site-packages/airflow/example_dags/plugins/listener_plugin.py
[2023-11-20T15:24:17.746+0300] {processor.py:829} INFO - Processing file /home/user/Masaüstü/kafka/.env/lib/python3.8/site-packages/airflow/example_dags/plugins/listener_plugin.py for tasks to queue
[2023-11-20T15:24:17.748+0300] {logging_mixin.py:154} INFO - [2023-11-20T15:24:17.747+0300] {dagbag.py:536} INFO - Filling up the DagBag from /home/user/Masaüstü/kafka/.env/lib/python3.8/site-packages/airflow/example_dags/plugins/listener_plugin.py
[2023-11-20T15:24:17.753+0300] {processor.py:841} WARNING - No viable dags retrieved from /home/user/Masaüstü/kafka/.env/lib/python3.8/site-packages/airflow/example_dags/plugins/listener_plugin.py
[2023-11-20T15:24:17.770+0300] {processor.py:179} INFO - Processing /home/user/Masaüstü/kafka/.env/lib/python3.8/site-packages/airflow/example_dags/plugins/listener_plugin.py took 0.033 seconds
[2023-11-20T15:24:49.484+0300] {processor.py:157} INFO - Started process (PID=38234) to work on /home/user/Masaüstü/kafka/.env/lib/python3.8/site-packages/airflow/example_dags/plugins/listener_plugin.py
[2023-11-20T15:24:49.487+0300] {processor.py:829} INFO - Processing file /home/user/Masaüstü/kafka/.env/lib/python3.8/site-packages/airflow/example_dags/plugins/listener_plugin.py for tasks to queue
[2023-11-20T15:24:49.489+0300] {logging_mixin.py:154} INFO - [2023-11-20T15:24:49.488+0300] {dagbag.py:536} INFO - Filling up the DagBag from /home/user/Masaüstü/kafka/.env/lib/python3.8/site-packages/airflow/example_dags/plugins/listener_plugin.py
[2023-11-20T15:24:49.496+0300] {processor.py:841} WARNING - No viable dags retrieved from /home/user/Masaüstü/kafka/.env/lib/python3.8/site-packages/airflow/example_dags/plugins/listener_plugin.py
[2023-11-20T15:24:49.513+0300] {processor.py:179} INFO - Processing /home/user/Masaüstü/kafka/.env/lib/python3.8/site-packages/airflow/example_dags/plugins/listener_plugin.py took 0.037 seconds
[2023-11-20T15:27:10.868+0300] {processor.py:157} INFO - Started process (PID=4576) to work on /home/user/Masaüstü/kafka/.env/lib/python3.8/site-packages/airflow/example_dags/plugins/listener_plugin.py
[2023-11-20T15:27:10.870+0300] {processor.py:829} INFO - Processing file /home/user/Masaüstü/kafka/.env/lib/python3.8/site-packages/airflow/example_dags/plugins/listener_plugin.py for tasks to queue
[2023-11-20T15:27:10.870+0300] {logging_mixin.py:154} INFO - [2023-11-20T15:27:10.870+0300] {dagbag.py:536} INFO - Filling up the DagBag from /home/user/Masaüstü/kafka/.env/lib/python3.8/site-packages/airflow/example_dags/plugins/listener_plugin.py
[2023-11-20T15:27:10.873+0300] {processor.py:841} WARNING - No viable dags retrieved from /home/user/Masaüstü/kafka/.env/lib/python3.8/site-packages/airflow/example_dags/plugins/listener_plugin.py
[2023-11-20T15:27:10.880+0300] {processor.py:179} INFO - Processing /home/user/Masaüstü/kafka/.env/lib/python3.8/site-packages/airflow/example_dags/plugins/listener_plugin.py took 0.015 seconds
[2023-11-20T15:27:55.918+0300] {processor.py:157} INFO - Started process (PID=5147) to work on /home/user/Masaüstü/kafka/.env/lib/python3.8/site-packages/airflow/example_dags/plugins/listener_plugin.py
[2023-11-20T15:27:55.920+0300] {processor.py:829} INFO - Processing file /home/user/Masaüstü/kafka/.env/lib/python3.8/site-packages/airflow/example_dags/plugins/listener_plugin.py for tasks to queue
[2023-11-20T15:27:55.921+0300] {logging_mixin.py:154} INFO - [2023-11-20T15:27:55.921+0300] {dagbag.py:536} INFO - Filling up the DagBag from /home/user/Masaüstü/kafka/.env/lib/python3.8/site-packages/airflow/example_dags/plugins/listener_plugin.py
[2023-11-20T15:27:55.923+0300] {processor.py:841} WARNING - No viable dags retrieved from /home/user/Masaüstü/kafka/.env/lib/python3.8/site-packages/airflow/example_dags/plugins/listener_plugin.py
[2023-11-20T15:27:55.930+0300] {processor.py:179} INFO - Processing /home/user/Masaüstü/kafka/.env/lib/python3.8/site-packages/airflow/example_dags/plugins/listener_plugin.py took 0.015 seconds
[2023-11-20T15:28:27.027+0300] {processor.py:157} INFO - Started process (PID=5385) to work on /home/user/Masaüstü/kafka/.env/lib/python3.8/site-packages/airflow/example_dags/plugins/listener_plugin.py
[2023-11-20T15:28:27.028+0300] {processor.py:829} INFO - Processing file /home/user/Masaüstü/kafka/.env/lib/python3.8/site-packages/airflow/example_dags/plugins/listener_plugin.py for tasks to queue
[2023-11-20T15:28:27.029+0300] {logging_mixin.py:154} INFO - [2023-11-20T15:28:27.029+0300] {dagbag.py:536} INFO - Filling up the DagBag from /home/user/Masaüstü/kafka/.env/lib/python3.8/site-packages/airflow/example_dags/plugins/listener_plugin.py
[2023-11-20T15:28:27.031+0300] {processor.py:841} WARNING - No viable dags retrieved from /home/user/Masaüstü/kafka/.env/lib/python3.8/site-packages/airflow/example_dags/plugins/listener_plugin.py
[2023-11-20T15:28:27.037+0300] {processor.py:179} INFO - Processing /home/user/Masaüstü/kafka/.env/lib/python3.8/site-packages/airflow/example_dags/plugins/listener_plugin.py took 0.011 seconds
[2023-11-20T15:35:58.201+0300] {processor.py:157} INFO - Started process (PID=6732) to work on /home/user/Masaüstü/kafka/.env/lib/python3.8/site-packages/airflow/example_dags/plugins/listener_plugin.py
[2023-11-20T15:35:58.203+0300] {processor.py:829} INFO - Processing file /home/user/Masaüstü/kafka/.env/lib/python3.8/site-packages/airflow/example_dags/plugins/listener_plugin.py for tasks to queue
[2023-11-20T15:35:58.204+0300] {logging_mixin.py:154} INFO - [2023-11-20T15:35:58.204+0300] {dagbag.py:536} INFO - Filling up the DagBag from /home/user/Masaüstü/kafka/.env/lib/python3.8/site-packages/airflow/example_dags/plugins/listener_plugin.py
[2023-11-20T15:35:58.206+0300] {processor.py:841} WARNING - No viable dags retrieved from /home/user/Masaüstü/kafka/.env/lib/python3.8/site-packages/airflow/example_dags/plugins/listener_plugin.py
[2023-11-20T15:35:58.213+0300] {processor.py:179} INFO - Processing /home/user/Masaüstü/kafka/.env/lib/python3.8/site-packages/airflow/example_dags/plugins/listener_plugin.py took 0.014 seconds
