[2023-11-21T09:51:43.926+0300] {processor.py:156} INFO - Started process (PID=23819) to work on /home/user/Masaüstü/kafka/.env/lib/python3.8/site-packages/airflow/example_dags/example_branch_day_of_week_operator.py
[2023-11-21T09:51:43.927+0300] {processor.py:758} INFO - Processing file /home/user/Masaüstü/kafka/.env/lib/python3.8/site-packages/airflow/example_dags/example_branch_day_of_week_operator.py for tasks to queue
[2023-11-21T09:51:43.927+0300] {logging_mixin.py:117} INFO - [2023-11-21T09:51:43.927+0300] {dagbag.py:525} INFO - Filling up the DagBag from /home/user/Masaüstü/kafka/.env/lib/python3.8/site-packages/airflow/example_dags/example_branch_day_of_week_operator.py
[2023-11-21T09:51:43.945+0300] {processor.py:768} INFO - DAG(s) dict_keys(['example_weekday_branch_operator']) retrieved from /home/user/Masaüstü/kafka/.env/lib/python3.8/site-packages/airflow/example_dags/example_branch_day_of_week_operator.py
[2023-11-21T09:51:43.963+0300] {logging_mixin.py:117} INFO - [2023-11-21T09:51:43.963+0300] {dag.py:2573} INFO - Sync 1 DAGs
[2023-11-21T09:51:43.988+0300] {logging_mixin.py:117} INFO - [2023-11-21T09:51:43.988+0300] {dag.py:3324} INFO - Setting next_dagrun for example_weekday_branch_operator to 2023-11-20T00:00:00+00:00, run_after=2023-11-21T00:00:00+00:00
[2023-11-21T09:51:44.008+0300] {processor.py:178} INFO - Processing /home/user/Masaüstü/kafka/.env/lib/python3.8/site-packages/airflow/example_dags/example_branch_day_of_week_operator.py took 0.084 seconds
[2023-11-21T09:52:21.008+0300] {processor.py:156} INFO - Started process (PID=24118) to work on /home/user/Masaüstü/kafka/.env/lib/python3.8/site-packages/airflow/example_dags/example_branch_day_of_week_operator.py
[2023-11-21T09:52:21.010+0300] {processor.py:758} INFO - Processing file /home/user/Masaüstü/kafka/.env/lib/python3.8/site-packages/airflow/example_dags/example_branch_day_of_week_operator.py for tasks to queue
[2023-11-21T09:52:21.011+0300] {logging_mixin.py:117} INFO - [2023-11-21T09:52:21.011+0300] {dagbag.py:525} INFO - Filling up the DagBag from /home/user/Masaüstü/kafka/.env/lib/python3.8/site-packages/airflow/example_dags/example_branch_day_of_week_operator.py
[2023-11-21T09:52:21.042+0300] {processor.py:768} INFO - DAG(s) dict_keys(['example_weekday_branch_operator']) retrieved from /home/user/Masaüstü/kafka/.env/lib/python3.8/site-packages/airflow/example_dags/example_branch_day_of_week_operator.py
[2023-11-21T09:52:21.063+0300] {logging_mixin.py:117} INFO - [2023-11-21T09:52:21.063+0300] {dag.py:2573} INFO - Sync 1 DAGs
[2023-11-21T09:52:21.087+0300] {logging_mixin.py:117} INFO - [2023-11-21T09:52:21.087+0300] {dag.py:3324} INFO - Setting next_dagrun for example_weekday_branch_operator to 2023-11-20T00:00:00+00:00, run_after=2023-11-21T00:00:00+00:00
[2023-11-21T09:52:21.110+0300] {processor.py:178} INFO - Processing /home/user/Masaüstü/kafka/.env/lib/python3.8/site-packages/airflow/example_dags/example_branch_day_of_week_operator.py took 0.107 seconds
[2023-11-21T09:52:59.024+0300] {processor.py:156} INFO - Started process (PID=24533) to work on /home/user/Masaüstü/kafka/.env/lib/python3.8/site-packages/airflow/example_dags/example_branch_day_of_week_operator.py
[2023-11-21T09:52:59.027+0300] {processor.py:758} INFO - Processing file /home/user/Masaüstü/kafka/.env/lib/python3.8/site-packages/airflow/example_dags/example_branch_day_of_week_operator.py for tasks to queue
[2023-11-21T09:52:59.029+0300] {logging_mixin.py:117} INFO - [2023-11-21T09:52:59.029+0300] {dagbag.py:525} INFO - Filling up the DagBag from /home/user/Masaüstü/kafka/.env/lib/python3.8/site-packages/airflow/example_dags/example_branch_day_of_week_operator.py
[2023-11-21T09:52:59.057+0300] {processor.py:768} INFO - DAG(s) dict_keys(['example_weekday_branch_operator']) retrieved from /home/user/Masaüstü/kafka/.env/lib/python3.8/site-packages/airflow/example_dags/example_branch_day_of_week_operator.py
[2023-11-21T09:52:59.083+0300] {logging_mixin.py:117} INFO - [2023-11-21T09:52:59.083+0300] {dag.py:2573} INFO - Sync 1 DAGs
[2023-11-21T09:52:59.100+0300] {logging_mixin.py:117} INFO - [2023-11-21T09:52:59.100+0300] {dag.py:3324} INFO - Setting next_dagrun for example_weekday_branch_operator to 2023-11-20T00:00:00+00:00, run_after=2023-11-21T00:00:00+00:00
[2023-11-21T09:52:59.129+0300] {processor.py:178} INFO - Processing /home/user/Masaüstü/kafka/.env/lib/python3.8/site-packages/airflow/example_dags/example_branch_day_of_week_operator.py took 0.112 seconds
[2023-11-21T09:53:37.731+0300] {processor.py:156} INFO - Started process (PID=24790) to work on /home/user/Masaüstü/kafka/.env/lib/python3.8/site-packages/airflow/example_dags/example_branch_day_of_week_operator.py
[2023-11-21T09:53:37.733+0300] {processor.py:758} INFO - Processing file /home/user/Masaüstü/kafka/.env/lib/python3.8/site-packages/airflow/example_dags/example_branch_day_of_week_operator.py for tasks to queue
[2023-11-21T09:53:37.734+0300] {logging_mixin.py:117} INFO - [2023-11-21T09:53:37.733+0300] {dagbag.py:525} INFO - Filling up the DagBag from /home/user/Masaüstü/kafka/.env/lib/python3.8/site-packages/airflow/example_dags/example_branch_day_of_week_operator.py
[2023-11-21T09:53:37.754+0300] {processor.py:768} INFO - DAG(s) dict_keys(['example_weekday_branch_operator']) retrieved from /home/user/Masaüstü/kafka/.env/lib/python3.8/site-packages/airflow/example_dags/example_branch_day_of_week_operator.py
[2023-11-21T09:53:37.778+0300] {logging_mixin.py:117} INFO - [2023-11-21T09:53:37.778+0300] {dag.py:2573} INFO - Sync 1 DAGs
[2023-11-21T09:53:37.796+0300] {logging_mixin.py:117} INFO - [2023-11-21T09:53:37.796+0300] {dag.py:3324} INFO - Setting next_dagrun for example_weekday_branch_operator to 2023-11-20T00:00:00+00:00, run_after=2023-11-21T00:00:00+00:00
[2023-11-21T09:53:37.814+0300] {processor.py:178} INFO - Processing /home/user/Masaüstü/kafka/.env/lib/python3.8/site-packages/airflow/example_dags/example_branch_day_of_week_operator.py took 0.087 seconds
[2023-11-21T09:54:13.508+0300] {processor.py:156} INFO - Started process (PID=25012) to work on /home/user/Masaüstü/kafka/.env/lib/python3.8/site-packages/airflow/example_dags/example_branch_day_of_week_operator.py
[2023-11-21T09:54:13.510+0300] {processor.py:758} INFO - Processing file /home/user/Masaüstü/kafka/.env/lib/python3.8/site-packages/airflow/example_dags/example_branch_day_of_week_operator.py for tasks to queue
[2023-11-21T09:54:13.511+0300] {logging_mixin.py:117} INFO - [2023-11-21T09:54:13.511+0300] {dagbag.py:525} INFO - Filling up the DagBag from /home/user/Masaüstü/kafka/.env/lib/python3.8/site-packages/airflow/example_dags/example_branch_day_of_week_operator.py
[2023-11-21T09:54:13.529+0300] {processor.py:768} INFO - DAG(s) dict_keys(['example_weekday_branch_operator']) retrieved from /home/user/Masaüstü/kafka/.env/lib/python3.8/site-packages/airflow/example_dags/example_branch_day_of_week_operator.py
[2023-11-21T09:54:13.548+0300] {logging_mixin.py:117} INFO - [2023-11-21T09:54:13.548+0300] {dag.py:2573} INFO - Sync 1 DAGs
[2023-11-21T09:54:13.564+0300] {logging_mixin.py:117} INFO - [2023-11-21T09:54:13.564+0300] {dag.py:3324} INFO - Setting next_dagrun for example_weekday_branch_operator to 2023-11-20T00:00:00+00:00, run_after=2023-11-21T00:00:00+00:00
[2023-11-21T09:54:13.581+0300] {processor.py:178} INFO - Processing /home/user/Masaüstü/kafka/.env/lib/python3.8/site-packages/airflow/example_dags/example_branch_day_of_week_operator.py took 0.075 seconds
[2023-11-21T09:54:50.290+0300] {processor.py:156} INFO - Started process (PID=25236) to work on /home/user/Masaüstü/kafka/.env/lib/python3.8/site-packages/airflow/example_dags/example_branch_day_of_week_operator.py
[2023-11-21T09:54:50.291+0300] {processor.py:758} INFO - Processing file /home/user/Masaüstü/kafka/.env/lib/python3.8/site-packages/airflow/example_dags/example_branch_day_of_week_operator.py for tasks to queue
[2023-11-21T09:54:50.291+0300] {logging_mixin.py:117} INFO - [2023-11-21T09:54:50.291+0300] {dagbag.py:525} INFO - Filling up the DagBag from /home/user/Masaüstü/kafka/.env/lib/python3.8/site-packages/airflow/example_dags/example_branch_day_of_week_operator.py
[2023-11-21T09:54:50.303+0300] {processor.py:768} INFO - DAG(s) dict_keys(['example_weekday_branch_operator']) retrieved from /home/user/Masaüstü/kafka/.env/lib/python3.8/site-packages/airflow/example_dags/example_branch_day_of_week_operator.py
[2023-11-21T09:54:50.321+0300] {logging_mixin.py:117} INFO - [2023-11-21T09:54:50.320+0300] {dag.py:2573} INFO - Sync 1 DAGs
[2023-11-21T09:54:50.336+0300] {logging_mixin.py:117} INFO - [2023-11-21T09:54:50.336+0300] {dag.py:3324} INFO - Setting next_dagrun for example_weekday_branch_operator to 2023-11-20T00:00:00+00:00, run_after=2023-11-21T00:00:00+00:00
[2023-11-21T09:54:50.362+0300] {processor.py:178} INFO - Processing /home/user/Masaüstü/kafka/.env/lib/python3.8/site-packages/airflow/example_dags/example_branch_day_of_week_operator.py took 0.074 seconds
[2023-11-21T09:55:26.731+0300] {processor.py:156} INFO - Started process (PID=25534) to work on /home/user/Masaüstü/kafka/.env/lib/python3.8/site-packages/airflow/example_dags/example_branch_day_of_week_operator.py
[2023-11-21T09:55:26.733+0300] {processor.py:758} INFO - Processing file /home/user/Masaüstü/kafka/.env/lib/python3.8/site-packages/airflow/example_dags/example_branch_day_of_week_operator.py for tasks to queue
[2023-11-21T09:55:26.735+0300] {logging_mixin.py:117} INFO - [2023-11-21T09:55:26.734+0300] {dagbag.py:525} INFO - Filling up the DagBag from /home/user/Masaüstü/kafka/.env/lib/python3.8/site-packages/airflow/example_dags/example_branch_day_of_week_operator.py
[2023-11-21T09:55:26.770+0300] {processor.py:768} INFO - DAG(s) dict_keys(['example_weekday_branch_operator']) retrieved from /home/user/Masaüstü/kafka/.env/lib/python3.8/site-packages/airflow/example_dags/example_branch_day_of_week_operator.py
[2023-11-21T09:55:26.828+0300] {logging_mixin.py:117} INFO - [2023-11-21T09:55:26.828+0300] {dag.py:2573} INFO - Sync 1 DAGs
[2023-11-21T09:55:26.876+0300] {logging_mixin.py:117} INFO - [2023-11-21T09:55:26.875+0300] {dag.py:3324} INFO - Setting next_dagrun for example_weekday_branch_operator to 2023-11-20T00:00:00+00:00, run_after=2023-11-21T00:00:00+00:00
[2023-11-21T09:55:26.897+0300] {processor.py:178} INFO - Processing /home/user/Masaüstü/kafka/.env/lib/python3.8/site-packages/airflow/example_dags/example_branch_day_of_week_operator.py took 0.172 seconds
[2023-11-21T09:56:04.254+0300] {processor.py:156} INFO - Started process (PID=25780) to work on /home/user/Masaüstü/kafka/.env/lib/python3.8/site-packages/airflow/example_dags/example_branch_day_of_week_operator.py
[2023-11-21T09:56:04.255+0300] {processor.py:758} INFO - Processing file /home/user/Masaüstü/kafka/.env/lib/python3.8/site-packages/airflow/example_dags/example_branch_day_of_week_operator.py for tasks to queue
[2023-11-21T09:56:04.256+0300] {logging_mixin.py:117} INFO - [2023-11-21T09:56:04.256+0300] {dagbag.py:525} INFO - Filling up the DagBag from /home/user/Masaüstü/kafka/.env/lib/python3.8/site-packages/airflow/example_dags/example_branch_day_of_week_operator.py
[2023-11-21T09:56:04.271+0300] {processor.py:768} INFO - DAG(s) dict_keys(['example_weekday_branch_operator']) retrieved from /home/user/Masaüstü/kafka/.env/lib/python3.8/site-packages/airflow/example_dags/example_branch_day_of_week_operator.py
[2023-11-21T09:56:04.290+0300] {logging_mixin.py:117} INFO - [2023-11-21T09:56:04.289+0300] {dag.py:2573} INFO - Sync 1 DAGs
[2023-11-21T09:56:04.307+0300] {logging_mixin.py:117} INFO - [2023-11-21T09:56:04.307+0300] {dag.py:3324} INFO - Setting next_dagrun for example_weekday_branch_operator to 2023-11-20T00:00:00+00:00, run_after=2023-11-21T00:00:00+00:00
[2023-11-21T09:56:04.329+0300] {processor.py:178} INFO - Processing /home/user/Masaüstü/kafka/.env/lib/python3.8/site-packages/airflow/example_dags/example_branch_day_of_week_operator.py took 0.077 seconds
[2023-11-21T09:56:40.371+0300] {processor.py:156} INFO - Started process (PID=26041) to work on /home/user/Masaüstü/kafka/.env/lib/python3.8/site-packages/airflow/example_dags/example_branch_day_of_week_operator.py
[2023-11-21T09:56:40.374+0300] {processor.py:758} INFO - Processing file /home/user/Masaüstü/kafka/.env/lib/python3.8/site-packages/airflow/example_dags/example_branch_day_of_week_operator.py for tasks to queue
[2023-11-21T09:56:40.376+0300] {logging_mixin.py:117} INFO - [2023-11-21T09:56:40.375+0300] {dagbag.py:525} INFO - Filling up the DagBag from /home/user/Masaüstü/kafka/.env/lib/python3.8/site-packages/airflow/example_dags/example_branch_day_of_week_operator.py
[2023-11-21T09:56:40.400+0300] {processor.py:768} INFO - DAG(s) dict_keys(['example_weekday_branch_operator']) retrieved from /home/user/Masaüstü/kafka/.env/lib/python3.8/site-packages/airflow/example_dags/example_branch_day_of_week_operator.py
[2023-11-21T09:56:40.419+0300] {logging_mixin.py:117} INFO - [2023-11-21T09:56:40.419+0300] {dag.py:2573} INFO - Sync 1 DAGs
[2023-11-21T09:56:40.434+0300] {logging_mixin.py:117} INFO - [2023-11-21T09:56:40.434+0300] {dag.py:3324} INFO - Setting next_dagrun for example_weekday_branch_operator to 2023-11-20T00:00:00+00:00, run_after=2023-11-21T00:00:00+00:00
[2023-11-21T09:56:40.461+0300] {processor.py:178} INFO - Processing /home/user/Masaüstü/kafka/.env/lib/python3.8/site-packages/airflow/example_dags/example_branch_day_of_week_operator.py took 0.096 seconds
[2023-11-21T09:57:19.789+0300] {processor.py:156} INFO - Started process (PID=26280) to work on /home/user/Masaüstü/kafka/.env/lib/python3.8/site-packages/airflow/example_dags/example_branch_day_of_week_operator.py
[2023-11-21T09:57:19.792+0300] {processor.py:758} INFO - Processing file /home/user/Masaüstü/kafka/.env/lib/python3.8/site-packages/airflow/example_dags/example_branch_day_of_week_operator.py for tasks to queue
[2023-11-21T09:57:19.794+0300] {logging_mixin.py:117} INFO - [2023-11-21T09:57:19.794+0300] {dagbag.py:525} INFO - Filling up the DagBag from /home/user/Masaüstü/kafka/.env/lib/python3.8/site-packages/airflow/example_dags/example_branch_day_of_week_operator.py
[2023-11-21T09:57:19.817+0300] {processor.py:768} INFO - DAG(s) dict_keys(['example_weekday_branch_operator']) retrieved from /home/user/Masaüstü/kafka/.env/lib/python3.8/site-packages/airflow/example_dags/example_branch_day_of_week_operator.py
[2023-11-21T09:57:19.840+0300] {logging_mixin.py:117} INFO - [2023-11-21T09:57:19.839+0300] {dag.py:2573} INFO - Sync 1 DAGs
[2023-11-21T09:57:19.857+0300] {logging_mixin.py:117} INFO - [2023-11-21T09:57:19.857+0300] {dag.py:3324} INFO - Setting next_dagrun for example_weekday_branch_operator to 2023-11-20T00:00:00+00:00, run_after=2023-11-21T00:00:00+00:00
[2023-11-21T09:57:19.882+0300] {processor.py:178} INFO - Processing /home/user/Masaüstü/kafka/.env/lib/python3.8/site-packages/airflow/example_dags/example_branch_day_of_week_operator.py took 0.102 seconds
[2023-11-21T09:57:55.744+0300] {processor.py:156} INFO - Started process (PID=26513) to work on /home/user/Masaüstü/kafka/.env/lib/python3.8/site-packages/airflow/example_dags/example_branch_day_of_week_operator.py
[2023-11-21T09:57:55.746+0300] {processor.py:758} INFO - Processing file /home/user/Masaüstü/kafka/.env/lib/python3.8/site-packages/airflow/example_dags/example_branch_day_of_week_operator.py for tasks to queue
[2023-11-21T09:57:55.747+0300] {logging_mixin.py:117} INFO - [2023-11-21T09:57:55.747+0300] {dagbag.py:525} INFO - Filling up the DagBag from /home/user/Masaüstü/kafka/.env/lib/python3.8/site-packages/airflow/example_dags/example_branch_day_of_week_operator.py
[2023-11-21T09:57:55.761+0300] {processor.py:768} INFO - DAG(s) dict_keys(['example_weekday_branch_operator']) retrieved from /home/user/Masaüstü/kafka/.env/lib/python3.8/site-packages/airflow/example_dags/example_branch_day_of_week_operator.py
[2023-11-21T09:57:55.780+0300] {logging_mixin.py:117} INFO - [2023-11-21T09:57:55.780+0300] {dag.py:2573} INFO - Sync 1 DAGs
[2023-11-21T09:57:55.796+0300] {logging_mixin.py:117} INFO - [2023-11-21T09:57:55.796+0300] {dag.py:3324} INFO - Setting next_dagrun for example_weekday_branch_operator to 2023-11-20T00:00:00+00:00, run_after=2023-11-21T00:00:00+00:00
[2023-11-21T09:57:55.823+0300] {processor.py:178} INFO - Processing /home/user/Masaüstü/kafka/.env/lib/python3.8/site-packages/airflow/example_dags/example_branch_day_of_week_operator.py took 0.081 seconds
[2023-11-21T09:58:32.473+0300] {processor.py:156} INFO - Started process (PID=27067) to work on /home/user/Masaüstü/kafka/.env/lib/python3.8/site-packages/airflow/example_dags/example_branch_day_of_week_operator.py
[2023-11-21T09:58:32.474+0300] {processor.py:758} INFO - Processing file /home/user/Masaüstü/kafka/.env/lib/python3.8/site-packages/airflow/example_dags/example_branch_day_of_week_operator.py for tasks to queue
[2023-11-21T09:58:32.475+0300] {logging_mixin.py:117} INFO - [2023-11-21T09:58:32.475+0300] {dagbag.py:525} INFO - Filling up the DagBag from /home/user/Masaüstü/kafka/.env/lib/python3.8/site-packages/airflow/example_dags/example_branch_day_of_week_operator.py
[2023-11-21T09:58:32.494+0300] {processor.py:768} INFO - DAG(s) dict_keys(['example_weekday_branch_operator']) retrieved from /home/user/Masaüstü/kafka/.env/lib/python3.8/site-packages/airflow/example_dags/example_branch_day_of_week_operator.py
[2023-11-21T09:58:32.532+0300] {logging_mixin.py:117} INFO - [2023-11-21T09:58:32.531+0300] {dag.py:2573} INFO - Sync 1 DAGs
[2023-11-21T09:58:32.567+0300] {logging_mixin.py:117} INFO - [2023-11-21T09:58:32.566+0300] {dag.py:3324} INFO - Setting next_dagrun for example_weekday_branch_operator to 2023-11-20T00:00:00+00:00, run_after=2023-11-21T00:00:00+00:00
[2023-11-21T09:58:32.606+0300] {processor.py:178} INFO - Processing /home/user/Masaüstü/kafka/.env/lib/python3.8/site-packages/airflow/example_dags/example_branch_day_of_week_operator.py took 0.136 seconds
[2023-11-21T09:59:10.217+0300] {processor.py:156} INFO - Started process (PID=27358) to work on /home/user/Masaüstü/kafka/.env/lib/python3.8/site-packages/airflow/example_dags/example_branch_day_of_week_operator.py
[2023-11-21T09:59:10.219+0300] {processor.py:758} INFO - Processing file /home/user/Masaüstü/kafka/.env/lib/python3.8/site-packages/airflow/example_dags/example_branch_day_of_week_operator.py for tasks to queue
[2023-11-21T09:59:10.219+0300] {logging_mixin.py:117} INFO - [2023-11-21T09:59:10.219+0300] {dagbag.py:525} INFO - Filling up the DagBag from /home/user/Masaüstü/kafka/.env/lib/python3.8/site-packages/airflow/example_dags/example_branch_day_of_week_operator.py
[2023-11-21T09:59:10.231+0300] {processor.py:768} INFO - DAG(s) dict_keys(['example_weekday_branch_operator']) retrieved from /home/user/Masaüstü/kafka/.env/lib/python3.8/site-packages/airflow/example_dags/example_branch_day_of_week_operator.py
[2023-11-21T09:59:10.249+0300] {logging_mixin.py:117} INFO - [2023-11-21T09:59:10.249+0300] {dag.py:2573} INFO - Sync 1 DAGs
[2023-11-21T09:59:10.264+0300] {logging_mixin.py:117} INFO - [2023-11-21T09:59:10.264+0300] {dag.py:3324} INFO - Setting next_dagrun for example_weekday_branch_operator to 2023-11-20T00:00:00+00:00, run_after=2023-11-21T00:00:00+00:00
[2023-11-21T09:59:10.281+0300] {processor.py:178} INFO - Processing /home/user/Masaüstü/kafka/.env/lib/python3.8/site-packages/airflow/example_dags/example_branch_day_of_week_operator.py took 0.066 seconds
[2023-11-21T09:59:45.807+0300] {processor.py:156} INFO - Started process (PID=27582) to work on /home/user/Masaüstü/kafka/.env/lib/python3.8/site-packages/airflow/example_dags/example_branch_day_of_week_operator.py
[2023-11-21T09:59:45.810+0300] {processor.py:758} INFO - Processing file /home/user/Masaüstü/kafka/.env/lib/python3.8/site-packages/airflow/example_dags/example_branch_day_of_week_operator.py for tasks to queue
[2023-11-21T09:59:45.810+0300] {logging_mixin.py:117} INFO - [2023-11-21T09:59:45.810+0300] {dagbag.py:525} INFO - Filling up the DagBag from /home/user/Masaüstü/kafka/.env/lib/python3.8/site-packages/airflow/example_dags/example_branch_day_of_week_operator.py
[2023-11-21T09:59:45.827+0300] {processor.py:768} INFO - DAG(s) dict_keys(['example_weekday_branch_operator']) retrieved from /home/user/Masaüstü/kafka/.env/lib/python3.8/site-packages/airflow/example_dags/example_branch_day_of_week_operator.py
[2023-11-21T09:59:45.849+0300] {logging_mixin.py:117} INFO - [2023-11-21T09:59:45.849+0300] {dag.py:2573} INFO - Sync 1 DAGs
[2023-11-21T09:59:45.864+0300] {logging_mixin.py:117} INFO - [2023-11-21T09:59:45.864+0300] {dag.py:3324} INFO - Setting next_dagrun for example_weekday_branch_operator to 2023-11-20T00:00:00+00:00, run_after=2023-11-21T00:00:00+00:00
[2023-11-21T09:59:45.882+0300] {processor.py:178} INFO - Processing /home/user/Masaüstü/kafka/.env/lib/python3.8/site-packages/airflow/example_dags/example_branch_day_of_week_operator.py took 0.077 seconds
[2023-11-21T10:00:20.978+0300] {processor.py:156} INFO - Started process (PID=27799) to work on /home/user/Masaüstü/kafka/.env/lib/python3.8/site-packages/airflow/example_dags/example_branch_day_of_week_operator.py
[2023-11-21T10:00:20.981+0300] {processor.py:758} INFO - Processing file /home/user/Masaüstü/kafka/.env/lib/python3.8/site-packages/airflow/example_dags/example_branch_day_of_week_operator.py for tasks to queue
[2023-11-21T10:00:20.983+0300] {logging_mixin.py:117} INFO - [2023-11-21T10:00:20.983+0300] {dagbag.py:525} INFO - Filling up the DagBag from /home/user/Masaüstü/kafka/.env/lib/python3.8/site-packages/airflow/example_dags/example_branch_day_of_week_operator.py
[2023-11-21T10:00:21.007+0300] {processor.py:768} INFO - DAG(s) dict_keys(['example_weekday_branch_operator']) retrieved from /home/user/Masaüstü/kafka/.env/lib/python3.8/site-packages/airflow/example_dags/example_branch_day_of_week_operator.py
[2023-11-21T10:00:21.025+0300] {logging_mixin.py:117} INFO - [2023-11-21T10:00:21.025+0300] {dag.py:2573} INFO - Sync 1 DAGs
[2023-11-21T10:00:21.041+0300] {logging_mixin.py:117} INFO - [2023-11-21T10:00:21.040+0300] {dag.py:3324} INFO - Setting next_dagrun for example_weekday_branch_operator to 2023-11-20T00:00:00+00:00, run_after=2023-11-21T00:00:00+00:00
[2023-11-21T10:00:21.058+0300] {processor.py:178} INFO - Processing /home/user/Masaüstü/kafka/.env/lib/python3.8/site-packages/airflow/example_dags/example_branch_day_of_week_operator.py took 0.087 seconds
[2023-11-21T10:00:57.062+0300] {processor.py:156} INFO - Started process (PID=28019) to work on /home/user/Masaüstü/kafka/.env/lib/python3.8/site-packages/airflow/example_dags/example_branch_day_of_week_operator.py
[2023-11-21T10:00:57.066+0300] {processor.py:758} INFO - Processing file /home/user/Masaüstü/kafka/.env/lib/python3.8/site-packages/airflow/example_dags/example_branch_day_of_week_operator.py for tasks to queue
[2023-11-21T10:00:57.068+0300] {logging_mixin.py:117} INFO - [2023-11-21T10:00:57.068+0300] {dagbag.py:525} INFO - Filling up the DagBag from /home/user/Masaüstü/kafka/.env/lib/python3.8/site-packages/airflow/example_dags/example_branch_day_of_week_operator.py
[2023-11-21T10:00:57.103+0300] {processor.py:768} INFO - DAG(s) dict_keys(['example_weekday_branch_operator']) retrieved from /home/user/Masaüstü/kafka/.env/lib/python3.8/site-packages/airflow/example_dags/example_branch_day_of_week_operator.py
[2023-11-21T10:00:57.125+0300] {logging_mixin.py:117} INFO - [2023-11-21T10:00:57.124+0300] {dag.py:2573} INFO - Sync 1 DAGs
[2023-11-21T10:00:57.144+0300] {logging_mixin.py:117} INFO - [2023-11-21T10:00:57.144+0300] {dag.py:3324} INFO - Setting next_dagrun for example_weekday_branch_operator to 2023-11-20T00:00:00+00:00, run_after=2023-11-21T00:00:00+00:00
[2023-11-21T10:00:57.174+0300] {processor.py:178} INFO - Processing /home/user/Masaüstü/kafka/.env/lib/python3.8/site-packages/airflow/example_dags/example_branch_day_of_week_operator.py took 0.119 seconds
[2023-11-21T10:01:32.229+0300] {processor.py:156} INFO - Started process (PID=28290) to work on /home/user/Masaüstü/kafka/.env/lib/python3.8/site-packages/airflow/example_dags/example_branch_day_of_week_operator.py
[2023-11-21T10:01:32.231+0300] {processor.py:758} INFO - Processing file /home/user/Masaüstü/kafka/.env/lib/python3.8/site-packages/airflow/example_dags/example_branch_day_of_week_operator.py for tasks to queue
[2023-11-21T10:01:32.232+0300] {logging_mixin.py:117} INFO - [2023-11-21T10:01:32.232+0300] {dagbag.py:525} INFO - Filling up the DagBag from /home/user/Masaüstü/kafka/.env/lib/python3.8/site-packages/airflow/example_dags/example_branch_day_of_week_operator.py
[2023-11-21T10:01:32.244+0300] {processor.py:768} INFO - DAG(s) dict_keys(['example_weekday_branch_operator']) retrieved from /home/user/Masaüstü/kafka/.env/lib/python3.8/site-packages/airflow/example_dags/example_branch_day_of_week_operator.py
[2023-11-21T10:01:32.263+0300] {logging_mixin.py:117} INFO - [2023-11-21T10:01:32.263+0300] {dag.py:2573} INFO - Sync 1 DAGs
[2023-11-21T10:01:32.279+0300] {logging_mixin.py:117} INFO - [2023-11-21T10:01:32.279+0300] {dag.py:3324} INFO - Setting next_dagrun for example_weekday_branch_operator to 2023-11-20T00:00:00+00:00, run_after=2023-11-21T00:00:00+00:00
[2023-11-21T10:01:32.296+0300] {processor.py:178} INFO - Processing /home/user/Masaüstü/kafka/.env/lib/python3.8/site-packages/airflow/example_dags/example_branch_day_of_week_operator.py took 0.068 seconds
[2023-11-21T10:02:08.531+0300] {processor.py:156} INFO - Started process (PID=28526) to work on /home/user/Masaüstü/kafka/.env/lib/python3.8/site-packages/airflow/example_dags/example_branch_day_of_week_operator.py
[2023-11-21T10:02:08.532+0300] {processor.py:758} INFO - Processing file /home/user/Masaüstü/kafka/.env/lib/python3.8/site-packages/airflow/example_dags/example_branch_day_of_week_operator.py for tasks to queue
[2023-11-21T10:02:08.533+0300] {logging_mixin.py:117} INFO - [2023-11-21T10:02:08.533+0300] {dagbag.py:525} INFO - Filling up the DagBag from /home/user/Masaüstü/kafka/.env/lib/python3.8/site-packages/airflow/example_dags/example_branch_day_of_week_operator.py
[2023-11-21T10:02:08.544+0300] {processor.py:768} INFO - DAG(s) dict_keys(['example_weekday_branch_operator']) retrieved from /home/user/Masaüstü/kafka/.env/lib/python3.8/site-packages/airflow/example_dags/example_branch_day_of_week_operator.py
[2023-11-21T10:02:08.562+0300] {logging_mixin.py:117} INFO - [2023-11-21T10:02:08.562+0300] {dag.py:2573} INFO - Sync 1 DAGs
[2023-11-21T10:02:08.577+0300] {logging_mixin.py:117} INFO - [2023-11-21T10:02:08.577+0300] {dag.py:3324} INFO - Setting next_dagrun for example_weekday_branch_operator to 2023-11-20T00:00:00+00:00, run_after=2023-11-21T00:00:00+00:00
[2023-11-21T10:02:08.603+0300] {processor.py:178} INFO - Processing /home/user/Masaüstü/kafka/.env/lib/python3.8/site-packages/airflow/example_dags/example_branch_day_of_week_operator.py took 0.074 seconds
[2023-11-21T10:02:44.642+0300] {processor.py:156} INFO - Started process (PID=28739) to work on /home/user/Masaüstü/kafka/.env/lib/python3.8/site-packages/airflow/example_dags/example_branch_day_of_week_operator.py
[2023-11-21T10:02:44.644+0300] {processor.py:758} INFO - Processing file /home/user/Masaüstü/kafka/.env/lib/python3.8/site-packages/airflow/example_dags/example_branch_day_of_week_operator.py for tasks to queue
[2023-11-21T10:02:44.644+0300] {logging_mixin.py:117} INFO - [2023-11-21T10:02:44.644+0300] {dagbag.py:525} INFO - Filling up the DagBag from /home/user/Masaüstü/kafka/.env/lib/python3.8/site-packages/airflow/example_dags/example_branch_day_of_week_operator.py
[2023-11-21T10:02:44.656+0300] {processor.py:768} INFO - DAG(s) dict_keys(['example_weekday_branch_operator']) retrieved from /home/user/Masaüstü/kafka/.env/lib/python3.8/site-packages/airflow/example_dags/example_branch_day_of_week_operator.py
[2023-11-21T10:02:44.674+0300] {logging_mixin.py:117} INFO - [2023-11-21T10:02:44.674+0300] {dag.py:2573} INFO - Sync 1 DAGs
[2023-11-21T10:02:44.689+0300] {logging_mixin.py:117} INFO - [2023-11-21T10:02:44.689+0300] {dag.py:3324} INFO - Setting next_dagrun for example_weekday_branch_operator to 2023-11-20T00:00:00+00:00, run_after=2023-11-21T00:00:00+00:00
[2023-11-21T10:02:44.706+0300] {processor.py:178} INFO - Processing /home/user/Masaüstü/kafka/.env/lib/python3.8/site-packages/airflow/example_dags/example_branch_day_of_week_operator.py took 0.065 seconds
[2023-11-21T10:05:13.125+0300] {processor.py:156} INFO - Started process (PID=30097) to work on /home/user/Masaüstü/kafka/.env/lib/python3.8/site-packages/airflow/example_dags/example_branch_day_of_week_operator.py
[2023-11-21T10:05:13.127+0300] {processor.py:758} INFO - Processing file /home/user/Masaüstü/kafka/.env/lib/python3.8/site-packages/airflow/example_dags/example_branch_day_of_week_operator.py for tasks to queue
[2023-11-21T10:05:13.128+0300] {logging_mixin.py:117} INFO - [2023-11-21T10:05:13.128+0300] {dagbag.py:525} INFO - Filling up the DagBag from /home/user/Masaüstü/kafka/.env/lib/python3.8/site-packages/airflow/example_dags/example_branch_day_of_week_operator.py
[2023-11-21T10:05:13.151+0300] {processor.py:768} INFO - DAG(s) dict_keys(['example_weekday_branch_operator']) retrieved from /home/user/Masaüstü/kafka/.env/lib/python3.8/site-packages/airflow/example_dags/example_branch_day_of_week_operator.py
[2023-11-21T10:05:13.167+0300] {logging_mixin.py:117} INFO - [2023-11-21T10:05:13.167+0300] {dag.py:2573} INFO - Sync 1 DAGs
[2023-11-21T10:05:13.191+0300] {logging_mixin.py:117} INFO - [2023-11-21T10:05:13.191+0300] {dag.py:3324} INFO - Setting next_dagrun for example_weekday_branch_operator to 2023-11-20T00:00:00+00:00, run_after=2023-11-21T00:00:00+00:00
[2023-11-21T10:05:13.217+0300] {processor.py:178} INFO - Processing /home/user/Masaüstü/kafka/.env/lib/python3.8/site-packages/airflow/example_dags/example_branch_day_of_week_operator.py took 0.095 seconds
[2023-11-21T10:05:53.090+0300] {processor.py:156} INFO - Started process (PID=30470) to work on /home/user/Masaüstü/kafka/.env/lib/python3.8/site-packages/airflow/example_dags/example_branch_day_of_week_operator.py
[2023-11-21T10:05:53.091+0300] {processor.py:758} INFO - Processing file /home/user/Masaüstü/kafka/.env/lib/python3.8/site-packages/airflow/example_dags/example_branch_day_of_week_operator.py for tasks to queue
[2023-11-21T10:05:53.092+0300] {logging_mixin.py:117} INFO - [2023-11-21T10:05:53.092+0300] {dagbag.py:525} INFO - Filling up the DagBag from /home/user/Masaüstü/kafka/.env/lib/python3.8/site-packages/airflow/example_dags/example_branch_day_of_week_operator.py
[2023-11-21T10:05:53.109+0300] {processor.py:768} INFO - DAG(s) dict_keys(['example_weekday_branch_operator']) retrieved from /home/user/Masaüstü/kafka/.env/lib/python3.8/site-packages/airflow/example_dags/example_branch_day_of_week_operator.py
[2023-11-21T10:05:53.127+0300] {logging_mixin.py:117} INFO - [2023-11-21T10:05:53.127+0300] {dag.py:2573} INFO - Sync 1 DAGs
[2023-11-21T10:05:53.142+0300] {logging_mixin.py:117} INFO - [2023-11-21T10:05:53.142+0300] {dag.py:3324} INFO - Setting next_dagrun for example_weekday_branch_operator to 2023-11-20T00:00:00+00:00, run_after=2023-11-21T00:00:00+00:00
[2023-11-21T10:05:53.169+0300] {processor.py:178} INFO - Processing /home/user/Masaüstü/kafka/.env/lib/python3.8/site-packages/airflow/example_dags/example_branch_day_of_week_operator.py took 0.081 seconds
[2023-11-21T10:06:30.937+0300] {processor.py:156} INFO - Started process (PID=30702) to work on /home/user/Masaüstü/kafka/.env/lib/python3.8/site-packages/airflow/example_dags/example_branch_day_of_week_operator.py
[2023-11-21T10:06:30.938+0300] {processor.py:758} INFO - Processing file /home/user/Masaüstü/kafka/.env/lib/python3.8/site-packages/airflow/example_dags/example_branch_day_of_week_operator.py for tasks to queue
[2023-11-21T10:06:30.939+0300] {logging_mixin.py:117} INFO - [2023-11-21T10:06:30.939+0300] {dagbag.py:525} INFO - Filling up the DagBag from /home/user/Masaüstü/kafka/.env/lib/python3.8/site-packages/airflow/example_dags/example_branch_day_of_week_operator.py
[2023-11-21T10:06:30.958+0300] {processor.py:768} INFO - DAG(s) dict_keys(['example_weekday_branch_operator']) retrieved from /home/user/Masaüstü/kafka/.env/lib/python3.8/site-packages/airflow/example_dags/example_branch_day_of_week_operator.py
[2023-11-21T10:06:30.985+0300] {logging_mixin.py:117} INFO - [2023-11-21T10:06:30.984+0300] {dag.py:2573} INFO - Sync 1 DAGs
[2023-11-21T10:06:31.001+0300] {logging_mixin.py:117} INFO - [2023-11-21T10:06:31.001+0300] {dag.py:3324} INFO - Setting next_dagrun for example_weekday_branch_operator to 2023-11-20T00:00:00+00:00, run_after=2023-11-21T00:00:00+00:00
[2023-11-21T10:06:31.024+0300] {processor.py:178} INFO - Processing /home/user/Masaüstü/kafka/.env/lib/python3.8/site-packages/airflow/example_dags/example_branch_day_of_week_operator.py took 0.089 seconds
[2023-11-21T10:07:07.941+0300] {processor.py:156} INFO - Started process (PID=30962) to work on /home/user/Masaüstü/kafka/.env/lib/python3.8/site-packages/airflow/example_dags/example_branch_day_of_week_operator.py
[2023-11-21T10:07:07.941+0300] {processor.py:758} INFO - Processing file /home/user/Masaüstü/kafka/.env/lib/python3.8/site-packages/airflow/example_dags/example_branch_day_of_week_operator.py for tasks to queue
[2023-11-21T10:07:07.942+0300] {logging_mixin.py:117} INFO - [2023-11-21T10:07:07.942+0300] {dagbag.py:525} INFO - Filling up the DagBag from /home/user/Masaüstü/kafka/.env/lib/python3.8/site-packages/airflow/example_dags/example_branch_day_of_week_operator.py
[2023-11-21T10:07:07.953+0300] {processor.py:768} INFO - DAG(s) dict_keys(['example_weekday_branch_operator']) retrieved from /home/user/Masaüstü/kafka/.env/lib/python3.8/site-packages/airflow/example_dags/example_branch_day_of_week_operator.py
[2023-11-21T10:07:07.970+0300] {logging_mixin.py:117} INFO - [2023-11-21T10:07:07.970+0300] {dag.py:2573} INFO - Sync 1 DAGs
[2023-11-21T10:07:07.986+0300] {logging_mixin.py:117} INFO - [2023-11-21T10:07:07.985+0300] {dag.py:3324} INFO - Setting next_dagrun for example_weekday_branch_operator to 2023-11-20T00:00:00+00:00, run_after=2023-11-21T00:00:00+00:00
[2023-11-21T10:07:08.002+0300] {processor.py:178} INFO - Processing /home/user/Masaüstü/kafka/.env/lib/python3.8/site-packages/airflow/example_dags/example_branch_day_of_week_operator.py took 0.063 seconds
[2023-11-21T10:07:46.657+0300] {processor.py:156} INFO - Started process (PID=31196) to work on /home/user/Masaüstü/kafka/.env/lib/python3.8/site-packages/airflow/example_dags/example_branch_day_of_week_operator.py
[2023-11-21T10:07:46.659+0300] {processor.py:758} INFO - Processing file /home/user/Masaüstü/kafka/.env/lib/python3.8/site-packages/airflow/example_dags/example_branch_day_of_week_operator.py for tasks to queue
[2023-11-21T10:07:46.659+0300] {logging_mixin.py:117} INFO - [2023-11-21T10:07:46.659+0300] {dagbag.py:525} INFO - Filling up the DagBag from /home/user/Masaüstü/kafka/.env/lib/python3.8/site-packages/airflow/example_dags/example_branch_day_of_week_operator.py
[2023-11-21T10:07:46.672+0300] {processor.py:768} INFO - DAG(s) dict_keys(['example_weekday_branch_operator']) retrieved from /home/user/Masaüstü/kafka/.env/lib/python3.8/site-packages/airflow/example_dags/example_branch_day_of_week_operator.py
[2023-11-21T10:07:46.690+0300] {logging_mixin.py:117} INFO - [2023-11-21T10:07:46.689+0300] {dag.py:2573} INFO - Sync 1 DAGs
[2023-11-21T10:07:46.706+0300] {logging_mixin.py:117} INFO - [2023-11-21T10:07:46.705+0300] {dag.py:3324} INFO - Setting next_dagrun for example_weekday_branch_operator to 2023-11-20T00:00:00+00:00, run_after=2023-11-21T00:00:00+00:00
[2023-11-21T10:07:46.723+0300] {processor.py:178} INFO - Processing /home/user/Masaüstü/kafka/.env/lib/python3.8/site-packages/airflow/example_dags/example_branch_day_of_week_operator.py took 0.068 seconds
[2023-11-21T10:08:24.422+0300] {processor.py:156} INFO - Started process (PID=31450) to work on /home/user/Masaüstü/kafka/.env/lib/python3.8/site-packages/airflow/example_dags/example_branch_day_of_week_operator.py
[2023-11-21T10:08:24.425+0300] {processor.py:758} INFO - Processing file /home/user/Masaüstü/kafka/.env/lib/python3.8/site-packages/airflow/example_dags/example_branch_day_of_week_operator.py for tasks to queue
[2023-11-21T10:08:24.427+0300] {logging_mixin.py:117} INFO - [2023-11-21T10:08:24.427+0300] {dagbag.py:525} INFO - Filling up the DagBag from /home/user/Masaüstü/kafka/.env/lib/python3.8/site-packages/airflow/example_dags/example_branch_day_of_week_operator.py
[2023-11-21T10:08:24.456+0300] {processor.py:768} INFO - DAG(s) dict_keys(['example_weekday_branch_operator']) retrieved from /home/user/Masaüstü/kafka/.env/lib/python3.8/site-packages/airflow/example_dags/example_branch_day_of_week_operator.py
[2023-11-21T10:08:24.476+0300] {logging_mixin.py:117} INFO - [2023-11-21T10:08:24.476+0300] {dag.py:2573} INFO - Sync 1 DAGs
[2023-11-21T10:08:24.491+0300] {logging_mixin.py:117} INFO - [2023-11-21T10:08:24.491+0300] {dag.py:3324} INFO - Setting next_dagrun for example_weekday_branch_operator to 2023-11-20T00:00:00+00:00, run_after=2023-11-21T00:00:00+00:00
[2023-11-21T10:08:24.508+0300] {processor.py:178} INFO - Processing /home/user/Masaüstü/kafka/.env/lib/python3.8/site-packages/airflow/example_dags/example_branch_day_of_week_operator.py took 0.092 seconds
[2023-11-21T10:09:02.280+0300] {processor.py:156} INFO - Started process (PID=31689) to work on /home/user/Masaüstü/kafka/.env/lib/python3.8/site-packages/airflow/example_dags/example_branch_day_of_week_operator.py
[2023-11-21T10:09:02.284+0300] {processor.py:758} INFO - Processing file /home/user/Masaüstü/kafka/.env/lib/python3.8/site-packages/airflow/example_dags/example_branch_day_of_week_operator.py for tasks to queue
[2023-11-21T10:09:02.285+0300] {logging_mixin.py:117} INFO - [2023-11-21T10:09:02.285+0300] {dagbag.py:525} INFO - Filling up the DagBag from /home/user/Masaüstü/kafka/.env/lib/python3.8/site-packages/airflow/example_dags/example_branch_day_of_week_operator.py
[2023-11-21T10:09:02.315+0300] {processor.py:768} INFO - DAG(s) dict_keys(['example_weekday_branch_operator']) retrieved from /home/user/Masaüstü/kafka/.env/lib/python3.8/site-packages/airflow/example_dags/example_branch_day_of_week_operator.py
[2023-11-21T10:09:02.333+0300] {logging_mixin.py:117} INFO - [2023-11-21T10:09:02.333+0300] {dag.py:2573} INFO - Sync 1 DAGs
[2023-11-21T10:09:02.350+0300] {logging_mixin.py:117} INFO - [2023-11-21T10:09:02.349+0300] {dag.py:3324} INFO - Setting next_dagrun for example_weekday_branch_operator to 2023-11-20T00:00:00+00:00, run_after=2023-11-21T00:00:00+00:00
[2023-11-21T10:09:02.370+0300] {processor.py:178} INFO - Processing /home/user/Masaüstü/kafka/.env/lib/python3.8/site-packages/airflow/example_dags/example_branch_day_of_week_operator.py took 0.096 seconds
[2023-11-21T10:09:45.598+0300] {processor.py:156} INFO - Started process (PID=32265) to work on /home/user/Masaüstü/kafka/.env/lib/python3.8/site-packages/airflow/example_dags/example_branch_day_of_week_operator.py
[2023-11-21T10:09:45.608+0300] {processor.py:758} INFO - Processing file /home/user/Masaüstü/kafka/.env/lib/python3.8/site-packages/airflow/example_dags/example_branch_day_of_week_operator.py for tasks to queue
[2023-11-21T10:09:45.613+0300] {logging_mixin.py:117} INFO - [2023-11-21T10:09:45.612+0300] {dagbag.py:525} INFO - Filling up the DagBag from /home/user/Masaüstü/kafka/.env/lib/python3.8/site-packages/airflow/example_dags/example_branch_day_of_week_operator.py
[2023-11-21T10:09:45.690+0300] {processor.py:768} INFO - DAG(s) dict_keys(['example_weekday_branch_operator']) retrieved from /home/user/Masaüstü/kafka/.env/lib/python3.8/site-packages/airflow/example_dags/example_branch_day_of_week_operator.py
[2023-11-21T10:09:45.822+0300] {logging_mixin.py:117} INFO - [2023-11-21T10:09:45.820+0300] {dag.py:2573} INFO - Sync 1 DAGs
[2023-11-21T10:09:45.934+0300] {logging_mixin.py:117} INFO - [2023-11-21T10:09:45.932+0300] {dag.py:3324} INFO - Setting next_dagrun for example_weekday_branch_operator to 2023-11-20T00:00:00+00:00, run_after=2023-11-21T00:00:00+00:00
[2023-11-21T10:09:46.037+0300] {processor.py:178} INFO - Processing /home/user/Masaüstü/kafka/.env/lib/python3.8/site-packages/airflow/example_dags/example_branch_day_of_week_operator.py took 0.447 seconds
[2023-11-21T10:10:36.447+0300] {processor.py:156} INFO - Started process (PID=33056) to work on /home/user/Masaüstü/kafka/.env/lib/python3.8/site-packages/airflow/example_dags/example_branch_day_of_week_operator.py
[2023-11-21T10:10:36.450+0300] {processor.py:758} INFO - Processing file /home/user/Masaüstü/kafka/.env/lib/python3.8/site-packages/airflow/example_dags/example_branch_day_of_week_operator.py for tasks to queue
[2023-11-21T10:10:36.452+0300] {logging_mixin.py:117} INFO - [2023-11-21T10:10:36.451+0300] {dagbag.py:525} INFO - Filling up the DagBag from /home/user/Masaüstü/kafka/.env/lib/python3.8/site-packages/airflow/example_dags/example_branch_day_of_week_operator.py
[2023-11-21T10:10:36.492+0300] {processor.py:768} INFO - DAG(s) dict_keys(['example_weekday_branch_operator']) retrieved from /home/user/Masaüstü/kafka/.env/lib/python3.8/site-packages/airflow/example_dags/example_branch_day_of_week_operator.py
[2023-11-21T10:10:36.539+0300] {logging_mixin.py:117} INFO - [2023-11-21T10:10:36.539+0300] {dag.py:2573} INFO - Sync 1 DAGs
[2023-11-21T10:10:36.571+0300] {logging_mixin.py:117} INFO - [2023-11-21T10:10:36.571+0300] {dag.py:3324} INFO - Setting next_dagrun for example_weekday_branch_operator to 2023-11-20T00:00:00+00:00, run_after=2023-11-21T00:00:00+00:00
[2023-11-21T10:10:36.638+0300] {processor.py:178} INFO - Processing /home/user/Masaüstü/kafka/.env/lib/python3.8/site-packages/airflow/example_dags/example_branch_day_of_week_operator.py took 0.197 seconds
[2023-11-21T10:11:14.103+0300] {processor.py:156} INFO - Started process (PID=33375) to work on /home/user/Masaüstü/kafka/.env/lib/python3.8/site-packages/airflow/example_dags/example_branch_day_of_week_operator.py
[2023-11-21T10:11:14.104+0300] {processor.py:758} INFO - Processing file /home/user/Masaüstü/kafka/.env/lib/python3.8/site-packages/airflow/example_dags/example_branch_day_of_week_operator.py for tasks to queue
[2023-11-21T10:11:14.105+0300] {logging_mixin.py:117} INFO - [2023-11-21T10:11:14.105+0300] {dagbag.py:525} INFO - Filling up the DagBag from /home/user/Masaüstü/kafka/.env/lib/python3.8/site-packages/airflow/example_dags/example_branch_day_of_week_operator.py
[2023-11-21T10:11:14.119+0300] {processor.py:768} INFO - DAG(s) dict_keys(['example_weekday_branch_operator']) retrieved from /home/user/Masaüstü/kafka/.env/lib/python3.8/site-packages/airflow/example_dags/example_branch_day_of_week_operator.py
[2023-11-21T10:11:14.145+0300] {logging_mixin.py:117} INFO - [2023-11-21T10:11:14.145+0300] {dag.py:2573} INFO - Sync 1 DAGs
[2023-11-21T10:11:14.167+0300] {logging_mixin.py:117} INFO - [2023-11-21T10:11:14.167+0300] {dag.py:3324} INFO - Setting next_dagrun for example_weekday_branch_operator to 2023-11-20T00:00:00+00:00, run_after=2023-11-21T00:00:00+00:00
[2023-11-21T10:11:14.196+0300] {processor.py:178} INFO - Processing /home/user/Masaüstü/kafka/.env/lib/python3.8/site-packages/airflow/example_dags/example_branch_day_of_week_operator.py took 0.095 seconds
[2023-11-21T10:11:52.520+0300] {processor.py:156} INFO - Started process (PID=33632) to work on /home/user/Masaüstü/kafka/.env/lib/python3.8/site-packages/airflow/example_dags/example_branch_day_of_week_operator.py
[2023-11-21T10:11:52.521+0300] {processor.py:758} INFO - Processing file /home/user/Masaüstü/kafka/.env/lib/python3.8/site-packages/airflow/example_dags/example_branch_day_of_week_operator.py for tasks to queue
[2023-11-21T10:11:52.521+0300] {logging_mixin.py:117} INFO - [2023-11-21T10:11:52.521+0300] {dagbag.py:525} INFO - Filling up the DagBag from /home/user/Masaüstü/kafka/.env/lib/python3.8/site-packages/airflow/example_dags/example_branch_day_of_week_operator.py
[2023-11-21T10:11:52.535+0300] {processor.py:768} INFO - DAG(s) dict_keys(['example_weekday_branch_operator']) retrieved from /home/user/Masaüstü/kafka/.env/lib/python3.8/site-packages/airflow/example_dags/example_branch_day_of_week_operator.py
[2023-11-21T10:11:52.557+0300] {logging_mixin.py:117} INFO - [2023-11-21T10:11:52.557+0300] {dag.py:2573} INFO - Sync 1 DAGs
[2023-11-21T10:11:52.580+0300] {logging_mixin.py:117} INFO - [2023-11-21T10:11:52.579+0300] {dag.py:3324} INFO - Setting next_dagrun for example_weekday_branch_operator to 2023-11-20T00:00:00+00:00, run_after=2023-11-21T00:00:00+00:00
[2023-11-21T10:11:52.600+0300] {processor.py:178} INFO - Processing /home/user/Masaüstü/kafka/.env/lib/python3.8/site-packages/airflow/example_dags/example_branch_day_of_week_operator.py took 0.086 seconds
[2023-11-21T10:12:30.775+0300] {processor.py:156} INFO - Started process (PID=33859) to work on /home/user/Masaüstü/kafka/.env/lib/python3.8/site-packages/airflow/example_dags/example_branch_day_of_week_operator.py
[2023-11-21T10:12:30.777+0300] {processor.py:758} INFO - Processing file /home/user/Masaüstü/kafka/.env/lib/python3.8/site-packages/airflow/example_dags/example_branch_day_of_week_operator.py for tasks to queue
[2023-11-21T10:12:30.777+0300] {logging_mixin.py:117} INFO - [2023-11-21T10:12:30.777+0300] {dagbag.py:525} INFO - Filling up the DagBag from /home/user/Masaüstü/kafka/.env/lib/python3.8/site-packages/airflow/example_dags/example_branch_day_of_week_operator.py
[2023-11-21T10:12:30.789+0300] {processor.py:768} INFO - DAG(s) dict_keys(['example_weekday_branch_operator']) retrieved from /home/user/Masaüstü/kafka/.env/lib/python3.8/site-packages/airflow/example_dags/example_branch_day_of_week_operator.py
[2023-11-21T10:12:30.812+0300] {logging_mixin.py:117} INFO - [2023-11-21T10:12:30.812+0300] {dag.py:2573} INFO - Sync 1 DAGs
[2023-11-21T10:12:30.828+0300] {logging_mixin.py:117} INFO - [2023-11-21T10:12:30.828+0300] {dag.py:3324} INFO - Setting next_dagrun for example_weekday_branch_operator to 2023-11-20T00:00:00+00:00, run_after=2023-11-21T00:00:00+00:00
[2023-11-21T10:12:30.855+0300] {processor.py:178} INFO - Processing /home/user/Masaüstü/kafka/.env/lib/python3.8/site-packages/airflow/example_dags/example_branch_day_of_week_operator.py took 0.082 seconds
[2023-11-21T10:13:08.785+0300] {processor.py:156} INFO - Started process (PID=34100) to work on /home/user/Masaüstü/kafka/.env/lib/python3.8/site-packages/airflow/example_dags/example_branch_day_of_week_operator.py
[2023-11-21T10:13:08.788+0300] {processor.py:758} INFO - Processing file /home/user/Masaüstü/kafka/.env/lib/python3.8/site-packages/airflow/example_dags/example_branch_day_of_week_operator.py for tasks to queue
[2023-11-21T10:13:08.790+0300] {logging_mixin.py:117} INFO - [2023-11-21T10:13:08.789+0300] {dagbag.py:525} INFO - Filling up the DagBag from /home/user/Masaüstü/kafka/.env/lib/python3.8/site-packages/airflow/example_dags/example_branch_day_of_week_operator.py
[2023-11-21T10:13:08.817+0300] {processor.py:768} INFO - DAG(s) dict_keys(['example_weekday_branch_operator']) retrieved from /home/user/Masaüstü/kafka/.env/lib/python3.8/site-packages/airflow/example_dags/example_branch_day_of_week_operator.py
[2023-11-21T10:13:08.836+0300] {logging_mixin.py:117} INFO - [2023-11-21T10:13:08.836+0300] {dag.py:2573} INFO - Sync 1 DAGs
[2023-11-21T10:13:08.852+0300] {logging_mixin.py:117} INFO - [2023-11-21T10:13:08.851+0300] {dag.py:3324} INFO - Setting next_dagrun for example_weekday_branch_operator to 2023-11-20T00:00:00+00:00, run_after=2023-11-21T00:00:00+00:00
[2023-11-21T10:13:08.869+0300] {processor.py:178} INFO - Processing /home/user/Masaüstü/kafka/.env/lib/python3.8/site-packages/airflow/example_dags/example_branch_day_of_week_operator.py took 0.091 seconds
[2023-11-21T10:13:47.374+0300] {processor.py:156} INFO - Started process (PID=34509) to work on /home/user/Masaüstü/kafka/.env/lib/python3.8/site-packages/airflow/example_dags/example_branch_day_of_week_operator.py
[2023-11-21T10:13:47.377+0300] {processor.py:758} INFO - Processing file /home/user/Masaüstü/kafka/.env/lib/python3.8/site-packages/airflow/example_dags/example_branch_day_of_week_operator.py for tasks to queue
[2023-11-21T10:13:47.379+0300] {logging_mixin.py:117} INFO - [2023-11-21T10:13:47.379+0300] {dagbag.py:525} INFO - Filling up the DagBag from /home/user/Masaüstü/kafka/.env/lib/python3.8/site-packages/airflow/example_dags/example_branch_day_of_week_operator.py
[2023-11-21T10:13:47.414+0300] {processor.py:768} INFO - DAG(s) dict_keys(['example_weekday_branch_operator']) retrieved from /home/user/Masaüstü/kafka/.env/lib/python3.8/site-packages/airflow/example_dags/example_branch_day_of_week_operator.py
[2023-11-21T10:13:47.436+0300] {logging_mixin.py:117} INFO - [2023-11-21T10:13:47.436+0300] {dag.py:2573} INFO - Sync 1 DAGs
[2023-11-21T10:13:47.455+0300] {logging_mixin.py:117} INFO - [2023-11-21T10:13:47.454+0300] {dag.py:3324} INFO - Setting next_dagrun for example_weekday_branch_operator to 2023-11-20T00:00:00+00:00, run_after=2023-11-21T00:00:00+00:00
[2023-11-21T10:13:47.474+0300] {processor.py:178} INFO - Processing /home/user/Masaüstü/kafka/.env/lib/python3.8/site-packages/airflow/example_dags/example_branch_day_of_week_operator.py took 0.107 seconds
[2023-11-21T10:14:40.139+0300] {processor.py:156} INFO - Started process (PID=35267) to work on /home/user/Masaüstü/kafka/.env/lib/python3.8/site-packages/airflow/example_dags/example_branch_day_of_week_operator.py
[2023-11-21T10:14:40.141+0300] {processor.py:758} INFO - Processing file /home/user/Masaüstü/kafka/.env/lib/python3.8/site-packages/airflow/example_dags/example_branch_day_of_week_operator.py for tasks to queue
[2023-11-21T10:14:40.141+0300] {logging_mixin.py:117} INFO - [2023-11-21T10:14:40.141+0300] {dagbag.py:525} INFO - Filling up the DagBag from /home/user/Masaüstü/kafka/.env/lib/python3.8/site-packages/airflow/example_dags/example_branch_day_of_week_operator.py
[2023-11-21T10:14:40.155+0300] {processor.py:768} INFO - DAG(s) dict_keys(['example_weekday_branch_operator']) retrieved from /home/user/Masaüstü/kafka/.env/lib/python3.8/site-packages/airflow/example_dags/example_branch_day_of_week_operator.py
[2023-11-21T10:14:40.176+0300] {logging_mixin.py:117} INFO - [2023-11-21T10:14:40.175+0300] {dag.py:2573} INFO - Sync 1 DAGs
[2023-11-21T10:14:40.194+0300] {logging_mixin.py:117} INFO - [2023-11-21T10:14:40.193+0300] {dag.py:3324} INFO - Setting next_dagrun for example_weekday_branch_operator to 2023-11-20T00:00:00+00:00, run_after=2023-11-21T00:00:00+00:00
[2023-11-21T10:14:40.217+0300] {processor.py:178} INFO - Processing /home/user/Masaüstü/kafka/.env/lib/python3.8/site-packages/airflow/example_dags/example_branch_day_of_week_operator.py took 0.081 seconds
[2023-11-21T10:15:16.620+0300] {processor.py:156} INFO - Started process (PID=35567) to work on /home/user/Masaüstü/kafka/.env/lib/python3.8/site-packages/airflow/example_dags/example_branch_day_of_week_operator.py
[2023-11-21T10:15:16.622+0300] {processor.py:758} INFO - Processing file /home/user/Masaüstü/kafka/.env/lib/python3.8/site-packages/airflow/example_dags/example_branch_day_of_week_operator.py for tasks to queue
[2023-11-21T10:15:16.623+0300] {logging_mixin.py:117} INFO - [2023-11-21T10:15:16.623+0300] {dagbag.py:525} INFO - Filling up the DagBag from /home/user/Masaüstü/kafka/.env/lib/python3.8/site-packages/airflow/example_dags/example_branch_day_of_week_operator.py
[2023-11-21T10:15:16.635+0300] {processor.py:768} INFO - DAG(s) dict_keys(['example_weekday_branch_operator']) retrieved from /home/user/Masaüstü/kafka/.env/lib/python3.8/site-packages/airflow/example_dags/example_branch_day_of_week_operator.py
[2023-11-21T10:15:16.653+0300] {logging_mixin.py:117} INFO - [2023-11-21T10:15:16.653+0300] {dag.py:2573} INFO - Sync 1 DAGs
[2023-11-21T10:15:16.669+0300] {logging_mixin.py:117} INFO - [2023-11-21T10:15:16.669+0300] {dag.py:3324} INFO - Setting next_dagrun for example_weekday_branch_operator to 2023-11-20T00:00:00+00:00, run_after=2023-11-21T00:00:00+00:00
[2023-11-21T10:15:16.685+0300] {processor.py:178} INFO - Processing /home/user/Masaüstü/kafka/.env/lib/python3.8/site-packages/airflow/example_dags/example_branch_day_of_week_operator.py took 0.067 seconds
[2023-11-21T10:15:53.116+0300] {processor.py:156} INFO - Started process (PID=35803) to work on /home/user/Masaüstü/kafka/.env/lib/python3.8/site-packages/airflow/example_dags/example_branch_day_of_week_operator.py
[2023-11-21T10:15:53.118+0300] {processor.py:758} INFO - Processing file /home/user/Masaüstü/kafka/.env/lib/python3.8/site-packages/airflow/example_dags/example_branch_day_of_week_operator.py for tasks to queue
[2023-11-21T10:15:53.120+0300] {logging_mixin.py:117} INFO - [2023-11-21T10:15:53.120+0300] {dagbag.py:525} INFO - Filling up the DagBag from /home/user/Masaüstü/kafka/.env/lib/python3.8/site-packages/airflow/example_dags/example_branch_day_of_week_operator.py
[2023-11-21T10:15:53.150+0300] {processor.py:768} INFO - DAG(s) dict_keys(['example_weekday_branch_operator']) retrieved from /home/user/Masaüstü/kafka/.env/lib/python3.8/site-packages/airflow/example_dags/example_branch_day_of_week_operator.py
[2023-11-21T10:15:53.173+0300] {logging_mixin.py:117} INFO - [2023-11-21T10:15:53.173+0300] {dag.py:2573} INFO - Sync 1 DAGs
[2023-11-21T10:15:53.190+0300] {logging_mixin.py:117} INFO - [2023-11-21T10:15:53.190+0300] {dag.py:3324} INFO - Setting next_dagrun for example_weekday_branch_operator to 2023-11-20T00:00:00+00:00, run_after=2023-11-21T00:00:00+00:00
[2023-11-21T10:15:53.217+0300] {processor.py:178} INFO - Processing /home/user/Masaüstü/kafka/.env/lib/python3.8/site-packages/airflow/example_dags/example_branch_day_of_week_operator.py took 0.109 seconds
[2023-11-21T10:16:32.278+0300] {processor.py:156} INFO - Started process (PID=36042) to work on /home/user/Masaüstü/kafka/.env/lib/python3.8/site-packages/airflow/example_dags/example_branch_day_of_week_operator.py
[2023-11-21T10:16:32.279+0300] {processor.py:758} INFO - Processing file /home/user/Masaüstü/kafka/.env/lib/python3.8/site-packages/airflow/example_dags/example_branch_day_of_week_operator.py for tasks to queue
[2023-11-21T10:16:32.280+0300] {logging_mixin.py:117} INFO - [2023-11-21T10:16:32.280+0300] {dagbag.py:525} INFO - Filling up the DagBag from /home/user/Masaüstü/kafka/.env/lib/python3.8/site-packages/airflow/example_dags/example_branch_day_of_week_operator.py
[2023-11-21T10:16:32.292+0300] {processor.py:768} INFO - DAG(s) dict_keys(['example_weekday_branch_operator']) retrieved from /home/user/Masaüstü/kafka/.env/lib/python3.8/site-packages/airflow/example_dags/example_branch_day_of_week_operator.py
[2023-11-21T10:16:32.310+0300] {logging_mixin.py:117} INFO - [2023-11-21T10:16:32.310+0300] {dag.py:2573} INFO - Sync 1 DAGs
[2023-11-21T10:16:32.325+0300] {logging_mixin.py:117} INFO - [2023-11-21T10:16:32.325+0300] {dag.py:3324} INFO - Setting next_dagrun for example_weekday_branch_operator to 2023-11-20T00:00:00+00:00, run_after=2023-11-21T00:00:00+00:00
[2023-11-21T10:16:32.343+0300] {processor.py:178} INFO - Processing /home/user/Masaüstü/kafka/.env/lib/python3.8/site-packages/airflow/example_dags/example_branch_day_of_week_operator.py took 0.066 seconds
[2023-11-21T10:17:08.821+0300] {processor.py:156} INFO - Started process (PID=36319) to work on /home/user/Masaüstü/kafka/.env/lib/python3.8/site-packages/airflow/example_dags/example_branch_day_of_week_operator.py
[2023-11-21T10:17:08.822+0300] {processor.py:758} INFO - Processing file /home/user/Masaüstü/kafka/.env/lib/python3.8/site-packages/airflow/example_dags/example_branch_day_of_week_operator.py for tasks to queue
[2023-11-21T10:17:08.822+0300] {logging_mixin.py:117} INFO - [2023-11-21T10:17:08.822+0300] {dagbag.py:525} INFO - Filling up the DagBag from /home/user/Masaüstü/kafka/.env/lib/python3.8/site-packages/airflow/example_dags/example_branch_day_of_week_operator.py
[2023-11-21T10:17:08.834+0300] {processor.py:768} INFO - DAG(s) dict_keys(['example_weekday_branch_operator']) retrieved from /home/user/Masaüstü/kafka/.env/lib/python3.8/site-packages/airflow/example_dags/example_branch_day_of_week_operator.py
[2023-11-21T10:17:08.865+0300] {logging_mixin.py:117} INFO - [2023-11-21T10:17:08.864+0300] {dag.py:2573} INFO - Sync 1 DAGs
[2023-11-21T10:17:08.894+0300] {logging_mixin.py:117} INFO - [2023-11-21T10:17:08.893+0300] {dag.py:3324} INFO - Setting next_dagrun for example_weekday_branch_operator to 2023-11-20T00:00:00+00:00, run_after=2023-11-21T00:00:00+00:00
[2023-11-21T10:17:08.914+0300] {processor.py:178} INFO - Processing /home/user/Masaüstü/kafka/.env/lib/python3.8/site-packages/airflow/example_dags/example_branch_day_of_week_operator.py took 0.094 seconds
[2023-11-21T10:17:46.609+0300] {processor.py:156} INFO - Started process (PID=36572) to work on /home/user/Masaüstü/kafka/.env/lib/python3.8/site-packages/airflow/example_dags/example_branch_day_of_week_operator.py
[2023-11-21T10:17:46.611+0300] {processor.py:758} INFO - Processing file /home/user/Masaüstü/kafka/.env/lib/python3.8/site-packages/airflow/example_dags/example_branch_day_of_week_operator.py for tasks to queue
[2023-11-21T10:17:46.612+0300] {logging_mixin.py:117} INFO - [2023-11-21T10:17:46.612+0300] {dagbag.py:525} INFO - Filling up the DagBag from /home/user/Masaüstü/kafka/.env/lib/python3.8/site-packages/airflow/example_dags/example_branch_day_of_week_operator.py
[2023-11-21T10:17:46.632+0300] {processor.py:768} INFO - DAG(s) dict_keys(['example_weekday_branch_operator']) retrieved from /home/user/Masaüstü/kafka/.env/lib/python3.8/site-packages/airflow/example_dags/example_branch_day_of_week_operator.py
[2023-11-21T10:17:46.654+0300] {logging_mixin.py:117} INFO - [2023-11-21T10:17:46.653+0300] {dag.py:2573} INFO - Sync 1 DAGs
[2023-11-21T10:17:46.669+0300] {logging_mixin.py:117} INFO - [2023-11-21T10:17:46.669+0300] {dag.py:3324} INFO - Setting next_dagrun for example_weekday_branch_operator to 2023-11-20T00:00:00+00:00, run_after=2023-11-21T00:00:00+00:00
[2023-11-21T10:17:46.686+0300] {processor.py:178} INFO - Processing /home/user/Masaüstü/kafka/.env/lib/python3.8/site-packages/airflow/example_dags/example_branch_day_of_week_operator.py took 0.079 seconds
[2023-11-21T10:18:23.294+0300] {processor.py:156} INFO - Started process (PID=36831) to work on /home/user/Masaüstü/kafka/.env/lib/python3.8/site-packages/airflow/example_dags/example_branch_day_of_week_operator.py
[2023-11-21T10:18:23.295+0300] {processor.py:758} INFO - Processing file /home/user/Masaüstü/kafka/.env/lib/python3.8/site-packages/airflow/example_dags/example_branch_day_of_week_operator.py for tasks to queue
[2023-11-21T10:18:23.296+0300] {logging_mixin.py:117} INFO - [2023-11-21T10:18:23.295+0300] {dagbag.py:525} INFO - Filling up the DagBag from /home/user/Masaüstü/kafka/.env/lib/python3.8/site-packages/airflow/example_dags/example_branch_day_of_week_operator.py
[2023-11-21T10:18:23.314+0300] {processor.py:768} INFO - DAG(s) dict_keys(['example_weekday_branch_operator']) retrieved from /home/user/Masaüstü/kafka/.env/lib/python3.8/site-packages/airflow/example_dags/example_branch_day_of_week_operator.py
[2023-11-21T10:18:23.348+0300] {logging_mixin.py:117} INFO - [2023-11-21T10:18:23.348+0300] {dag.py:2573} INFO - Sync 1 DAGs
[2023-11-21T10:18:23.373+0300] {logging_mixin.py:117} INFO - [2023-11-21T10:18:23.373+0300] {dag.py:3324} INFO - Setting next_dagrun for example_weekday_branch_operator to 2023-11-20T00:00:00+00:00, run_after=2023-11-21T00:00:00+00:00
[2023-11-21T10:18:23.404+0300] {processor.py:178} INFO - Processing /home/user/Masaüstü/kafka/.env/lib/python3.8/site-packages/airflow/example_dags/example_branch_day_of_week_operator.py took 0.115 seconds
[2023-11-21T10:19:02.918+0300] {processor.py:156} INFO - Started process (PID=37079) to work on /home/user/Masaüstü/kafka/.env/lib/python3.8/site-packages/airflow/example_dags/example_branch_day_of_week_operator.py
[2023-11-21T10:19:02.920+0300] {processor.py:758} INFO - Processing file /home/user/Masaüstü/kafka/.env/lib/python3.8/site-packages/airflow/example_dags/example_branch_day_of_week_operator.py for tasks to queue
[2023-11-21T10:19:02.921+0300] {logging_mixin.py:117} INFO - [2023-11-21T10:19:02.921+0300] {dagbag.py:525} INFO - Filling up the DagBag from /home/user/Masaüstü/kafka/.env/lib/python3.8/site-packages/airflow/example_dags/example_branch_day_of_week_operator.py
[2023-11-21T10:19:02.937+0300] {processor.py:768} INFO - DAG(s) dict_keys(['example_weekday_branch_operator']) retrieved from /home/user/Masaüstü/kafka/.env/lib/python3.8/site-packages/airflow/example_dags/example_branch_day_of_week_operator.py
[2023-11-21T10:19:02.957+0300] {logging_mixin.py:117} INFO - [2023-11-21T10:19:02.957+0300] {dag.py:2573} INFO - Sync 1 DAGs
[2023-11-21T10:19:02.974+0300] {logging_mixin.py:117} INFO - [2023-11-21T10:19:02.974+0300] {dag.py:3324} INFO - Setting next_dagrun for example_weekday_branch_operator to 2023-11-20T00:00:00+00:00, run_after=2023-11-21T00:00:00+00:00
[2023-11-21T10:19:02.991+0300] {processor.py:178} INFO - Processing /home/user/Masaüstü/kafka/.env/lib/python3.8/site-packages/airflow/example_dags/example_branch_day_of_week_operator.py took 0.076 seconds
[2023-11-21T10:19:41.814+0300] {processor.py:156} INFO - Started process (PID=37330) to work on /home/user/Masaüstü/kafka/.env/lib/python3.8/site-packages/airflow/example_dags/example_branch_day_of_week_operator.py
[2023-11-21T10:19:41.816+0300] {processor.py:758} INFO - Processing file /home/user/Masaüstü/kafka/.env/lib/python3.8/site-packages/airflow/example_dags/example_branch_day_of_week_operator.py for tasks to queue
[2023-11-21T10:19:41.817+0300] {logging_mixin.py:117} INFO - [2023-11-21T10:19:41.816+0300] {dagbag.py:525} INFO - Filling up the DagBag from /home/user/Masaüstü/kafka/.env/lib/python3.8/site-packages/airflow/example_dags/example_branch_day_of_week_operator.py
[2023-11-21T10:19:41.830+0300] {processor.py:768} INFO - DAG(s) dict_keys(['example_weekday_branch_operator']) retrieved from /home/user/Masaüstü/kafka/.env/lib/python3.8/site-packages/airflow/example_dags/example_branch_day_of_week_operator.py
[2023-11-21T10:19:41.851+0300] {logging_mixin.py:117} INFO - [2023-11-21T10:19:41.850+0300] {dag.py:2573} INFO - Sync 1 DAGs
[2023-11-21T10:19:41.867+0300] {logging_mixin.py:117} INFO - [2023-11-21T10:19:41.867+0300] {dag.py:3324} INFO - Setting next_dagrun for example_weekday_branch_operator to 2023-11-20T00:00:00+00:00, run_after=2023-11-21T00:00:00+00:00
[2023-11-21T10:19:41.887+0300] {processor.py:178} INFO - Processing /home/user/Masaüstü/kafka/.env/lib/python3.8/site-packages/airflow/example_dags/example_branch_day_of_week_operator.py took 0.075 seconds
