[2023-11-21T09:51:55.520+0300] {processor.py:156} INFO - Started process (PID=23897) to work on /home/user/Masaüstü/kafka/.env/lib/python3.8/site-packages/airflow/example_dags/example_latest_only_with_trigger.py
[2023-11-21T09:51:55.521+0300] {processor.py:758} INFO - Processing file /home/user/Masaüstü/kafka/.env/lib/python3.8/site-packages/airflow/example_dags/example_latest_only_with_trigger.py for tasks to queue
[2023-11-21T09:51:55.522+0300] {logging_mixin.py:117} INFO - [2023-11-21T09:51:55.522+0300] {dagbag.py:525} INFO - Filling up the DagBag from /home/user/Masaüstü/kafka/.env/lib/python3.8/site-packages/airflow/example_dags/example_latest_only_with_trigger.py
[2023-11-21T09:51:55.540+0300] {processor.py:768} INFO - DAG(s) dict_keys(['latest_only_with_trigger']) retrieved from /home/user/Masaüstü/kafka/.env/lib/python3.8/site-packages/airflow/example_dags/example_latest_only_with_trigger.py
[2023-11-21T09:51:55.561+0300] {logging_mixin.py:117} INFO - [2023-11-21T09:51:55.561+0300] {dag.py:2573} INFO - Sync 1 DAGs
[2023-11-21T09:51:55.575+0300] {logging_mixin.py:117} INFO - [2023-11-21T09:51:55.575+0300] {dag.py:3324} INFO - Setting next_dagrun for latest_only_with_trigger to 2023-11-21T02:51:55.575371+00:00, run_after=2023-11-21T06:51:55.575371+00:00
[2023-11-21T09:51:55.593+0300] {processor.py:178} INFO - Processing /home/user/Masaüstü/kafka/.env/lib/python3.8/site-packages/airflow/example_dags/example_latest_only_with_trigger.py took 0.084 seconds
[2023-11-21T09:52:31.687+0300] {processor.py:156} INFO - Started process (PID=24335) to work on /home/user/Masaüstü/kafka/.env/lib/python3.8/site-packages/airflow/example_dags/example_latest_only_with_trigger.py
[2023-11-21T09:52:31.695+0300] {processor.py:758} INFO - Processing file /home/user/Masaüstü/kafka/.env/lib/python3.8/site-packages/airflow/example_dags/example_latest_only_with_trigger.py for tasks to queue
[2023-11-21T09:52:31.698+0300] {logging_mixin.py:117} INFO - [2023-11-21T09:52:31.697+0300] {dagbag.py:525} INFO - Filling up the DagBag from /home/user/Masaüstü/kafka/.env/lib/python3.8/site-packages/airflow/example_dags/example_latest_only_with_trigger.py
[2023-11-21T09:52:31.729+0300] {processor.py:768} INFO - DAG(s) dict_keys(['latest_only_with_trigger']) retrieved from /home/user/Masaüstü/kafka/.env/lib/python3.8/site-packages/airflow/example_dags/example_latest_only_with_trigger.py
[2023-11-21T09:52:31.775+0300] {logging_mixin.py:117} INFO - [2023-11-21T09:52:31.775+0300] {dag.py:2573} INFO - Sync 1 DAGs
[2023-11-21T09:52:31.812+0300] {logging_mixin.py:117} INFO - [2023-11-21T09:52:31.812+0300] {dag.py:3324} INFO - Setting next_dagrun for latest_only_with_trigger to 2023-11-21T02:52:31.812063+00:00, run_after=2023-11-21T06:52:31.812063+00:00
[2023-11-21T09:52:31.851+0300] {processor.py:178} INFO - Processing /home/user/Masaüstü/kafka/.env/lib/python3.8/site-packages/airflow/example_dags/example_latest_only_with_trigger.py took 0.169 seconds
[2023-11-21T09:53:10.255+0300] {processor.py:156} INFO - Started process (PID=24610) to work on /home/user/Masaüstü/kafka/.env/lib/python3.8/site-packages/airflow/example_dags/example_latest_only_with_trigger.py
[2023-11-21T09:53:10.257+0300] {processor.py:758} INFO - Processing file /home/user/Masaüstü/kafka/.env/lib/python3.8/site-packages/airflow/example_dags/example_latest_only_with_trigger.py for tasks to queue
[2023-11-21T09:53:10.258+0300] {logging_mixin.py:117} INFO - [2023-11-21T09:53:10.258+0300] {dagbag.py:525} INFO - Filling up the DagBag from /home/user/Masaüstü/kafka/.env/lib/python3.8/site-packages/airflow/example_dags/example_latest_only_with_trigger.py
[2023-11-21T09:53:10.283+0300] {processor.py:768} INFO - DAG(s) dict_keys(['latest_only_with_trigger']) retrieved from /home/user/Masaüstü/kafka/.env/lib/python3.8/site-packages/airflow/example_dags/example_latest_only_with_trigger.py
[2023-11-21T09:53:10.306+0300] {logging_mixin.py:117} INFO - [2023-11-21T09:53:10.306+0300] {dag.py:2573} INFO - Sync 1 DAGs
[2023-11-21T09:53:10.323+0300] {logging_mixin.py:117} INFO - [2023-11-21T09:53:10.323+0300] {dag.py:3324} INFO - Setting next_dagrun for latest_only_with_trigger to 2023-11-21T02:53:10.323228+00:00, run_after=2023-11-21T06:53:10.323228+00:00
[2023-11-21T09:53:10.344+0300] {processor.py:178} INFO - Processing /home/user/Masaüstü/kafka/.env/lib/python3.8/site-packages/airflow/example_dags/example_latest_only_with_trigger.py took 0.094 seconds
[2023-11-21T09:53:49.210+0300] {processor.py:156} INFO - Started process (PID=24860) to work on /home/user/Masaüstü/kafka/.env/lib/python3.8/site-packages/airflow/example_dags/example_latest_only_with_trigger.py
[2023-11-21T09:53:49.212+0300] {processor.py:758} INFO - Processing file /home/user/Masaüstü/kafka/.env/lib/python3.8/site-packages/airflow/example_dags/example_latest_only_with_trigger.py for tasks to queue
[2023-11-21T09:53:49.214+0300] {logging_mixin.py:117} INFO - [2023-11-21T09:53:49.213+0300] {dagbag.py:525} INFO - Filling up the DagBag from /home/user/Masaüstü/kafka/.env/lib/python3.8/site-packages/airflow/example_dags/example_latest_only_with_trigger.py
[2023-11-21T09:53:49.239+0300] {processor.py:768} INFO - DAG(s) dict_keys(['latest_only_with_trigger']) retrieved from /home/user/Masaüstü/kafka/.env/lib/python3.8/site-packages/airflow/example_dags/example_latest_only_with_trigger.py
[2023-11-21T09:53:49.261+0300] {logging_mixin.py:117} INFO - [2023-11-21T09:53:49.261+0300] {dag.py:2573} INFO - Sync 1 DAGs
[2023-11-21T09:53:49.279+0300] {logging_mixin.py:117} INFO - [2023-11-21T09:53:49.279+0300] {dag.py:3324} INFO - Setting next_dagrun for latest_only_with_trigger to 2023-11-21T02:53:49.279280+00:00, run_after=2023-11-21T06:53:49.279280+00:00
[2023-11-21T09:53:49.299+0300] {processor.py:178} INFO - Processing /home/user/Masaüstü/kafka/.env/lib/python3.8/site-packages/airflow/example_dags/example_latest_only_with_trigger.py took 0.095 seconds
[2023-11-21T09:54:24.235+0300] {processor.py:156} INFO - Started process (PID=25070) to work on /home/user/Masaüstü/kafka/.env/lib/python3.8/site-packages/airflow/example_dags/example_latest_only_with_trigger.py
[2023-11-21T09:54:24.238+0300] {processor.py:758} INFO - Processing file /home/user/Masaüstü/kafka/.env/lib/python3.8/site-packages/airflow/example_dags/example_latest_only_with_trigger.py for tasks to queue
[2023-11-21T09:54:24.239+0300] {logging_mixin.py:117} INFO - [2023-11-21T09:54:24.239+0300] {dagbag.py:525} INFO - Filling up the DagBag from /home/user/Masaüstü/kafka/.env/lib/python3.8/site-packages/airflow/example_dags/example_latest_only_with_trigger.py
[2023-11-21T09:54:24.253+0300] {processor.py:768} INFO - DAG(s) dict_keys(['latest_only_with_trigger']) retrieved from /home/user/Masaüstü/kafka/.env/lib/python3.8/site-packages/airflow/example_dags/example_latest_only_with_trigger.py
[2023-11-21T09:54:24.271+0300] {logging_mixin.py:117} INFO - [2023-11-21T09:54:24.271+0300] {dag.py:2573} INFO - Sync 1 DAGs
[2023-11-21T09:54:24.286+0300] {logging_mixin.py:117} INFO - [2023-11-21T09:54:24.286+0300] {dag.py:3324} INFO - Setting next_dagrun for latest_only_with_trigger to 2023-11-21T02:54:24.286180+00:00, run_after=2023-11-21T06:54:24.286180+00:00
[2023-11-21T09:54:24.303+0300] {processor.py:178} INFO - Processing /home/user/Masaüstü/kafka/.env/lib/python3.8/site-packages/airflow/example_dags/example_latest_only_with_trigger.py took 0.075 seconds
[2023-11-21T09:55:02.175+0300] {processor.py:156} INFO - Started process (PID=25321) to work on /home/user/Masaüstü/kafka/.env/lib/python3.8/site-packages/airflow/example_dags/example_latest_only_with_trigger.py
[2023-11-21T09:55:02.176+0300] {processor.py:758} INFO - Processing file /home/user/Masaüstü/kafka/.env/lib/python3.8/site-packages/airflow/example_dags/example_latest_only_with_trigger.py for tasks to queue
[2023-11-21T09:55:02.177+0300] {logging_mixin.py:117} INFO - [2023-11-21T09:55:02.177+0300] {dagbag.py:525} INFO - Filling up the DagBag from /home/user/Masaüstü/kafka/.env/lib/python3.8/site-packages/airflow/example_dags/example_latest_only_with_trigger.py
[2023-11-21T09:55:02.190+0300] {processor.py:768} INFO - DAG(s) dict_keys(['latest_only_with_trigger']) retrieved from /home/user/Masaüstü/kafka/.env/lib/python3.8/site-packages/airflow/example_dags/example_latest_only_with_trigger.py
[2023-11-21T09:55:02.211+0300] {logging_mixin.py:117} INFO - [2023-11-21T09:55:02.211+0300] {dag.py:2573} INFO - Sync 1 DAGs
[2023-11-21T09:55:02.230+0300] {logging_mixin.py:117} INFO - [2023-11-21T09:55:02.229+0300] {dag.py:3324} INFO - Setting next_dagrun for latest_only_with_trigger to 2023-11-21T02:55:02.229696+00:00, run_after=2023-11-21T06:55:02.229696+00:00
[2023-11-21T09:55:02.251+0300] {processor.py:178} INFO - Processing /home/user/Masaüstü/kafka/.env/lib/python3.8/site-packages/airflow/example_dags/example_latest_only_with_trigger.py took 0.078 seconds
[2023-11-21T09:55:39.234+0300] {processor.py:156} INFO - Started process (PID=25622) to work on /home/user/Masaüstü/kafka/.env/lib/python3.8/site-packages/airflow/example_dags/example_latest_only_with_trigger.py
[2023-11-21T09:55:39.236+0300] {processor.py:758} INFO - Processing file /home/user/Masaüstü/kafka/.env/lib/python3.8/site-packages/airflow/example_dags/example_latest_only_with_trigger.py for tasks to queue
[2023-11-21T09:55:39.236+0300] {logging_mixin.py:117} INFO - [2023-11-21T09:55:39.236+0300] {dagbag.py:525} INFO - Filling up the DagBag from /home/user/Masaüstü/kafka/.env/lib/python3.8/site-packages/airflow/example_dags/example_latest_only_with_trigger.py
[2023-11-21T09:55:39.247+0300] {processor.py:768} INFO - DAG(s) dict_keys(['latest_only_with_trigger']) retrieved from /home/user/Masaüstü/kafka/.env/lib/python3.8/site-packages/airflow/example_dags/example_latest_only_with_trigger.py
[2023-11-21T09:55:39.269+0300] {logging_mixin.py:117} INFO - [2023-11-21T09:55:39.269+0300] {dag.py:2573} INFO - Sync 1 DAGs
[2023-11-21T09:55:39.287+0300] {logging_mixin.py:117} INFO - [2023-11-21T09:55:39.287+0300] {dag.py:3324} INFO - Setting next_dagrun for latest_only_with_trigger to 2023-11-21T02:55:39.287029+00:00, run_after=2023-11-21T06:55:39.287029+00:00
[2023-11-21T09:55:39.314+0300] {processor.py:178} INFO - Processing /home/user/Masaüstü/kafka/.env/lib/python3.8/site-packages/airflow/example_dags/example_latest_only_with_trigger.py took 0.082 seconds
[2023-11-21T09:56:16.172+0300] {processor.py:156} INFO - Started process (PID=25852) to work on /home/user/Masaüstü/kafka/.env/lib/python3.8/site-packages/airflow/example_dags/example_latest_only_with_trigger.py
[2023-11-21T09:56:16.174+0300] {processor.py:758} INFO - Processing file /home/user/Masaüstü/kafka/.env/lib/python3.8/site-packages/airflow/example_dags/example_latest_only_with_trigger.py for tasks to queue
[2023-11-21T09:56:16.175+0300] {logging_mixin.py:117} INFO - [2023-11-21T09:56:16.175+0300] {dagbag.py:525} INFO - Filling up the DagBag from /home/user/Masaüstü/kafka/.env/lib/python3.8/site-packages/airflow/example_dags/example_latest_only_with_trigger.py
[2023-11-21T09:56:16.192+0300] {processor.py:768} INFO - DAG(s) dict_keys(['latest_only_with_trigger']) retrieved from /home/user/Masaüstü/kafka/.env/lib/python3.8/site-packages/airflow/example_dags/example_latest_only_with_trigger.py
[2023-11-21T09:56:16.213+0300] {logging_mixin.py:117} INFO - [2023-11-21T09:56:16.212+0300] {dag.py:2573} INFO - Sync 1 DAGs
[2023-11-21T09:56:16.229+0300] {logging_mixin.py:117} INFO - [2023-11-21T09:56:16.229+0300] {dag.py:3324} INFO - Setting next_dagrun for latest_only_with_trigger to 2023-11-21T02:56:16.229581+00:00, run_after=2023-11-21T06:56:16.229581+00:00
[2023-11-21T09:56:16.248+0300] {processor.py:178} INFO - Processing /home/user/Masaüstü/kafka/.env/lib/python3.8/site-packages/airflow/example_dags/example_latest_only_with_trigger.py took 0.078 seconds
[2023-11-21T09:56:52.849+0300] {processor.py:156} INFO - Started process (PID=26118) to work on /home/user/Masaüstü/kafka/.env/lib/python3.8/site-packages/airflow/example_dags/example_latest_only_with_trigger.py
[2023-11-21T09:56:52.850+0300] {processor.py:758} INFO - Processing file /home/user/Masaüstü/kafka/.env/lib/python3.8/site-packages/airflow/example_dags/example_latest_only_with_trigger.py for tasks to queue
[2023-11-21T09:56:52.851+0300] {logging_mixin.py:117} INFO - [2023-11-21T09:56:52.851+0300] {dagbag.py:525} INFO - Filling up the DagBag from /home/user/Masaüstü/kafka/.env/lib/python3.8/site-packages/airflow/example_dags/example_latest_only_with_trigger.py
[2023-11-21T09:56:52.865+0300] {processor.py:768} INFO - DAG(s) dict_keys(['latest_only_with_trigger']) retrieved from /home/user/Masaüstü/kafka/.env/lib/python3.8/site-packages/airflow/example_dags/example_latest_only_with_trigger.py
[2023-11-21T09:56:52.887+0300] {logging_mixin.py:117} INFO - [2023-11-21T09:56:52.887+0300] {dag.py:2573} INFO - Sync 1 DAGs
[2023-11-21T09:56:52.901+0300] {logging_mixin.py:117} INFO - [2023-11-21T09:56:52.901+0300] {dag.py:3324} INFO - Setting next_dagrun for latest_only_with_trigger to 2023-11-21T02:56:52.901189+00:00, run_after=2023-11-21T06:56:52.901189+00:00
[2023-11-21T09:56:52.919+0300] {processor.py:178} INFO - Processing /home/user/Masaüstü/kafka/.env/lib/python3.8/site-packages/airflow/example_dags/example_latest_only_with_trigger.py took 0.072 seconds
[2023-11-21T09:57:30.732+0300] {processor.py:156} INFO - Started process (PID=26352) to work on /home/user/Masaüstü/kafka/.env/lib/python3.8/site-packages/airflow/example_dags/example_latest_only_with_trigger.py
[2023-11-21T09:57:30.735+0300] {processor.py:758} INFO - Processing file /home/user/Masaüstü/kafka/.env/lib/python3.8/site-packages/airflow/example_dags/example_latest_only_with_trigger.py for tasks to queue
[2023-11-21T09:57:30.737+0300] {logging_mixin.py:117} INFO - [2023-11-21T09:57:30.736+0300] {dagbag.py:525} INFO - Filling up the DagBag from /home/user/Masaüstü/kafka/.env/lib/python3.8/site-packages/airflow/example_dags/example_latest_only_with_trigger.py
[2023-11-21T09:57:30.761+0300] {processor.py:768} INFO - DAG(s) dict_keys(['latest_only_with_trigger']) retrieved from /home/user/Masaüstü/kafka/.env/lib/python3.8/site-packages/airflow/example_dags/example_latest_only_with_trigger.py
[2023-11-21T09:57:30.781+0300] {logging_mixin.py:117} INFO - [2023-11-21T09:57:30.781+0300] {dag.py:2573} INFO - Sync 1 DAGs
[2023-11-21T09:57:30.796+0300] {logging_mixin.py:117} INFO - [2023-11-21T09:57:30.795+0300] {dag.py:3324} INFO - Setting next_dagrun for latest_only_with_trigger to 2023-11-21T02:57:30.795814+00:00, run_after=2023-11-21T06:57:30.795814+00:00
[2023-11-21T09:57:30.813+0300] {processor.py:178} INFO - Processing /home/user/Masaüstü/kafka/.env/lib/python3.8/site-packages/airflow/example_dags/example_latest_only_with_trigger.py took 0.088 seconds
[2023-11-21T09:58:07.411+0300] {processor.py:156} INFO - Started process (PID=26591) to work on /home/user/Masaüstü/kafka/.env/lib/python3.8/site-packages/airflow/example_dags/example_latest_only_with_trigger.py
[2023-11-21T09:58:07.413+0300] {processor.py:758} INFO - Processing file /home/user/Masaüstü/kafka/.env/lib/python3.8/site-packages/airflow/example_dags/example_latest_only_with_trigger.py for tasks to queue
[2023-11-21T09:58:07.415+0300] {logging_mixin.py:117} INFO - [2023-11-21T09:58:07.414+0300] {dagbag.py:525} INFO - Filling up the DagBag from /home/user/Masaüstü/kafka/.env/lib/python3.8/site-packages/airflow/example_dags/example_latest_only_with_trigger.py
[2023-11-21T09:58:07.439+0300] {processor.py:768} INFO - DAG(s) dict_keys(['latest_only_with_trigger']) retrieved from /home/user/Masaüstü/kafka/.env/lib/python3.8/site-packages/airflow/example_dags/example_latest_only_with_trigger.py
[2023-11-21T09:58:07.458+0300] {logging_mixin.py:117} INFO - [2023-11-21T09:58:07.458+0300] {dag.py:2573} INFO - Sync 1 DAGs
[2023-11-21T09:58:07.480+0300] {logging_mixin.py:117} INFO - [2023-11-21T09:58:07.480+0300] {dag.py:3324} INFO - Setting next_dagrun for latest_only_with_trigger to 2023-11-21T02:58:07.480164+00:00, run_after=2023-11-21T06:58:07.480164+00:00
[2023-11-21T09:58:07.506+0300] {processor.py:178} INFO - Processing /home/user/Masaüstü/kafka/.env/lib/python3.8/site-packages/airflow/example_dags/example_latest_only_with_trigger.py took 0.101 seconds
[2023-11-21T09:58:44.249+0300] {processor.py:156} INFO - Started process (PID=27171) to work on /home/user/Masaüstü/kafka/.env/lib/python3.8/site-packages/airflow/example_dags/example_latest_only_with_trigger.py
[2023-11-21T09:58:44.252+0300] {processor.py:758} INFO - Processing file /home/user/Masaüstü/kafka/.env/lib/python3.8/site-packages/airflow/example_dags/example_latest_only_with_trigger.py for tasks to queue
[2023-11-21T09:58:44.253+0300] {logging_mixin.py:117} INFO - [2023-11-21T09:58:44.252+0300] {dagbag.py:525} INFO - Filling up the DagBag from /home/user/Masaüstü/kafka/.env/lib/python3.8/site-packages/airflow/example_dags/example_latest_only_with_trigger.py
[2023-11-21T09:58:44.273+0300] {processor.py:768} INFO - DAG(s) dict_keys(['latest_only_with_trigger']) retrieved from /home/user/Masaüstü/kafka/.env/lib/python3.8/site-packages/airflow/example_dags/example_latest_only_with_trigger.py
[2023-11-21T09:58:44.292+0300] {logging_mixin.py:117} INFO - [2023-11-21T09:58:44.292+0300] {dag.py:2573} INFO - Sync 1 DAGs
[2023-11-21T09:58:44.307+0300] {logging_mixin.py:117} INFO - [2023-11-21T09:58:44.307+0300] {dag.py:3324} INFO - Setting next_dagrun for latest_only_with_trigger to 2023-11-21T02:58:44.307409+00:00, run_after=2023-11-21T06:58:44.307409+00:00
[2023-11-21T09:58:44.336+0300] {processor.py:178} INFO - Processing /home/user/Masaüstü/kafka/.env/lib/python3.8/site-packages/airflow/example_dags/example_latest_only_with_trigger.py took 0.090 seconds
[2023-11-21T09:59:20.517+0300] {processor.py:156} INFO - Started process (PID=27424) to work on /home/user/Masaüstü/kafka/.env/lib/python3.8/site-packages/airflow/example_dags/example_latest_only_with_trigger.py
[2023-11-21T09:59:20.520+0300] {processor.py:758} INFO - Processing file /home/user/Masaüstü/kafka/.env/lib/python3.8/site-packages/airflow/example_dags/example_latest_only_with_trigger.py for tasks to queue
[2023-11-21T09:59:20.520+0300] {logging_mixin.py:117} INFO - [2023-11-21T09:59:20.520+0300] {dagbag.py:525} INFO - Filling up the DagBag from /home/user/Masaüstü/kafka/.env/lib/python3.8/site-packages/airflow/example_dags/example_latest_only_with_trigger.py
[2023-11-21T09:59:20.543+0300] {processor.py:768} INFO - DAG(s) dict_keys(['latest_only_with_trigger']) retrieved from /home/user/Masaüstü/kafka/.env/lib/python3.8/site-packages/airflow/example_dags/example_latest_only_with_trigger.py
[2023-11-21T09:59:20.565+0300] {logging_mixin.py:117} INFO - [2023-11-21T09:59:20.565+0300] {dag.py:2573} INFO - Sync 1 DAGs
[2023-11-21T09:59:20.579+0300] {logging_mixin.py:117} INFO - [2023-11-21T09:59:20.579+0300] {dag.py:3324} INFO - Setting next_dagrun for latest_only_with_trigger to 2023-11-21T02:59:20.579152+00:00, run_after=2023-11-21T06:59:20.579152+00:00
[2023-11-21T09:59:20.603+0300] {processor.py:178} INFO - Processing /home/user/Masaüstü/kafka/.env/lib/python3.8/site-packages/airflow/example_dags/example_latest_only_with_trigger.py took 0.089 seconds
[2023-11-21T09:59:56.251+0300] {processor.py:156} INFO - Started process (PID=27655) to work on /home/user/Masaüstü/kafka/.env/lib/python3.8/site-packages/airflow/example_dags/example_latest_only_with_trigger.py
[2023-11-21T09:59:56.253+0300] {processor.py:758} INFO - Processing file /home/user/Masaüstü/kafka/.env/lib/python3.8/site-packages/airflow/example_dags/example_latest_only_with_trigger.py for tasks to queue
[2023-11-21T09:59:56.253+0300] {logging_mixin.py:117} INFO - [2023-11-21T09:59:56.253+0300] {dagbag.py:525} INFO - Filling up the DagBag from /home/user/Masaüstü/kafka/.env/lib/python3.8/site-packages/airflow/example_dags/example_latest_only_with_trigger.py
[2023-11-21T09:59:56.264+0300] {processor.py:768} INFO - DAG(s) dict_keys(['latest_only_with_trigger']) retrieved from /home/user/Masaüstü/kafka/.env/lib/python3.8/site-packages/airflow/example_dags/example_latest_only_with_trigger.py
[2023-11-21T09:59:56.281+0300] {logging_mixin.py:117} INFO - [2023-11-21T09:59:56.281+0300] {dag.py:2573} INFO - Sync 1 DAGs
[2023-11-21T09:59:56.295+0300] {logging_mixin.py:117} INFO - [2023-11-21T09:59:56.295+0300] {dag.py:3324} INFO - Setting next_dagrun for latest_only_with_trigger to 2023-11-21T02:59:56.295623+00:00, run_after=2023-11-21T06:59:56.295623+00:00
[2023-11-21T09:59:56.312+0300] {processor.py:178} INFO - Processing /home/user/Masaüstü/kafka/.env/lib/python3.8/site-packages/airflow/example_dags/example_latest_only_with_trigger.py took 0.063 seconds
[2023-11-21T10:00:32.349+0300] {processor.py:156} INFO - Started process (PID=27869) to work on /home/user/Masaüstü/kafka/.env/lib/python3.8/site-packages/airflow/example_dags/example_latest_only_with_trigger.py
[2023-11-21T10:00:32.351+0300] {processor.py:758} INFO - Processing file /home/user/Masaüstü/kafka/.env/lib/python3.8/site-packages/airflow/example_dags/example_latest_only_with_trigger.py for tasks to queue
[2023-11-21T10:00:32.352+0300] {logging_mixin.py:117} INFO - [2023-11-21T10:00:32.352+0300] {dagbag.py:525} INFO - Filling up the DagBag from /home/user/Masaüstü/kafka/.env/lib/python3.8/site-packages/airflow/example_dags/example_latest_only_with_trigger.py
[2023-11-21T10:00:32.371+0300] {processor.py:768} INFO - DAG(s) dict_keys(['latest_only_with_trigger']) retrieved from /home/user/Masaüstü/kafka/.env/lib/python3.8/site-packages/airflow/example_dags/example_latest_only_with_trigger.py
[2023-11-21T10:00:32.396+0300] {logging_mixin.py:117} INFO - [2023-11-21T10:00:32.396+0300] {dag.py:2573} INFO - Sync 1 DAGs
[2023-11-21T10:00:32.417+0300] {logging_mixin.py:117} INFO - [2023-11-21T10:00:32.417+0300] {dag.py:3324} INFO - Setting next_dagrun for latest_only_with_trigger to 2023-11-21T03:00:32.417591+00:00, run_after=2023-11-21T07:00:32.417591+00:00
[2023-11-21T10:00:32.443+0300] {processor.py:178} INFO - Processing /home/user/Masaüstü/kafka/.env/lib/python3.8/site-packages/airflow/example_dags/example_latest_only_with_trigger.py took 0.099 seconds
[2023-11-21T10:01:08.807+0300] {processor.py:156} INFO - Started process (PID=28093) to work on /home/user/Masaüstü/kafka/.env/lib/python3.8/site-packages/airflow/example_dags/example_latest_only_with_trigger.py
[2023-11-21T10:01:08.809+0300] {processor.py:758} INFO - Processing file /home/user/Masaüstü/kafka/.env/lib/python3.8/site-packages/airflow/example_dags/example_latest_only_with_trigger.py for tasks to queue
[2023-11-21T10:01:08.810+0300] {logging_mixin.py:117} INFO - [2023-11-21T10:01:08.809+0300] {dagbag.py:525} INFO - Filling up the DagBag from /home/user/Masaüstü/kafka/.env/lib/python3.8/site-packages/airflow/example_dags/example_latest_only_with_trigger.py
[2023-11-21T10:01:08.824+0300] {processor.py:768} INFO - DAG(s) dict_keys(['latest_only_with_trigger']) retrieved from /home/user/Masaüstü/kafka/.env/lib/python3.8/site-packages/airflow/example_dags/example_latest_only_with_trigger.py
[2023-11-21T10:01:08.843+0300] {logging_mixin.py:117} INFO - [2023-11-21T10:01:08.843+0300] {dag.py:2573} INFO - Sync 1 DAGs
[2023-11-21T10:01:08.859+0300] {logging_mixin.py:117} INFO - [2023-11-21T10:01:08.859+0300] {dag.py:3324} INFO - Setting next_dagrun for latest_only_with_trigger to 2023-11-21T03:01:08.859191+00:00, run_after=2023-11-21T07:01:08.859191+00:00
[2023-11-21T10:01:08.887+0300] {processor.py:178} INFO - Processing /home/user/Masaüstü/kafka/.env/lib/python3.8/site-packages/airflow/example_dags/example_latest_only_with_trigger.py took 0.083 seconds
[2023-11-21T10:01:42.673+0300] {processor.py:156} INFO - Started process (PID=28370) to work on /home/user/Masaüstü/kafka/.env/lib/python3.8/site-packages/airflow/example_dags/example_latest_only_with_trigger.py
[2023-11-21T10:01:42.673+0300] {processor.py:758} INFO - Processing file /home/user/Masaüstü/kafka/.env/lib/python3.8/site-packages/airflow/example_dags/example_latest_only_with_trigger.py for tasks to queue
[2023-11-21T10:01:42.674+0300] {logging_mixin.py:117} INFO - [2023-11-21T10:01:42.674+0300] {dagbag.py:525} INFO - Filling up the DagBag from /home/user/Masaüstü/kafka/.env/lib/python3.8/site-packages/airflow/example_dags/example_latest_only_with_trigger.py
[2023-11-21T10:01:42.686+0300] {processor.py:768} INFO - DAG(s) dict_keys(['latest_only_with_trigger']) retrieved from /home/user/Masaüstü/kafka/.env/lib/python3.8/site-packages/airflow/example_dags/example_latest_only_with_trigger.py
[2023-11-21T10:01:42.704+0300] {logging_mixin.py:117} INFO - [2023-11-21T10:01:42.704+0300] {dag.py:2573} INFO - Sync 1 DAGs
[2023-11-21T10:01:42.719+0300] {logging_mixin.py:117} INFO - [2023-11-21T10:01:42.719+0300] {dag.py:3324} INFO - Setting next_dagrun for latest_only_with_trigger to 2023-11-21T03:01:42.719250+00:00, run_after=2023-11-21T07:01:42.719250+00:00
[2023-11-21T10:01:42.736+0300] {processor.py:178} INFO - Processing /home/user/Masaüstü/kafka/.env/lib/python3.8/site-packages/airflow/example_dags/example_latest_only_with_trigger.py took 0.065 seconds
[2023-11-21T10:02:20.068+0300] {processor.py:156} INFO - Started process (PID=28589) to work on /home/user/Masaüstü/kafka/.env/lib/python3.8/site-packages/airflow/example_dags/example_latest_only_with_trigger.py
[2023-11-21T10:02:20.070+0300] {processor.py:758} INFO - Processing file /home/user/Masaüstü/kafka/.env/lib/python3.8/site-packages/airflow/example_dags/example_latest_only_with_trigger.py for tasks to queue
[2023-11-21T10:02:20.071+0300] {logging_mixin.py:117} INFO - [2023-11-21T10:02:20.071+0300] {dagbag.py:525} INFO - Filling up the DagBag from /home/user/Masaüstü/kafka/.env/lib/python3.8/site-packages/airflow/example_dags/example_latest_only_with_trigger.py
[2023-11-21T10:02:20.081+0300] {processor.py:768} INFO - DAG(s) dict_keys(['latest_only_with_trigger']) retrieved from /home/user/Masaüstü/kafka/.env/lib/python3.8/site-packages/airflow/example_dags/example_latest_only_with_trigger.py
[2023-11-21T10:02:20.103+0300] {logging_mixin.py:117} INFO - [2023-11-21T10:02:20.103+0300] {dag.py:2573} INFO - Sync 1 DAGs
[2023-11-21T10:02:20.119+0300] {logging_mixin.py:117} INFO - [2023-11-21T10:02:20.119+0300] {dag.py:3324} INFO - Setting next_dagrun for latest_only_with_trigger to 2023-11-21T03:02:20.119140+00:00, run_after=2023-11-21T07:02:20.119140+00:00
[2023-11-21T10:02:20.137+0300] {processor.py:178} INFO - Processing /home/user/Masaüstü/kafka/.env/lib/python3.8/site-packages/airflow/example_dags/example_latest_only_with_trigger.py took 0.071 seconds
[2023-11-21T10:02:56.047+0300] {processor.py:156} INFO - Started process (PID=28823) to work on /home/user/Masaüstü/kafka/.env/lib/python3.8/site-packages/airflow/example_dags/example_latest_only_with_trigger.py
[2023-11-21T10:02:56.049+0300] {processor.py:758} INFO - Processing file /home/user/Masaüstü/kafka/.env/lib/python3.8/site-packages/airflow/example_dags/example_latest_only_with_trigger.py for tasks to queue
[2023-11-21T10:02:56.050+0300] {logging_mixin.py:117} INFO - [2023-11-21T10:02:56.050+0300] {dagbag.py:525} INFO - Filling up the DagBag from /home/user/Masaüstü/kafka/.env/lib/python3.8/site-packages/airflow/example_dags/example_latest_only_with_trigger.py
[2023-11-21T10:02:56.068+0300] {processor.py:768} INFO - DAG(s) dict_keys(['latest_only_with_trigger']) retrieved from /home/user/Masaüstü/kafka/.env/lib/python3.8/site-packages/airflow/example_dags/example_latest_only_with_trigger.py
[2023-11-21T10:02:56.090+0300] {logging_mixin.py:117} INFO - [2023-11-21T10:02:56.090+0300] {dag.py:2573} INFO - Sync 1 DAGs
[2023-11-21T10:02:56.104+0300] {logging_mixin.py:117} INFO - [2023-11-21T10:02:56.104+0300] {dag.py:3324} INFO - Setting next_dagrun for latest_only_with_trigger to 2023-11-21T03:02:56.104661+00:00, run_after=2023-11-21T07:02:56.104661+00:00
[2023-11-21T10:02:56.131+0300] {processor.py:178} INFO - Processing /home/user/Masaüstü/kafka/.env/lib/python3.8/site-packages/airflow/example_dags/example_latest_only_with_trigger.py took 0.087 seconds
[2023-11-21T10:05:24.669+0300] {processor.py:156} INFO - Started process (PID=30162) to work on /home/user/Masaüstü/kafka/.env/lib/python3.8/site-packages/airflow/example_dags/example_latest_only_with_trigger.py
[2023-11-21T10:05:24.672+0300] {processor.py:758} INFO - Processing file /home/user/Masaüstü/kafka/.env/lib/python3.8/site-packages/airflow/example_dags/example_latest_only_with_trigger.py for tasks to queue
[2023-11-21T10:05:24.674+0300] {logging_mixin.py:117} INFO - [2023-11-21T10:05:24.673+0300] {dagbag.py:525} INFO - Filling up the DagBag from /home/user/Masaüstü/kafka/.env/lib/python3.8/site-packages/airflow/example_dags/example_latest_only_with_trigger.py
[2023-11-21T10:05:24.693+0300] {processor.py:768} INFO - DAG(s) dict_keys(['latest_only_with_trigger']) retrieved from /home/user/Masaüstü/kafka/.env/lib/python3.8/site-packages/airflow/example_dags/example_latest_only_with_trigger.py
[2023-11-21T10:05:24.713+0300] {logging_mixin.py:117} INFO - [2023-11-21T10:05:24.713+0300] {dag.py:2573} INFO - Sync 1 DAGs
[2023-11-21T10:05:24.727+0300] {logging_mixin.py:117} INFO - [2023-11-21T10:05:24.727+0300] {dag.py:3324} INFO - Setting next_dagrun for latest_only_with_trigger to 2023-11-21T03:05:24.727035+00:00, run_after=2023-11-21T07:05:24.727035+00:00
[2023-11-21T10:05:24.744+0300] {processor.py:178} INFO - Processing /home/user/Masaüstü/kafka/.env/lib/python3.8/site-packages/airflow/example_dags/example_latest_only_with_trigger.py took 0.082 seconds
[2023-11-21T10:06:04.376+0300] {processor.py:156} INFO - Started process (PID=30540) to work on /home/user/Masaüstü/kafka/.env/lib/python3.8/site-packages/airflow/example_dags/example_latest_only_with_trigger.py
[2023-11-21T10:06:04.377+0300] {processor.py:758} INFO - Processing file /home/user/Masaüstü/kafka/.env/lib/python3.8/site-packages/airflow/example_dags/example_latest_only_with_trigger.py for tasks to queue
[2023-11-21T10:06:04.377+0300] {logging_mixin.py:117} INFO - [2023-11-21T10:06:04.377+0300] {dagbag.py:525} INFO - Filling up the DagBag from /home/user/Masaüstü/kafka/.env/lib/python3.8/site-packages/airflow/example_dags/example_latest_only_with_trigger.py
[2023-11-21T10:06:04.396+0300] {processor.py:768} INFO - DAG(s) dict_keys(['latest_only_with_trigger']) retrieved from /home/user/Masaüstü/kafka/.env/lib/python3.8/site-packages/airflow/example_dags/example_latest_only_with_trigger.py
[2023-11-21T10:06:04.422+0300] {logging_mixin.py:117} INFO - [2023-11-21T10:06:04.421+0300] {dag.py:2573} INFO - Sync 1 DAGs
[2023-11-21T10:06:04.444+0300] {logging_mixin.py:117} INFO - [2023-11-21T10:06:04.444+0300] {dag.py:3324} INFO - Setting next_dagrun for latest_only_with_trigger to 2023-11-21T03:06:04.444073+00:00, run_after=2023-11-21T07:06:04.444073+00:00
[2023-11-21T10:06:04.473+0300] {processor.py:178} INFO - Processing /home/user/Masaüstü/kafka/.env/lib/python3.8/site-packages/airflow/example_dags/example_latest_only_with_trigger.py took 0.099 seconds
[2023-11-21T10:06:41.789+0300] {processor.py:156} INFO - Started process (PID=30774) to work on /home/user/Masaüstü/kafka/.env/lib/python3.8/site-packages/airflow/example_dags/example_latest_only_with_trigger.py
[2023-11-21T10:06:41.792+0300] {processor.py:758} INFO - Processing file /home/user/Masaüstü/kafka/.env/lib/python3.8/site-packages/airflow/example_dags/example_latest_only_with_trigger.py for tasks to queue
[2023-11-21T10:06:41.794+0300] {logging_mixin.py:117} INFO - [2023-11-21T10:06:41.793+0300] {dagbag.py:525} INFO - Filling up the DagBag from /home/user/Masaüstü/kafka/.env/lib/python3.8/site-packages/airflow/example_dags/example_latest_only_with_trigger.py
[2023-11-21T10:06:41.818+0300] {processor.py:768} INFO - DAG(s) dict_keys(['latest_only_with_trigger']) retrieved from /home/user/Masaüstü/kafka/.env/lib/python3.8/site-packages/airflow/example_dags/example_latest_only_with_trigger.py
[2023-11-21T10:06:41.838+0300] {logging_mixin.py:117} INFO - [2023-11-21T10:06:41.838+0300] {dag.py:2573} INFO - Sync 1 DAGs
[2023-11-21T10:06:41.856+0300] {logging_mixin.py:117} INFO - [2023-11-21T10:06:41.856+0300] {dag.py:3324} INFO - Setting next_dagrun for latest_only_with_trigger to 2023-11-21T03:06:41.856202+00:00, run_after=2023-11-21T07:06:41.856202+00:00
[2023-11-21T10:06:41.880+0300] {processor.py:178} INFO - Processing /home/user/Masaüstü/kafka/.env/lib/python3.8/site-packages/airflow/example_dags/example_latest_only_with_trigger.py took 0.098 seconds
[2023-11-21T10:07:19.039+0300] {processor.py:156} INFO - Started process (PID=31027) to work on /home/user/Masaüstü/kafka/.env/lib/python3.8/site-packages/airflow/example_dags/example_latest_only_with_trigger.py
[2023-11-21T10:07:19.041+0300] {processor.py:758} INFO - Processing file /home/user/Masaüstü/kafka/.env/lib/python3.8/site-packages/airflow/example_dags/example_latest_only_with_trigger.py for tasks to queue
[2023-11-21T10:07:19.041+0300] {logging_mixin.py:117} INFO - [2023-11-21T10:07:19.041+0300] {dagbag.py:525} INFO - Filling up the DagBag from /home/user/Masaüstü/kafka/.env/lib/python3.8/site-packages/airflow/example_dags/example_latest_only_with_trigger.py
[2023-11-21T10:07:19.051+0300] {processor.py:768} INFO - DAG(s) dict_keys(['latest_only_with_trigger']) retrieved from /home/user/Masaüstü/kafka/.env/lib/python3.8/site-packages/airflow/example_dags/example_latest_only_with_trigger.py
[2023-11-21T10:07:19.069+0300] {logging_mixin.py:117} INFO - [2023-11-21T10:07:19.069+0300] {dag.py:2573} INFO - Sync 1 DAGs
[2023-11-21T10:07:19.089+0300] {logging_mixin.py:117} INFO - [2023-11-21T10:07:19.089+0300] {dag.py:3324} INFO - Setting next_dagrun for latest_only_with_trigger to 2023-11-21T03:07:19.088997+00:00, run_after=2023-11-21T07:07:19.088997+00:00
[2023-11-21T10:07:19.115+0300] {processor.py:178} INFO - Processing /home/user/Masaüstü/kafka/.env/lib/python3.8/site-packages/airflow/example_dags/example_latest_only_with_trigger.py took 0.078 seconds
[2023-11-21T10:07:57.153+0300] {processor.py:156} INFO - Started process (PID=31262) to work on /home/user/Masaüstü/kafka/.env/lib/python3.8/site-packages/airflow/example_dags/example_latest_only_with_trigger.py
[2023-11-21T10:07:57.155+0300] {processor.py:758} INFO - Processing file /home/user/Masaüstü/kafka/.env/lib/python3.8/site-packages/airflow/example_dags/example_latest_only_with_trigger.py for tasks to queue
[2023-11-21T10:07:57.156+0300] {logging_mixin.py:117} INFO - [2023-11-21T10:07:57.156+0300] {dagbag.py:525} INFO - Filling up the DagBag from /home/user/Masaüstü/kafka/.env/lib/python3.8/site-packages/airflow/example_dags/example_latest_only_with_trigger.py
[2023-11-21T10:07:57.170+0300] {processor.py:768} INFO - DAG(s) dict_keys(['latest_only_with_trigger']) retrieved from /home/user/Masaüstü/kafka/.env/lib/python3.8/site-packages/airflow/example_dags/example_latest_only_with_trigger.py
[2023-11-21T10:07:57.192+0300] {logging_mixin.py:117} INFO - [2023-11-21T10:07:57.192+0300] {dag.py:2573} INFO - Sync 1 DAGs
[2023-11-21T10:07:57.208+0300] {logging_mixin.py:117} INFO - [2023-11-21T10:07:57.208+0300] {dag.py:3324} INFO - Setting next_dagrun for latest_only_with_trigger to 2023-11-21T03:07:57.207930+00:00, run_after=2023-11-21T07:07:57.207930+00:00
[2023-11-21T10:07:57.225+0300] {processor.py:178} INFO - Processing /home/user/Masaüstü/kafka/.env/lib/python3.8/site-packages/airflow/example_dags/example_latest_only_with_trigger.py took 0.074 seconds
[2023-11-21T10:08:36.071+0300] {processor.py:156} INFO - Started process (PID=31523) to work on /home/user/Masaüstü/kafka/.env/lib/python3.8/site-packages/airflow/example_dags/example_latest_only_with_trigger.py
[2023-11-21T10:08:36.072+0300] {processor.py:758} INFO - Processing file /home/user/Masaüstü/kafka/.env/lib/python3.8/site-packages/airflow/example_dags/example_latest_only_with_trigger.py for tasks to queue
[2023-11-21T10:08:36.072+0300] {logging_mixin.py:117} INFO - [2023-11-21T10:08:36.072+0300] {dagbag.py:525} INFO - Filling up the DagBag from /home/user/Masaüstü/kafka/.env/lib/python3.8/site-packages/airflow/example_dags/example_latest_only_with_trigger.py
[2023-11-21T10:08:36.082+0300] {processor.py:768} INFO - DAG(s) dict_keys(['latest_only_with_trigger']) retrieved from /home/user/Masaüstü/kafka/.env/lib/python3.8/site-packages/airflow/example_dags/example_latest_only_with_trigger.py
[2023-11-21T10:08:36.100+0300] {logging_mixin.py:117} INFO - [2023-11-21T10:08:36.100+0300] {dag.py:2573} INFO - Sync 1 DAGs
[2023-11-21T10:08:36.114+0300] {logging_mixin.py:117} INFO - [2023-11-21T10:08:36.114+0300] {dag.py:3324} INFO - Setting next_dagrun for latest_only_with_trigger to 2023-11-21T03:08:36.114250+00:00, run_after=2023-11-21T07:08:36.114250+00:00
[2023-11-21T10:08:36.140+0300] {processor.py:178} INFO - Processing /home/user/Masaüstü/kafka/.env/lib/python3.8/site-packages/airflow/example_dags/example_latest_only_with_trigger.py took 0.071 seconds
[2023-11-21T10:09:13.757+0300] {processor.py:156} INFO - Started process (PID=31776) to work on /home/user/Masaüstü/kafka/.env/lib/python3.8/site-packages/airflow/example_dags/example_latest_only_with_trigger.py
[2023-11-21T10:09:13.759+0300] {processor.py:758} INFO - Processing file /home/user/Masaüstü/kafka/.env/lib/python3.8/site-packages/airflow/example_dags/example_latest_only_with_trigger.py for tasks to queue
[2023-11-21T10:09:13.760+0300] {logging_mixin.py:117} INFO - [2023-11-21T10:09:13.760+0300] {dagbag.py:525} INFO - Filling up the DagBag from /home/user/Masaüstü/kafka/.env/lib/python3.8/site-packages/airflow/example_dags/example_latest_only_with_trigger.py
[2023-11-21T10:09:13.774+0300] {processor.py:768} INFO - DAG(s) dict_keys(['latest_only_with_trigger']) retrieved from /home/user/Masaüstü/kafka/.env/lib/python3.8/site-packages/airflow/example_dags/example_latest_only_with_trigger.py
[2023-11-21T10:09:13.798+0300] {logging_mixin.py:117} INFO - [2023-11-21T10:09:13.797+0300] {dag.py:2573} INFO - Sync 1 DAGs
[2023-11-21T10:09:13.818+0300] {logging_mixin.py:117} INFO - [2023-11-21T10:09:13.818+0300] {dag.py:3324} INFO - Setting next_dagrun for latest_only_with_trigger to 2023-11-21T03:09:13.817695+00:00, run_after=2023-11-21T07:09:13.817695+00:00
[2023-11-21T10:09:13.839+0300] {processor.py:178} INFO - Processing /home/user/Masaüstü/kafka/.env/lib/python3.8/site-packages/airflow/example_dags/example_latest_only_with_trigger.py took 0.084 seconds
[2023-11-21T10:09:56.858+0300] {processor.py:156} INFO - Started process (PID=32446) to work on /home/user/Masaüstü/kafka/.env/lib/python3.8/site-packages/airflow/example_dags/example_latest_only_with_trigger.py
[2023-11-21T10:09:56.860+0300] {processor.py:758} INFO - Processing file /home/user/Masaüstü/kafka/.env/lib/python3.8/site-packages/airflow/example_dags/example_latest_only_with_trigger.py for tasks to queue
[2023-11-21T10:09:56.861+0300] {logging_mixin.py:117} INFO - [2023-11-21T10:09:56.861+0300] {dagbag.py:525} INFO - Filling up the DagBag from /home/user/Masaüstü/kafka/.env/lib/python3.8/site-packages/airflow/example_dags/example_latest_only_with_trigger.py
[2023-11-21T10:09:56.880+0300] {processor.py:768} INFO - DAG(s) dict_keys(['latest_only_with_trigger']) retrieved from /home/user/Masaüstü/kafka/.env/lib/python3.8/site-packages/airflow/example_dags/example_latest_only_with_trigger.py
[2023-11-21T10:09:56.901+0300] {logging_mixin.py:117} INFO - [2023-11-21T10:09:56.901+0300] {dag.py:2573} INFO - Sync 1 DAGs
[2023-11-21T10:09:56.918+0300] {logging_mixin.py:117} INFO - [2023-11-21T10:09:56.917+0300] {dag.py:3324} INFO - Setting next_dagrun for latest_only_with_trigger to 2023-11-21T03:09:56.917791+00:00, run_after=2023-11-21T07:09:56.917791+00:00
[2023-11-21T10:09:56.938+0300] {processor.py:178} INFO - Processing /home/user/Masaüstü/kafka/.env/lib/python3.8/site-packages/airflow/example_dags/example_latest_only_with_trigger.py took 0.082 seconds
[2023-11-21T10:10:48.180+0300] {processor.py:156} INFO - Started process (PID=33197) to work on /home/user/Masaüstü/kafka/.env/lib/python3.8/site-packages/airflow/example_dags/example_latest_only_with_trigger.py
[2023-11-21T10:10:48.181+0300] {processor.py:758} INFO - Processing file /home/user/Masaüstü/kafka/.env/lib/python3.8/site-packages/airflow/example_dags/example_latest_only_with_trigger.py for tasks to queue
[2023-11-21T10:10:48.183+0300] {logging_mixin.py:117} INFO - [2023-11-21T10:10:48.182+0300] {dagbag.py:525} INFO - Filling up the DagBag from /home/user/Masaüstü/kafka/.env/lib/python3.8/site-packages/airflow/example_dags/example_latest_only_with_trigger.py
[2023-11-21T10:10:48.199+0300] {processor.py:768} INFO - DAG(s) dict_keys(['latest_only_with_trigger']) retrieved from /home/user/Masaüstü/kafka/.env/lib/python3.8/site-packages/airflow/example_dags/example_latest_only_with_trigger.py
[2023-11-21T10:10:48.221+0300] {logging_mixin.py:117} INFO - [2023-11-21T10:10:48.221+0300] {dag.py:2573} INFO - Sync 1 DAGs
[2023-11-21T10:10:48.239+0300] {logging_mixin.py:117} INFO - [2023-11-21T10:10:48.239+0300] {dag.py:3324} INFO - Setting next_dagrun for latest_only_with_trigger to 2023-11-21T03:10:48.239340+00:00, run_after=2023-11-21T07:10:48.239340+00:00
[2023-11-21T10:10:48.263+0300] {processor.py:178} INFO - Processing /home/user/Masaüstü/kafka/.env/lib/python3.8/site-packages/airflow/example_dags/example_latest_only_with_trigger.py took 0.087 seconds
[2023-11-21T10:11:25.076+0300] {processor.py:156} INFO - Started process (PID=33451) to work on /home/user/Masaüstü/kafka/.env/lib/python3.8/site-packages/airflow/example_dags/example_latest_only_with_trigger.py
[2023-11-21T10:11:25.080+0300] {processor.py:758} INFO - Processing file /home/user/Masaüstü/kafka/.env/lib/python3.8/site-packages/airflow/example_dags/example_latest_only_with_trigger.py for tasks to queue
[2023-11-21T10:11:25.082+0300] {logging_mixin.py:117} INFO - [2023-11-21T10:11:25.082+0300] {dagbag.py:525} INFO - Filling up the DagBag from /home/user/Masaüstü/kafka/.env/lib/python3.8/site-packages/airflow/example_dags/example_latest_only_with_trigger.py
[2023-11-21T10:11:25.115+0300] {processor.py:768} INFO - DAG(s) dict_keys(['latest_only_with_trigger']) retrieved from /home/user/Masaüstü/kafka/.env/lib/python3.8/site-packages/airflow/example_dags/example_latest_only_with_trigger.py
[2023-11-21T10:11:25.167+0300] {logging_mixin.py:117} INFO - [2023-11-21T10:11:25.166+0300] {dag.py:2573} INFO - Sync 1 DAGs
[2023-11-21T10:11:25.201+0300] {logging_mixin.py:117} INFO - [2023-11-21T10:11:25.201+0300] {dag.py:3324} INFO - Setting next_dagrun for latest_only_with_trigger to 2023-11-21T03:11:25.200705+00:00, run_after=2023-11-21T07:11:25.200705+00:00
[2023-11-21T10:11:25.257+0300] {processor.py:178} INFO - Processing /home/user/Masaüstü/kafka/.env/lib/python3.8/site-packages/airflow/example_dags/example_latest_only_with_trigger.py took 0.186 seconds
[2023-11-21T10:12:02.950+0300] {processor.py:156} INFO - Started process (PID=33696) to work on /home/user/Masaüstü/kafka/.env/lib/python3.8/site-packages/airflow/example_dags/example_latest_only_with_trigger.py
[2023-11-21T10:12:02.952+0300] {processor.py:758} INFO - Processing file /home/user/Masaüstü/kafka/.env/lib/python3.8/site-packages/airflow/example_dags/example_latest_only_with_trigger.py for tasks to queue
[2023-11-21T10:12:02.954+0300] {logging_mixin.py:117} INFO - [2023-11-21T10:12:02.954+0300] {dagbag.py:525} INFO - Filling up the DagBag from /home/user/Masaüstü/kafka/.env/lib/python3.8/site-packages/airflow/example_dags/example_latest_only_with_trigger.py
[2023-11-21T10:12:02.970+0300] {processor.py:768} INFO - DAG(s) dict_keys(['latest_only_with_trigger']) retrieved from /home/user/Masaüstü/kafka/.env/lib/python3.8/site-packages/airflow/example_dags/example_latest_only_with_trigger.py
[2023-11-21T10:12:03.010+0300] {logging_mixin.py:117} INFO - [2023-11-21T10:12:03.010+0300] {dag.py:2573} INFO - Sync 1 DAGs
[2023-11-21T10:12:03.034+0300] {logging_mixin.py:117} INFO - [2023-11-21T10:12:03.034+0300] {dag.py:3324} INFO - Setting next_dagrun for latest_only_with_trigger to 2023-11-21T03:12:03.034415+00:00, run_after=2023-11-21T07:12:03.034415+00:00
[2023-11-21T10:12:03.058+0300] {processor.py:178} INFO - Processing /home/user/Masaüstü/kafka/.env/lib/python3.8/site-packages/airflow/example_dags/example_latest_only_with_trigger.py took 0.110 seconds
[2023-11-21T10:12:41.696+0300] {processor.py:156} INFO - Started process (PID=33924) to work on /home/user/Masaüstü/kafka/.env/lib/python3.8/site-packages/airflow/example_dags/example_latest_only_with_trigger.py
[2023-11-21T10:12:41.699+0300] {processor.py:758} INFO - Processing file /home/user/Masaüstü/kafka/.env/lib/python3.8/site-packages/airflow/example_dags/example_latest_only_with_trigger.py for tasks to queue
[2023-11-21T10:12:41.701+0300] {logging_mixin.py:117} INFO - [2023-11-21T10:12:41.701+0300] {dagbag.py:525} INFO - Filling up the DagBag from /home/user/Masaüstü/kafka/.env/lib/python3.8/site-packages/airflow/example_dags/example_latest_only_with_trigger.py
[2023-11-21T10:12:41.727+0300] {processor.py:768} INFO - DAG(s) dict_keys(['latest_only_with_trigger']) retrieved from /home/user/Masaüstü/kafka/.env/lib/python3.8/site-packages/airflow/example_dags/example_latest_only_with_trigger.py
[2023-11-21T10:12:41.748+0300] {logging_mixin.py:117} INFO - [2023-11-21T10:12:41.748+0300] {dag.py:2573} INFO - Sync 1 DAGs
[2023-11-21T10:12:41.762+0300] {logging_mixin.py:117} INFO - [2023-11-21T10:12:41.762+0300] {dag.py:3324} INFO - Setting next_dagrun for latest_only_with_trigger to 2023-11-21T03:12:41.762172+00:00, run_after=2023-11-21T07:12:41.762172+00:00
[2023-11-21T10:12:41.779+0300] {processor.py:178} INFO - Processing /home/user/Masaüstü/kafka/.env/lib/python3.8/site-packages/airflow/example_dags/example_latest_only_with_trigger.py took 0.089 seconds
[2023-11-21T10:13:19.948+0300] {processor.py:156} INFO - Started process (PID=34174) to work on /home/user/Masaüstü/kafka/.env/lib/python3.8/site-packages/airflow/example_dags/example_latest_only_with_trigger.py
[2023-11-21T10:13:19.950+0300] {processor.py:758} INFO - Processing file /home/user/Masaüstü/kafka/.env/lib/python3.8/site-packages/airflow/example_dags/example_latest_only_with_trigger.py for tasks to queue
[2023-11-21T10:13:19.951+0300] {logging_mixin.py:117} INFO - [2023-11-21T10:13:19.950+0300] {dagbag.py:525} INFO - Filling up the DagBag from /home/user/Masaüstü/kafka/.env/lib/python3.8/site-packages/airflow/example_dags/example_latest_only_with_trigger.py
[2023-11-21T10:13:19.970+0300] {processor.py:768} INFO - DAG(s) dict_keys(['latest_only_with_trigger']) retrieved from /home/user/Masaüstü/kafka/.env/lib/python3.8/site-packages/airflow/example_dags/example_latest_only_with_trigger.py
[2023-11-21T10:13:19.991+0300] {logging_mixin.py:117} INFO - [2023-11-21T10:13:19.991+0300] {dag.py:2573} INFO - Sync 1 DAGs
[2023-11-21T10:13:20.006+0300] {logging_mixin.py:117} INFO - [2023-11-21T10:13:20.006+0300] {dag.py:3324} INFO - Setting next_dagrun for latest_only_with_trigger to 2023-11-21T03:13:20.006070+00:00, run_after=2023-11-21T07:13:20.006070+00:00
[2023-11-21T10:13:20.023+0300] {processor.py:178} INFO - Processing /home/user/Masaüstü/kafka/.env/lib/python3.8/site-packages/airflow/example_dags/example_latest_only_with_trigger.py took 0.079 seconds
[2023-11-21T10:14:11.852+0300] {processor.py:156} INFO - Started process (PID=34907) to work on /home/user/Masaüstü/kafka/.env/lib/python3.8/site-packages/airflow/example_dags/example_latest_only_with_trigger.py
[2023-11-21T10:14:11.856+0300] {processor.py:758} INFO - Processing file /home/user/Masaüstü/kafka/.env/lib/python3.8/site-packages/airflow/example_dags/example_latest_only_with_trigger.py for tasks to queue
[2023-11-21T10:14:11.858+0300] {logging_mixin.py:117} INFO - [2023-11-21T10:14:11.857+0300] {dagbag.py:525} INFO - Filling up the DagBag from /home/user/Masaüstü/kafka/.env/lib/python3.8/site-packages/airflow/example_dags/example_latest_only_with_trigger.py
[2023-11-21T10:14:11.884+0300] {processor.py:768} INFO - DAG(s) dict_keys(['latest_only_with_trigger']) retrieved from /home/user/Masaüstü/kafka/.env/lib/python3.8/site-packages/airflow/example_dags/example_latest_only_with_trigger.py
[2023-11-21T10:14:11.916+0300] {logging_mixin.py:117} INFO - [2023-11-21T10:14:11.916+0300] {dag.py:2573} INFO - Sync 1 DAGs
[2023-11-21T10:14:11.940+0300] {logging_mixin.py:117} INFO - [2023-11-21T10:14:11.940+0300] {dag.py:3324} INFO - Setting next_dagrun for latest_only_with_trigger to 2023-11-21T03:14:11.940093+00:00, run_after=2023-11-21T07:14:11.940093+00:00
[2023-11-21T10:14:11.960+0300] {processor.py:178} INFO - Processing /home/user/Masaüstü/kafka/.env/lib/python3.8/site-packages/airflow/example_dags/example_latest_only_with_trigger.py took 0.117 seconds
[2023-11-21T10:14:50.578+0300] {processor.py:156} INFO - Started process (PID=35335) to work on /home/user/Masaüstü/kafka/.env/lib/python3.8/site-packages/airflow/example_dags/example_latest_only_with_trigger.py
[2023-11-21T10:14:50.581+0300] {processor.py:758} INFO - Processing file /home/user/Masaüstü/kafka/.env/lib/python3.8/site-packages/airflow/example_dags/example_latest_only_with_trigger.py for tasks to queue
[2023-11-21T10:14:50.582+0300] {logging_mixin.py:117} INFO - [2023-11-21T10:14:50.581+0300] {dagbag.py:525} INFO - Filling up the DagBag from /home/user/Masaüstü/kafka/.env/lib/python3.8/site-packages/airflow/example_dags/example_latest_only_with_trigger.py
[2023-11-21T10:14:50.606+0300] {processor.py:768} INFO - DAG(s) dict_keys(['latest_only_with_trigger']) retrieved from /home/user/Masaüstü/kafka/.env/lib/python3.8/site-packages/airflow/example_dags/example_latest_only_with_trigger.py
[2023-11-21T10:14:50.628+0300] {logging_mixin.py:117} INFO - [2023-11-21T10:14:50.628+0300] {dag.py:2573} INFO - Sync 1 DAGs
[2023-11-21T10:14:50.643+0300] {logging_mixin.py:117} INFO - [2023-11-21T10:14:50.643+0300] {dag.py:3324} INFO - Setting next_dagrun for latest_only_with_trigger to 2023-11-21T03:14:50.643019+00:00, run_after=2023-11-21T07:14:50.643019+00:00
[2023-11-21T10:14:50.662+0300] {processor.py:178} INFO - Processing /home/user/Masaüstü/kafka/.env/lib/python3.8/site-packages/airflow/example_dags/example_latest_only_with_trigger.py took 0.089 seconds
[2023-11-21T10:15:28.264+0300] {processor.py:156} INFO - Started process (PID=35644) to work on /home/user/Masaüstü/kafka/.env/lib/python3.8/site-packages/airflow/example_dags/example_latest_only_with_trigger.py
[2023-11-21T10:15:28.265+0300] {processor.py:758} INFO - Processing file /home/user/Masaüstü/kafka/.env/lib/python3.8/site-packages/airflow/example_dags/example_latest_only_with_trigger.py for tasks to queue
[2023-11-21T10:15:28.265+0300] {logging_mixin.py:117} INFO - [2023-11-21T10:15:28.265+0300] {dagbag.py:525} INFO - Filling up the DagBag from /home/user/Masaüstü/kafka/.env/lib/python3.8/site-packages/airflow/example_dags/example_latest_only_with_trigger.py
[2023-11-21T10:15:28.275+0300] {processor.py:768} INFO - DAG(s) dict_keys(['latest_only_with_trigger']) retrieved from /home/user/Masaüstü/kafka/.env/lib/python3.8/site-packages/airflow/example_dags/example_latest_only_with_trigger.py
[2023-11-21T10:15:28.291+0300] {logging_mixin.py:117} INFO - [2023-11-21T10:15:28.291+0300] {dag.py:2573} INFO - Sync 1 DAGs
[2023-11-21T10:15:28.306+0300] {logging_mixin.py:117} INFO - [2023-11-21T10:15:28.306+0300] {dag.py:3324} INFO - Setting next_dagrun for latest_only_with_trigger to 2023-11-21T03:15:28.306326+00:00, run_after=2023-11-21T07:15:28.306326+00:00
[2023-11-21T10:15:28.323+0300] {processor.py:178} INFO - Processing /home/user/Masaüstü/kafka/.env/lib/python3.8/site-packages/airflow/example_dags/example_latest_only_with_trigger.py took 0.061 seconds
[2023-11-21T10:16:04.742+0300] {processor.py:156} INFO - Started process (PID=35870) to work on /home/user/Masaüstü/kafka/.env/lib/python3.8/site-packages/airflow/example_dags/example_latest_only_with_trigger.py
[2023-11-21T10:16:04.742+0300] {processor.py:758} INFO - Processing file /home/user/Masaüstü/kafka/.env/lib/python3.8/site-packages/airflow/example_dags/example_latest_only_with_trigger.py for tasks to queue
[2023-11-21T10:16:04.743+0300] {logging_mixin.py:117} INFO - [2023-11-21T10:16:04.742+0300] {dagbag.py:525} INFO - Filling up the DagBag from /home/user/Masaüstü/kafka/.env/lib/python3.8/site-packages/airflow/example_dags/example_latest_only_with_trigger.py
[2023-11-21T10:16:04.753+0300] {processor.py:768} INFO - DAG(s) dict_keys(['latest_only_with_trigger']) retrieved from /home/user/Masaüstü/kafka/.env/lib/python3.8/site-packages/airflow/example_dags/example_latest_only_with_trigger.py
[2023-11-21T10:16:04.770+0300] {logging_mixin.py:117} INFO - [2023-11-21T10:16:04.770+0300] {dag.py:2573} INFO - Sync 1 DAGs
[2023-11-21T10:16:04.785+0300] {logging_mixin.py:117} INFO - [2023-11-21T10:16:04.785+0300] {dag.py:3324} INFO - Setting next_dagrun for latest_only_with_trigger to 2023-11-21T03:16:04.784888+00:00, run_after=2023-11-21T07:16:04.784888+00:00
[2023-11-21T10:16:04.812+0300] {processor.py:178} INFO - Processing /home/user/Masaüstü/kafka/.env/lib/python3.8/site-packages/airflow/example_dags/example_latest_only_with_trigger.py took 0.072 seconds
[2023-11-21T10:16:42.380+0300] {processor.py:156} INFO - Started process (PID=36122) to work on /home/user/Masaüstü/kafka/.env/lib/python3.8/site-packages/airflow/example_dags/example_latest_only_with_trigger.py
[2023-11-21T10:16:42.382+0300] {processor.py:758} INFO - Processing file /home/user/Masaüstü/kafka/.env/lib/python3.8/site-packages/airflow/example_dags/example_latest_only_with_trigger.py for tasks to queue
[2023-11-21T10:16:42.383+0300] {logging_mixin.py:117} INFO - [2023-11-21T10:16:42.382+0300] {dagbag.py:525} INFO - Filling up the DagBag from /home/user/Masaüstü/kafka/.env/lib/python3.8/site-packages/airflow/example_dags/example_latest_only_with_trigger.py
[2023-11-21T10:16:42.399+0300] {processor.py:768} INFO - DAG(s) dict_keys(['latest_only_with_trigger']) retrieved from /home/user/Masaüstü/kafka/.env/lib/python3.8/site-packages/airflow/example_dags/example_latest_only_with_trigger.py
[2023-11-21T10:16:42.420+0300] {logging_mixin.py:117} INFO - [2023-11-21T10:16:42.420+0300] {dag.py:2573} INFO - Sync 1 DAGs
[2023-11-21T10:16:42.435+0300] {logging_mixin.py:117} INFO - [2023-11-21T10:16:42.435+0300] {dag.py:3324} INFO - Setting next_dagrun for latest_only_with_trigger to 2023-11-21T03:16:42.434775+00:00, run_after=2023-11-21T07:16:42.434775+00:00
[2023-11-21T10:16:42.457+0300] {processor.py:178} INFO - Processing /home/user/Masaüstü/kafka/.env/lib/python3.8/site-packages/airflow/example_dags/example_latest_only_with_trigger.py took 0.080 seconds
[2023-11-21T10:17:20.230+0300] {processor.py:156} INFO - Started process (PID=36388) to work on /home/user/Masaüstü/kafka/.env/lib/python3.8/site-packages/airflow/example_dags/example_latest_only_with_trigger.py
[2023-11-21T10:17:20.232+0300] {processor.py:758} INFO - Processing file /home/user/Masaüstü/kafka/.env/lib/python3.8/site-packages/airflow/example_dags/example_latest_only_with_trigger.py for tasks to queue
[2023-11-21T10:17:20.233+0300] {logging_mixin.py:117} INFO - [2023-11-21T10:17:20.233+0300] {dagbag.py:525} INFO - Filling up the DagBag from /home/user/Masaüstü/kafka/.env/lib/python3.8/site-packages/airflow/example_dags/example_latest_only_with_trigger.py
[2023-11-21T10:17:20.248+0300] {processor.py:768} INFO - DAG(s) dict_keys(['latest_only_with_trigger']) retrieved from /home/user/Masaüstü/kafka/.env/lib/python3.8/site-packages/airflow/example_dags/example_latest_only_with_trigger.py
[2023-11-21T10:17:20.271+0300] {logging_mixin.py:117} INFO - [2023-11-21T10:17:20.270+0300] {dag.py:2573} INFO - Sync 1 DAGs
[2023-11-21T10:17:20.294+0300] {logging_mixin.py:117} INFO - [2023-11-21T10:17:20.294+0300] {dag.py:3324} INFO - Setting next_dagrun for latest_only_with_trigger to 2023-11-21T03:17:20.294458+00:00, run_after=2023-11-21T07:17:20.294458+00:00
[2023-11-21T10:17:20.312+0300] {processor.py:178} INFO - Processing /home/user/Masaüstü/kafka/.env/lib/python3.8/site-packages/airflow/example_dags/example_latest_only_with_trigger.py took 0.084 seconds
[2023-11-21T10:17:57.037+0300] {processor.py:156} INFO - Started process (PID=36646) to work on /home/user/Masaüstü/kafka/.env/lib/python3.8/site-packages/airflow/example_dags/example_latest_only_with_trigger.py
[2023-11-21T10:17:57.040+0300] {processor.py:758} INFO - Processing file /home/user/Masaüstü/kafka/.env/lib/python3.8/site-packages/airflow/example_dags/example_latest_only_with_trigger.py for tasks to queue
[2023-11-21T10:17:57.041+0300] {logging_mixin.py:117} INFO - [2023-11-21T10:17:57.040+0300] {dagbag.py:525} INFO - Filling up the DagBag from /home/user/Masaüstü/kafka/.env/lib/python3.8/site-packages/airflow/example_dags/example_latest_only_with_trigger.py
[2023-11-21T10:17:57.055+0300] {processor.py:768} INFO - DAG(s) dict_keys(['latest_only_with_trigger']) retrieved from /home/user/Masaüstü/kafka/.env/lib/python3.8/site-packages/airflow/example_dags/example_latest_only_with_trigger.py
[2023-11-21T10:17:57.086+0300] {logging_mixin.py:117} INFO - [2023-11-21T10:17:57.086+0300] {dag.py:2573} INFO - Sync 1 DAGs
[2023-11-21T10:17:57.107+0300] {logging_mixin.py:117} INFO - [2023-11-21T10:17:57.107+0300] {dag.py:3324} INFO - Setting next_dagrun for latest_only_with_trigger to 2023-11-21T03:17:57.106783+00:00, run_after=2023-11-21T07:17:57.106783+00:00
[2023-11-21T10:17:57.135+0300] {processor.py:178} INFO - Processing /home/user/Masaüstü/kafka/.env/lib/python3.8/site-packages/airflow/example_dags/example_latest_only_with_trigger.py took 0.100 seconds
[2023-11-21T10:18:35.869+0300] {processor.py:156} INFO - Started process (PID=36910) to work on /home/user/Masaüstü/kafka/.env/lib/python3.8/site-packages/airflow/example_dags/example_latest_only_with_trigger.py
[2023-11-21T10:18:35.871+0300] {processor.py:758} INFO - Processing file /home/user/Masaüstü/kafka/.env/lib/python3.8/site-packages/airflow/example_dags/example_latest_only_with_trigger.py for tasks to queue
[2023-11-21T10:18:35.872+0300] {logging_mixin.py:117} INFO - [2023-11-21T10:18:35.872+0300] {dagbag.py:525} INFO - Filling up the DagBag from /home/user/Masaüstü/kafka/.env/lib/python3.8/site-packages/airflow/example_dags/example_latest_only_with_trigger.py
[2023-11-21T10:18:35.890+0300] {processor.py:768} INFO - DAG(s) dict_keys(['latest_only_with_trigger']) retrieved from /home/user/Masaüstü/kafka/.env/lib/python3.8/site-packages/airflow/example_dags/example_latest_only_with_trigger.py
[2023-11-21T10:18:35.913+0300] {logging_mixin.py:117} INFO - [2023-11-21T10:18:35.913+0300] {dag.py:2573} INFO - Sync 1 DAGs
[2023-11-21T10:18:35.927+0300] {logging_mixin.py:117} INFO - [2023-11-21T10:18:35.927+0300] {dag.py:3324} INFO - Setting next_dagrun for latest_only_with_trigger to 2023-11-21T03:18:35.927568+00:00, run_after=2023-11-21T07:18:35.927568+00:00
[2023-11-21T10:18:35.946+0300] {processor.py:178} INFO - Processing /home/user/Masaüstü/kafka/.env/lib/python3.8/site-packages/airflow/example_dags/example_latest_only_with_trigger.py took 0.079 seconds
[2023-11-21T10:19:14.308+0300] {processor.py:156} INFO - Started process (PID=37149) to work on /home/user/Masaüstü/kafka/.env/lib/python3.8/site-packages/airflow/example_dags/example_latest_only_with_trigger.py
[2023-11-21T10:19:14.310+0300] {processor.py:758} INFO - Processing file /home/user/Masaüstü/kafka/.env/lib/python3.8/site-packages/airflow/example_dags/example_latest_only_with_trigger.py for tasks to queue
[2023-11-21T10:19:14.311+0300] {logging_mixin.py:117} INFO - [2023-11-21T10:19:14.311+0300] {dagbag.py:525} INFO - Filling up the DagBag from /home/user/Masaüstü/kafka/.env/lib/python3.8/site-packages/airflow/example_dags/example_latest_only_with_trigger.py
[2023-11-21T10:19:14.325+0300] {processor.py:768} INFO - DAG(s) dict_keys(['latest_only_with_trigger']) retrieved from /home/user/Masaüstü/kafka/.env/lib/python3.8/site-packages/airflow/example_dags/example_latest_only_with_trigger.py
[2023-11-21T10:19:14.346+0300] {logging_mixin.py:117} INFO - [2023-11-21T10:19:14.345+0300] {dag.py:2573} INFO - Sync 1 DAGs
[2023-11-21T10:19:14.360+0300] {logging_mixin.py:117} INFO - [2023-11-21T10:19:14.360+0300] {dag.py:3324} INFO - Setting next_dagrun for latest_only_with_trigger to 2023-11-21T03:19:14.360671+00:00, run_after=2023-11-21T07:19:14.360671+00:00
[2023-11-21T10:19:14.377+0300] {processor.py:178} INFO - Processing /home/user/Masaüstü/kafka/.env/lib/python3.8/site-packages/airflow/example_dags/example_latest_only_with_trigger.py took 0.072 seconds
[2023-11-21T10:19:53.764+0300] {processor.py:156} INFO - Started process (PID=37483) to work on /home/user/Masaüstü/kafka/.env/lib/python3.8/site-packages/airflow/example_dags/example_latest_only_with_trigger.py
[2023-11-21T10:19:53.766+0300] {processor.py:758} INFO - Processing file /home/user/Masaüstü/kafka/.env/lib/python3.8/site-packages/airflow/example_dags/example_latest_only_with_trigger.py for tasks to queue
[2023-11-21T10:19:53.768+0300] {logging_mixin.py:117} INFO - [2023-11-21T10:19:53.768+0300] {dagbag.py:525} INFO - Filling up the DagBag from /home/user/Masaüstü/kafka/.env/lib/python3.8/site-packages/airflow/example_dags/example_latest_only_with_trigger.py
[2023-11-21T10:19:53.787+0300] {processor.py:768} INFO - DAG(s) dict_keys(['latest_only_with_trigger']) retrieved from /home/user/Masaüstü/kafka/.env/lib/python3.8/site-packages/airflow/example_dags/example_latest_only_with_trigger.py
[2023-11-21T10:19:53.816+0300] {logging_mixin.py:117} INFO - [2023-11-21T10:19:53.816+0300] {dag.py:2573} INFO - Sync 1 DAGs
[2023-11-21T10:19:53.839+0300] {logging_mixin.py:117} INFO - [2023-11-21T10:19:53.839+0300] {dag.py:3324} INFO - Setting next_dagrun for latest_only_with_trigger to 2023-11-21T03:19:53.839616+00:00, run_after=2023-11-21T07:19:53.839616+00:00
[2023-11-21T10:19:53.872+0300] {processor.py:178} INFO - Processing /home/user/Masaüstü/kafka/.env/lib/python3.8/site-packages/airflow/example_dags/example_latest_only_with_trigger.py took 0.110 seconds
