[2023-11-21T09:51:50.407+0300] {processor.py:156} INFO - Started process (PID=23859) to work on /home/user/Masaüstü/kafka/.env/lib/python3.8/site-packages/airflow/example_dags/example_short_circuit_decorator.py
[2023-11-21T09:51:50.408+0300] {processor.py:758} INFO - Processing file /home/user/Masaüstü/kafka/.env/lib/python3.8/site-packages/airflow/example_dags/example_short_circuit_decorator.py for tasks to queue
[2023-11-21T09:51:50.408+0300] {logging_mixin.py:117} INFO - [2023-11-21T09:51:50.408+0300] {dagbag.py:525} INFO - Filling up the DagBag from /home/user/Masaüstü/kafka/.env/lib/python3.8/site-packages/airflow/example_dags/example_short_circuit_decorator.py
[2023-11-21T09:51:50.427+0300] {processor.py:768} INFO - DAG(s) dict_keys(['example_short_circuit_decorator']) retrieved from /home/user/Masaüstü/kafka/.env/lib/python3.8/site-packages/airflow/example_dags/example_short_circuit_decorator.py
[2023-11-21T09:51:50.445+0300] {logging_mixin.py:117} INFO - [2023-11-21T09:51:50.445+0300] {dag.py:2573} INFO - Sync 1 DAGs
[2023-11-21T09:51:50.459+0300] {logging_mixin.py:117} INFO - [2023-11-21T09:51:50.459+0300] {dag.py:3324} INFO - Setting next_dagrun for example_short_circuit_decorator to 2023-11-20T06:51:50.459215+00:00, run_after=2023-11-21T06:51:50.459215+00:00
[2023-11-21T09:51:50.483+0300] {processor.py:178} INFO - Processing /home/user/Masaüstü/kafka/.env/lib/python3.8/site-packages/airflow/example_dags/example_short_circuit_decorator.py took 0.078 seconds
[2023-11-21T09:52:25.823+0300] {processor.py:156} INFO - Started process (PID=24259) to work on /home/user/Masaüstü/kafka/.env/lib/python3.8/site-packages/airflow/example_dags/example_short_circuit_decorator.py
[2023-11-21T09:52:25.823+0300] {processor.py:758} INFO - Processing file /home/user/Masaüstü/kafka/.env/lib/python3.8/site-packages/airflow/example_dags/example_short_circuit_decorator.py for tasks to queue
[2023-11-21T09:52:25.824+0300] {logging_mixin.py:117} INFO - [2023-11-21T09:52:25.824+0300] {dagbag.py:525} INFO - Filling up the DagBag from /home/user/Masaüstü/kafka/.env/lib/python3.8/site-packages/airflow/example_dags/example_short_circuit_decorator.py
[2023-11-21T09:52:25.845+0300] {processor.py:768} INFO - DAG(s) dict_keys(['example_short_circuit_decorator']) retrieved from /home/user/Masaüstü/kafka/.env/lib/python3.8/site-packages/airflow/example_dags/example_short_circuit_decorator.py
[2023-11-21T09:52:25.867+0300] {logging_mixin.py:117} INFO - [2023-11-21T09:52:25.866+0300] {dag.py:2573} INFO - Sync 1 DAGs
[2023-11-21T09:52:25.882+0300] {logging_mixin.py:117} INFO - [2023-11-21T09:52:25.882+0300] {dag.py:3324} INFO - Setting next_dagrun for example_short_circuit_decorator to 2023-11-20T06:52:25.882613+00:00, run_after=2023-11-21T06:52:25.882613+00:00
[2023-11-21T09:52:25.904+0300] {processor.py:178} INFO - Processing /home/user/Masaüstü/kafka/.env/lib/python3.8/site-packages/airflow/example_dags/example_short_circuit_decorator.py took 0.082 seconds
[2023-11-21T09:53:03.732+0300] {processor.py:156} INFO - Started process (PID=24567) to work on /home/user/Masaüstü/kafka/.env/lib/python3.8/site-packages/airflow/example_dags/example_short_circuit_decorator.py
[2023-11-21T09:53:03.735+0300] {processor.py:758} INFO - Processing file /home/user/Masaüstü/kafka/.env/lib/python3.8/site-packages/airflow/example_dags/example_short_circuit_decorator.py for tasks to queue
[2023-11-21T09:53:03.738+0300] {logging_mixin.py:117} INFO - [2023-11-21T09:53:03.737+0300] {dagbag.py:525} INFO - Filling up the DagBag from /home/user/Masaüstü/kafka/.env/lib/python3.8/site-packages/airflow/example_dags/example_short_circuit_decorator.py
[2023-11-21T09:53:03.786+0300] {processor.py:768} INFO - DAG(s) dict_keys(['example_short_circuit_decorator']) retrieved from /home/user/Masaüstü/kafka/.env/lib/python3.8/site-packages/airflow/example_dags/example_short_circuit_decorator.py
[2023-11-21T09:53:03.822+0300] {logging_mixin.py:117} INFO - [2023-11-21T09:53:03.822+0300] {dag.py:2573} INFO - Sync 1 DAGs
[2023-11-21T09:53:03.845+0300] {logging_mixin.py:117} INFO - [2023-11-21T09:53:03.844+0300] {dag.py:3324} INFO - Setting next_dagrun for example_short_circuit_decorator to 2023-11-20T06:53:03.844751+00:00, run_after=2023-11-21T06:53:03.844751+00:00
[2023-11-21T09:53:03.866+0300] {processor.py:178} INFO - Processing /home/user/Masaüstü/kafka/.env/lib/python3.8/site-packages/airflow/example_dags/example_short_circuit_decorator.py took 0.141 seconds
[2023-11-21T09:53:42.901+0300] {processor.py:156} INFO - Started process (PID=24826) to work on /home/user/Masaüstü/kafka/.env/lib/python3.8/site-packages/airflow/example_dags/example_short_circuit_decorator.py
[2023-11-21T09:53:42.905+0300] {processor.py:758} INFO - Processing file /home/user/Masaüstü/kafka/.env/lib/python3.8/site-packages/airflow/example_dags/example_short_circuit_decorator.py for tasks to queue
[2023-11-21T09:53:42.907+0300] {logging_mixin.py:117} INFO - [2023-11-21T09:53:42.906+0300] {dagbag.py:525} INFO - Filling up the DagBag from /home/user/Masaüstü/kafka/.env/lib/python3.8/site-packages/airflow/example_dags/example_short_circuit_decorator.py
[2023-11-21T09:53:42.940+0300] {processor.py:768} INFO - DAG(s) dict_keys(['example_short_circuit_decorator']) retrieved from /home/user/Masaüstü/kafka/.env/lib/python3.8/site-packages/airflow/example_dags/example_short_circuit_decorator.py
[2023-11-21T09:53:42.959+0300] {logging_mixin.py:117} INFO - [2023-11-21T09:53:42.959+0300] {dag.py:2573} INFO - Sync 1 DAGs
[2023-11-21T09:53:42.974+0300] {logging_mixin.py:117} INFO - [2023-11-21T09:53:42.974+0300] {dag.py:3324} INFO - Setting next_dagrun for example_short_circuit_decorator to 2023-11-20T06:53:42.974182+00:00, run_after=2023-11-21T06:53:42.974182+00:00
[2023-11-21T09:53:42.996+0300] {processor.py:178} INFO - Processing /home/user/Masaüstü/kafka/.env/lib/python3.8/site-packages/airflow/example_dags/example_short_circuit_decorator.py took 0.102 seconds
[2023-11-21T09:54:18.851+0300] {processor.py:156} INFO - Started process (PID=25041) to work on /home/user/Masaüstü/kafka/.env/lib/python3.8/site-packages/airflow/example_dags/example_short_circuit_decorator.py
[2023-11-21T09:54:18.853+0300] {processor.py:758} INFO - Processing file /home/user/Masaüstü/kafka/.env/lib/python3.8/site-packages/airflow/example_dags/example_short_circuit_decorator.py for tasks to queue
[2023-11-21T09:54:18.854+0300] {logging_mixin.py:117} INFO - [2023-11-21T09:54:18.854+0300] {dagbag.py:525} INFO - Filling up the DagBag from /home/user/Masaüstü/kafka/.env/lib/python3.8/site-packages/airflow/example_dags/example_short_circuit_decorator.py
[2023-11-21T09:54:18.891+0300] {processor.py:768} INFO - DAG(s) dict_keys(['example_short_circuit_decorator']) retrieved from /home/user/Masaüstü/kafka/.env/lib/python3.8/site-packages/airflow/example_dags/example_short_circuit_decorator.py
[2023-11-21T09:54:18.910+0300] {logging_mixin.py:117} INFO - [2023-11-21T09:54:18.910+0300] {dag.py:2573} INFO - Sync 1 DAGs
[2023-11-21T09:54:18.924+0300] {logging_mixin.py:117} INFO - [2023-11-21T09:54:18.924+0300] {dag.py:3324} INFO - Setting next_dagrun for example_short_circuit_decorator to 2023-11-20T06:54:18.923962+00:00, run_after=2023-11-21T06:54:18.923962+00:00
[2023-11-21T09:54:18.941+0300] {processor.py:178} INFO - Processing /home/user/Masaüstü/kafka/.env/lib/python3.8/site-packages/airflow/example_dags/example_short_circuit_decorator.py took 0.094 seconds
[2023-11-21T09:54:54.759+0300] {processor.py:156} INFO - Started process (PID=25273) to work on /home/user/Masaüstü/kafka/.env/lib/python3.8/site-packages/airflow/example_dags/example_short_circuit_decorator.py
[2023-11-21T09:54:54.762+0300] {processor.py:758} INFO - Processing file /home/user/Masaüstü/kafka/.env/lib/python3.8/site-packages/airflow/example_dags/example_short_circuit_decorator.py for tasks to queue
[2023-11-21T09:54:54.763+0300] {logging_mixin.py:117} INFO - [2023-11-21T09:54:54.763+0300] {dagbag.py:525} INFO - Filling up the DagBag from /home/user/Masaüstü/kafka/.env/lib/python3.8/site-packages/airflow/example_dags/example_short_circuit_decorator.py
[2023-11-21T09:54:54.801+0300] {processor.py:768} INFO - DAG(s) dict_keys(['example_short_circuit_decorator']) retrieved from /home/user/Masaüstü/kafka/.env/lib/python3.8/site-packages/airflow/example_dags/example_short_circuit_decorator.py
[2023-11-21T09:54:54.819+0300] {logging_mixin.py:117} INFO - [2023-11-21T09:54:54.819+0300] {dag.py:2573} INFO - Sync 1 DAGs
[2023-11-21T09:54:54.833+0300] {logging_mixin.py:117} INFO - [2023-11-21T09:54:54.833+0300] {dag.py:3324} INFO - Setting next_dagrun for example_short_circuit_decorator to 2023-11-20T06:54:54.833531+00:00, run_after=2023-11-21T06:54:54.833531+00:00
[2023-11-21T09:54:54.858+0300] {processor.py:178} INFO - Processing /home/user/Masaüstü/kafka/.env/lib/python3.8/site-packages/airflow/example_dags/example_short_circuit_decorator.py took 0.104 seconds
[2023-11-21T09:55:33.162+0300] {processor.py:156} INFO - Started process (PID=25589) to work on /home/user/Masaüstü/kafka/.env/lib/python3.8/site-packages/airflow/example_dags/example_short_circuit_decorator.py
[2023-11-21T09:55:33.163+0300] {processor.py:758} INFO - Processing file /home/user/Masaüstü/kafka/.env/lib/python3.8/site-packages/airflow/example_dags/example_short_circuit_decorator.py for tasks to queue
[2023-11-21T09:55:33.164+0300] {logging_mixin.py:117} INFO - [2023-11-21T09:55:33.164+0300] {dagbag.py:525} INFO - Filling up the DagBag from /home/user/Masaüstü/kafka/.env/lib/python3.8/site-packages/airflow/example_dags/example_short_circuit_decorator.py
[2023-11-21T09:55:33.190+0300] {processor.py:768} INFO - DAG(s) dict_keys(['example_short_circuit_decorator']) retrieved from /home/user/Masaüstü/kafka/.env/lib/python3.8/site-packages/airflow/example_dags/example_short_circuit_decorator.py
[2023-11-21T09:55:33.214+0300] {logging_mixin.py:117} INFO - [2023-11-21T09:55:33.214+0300] {dag.py:2573} INFO - Sync 1 DAGs
[2023-11-21T09:55:33.235+0300] {logging_mixin.py:117} INFO - [2023-11-21T09:55:33.235+0300] {dag.py:3324} INFO - Setting next_dagrun for example_short_circuit_decorator to 2023-11-20T06:55:33.234921+00:00, run_after=2023-11-21T06:55:33.234921+00:00
[2023-11-21T09:55:33.263+0300] {processor.py:178} INFO - Processing /home/user/Masaüstü/kafka/.env/lib/python3.8/site-packages/airflow/example_dags/example_short_circuit_decorator.py took 0.103 seconds
[2023-11-21T09:56:09.404+0300] {processor.py:156} INFO - Started process (PID=25815) to work on /home/user/Masaüstü/kafka/.env/lib/python3.8/site-packages/airflow/example_dags/example_short_circuit_decorator.py
[2023-11-21T09:56:09.407+0300] {processor.py:758} INFO - Processing file /home/user/Masaüstü/kafka/.env/lib/python3.8/site-packages/airflow/example_dags/example_short_circuit_decorator.py for tasks to queue
[2023-11-21T09:56:09.407+0300] {logging_mixin.py:117} INFO - [2023-11-21T09:56:09.407+0300] {dagbag.py:525} INFO - Filling up the DagBag from /home/user/Masaüstü/kafka/.env/lib/python3.8/site-packages/airflow/example_dags/example_short_circuit_decorator.py
[2023-11-21T09:56:09.431+0300] {processor.py:768} INFO - DAG(s) dict_keys(['example_short_circuit_decorator']) retrieved from /home/user/Masaüstü/kafka/.env/lib/python3.8/site-packages/airflow/example_dags/example_short_circuit_decorator.py
[2023-11-21T09:56:09.457+0300] {logging_mixin.py:117} INFO - [2023-11-21T09:56:09.457+0300] {dag.py:2573} INFO - Sync 1 DAGs
[2023-11-21T09:56:09.500+0300] {logging_mixin.py:117} INFO - [2023-11-21T09:56:09.498+0300] {dag.py:3324} INFO - Setting next_dagrun for example_short_circuit_decorator to 2023-11-20T06:56:09.498086+00:00, run_after=2023-11-21T06:56:09.498086+00:00
[2023-11-21T09:56:09.591+0300] {processor.py:178} INFO - Processing /home/user/Masaüstü/kafka/.env/lib/python3.8/site-packages/airflow/example_dags/example_short_circuit_decorator.py took 0.189 seconds
[2023-11-21T09:56:45.500+0300] {processor.py:156} INFO - Started process (PID=26077) to work on /home/user/Masaüstü/kafka/.env/lib/python3.8/site-packages/airflow/example_dags/example_short_circuit_decorator.py
[2023-11-21T09:56:45.502+0300] {processor.py:758} INFO - Processing file /home/user/Masaüstü/kafka/.env/lib/python3.8/site-packages/airflow/example_dags/example_short_circuit_decorator.py for tasks to queue
[2023-11-21T09:56:45.503+0300] {logging_mixin.py:117} INFO - [2023-11-21T09:56:45.503+0300] {dagbag.py:525} INFO - Filling up the DagBag from /home/user/Masaüstü/kafka/.env/lib/python3.8/site-packages/airflow/example_dags/example_short_circuit_decorator.py
[2023-11-21T09:56:45.534+0300] {processor.py:768} INFO - DAG(s) dict_keys(['example_short_circuit_decorator']) retrieved from /home/user/Masaüstü/kafka/.env/lib/python3.8/site-packages/airflow/example_dags/example_short_circuit_decorator.py
[2023-11-21T09:56:45.565+0300] {logging_mixin.py:117} INFO - [2023-11-21T09:56:45.565+0300] {dag.py:2573} INFO - Sync 1 DAGs
[2023-11-21T09:56:45.591+0300] {logging_mixin.py:117} INFO - [2023-11-21T09:56:45.591+0300] {dag.py:3324} INFO - Setting next_dagrun for example_short_circuit_decorator to 2023-11-20T06:56:45.590941+00:00, run_after=2023-11-21T06:56:45.590941+00:00
[2023-11-21T09:56:45.622+0300] {processor.py:178} INFO - Processing /home/user/Masaüstü/kafka/.env/lib/python3.8/site-packages/airflow/example_dags/example_short_circuit_decorator.py took 0.124 seconds
[2023-11-21T09:57:24.230+0300] {processor.py:156} INFO - Started process (PID=26310) to work on /home/user/Masaüstü/kafka/.env/lib/python3.8/site-packages/airflow/example_dags/example_short_circuit_decorator.py
[2023-11-21T09:57:24.233+0300] {processor.py:758} INFO - Processing file /home/user/Masaüstü/kafka/.env/lib/python3.8/site-packages/airflow/example_dags/example_short_circuit_decorator.py for tasks to queue
[2023-11-21T09:57:24.235+0300] {logging_mixin.py:117} INFO - [2023-11-21T09:57:24.234+0300] {dagbag.py:525} INFO - Filling up the DagBag from /home/user/Masaüstü/kafka/.env/lib/python3.8/site-packages/airflow/example_dags/example_short_circuit_decorator.py
[2023-11-21T09:57:24.271+0300] {processor.py:768} INFO - DAG(s) dict_keys(['example_short_circuit_decorator']) retrieved from /home/user/Masaüstü/kafka/.env/lib/python3.8/site-packages/airflow/example_dags/example_short_circuit_decorator.py
[2023-11-21T09:57:24.289+0300] {logging_mixin.py:117} INFO - [2023-11-21T09:57:24.289+0300] {dag.py:2573} INFO - Sync 1 DAGs
[2023-11-21T09:57:24.304+0300] {logging_mixin.py:117} INFO - [2023-11-21T09:57:24.304+0300] {dag.py:3324} INFO - Setting next_dagrun for example_short_circuit_decorator to 2023-11-20T06:57:24.304327+00:00, run_after=2023-11-21T06:57:24.304327+00:00
[2023-11-21T09:57:24.328+0300] {processor.py:178} INFO - Processing /home/user/Masaüstü/kafka/.env/lib/python3.8/site-packages/airflow/example_dags/example_short_circuit_decorator.py took 0.105 seconds
[2023-11-21T09:58:01.777+0300] {processor.py:156} INFO - Started process (PID=26548) to work on /home/user/Masaüstü/kafka/.env/lib/python3.8/site-packages/airflow/example_dags/example_short_circuit_decorator.py
[2023-11-21T09:58:01.779+0300] {processor.py:758} INFO - Processing file /home/user/Masaüstü/kafka/.env/lib/python3.8/site-packages/airflow/example_dags/example_short_circuit_decorator.py for tasks to queue
[2023-11-21T09:58:01.780+0300] {logging_mixin.py:117} INFO - [2023-11-21T09:58:01.780+0300] {dagbag.py:525} INFO - Filling up the DagBag from /home/user/Masaüstü/kafka/.env/lib/python3.8/site-packages/airflow/example_dags/example_short_circuit_decorator.py
[2023-11-21T09:58:01.806+0300] {processor.py:768} INFO - DAG(s) dict_keys(['example_short_circuit_decorator']) retrieved from /home/user/Masaüstü/kafka/.env/lib/python3.8/site-packages/airflow/example_dags/example_short_circuit_decorator.py
[2023-11-21T09:58:01.825+0300] {logging_mixin.py:117} INFO - [2023-11-21T09:58:01.825+0300] {dag.py:2573} INFO - Sync 1 DAGs
[2023-11-21T09:58:01.839+0300] {logging_mixin.py:117} INFO - [2023-11-21T09:58:01.839+0300] {dag.py:3324} INFO - Setting next_dagrun for example_short_circuit_decorator to 2023-11-20T06:58:01.839411+00:00, run_after=2023-11-21T06:58:01.839411+00:00
[2023-11-21T09:58:01.856+0300] {processor.py:178} INFO - Processing /home/user/Masaüstü/kafka/.env/lib/python3.8/site-packages/airflow/example_dags/example_short_circuit_decorator.py took 0.081 seconds
[2023-11-21T09:58:38.036+0300] {processor.py:156} INFO - Started process (PID=27125) to work on /home/user/Masaüstü/kafka/.env/lib/python3.8/site-packages/airflow/example_dags/example_short_circuit_decorator.py
[2023-11-21T09:58:38.037+0300] {processor.py:758} INFO - Processing file /home/user/Masaüstü/kafka/.env/lib/python3.8/site-packages/airflow/example_dags/example_short_circuit_decorator.py for tasks to queue
[2023-11-21T09:58:38.038+0300] {logging_mixin.py:117} INFO - [2023-11-21T09:58:38.038+0300] {dagbag.py:525} INFO - Filling up the DagBag from /home/user/Masaüstü/kafka/.env/lib/python3.8/site-packages/airflow/example_dags/example_short_circuit_decorator.py
[2023-11-21T09:58:38.056+0300] {processor.py:768} INFO - DAG(s) dict_keys(['example_short_circuit_decorator']) retrieved from /home/user/Masaüstü/kafka/.env/lib/python3.8/site-packages/airflow/example_dags/example_short_circuit_decorator.py
[2023-11-21T09:58:38.075+0300] {logging_mixin.py:117} INFO - [2023-11-21T09:58:38.075+0300] {dag.py:2573} INFO - Sync 1 DAGs
[2023-11-21T09:58:38.091+0300] {logging_mixin.py:117} INFO - [2023-11-21T09:58:38.091+0300] {dag.py:3324} INFO - Setting next_dagrun for example_short_circuit_decorator to 2023-11-20T06:58:38.091136+00:00, run_after=2023-11-21T06:58:38.091136+00:00
[2023-11-21T09:58:38.108+0300] {processor.py:178} INFO - Processing /home/user/Masaüstü/kafka/.env/lib/python3.8/site-packages/airflow/example_dags/example_short_circuit_decorator.py took 0.074 seconds
[2023-11-21T09:59:15.222+0300] {processor.py:156} INFO - Started process (PID=27391) to work on /home/user/Masaüstü/kafka/.env/lib/python3.8/site-packages/airflow/example_dags/example_short_circuit_decorator.py
[2023-11-21T09:59:15.224+0300] {processor.py:758} INFO - Processing file /home/user/Masaüstü/kafka/.env/lib/python3.8/site-packages/airflow/example_dags/example_short_circuit_decorator.py for tasks to queue
[2023-11-21T09:59:15.225+0300] {logging_mixin.py:117} INFO - [2023-11-21T09:59:15.224+0300] {dagbag.py:525} INFO - Filling up the DagBag from /home/user/Masaüstü/kafka/.env/lib/python3.8/site-packages/airflow/example_dags/example_short_circuit_decorator.py
[2023-11-21T09:59:15.245+0300] {processor.py:768} INFO - DAG(s) dict_keys(['example_short_circuit_decorator']) retrieved from /home/user/Masaüstü/kafka/.env/lib/python3.8/site-packages/airflow/example_dags/example_short_circuit_decorator.py
[2023-11-21T09:59:15.265+0300] {logging_mixin.py:117} INFO - [2023-11-21T09:59:15.265+0300] {dag.py:2573} INFO - Sync 1 DAGs
[2023-11-21T09:59:15.279+0300] {logging_mixin.py:117} INFO - [2023-11-21T09:59:15.279+0300] {dag.py:3324} INFO - Setting next_dagrun for example_short_circuit_decorator to 2023-11-20T06:59:15.279401+00:00, run_after=2023-11-21T06:59:15.279401+00:00
[2023-11-21T09:59:15.297+0300] {processor.py:178} INFO - Processing /home/user/Masaüstü/kafka/.env/lib/python3.8/site-packages/airflow/example_dags/example_short_circuit_decorator.py took 0.077 seconds
[2023-11-21T09:59:50.335+0300] {processor.py:156} INFO - Started process (PID=27615) to work on /home/user/Masaüstü/kafka/.env/lib/python3.8/site-packages/airflow/example_dags/example_short_circuit_decorator.py
[2023-11-21T09:59:50.338+0300] {processor.py:758} INFO - Processing file /home/user/Masaüstü/kafka/.env/lib/python3.8/site-packages/airflow/example_dags/example_short_circuit_decorator.py for tasks to queue
[2023-11-21T09:59:50.341+0300] {logging_mixin.py:117} INFO - [2023-11-21T09:59:50.340+0300] {dagbag.py:525} INFO - Filling up the DagBag from /home/user/Masaüstü/kafka/.env/lib/python3.8/site-packages/airflow/example_dags/example_short_circuit_decorator.py
[2023-11-21T09:59:50.378+0300] {processor.py:768} INFO - DAG(s) dict_keys(['example_short_circuit_decorator']) retrieved from /home/user/Masaüstü/kafka/.env/lib/python3.8/site-packages/airflow/example_dags/example_short_circuit_decorator.py
[2023-11-21T09:59:50.395+0300] {logging_mixin.py:117} INFO - [2023-11-21T09:59:50.395+0300] {dag.py:2573} INFO - Sync 1 DAGs
[2023-11-21T09:59:50.409+0300] {logging_mixin.py:117} INFO - [2023-11-21T09:59:50.409+0300] {dag.py:3324} INFO - Setting next_dagrun for example_short_circuit_decorator to 2023-11-20T06:59:50.409455+00:00, run_after=2023-11-21T06:59:50.409455+00:00
[2023-11-21T09:59:50.427+0300] {processor.py:178} INFO - Processing /home/user/Masaüstü/kafka/.env/lib/python3.8/site-packages/airflow/example_dags/example_short_circuit_decorator.py took 0.099 seconds
[2023-11-21T10:00:26.219+0300] {processor.py:156} INFO - Started process (PID=27831) to work on /home/user/Masaüstü/kafka/.env/lib/python3.8/site-packages/airflow/example_dags/example_short_circuit_decorator.py
[2023-11-21T10:00:26.222+0300] {processor.py:758} INFO - Processing file /home/user/Masaüstü/kafka/.env/lib/python3.8/site-packages/airflow/example_dags/example_short_circuit_decorator.py for tasks to queue
[2023-11-21T10:00:26.224+0300] {logging_mixin.py:117} INFO - [2023-11-21T10:00:26.223+0300] {dagbag.py:525} INFO - Filling up the DagBag from /home/user/Masaüstü/kafka/.env/lib/python3.8/site-packages/airflow/example_dags/example_short_circuit_decorator.py
[2023-11-21T10:00:26.259+0300] {processor.py:768} INFO - DAG(s) dict_keys(['example_short_circuit_decorator']) retrieved from /home/user/Masaüstü/kafka/.env/lib/python3.8/site-packages/airflow/example_dags/example_short_circuit_decorator.py
[2023-11-21T10:00:26.277+0300] {logging_mixin.py:117} INFO - [2023-11-21T10:00:26.277+0300] {dag.py:2573} INFO - Sync 1 DAGs
[2023-11-21T10:00:26.291+0300] {logging_mixin.py:117} INFO - [2023-11-21T10:00:26.291+0300] {dag.py:3324} INFO - Setting next_dagrun for example_short_circuit_decorator to 2023-11-20T07:00:26.291286+00:00, run_after=2023-11-21T07:00:26.291286+00:00
[2023-11-21T10:00:26.310+0300] {processor.py:178} INFO - Processing /home/user/Masaüstü/kafka/.env/lib/python3.8/site-packages/airflow/example_dags/example_short_circuit_decorator.py took 0.097 seconds
[2023-11-21T10:01:01.728+0300] {processor.py:156} INFO - Started process (PID=28049) to work on /home/user/Masaüstü/kafka/.env/lib/python3.8/site-packages/airflow/example_dags/example_short_circuit_decorator.py
[2023-11-21T10:01:01.730+0300] {processor.py:758} INFO - Processing file /home/user/Masaüstü/kafka/.env/lib/python3.8/site-packages/airflow/example_dags/example_short_circuit_decorator.py for tasks to queue
[2023-11-21T10:01:01.732+0300] {logging_mixin.py:117} INFO - [2023-11-21T10:01:01.732+0300] {dagbag.py:525} INFO - Filling up the DagBag from /home/user/Masaüstü/kafka/.env/lib/python3.8/site-packages/airflow/example_dags/example_short_circuit_decorator.py
[2023-11-21T10:01:01.756+0300] {processor.py:768} INFO - DAG(s) dict_keys(['example_short_circuit_decorator']) retrieved from /home/user/Masaüstü/kafka/.env/lib/python3.8/site-packages/airflow/example_dags/example_short_circuit_decorator.py
[2023-11-21T10:01:01.779+0300] {logging_mixin.py:117} INFO - [2023-11-21T10:01:01.779+0300] {dag.py:2573} INFO - Sync 1 DAGs
[2023-11-21T10:01:01.802+0300] {logging_mixin.py:117} INFO - [2023-11-21T10:01:01.802+0300] {dag.py:3324} INFO - Setting next_dagrun for example_short_circuit_decorator to 2023-11-20T07:01:01.801988+00:00, run_after=2023-11-21T07:01:01.801988+00:00
[2023-11-21T10:01:01.826+0300] {processor.py:178} INFO - Processing /home/user/Masaüstü/kafka/.env/lib/python3.8/site-packages/airflow/example_dags/example_short_circuit_decorator.py took 0.099 seconds
[2023-11-21T10:01:37.489+0300] {processor.py:156} INFO - Started process (PID=28325) to work on /home/user/Masaüstü/kafka/.env/lib/python3.8/site-packages/airflow/example_dags/example_short_circuit_decorator.py
[2023-11-21T10:01:37.490+0300] {processor.py:758} INFO - Processing file /home/user/Masaüstü/kafka/.env/lib/python3.8/site-packages/airflow/example_dags/example_short_circuit_decorator.py for tasks to queue
[2023-11-21T10:01:37.490+0300] {logging_mixin.py:117} INFO - [2023-11-21T10:01:37.490+0300] {dagbag.py:525} INFO - Filling up the DagBag from /home/user/Masaüstü/kafka/.env/lib/python3.8/site-packages/airflow/example_dags/example_short_circuit_decorator.py
[2023-11-21T10:01:37.509+0300] {processor.py:768} INFO - DAG(s) dict_keys(['example_short_circuit_decorator']) retrieved from /home/user/Masaüstü/kafka/.env/lib/python3.8/site-packages/airflow/example_dags/example_short_circuit_decorator.py
[2023-11-21T10:01:37.535+0300] {logging_mixin.py:117} INFO - [2023-11-21T10:01:37.535+0300] {dag.py:2573} INFO - Sync 1 DAGs
[2023-11-21T10:01:37.554+0300] {logging_mixin.py:117} INFO - [2023-11-21T10:01:37.554+0300] {dag.py:3324} INFO - Setting next_dagrun for example_short_circuit_decorator to 2023-11-20T07:01:37.553894+00:00, run_after=2023-11-21T07:01:37.553894+00:00
[2023-11-21T10:01:37.584+0300] {processor.py:178} INFO - Processing /home/user/Masaüstü/kafka/.env/lib/python3.8/site-packages/airflow/example_dags/example_short_circuit_decorator.py took 0.097 seconds
[2023-11-21T10:02:13.023+0300] {processor.py:156} INFO - Started process (PID=28555) to work on /home/user/Masaüstü/kafka/.env/lib/python3.8/site-packages/airflow/example_dags/example_short_circuit_decorator.py
[2023-11-21T10:02:13.025+0300] {processor.py:758} INFO - Processing file /home/user/Masaüstü/kafka/.env/lib/python3.8/site-packages/airflow/example_dags/example_short_circuit_decorator.py for tasks to queue
[2023-11-21T10:02:13.026+0300] {logging_mixin.py:117} INFO - [2023-11-21T10:02:13.026+0300] {dagbag.py:525} INFO - Filling up the DagBag from /home/user/Masaüstü/kafka/.env/lib/python3.8/site-packages/airflow/example_dags/example_short_circuit_decorator.py
[2023-11-21T10:02:13.053+0300] {processor.py:768} INFO - DAG(s) dict_keys(['example_short_circuit_decorator']) retrieved from /home/user/Masaüstü/kafka/.env/lib/python3.8/site-packages/airflow/example_dags/example_short_circuit_decorator.py
[2023-11-21T10:02:13.074+0300] {logging_mixin.py:117} INFO - [2023-11-21T10:02:13.074+0300] {dag.py:2573} INFO - Sync 1 DAGs
[2023-11-21T10:02:13.089+0300] {logging_mixin.py:117} INFO - [2023-11-21T10:02:13.089+0300] {dag.py:3324} INFO - Setting next_dagrun for example_short_circuit_decorator to 2023-11-20T07:02:13.089003+00:00, run_after=2023-11-21T07:02:13.089003+00:00
[2023-11-21T10:02:13.115+0300] {processor.py:178} INFO - Processing /home/user/Masaüstü/kafka/.env/lib/python3.8/site-packages/airflow/example_dags/example_short_circuit_decorator.py took 0.096 seconds
[2023-11-21T10:02:50.252+0300] {processor.py:156} INFO - Started process (PID=28778) to work on /home/user/Masaüstü/kafka/.env/lib/python3.8/site-packages/airflow/example_dags/example_short_circuit_decorator.py
[2023-11-21T10:02:50.255+0300] {processor.py:758} INFO - Processing file /home/user/Masaüstü/kafka/.env/lib/python3.8/site-packages/airflow/example_dags/example_short_circuit_decorator.py for tasks to queue
[2023-11-21T10:02:50.257+0300] {logging_mixin.py:117} INFO - [2023-11-21T10:02:50.256+0300] {dagbag.py:525} INFO - Filling up the DagBag from /home/user/Masaüstü/kafka/.env/lib/python3.8/site-packages/airflow/example_dags/example_short_circuit_decorator.py
[2023-11-21T10:02:50.292+0300] {processor.py:768} INFO - DAG(s) dict_keys(['example_short_circuit_decorator']) retrieved from /home/user/Masaüstü/kafka/.env/lib/python3.8/site-packages/airflow/example_dags/example_short_circuit_decorator.py
[2023-11-21T10:02:50.310+0300] {logging_mixin.py:117} INFO - [2023-11-21T10:02:50.310+0300] {dag.py:2573} INFO - Sync 1 DAGs
[2023-11-21T10:02:50.324+0300] {logging_mixin.py:117} INFO - [2023-11-21T10:02:50.324+0300] {dag.py:3324} INFO - Setting next_dagrun for example_short_circuit_decorator to 2023-11-20T07:02:50.323855+00:00, run_after=2023-11-21T07:02:50.323855+00:00
[2023-11-21T10:02:50.340+0300] {processor.py:178} INFO - Processing /home/user/Masaüstü/kafka/.env/lib/python3.8/site-packages/airflow/example_dags/example_short_circuit_decorator.py took 0.095 seconds
[2023-11-21T10:05:18.285+0300] {processor.py:156} INFO - Started process (PID=30129) to work on /home/user/Masaüstü/kafka/.env/lib/python3.8/site-packages/airflow/example_dags/example_short_circuit_decorator.py
[2023-11-21T10:05:18.287+0300] {processor.py:758} INFO - Processing file /home/user/Masaüstü/kafka/.env/lib/python3.8/site-packages/airflow/example_dags/example_short_circuit_decorator.py for tasks to queue
[2023-11-21T10:05:18.288+0300] {logging_mixin.py:117} INFO - [2023-11-21T10:05:18.288+0300] {dagbag.py:525} INFO - Filling up the DagBag from /home/user/Masaüstü/kafka/.env/lib/python3.8/site-packages/airflow/example_dags/example_short_circuit_decorator.py
[2023-11-21T10:05:18.309+0300] {processor.py:768} INFO - DAG(s) dict_keys(['example_short_circuit_decorator']) retrieved from /home/user/Masaüstü/kafka/.env/lib/python3.8/site-packages/airflow/example_dags/example_short_circuit_decorator.py
[2023-11-21T10:05:18.329+0300] {logging_mixin.py:117} INFO - [2023-11-21T10:05:18.329+0300] {dag.py:2573} INFO - Sync 1 DAGs
[2023-11-21T10:05:18.345+0300] {logging_mixin.py:117} INFO - [2023-11-21T10:05:18.345+0300] {dag.py:3324} INFO - Setting next_dagrun for example_short_circuit_decorator to 2023-11-20T07:05:18.345097+00:00, run_after=2023-11-21T07:05:18.345097+00:00
[2023-11-21T10:05:18.376+0300] {processor.py:178} INFO - Processing /home/user/Masaüstü/kafka/.env/lib/python3.8/site-packages/airflow/example_dags/example_short_circuit_decorator.py took 0.092 seconds
[2023-11-21T10:05:58.301+0300] {processor.py:156} INFO - Started process (PID=30500) to work on /home/user/Masaüstü/kafka/.env/lib/python3.8/site-packages/airflow/example_dags/example_short_circuit_decorator.py
[2023-11-21T10:05:58.302+0300] {processor.py:758} INFO - Processing file /home/user/Masaüstü/kafka/.env/lib/python3.8/site-packages/airflow/example_dags/example_short_circuit_decorator.py for tasks to queue
[2023-11-21T10:05:58.303+0300] {logging_mixin.py:117} INFO - [2023-11-21T10:05:58.303+0300] {dagbag.py:525} INFO - Filling up the DagBag from /home/user/Masaüstü/kafka/.env/lib/python3.8/site-packages/airflow/example_dags/example_short_circuit_decorator.py
[2023-11-21T10:05:58.350+0300] {processor.py:768} INFO - DAG(s) dict_keys(['example_short_circuit_decorator']) retrieved from /home/user/Masaüstü/kafka/.env/lib/python3.8/site-packages/airflow/example_dags/example_short_circuit_decorator.py
[2023-11-21T10:05:58.393+0300] {logging_mixin.py:117} INFO - [2023-11-21T10:05:58.392+0300] {dag.py:2573} INFO - Sync 1 DAGs
[2023-11-21T10:05:58.414+0300] {logging_mixin.py:117} INFO - [2023-11-21T10:05:58.414+0300] {dag.py:3324} INFO - Setting next_dagrun for example_short_circuit_decorator to 2023-11-20T07:05:58.414190+00:00, run_after=2023-11-21T07:05:58.414190+00:00
[2023-11-21T10:05:58.434+0300] {processor.py:178} INFO - Processing /home/user/Masaüstü/kafka/.env/lib/python3.8/site-packages/airflow/example_dags/example_short_circuit_decorator.py took 0.136 seconds
[2023-11-21T10:06:36.143+0300] {processor.py:156} INFO - Started process (PID=30733) to work on /home/user/Masaüstü/kafka/.env/lib/python3.8/site-packages/airflow/example_dags/example_short_circuit_decorator.py
[2023-11-21T10:06:36.144+0300] {processor.py:758} INFO - Processing file /home/user/Masaüstü/kafka/.env/lib/python3.8/site-packages/airflow/example_dags/example_short_circuit_decorator.py for tasks to queue
[2023-11-21T10:06:36.144+0300] {logging_mixin.py:117} INFO - [2023-11-21T10:06:36.144+0300] {dagbag.py:525} INFO - Filling up the DagBag from /home/user/Masaüstü/kafka/.env/lib/python3.8/site-packages/airflow/example_dags/example_short_circuit_decorator.py
[2023-11-21T10:06:36.162+0300] {processor.py:768} INFO - DAG(s) dict_keys(['example_short_circuit_decorator']) retrieved from /home/user/Masaüstü/kafka/.env/lib/python3.8/site-packages/airflow/example_dags/example_short_circuit_decorator.py
[2023-11-21T10:06:36.180+0300] {logging_mixin.py:117} INFO - [2023-11-21T10:06:36.179+0300] {dag.py:2573} INFO - Sync 1 DAGs
[2023-11-21T10:06:36.195+0300] {logging_mixin.py:117} INFO - [2023-11-21T10:06:36.195+0300] {dag.py:3324} INFO - Setting next_dagrun for example_short_circuit_decorator to 2023-11-20T07:06:36.194843+00:00, run_after=2023-11-21T07:06:36.194843+00:00
[2023-11-21T10:06:36.212+0300] {processor.py:178} INFO - Processing /home/user/Masaüstü/kafka/.env/lib/python3.8/site-packages/airflow/example_dags/example_short_circuit_decorator.py took 0.070 seconds
[2023-11-21T10:07:12.688+0300] {processor.py:156} INFO - Started process (PID=30992) to work on /home/user/Masaüstü/kafka/.env/lib/python3.8/site-packages/airflow/example_dags/example_short_circuit_decorator.py
[2023-11-21T10:07:12.690+0300] {processor.py:758} INFO - Processing file /home/user/Masaüstü/kafka/.env/lib/python3.8/site-packages/airflow/example_dags/example_short_circuit_decorator.py for tasks to queue
[2023-11-21T10:07:12.691+0300] {logging_mixin.py:117} INFO - [2023-11-21T10:07:12.691+0300] {dagbag.py:525} INFO - Filling up the DagBag from /home/user/Masaüstü/kafka/.env/lib/python3.8/site-packages/airflow/example_dags/example_short_circuit_decorator.py
[2023-11-21T10:07:12.727+0300] {processor.py:768} INFO - DAG(s) dict_keys(['example_short_circuit_decorator']) retrieved from /home/user/Masaüstü/kafka/.env/lib/python3.8/site-packages/airflow/example_dags/example_short_circuit_decorator.py
[2023-11-21T10:07:12.746+0300] {logging_mixin.py:117} INFO - [2023-11-21T10:07:12.746+0300] {dag.py:2573} INFO - Sync 1 DAGs
[2023-11-21T10:07:12.760+0300] {logging_mixin.py:117} INFO - [2023-11-21T10:07:12.760+0300] {dag.py:3324} INFO - Setting next_dagrun for example_short_circuit_decorator to 2023-11-20T07:07:12.760672+00:00, run_after=2023-11-21T07:07:12.760672+00:00
[2023-11-21T10:07:12.777+0300] {processor.py:178} INFO - Processing /home/user/Masaüstü/kafka/.env/lib/python3.8/site-packages/airflow/example_dags/example_short_circuit_decorator.py took 0.092 seconds
[2023-11-21T10:07:51.907+0300] {processor.py:156} INFO - Started process (PID=31230) to work on /home/user/Masaüstü/kafka/.env/lib/python3.8/site-packages/airflow/example_dags/example_short_circuit_decorator.py
[2023-11-21T10:07:51.908+0300] {processor.py:758} INFO - Processing file /home/user/Masaüstü/kafka/.env/lib/python3.8/site-packages/airflow/example_dags/example_short_circuit_decorator.py for tasks to queue
[2023-11-21T10:07:51.909+0300] {logging_mixin.py:117} INFO - [2023-11-21T10:07:51.909+0300] {dagbag.py:525} INFO - Filling up the DagBag from /home/user/Masaüstü/kafka/.env/lib/python3.8/site-packages/airflow/example_dags/example_short_circuit_decorator.py
[2023-11-21T10:07:51.940+0300] {processor.py:768} INFO - DAG(s) dict_keys(['example_short_circuit_decorator']) retrieved from /home/user/Masaüstü/kafka/.env/lib/python3.8/site-packages/airflow/example_dags/example_short_circuit_decorator.py
[2023-11-21T10:07:51.959+0300] {logging_mixin.py:117} INFO - [2023-11-21T10:07:51.959+0300] {dag.py:2573} INFO - Sync 1 DAGs
[2023-11-21T10:07:51.974+0300] {logging_mixin.py:117} INFO - [2023-11-21T10:07:51.974+0300] {dag.py:3324} INFO - Setting next_dagrun for example_short_circuit_decorator to 2023-11-20T07:07:51.974164+00:00, run_after=2023-11-21T07:07:51.974164+00:00
[2023-11-21T10:07:52.000+0300] {processor.py:178} INFO - Processing /home/user/Masaüstü/kafka/.env/lib/python3.8/site-packages/airflow/example_dags/example_short_circuit_decorator.py took 0.097 seconds
[2023-11-21T10:08:29.796+0300] {processor.py:156} INFO - Started process (PID=31490) to work on /home/user/Masaüstü/kafka/.env/lib/python3.8/site-packages/airflow/example_dags/example_short_circuit_decorator.py
[2023-11-21T10:08:29.799+0300] {processor.py:758} INFO - Processing file /home/user/Masaüstü/kafka/.env/lib/python3.8/site-packages/airflow/example_dags/example_short_circuit_decorator.py for tasks to queue
[2023-11-21T10:08:29.801+0300] {logging_mixin.py:117} INFO - [2023-11-21T10:08:29.801+0300] {dagbag.py:525} INFO - Filling up the DagBag from /home/user/Masaüstü/kafka/.env/lib/python3.8/site-packages/airflow/example_dags/example_short_circuit_decorator.py
[2023-11-21T10:08:29.834+0300] {processor.py:768} INFO - DAG(s) dict_keys(['example_short_circuit_decorator']) retrieved from /home/user/Masaüstü/kafka/.env/lib/python3.8/site-packages/airflow/example_dags/example_short_circuit_decorator.py
[2023-11-21T10:08:29.853+0300] {logging_mixin.py:117} INFO - [2023-11-21T10:08:29.853+0300] {dag.py:2573} INFO - Sync 1 DAGs
[2023-11-21T10:08:29.867+0300] {logging_mixin.py:117} INFO - [2023-11-21T10:08:29.867+0300] {dag.py:3324} INFO - Setting next_dagrun for example_short_circuit_decorator to 2023-11-20T07:08:29.867136+00:00, run_after=2023-11-21T07:08:29.867136+00:00
[2023-11-21T10:08:29.884+0300] {processor.py:178} INFO - Processing /home/user/Masaüstü/kafka/.env/lib/python3.8/site-packages/airflow/example_dags/example_short_circuit_decorator.py took 0.096 seconds
[2023-11-21T10:09:06.913+0300] {processor.py:156} INFO - Started process (PID=31728) to work on /home/user/Masaüstü/kafka/.env/lib/python3.8/site-packages/airflow/example_dags/example_short_circuit_decorator.py
[2023-11-21T10:09:06.914+0300] {processor.py:758} INFO - Processing file /home/user/Masaüstü/kafka/.env/lib/python3.8/site-packages/airflow/example_dags/example_short_circuit_decorator.py for tasks to queue
[2023-11-21T10:09:06.914+0300] {logging_mixin.py:117} INFO - [2023-11-21T10:09:06.914+0300] {dagbag.py:525} INFO - Filling up the DagBag from /home/user/Masaüstü/kafka/.env/lib/python3.8/site-packages/airflow/example_dags/example_short_circuit_decorator.py
[2023-11-21T10:09:06.933+0300] {processor.py:768} INFO - DAG(s) dict_keys(['example_short_circuit_decorator']) retrieved from /home/user/Masaüstü/kafka/.env/lib/python3.8/site-packages/airflow/example_dags/example_short_circuit_decorator.py
[2023-11-21T10:09:06.950+0300] {logging_mixin.py:117} INFO - [2023-11-21T10:09:06.950+0300] {dag.py:2573} INFO - Sync 1 DAGs
[2023-11-21T10:09:06.966+0300] {logging_mixin.py:117} INFO - [2023-11-21T10:09:06.966+0300] {dag.py:3324} INFO - Setting next_dagrun for example_short_circuit_decorator to 2023-11-20T07:09:06.966596+00:00, run_after=2023-11-21T07:09:06.966596+00:00
[2023-11-21T10:09:06.986+0300] {processor.py:178} INFO - Processing /home/user/Masaüstü/kafka/.env/lib/python3.8/site-packages/airflow/example_dags/example_short_circuit_decorator.py took 0.075 seconds
[2023-11-21T10:09:51.124+0300] {processor.py:156} INFO - Started process (PID=32364) to work on /home/user/Masaüstü/kafka/.env/lib/python3.8/site-packages/airflow/example_dags/example_short_circuit_decorator.py
[2023-11-21T10:09:51.125+0300] {processor.py:758} INFO - Processing file /home/user/Masaüstü/kafka/.env/lib/python3.8/site-packages/airflow/example_dags/example_short_circuit_decorator.py for tasks to queue
[2023-11-21T10:09:51.126+0300] {logging_mixin.py:117} INFO - [2023-11-21T10:09:51.125+0300] {dagbag.py:525} INFO - Filling up the DagBag from /home/user/Masaüstü/kafka/.env/lib/python3.8/site-packages/airflow/example_dags/example_short_circuit_decorator.py
[2023-11-21T10:09:51.147+0300] {processor.py:768} INFO - DAG(s) dict_keys(['example_short_circuit_decorator']) retrieved from /home/user/Masaüstü/kafka/.env/lib/python3.8/site-packages/airflow/example_dags/example_short_circuit_decorator.py
[2023-11-21T10:09:51.166+0300] {logging_mixin.py:117} INFO - [2023-11-21T10:09:51.166+0300] {dag.py:2573} INFO - Sync 1 DAGs
[2023-11-21T10:09:51.181+0300] {logging_mixin.py:117} INFO - [2023-11-21T10:09:51.180+0300] {dag.py:3324} INFO - Setting next_dagrun for example_short_circuit_decorator to 2023-11-20T07:09:51.180710+00:00, run_after=2023-11-21T07:09:51.180710+00:00
[2023-11-21T10:09:51.199+0300] {processor.py:178} INFO - Processing /home/user/Masaüstü/kafka/.env/lib/python3.8/site-packages/airflow/example_dags/example_short_circuit_decorator.py took 0.077 seconds
[2023-11-21T10:10:41.674+0300] {processor.py:156} INFO - Started process (PID=33160) to work on /home/user/Masaüstü/kafka/.env/lib/python3.8/site-packages/airflow/example_dags/example_short_circuit_decorator.py
[2023-11-21T10:10:41.677+0300] {processor.py:758} INFO - Processing file /home/user/Masaüstü/kafka/.env/lib/python3.8/site-packages/airflow/example_dags/example_short_circuit_decorator.py for tasks to queue
[2023-11-21T10:10:41.680+0300] {logging_mixin.py:117} INFO - [2023-11-21T10:10:41.679+0300] {dagbag.py:525} INFO - Filling up the DagBag from /home/user/Masaüstü/kafka/.env/lib/python3.8/site-packages/airflow/example_dags/example_short_circuit_decorator.py
[2023-11-21T10:10:41.721+0300] {processor.py:768} INFO - DAG(s) dict_keys(['example_short_circuit_decorator']) retrieved from /home/user/Masaüstü/kafka/.env/lib/python3.8/site-packages/airflow/example_dags/example_short_circuit_decorator.py
[2023-11-21T10:10:41.754+0300] {logging_mixin.py:117} INFO - [2023-11-21T10:10:41.754+0300] {dag.py:2573} INFO - Sync 1 DAGs
[2023-11-21T10:10:41.775+0300] {logging_mixin.py:117} INFO - [2023-11-21T10:10:41.775+0300] {dag.py:3324} INFO - Setting next_dagrun for example_short_circuit_decorator to 2023-11-20T07:10:41.775037+00:00, run_after=2023-11-21T07:10:41.775037+00:00
[2023-11-21T10:10:41.801+0300] {processor.py:178} INFO - Processing /home/user/Masaüstü/kafka/.env/lib/python3.8/site-packages/airflow/example_dags/example_short_circuit_decorator.py took 0.135 seconds
[2023-11-21T10:11:19.387+0300] {processor.py:156} INFO - Started process (PID=33408) to work on /home/user/Masaüstü/kafka/.env/lib/python3.8/site-packages/airflow/example_dags/example_short_circuit_decorator.py
[2023-11-21T10:11:19.389+0300] {processor.py:758} INFO - Processing file /home/user/Masaüstü/kafka/.env/lib/python3.8/site-packages/airflow/example_dags/example_short_circuit_decorator.py for tasks to queue
[2023-11-21T10:11:19.390+0300] {logging_mixin.py:117} INFO - [2023-11-21T10:11:19.390+0300] {dagbag.py:525} INFO - Filling up the DagBag from /home/user/Masaüstü/kafka/.env/lib/python3.8/site-packages/airflow/example_dags/example_short_circuit_decorator.py
[2023-11-21T10:11:19.423+0300] {processor.py:768} INFO - DAG(s) dict_keys(['example_short_circuit_decorator']) retrieved from /home/user/Masaüstü/kafka/.env/lib/python3.8/site-packages/airflow/example_dags/example_short_circuit_decorator.py
[2023-11-21T10:11:19.442+0300] {logging_mixin.py:117} INFO - [2023-11-21T10:11:19.442+0300] {dag.py:2573} INFO - Sync 1 DAGs
[2023-11-21T10:11:19.457+0300] {logging_mixin.py:117} INFO - [2023-11-21T10:11:19.457+0300] {dag.py:3324} INFO - Setting next_dagrun for example_short_circuit_decorator to 2023-11-20T07:11:19.457275+00:00, run_after=2023-11-21T07:11:19.457275+00:00
[2023-11-21T10:11:19.474+0300] {processor.py:178} INFO - Processing /home/user/Masaüstü/kafka/.env/lib/python3.8/site-packages/airflow/example_dags/example_short_circuit_decorator.py took 0.094 seconds
[2023-11-21T10:11:57.039+0300] {processor.py:156} INFO - Started process (PID=33661) to work on /home/user/Masaüstü/kafka/.env/lib/python3.8/site-packages/airflow/example_dags/example_short_circuit_decorator.py
[2023-11-21T10:11:57.041+0300] {processor.py:758} INFO - Processing file /home/user/Masaüstü/kafka/.env/lib/python3.8/site-packages/airflow/example_dags/example_short_circuit_decorator.py for tasks to queue
[2023-11-21T10:11:57.041+0300] {logging_mixin.py:117} INFO - [2023-11-21T10:11:57.041+0300] {dagbag.py:525} INFO - Filling up the DagBag from /home/user/Masaüstü/kafka/.env/lib/python3.8/site-packages/airflow/example_dags/example_short_circuit_decorator.py
[2023-11-21T10:11:57.069+0300] {processor.py:768} INFO - DAG(s) dict_keys(['example_short_circuit_decorator']) retrieved from /home/user/Masaüstü/kafka/.env/lib/python3.8/site-packages/airflow/example_dags/example_short_circuit_decorator.py
[2023-11-21T10:11:57.088+0300] {logging_mixin.py:117} INFO - [2023-11-21T10:11:57.088+0300] {dag.py:2573} INFO - Sync 1 DAGs
[2023-11-21T10:11:57.103+0300] {logging_mixin.py:117} INFO - [2023-11-21T10:11:57.103+0300] {dag.py:3324} INFO - Setting next_dagrun for example_short_circuit_decorator to 2023-11-20T07:11:57.103142+00:00, run_after=2023-11-21T07:11:57.103142+00:00
[2023-11-21T10:11:57.125+0300] {processor.py:178} INFO - Processing /home/user/Masaüstü/kafka/.env/lib/python3.8/site-packages/airflow/example_dags/example_short_circuit_decorator.py took 0.088 seconds
[2023-11-21T10:12:35.963+0300] {processor.py:156} INFO - Started process (PID=33888) to work on /home/user/Masaüstü/kafka/.env/lib/python3.8/site-packages/airflow/example_dags/example_short_circuit_decorator.py
[2023-11-21T10:12:35.967+0300] {processor.py:758} INFO - Processing file /home/user/Masaüstü/kafka/.env/lib/python3.8/site-packages/airflow/example_dags/example_short_circuit_decorator.py for tasks to queue
[2023-11-21T10:12:35.969+0300] {logging_mixin.py:117} INFO - [2023-11-21T10:12:35.968+0300] {dagbag.py:525} INFO - Filling up the DagBag from /home/user/Masaüstü/kafka/.env/lib/python3.8/site-packages/airflow/example_dags/example_short_circuit_decorator.py
[2023-11-21T10:12:36.002+0300] {processor.py:768} INFO - DAG(s) dict_keys(['example_short_circuit_decorator']) retrieved from /home/user/Masaüstü/kafka/.env/lib/python3.8/site-packages/airflow/example_dags/example_short_circuit_decorator.py
[2023-11-21T10:12:36.021+0300] {logging_mixin.py:117} INFO - [2023-11-21T10:12:36.021+0300] {dag.py:2573} INFO - Sync 1 DAGs
[2023-11-21T10:12:36.035+0300] {logging_mixin.py:117} INFO - [2023-11-21T10:12:36.035+0300] {dag.py:3324} INFO - Setting next_dagrun for example_short_circuit_decorator to 2023-11-20T07:12:36.035360+00:00, run_after=2023-11-21T07:12:36.035360+00:00
[2023-11-21T10:12:36.053+0300] {processor.py:178} INFO - Processing /home/user/Masaüstü/kafka/.env/lib/python3.8/site-packages/airflow/example_dags/example_short_circuit_decorator.py took 0.096 seconds
[2023-11-21T10:13:13.529+0300] {processor.py:156} INFO - Started process (PID=34131) to work on /home/user/Masaüstü/kafka/.env/lib/python3.8/site-packages/airflow/example_dags/example_short_circuit_decorator.py
[2023-11-21T10:13:13.532+0300] {processor.py:758} INFO - Processing file /home/user/Masaüstü/kafka/.env/lib/python3.8/site-packages/airflow/example_dags/example_short_circuit_decorator.py for tasks to queue
[2023-11-21T10:13:13.533+0300] {logging_mixin.py:117} INFO - [2023-11-21T10:13:13.533+0300] {dagbag.py:525} INFO - Filling up the DagBag from /home/user/Masaüstü/kafka/.env/lib/python3.8/site-packages/airflow/example_dags/example_short_circuit_decorator.py
[2023-11-21T10:13:13.564+0300] {processor.py:768} INFO - DAG(s) dict_keys(['example_short_circuit_decorator']) retrieved from /home/user/Masaüstü/kafka/.env/lib/python3.8/site-packages/airflow/example_dags/example_short_circuit_decorator.py
[2023-11-21T10:13:13.582+0300] {logging_mixin.py:117} INFO - [2023-11-21T10:13:13.582+0300] {dag.py:2573} INFO - Sync 1 DAGs
[2023-11-21T10:13:13.596+0300] {logging_mixin.py:117} INFO - [2023-11-21T10:13:13.596+0300] {dag.py:3324} INFO - Setting next_dagrun for example_short_circuit_decorator to 2023-11-20T07:13:13.596366+00:00, run_after=2023-11-21T07:13:13.596366+00:00
[2023-11-21T10:13:13.613+0300] {processor.py:178} INFO - Processing /home/user/Masaüstü/kafka/.env/lib/python3.8/site-packages/airflow/example_dags/example_short_circuit_decorator.py took 0.088 seconds
[2023-11-21T10:13:51.845+0300] {processor.py:156} INFO - Started process (PID=34583) to work on /home/user/Masaüstü/kafka/.env/lib/python3.8/site-packages/airflow/example_dags/example_short_circuit_decorator.py
[2023-11-21T10:13:51.848+0300] {processor.py:758} INFO - Processing file /home/user/Masaüstü/kafka/.env/lib/python3.8/site-packages/airflow/example_dags/example_short_circuit_decorator.py for tasks to queue
[2023-11-21T10:13:51.850+0300] {logging_mixin.py:117} INFO - [2023-11-21T10:13:51.850+0300] {dagbag.py:525} INFO - Filling up the DagBag from /home/user/Masaüstü/kafka/.env/lib/python3.8/site-packages/airflow/example_dags/example_short_circuit_decorator.py
[2023-11-21T10:13:51.890+0300] {processor.py:768} INFO - DAG(s) dict_keys(['example_short_circuit_decorator']) retrieved from /home/user/Masaüstü/kafka/.env/lib/python3.8/site-packages/airflow/example_dags/example_short_circuit_decorator.py
[2023-11-21T10:13:51.916+0300] {logging_mixin.py:117} INFO - [2023-11-21T10:13:51.916+0300] {dag.py:2573} INFO - Sync 1 DAGs
[2023-11-21T10:13:51.968+0300] {logging_mixin.py:117} INFO - [2023-11-21T10:13:51.968+0300] {dag.py:3324} INFO - Setting next_dagrun for example_short_circuit_decorator to 2023-11-20T07:13:51.967896+00:00, run_after=2023-11-21T07:13:51.967896+00:00
[2023-11-21T10:13:52.014+0300] {processor.py:178} INFO - Processing /home/user/Masaüstü/kafka/.env/lib/python3.8/site-packages/airflow/example_dags/example_short_circuit_decorator.py took 0.176 seconds
[2023-11-21T10:14:45.391+0300] {processor.py:156} INFO - Started process (PID=35302) to work on /home/user/Masaüstü/kafka/.env/lib/python3.8/site-packages/airflow/example_dags/example_short_circuit_decorator.py
[2023-11-21T10:14:45.393+0300] {processor.py:758} INFO - Processing file /home/user/Masaüstü/kafka/.env/lib/python3.8/site-packages/airflow/example_dags/example_short_circuit_decorator.py for tasks to queue
[2023-11-21T10:14:45.394+0300] {logging_mixin.py:117} INFO - [2023-11-21T10:14:45.394+0300] {dagbag.py:525} INFO - Filling up the DagBag from /home/user/Masaüstü/kafka/.env/lib/python3.8/site-packages/airflow/example_dags/example_short_circuit_decorator.py
[2023-11-21T10:14:45.416+0300] {processor.py:768} INFO - DAG(s) dict_keys(['example_short_circuit_decorator']) retrieved from /home/user/Masaüstü/kafka/.env/lib/python3.8/site-packages/airflow/example_dags/example_short_circuit_decorator.py
[2023-11-21T10:14:45.434+0300] {logging_mixin.py:117} INFO - [2023-11-21T10:14:45.434+0300] {dag.py:2573} INFO - Sync 1 DAGs
[2023-11-21T10:14:45.449+0300] {logging_mixin.py:117} INFO - [2023-11-21T10:14:45.449+0300] {dag.py:3324} INFO - Setting next_dagrun for example_short_circuit_decorator to 2023-11-20T07:14:45.449666+00:00, run_after=2023-11-21T07:14:45.449666+00:00
[2023-11-21T10:14:45.467+0300] {processor.py:178} INFO - Processing /home/user/Masaüstü/kafka/.env/lib/python3.8/site-packages/airflow/example_dags/example_short_circuit_decorator.py took 0.081 seconds
[2023-11-21T10:15:21.868+0300] {processor.py:156} INFO - Started process (PID=35603) to work on /home/user/Masaüstü/kafka/.env/lib/python3.8/site-packages/airflow/example_dags/example_short_circuit_decorator.py
[2023-11-21T10:15:21.869+0300] {processor.py:758} INFO - Processing file /home/user/Masaüstü/kafka/.env/lib/python3.8/site-packages/airflow/example_dags/example_short_circuit_decorator.py for tasks to queue
[2023-11-21T10:15:21.869+0300] {logging_mixin.py:117} INFO - [2023-11-21T10:15:21.869+0300] {dagbag.py:525} INFO - Filling up the DagBag from /home/user/Masaüstü/kafka/.env/lib/python3.8/site-packages/airflow/example_dags/example_short_circuit_decorator.py
[2023-11-21T10:15:21.887+0300] {processor.py:768} INFO - DAG(s) dict_keys(['example_short_circuit_decorator']) retrieved from /home/user/Masaüstü/kafka/.env/lib/python3.8/site-packages/airflow/example_dags/example_short_circuit_decorator.py
[2023-11-21T10:15:21.905+0300] {logging_mixin.py:117} INFO - [2023-11-21T10:15:21.905+0300] {dag.py:2573} INFO - Sync 1 DAGs
[2023-11-21T10:15:21.920+0300] {logging_mixin.py:117} INFO - [2023-11-21T10:15:21.920+0300] {dag.py:3324} INFO - Setting next_dagrun for example_short_circuit_decorator to 2023-11-20T07:15:21.920019+00:00, run_after=2023-11-21T07:15:21.920019+00:00
[2023-11-21T10:15:21.937+0300] {processor.py:178} INFO - Processing /home/user/Masaüstü/kafka/.env/lib/python3.8/site-packages/airflow/example_dags/example_short_circuit_decorator.py took 0.070 seconds
[2023-11-21T10:15:58.311+0300] {processor.py:156} INFO - Started process (PID=35834) to work on /home/user/Masaüstü/kafka/.env/lib/python3.8/site-packages/airflow/example_dags/example_short_circuit_decorator.py
[2023-11-21T10:15:58.312+0300] {processor.py:758} INFO - Processing file /home/user/Masaüstü/kafka/.env/lib/python3.8/site-packages/airflow/example_dags/example_short_circuit_decorator.py for tasks to queue
[2023-11-21T10:15:58.313+0300] {logging_mixin.py:117} INFO - [2023-11-21T10:15:58.313+0300] {dagbag.py:525} INFO - Filling up the DagBag from /home/user/Masaüstü/kafka/.env/lib/python3.8/site-packages/airflow/example_dags/example_short_circuit_decorator.py
[2023-11-21T10:15:58.333+0300] {processor.py:768} INFO - DAG(s) dict_keys(['example_short_circuit_decorator']) retrieved from /home/user/Masaüstü/kafka/.env/lib/python3.8/site-packages/airflow/example_dags/example_short_circuit_decorator.py
[2023-11-21T10:15:58.352+0300] {logging_mixin.py:117} INFO - [2023-11-21T10:15:58.352+0300] {dag.py:2573} INFO - Sync 1 DAGs
[2023-11-21T10:15:58.366+0300] {logging_mixin.py:117} INFO - [2023-11-21T10:15:58.366+0300] {dag.py:3324} INFO - Setting next_dagrun for example_short_circuit_decorator to 2023-11-20T07:15:58.366414+00:00, run_after=2023-11-21T07:15:58.366414+00:00
[2023-11-21T10:15:58.383+0300] {processor.py:178} INFO - Processing /home/user/Masaüstü/kafka/.env/lib/python3.8/site-packages/airflow/example_dags/example_short_circuit_decorator.py took 0.074 seconds
[2023-11-21T10:16:37.491+0300] {processor.py:156} INFO - Started process (PID=36071) to work on /home/user/Masaüstü/kafka/.env/lib/python3.8/site-packages/airflow/example_dags/example_short_circuit_decorator.py
[2023-11-21T10:16:37.492+0300] {processor.py:758} INFO - Processing file /home/user/Masaüstü/kafka/.env/lib/python3.8/site-packages/airflow/example_dags/example_short_circuit_decorator.py for tasks to queue
[2023-11-21T10:16:37.493+0300] {logging_mixin.py:117} INFO - [2023-11-21T10:16:37.493+0300] {dagbag.py:525} INFO - Filling up the DagBag from /home/user/Masaüstü/kafka/.env/lib/python3.8/site-packages/airflow/example_dags/example_short_circuit_decorator.py
[2023-11-21T10:16:37.518+0300] {processor.py:768} INFO - DAG(s) dict_keys(['example_short_circuit_decorator']) retrieved from /home/user/Masaüstü/kafka/.env/lib/python3.8/site-packages/airflow/example_dags/example_short_circuit_decorator.py
[2023-11-21T10:16:37.537+0300] {logging_mixin.py:117} INFO - [2023-11-21T10:16:37.536+0300] {dag.py:2573} INFO - Sync 1 DAGs
[2023-11-21T10:16:37.551+0300] {logging_mixin.py:117} INFO - [2023-11-21T10:16:37.551+0300] {dag.py:3324} INFO - Setting next_dagrun for example_short_circuit_decorator to 2023-11-20T07:16:37.550944+00:00, run_after=2023-11-21T07:16:37.550944+00:00
[2023-11-21T10:16:37.568+0300] {processor.py:178} INFO - Processing /home/user/Masaüstü/kafka/.env/lib/python3.8/site-packages/airflow/example_dags/example_short_circuit_decorator.py took 0.079 seconds
[2023-11-21T10:17:13.760+0300] {processor.py:156} INFO - Started process (PID=36352) to work on /home/user/Masaüstü/kafka/.env/lib/python3.8/site-packages/airflow/example_dags/example_short_circuit_decorator.py
[2023-11-21T10:17:13.762+0300] {processor.py:758} INFO - Processing file /home/user/Masaüstü/kafka/.env/lib/python3.8/site-packages/airflow/example_dags/example_short_circuit_decorator.py for tasks to queue
[2023-11-21T10:17:13.763+0300] {logging_mixin.py:117} INFO - [2023-11-21T10:17:13.763+0300] {dagbag.py:525} INFO - Filling up the DagBag from /home/user/Masaüstü/kafka/.env/lib/python3.8/site-packages/airflow/example_dags/example_short_circuit_decorator.py
[2023-11-21T10:17:13.789+0300] {processor.py:768} INFO - DAG(s) dict_keys(['example_short_circuit_decorator']) retrieved from /home/user/Masaüstü/kafka/.env/lib/python3.8/site-packages/airflow/example_dags/example_short_circuit_decorator.py
[2023-11-21T10:17:13.812+0300] {logging_mixin.py:117} INFO - [2023-11-21T10:17:13.811+0300] {dag.py:2573} INFO - Sync 1 DAGs
[2023-11-21T10:17:13.840+0300] {logging_mixin.py:117} INFO - [2023-11-21T10:17:13.840+0300] {dag.py:3324} INFO - Setting next_dagrun for example_short_circuit_decorator to 2023-11-20T07:17:13.839809+00:00, run_after=2023-11-21T07:17:13.839809+00:00
[2023-11-21T10:17:13.867+0300] {processor.py:178} INFO - Processing /home/user/Masaüstü/kafka/.env/lib/python3.8/site-packages/airflow/example_dags/example_short_circuit_decorator.py took 0.108 seconds
[2023-11-21T10:17:51.385+0300] {processor.py:156} INFO - Started process (PID=36606) to work on /home/user/Masaüstü/kafka/.env/lib/python3.8/site-packages/airflow/example_dags/example_short_circuit_decorator.py
[2023-11-21T10:17:51.387+0300] {processor.py:758} INFO - Processing file /home/user/Masaüstü/kafka/.env/lib/python3.8/site-packages/airflow/example_dags/example_short_circuit_decorator.py for tasks to queue
[2023-11-21T10:17:51.389+0300] {logging_mixin.py:117} INFO - [2023-11-21T10:17:51.388+0300] {dagbag.py:525} INFO - Filling up the DagBag from /home/user/Masaüstü/kafka/.env/lib/python3.8/site-packages/airflow/example_dags/example_short_circuit_decorator.py
[2023-11-21T10:17:51.419+0300] {processor.py:768} INFO - DAG(s) dict_keys(['example_short_circuit_decorator']) retrieved from /home/user/Masaüstü/kafka/.env/lib/python3.8/site-packages/airflow/example_dags/example_short_circuit_decorator.py
[2023-11-21T10:17:51.437+0300] {logging_mixin.py:117} INFO - [2023-11-21T10:17:51.437+0300] {dag.py:2573} INFO - Sync 1 DAGs
[2023-11-21T10:17:51.451+0300] {logging_mixin.py:117} INFO - [2023-11-21T10:17:51.451+0300] {dag.py:3324} INFO - Setting next_dagrun for example_short_circuit_decorator to 2023-11-20T07:17:51.450838+00:00, run_after=2023-11-21T07:17:51.450838+00:00
[2023-11-21T10:17:51.469+0300] {processor.py:178} INFO - Processing /home/user/Masaüstü/kafka/.env/lib/python3.8/site-packages/airflow/example_dags/example_short_circuit_decorator.py took 0.087 seconds
[2023-11-21T10:18:29.585+0300] {processor.py:156} INFO - Started process (PID=36875) to work on /home/user/Masaüstü/kafka/.env/lib/python3.8/site-packages/airflow/example_dags/example_short_circuit_decorator.py
[2023-11-21T10:18:29.588+0300] {processor.py:758} INFO - Processing file /home/user/Masaüstü/kafka/.env/lib/python3.8/site-packages/airflow/example_dags/example_short_circuit_decorator.py for tasks to queue
[2023-11-21T10:18:29.588+0300] {logging_mixin.py:117} INFO - [2023-11-21T10:18:29.588+0300] {dagbag.py:525} INFO - Filling up the DagBag from /home/user/Masaüstü/kafka/.env/lib/python3.8/site-packages/airflow/example_dags/example_short_circuit_decorator.py
[2023-11-21T10:18:29.611+0300] {processor.py:768} INFO - DAG(s) dict_keys(['example_short_circuit_decorator']) retrieved from /home/user/Masaüstü/kafka/.env/lib/python3.8/site-packages/airflow/example_dags/example_short_circuit_decorator.py
[2023-11-21T10:18:29.631+0300] {logging_mixin.py:117} INFO - [2023-11-21T10:18:29.631+0300] {dag.py:2573} INFO - Sync 1 DAGs
[2023-11-21T10:18:29.647+0300] {logging_mixin.py:117} INFO - [2023-11-21T10:18:29.647+0300] {dag.py:3324} INFO - Setting next_dagrun for example_short_circuit_decorator to 2023-11-20T07:18:29.647114+00:00, run_after=2023-11-21T07:18:29.647114+00:00
[2023-11-21T10:18:29.665+0300] {processor.py:178} INFO - Processing /home/user/Masaüstü/kafka/.env/lib/python3.8/site-packages/airflow/example_dags/example_short_circuit_decorator.py took 0.084 seconds
[2023-11-21T10:19:07.855+0300] {processor.py:156} INFO - Started process (PID=37116) to work on /home/user/Masaüstü/kafka/.env/lib/python3.8/site-packages/airflow/example_dags/example_short_circuit_decorator.py
[2023-11-21T10:19:07.859+0300] {processor.py:758} INFO - Processing file /home/user/Masaüstü/kafka/.env/lib/python3.8/site-packages/airflow/example_dags/example_short_circuit_decorator.py for tasks to queue
[2023-11-21T10:19:07.862+0300] {logging_mixin.py:117} INFO - [2023-11-21T10:19:07.861+0300] {dagbag.py:525} INFO - Filling up the DagBag from /home/user/Masaüstü/kafka/.env/lib/python3.8/site-packages/airflow/example_dags/example_short_circuit_decorator.py
[2023-11-21T10:19:07.892+0300] {processor.py:768} INFO - DAG(s) dict_keys(['example_short_circuit_decorator']) retrieved from /home/user/Masaüstü/kafka/.env/lib/python3.8/site-packages/airflow/example_dags/example_short_circuit_decorator.py
[2023-11-21T10:19:07.912+0300] {logging_mixin.py:117} INFO - [2023-11-21T10:19:07.911+0300] {dag.py:2573} INFO - Sync 1 DAGs
[2023-11-21T10:19:07.927+0300] {logging_mixin.py:117} INFO - [2023-11-21T10:19:07.927+0300] {dag.py:3324} INFO - Setting next_dagrun for example_short_circuit_decorator to 2023-11-20T07:19:07.927196+00:00, run_after=2023-11-21T07:19:07.927196+00:00
[2023-11-21T10:19:07.947+0300] {processor.py:178} INFO - Processing /home/user/Masaüstü/kafka/.env/lib/python3.8/site-packages/airflow/example_dags/example_short_circuit_decorator.py took 0.101 seconds
[2023-11-21T10:19:46.928+0300] {processor.py:156} INFO - Started process (PID=37377) to work on /home/user/Masaüstü/kafka/.env/lib/python3.8/site-packages/airflow/example_dags/example_short_circuit_decorator.py
[2023-11-21T10:19:46.930+0300] {processor.py:758} INFO - Processing file /home/user/Masaüstü/kafka/.env/lib/python3.8/site-packages/airflow/example_dags/example_short_circuit_decorator.py for tasks to queue
[2023-11-21T10:19:46.931+0300] {logging_mixin.py:117} INFO - [2023-11-21T10:19:46.931+0300] {dagbag.py:525} INFO - Filling up the DagBag from /home/user/Masaüstü/kafka/.env/lib/python3.8/site-packages/airflow/example_dags/example_short_circuit_decorator.py
[2023-11-21T10:19:46.990+0300] {processor.py:768} INFO - DAG(s) dict_keys(['example_short_circuit_decorator']) retrieved from /home/user/Masaüstü/kafka/.env/lib/python3.8/site-packages/airflow/example_dags/example_short_circuit_decorator.py
[2023-11-21T10:19:47.016+0300] {logging_mixin.py:117} INFO - [2023-11-21T10:19:47.016+0300] {dag.py:2573} INFO - Sync 1 DAGs
[2023-11-21T10:19:47.030+0300] {logging_mixin.py:117} INFO - [2023-11-21T10:19:47.030+0300] {dag.py:3324} INFO - Setting next_dagrun for example_short_circuit_decorator to 2023-11-20T07:19:47.029895+00:00, run_after=2023-11-21T07:19:47.029895+00:00
[2023-11-21T10:19:47.046+0300] {processor.py:178} INFO - Processing /home/user/Masaüstü/kafka/.env/lib/python3.8/site-packages/airflow/example_dags/example_short_circuit_decorator.py took 0.122 seconds
