[2023-11-21T09:51:20.408+0300] {processor.py:156} INFO - Started process (PID=23263) to work on /home/user/Masaüstü/kafka/.env/lib/python3.8/site-packages/airflow/example_dags/example_trigger_target_dag.py
[2023-11-21T09:51:20.409+0300] {processor.py:758} INFO - Processing file /home/user/Masaüstü/kafka/.env/lib/python3.8/site-packages/airflow/example_dags/example_trigger_target_dag.py for tasks to queue
[2023-11-21T09:51:20.410+0300] {logging_mixin.py:117} INFO - [2023-11-21T09:51:20.409+0300] {dagbag.py:525} INFO - Filling up the DagBag from /home/user/Masaüstü/kafka/.env/lib/python3.8/site-packages/airflow/example_dags/example_trigger_target_dag.py
[2023-11-21T09:51:20.437+0300] {processor.py:768} INFO - DAG(s) dict_keys(['example_trigger_target_dag']) retrieved from /home/user/Masaüstü/kafka/.env/lib/python3.8/site-packages/airflow/example_dags/example_trigger_target_dag.py
[2023-11-21T09:51:20.451+0300] {logging_mixin.py:117} INFO - [2023-11-21T09:51:20.451+0300] {dag.py:2573} INFO - Sync 1 DAGs
[2023-11-21T09:51:20.471+0300] {logging_mixin.py:117} INFO - [2023-11-21T09:51:20.471+0300] {dag.py:3324} INFO - Setting next_dagrun for example_trigger_target_dag to None, run_after=None
[2023-11-21T09:51:20.490+0300] {processor.py:178} INFO - Processing /home/user/Masaüstü/kafka/.env/lib/python3.8/site-packages/airflow/example_dags/example_trigger_target_dag.py took 0.084 seconds
[2023-11-21T09:52:00.943+0300] {processor.py:156} INFO - Started process (PID=23946) to work on /home/user/Masaüstü/kafka/.env/lib/python3.8/site-packages/airflow/example_dags/example_trigger_target_dag.py
[2023-11-21T09:52:00.949+0300] {processor.py:758} INFO - Processing file /home/user/Masaüstü/kafka/.env/lib/python3.8/site-packages/airflow/example_dags/example_trigger_target_dag.py for tasks to queue
[2023-11-21T09:52:00.953+0300] {logging_mixin.py:117} INFO - [2023-11-21T09:52:00.952+0300] {dagbag.py:525} INFO - Filling up the DagBag from /home/user/Masaüstü/kafka/.env/lib/python3.8/site-packages/airflow/example_dags/example_trigger_target_dag.py
[2023-11-21T09:52:01.013+0300] {processor.py:768} INFO - DAG(s) dict_keys(['example_trigger_target_dag']) retrieved from /home/user/Masaüstü/kafka/.env/lib/python3.8/site-packages/airflow/example_dags/example_trigger_target_dag.py
[2023-11-21T09:52:01.035+0300] {logging_mixin.py:117} INFO - [2023-11-21T09:52:01.034+0300] {dag.py:2573} INFO - Sync 1 DAGs
[2023-11-21T09:52:01.049+0300] {logging_mixin.py:117} INFO - [2023-11-21T09:52:01.049+0300] {dag.py:3324} INFO - Setting next_dagrun for example_trigger_target_dag to None, run_after=None
[2023-11-21T09:52:01.069+0300] {processor.py:178} INFO - Processing /home/user/Masaüstü/kafka/.env/lib/python3.8/site-packages/airflow/example_dags/example_trigger_target_dag.py took 0.136 seconds
[2023-11-21T09:52:37.519+0300] {processor.py:156} INFO - Started process (PID=24377) to work on /home/user/Masaüstü/kafka/.env/lib/python3.8/site-packages/airflow/example_dags/example_trigger_target_dag.py
[2023-11-21T09:52:37.521+0300] {processor.py:758} INFO - Processing file /home/user/Masaüstü/kafka/.env/lib/python3.8/site-packages/airflow/example_dags/example_trigger_target_dag.py for tasks to queue
[2023-11-21T09:52:37.522+0300] {logging_mixin.py:117} INFO - [2023-11-21T09:52:37.522+0300] {dagbag.py:525} INFO - Filling up the DagBag from /home/user/Masaüstü/kafka/.env/lib/python3.8/site-packages/airflow/example_dags/example_trigger_target_dag.py
[2023-11-21T09:52:37.562+0300] {processor.py:768} INFO - DAG(s) dict_keys(['example_trigger_target_dag']) retrieved from /home/user/Masaüstü/kafka/.env/lib/python3.8/site-packages/airflow/example_dags/example_trigger_target_dag.py
[2023-11-21T09:52:37.583+0300] {logging_mixin.py:117} INFO - [2023-11-21T09:52:37.582+0300] {dag.py:2573} INFO - Sync 1 DAGs
[2023-11-21T09:52:37.605+0300] {logging_mixin.py:117} INFO - [2023-11-21T09:52:37.605+0300] {dag.py:3324} INFO - Setting next_dagrun for example_trigger_target_dag to None, run_after=None
[2023-11-21T09:52:37.642+0300] {processor.py:178} INFO - Processing /home/user/Masaüstü/kafka/.env/lib/python3.8/site-packages/airflow/example_dags/example_trigger_target_dag.py took 0.127 seconds
[2023-11-21T09:53:15.205+0300] {processor.py:156} INFO - Started process (PID=24640) to work on /home/user/Masaüstü/kafka/.env/lib/python3.8/site-packages/airflow/example_dags/example_trigger_target_dag.py
[2023-11-21T09:53:15.206+0300] {processor.py:758} INFO - Processing file /home/user/Masaüstü/kafka/.env/lib/python3.8/site-packages/airflow/example_dags/example_trigger_target_dag.py for tasks to queue
[2023-11-21T09:53:15.207+0300] {logging_mixin.py:117} INFO - [2023-11-21T09:53:15.207+0300] {dagbag.py:525} INFO - Filling up the DagBag from /home/user/Masaüstü/kafka/.env/lib/python3.8/site-packages/airflow/example_dags/example_trigger_target_dag.py
[2023-11-21T09:53:15.258+0300] {processor.py:768} INFO - DAG(s) dict_keys(['example_trigger_target_dag']) retrieved from /home/user/Masaüstü/kafka/.env/lib/python3.8/site-packages/airflow/example_dags/example_trigger_target_dag.py
[2023-11-21T09:53:15.308+0300] {logging_mixin.py:117} INFO - [2023-11-21T09:53:15.308+0300] {dag.py:2573} INFO - Sync 1 DAGs
[2023-11-21T09:53:15.342+0300] {logging_mixin.py:117} INFO - [2023-11-21T09:53:15.341+0300] {dag.py:3324} INFO - Setting next_dagrun for example_trigger_target_dag to None, run_after=None
[2023-11-21T09:53:15.377+0300] {processor.py:178} INFO - Processing /home/user/Masaüstü/kafka/.env/lib/python3.8/site-packages/airflow/example_dags/example_trigger_target_dag.py took 0.178 seconds
[2023-11-21T09:53:53.467+0300] {processor.py:156} INFO - Started process (PID=24888) to work on /home/user/Masaüstü/kafka/.env/lib/python3.8/site-packages/airflow/example_dags/example_trigger_target_dag.py
[2023-11-21T09:53:53.469+0300] {processor.py:758} INFO - Processing file /home/user/Masaüstü/kafka/.env/lib/python3.8/site-packages/airflow/example_dags/example_trigger_target_dag.py for tasks to queue
[2023-11-21T09:53:53.470+0300] {logging_mixin.py:117} INFO - [2023-11-21T09:53:53.470+0300] {dagbag.py:525} INFO - Filling up the DagBag from /home/user/Masaüstü/kafka/.env/lib/python3.8/site-packages/airflow/example_dags/example_trigger_target_dag.py
[2023-11-21T09:53:53.497+0300] {processor.py:768} INFO - DAG(s) dict_keys(['example_trigger_target_dag']) retrieved from /home/user/Masaüstü/kafka/.env/lib/python3.8/site-packages/airflow/example_dags/example_trigger_target_dag.py
[2023-11-21T09:53:53.520+0300] {logging_mixin.py:117} INFO - [2023-11-21T09:53:53.519+0300] {dag.py:2573} INFO - Sync 1 DAGs
[2023-11-21T09:53:53.539+0300] {logging_mixin.py:117} INFO - [2023-11-21T09:53:53.539+0300] {dag.py:3324} INFO - Setting next_dagrun for example_trigger_target_dag to None, run_after=None
[2023-11-21T09:53:53.562+0300] {processor.py:178} INFO - Processing /home/user/Masaüstü/kafka/.env/lib/python3.8/site-packages/airflow/example_dags/example_trigger_target_dag.py took 0.098 seconds
[2023-11-21T09:54:29.148+0300] {processor.py:156} INFO - Started process (PID=25102) to work on /home/user/Masaüstü/kafka/.env/lib/python3.8/site-packages/airflow/example_dags/example_trigger_target_dag.py
[2023-11-21T09:54:29.150+0300] {processor.py:758} INFO - Processing file /home/user/Masaüstü/kafka/.env/lib/python3.8/site-packages/airflow/example_dags/example_trigger_target_dag.py for tasks to queue
[2023-11-21T09:54:29.151+0300] {logging_mixin.py:117} INFO - [2023-11-21T09:54:29.151+0300] {dagbag.py:525} INFO - Filling up the DagBag from /home/user/Masaüstü/kafka/.env/lib/python3.8/site-packages/airflow/example_dags/example_trigger_target_dag.py
[2023-11-21T09:54:29.171+0300] {processor.py:768} INFO - DAG(s) dict_keys(['example_trigger_target_dag']) retrieved from /home/user/Masaüstü/kafka/.env/lib/python3.8/site-packages/airflow/example_dags/example_trigger_target_dag.py
[2023-11-21T09:54:29.190+0300] {logging_mixin.py:117} INFO - [2023-11-21T09:54:29.189+0300] {dag.py:2573} INFO - Sync 1 DAGs
[2023-11-21T09:54:29.204+0300] {logging_mixin.py:117} INFO - [2023-11-21T09:54:29.204+0300] {dag.py:3324} INFO - Setting next_dagrun for example_trigger_target_dag to None, run_after=None
[2023-11-21T09:54:29.221+0300] {processor.py:178} INFO - Processing /home/user/Masaüstü/kafka/.env/lib/python3.8/site-packages/airflow/example_dags/example_trigger_target_dag.py took 0.076 seconds
[2023-11-21T09:55:07.323+0300] {processor.py:156} INFO - Started process (PID=25351) to work on /home/user/Masaüstü/kafka/.env/lib/python3.8/site-packages/airflow/example_dags/example_trigger_target_dag.py
[2023-11-21T09:55:07.324+0300] {processor.py:758} INFO - Processing file /home/user/Masaüstü/kafka/.env/lib/python3.8/site-packages/airflow/example_dags/example_trigger_target_dag.py for tasks to queue
[2023-11-21T09:55:07.325+0300] {logging_mixin.py:117} INFO - [2023-11-21T09:55:07.325+0300] {dagbag.py:525} INFO - Filling up the DagBag from /home/user/Masaüstü/kafka/.env/lib/python3.8/site-packages/airflow/example_dags/example_trigger_target_dag.py
[2023-11-21T09:55:07.344+0300] {processor.py:768} INFO - DAG(s) dict_keys(['example_trigger_target_dag']) retrieved from /home/user/Masaüstü/kafka/.env/lib/python3.8/site-packages/airflow/example_dags/example_trigger_target_dag.py
[2023-11-21T09:55:07.363+0300] {logging_mixin.py:117} INFO - [2023-11-21T09:55:07.363+0300] {dag.py:2573} INFO - Sync 1 DAGs
[2023-11-21T09:55:07.378+0300] {logging_mixin.py:117} INFO - [2023-11-21T09:55:07.377+0300] {dag.py:3324} INFO - Setting next_dagrun for example_trigger_target_dag to None, run_after=None
[2023-11-21T09:55:07.394+0300] {processor.py:178} INFO - Processing /home/user/Masaüstü/kafka/.env/lib/python3.8/site-packages/airflow/example_dags/example_trigger_target_dag.py took 0.074 seconds
[2023-11-21T09:55:44.642+0300] {processor.py:156} INFO - Started process (PID=25655) to work on /home/user/Masaüstü/kafka/.env/lib/python3.8/site-packages/airflow/example_dags/example_trigger_target_dag.py
[2023-11-21T09:55:44.646+0300] {processor.py:758} INFO - Processing file /home/user/Masaüstü/kafka/.env/lib/python3.8/site-packages/airflow/example_dags/example_trigger_target_dag.py for tasks to queue
[2023-11-21T09:55:44.647+0300] {logging_mixin.py:117} INFO - [2023-11-21T09:55:44.647+0300] {dagbag.py:525} INFO - Filling up the DagBag from /home/user/Masaüstü/kafka/.env/lib/python3.8/site-packages/airflow/example_dags/example_trigger_target_dag.py
[2023-11-21T09:55:44.685+0300] {processor.py:768} INFO - DAG(s) dict_keys(['example_trigger_target_dag']) retrieved from /home/user/Masaüstü/kafka/.env/lib/python3.8/site-packages/airflow/example_dags/example_trigger_target_dag.py
[2023-11-21T09:55:44.703+0300] {logging_mixin.py:117} INFO - [2023-11-21T09:55:44.703+0300] {dag.py:2573} INFO - Sync 1 DAGs
[2023-11-21T09:55:44.719+0300] {logging_mixin.py:117} INFO - [2023-11-21T09:55:44.719+0300] {dag.py:3324} INFO - Setting next_dagrun for example_trigger_target_dag to None, run_after=None
[2023-11-21T09:55:44.739+0300] {processor.py:178} INFO - Processing /home/user/Masaüstü/kafka/.env/lib/python3.8/site-packages/airflow/example_dags/example_trigger_target_dag.py took 0.103 seconds
[2023-11-21T09:56:21.335+0300] {processor.py:156} INFO - Started process (PID=25882) to work on /home/user/Masaüstü/kafka/.env/lib/python3.8/site-packages/airflow/example_dags/example_trigger_target_dag.py
[2023-11-21T09:56:21.337+0300] {processor.py:758} INFO - Processing file /home/user/Masaüstü/kafka/.env/lib/python3.8/site-packages/airflow/example_dags/example_trigger_target_dag.py for tasks to queue
[2023-11-21T09:56:21.337+0300] {logging_mixin.py:117} INFO - [2023-11-21T09:56:21.337+0300] {dagbag.py:525} INFO - Filling up the DagBag from /home/user/Masaüstü/kafka/.env/lib/python3.8/site-packages/airflow/example_dags/example_trigger_target_dag.py
[2023-11-21T09:56:21.356+0300] {processor.py:768} INFO - DAG(s) dict_keys(['example_trigger_target_dag']) retrieved from /home/user/Masaüstü/kafka/.env/lib/python3.8/site-packages/airflow/example_dags/example_trigger_target_dag.py
[2023-11-21T09:56:21.379+0300] {logging_mixin.py:117} INFO - [2023-11-21T09:56:21.379+0300] {dag.py:2573} INFO - Sync 1 DAGs
[2023-11-21T09:56:21.397+0300] {logging_mixin.py:117} INFO - [2023-11-21T09:56:21.397+0300] {dag.py:3324} INFO - Setting next_dagrun for example_trigger_target_dag to None, run_after=None
[2023-11-21T09:56:21.423+0300] {processor.py:178} INFO - Processing /home/user/Masaüstü/kafka/.env/lib/python3.8/site-packages/airflow/example_dags/example_trigger_target_dag.py took 0.091 seconds
[2023-11-21T09:56:58.211+0300] {processor.py:156} INFO - Started process (PID=26151) to work on /home/user/Masaüstü/kafka/.env/lib/python3.8/site-packages/airflow/example_dags/example_trigger_target_dag.py
[2023-11-21T09:56:58.213+0300] {processor.py:758} INFO - Processing file /home/user/Masaüstü/kafka/.env/lib/python3.8/site-packages/airflow/example_dags/example_trigger_target_dag.py for tasks to queue
[2023-11-21T09:56:58.214+0300] {logging_mixin.py:117} INFO - [2023-11-21T09:56:58.214+0300] {dagbag.py:525} INFO - Filling up the DagBag from /home/user/Masaüstü/kafka/.env/lib/python3.8/site-packages/airflow/example_dags/example_trigger_target_dag.py
[2023-11-21T09:56:58.251+0300] {processor.py:768} INFO - DAG(s) dict_keys(['example_trigger_target_dag']) retrieved from /home/user/Masaüstü/kafka/.env/lib/python3.8/site-packages/airflow/example_dags/example_trigger_target_dag.py
[2023-11-21T09:56:58.289+0300] {logging_mixin.py:117} INFO - [2023-11-21T09:56:58.288+0300] {dag.py:2573} INFO - Sync 1 DAGs
[2023-11-21T09:56:58.322+0300] {logging_mixin.py:117} INFO - [2023-11-21T09:56:58.321+0300] {dag.py:3324} INFO - Setting next_dagrun for example_trigger_target_dag to None, run_after=None
[2023-11-21T09:56:58.344+0300] {processor.py:178} INFO - Processing /home/user/Masaüstü/kafka/.env/lib/python3.8/site-packages/airflow/example_dags/example_trigger_target_dag.py took 0.136 seconds
[2023-11-21T09:57:35.876+0300] {processor.py:156} INFO - Started process (PID=26390) to work on /home/user/Masaüstü/kafka/.env/lib/python3.8/site-packages/airflow/example_dags/example_trigger_target_dag.py
[2023-11-21T09:57:35.878+0300] {processor.py:758} INFO - Processing file /home/user/Masaüstü/kafka/.env/lib/python3.8/site-packages/airflow/example_dags/example_trigger_target_dag.py for tasks to queue
[2023-11-21T09:57:35.878+0300] {logging_mixin.py:117} INFO - [2023-11-21T09:57:35.878+0300] {dagbag.py:525} INFO - Filling up the DagBag from /home/user/Masaüstü/kafka/.env/lib/python3.8/site-packages/airflow/example_dags/example_trigger_target_dag.py
[2023-11-21T09:57:35.902+0300] {processor.py:768} INFO - DAG(s) dict_keys(['example_trigger_target_dag']) retrieved from /home/user/Masaüstü/kafka/.env/lib/python3.8/site-packages/airflow/example_dags/example_trigger_target_dag.py
[2023-11-21T09:57:35.924+0300] {logging_mixin.py:117} INFO - [2023-11-21T09:57:35.923+0300] {dag.py:2573} INFO - Sync 1 DAGs
[2023-11-21T09:57:35.939+0300] {logging_mixin.py:117} INFO - [2023-11-21T09:57:35.939+0300] {dag.py:3324} INFO - Setting next_dagrun for example_trigger_target_dag to None, run_after=None
[2023-11-21T09:57:35.956+0300] {processor.py:178} INFO - Processing /home/user/Masaüstü/kafka/.env/lib/python3.8/site-packages/airflow/example_dags/example_trigger_target_dag.py took 0.083 seconds
[2023-11-21T09:58:12.035+0300] {processor.py:156} INFO - Started process (PID=26688) to work on /home/user/Masaüstü/kafka/.env/lib/python3.8/site-packages/airflow/example_dags/example_trigger_target_dag.py
[2023-11-21T09:58:12.038+0300] {processor.py:758} INFO - Processing file /home/user/Masaüstü/kafka/.env/lib/python3.8/site-packages/airflow/example_dags/example_trigger_target_dag.py for tasks to queue
[2023-11-21T09:58:12.040+0300] {logging_mixin.py:117} INFO - [2023-11-21T09:58:12.039+0300] {dagbag.py:525} INFO - Filling up the DagBag from /home/user/Masaüstü/kafka/.env/lib/python3.8/site-packages/airflow/example_dags/example_trigger_target_dag.py
[2023-11-21T09:58:12.075+0300] {processor.py:768} INFO - DAG(s) dict_keys(['example_trigger_target_dag']) retrieved from /home/user/Masaüstü/kafka/.env/lib/python3.8/site-packages/airflow/example_dags/example_trigger_target_dag.py
[2023-11-21T09:58:12.094+0300] {logging_mixin.py:117} INFO - [2023-11-21T09:58:12.094+0300] {dag.py:2573} INFO - Sync 1 DAGs
[2023-11-21T09:58:12.108+0300] {logging_mixin.py:117} INFO - [2023-11-21T09:58:12.108+0300] {dag.py:3324} INFO - Setting next_dagrun for example_trigger_target_dag to None, run_after=None
[2023-11-21T09:58:12.135+0300] {processor.py:178} INFO - Processing /home/user/Masaüstü/kafka/.env/lib/python3.8/site-packages/airflow/example_dags/example_trigger_target_dag.py took 0.106 seconds
[2023-11-21T09:58:49.395+0300] {processor.py:156} INFO - Started process (PID=27200) to work on /home/user/Masaüstü/kafka/.env/lib/python3.8/site-packages/airflow/example_dags/example_trigger_target_dag.py
[2023-11-21T09:58:49.397+0300] {processor.py:758} INFO - Processing file /home/user/Masaüstü/kafka/.env/lib/python3.8/site-packages/airflow/example_dags/example_trigger_target_dag.py for tasks to queue
[2023-11-21T09:58:49.397+0300] {logging_mixin.py:117} INFO - [2023-11-21T09:58:49.397+0300] {dagbag.py:525} INFO - Filling up the DagBag from /home/user/Masaüstü/kafka/.env/lib/python3.8/site-packages/airflow/example_dags/example_trigger_target_dag.py
[2023-11-21T09:58:49.415+0300] {processor.py:768} INFO - DAG(s) dict_keys(['example_trigger_target_dag']) retrieved from /home/user/Masaüstü/kafka/.env/lib/python3.8/site-packages/airflow/example_dags/example_trigger_target_dag.py
[2023-11-21T09:58:49.434+0300] {logging_mixin.py:117} INFO - [2023-11-21T09:58:49.434+0300] {dag.py:2573} INFO - Sync 1 DAGs
[2023-11-21T09:58:49.448+0300] {logging_mixin.py:117} INFO - [2023-11-21T09:58:49.448+0300] {dag.py:3324} INFO - Setting next_dagrun for example_trigger_target_dag to None, run_after=None
[2023-11-21T09:58:49.465+0300] {processor.py:178} INFO - Processing /home/user/Masaüstü/kafka/.env/lib/python3.8/site-packages/airflow/example_dags/example_trigger_target_dag.py took 0.071 seconds
[2023-11-21T09:59:25.423+0300] {processor.py:156} INFO - Started process (PID=27452) to work on /home/user/Masaüstü/kafka/.env/lib/python3.8/site-packages/airflow/example_dags/example_trigger_target_dag.py
[2023-11-21T09:59:25.426+0300] {processor.py:758} INFO - Processing file /home/user/Masaüstü/kafka/.env/lib/python3.8/site-packages/airflow/example_dags/example_trigger_target_dag.py for tasks to queue
[2023-11-21T09:59:25.427+0300] {logging_mixin.py:117} INFO - [2023-11-21T09:59:25.427+0300] {dagbag.py:525} INFO - Filling up the DagBag from /home/user/Masaüstü/kafka/.env/lib/python3.8/site-packages/airflow/example_dags/example_trigger_target_dag.py
[2023-11-21T09:59:25.464+0300] {processor.py:768} INFO - DAG(s) dict_keys(['example_trigger_target_dag']) retrieved from /home/user/Masaüstü/kafka/.env/lib/python3.8/site-packages/airflow/example_dags/example_trigger_target_dag.py
[2023-11-21T09:59:25.483+0300] {logging_mixin.py:117} INFO - [2023-11-21T09:59:25.483+0300] {dag.py:2573} INFO - Sync 1 DAGs
[2023-11-21T09:59:25.497+0300] {logging_mixin.py:117} INFO - [2023-11-21T09:59:25.497+0300] {dag.py:3324} INFO - Setting next_dagrun for example_trigger_target_dag to None, run_after=None
[2023-11-21T09:59:25.515+0300] {processor.py:178} INFO - Processing /home/user/Masaüstü/kafka/.env/lib/python3.8/site-packages/airflow/example_dags/example_trigger_target_dag.py took 0.098 seconds
[2023-11-21T10:00:00.582+0300] {processor.py:156} INFO - Started process (PID=27680) to work on /home/user/Masaüstü/kafka/.env/lib/python3.8/site-packages/airflow/example_dags/example_trigger_target_dag.py
[2023-11-21T10:00:00.585+0300] {processor.py:758} INFO - Processing file /home/user/Masaüstü/kafka/.env/lib/python3.8/site-packages/airflow/example_dags/example_trigger_target_dag.py for tasks to queue
[2023-11-21T10:00:00.586+0300] {logging_mixin.py:117} INFO - [2023-11-21T10:00:00.586+0300] {dagbag.py:525} INFO - Filling up the DagBag from /home/user/Masaüstü/kafka/.env/lib/python3.8/site-packages/airflow/example_dags/example_trigger_target_dag.py
[2023-11-21T10:00:00.627+0300] {processor.py:768} INFO - DAG(s) dict_keys(['example_trigger_target_dag']) retrieved from /home/user/Masaüstü/kafka/.env/lib/python3.8/site-packages/airflow/example_dags/example_trigger_target_dag.py
[2023-11-21T10:00:00.660+0300] {logging_mixin.py:117} INFO - [2023-11-21T10:00:00.660+0300] {dag.py:2573} INFO - Sync 1 DAGs
[2023-11-21T10:00:00.691+0300] {logging_mixin.py:117} INFO - [2023-11-21T10:00:00.691+0300] {dag.py:3324} INFO - Setting next_dagrun for example_trigger_target_dag to None, run_after=None
[2023-11-21T10:00:00.745+0300] {processor.py:178} INFO - Processing /home/user/Masaüstü/kafka/.env/lib/python3.8/site-packages/airflow/example_dags/example_trigger_target_dag.py took 0.169 seconds
[2023-11-21T10:00:37.541+0300] {processor.py:156} INFO - Started process (PID=27900) to work on /home/user/Masaüstü/kafka/.env/lib/python3.8/site-packages/airflow/example_dags/example_trigger_target_dag.py
[2023-11-21T10:00:37.542+0300] {processor.py:758} INFO - Processing file /home/user/Masaüstü/kafka/.env/lib/python3.8/site-packages/airflow/example_dags/example_trigger_target_dag.py for tasks to queue
[2023-11-21T10:00:37.543+0300] {logging_mixin.py:117} INFO - [2023-11-21T10:00:37.543+0300] {dagbag.py:525} INFO - Filling up the DagBag from /home/user/Masaüstü/kafka/.env/lib/python3.8/site-packages/airflow/example_dags/example_trigger_target_dag.py
[2023-11-21T10:00:37.571+0300] {processor.py:768} INFO - DAG(s) dict_keys(['example_trigger_target_dag']) retrieved from /home/user/Masaüstü/kafka/.env/lib/python3.8/site-packages/airflow/example_dags/example_trigger_target_dag.py
[2023-11-21T10:00:37.592+0300] {logging_mixin.py:117} INFO - [2023-11-21T10:00:37.592+0300] {dag.py:2573} INFO - Sync 1 DAGs
[2023-11-21T10:00:37.607+0300] {logging_mixin.py:117} INFO - [2023-11-21T10:00:37.607+0300] {dag.py:3324} INFO - Setting next_dagrun for example_trigger_target_dag to None, run_after=None
[2023-11-21T10:00:37.624+0300] {processor.py:178} INFO - Processing /home/user/Masaüstü/kafka/.env/lib/python3.8/site-packages/airflow/example_dags/example_trigger_target_dag.py took 0.085 seconds
[2023-11-21T10:01:12.295+0300] {processor.py:156} INFO - Started process (PID=28123) to work on /home/user/Masaüstü/kafka/.env/lib/python3.8/site-packages/airflow/example_dags/example_trigger_target_dag.py
[2023-11-21T10:01:12.297+0300] {processor.py:758} INFO - Processing file /home/user/Masaüstü/kafka/.env/lib/python3.8/site-packages/airflow/example_dags/example_trigger_target_dag.py for tasks to queue
[2023-11-21T10:01:12.297+0300] {logging_mixin.py:117} INFO - [2023-11-21T10:01:12.297+0300] {dagbag.py:525} INFO - Filling up the DagBag from /home/user/Masaüstü/kafka/.env/lib/python3.8/site-packages/airflow/example_dags/example_trigger_target_dag.py
[2023-11-21T10:01:12.313+0300] {processor.py:768} INFO - DAG(s) dict_keys(['example_trigger_target_dag']) retrieved from /home/user/Masaüstü/kafka/.env/lib/python3.8/site-packages/airflow/example_dags/example_trigger_target_dag.py
[2023-11-21T10:01:12.331+0300] {logging_mixin.py:117} INFO - [2023-11-21T10:01:12.331+0300] {dag.py:2573} INFO - Sync 1 DAGs
[2023-11-21T10:01:12.346+0300] {logging_mixin.py:117} INFO - [2023-11-21T10:01:12.346+0300] {dag.py:3324} INFO - Setting next_dagrun for example_trigger_target_dag to None, run_after=None
[2023-11-21T10:01:12.363+0300] {processor.py:178} INFO - Processing /home/user/Masaüstü/kafka/.env/lib/python3.8/site-packages/airflow/example_dags/example_trigger_target_dag.py took 0.069 seconds
[2023-11-21T10:01:47.905+0300] {processor.py:156} INFO - Started process (PID=28400) to work on /home/user/Masaüstü/kafka/.env/lib/python3.8/site-packages/airflow/example_dags/example_trigger_target_dag.py
[2023-11-21T10:01:47.906+0300] {processor.py:758} INFO - Processing file /home/user/Masaüstü/kafka/.env/lib/python3.8/site-packages/airflow/example_dags/example_trigger_target_dag.py for tasks to queue
[2023-11-21T10:01:47.906+0300] {logging_mixin.py:117} INFO - [2023-11-21T10:01:47.906+0300] {dagbag.py:525} INFO - Filling up the DagBag from /home/user/Masaüstü/kafka/.env/lib/python3.8/site-packages/airflow/example_dags/example_trigger_target_dag.py
[2023-11-21T10:01:47.922+0300] {processor.py:768} INFO - DAG(s) dict_keys(['example_trigger_target_dag']) retrieved from /home/user/Masaüstü/kafka/.env/lib/python3.8/site-packages/airflow/example_dags/example_trigger_target_dag.py
[2023-11-21T10:01:47.940+0300] {logging_mixin.py:117} INFO - [2023-11-21T10:01:47.940+0300] {dag.py:2573} INFO - Sync 1 DAGs
[2023-11-21T10:01:47.954+0300] {logging_mixin.py:117} INFO - [2023-11-21T10:01:47.954+0300] {dag.py:3324} INFO - Setting next_dagrun for example_trigger_target_dag to None, run_after=None
[2023-11-21T10:01:47.979+0300] {processor.py:178} INFO - Processing /home/user/Masaüstü/kafka/.env/lib/python3.8/site-packages/airflow/example_dags/example_trigger_target_dag.py took 0.076 seconds
[2023-11-21T10:02:24.404+0300] {processor.py:156} INFO - Started process (PID=28618) to work on /home/user/Masaüstü/kafka/.env/lib/python3.8/site-packages/airflow/example_dags/example_trigger_target_dag.py
[2023-11-21T10:02:24.406+0300] {processor.py:758} INFO - Processing file /home/user/Masaüstü/kafka/.env/lib/python3.8/site-packages/airflow/example_dags/example_trigger_target_dag.py for tasks to queue
[2023-11-21T10:02:24.406+0300] {logging_mixin.py:117} INFO - [2023-11-21T10:02:24.406+0300] {dagbag.py:525} INFO - Filling up the DagBag from /home/user/Masaüstü/kafka/.env/lib/python3.8/site-packages/airflow/example_dags/example_trigger_target_dag.py
[2023-11-21T10:02:24.423+0300] {processor.py:768} INFO - DAG(s) dict_keys(['example_trigger_target_dag']) retrieved from /home/user/Masaüstü/kafka/.env/lib/python3.8/site-packages/airflow/example_dags/example_trigger_target_dag.py
[2023-11-21T10:02:24.450+0300] {logging_mixin.py:117} INFO - [2023-11-21T10:02:24.450+0300] {dag.py:2573} INFO - Sync 1 DAGs
[2023-11-21T10:02:24.468+0300] {logging_mixin.py:117} INFO - [2023-11-21T10:02:24.468+0300] {dag.py:3324} INFO - Setting next_dagrun for example_trigger_target_dag to None, run_after=None
[2023-11-21T10:02:24.486+0300] {processor.py:178} INFO - Processing /home/user/Masaüstü/kafka/.env/lib/python3.8/site-packages/airflow/example_dags/example_trigger_target_dag.py took 0.084 seconds
[2023-11-21T10:03:00.917+0300] {processor.py:156} INFO - Started process (PID=28854) to work on /home/user/Masaüstü/kafka/.env/lib/python3.8/site-packages/airflow/example_dags/example_trigger_target_dag.py
[2023-11-21T10:03:00.919+0300] {processor.py:758} INFO - Processing file /home/user/Masaüstü/kafka/.env/lib/python3.8/site-packages/airflow/example_dags/example_trigger_target_dag.py for tasks to queue
[2023-11-21T10:03:00.919+0300] {logging_mixin.py:117} INFO - [2023-11-21T10:03:00.919+0300] {dagbag.py:525} INFO - Filling up the DagBag from /home/user/Masaüstü/kafka/.env/lib/python3.8/site-packages/airflow/example_dags/example_trigger_target_dag.py
[2023-11-21T10:03:00.939+0300] {processor.py:768} INFO - DAG(s) dict_keys(['example_trigger_target_dag']) retrieved from /home/user/Masaüstü/kafka/.env/lib/python3.8/site-packages/airflow/example_dags/example_trigger_target_dag.py
[2023-11-21T10:03:00.959+0300] {logging_mixin.py:117} INFO - [2023-11-21T10:03:00.959+0300] {dag.py:2573} INFO - Sync 1 DAGs
[2023-11-21T10:03:00.973+0300] {logging_mixin.py:117} INFO - [2023-11-21T10:03:00.973+0300] {dag.py:3324} INFO - Setting next_dagrun for example_trigger_target_dag to None, run_after=None
[2023-11-21T10:03:00.990+0300] {processor.py:178} INFO - Processing /home/user/Masaüstü/kafka/.env/lib/python3.8/site-packages/airflow/example_dags/example_trigger_target_dag.py took 0.075 seconds
[2023-11-21T10:04:54.346+0300] {processor.py:156} INFO - Started process (PID=29890) to work on /home/user/Masaüstü/kafka/.env/lib/python3.8/site-packages/airflow/example_dags/example_trigger_target_dag.py
[2023-11-21T10:04:54.361+0300] {processor.py:758} INFO - Processing file /home/user/Masaüstü/kafka/.env/lib/python3.8/site-packages/airflow/example_dags/example_trigger_target_dag.py for tasks to queue
[2023-11-21T10:04:54.362+0300] {logging_mixin.py:117} INFO - [2023-11-21T10:04:54.362+0300] {dagbag.py:525} INFO - Filling up the DagBag from /home/user/Masaüstü/kafka/.env/lib/python3.8/site-packages/airflow/example_dags/example_trigger_target_dag.py
[2023-11-21T10:04:54.388+0300] {processor.py:768} INFO - DAG(s) dict_keys(['example_trigger_target_dag']) retrieved from /home/user/Masaüstü/kafka/.env/lib/python3.8/site-packages/airflow/example_dags/example_trigger_target_dag.py
[2023-11-21T10:04:54.417+0300] {logging_mixin.py:117} INFO - [2023-11-21T10:04:54.416+0300] {dag.py:2573} INFO - Sync 1 DAGs
[2023-11-21T10:04:54.450+0300] {logging_mixin.py:117} INFO - [2023-11-21T10:04:54.450+0300] {dag.py:3324} INFO - Setting next_dagrun for example_trigger_target_dag to None, run_after=None
[2023-11-21T10:04:54.489+0300] {processor.py:178} INFO - Processing /home/user/Masaüstü/kafka/.env/lib/python3.8/site-packages/airflow/example_dags/example_trigger_target_dag.py took 0.145 seconds
[2023-11-21T10:05:30.972+0300] {processor.py:156} INFO - Started process (PID=30197) to work on /home/user/Masaüstü/kafka/.env/lib/python3.8/site-packages/airflow/example_dags/example_trigger_target_dag.py
[2023-11-21T10:05:30.973+0300] {processor.py:758} INFO - Processing file /home/user/Masaüstü/kafka/.env/lib/python3.8/site-packages/airflow/example_dags/example_trigger_target_dag.py for tasks to queue
[2023-11-21T10:05:30.974+0300] {logging_mixin.py:117} INFO - [2023-11-21T10:05:30.974+0300] {dagbag.py:525} INFO - Filling up the DagBag from /home/user/Masaüstü/kafka/.env/lib/python3.8/site-packages/airflow/example_dags/example_trigger_target_dag.py
[2023-11-21T10:05:30.997+0300] {processor.py:768} INFO - DAG(s) dict_keys(['example_trigger_target_dag']) retrieved from /home/user/Masaüstü/kafka/.env/lib/python3.8/site-packages/airflow/example_dags/example_trigger_target_dag.py
[2023-11-21T10:05:31.021+0300] {logging_mixin.py:117} INFO - [2023-11-21T10:05:31.020+0300] {dag.py:2573} INFO - Sync 1 DAGs
[2023-11-21T10:05:31.039+0300] {logging_mixin.py:117} INFO - [2023-11-21T10:05:31.039+0300] {dag.py:3324} INFO - Setting next_dagrun for example_trigger_target_dag to None, run_after=None
[2023-11-21T10:05:31.056+0300] {processor.py:178} INFO - Processing /home/user/Masaüstü/kafka/.env/lib/python3.8/site-packages/airflow/example_dags/example_trigger_target_dag.py took 0.087 seconds
[2023-11-21T10:06:10.222+0300] {processor.py:156} INFO - Started process (PID=30583) to work on /home/user/Masaüstü/kafka/.env/lib/python3.8/site-packages/airflow/example_dags/example_trigger_target_dag.py
[2023-11-21T10:06:10.226+0300] {processor.py:758} INFO - Processing file /home/user/Masaüstü/kafka/.env/lib/python3.8/site-packages/airflow/example_dags/example_trigger_target_dag.py for tasks to queue
[2023-11-21T10:06:10.227+0300] {logging_mixin.py:117} INFO - [2023-11-21T10:06:10.227+0300] {dagbag.py:525} INFO - Filling up the DagBag from /home/user/Masaüstü/kafka/.env/lib/python3.8/site-packages/airflow/example_dags/example_trigger_target_dag.py
[2023-11-21T10:06:10.265+0300] {processor.py:768} INFO - DAG(s) dict_keys(['example_trigger_target_dag']) retrieved from /home/user/Masaüstü/kafka/.env/lib/python3.8/site-packages/airflow/example_dags/example_trigger_target_dag.py
[2023-11-21T10:06:10.283+0300] {logging_mixin.py:117} INFO - [2023-11-21T10:06:10.282+0300] {dag.py:2573} INFO - Sync 1 DAGs
[2023-11-21T10:06:10.296+0300] {logging_mixin.py:117} INFO - [2023-11-21T10:06:10.296+0300] {dag.py:3324} INFO - Setting next_dagrun for example_trigger_target_dag to None, run_after=None
[2023-11-21T10:06:10.314+0300] {processor.py:178} INFO - Processing /home/user/Masaüstü/kafka/.env/lib/python3.8/site-packages/airflow/example_dags/example_trigger_target_dag.py took 0.100 seconds
[2023-11-21T10:06:48.742+0300] {processor.py:156} INFO - Started process (PID=30830) to work on /home/user/Masaüstü/kafka/.env/lib/python3.8/site-packages/airflow/example_dags/example_trigger_target_dag.py
[2023-11-21T10:06:48.746+0300] {processor.py:758} INFO - Processing file /home/user/Masaüstü/kafka/.env/lib/python3.8/site-packages/airflow/example_dags/example_trigger_target_dag.py for tasks to queue
[2023-11-21T10:06:48.747+0300] {logging_mixin.py:117} INFO - [2023-11-21T10:06:48.747+0300] {dagbag.py:525} INFO - Filling up the DagBag from /home/user/Masaüstü/kafka/.env/lib/python3.8/site-packages/airflow/example_dags/example_trigger_target_dag.py
[2023-11-21T10:06:48.775+0300] {processor.py:768} INFO - DAG(s) dict_keys(['example_trigger_target_dag']) retrieved from /home/user/Masaüstü/kafka/.env/lib/python3.8/site-packages/airflow/example_dags/example_trigger_target_dag.py
[2023-11-21T10:06:48.795+0300] {logging_mixin.py:117} INFO - [2023-11-21T10:06:48.794+0300] {dag.py:2573} INFO - Sync 1 DAGs
[2023-11-21T10:06:48.810+0300] {logging_mixin.py:117} INFO - [2023-11-21T10:06:48.810+0300] {dag.py:3324} INFO - Setting next_dagrun for example_trigger_target_dag to None, run_after=None
[2023-11-21T10:06:48.843+0300] {processor.py:178} INFO - Processing /home/user/Masaüstü/kafka/.env/lib/python3.8/site-packages/airflow/example_dags/example_trigger_target_dag.py took 0.107 seconds
[2023-11-21T10:07:24.814+0300] {processor.py:156} INFO - Started process (PID=31072) to work on /home/user/Masaüstü/kafka/.env/lib/python3.8/site-packages/airflow/example_dags/example_trigger_target_dag.py
[2023-11-21T10:07:24.816+0300] {processor.py:758} INFO - Processing file /home/user/Masaüstü/kafka/.env/lib/python3.8/site-packages/airflow/example_dags/example_trigger_target_dag.py for tasks to queue
[2023-11-21T10:07:24.817+0300] {logging_mixin.py:117} INFO - [2023-11-21T10:07:24.817+0300] {dagbag.py:525} INFO - Filling up the DagBag from /home/user/Masaüstü/kafka/.env/lib/python3.8/site-packages/airflow/example_dags/example_trigger_target_dag.py
[2023-11-21T10:07:24.841+0300] {processor.py:768} INFO - DAG(s) dict_keys(['example_trigger_target_dag']) retrieved from /home/user/Masaüstü/kafka/.env/lib/python3.8/site-packages/airflow/example_dags/example_trigger_target_dag.py
[2023-11-21T10:07:24.862+0300] {logging_mixin.py:117} INFO - [2023-11-21T10:07:24.862+0300] {dag.py:2573} INFO - Sync 1 DAGs
[2023-11-21T10:07:24.878+0300] {logging_mixin.py:117} INFO - [2023-11-21T10:07:24.878+0300] {dag.py:3324} INFO - Setting next_dagrun for example_trigger_target_dag to None, run_after=None
[2023-11-21T10:07:24.990+0300] {processor.py:178} INFO - Processing /home/user/Masaüstü/kafka/.env/lib/python3.8/site-packages/airflow/example_dags/example_trigger_target_dag.py took 0.179 seconds
[2023-11-21T10:08:03.886+0300] {processor.py:156} INFO - Started process (PID=31316) to work on /home/user/Masaüstü/kafka/.env/lib/python3.8/site-packages/airflow/example_dags/example_trigger_target_dag.py
[2023-11-21T10:08:03.887+0300] {processor.py:758} INFO - Processing file /home/user/Masaüstü/kafka/.env/lib/python3.8/site-packages/airflow/example_dags/example_trigger_target_dag.py for tasks to queue
[2023-11-21T10:08:03.888+0300] {logging_mixin.py:117} INFO - [2023-11-21T10:08:03.887+0300] {dagbag.py:525} INFO - Filling up the DagBag from /home/user/Masaüstü/kafka/.env/lib/python3.8/site-packages/airflow/example_dags/example_trigger_target_dag.py
[2023-11-21T10:08:03.905+0300] {processor.py:768} INFO - DAG(s) dict_keys(['example_trigger_target_dag']) retrieved from /home/user/Masaüstü/kafka/.env/lib/python3.8/site-packages/airflow/example_dags/example_trigger_target_dag.py
[2023-11-21T10:08:03.923+0300] {logging_mixin.py:117} INFO - [2023-11-21T10:08:03.923+0300] {dag.py:2573} INFO - Sync 1 DAGs
[2023-11-21T10:08:03.936+0300] {logging_mixin.py:117} INFO - [2023-11-21T10:08:03.936+0300] {dag.py:3324} INFO - Setting next_dagrun for example_trigger_target_dag to None, run_after=None
[2023-11-21T10:08:03.953+0300] {processor.py:178} INFO - Processing /home/user/Masaüstü/kafka/.env/lib/python3.8/site-packages/airflow/example_dags/example_trigger_target_dag.py took 0.069 seconds
[2023-11-21T10:08:42.154+0300] {processor.py:156} INFO - Started process (PID=31577) to work on /home/user/Masaüstü/kafka/.env/lib/python3.8/site-packages/airflow/example_dags/example_trigger_target_dag.py
[2023-11-21T10:08:42.156+0300] {processor.py:758} INFO - Processing file /home/user/Masaüstü/kafka/.env/lib/python3.8/site-packages/airflow/example_dags/example_trigger_target_dag.py for tasks to queue
[2023-11-21T10:08:42.157+0300] {logging_mixin.py:117} INFO - [2023-11-21T10:08:42.156+0300] {dagbag.py:525} INFO - Filling up the DagBag from /home/user/Masaüstü/kafka/.env/lib/python3.8/site-packages/airflow/example_dags/example_trigger_target_dag.py
[2023-11-21T10:08:42.172+0300] {processor.py:768} INFO - DAG(s) dict_keys(['example_trigger_target_dag']) retrieved from /home/user/Masaüstü/kafka/.env/lib/python3.8/site-packages/airflow/example_dags/example_trigger_target_dag.py
[2023-11-21T10:08:42.190+0300] {logging_mixin.py:117} INFO - [2023-11-21T10:08:42.190+0300] {dag.py:2573} INFO - Sync 1 DAGs
[2023-11-21T10:08:42.204+0300] {logging_mixin.py:117} INFO - [2023-11-21T10:08:42.204+0300] {dag.py:3324} INFO - Setting next_dagrun for example_trigger_target_dag to None, run_after=None
[2023-11-21T10:08:42.230+0300] {processor.py:178} INFO - Processing /home/user/Masaüstü/kafka/.env/lib/python3.8/site-packages/airflow/example_dags/example_trigger_target_dag.py took 0.078 seconds
[2023-11-21T10:09:21.075+0300] {processor.py:156} INFO - Started process (PID=31901) to work on /home/user/Masaüstü/kafka/.env/lib/python3.8/site-packages/airflow/example_dags/example_trigger_target_dag.py
[2023-11-21T10:09:21.078+0300] {processor.py:758} INFO - Processing file /home/user/Masaüstü/kafka/.env/lib/python3.8/site-packages/airflow/example_dags/example_trigger_target_dag.py for tasks to queue
[2023-11-21T10:09:21.080+0300] {logging_mixin.py:117} INFO - [2023-11-21T10:09:21.079+0300] {dagbag.py:525} INFO - Filling up the DagBag from /home/user/Masaüstü/kafka/.env/lib/python3.8/site-packages/airflow/example_dags/example_trigger_target_dag.py
[2023-11-21T10:09:21.106+0300] {processor.py:768} INFO - DAG(s) dict_keys(['example_trigger_target_dag']) retrieved from /home/user/Masaüstü/kafka/.env/lib/python3.8/site-packages/airflow/example_dags/example_trigger_target_dag.py
[2023-11-21T10:09:21.123+0300] {logging_mixin.py:117} INFO - [2023-11-21T10:09:21.122+0300] {dag.py:2573} INFO - Sync 1 DAGs
[2023-11-21T10:09:21.136+0300] {logging_mixin.py:117} INFO - [2023-11-21T10:09:21.136+0300] {dag.py:3324} INFO - Setting next_dagrun for example_trigger_target_dag to None, run_after=None
[2023-11-21T10:09:21.158+0300] {processor.py:178} INFO - Processing /home/user/Masaüstü/kafka/.env/lib/python3.8/site-packages/airflow/example_dags/example_trigger_target_dag.py took 0.091 seconds
[2023-11-21T10:10:02.010+0300] {processor.py:156} INFO - Started process (PID=32515) to work on /home/user/Masaüstü/kafka/.env/lib/python3.8/site-packages/airflow/example_dags/example_trigger_target_dag.py
[2023-11-21T10:10:02.013+0300] {processor.py:758} INFO - Processing file /home/user/Masaüstü/kafka/.env/lib/python3.8/site-packages/airflow/example_dags/example_trigger_target_dag.py for tasks to queue
[2023-11-21T10:10:02.015+0300] {logging_mixin.py:117} INFO - [2023-11-21T10:10:02.014+0300] {dagbag.py:525} INFO - Filling up the DagBag from /home/user/Masaüstü/kafka/.env/lib/python3.8/site-packages/airflow/example_dags/example_trigger_target_dag.py
[2023-11-21T10:10:02.037+0300] {processor.py:768} INFO - DAG(s) dict_keys(['example_trigger_target_dag']) retrieved from /home/user/Masaüstü/kafka/.env/lib/python3.8/site-packages/airflow/example_dags/example_trigger_target_dag.py
[2023-11-21T10:10:02.065+0300] {logging_mixin.py:117} INFO - [2023-11-21T10:10:02.065+0300] {dag.py:2573} INFO - Sync 1 DAGs
[2023-11-21T10:10:02.086+0300] {logging_mixin.py:117} INFO - [2023-11-21T10:10:02.085+0300] {dag.py:3324} INFO - Setting next_dagrun for example_trigger_target_dag to None, run_after=None
[2023-11-21T10:10:02.107+0300] {processor.py:178} INFO - Processing /home/user/Masaüstü/kafka/.env/lib/python3.8/site-packages/airflow/example_dags/example_trigger_target_dag.py took 0.099 seconds
[2023-11-21T10:10:53.842+0300] {processor.py:156} INFO - Started process (PID=33241) to work on /home/user/Masaüstü/kafka/.env/lib/python3.8/site-packages/airflow/example_dags/example_trigger_target_dag.py
[2023-11-21T10:10:53.843+0300] {processor.py:758} INFO - Processing file /home/user/Masaüstü/kafka/.env/lib/python3.8/site-packages/airflow/example_dags/example_trigger_target_dag.py for tasks to queue
[2023-11-21T10:10:53.844+0300] {logging_mixin.py:117} INFO - [2023-11-21T10:10:53.844+0300] {dagbag.py:525} INFO - Filling up the DagBag from /home/user/Masaüstü/kafka/.env/lib/python3.8/site-packages/airflow/example_dags/example_trigger_target_dag.py
[2023-11-21T10:10:53.865+0300] {processor.py:768} INFO - DAG(s) dict_keys(['example_trigger_target_dag']) retrieved from /home/user/Masaüstü/kafka/.env/lib/python3.8/site-packages/airflow/example_dags/example_trigger_target_dag.py
[2023-11-21T10:10:53.884+0300] {logging_mixin.py:117} INFO - [2023-11-21T10:10:53.883+0300] {dag.py:2573} INFO - Sync 1 DAGs
[2023-11-21T10:10:53.898+0300] {logging_mixin.py:117} INFO - [2023-11-21T10:10:53.898+0300] {dag.py:3324} INFO - Setting next_dagrun for example_trigger_target_dag to None, run_after=None
[2023-11-21T10:10:53.924+0300] {processor.py:178} INFO - Processing /home/user/Masaüstü/kafka/.env/lib/python3.8/site-packages/airflow/example_dags/example_trigger_target_dag.py took 0.085 seconds
[2023-11-21T10:11:32.864+0300] {processor.py:156} INFO - Started process (PID=33510) to work on /home/user/Masaüstü/kafka/.env/lib/python3.8/site-packages/airflow/example_dags/example_trigger_target_dag.py
[2023-11-21T10:11:32.869+0300] {processor.py:758} INFO - Processing file /home/user/Masaüstü/kafka/.env/lib/python3.8/site-packages/airflow/example_dags/example_trigger_target_dag.py for tasks to queue
[2023-11-21T10:11:32.871+0300] {logging_mixin.py:117} INFO - [2023-11-21T10:11:32.870+0300] {dagbag.py:525} INFO - Filling up the DagBag from /home/user/Masaüstü/kafka/.env/lib/python3.8/site-packages/airflow/example_dags/example_trigger_target_dag.py
[2023-11-21T10:11:32.904+0300] {processor.py:768} INFO - DAG(s) dict_keys(['example_trigger_target_dag']) retrieved from /home/user/Masaüstü/kafka/.env/lib/python3.8/site-packages/airflow/example_dags/example_trigger_target_dag.py
[2023-11-21T10:11:32.954+0300] {logging_mixin.py:117} INFO - [2023-11-21T10:11:32.954+0300] {dag.py:2573} INFO - Sync 1 DAGs
[2023-11-21T10:11:32.997+0300] {logging_mixin.py:117} INFO - [2023-11-21T10:11:32.997+0300] {dag.py:3324} INFO - Setting next_dagrun for example_trigger_target_dag to None, run_after=None
[2023-11-21T10:11:33.078+0300] {processor.py:178} INFO - Processing /home/user/Masaüstü/kafka/.env/lib/python3.8/site-packages/airflow/example_dags/example_trigger_target_dag.py took 0.218 seconds
[2023-11-21T10:12:09.925+0300] {processor.py:156} INFO - Started process (PID=33742) to work on /home/user/Masaüstü/kafka/.env/lib/python3.8/site-packages/airflow/example_dags/example_trigger_target_dag.py
[2023-11-21T10:12:09.928+0300] {processor.py:758} INFO - Processing file /home/user/Masaüstü/kafka/.env/lib/python3.8/site-packages/airflow/example_dags/example_trigger_target_dag.py for tasks to queue
[2023-11-21T10:12:09.930+0300] {logging_mixin.py:117} INFO - [2023-11-21T10:12:09.929+0300] {dagbag.py:525} INFO - Filling up the DagBag from /home/user/Masaüstü/kafka/.env/lib/python3.8/site-packages/airflow/example_dags/example_trigger_target_dag.py
[2023-11-21T10:12:09.969+0300] {processor.py:768} INFO - DAG(s) dict_keys(['example_trigger_target_dag']) retrieved from /home/user/Masaüstü/kafka/.env/lib/python3.8/site-packages/airflow/example_dags/example_trigger_target_dag.py
[2023-11-21T10:12:09.990+0300] {logging_mixin.py:117} INFO - [2023-11-21T10:12:09.990+0300] {dag.py:2573} INFO - Sync 1 DAGs
[2023-11-21T10:12:10.018+0300] {logging_mixin.py:117} INFO - [2023-11-21T10:12:10.018+0300] {dag.py:3324} INFO - Setting next_dagrun for example_trigger_target_dag to None, run_after=None
[2023-11-21T10:12:10.038+0300] {processor.py:178} INFO - Processing /home/user/Masaüstü/kafka/.env/lib/python3.8/site-packages/airflow/example_dags/example_trigger_target_dag.py took 0.120 seconds
[2023-11-21T10:12:48.414+0300] {processor.py:156} INFO - Started process (PID=33974) to work on /home/user/Masaüstü/kafka/.env/lib/python3.8/site-packages/airflow/example_dags/example_trigger_target_dag.py
[2023-11-21T10:12:48.415+0300] {processor.py:758} INFO - Processing file /home/user/Masaüstü/kafka/.env/lib/python3.8/site-packages/airflow/example_dags/example_trigger_target_dag.py for tasks to queue
[2023-11-21T10:12:48.415+0300] {logging_mixin.py:117} INFO - [2023-11-21T10:12:48.415+0300] {dagbag.py:525} INFO - Filling up the DagBag from /home/user/Masaüstü/kafka/.env/lib/python3.8/site-packages/airflow/example_dags/example_trigger_target_dag.py
[2023-11-21T10:12:48.438+0300] {processor.py:768} INFO - DAG(s) dict_keys(['example_trigger_target_dag']) retrieved from /home/user/Masaüstü/kafka/.env/lib/python3.8/site-packages/airflow/example_dags/example_trigger_target_dag.py
[2023-11-21T10:12:48.456+0300] {logging_mixin.py:117} INFO - [2023-11-21T10:12:48.456+0300] {dag.py:2573} INFO - Sync 1 DAGs
[2023-11-21T10:12:48.470+0300] {logging_mixin.py:117} INFO - [2023-11-21T10:12:48.470+0300] {dag.py:3324} INFO - Setting next_dagrun for example_trigger_target_dag to None, run_after=None
[2023-11-21T10:12:48.501+0300] {processor.py:178} INFO - Processing /home/user/Masaüstü/kafka/.env/lib/python3.8/site-packages/airflow/example_dags/example_trigger_target_dag.py took 0.090 seconds
[2023-11-21T10:13:25.836+0300] {processor.py:156} INFO - Started process (PID=34240) to work on /home/user/Masaüstü/kafka/.env/lib/python3.8/site-packages/airflow/example_dags/example_trigger_target_dag.py
[2023-11-21T10:13:25.838+0300] {processor.py:758} INFO - Processing file /home/user/Masaüstü/kafka/.env/lib/python3.8/site-packages/airflow/example_dags/example_trigger_target_dag.py for tasks to queue
[2023-11-21T10:13:25.839+0300] {logging_mixin.py:117} INFO - [2023-11-21T10:13:25.838+0300] {dagbag.py:525} INFO - Filling up the DagBag from /home/user/Masaüstü/kafka/.env/lib/python3.8/site-packages/airflow/example_dags/example_trigger_target_dag.py
[2023-11-21T10:13:25.869+0300] {processor.py:768} INFO - DAG(s) dict_keys(['example_trigger_target_dag']) retrieved from /home/user/Masaüstü/kafka/.env/lib/python3.8/site-packages/airflow/example_dags/example_trigger_target_dag.py
[2023-11-21T10:13:25.900+0300] {logging_mixin.py:117} INFO - [2023-11-21T10:13:25.899+0300] {dag.py:2573} INFO - Sync 1 DAGs
[2023-11-21T10:13:25.927+0300] {logging_mixin.py:117} INFO - [2023-11-21T10:13:25.927+0300] {dag.py:3324} INFO - Setting next_dagrun for example_trigger_target_dag to None, run_after=None
[2023-11-21T10:13:25.965+0300] {processor.py:178} INFO - Processing /home/user/Masaüstü/kafka/.env/lib/python3.8/site-packages/airflow/example_dags/example_trigger_target_dag.py took 0.134 seconds
[2023-11-21T10:14:18.543+0300] {processor.py:156} INFO - Started process (PID=35001) to work on /home/user/Masaüstü/kafka/.env/lib/python3.8/site-packages/airflow/example_dags/example_trigger_target_dag.py
[2023-11-21T10:14:18.545+0300] {processor.py:758} INFO - Processing file /home/user/Masaüstü/kafka/.env/lib/python3.8/site-packages/airflow/example_dags/example_trigger_target_dag.py for tasks to queue
[2023-11-21T10:14:18.546+0300] {logging_mixin.py:117} INFO - [2023-11-21T10:14:18.546+0300] {dagbag.py:525} INFO - Filling up the DagBag from /home/user/Masaüstü/kafka/.env/lib/python3.8/site-packages/airflow/example_dags/example_trigger_target_dag.py
[2023-11-21T10:14:18.563+0300] {processor.py:768} INFO - DAG(s) dict_keys(['example_trigger_target_dag']) retrieved from /home/user/Masaüstü/kafka/.env/lib/python3.8/site-packages/airflow/example_dags/example_trigger_target_dag.py
[2023-11-21T10:14:18.582+0300] {logging_mixin.py:117} INFO - [2023-11-21T10:14:18.582+0300] {dag.py:2573} INFO - Sync 1 DAGs
[2023-11-21T10:14:18.599+0300] {logging_mixin.py:117} INFO - [2023-11-21T10:14:18.598+0300] {dag.py:3324} INFO - Setting next_dagrun for example_trigger_target_dag to None, run_after=None
[2023-11-21T10:14:18.617+0300] {processor.py:178} INFO - Processing /home/user/Masaüstü/kafka/.env/lib/python3.8/site-packages/airflow/example_dags/example_trigger_target_dag.py took 0.076 seconds
[2023-11-21T10:14:56.218+0300] {processor.py:156} INFO - Started process (PID=35426) to work on /home/user/Masaüstü/kafka/.env/lib/python3.8/site-packages/airflow/example_dags/example_trigger_target_dag.py
[2023-11-21T10:14:56.220+0300] {processor.py:758} INFO - Processing file /home/user/Masaüstü/kafka/.env/lib/python3.8/site-packages/airflow/example_dags/example_trigger_target_dag.py for tasks to queue
[2023-11-21T10:14:56.220+0300] {logging_mixin.py:117} INFO - [2023-11-21T10:14:56.220+0300] {dagbag.py:525} INFO - Filling up the DagBag from /home/user/Masaüstü/kafka/.env/lib/python3.8/site-packages/airflow/example_dags/example_trigger_target_dag.py
[2023-11-21T10:14:56.237+0300] {processor.py:768} INFO - DAG(s) dict_keys(['example_trigger_target_dag']) retrieved from /home/user/Masaüstü/kafka/.env/lib/python3.8/site-packages/airflow/example_dags/example_trigger_target_dag.py
[2023-11-21T10:14:56.257+0300] {logging_mixin.py:117} INFO - [2023-11-21T10:14:56.257+0300] {dag.py:2573} INFO - Sync 1 DAGs
[2023-11-21T10:14:56.274+0300] {logging_mixin.py:117} INFO - [2023-11-21T10:14:56.274+0300] {dag.py:3324} INFO - Setting next_dagrun for example_trigger_target_dag to None, run_after=None
[2023-11-21T10:14:56.292+0300] {processor.py:178} INFO - Processing /home/user/Masaüstü/kafka/.env/lib/python3.8/site-packages/airflow/example_dags/example_trigger_target_dag.py took 0.076 seconds
[2023-11-21T10:15:33.706+0300] {processor.py:156} INFO - Started process (PID=35683) to work on /home/user/Masaüstü/kafka/.env/lib/python3.8/site-packages/airflow/example_dags/example_trigger_target_dag.py
[2023-11-21T10:15:33.706+0300] {processor.py:758} INFO - Processing file /home/user/Masaüstü/kafka/.env/lib/python3.8/site-packages/airflow/example_dags/example_trigger_target_dag.py for tasks to queue
[2023-11-21T10:15:33.707+0300] {logging_mixin.py:117} INFO - [2023-11-21T10:15:33.706+0300] {dagbag.py:525} INFO - Filling up the DagBag from /home/user/Masaüstü/kafka/.env/lib/python3.8/site-packages/airflow/example_dags/example_trigger_target_dag.py
[2023-11-21T10:15:33.722+0300] {processor.py:768} INFO - DAG(s) dict_keys(['example_trigger_target_dag']) retrieved from /home/user/Masaüstü/kafka/.env/lib/python3.8/site-packages/airflow/example_dags/example_trigger_target_dag.py
[2023-11-21T10:15:33.740+0300] {logging_mixin.py:117} INFO - [2023-11-21T10:15:33.740+0300] {dag.py:2573} INFO - Sync 1 DAGs
[2023-11-21T10:15:33.754+0300] {logging_mixin.py:117} INFO - [2023-11-21T10:15:33.753+0300] {dag.py:3324} INFO - Setting next_dagrun for example_trigger_target_dag to None, run_after=None
[2023-11-21T10:15:33.771+0300] {processor.py:178} INFO - Processing /home/user/Masaüstü/kafka/.env/lib/python3.8/site-packages/airflow/example_dags/example_trigger_target_dag.py took 0.067 seconds
[2023-11-21T10:16:10.902+0300] {processor.py:156} INFO - Started process (PID=35922) to work on /home/user/Masaüstü/kafka/.env/lib/python3.8/site-packages/airflow/example_dags/example_trigger_target_dag.py
[2023-11-21T10:16:10.903+0300] {processor.py:758} INFO - Processing file /home/user/Masaüstü/kafka/.env/lib/python3.8/site-packages/airflow/example_dags/example_trigger_target_dag.py for tasks to queue
[2023-11-21T10:16:10.904+0300] {logging_mixin.py:117} INFO - [2023-11-21T10:16:10.904+0300] {dagbag.py:525} INFO - Filling up the DagBag from /home/user/Masaüstü/kafka/.env/lib/python3.8/site-packages/airflow/example_dags/example_trigger_target_dag.py
[2023-11-21T10:16:10.920+0300] {processor.py:768} INFO - DAG(s) dict_keys(['example_trigger_target_dag']) retrieved from /home/user/Masaüstü/kafka/.env/lib/python3.8/site-packages/airflow/example_dags/example_trigger_target_dag.py
[2023-11-21T10:16:10.938+0300] {logging_mixin.py:117} INFO - [2023-11-21T10:16:10.938+0300] {dag.py:2573} INFO - Sync 1 DAGs
[2023-11-21T10:16:10.952+0300] {logging_mixin.py:117} INFO - [2023-11-21T10:16:10.952+0300] {dag.py:3324} INFO - Setting next_dagrun for example_trigger_target_dag to None, run_after=None
[2023-11-21T10:16:10.969+0300] {processor.py:178} INFO - Processing /home/user/Masaüstü/kafka/.env/lib/python3.8/site-packages/airflow/example_dags/example_trigger_target_dag.py took 0.069 seconds
[2023-11-21T10:16:49.296+0300] {processor.py:156} INFO - Started process (PID=36171) to work on /home/user/Masaüstü/kafka/.env/lib/python3.8/site-packages/airflow/example_dags/example_trigger_target_dag.py
[2023-11-21T10:16:49.298+0300] {processor.py:758} INFO - Processing file /home/user/Masaüstü/kafka/.env/lib/python3.8/site-packages/airflow/example_dags/example_trigger_target_dag.py for tasks to queue
[2023-11-21T10:16:49.299+0300] {logging_mixin.py:117} INFO - [2023-11-21T10:16:49.299+0300] {dagbag.py:525} INFO - Filling up the DagBag from /home/user/Masaüstü/kafka/.env/lib/python3.8/site-packages/airflow/example_dags/example_trigger_target_dag.py
[2023-11-21T10:16:49.331+0300] {processor.py:768} INFO - DAG(s) dict_keys(['example_trigger_target_dag']) retrieved from /home/user/Masaüstü/kafka/.env/lib/python3.8/site-packages/airflow/example_dags/example_trigger_target_dag.py
[2023-11-21T10:16:49.350+0300] {logging_mixin.py:117} INFO - [2023-11-21T10:16:49.350+0300] {dag.py:2573} INFO - Sync 1 DAGs
[2023-11-21T10:16:49.363+0300] {logging_mixin.py:117} INFO - [2023-11-21T10:16:49.363+0300] {dag.py:3324} INFO - Setting next_dagrun for example_trigger_target_dag to None, run_after=None
[2023-11-21T10:16:49.390+0300] {processor.py:178} INFO - Processing /home/user/Masaüstü/kafka/.env/lib/python3.8/site-packages/airflow/example_dags/example_trigger_target_dag.py took 0.097 seconds
[2023-11-21T10:17:25.714+0300] {processor.py:156} INFO - Started process (PID=36440) to work on /home/user/Masaüstü/kafka/.env/lib/python3.8/site-packages/airflow/example_dags/example_trigger_target_dag.py
[2023-11-21T10:17:25.715+0300] {processor.py:758} INFO - Processing file /home/user/Masaüstü/kafka/.env/lib/python3.8/site-packages/airflow/example_dags/example_trigger_target_dag.py for tasks to queue
[2023-11-21T10:17:25.716+0300] {logging_mixin.py:117} INFO - [2023-11-21T10:17:25.716+0300] {dagbag.py:525} INFO - Filling up the DagBag from /home/user/Masaüstü/kafka/.env/lib/python3.8/site-packages/airflow/example_dags/example_trigger_target_dag.py
[2023-11-21T10:17:25.732+0300] {processor.py:768} INFO - DAG(s) dict_keys(['example_trigger_target_dag']) retrieved from /home/user/Masaüstü/kafka/.env/lib/python3.8/site-packages/airflow/example_dags/example_trigger_target_dag.py
[2023-11-21T10:17:25.750+0300] {logging_mixin.py:117} INFO - [2023-11-21T10:17:25.750+0300] {dag.py:2573} INFO - Sync 1 DAGs
[2023-11-21T10:17:25.765+0300] {logging_mixin.py:117} INFO - [2023-11-21T10:17:25.764+0300] {dag.py:3324} INFO - Setting next_dagrun for example_trigger_target_dag to None, run_after=None
[2023-11-21T10:17:25.787+0300] {processor.py:178} INFO - Processing /home/user/Masaüstü/kafka/.env/lib/python3.8/site-packages/airflow/example_dags/example_trigger_target_dag.py took 0.075 seconds
[2023-11-21T10:18:02.983+0300] {processor.py:156} INFO - Started process (PID=36688) to work on /home/user/Masaüstü/kafka/.env/lib/python3.8/site-packages/airflow/example_dags/example_trigger_target_dag.py
[2023-11-21T10:18:02.985+0300] {processor.py:758} INFO - Processing file /home/user/Masaüstü/kafka/.env/lib/python3.8/site-packages/airflow/example_dags/example_trigger_target_dag.py for tasks to queue
[2023-11-21T10:18:02.986+0300] {logging_mixin.py:117} INFO - [2023-11-21T10:18:02.985+0300] {dagbag.py:525} INFO - Filling up the DagBag from /home/user/Masaüstü/kafka/.env/lib/python3.8/site-packages/airflow/example_dags/example_trigger_target_dag.py
[2023-11-21T10:18:03.002+0300] {processor.py:768} INFO - DAG(s) dict_keys(['example_trigger_target_dag']) retrieved from /home/user/Masaüstü/kafka/.env/lib/python3.8/site-packages/airflow/example_dags/example_trigger_target_dag.py
[2023-11-21T10:18:03.020+0300] {logging_mixin.py:117} INFO - [2023-11-21T10:18:03.020+0300] {dag.py:2573} INFO - Sync 1 DAGs
[2023-11-21T10:18:03.035+0300] {logging_mixin.py:117} INFO - [2023-11-21T10:18:03.035+0300] {dag.py:3324} INFO - Setting next_dagrun for example_trigger_target_dag to None, run_after=None
[2023-11-21T10:18:03.061+0300] {processor.py:178} INFO - Processing /home/user/Masaüstü/kafka/.env/lib/python3.8/site-packages/airflow/example_dags/example_trigger_target_dag.py took 0.081 seconds
[2023-11-21T10:18:42.513+0300] {processor.py:156} INFO - Started process (PID=36961) to work on /home/user/Masaüstü/kafka/.env/lib/python3.8/site-packages/airflow/example_dags/example_trigger_target_dag.py
[2023-11-21T10:18:42.514+0300] {processor.py:758} INFO - Processing file /home/user/Masaüstü/kafka/.env/lib/python3.8/site-packages/airflow/example_dags/example_trigger_target_dag.py for tasks to queue
[2023-11-21T10:18:42.514+0300] {logging_mixin.py:117} INFO - [2023-11-21T10:18:42.514+0300] {dagbag.py:525} INFO - Filling up the DagBag from /home/user/Masaüstü/kafka/.env/lib/python3.8/site-packages/airflow/example_dags/example_trigger_target_dag.py
[2023-11-21T10:18:42.536+0300] {processor.py:768} INFO - DAG(s) dict_keys(['example_trigger_target_dag']) retrieved from /home/user/Masaüstü/kafka/.env/lib/python3.8/site-packages/airflow/example_dags/example_trigger_target_dag.py
[2023-11-21T10:18:42.558+0300] {logging_mixin.py:117} INFO - [2023-11-21T10:18:42.558+0300] {dag.py:2573} INFO - Sync 1 DAGs
[2023-11-21T10:18:42.576+0300] {logging_mixin.py:117} INFO - [2023-11-21T10:18:42.576+0300] {dag.py:3324} INFO - Setting next_dagrun for example_trigger_target_dag to None, run_after=None
[2023-11-21T10:18:42.595+0300] {processor.py:178} INFO - Processing /home/user/Masaüstü/kafka/.env/lib/python3.8/site-packages/airflow/example_dags/example_trigger_target_dag.py took 0.083 seconds
[2023-11-21T10:19:20.927+0300] {processor.py:156} INFO - Started process (PID=37205) to work on /home/user/Masaüstü/kafka/.env/lib/python3.8/site-packages/airflow/example_dags/example_trigger_target_dag.py
[2023-11-21T10:19:20.929+0300] {processor.py:758} INFO - Processing file /home/user/Masaüstü/kafka/.env/lib/python3.8/site-packages/airflow/example_dags/example_trigger_target_dag.py for tasks to queue
[2023-11-21T10:19:20.929+0300] {logging_mixin.py:117} INFO - [2023-11-21T10:19:20.929+0300] {dagbag.py:525} INFO - Filling up the DagBag from /home/user/Masaüstü/kafka/.env/lib/python3.8/site-packages/airflow/example_dags/example_trigger_target_dag.py
[2023-11-21T10:19:20.949+0300] {processor.py:768} INFO - DAG(s) dict_keys(['example_trigger_target_dag']) retrieved from /home/user/Masaüstü/kafka/.env/lib/python3.8/site-packages/airflow/example_dags/example_trigger_target_dag.py
[2023-11-21T10:19:20.967+0300] {logging_mixin.py:117} INFO - [2023-11-21T10:19:20.966+0300] {dag.py:2573} INFO - Sync 1 DAGs
[2023-11-21T10:19:20.980+0300] {logging_mixin.py:117} INFO - [2023-11-21T10:19:20.980+0300] {dag.py:3324} INFO - Setting next_dagrun for example_trigger_target_dag to None, run_after=None
[2023-11-21T10:19:20.996+0300] {processor.py:178} INFO - Processing /home/user/Masaüstü/kafka/.env/lib/python3.8/site-packages/airflow/example_dags/example_trigger_target_dag.py took 0.073 seconds
[2023-11-21T10:20:00.386+0300] {processor.py:156} INFO - Started process (PID=37580) to work on /home/user/Masaüstü/kafka/.env/lib/python3.8/site-packages/airflow/example_dags/example_trigger_target_dag.py
[2023-11-21T10:20:00.389+0300] {processor.py:758} INFO - Processing file /home/user/Masaüstü/kafka/.env/lib/python3.8/site-packages/airflow/example_dags/example_trigger_target_dag.py for tasks to queue
[2023-11-21T10:20:00.389+0300] {logging_mixin.py:117} INFO - [2023-11-21T10:20:00.389+0300] {dagbag.py:525} INFO - Filling up the DagBag from /home/user/Masaüstü/kafka/.env/lib/python3.8/site-packages/airflow/example_dags/example_trigger_target_dag.py
[2023-11-21T10:20:00.405+0300] {processor.py:768} INFO - DAG(s) dict_keys(['example_trigger_target_dag']) retrieved from /home/user/Masaüstü/kafka/.env/lib/python3.8/site-packages/airflow/example_dags/example_trigger_target_dag.py
[2023-11-21T10:20:00.423+0300] {logging_mixin.py:117} INFO - [2023-11-21T10:20:00.423+0300] {dag.py:2573} INFO - Sync 1 DAGs
[2023-11-21T10:20:00.437+0300] {logging_mixin.py:117} INFO - [2023-11-21T10:20:00.437+0300] {dag.py:3324} INFO - Setting next_dagrun for example_trigger_target_dag to None, run_after=None
[2023-11-21T10:20:00.458+0300] {processor.py:178} INFO - Processing /home/user/Masaüstü/kafka/.env/lib/python3.8/site-packages/airflow/example_dags/example_trigger_target_dag.py took 0.074 seconds
