[2023-11-21T09:51:32.052+0300] {processor.py:156} INFO - Started process (PID=23621) to work on /home/user/Masaüstü/kafka/.env/lib/python3.8/site-packages/airflow/example_dags/example_nested_branch_dag.py
[2023-11-21T09:51:32.053+0300] {processor.py:758} INFO - Processing file /home/user/Masaüstü/kafka/.env/lib/python3.8/site-packages/airflow/example_dags/example_nested_branch_dag.py for tasks to queue
[2023-11-21T09:51:32.053+0300] {logging_mixin.py:117} INFO - [2023-11-21T09:51:32.053+0300] {dagbag.py:525} INFO - Filling up the DagBag from /home/user/Masaüstü/kafka/.env/lib/python3.8/site-packages/airflow/example_dags/example_nested_branch_dag.py
[2023-11-21T09:51:32.074+0300] {processor.py:768} INFO - DAG(s) dict_keys(['example_nested_branch_dag']) retrieved from /home/user/Masaüstü/kafka/.env/lib/python3.8/site-packages/airflow/example_dags/example_nested_branch_dag.py
[2023-11-21T09:51:32.084+0300] {logging_mixin.py:117} INFO - [2023-11-21T09:51:32.084+0300] {dag.py:2573} INFO - Sync 1 DAGs
[2023-11-21T09:51:32.102+0300] {logging_mixin.py:117} INFO - [2023-11-21T09:51:32.102+0300] {dag.py:3324} INFO - Setting next_dagrun for example_nested_branch_dag to 2023-11-20T00:00:00+00:00, run_after=2023-11-21T00:00:00+00:00
[2023-11-21T09:51:32.119+0300] {processor.py:178} INFO - Processing /home/user/Masaüstü/kafka/.env/lib/python3.8/site-packages/airflow/example_dags/example_nested_branch_dag.py took 0.069 seconds
[2023-11-21T09:52:11.171+0300] {processor.py:156} INFO - Started process (PID=24006) to work on /home/user/Masaüstü/kafka/.env/lib/python3.8/site-packages/airflow/example_dags/example_nested_branch_dag.py
[2023-11-21T09:52:11.173+0300] {processor.py:758} INFO - Processing file /home/user/Masaüstü/kafka/.env/lib/python3.8/site-packages/airflow/example_dags/example_nested_branch_dag.py for tasks to queue
[2023-11-21T09:52:11.174+0300] {logging_mixin.py:117} INFO - [2023-11-21T09:52:11.173+0300] {dagbag.py:525} INFO - Filling up the DagBag from /home/user/Masaüstü/kafka/.env/lib/python3.8/site-packages/airflow/example_dags/example_nested_branch_dag.py
[2023-11-21T09:52:11.210+0300] {processor.py:768} INFO - DAG(s) dict_keys(['example_nested_branch_dag']) retrieved from /home/user/Masaüstü/kafka/.env/lib/python3.8/site-packages/airflow/example_dags/example_nested_branch_dag.py
[2023-11-21T09:52:11.230+0300] {logging_mixin.py:117} INFO - [2023-11-21T09:52:11.229+0300] {dag.py:2573} INFO - Sync 1 DAGs
[2023-11-21T09:52:11.246+0300] {logging_mixin.py:117} INFO - [2023-11-21T09:52:11.246+0300] {dag.py:3324} INFO - Setting next_dagrun for example_nested_branch_dag to 2023-11-20T00:00:00+00:00, run_after=2023-11-21T00:00:00+00:00
[2023-11-21T09:52:11.265+0300] {processor.py:178} INFO - Processing /home/user/Masaüstü/kafka/.env/lib/python3.8/site-packages/airflow/example_dags/example_nested_branch_dag.py took 0.097 seconds
[2023-11-21T09:52:48.428+0300] {processor.py:156} INFO - Started process (PID=24456) to work on /home/user/Masaüstü/kafka/.env/lib/python3.8/site-packages/airflow/example_dags/example_nested_branch_dag.py
[2023-11-21T09:52:48.431+0300] {processor.py:758} INFO - Processing file /home/user/Masaüstü/kafka/.env/lib/python3.8/site-packages/airflow/example_dags/example_nested_branch_dag.py for tasks to queue
[2023-11-21T09:52:48.433+0300] {logging_mixin.py:117} INFO - [2023-11-21T09:52:48.432+0300] {dagbag.py:525} INFO - Filling up the DagBag from /home/user/Masaüstü/kafka/.env/lib/python3.8/site-packages/airflow/example_dags/example_nested_branch_dag.py
[2023-11-21T09:52:48.473+0300] {processor.py:768} INFO - DAG(s) dict_keys(['example_nested_branch_dag']) retrieved from /home/user/Masaüstü/kafka/.env/lib/python3.8/site-packages/airflow/example_dags/example_nested_branch_dag.py
[2023-11-21T09:52:48.493+0300] {logging_mixin.py:117} INFO - [2023-11-21T09:52:48.493+0300] {dag.py:2573} INFO - Sync 1 DAGs
[2023-11-21T09:52:48.509+0300] {logging_mixin.py:117} INFO - [2023-11-21T09:52:48.509+0300] {dag.py:3324} INFO - Setting next_dagrun for example_nested_branch_dag to 2023-11-20T00:00:00+00:00, run_after=2023-11-21T00:00:00+00:00
[2023-11-21T09:52:48.537+0300] {processor.py:178} INFO - Processing /home/user/Masaüstü/kafka/.env/lib/python3.8/site-packages/airflow/example_dags/example_nested_branch_dag.py took 0.116 seconds
[2023-11-21T09:53:26.401+0300] {processor.py:156} INFO - Started process (PID=24718) to work on /home/user/Masaüstü/kafka/.env/lib/python3.8/site-packages/airflow/example_dags/example_nested_branch_dag.py
[2023-11-21T09:53:26.402+0300] {processor.py:758} INFO - Processing file /home/user/Masaüstü/kafka/.env/lib/python3.8/site-packages/airflow/example_dags/example_nested_branch_dag.py for tasks to queue
[2023-11-21T09:53:26.403+0300] {logging_mixin.py:117} INFO - [2023-11-21T09:53:26.403+0300] {dagbag.py:525} INFO - Filling up the DagBag from /home/user/Masaüstü/kafka/.env/lib/python3.8/site-packages/airflow/example_dags/example_nested_branch_dag.py
[2023-11-21T09:53:26.434+0300] {processor.py:768} INFO - DAG(s) dict_keys(['example_nested_branch_dag']) retrieved from /home/user/Masaüstü/kafka/.env/lib/python3.8/site-packages/airflow/example_dags/example_nested_branch_dag.py
[2023-11-21T09:53:26.453+0300] {logging_mixin.py:117} INFO - [2023-11-21T09:53:26.453+0300] {dag.py:2573} INFO - Sync 1 DAGs
[2023-11-21T09:53:26.473+0300] {logging_mixin.py:117} INFO - [2023-11-21T09:53:26.473+0300] {dag.py:3324} INFO - Setting next_dagrun for example_nested_branch_dag to 2023-11-20T00:00:00+00:00, run_after=2023-11-21T00:00:00+00:00
[2023-11-21T09:53:26.501+0300] {processor.py:178} INFO - Processing /home/user/Masaüstü/kafka/.env/lib/python3.8/site-packages/airflow/example_dags/example_nested_branch_dag.py took 0.103 seconds
[2023-11-21T09:54:03.548+0300] {processor.py:156} INFO - Started process (PID=24952) to work on /home/user/Masaüstü/kafka/.env/lib/python3.8/site-packages/airflow/example_dags/example_nested_branch_dag.py
[2023-11-21T09:54:03.551+0300] {processor.py:758} INFO - Processing file /home/user/Masaüstü/kafka/.env/lib/python3.8/site-packages/airflow/example_dags/example_nested_branch_dag.py for tasks to queue
[2023-11-21T09:54:03.551+0300] {logging_mixin.py:117} INFO - [2023-11-21T09:54:03.551+0300] {dagbag.py:525} INFO - Filling up the DagBag from /home/user/Masaüstü/kafka/.env/lib/python3.8/site-packages/airflow/example_dags/example_nested_branch_dag.py
[2023-11-21T09:54:03.575+0300] {processor.py:768} INFO - DAG(s) dict_keys(['example_nested_branch_dag']) retrieved from /home/user/Masaüstü/kafka/.env/lib/python3.8/site-packages/airflow/example_dags/example_nested_branch_dag.py
[2023-11-21T09:54:03.597+0300] {logging_mixin.py:117} INFO - [2023-11-21T09:54:03.597+0300] {dag.py:2573} INFO - Sync 1 DAGs
[2023-11-21T09:54:03.614+0300] {logging_mixin.py:117} INFO - [2023-11-21T09:54:03.614+0300] {dag.py:3324} INFO - Setting next_dagrun for example_nested_branch_dag to 2023-11-20T00:00:00+00:00, run_after=2023-11-21T00:00:00+00:00
[2023-11-21T09:54:03.635+0300] {processor.py:178} INFO - Processing /home/user/Masaüstü/kafka/.env/lib/python3.8/site-packages/airflow/example_dags/example_nested_branch_dag.py took 0.089 seconds
[2023-11-21T09:54:39.599+0300] {processor.py:156} INFO - Started process (PID=25172) to work on /home/user/Masaüstü/kafka/.env/lib/python3.8/site-packages/airflow/example_dags/example_nested_branch_dag.py
[2023-11-21T09:54:39.602+0300] {processor.py:758} INFO - Processing file /home/user/Masaüstü/kafka/.env/lib/python3.8/site-packages/airflow/example_dags/example_nested_branch_dag.py for tasks to queue
[2023-11-21T09:54:39.604+0300] {logging_mixin.py:117} INFO - [2023-11-21T09:54:39.604+0300] {dagbag.py:525} INFO - Filling up the DagBag from /home/user/Masaüstü/kafka/.env/lib/python3.8/site-packages/airflow/example_dags/example_nested_branch_dag.py
[2023-11-21T09:54:39.640+0300] {processor.py:768} INFO - DAG(s) dict_keys(['example_nested_branch_dag']) retrieved from /home/user/Masaüstü/kafka/.env/lib/python3.8/site-packages/airflow/example_dags/example_nested_branch_dag.py
[2023-11-21T09:54:39.661+0300] {logging_mixin.py:117} INFO - [2023-11-21T09:54:39.661+0300] {dag.py:2573} INFO - Sync 1 DAGs
[2023-11-21T09:54:39.678+0300] {logging_mixin.py:117} INFO - [2023-11-21T09:54:39.678+0300] {dag.py:3324} INFO - Setting next_dagrun for example_nested_branch_dag to 2023-11-20T00:00:00+00:00, run_after=2023-11-21T00:00:00+00:00
[2023-11-21T09:54:39.696+0300] {processor.py:178} INFO - Processing /home/user/Masaüstü/kafka/.env/lib/python3.8/site-packages/airflow/example_dags/example_nested_branch_dag.py took 0.104 seconds
[2023-11-21T09:55:16.318+0300] {processor.py:156} INFO - Started process (PID=25402) to work on /home/user/Masaüstü/kafka/.env/lib/python3.8/site-packages/airflow/example_dags/example_nested_branch_dag.py
[2023-11-21T09:55:16.319+0300] {processor.py:758} INFO - Processing file /home/user/Masaüstü/kafka/.env/lib/python3.8/site-packages/airflow/example_dags/example_nested_branch_dag.py for tasks to queue
[2023-11-21T09:55:16.319+0300] {logging_mixin.py:117} INFO - [2023-11-21T09:55:16.319+0300] {dagbag.py:525} INFO - Filling up the DagBag from /home/user/Masaüstü/kafka/.env/lib/python3.8/site-packages/airflow/example_dags/example_nested_branch_dag.py
[2023-11-21T09:55:16.347+0300] {processor.py:768} INFO - DAG(s) dict_keys(['example_nested_branch_dag']) retrieved from /home/user/Masaüstü/kafka/.env/lib/python3.8/site-packages/airflow/example_dags/example_nested_branch_dag.py
[2023-11-21T09:55:16.373+0300] {logging_mixin.py:117} INFO - [2023-11-21T09:55:16.373+0300] {dag.py:2573} INFO - Sync 1 DAGs
[2023-11-21T09:55:16.390+0300] {logging_mixin.py:117} INFO - [2023-11-21T09:55:16.390+0300] {dag.py:3324} INFO - Setting next_dagrun for example_nested_branch_dag to 2023-11-20T00:00:00+00:00, run_after=2023-11-21T00:00:00+00:00
[2023-11-21T09:55:16.407+0300] {processor.py:178} INFO - Processing /home/user/Masaüstü/kafka/.env/lib/python3.8/site-packages/airflow/example_dags/example_nested_branch_dag.py took 0.091 seconds
[2023-11-21T09:55:54.397+0300] {processor.py:156} INFO - Started process (PID=25711) to work on /home/user/Masaüstü/kafka/.env/lib/python3.8/site-packages/airflow/example_dags/example_nested_branch_dag.py
[2023-11-21T09:55:54.399+0300] {processor.py:758} INFO - Processing file /home/user/Masaüstü/kafka/.env/lib/python3.8/site-packages/airflow/example_dags/example_nested_branch_dag.py for tasks to queue
[2023-11-21T09:55:54.400+0300] {logging_mixin.py:117} INFO - [2023-11-21T09:55:54.399+0300] {dagbag.py:525} INFO - Filling up the DagBag from /home/user/Masaüstü/kafka/.env/lib/python3.8/site-packages/airflow/example_dags/example_nested_branch_dag.py
[2023-11-21T09:55:54.425+0300] {processor.py:768} INFO - DAG(s) dict_keys(['example_nested_branch_dag']) retrieved from /home/user/Masaüstü/kafka/.env/lib/python3.8/site-packages/airflow/example_dags/example_nested_branch_dag.py
[2023-11-21T09:55:54.442+0300] {logging_mixin.py:117} INFO - [2023-11-21T09:55:54.442+0300] {dag.py:2573} INFO - Sync 1 DAGs
[2023-11-21T09:55:54.457+0300] {logging_mixin.py:117} INFO - [2023-11-21T09:55:54.457+0300] {dag.py:3324} INFO - Setting next_dagrun for example_nested_branch_dag to 2023-11-20T00:00:00+00:00, run_after=2023-11-21T00:00:00+00:00
[2023-11-21T09:55:54.474+0300] {processor.py:178} INFO - Processing /home/user/Masaüstü/kafka/.env/lib/python3.8/site-packages/airflow/example_dags/example_nested_branch_dag.py took 0.083 seconds
[2023-11-21T09:56:31.041+0300] {processor.py:156} INFO - Started process (PID=25982) to work on /home/user/Masaüstü/kafka/.env/lib/python3.8/site-packages/airflow/example_dags/example_nested_branch_dag.py
[2023-11-21T09:56:31.044+0300] {processor.py:758} INFO - Processing file /home/user/Masaüstü/kafka/.env/lib/python3.8/site-packages/airflow/example_dags/example_nested_branch_dag.py for tasks to queue
[2023-11-21T09:56:31.045+0300] {logging_mixin.py:117} INFO - [2023-11-21T09:56:31.044+0300] {dagbag.py:525} INFO - Filling up the DagBag from /home/user/Masaüstü/kafka/.env/lib/python3.8/site-packages/airflow/example_dags/example_nested_branch_dag.py
[2023-11-21T09:56:31.073+0300] {processor.py:768} INFO - DAG(s) dict_keys(['example_nested_branch_dag']) retrieved from /home/user/Masaüstü/kafka/.env/lib/python3.8/site-packages/airflow/example_dags/example_nested_branch_dag.py
[2023-11-21T09:56:31.091+0300] {logging_mixin.py:117} INFO - [2023-11-21T09:56:31.091+0300] {dag.py:2573} INFO - Sync 1 DAGs
[2023-11-21T09:56:31.107+0300] {logging_mixin.py:117} INFO - [2023-11-21T09:56:31.107+0300] {dag.py:3324} INFO - Setting next_dagrun for example_nested_branch_dag to 2023-11-20T00:00:00+00:00, run_after=2023-11-21T00:00:00+00:00
[2023-11-21T09:56:31.124+0300] {processor.py:178} INFO - Processing /home/user/Masaüstü/kafka/.env/lib/python3.8/site-packages/airflow/example_dags/example_nested_branch_dag.py took 0.086 seconds
[2023-11-21T09:57:08.384+0300] {processor.py:156} INFO - Started process (PID=26215) to work on /home/user/Masaüstü/kafka/.env/lib/python3.8/site-packages/airflow/example_dags/example_nested_branch_dag.py
[2023-11-21T09:57:08.387+0300] {processor.py:758} INFO - Processing file /home/user/Masaüstü/kafka/.env/lib/python3.8/site-packages/airflow/example_dags/example_nested_branch_dag.py for tasks to queue
[2023-11-21T09:57:08.388+0300] {logging_mixin.py:117} INFO - [2023-11-21T09:57:08.388+0300] {dagbag.py:525} INFO - Filling up the DagBag from /home/user/Masaüstü/kafka/.env/lib/python3.8/site-packages/airflow/example_dags/example_nested_branch_dag.py
[2023-11-21T09:57:08.424+0300] {processor.py:768} INFO - DAG(s) dict_keys(['example_nested_branch_dag']) retrieved from /home/user/Masaüstü/kafka/.env/lib/python3.8/site-packages/airflow/example_dags/example_nested_branch_dag.py
[2023-11-21T09:57:08.441+0300] {logging_mixin.py:117} INFO - [2023-11-21T09:57:08.441+0300] {dag.py:2573} INFO - Sync 1 DAGs
[2023-11-21T09:57:08.458+0300] {logging_mixin.py:117} INFO - [2023-11-21T09:57:08.458+0300] {dag.py:3324} INFO - Setting next_dagrun for example_nested_branch_dag to 2023-11-20T00:00:00+00:00, run_after=2023-11-21T00:00:00+00:00
[2023-11-21T09:57:08.478+0300] {processor.py:178} INFO - Processing /home/user/Masaüstü/kafka/.env/lib/python3.8/site-packages/airflow/example_dags/example_nested_branch_dag.py took 0.100 seconds
[2023-11-21T09:57:45.917+0300] {processor.py:156} INFO - Started process (PID=26454) to work on /home/user/Masaüstü/kafka/.env/lib/python3.8/site-packages/airflow/example_dags/example_nested_branch_dag.py
[2023-11-21T09:57:45.919+0300] {processor.py:758} INFO - Processing file /home/user/Masaüstü/kafka/.env/lib/python3.8/site-packages/airflow/example_dags/example_nested_branch_dag.py for tasks to queue
[2023-11-21T09:57:45.920+0300] {logging_mixin.py:117} INFO - [2023-11-21T09:57:45.920+0300] {dagbag.py:525} INFO - Filling up the DagBag from /home/user/Masaüstü/kafka/.env/lib/python3.8/site-packages/airflow/example_dags/example_nested_branch_dag.py
[2023-11-21T09:57:45.947+0300] {processor.py:768} INFO - DAG(s) dict_keys(['example_nested_branch_dag']) retrieved from /home/user/Masaüstü/kafka/.env/lib/python3.8/site-packages/airflow/example_dags/example_nested_branch_dag.py
[2023-11-21T09:57:45.965+0300] {logging_mixin.py:117} INFO - [2023-11-21T09:57:45.965+0300] {dag.py:2573} INFO - Sync 1 DAGs
[2023-11-21T09:57:45.981+0300] {logging_mixin.py:117} INFO - [2023-11-21T09:57:45.981+0300] {dag.py:3324} INFO - Setting next_dagrun for example_nested_branch_dag to 2023-11-20T00:00:00+00:00, run_after=2023-11-21T00:00:00+00:00
[2023-11-21T09:57:46.002+0300] {processor.py:178} INFO - Processing /home/user/Masaüstü/kafka/.env/lib/python3.8/site-packages/airflow/example_dags/example_nested_branch_dag.py took 0.088 seconds
[2023-11-21T09:58:21.646+0300] {processor.py:156} INFO - Started process (PID=26817) to work on /home/user/Masaüstü/kafka/.env/lib/python3.8/site-packages/airflow/example_dags/example_nested_branch_dag.py
[2023-11-21T09:58:21.649+0300] {processor.py:758} INFO - Processing file /home/user/Masaüstü/kafka/.env/lib/python3.8/site-packages/airflow/example_dags/example_nested_branch_dag.py for tasks to queue
[2023-11-21T09:58:21.650+0300] {logging_mixin.py:117} INFO - [2023-11-21T09:58:21.650+0300] {dagbag.py:525} INFO - Filling up the DagBag from /home/user/Masaüstü/kafka/.env/lib/python3.8/site-packages/airflow/example_dags/example_nested_branch_dag.py
[2023-11-21T09:58:21.687+0300] {processor.py:768} INFO - DAG(s) dict_keys(['example_nested_branch_dag']) retrieved from /home/user/Masaüstü/kafka/.env/lib/python3.8/site-packages/airflow/example_dags/example_nested_branch_dag.py
[2023-11-21T09:58:21.707+0300] {logging_mixin.py:117} INFO - [2023-11-21T09:58:21.707+0300] {dag.py:2573} INFO - Sync 1 DAGs
[2023-11-21T09:58:21.723+0300] {logging_mixin.py:117} INFO - [2023-11-21T09:58:21.723+0300] {dag.py:3324} INFO - Setting next_dagrun for example_nested_branch_dag to 2023-11-20T00:00:00+00:00, run_after=2023-11-21T00:00:00+00:00
[2023-11-21T09:58:21.748+0300] {processor.py:178} INFO - Processing /home/user/Masaüstü/kafka/.env/lib/python3.8/site-packages/airflow/example_dags/example_nested_branch_dag.py took 0.109 seconds
[2023-11-21T09:58:59.375+0300] {processor.py:156} INFO - Started process (PID=27277) to work on /home/user/Masaüstü/kafka/.env/lib/python3.8/site-packages/airflow/example_dags/example_nested_branch_dag.py
[2023-11-21T09:58:59.378+0300] {processor.py:758} INFO - Processing file /home/user/Masaüstü/kafka/.env/lib/python3.8/site-packages/airflow/example_dags/example_nested_branch_dag.py for tasks to queue
[2023-11-21T09:58:59.379+0300] {logging_mixin.py:117} INFO - [2023-11-21T09:58:59.379+0300] {dagbag.py:525} INFO - Filling up the DagBag from /home/user/Masaüstü/kafka/.env/lib/python3.8/site-packages/airflow/example_dags/example_nested_branch_dag.py
[2023-11-21T09:58:59.415+0300] {processor.py:768} INFO - DAG(s) dict_keys(['example_nested_branch_dag']) retrieved from /home/user/Masaüstü/kafka/.env/lib/python3.8/site-packages/airflow/example_dags/example_nested_branch_dag.py
[2023-11-21T09:58:59.434+0300] {logging_mixin.py:117} INFO - [2023-11-21T09:58:59.433+0300] {dag.py:2573} INFO - Sync 1 DAGs
[2023-11-21T09:58:59.449+0300] {logging_mixin.py:117} INFO - [2023-11-21T09:58:59.449+0300] {dag.py:3324} INFO - Setting next_dagrun for example_nested_branch_dag to 2023-11-20T00:00:00+00:00, run_after=2023-11-21T00:00:00+00:00
[2023-11-21T09:58:59.465+0300] {processor.py:178} INFO - Processing /home/user/Masaüstü/kafka/.env/lib/python3.8/site-packages/airflow/example_dags/example_nested_branch_dag.py took 0.097 seconds
[2023-11-21T09:59:35.416+0300] {processor.py:156} INFO - Started process (PID=27517) to work on /home/user/Masaüstü/kafka/.env/lib/python3.8/site-packages/airflow/example_dags/example_nested_branch_dag.py
[2023-11-21T09:59:35.419+0300] {processor.py:758} INFO - Processing file /home/user/Masaüstü/kafka/.env/lib/python3.8/site-packages/airflow/example_dags/example_nested_branch_dag.py for tasks to queue
[2023-11-21T09:59:35.421+0300] {logging_mixin.py:117} INFO - [2023-11-21T09:59:35.420+0300] {dagbag.py:525} INFO - Filling up the DagBag from /home/user/Masaüstü/kafka/.env/lib/python3.8/site-packages/airflow/example_dags/example_nested_branch_dag.py
[2023-11-21T09:59:35.450+0300] {processor.py:768} INFO - DAG(s) dict_keys(['example_nested_branch_dag']) retrieved from /home/user/Masaüstü/kafka/.env/lib/python3.8/site-packages/airflow/example_dags/example_nested_branch_dag.py
[2023-11-21T09:59:35.468+0300] {logging_mixin.py:117} INFO - [2023-11-21T09:59:35.468+0300] {dag.py:2573} INFO - Sync 1 DAGs
[2023-11-21T09:59:35.483+0300] {logging_mixin.py:117} INFO - [2023-11-21T09:59:35.483+0300] {dag.py:3324} INFO - Setting next_dagrun for example_nested_branch_dag to 2023-11-20T00:00:00+00:00, run_after=2023-11-21T00:00:00+00:00
[2023-11-21T09:59:35.509+0300] {processor.py:178} INFO - Processing /home/user/Masaüstü/kafka/.env/lib/python3.8/site-packages/airflow/example_dags/example_nested_branch_dag.py took 0.096 seconds
[2023-11-21T10:00:10.843+0300] {processor.py:156} INFO - Started process (PID=27743) to work on /home/user/Masaüstü/kafka/.env/lib/python3.8/site-packages/airflow/example_dags/example_nested_branch_dag.py
[2023-11-21T10:00:10.844+0300] {processor.py:758} INFO - Processing file /home/user/Masaüstü/kafka/.env/lib/python3.8/site-packages/airflow/example_dags/example_nested_branch_dag.py for tasks to queue
[2023-11-21T10:00:10.844+0300] {logging_mixin.py:117} INFO - [2023-11-21T10:00:10.844+0300] {dagbag.py:525} INFO - Filling up the DagBag from /home/user/Masaüstü/kafka/.env/lib/python3.8/site-packages/airflow/example_dags/example_nested_branch_dag.py
[2023-11-21T10:00:10.862+0300] {processor.py:768} INFO - DAG(s) dict_keys(['example_nested_branch_dag']) retrieved from /home/user/Masaüstü/kafka/.env/lib/python3.8/site-packages/airflow/example_dags/example_nested_branch_dag.py
[2023-11-21T10:00:10.879+0300] {logging_mixin.py:117} INFO - [2023-11-21T10:00:10.878+0300] {dag.py:2573} INFO - Sync 1 DAGs
[2023-11-21T10:00:10.893+0300] {logging_mixin.py:117} INFO - [2023-11-21T10:00:10.893+0300] {dag.py:3324} INFO - Setting next_dagrun for example_nested_branch_dag to 2023-11-20T00:00:00+00:00, run_after=2023-11-21T00:00:00+00:00
[2023-11-21T10:00:10.911+0300] {processor.py:178} INFO - Processing /home/user/Masaüstü/kafka/.env/lib/python3.8/site-packages/airflow/example_dags/example_nested_branch_dag.py took 0.070 seconds
[2023-11-21T10:00:46.654+0300] {processor.py:156} INFO - Started process (PID=27958) to work on /home/user/Masaüstü/kafka/.env/lib/python3.8/site-packages/airflow/example_dags/example_nested_branch_dag.py
[2023-11-21T10:00:46.657+0300] {processor.py:758} INFO - Processing file /home/user/Masaüstü/kafka/.env/lib/python3.8/site-packages/airflow/example_dags/example_nested_branch_dag.py for tasks to queue
[2023-11-21T10:00:46.659+0300] {logging_mixin.py:117} INFO - [2023-11-21T10:00:46.659+0300] {dagbag.py:525} INFO - Filling up the DagBag from /home/user/Masaüstü/kafka/.env/lib/python3.8/site-packages/airflow/example_dags/example_nested_branch_dag.py
[2023-11-21T10:00:46.696+0300] {processor.py:768} INFO - DAG(s) dict_keys(['example_nested_branch_dag']) retrieved from /home/user/Masaüstü/kafka/.env/lib/python3.8/site-packages/airflow/example_dags/example_nested_branch_dag.py
[2023-11-21T10:00:46.714+0300] {logging_mixin.py:117} INFO - [2023-11-21T10:00:46.714+0300] {dag.py:2573} INFO - Sync 1 DAGs
[2023-11-21T10:00:46.730+0300] {logging_mixin.py:117} INFO - [2023-11-21T10:00:46.730+0300] {dag.py:3324} INFO - Setting next_dagrun for example_nested_branch_dag to 2023-11-20T00:00:00+00:00, run_after=2023-11-21T00:00:00+00:00
[2023-11-21T10:00:46.747+0300] {processor.py:178} INFO - Processing /home/user/Masaüstü/kafka/.env/lib/python3.8/site-packages/airflow/example_dags/example_nested_branch_dag.py took 0.099 seconds
[2023-11-21T10:01:22.108+0300] {processor.py:156} INFO - Started process (PID=28202) to work on /home/user/Masaüstü/kafka/.env/lib/python3.8/site-packages/airflow/example_dags/example_nested_branch_dag.py
[2023-11-21T10:01:22.110+0300] {processor.py:758} INFO - Processing file /home/user/Masaüstü/kafka/.env/lib/python3.8/site-packages/airflow/example_dags/example_nested_branch_dag.py for tasks to queue
[2023-11-21T10:01:22.110+0300] {logging_mixin.py:117} INFO - [2023-11-21T10:01:22.110+0300] {dagbag.py:525} INFO - Filling up the DagBag from /home/user/Masaüstü/kafka/.env/lib/python3.8/site-packages/airflow/example_dags/example_nested_branch_dag.py
[2023-11-21T10:01:22.128+0300] {processor.py:768} INFO - DAG(s) dict_keys(['example_nested_branch_dag']) retrieved from /home/user/Masaüstü/kafka/.env/lib/python3.8/site-packages/airflow/example_dags/example_nested_branch_dag.py
[2023-11-21T10:01:22.146+0300] {logging_mixin.py:117} INFO - [2023-11-21T10:01:22.145+0300] {dag.py:2573} INFO - Sync 1 DAGs
[2023-11-21T10:01:22.166+0300] {logging_mixin.py:117} INFO - [2023-11-21T10:01:22.165+0300] {dag.py:3324} INFO - Setting next_dagrun for example_nested_branch_dag to 2023-11-20T00:00:00+00:00, run_after=2023-11-21T00:00:00+00:00
[2023-11-21T10:01:22.197+0300] {processor.py:178} INFO - Processing /home/user/Masaüstü/kafka/.env/lib/python3.8/site-packages/airflow/example_dags/example_nested_branch_dag.py took 0.091 seconds
[2023-11-21T10:01:57.837+0300] {processor.py:156} INFO - Started process (PID=28465) to work on /home/user/Masaüstü/kafka/.env/lib/python3.8/site-packages/airflow/example_dags/example_nested_branch_dag.py
[2023-11-21T10:01:57.840+0300] {processor.py:758} INFO - Processing file /home/user/Masaüstü/kafka/.env/lib/python3.8/site-packages/airflow/example_dags/example_nested_branch_dag.py for tasks to queue
[2023-11-21T10:01:57.841+0300] {logging_mixin.py:117} INFO - [2023-11-21T10:01:57.840+0300] {dagbag.py:525} INFO - Filling up the DagBag from /home/user/Masaüstü/kafka/.env/lib/python3.8/site-packages/airflow/example_dags/example_nested_branch_dag.py
[2023-11-21T10:01:57.893+0300] {processor.py:768} INFO - DAG(s) dict_keys(['example_nested_branch_dag']) retrieved from /home/user/Masaüstü/kafka/.env/lib/python3.8/site-packages/airflow/example_dags/example_nested_branch_dag.py
[2023-11-21T10:01:57.933+0300] {logging_mixin.py:117} INFO - [2023-11-21T10:01:57.933+0300] {dag.py:2573} INFO - Sync 1 DAGs
[2023-11-21T10:01:57.966+0300] {logging_mixin.py:117} INFO - [2023-11-21T10:01:57.966+0300] {dag.py:3324} INFO - Setting next_dagrun for example_nested_branch_dag to 2023-11-20T00:00:00+00:00, run_after=2023-11-21T00:00:00+00:00
[2023-11-21T10:01:58.016+0300] {processor.py:178} INFO - Processing /home/user/Masaüstü/kafka/.env/lib/python3.8/site-packages/airflow/example_dags/example_nested_branch_dag.py took 0.184 seconds
[2023-11-21T10:02:34.569+0300] {processor.py:156} INFO - Started process (PID=28678) to work on /home/user/Masaüstü/kafka/.env/lib/python3.8/site-packages/airflow/example_dags/example_nested_branch_dag.py
[2023-11-21T10:02:34.571+0300] {processor.py:758} INFO - Processing file /home/user/Masaüstü/kafka/.env/lib/python3.8/site-packages/airflow/example_dags/example_nested_branch_dag.py for tasks to queue
[2023-11-21T10:02:34.572+0300] {logging_mixin.py:117} INFO - [2023-11-21T10:02:34.572+0300] {dagbag.py:525} INFO - Filling up the DagBag from /home/user/Masaüstü/kafka/.env/lib/python3.8/site-packages/airflow/example_dags/example_nested_branch_dag.py
[2023-11-21T10:02:34.591+0300] {processor.py:768} INFO - DAG(s) dict_keys(['example_nested_branch_dag']) retrieved from /home/user/Masaüstü/kafka/.env/lib/python3.8/site-packages/airflow/example_dags/example_nested_branch_dag.py
[2023-11-21T10:02:34.609+0300] {logging_mixin.py:117} INFO - [2023-11-21T10:02:34.609+0300] {dag.py:2573} INFO - Sync 1 DAGs
[2023-11-21T10:02:34.624+0300] {logging_mixin.py:117} INFO - [2023-11-21T10:02:34.624+0300] {dag.py:3324} INFO - Setting next_dagrun for example_nested_branch_dag to 2023-11-20T00:00:00+00:00, run_after=2023-11-21T00:00:00+00:00
[2023-11-21T10:02:34.641+0300] {processor.py:178} INFO - Processing /home/user/Masaüstü/kafka/.env/lib/python3.8/site-packages/airflow/example_dags/example_nested_branch_dag.py took 0.074 seconds
[2023-11-21T10:05:03.977+0300] {processor.py:156} INFO - Started process (PID=30009) to work on /home/user/Masaüstü/kafka/.env/lib/python3.8/site-packages/airflow/example_dags/example_nested_branch_dag.py
[2023-11-21T10:05:03.979+0300] {processor.py:758} INFO - Processing file /home/user/Masaüstü/kafka/.env/lib/python3.8/site-packages/airflow/example_dags/example_nested_branch_dag.py for tasks to queue
[2023-11-21T10:05:03.979+0300] {logging_mixin.py:117} INFO - [2023-11-21T10:05:03.979+0300] {dagbag.py:525} INFO - Filling up the DagBag from /home/user/Masaüstü/kafka/.env/lib/python3.8/site-packages/airflow/example_dags/example_nested_branch_dag.py
[2023-11-21T10:05:04.001+0300] {processor.py:768} INFO - DAG(s) dict_keys(['example_nested_branch_dag']) retrieved from /home/user/Masaüstü/kafka/.env/lib/python3.8/site-packages/airflow/example_dags/example_nested_branch_dag.py
[2023-11-21T10:05:04.010+0300] {logging_mixin.py:117} INFO - [2023-11-21T10:05:04.010+0300] {dag.py:2573} INFO - Sync 1 DAGs
[2023-11-21T10:05:04.025+0300] {logging_mixin.py:117} INFO - [2023-11-21T10:05:04.025+0300] {dag.py:3324} INFO - Setting next_dagrun for example_nested_branch_dag to 2023-11-20T00:00:00+00:00, run_after=2023-11-21T00:00:00+00:00
[2023-11-21T10:05:04.051+0300] {processor.py:178} INFO - Processing /home/user/Masaüstü/kafka/.env/lib/python3.8/site-packages/airflow/example_dags/example_nested_branch_dag.py took 0.076 seconds
[2023-11-21T10:05:42.851+0300] {processor.py:156} INFO - Started process (PID=30401) to work on /home/user/Masaüstü/kafka/.env/lib/python3.8/site-packages/airflow/example_dags/example_nested_branch_dag.py
[2023-11-21T10:05:42.854+0300] {processor.py:758} INFO - Processing file /home/user/Masaüstü/kafka/.env/lib/python3.8/site-packages/airflow/example_dags/example_nested_branch_dag.py for tasks to queue
[2023-11-21T10:05:42.855+0300] {logging_mixin.py:117} INFO - [2023-11-21T10:05:42.854+0300] {dagbag.py:525} INFO - Filling up the DagBag from /home/user/Masaüstü/kafka/.env/lib/python3.8/site-packages/airflow/example_dags/example_nested_branch_dag.py
[2023-11-21T10:05:42.946+0300] {processor.py:768} INFO - DAG(s) dict_keys(['example_nested_branch_dag']) retrieved from /home/user/Masaüstü/kafka/.env/lib/python3.8/site-packages/airflow/example_dags/example_nested_branch_dag.py
[2023-11-21T10:05:42.975+0300] {logging_mixin.py:117} INFO - [2023-11-21T10:05:42.975+0300] {dag.py:2573} INFO - Sync 1 DAGs
[2023-11-21T10:05:42.992+0300] {logging_mixin.py:117} INFO - [2023-11-21T10:05:42.992+0300] {dag.py:3324} INFO - Setting next_dagrun for example_nested_branch_dag to 2023-11-20T00:00:00+00:00, run_after=2023-11-21T00:00:00+00:00
[2023-11-21T10:05:43.028+0300] {processor.py:178} INFO - Processing /home/user/Masaüstü/kafka/.env/lib/python3.8/site-packages/airflow/example_dags/example_nested_branch_dag.py took 0.187 seconds
[2023-11-21T10:06:20.738+0300] {processor.py:156} INFO - Started process (PID=30643) to work on /home/user/Masaüstü/kafka/.env/lib/python3.8/site-packages/airflow/example_dags/example_nested_branch_dag.py
[2023-11-21T10:06:20.740+0300] {processor.py:758} INFO - Processing file /home/user/Masaüstü/kafka/.env/lib/python3.8/site-packages/airflow/example_dags/example_nested_branch_dag.py for tasks to queue
[2023-11-21T10:06:20.741+0300] {logging_mixin.py:117} INFO - [2023-11-21T10:06:20.740+0300] {dagbag.py:525} INFO - Filling up the DagBag from /home/user/Masaüstü/kafka/.env/lib/python3.8/site-packages/airflow/example_dags/example_nested_branch_dag.py
[2023-11-21T10:06:20.767+0300] {processor.py:768} INFO - DAG(s) dict_keys(['example_nested_branch_dag']) retrieved from /home/user/Masaüstü/kafka/.env/lib/python3.8/site-packages/airflow/example_dags/example_nested_branch_dag.py
[2023-11-21T10:06:20.786+0300] {logging_mixin.py:117} INFO - [2023-11-21T10:06:20.786+0300] {dag.py:2573} INFO - Sync 1 DAGs
[2023-11-21T10:06:20.815+0300] {logging_mixin.py:117} INFO - [2023-11-21T10:06:20.815+0300] {dag.py:3324} INFO - Setting next_dagrun for example_nested_branch_dag to 2023-11-20T00:00:00+00:00, run_after=2023-11-21T00:00:00+00:00
[2023-11-21T10:06:20.837+0300] {processor.py:178} INFO - Processing /home/user/Masaüstü/kafka/.env/lib/python3.8/site-packages/airflow/example_dags/example_nested_branch_dag.py took 0.102 seconds
[2023-11-21T10:06:57.705+0300] {processor.py:156} INFO - Started process (PID=30900) to work on /home/user/Masaüstü/kafka/.env/lib/python3.8/site-packages/airflow/example_dags/example_nested_branch_dag.py
[2023-11-21T10:06:57.708+0300] {processor.py:758} INFO - Processing file /home/user/Masaüstü/kafka/.env/lib/python3.8/site-packages/airflow/example_dags/example_nested_branch_dag.py for tasks to queue
[2023-11-21T10:06:57.709+0300] {logging_mixin.py:117} INFO - [2023-11-21T10:06:57.709+0300] {dagbag.py:525} INFO - Filling up the DagBag from /home/user/Masaüstü/kafka/.env/lib/python3.8/site-packages/airflow/example_dags/example_nested_branch_dag.py
[2023-11-21T10:06:57.740+0300] {processor.py:768} INFO - DAG(s) dict_keys(['example_nested_branch_dag']) retrieved from /home/user/Masaüstü/kafka/.env/lib/python3.8/site-packages/airflow/example_dags/example_nested_branch_dag.py
[2023-11-21T10:06:57.758+0300] {logging_mixin.py:117} INFO - [2023-11-21T10:06:57.758+0300] {dag.py:2573} INFO - Sync 1 DAGs
[2023-11-21T10:06:57.774+0300] {logging_mixin.py:117} INFO - [2023-11-21T10:06:57.774+0300] {dag.py:3324} INFO - Setting next_dagrun for example_nested_branch_dag to 2023-11-20T00:00:00+00:00, run_after=2023-11-21T00:00:00+00:00
[2023-11-21T10:06:57.790+0300] {processor.py:178} INFO - Processing /home/user/Masaüstü/kafka/.env/lib/python3.8/site-packages/airflow/example_dags/example_nested_branch_dag.py took 0.088 seconds
[2023-11-21T10:07:36.240+0300] {processor.py:156} INFO - Started process (PID=31135) to work on /home/user/Masaüstü/kafka/.env/lib/python3.8/site-packages/airflow/example_dags/example_nested_branch_dag.py
[2023-11-21T10:07:36.242+0300] {processor.py:758} INFO - Processing file /home/user/Masaüstü/kafka/.env/lib/python3.8/site-packages/airflow/example_dags/example_nested_branch_dag.py for tasks to queue
[2023-11-21T10:07:36.243+0300] {logging_mixin.py:117} INFO - [2023-11-21T10:07:36.243+0300] {dagbag.py:525} INFO - Filling up the DagBag from /home/user/Masaüstü/kafka/.env/lib/python3.8/site-packages/airflow/example_dags/example_nested_branch_dag.py
[2023-11-21T10:07:36.274+0300] {processor.py:768} INFO - DAG(s) dict_keys(['example_nested_branch_dag']) retrieved from /home/user/Masaüstü/kafka/.env/lib/python3.8/site-packages/airflow/example_dags/example_nested_branch_dag.py
[2023-11-21T10:07:36.296+0300] {logging_mixin.py:117} INFO - [2023-11-21T10:07:36.296+0300] {dag.py:2573} INFO - Sync 1 DAGs
[2023-11-21T10:07:36.319+0300] {logging_mixin.py:117} INFO - [2023-11-21T10:07:36.319+0300] {dag.py:3324} INFO - Setting next_dagrun for example_nested_branch_dag to 2023-11-20T00:00:00+00:00, run_after=2023-11-21T00:00:00+00:00
[2023-11-21T10:07:36.347+0300] {processor.py:178} INFO - Processing /home/user/Masaüstü/kafka/.env/lib/python3.8/site-packages/airflow/example_dags/example_nested_branch_dag.py took 0.109 seconds
[2023-11-21T10:08:13.894+0300] {processor.py:156} INFO - Started process (PID=31381) to work on /home/user/Masaüstü/kafka/.env/lib/python3.8/site-packages/airflow/example_dags/example_nested_branch_dag.py
[2023-11-21T10:08:13.897+0300] {processor.py:758} INFO - Processing file /home/user/Masaüstü/kafka/.env/lib/python3.8/site-packages/airflow/example_dags/example_nested_branch_dag.py for tasks to queue
[2023-11-21T10:08:13.899+0300] {logging_mixin.py:117} INFO - [2023-11-21T10:08:13.898+0300] {dagbag.py:525} INFO - Filling up the DagBag from /home/user/Masaüstü/kafka/.env/lib/python3.8/site-packages/airflow/example_dags/example_nested_branch_dag.py
[2023-11-21T10:08:13.936+0300] {processor.py:768} INFO - DAG(s) dict_keys(['example_nested_branch_dag']) retrieved from /home/user/Masaüstü/kafka/.env/lib/python3.8/site-packages/airflow/example_dags/example_nested_branch_dag.py
[2023-11-21T10:08:13.955+0300] {logging_mixin.py:117} INFO - [2023-11-21T10:08:13.955+0300] {dag.py:2573} INFO - Sync 1 DAGs
[2023-11-21T10:08:13.971+0300] {logging_mixin.py:117} INFO - [2023-11-21T10:08:13.971+0300] {dag.py:3324} INFO - Setting next_dagrun for example_nested_branch_dag to 2023-11-20T00:00:00+00:00, run_after=2023-11-21T00:00:00+00:00
[2023-11-21T10:08:14.000+0300] {processor.py:178} INFO - Processing /home/user/Masaüstü/kafka/.env/lib/python3.8/site-packages/airflow/example_dags/example_nested_branch_dag.py took 0.113 seconds
[2023-11-21T10:08:52.909+0300] {processor.py:156} INFO - Started process (PID=31633) to work on /home/user/Masaüstü/kafka/.env/lib/python3.8/site-packages/airflow/example_dags/example_nested_branch_dag.py
[2023-11-21T10:08:52.910+0300] {processor.py:758} INFO - Processing file /home/user/Masaüstü/kafka/.env/lib/python3.8/site-packages/airflow/example_dags/example_nested_branch_dag.py for tasks to queue
[2023-11-21T10:08:52.911+0300] {logging_mixin.py:117} INFO - [2023-11-21T10:08:52.911+0300] {dagbag.py:525} INFO - Filling up the DagBag from /home/user/Masaüstü/kafka/.env/lib/python3.8/site-packages/airflow/example_dags/example_nested_branch_dag.py
[2023-11-21T10:08:52.930+0300] {processor.py:768} INFO - DAG(s) dict_keys(['example_nested_branch_dag']) retrieved from /home/user/Masaüstü/kafka/.env/lib/python3.8/site-packages/airflow/example_dags/example_nested_branch_dag.py
[2023-11-21T10:08:52.952+0300] {logging_mixin.py:117} INFO - [2023-11-21T10:08:52.952+0300] {dag.py:2573} INFO - Sync 1 DAGs
[2023-11-21T10:08:52.974+0300] {logging_mixin.py:117} INFO - [2023-11-21T10:08:52.974+0300] {dag.py:3324} INFO - Setting next_dagrun for example_nested_branch_dag to 2023-11-20T00:00:00+00:00, run_after=2023-11-21T00:00:00+00:00
[2023-11-21T10:08:53.000+0300] {processor.py:178} INFO - Processing /home/user/Masaüstü/kafka/.env/lib/python3.8/site-packages/airflow/example_dags/example_nested_branch_dag.py took 0.093 seconds
[2023-11-21T10:09:32.748+0300] {processor.py:156} INFO - Started process (PID=32095) to work on /home/user/Masaüstü/kafka/.env/lib/python3.8/site-packages/airflow/example_dags/example_nested_branch_dag.py
[2023-11-21T10:09:32.753+0300] {processor.py:758} INFO - Processing file /home/user/Masaüstü/kafka/.env/lib/python3.8/site-packages/airflow/example_dags/example_nested_branch_dag.py for tasks to queue
[2023-11-21T10:09:32.758+0300] {logging_mixin.py:117} INFO - [2023-11-21T10:09:32.756+0300] {dagbag.py:525} INFO - Filling up the DagBag from /home/user/Masaüstü/kafka/.env/lib/python3.8/site-packages/airflow/example_dags/example_nested_branch_dag.py
[2023-11-21T10:09:32.924+0300] {processor.py:768} INFO - DAG(s) dict_keys(['example_nested_branch_dag']) retrieved from /home/user/Masaüstü/kafka/.env/lib/python3.8/site-packages/airflow/example_dags/example_nested_branch_dag.py
[2023-11-21T10:09:33.007+0300] {logging_mixin.py:117} INFO - [2023-11-21T10:09:33.007+0300] {dag.py:2573} INFO - Sync 1 DAGs
[2023-11-21T10:09:33.068+0300] {logging_mixin.py:117} INFO - [2023-11-21T10:09:33.067+0300] {dag.py:3324} INFO - Setting next_dagrun for example_nested_branch_dag to 2023-11-20T00:00:00+00:00, run_after=2023-11-21T00:00:00+00:00
[2023-11-21T10:09:33.125+0300] {processor.py:178} INFO - Processing /home/user/Masaüstü/kafka/.env/lib/python3.8/site-packages/airflow/example_dags/example_nested_branch_dag.py took 0.389 seconds
[2023-11-21T10:10:23.609+0300] {processor.py:156} INFO - Started process (PID=32868) to work on /home/user/Masaüstü/kafka/.env/lib/python3.8/site-packages/airflow/example_dags/example_nested_branch_dag.py
[2023-11-21T10:10:23.610+0300] {processor.py:758} INFO - Processing file /home/user/Masaüstü/kafka/.env/lib/python3.8/site-packages/airflow/example_dags/example_nested_branch_dag.py for tasks to queue
[2023-11-21T10:10:23.611+0300] {logging_mixin.py:117} INFO - [2023-11-21T10:10:23.611+0300] {dagbag.py:525} INFO - Filling up the DagBag from /home/user/Masaüstü/kafka/.env/lib/python3.8/site-packages/airflow/example_dags/example_nested_branch_dag.py
[2023-11-21T10:10:23.668+0300] {processor.py:768} INFO - DAG(s) dict_keys(['example_nested_branch_dag']) retrieved from /home/user/Masaüstü/kafka/.env/lib/python3.8/site-packages/airflow/example_dags/example_nested_branch_dag.py
[2023-11-21T10:10:23.692+0300] {logging_mixin.py:117} INFO - [2023-11-21T10:10:23.692+0300] {dag.py:2573} INFO - Sync 1 DAGs
[2023-11-21T10:10:23.712+0300] {logging_mixin.py:117} INFO - [2023-11-21T10:10:23.712+0300] {dag.py:3324} INFO - Setting next_dagrun for example_nested_branch_dag to 2023-11-20T00:00:00+00:00, run_after=2023-11-21T00:00:00+00:00
[2023-11-21T10:10:23.735+0300] {processor.py:178} INFO - Processing /home/user/Masaüstü/kafka/.env/lib/python3.8/site-packages/airflow/example_dags/example_nested_branch_dag.py took 0.132 seconds
[2023-11-21T10:11:03.674+0300] {processor.py:156} INFO - Started process (PID=33298) to work on /home/user/Masaüstü/kafka/.env/lib/python3.8/site-packages/airflow/example_dags/example_nested_branch_dag.py
[2023-11-21T10:11:03.676+0300] {processor.py:758} INFO - Processing file /home/user/Masaüstü/kafka/.env/lib/python3.8/site-packages/airflow/example_dags/example_nested_branch_dag.py for tasks to queue
[2023-11-21T10:11:03.677+0300] {logging_mixin.py:117} INFO - [2023-11-21T10:11:03.677+0300] {dagbag.py:525} INFO - Filling up the DagBag from /home/user/Masaüstü/kafka/.env/lib/python3.8/site-packages/airflow/example_dags/example_nested_branch_dag.py
[2023-11-21T10:11:03.702+0300] {processor.py:768} INFO - DAG(s) dict_keys(['example_nested_branch_dag']) retrieved from /home/user/Masaüstü/kafka/.env/lib/python3.8/site-packages/airflow/example_dags/example_nested_branch_dag.py
[2023-11-21T10:11:03.720+0300] {logging_mixin.py:117} INFO - [2023-11-21T10:11:03.720+0300] {dag.py:2573} INFO - Sync 1 DAGs
[2023-11-21T10:11:03.736+0300] {logging_mixin.py:117} INFO - [2023-11-21T10:11:03.736+0300] {dag.py:3324} INFO - Setting next_dagrun for example_nested_branch_dag to 2023-11-20T00:00:00+00:00, run_after=2023-11-21T00:00:00+00:00
[2023-11-21T10:11:03.763+0300] {processor.py:178} INFO - Processing /home/user/Masaüstü/kafka/.env/lib/python3.8/site-packages/airflow/example_dags/example_nested_branch_dag.py took 0.094 seconds
[2023-11-21T10:11:42.004+0300] {processor.py:156} INFO - Started process (PID=33573) to work on /home/user/Masaüstü/kafka/.env/lib/python3.8/site-packages/airflow/example_dags/example_nested_branch_dag.py
[2023-11-21T10:11:42.006+0300] {processor.py:758} INFO - Processing file /home/user/Masaüstü/kafka/.env/lib/python3.8/site-packages/airflow/example_dags/example_nested_branch_dag.py for tasks to queue
[2023-11-21T10:11:42.007+0300] {logging_mixin.py:117} INFO - [2023-11-21T10:11:42.006+0300] {dagbag.py:525} INFO - Filling up the DagBag from /home/user/Masaüstü/kafka/.env/lib/python3.8/site-packages/airflow/example_dags/example_nested_branch_dag.py
[2023-11-21T10:11:42.037+0300] {processor.py:768} INFO - DAG(s) dict_keys(['example_nested_branch_dag']) retrieved from /home/user/Masaüstü/kafka/.env/lib/python3.8/site-packages/airflow/example_dags/example_nested_branch_dag.py
[2023-11-21T10:11:42.063+0300] {logging_mixin.py:117} INFO - [2023-11-21T10:11:42.063+0300] {dag.py:2573} INFO - Sync 1 DAGs
[2023-11-21T10:11:42.082+0300] {logging_mixin.py:117} INFO - [2023-11-21T10:11:42.082+0300] {dag.py:3324} INFO - Setting next_dagrun for example_nested_branch_dag to 2023-11-20T00:00:00+00:00, run_after=2023-11-21T00:00:00+00:00
[2023-11-21T10:11:42.100+0300] {processor.py:178} INFO - Processing /home/user/Masaüstü/kafka/.env/lib/python3.8/site-packages/airflow/example_dags/example_nested_branch_dag.py took 0.098 seconds
[2023-11-21T10:12:20.352+0300] {processor.py:156} INFO - Started process (PID=33800) to work on /home/user/Masaüstü/kafka/.env/lib/python3.8/site-packages/airflow/example_dags/example_nested_branch_dag.py
[2023-11-21T10:12:20.353+0300] {processor.py:758} INFO - Processing file /home/user/Masaüstü/kafka/.env/lib/python3.8/site-packages/airflow/example_dags/example_nested_branch_dag.py for tasks to queue
[2023-11-21T10:12:20.354+0300] {logging_mixin.py:117} INFO - [2023-11-21T10:12:20.353+0300] {dagbag.py:525} INFO - Filling up the DagBag from /home/user/Masaüstü/kafka/.env/lib/python3.8/site-packages/airflow/example_dags/example_nested_branch_dag.py
[2023-11-21T10:12:20.399+0300] {processor.py:768} INFO - DAG(s) dict_keys(['example_nested_branch_dag']) retrieved from /home/user/Masaüstü/kafka/.env/lib/python3.8/site-packages/airflow/example_dags/example_nested_branch_dag.py
[2023-11-21T10:12:20.439+0300] {logging_mixin.py:117} INFO - [2023-11-21T10:12:20.439+0300] {dag.py:2573} INFO - Sync 1 DAGs
[2023-11-21T10:12:20.461+0300] {logging_mixin.py:117} INFO - [2023-11-21T10:12:20.460+0300] {dag.py:3324} INFO - Setting next_dagrun for example_nested_branch_dag to 2023-11-20T00:00:00+00:00, run_after=2023-11-21T00:00:00+00:00
[2023-11-21T10:12:20.479+0300] {processor.py:178} INFO - Processing /home/user/Masaüstü/kafka/.env/lib/python3.8/site-packages/airflow/example_dags/example_nested_branch_dag.py took 0.129 seconds
[2023-11-21T10:12:58.620+0300] {processor.py:156} INFO - Started process (PID=34037) to work on /home/user/Masaüstü/kafka/.env/lib/python3.8/site-packages/airflow/example_dags/example_nested_branch_dag.py
[2023-11-21T10:12:58.624+0300] {processor.py:758} INFO - Processing file /home/user/Masaüstü/kafka/.env/lib/python3.8/site-packages/airflow/example_dags/example_nested_branch_dag.py for tasks to queue
[2023-11-21T10:12:58.626+0300] {logging_mixin.py:117} INFO - [2023-11-21T10:12:58.625+0300] {dagbag.py:525} INFO - Filling up the DagBag from /home/user/Masaüstü/kafka/.env/lib/python3.8/site-packages/airflow/example_dags/example_nested_branch_dag.py
[2023-11-21T10:12:58.658+0300] {processor.py:768} INFO - DAG(s) dict_keys(['example_nested_branch_dag']) retrieved from /home/user/Masaüstü/kafka/.env/lib/python3.8/site-packages/airflow/example_dags/example_nested_branch_dag.py
[2023-11-21T10:12:58.675+0300] {logging_mixin.py:117} INFO - [2023-11-21T10:12:58.675+0300] {dag.py:2573} INFO - Sync 1 DAGs
[2023-11-21T10:12:58.690+0300] {logging_mixin.py:117} INFO - [2023-11-21T10:12:58.690+0300] {dag.py:3324} INFO - Setting next_dagrun for example_nested_branch_dag to 2023-11-20T00:00:00+00:00, run_after=2023-11-21T00:00:00+00:00
[2023-11-21T10:12:58.708+0300] {processor.py:178} INFO - Processing /home/user/Masaüstü/kafka/.env/lib/python3.8/site-packages/airflow/example_dags/example_nested_branch_dag.py took 0.094 seconds
[2023-11-21T10:13:36.701+0300] {processor.py:156} INFO - Started process (PID=34353) to work on /home/user/Masaüstü/kafka/.env/lib/python3.8/site-packages/airflow/example_dags/example_nested_branch_dag.py
[2023-11-21T10:13:36.702+0300] {processor.py:758} INFO - Processing file /home/user/Masaüstü/kafka/.env/lib/python3.8/site-packages/airflow/example_dags/example_nested_branch_dag.py for tasks to queue
[2023-11-21T10:13:36.703+0300] {logging_mixin.py:117} INFO - [2023-11-21T10:13:36.703+0300] {dagbag.py:525} INFO - Filling up the DagBag from /home/user/Masaüstü/kafka/.env/lib/python3.8/site-packages/airflow/example_dags/example_nested_branch_dag.py
[2023-11-21T10:13:36.739+0300] {processor.py:768} INFO - DAG(s) dict_keys(['example_nested_branch_dag']) retrieved from /home/user/Masaüstü/kafka/.env/lib/python3.8/site-packages/airflow/example_dags/example_nested_branch_dag.py
[2023-11-21T10:13:36.761+0300] {logging_mixin.py:117} INFO - [2023-11-21T10:13:36.761+0300] {dag.py:2573} INFO - Sync 1 DAGs
[2023-11-21T10:13:36.778+0300] {logging_mixin.py:117} INFO - [2023-11-21T10:13:36.778+0300] {dag.py:3324} INFO - Setting next_dagrun for example_nested_branch_dag to 2023-11-20T00:00:00+00:00, run_after=2023-11-21T00:00:00+00:00
[2023-11-21T10:13:36.813+0300] {processor.py:178} INFO - Processing /home/user/Masaüstü/kafka/.env/lib/python3.8/site-packages/airflow/example_dags/example_nested_branch_dag.py took 0.118 seconds
[2023-11-21T10:14:28.878+0300] {processor.py:156} INFO - Started process (PID=35107) to work on /home/user/Masaüstü/kafka/.env/lib/python3.8/site-packages/airflow/example_dags/example_nested_branch_dag.py
[2023-11-21T10:14:28.879+0300] {processor.py:758} INFO - Processing file /home/user/Masaüstü/kafka/.env/lib/python3.8/site-packages/airflow/example_dags/example_nested_branch_dag.py for tasks to queue
[2023-11-21T10:14:28.880+0300] {logging_mixin.py:117} INFO - [2023-11-21T10:14:28.880+0300] {dagbag.py:525} INFO - Filling up the DagBag from /home/user/Masaüstü/kafka/.env/lib/python3.8/site-packages/airflow/example_dags/example_nested_branch_dag.py
[2023-11-21T10:14:28.905+0300] {processor.py:768} INFO - DAG(s) dict_keys(['example_nested_branch_dag']) retrieved from /home/user/Masaüstü/kafka/.env/lib/python3.8/site-packages/airflow/example_dags/example_nested_branch_dag.py
[2023-11-21T10:14:28.930+0300] {logging_mixin.py:117} INFO - [2023-11-21T10:14:28.929+0300] {dag.py:2573} INFO - Sync 1 DAGs
[2023-11-21T10:14:28.957+0300] {logging_mixin.py:117} INFO - [2023-11-21T10:14:28.957+0300] {dag.py:3324} INFO - Setting next_dagrun for example_nested_branch_dag to 2023-11-20T00:00:00+00:00, run_after=2023-11-21T00:00:00+00:00
[2023-11-21T10:14:28.977+0300] {processor.py:178} INFO - Processing /home/user/Masaüstü/kafka/.env/lib/python3.8/site-packages/airflow/example_dags/example_nested_branch_dag.py took 0.101 seconds
[2023-11-21T10:15:06.278+0300] {processor.py:156} INFO - Started process (PID=35493) to work on /home/user/Masaüstü/kafka/.env/lib/python3.8/site-packages/airflow/example_dags/example_nested_branch_dag.py
[2023-11-21T10:15:06.280+0300] {processor.py:758} INFO - Processing file /home/user/Masaüstü/kafka/.env/lib/python3.8/site-packages/airflow/example_dags/example_nested_branch_dag.py for tasks to queue
[2023-11-21T10:15:06.281+0300] {logging_mixin.py:117} INFO - [2023-11-21T10:15:06.281+0300] {dagbag.py:525} INFO - Filling up the DagBag from /home/user/Masaüstü/kafka/.env/lib/python3.8/site-packages/airflow/example_dags/example_nested_branch_dag.py
[2023-11-21T10:15:06.306+0300] {processor.py:768} INFO - DAG(s) dict_keys(['example_nested_branch_dag']) retrieved from /home/user/Masaüstü/kafka/.env/lib/python3.8/site-packages/airflow/example_dags/example_nested_branch_dag.py
[2023-11-21T10:15:06.324+0300] {logging_mixin.py:117} INFO - [2023-11-21T10:15:06.324+0300] {dag.py:2573} INFO - Sync 1 DAGs
[2023-11-21T10:15:06.340+0300] {logging_mixin.py:117} INFO - [2023-11-21T10:15:06.340+0300] {dag.py:3324} INFO - Setting next_dagrun for example_nested_branch_dag to 2023-11-20T00:00:00+00:00, run_after=2023-11-21T00:00:00+00:00
[2023-11-21T10:15:06.365+0300] {processor.py:178} INFO - Processing /home/user/Masaüstü/kafka/.env/lib/python3.8/site-packages/airflow/example_dags/example_nested_branch_dag.py took 0.089 seconds
[2023-11-21T10:15:42.594+0300] {processor.py:156} INFO - Started process (PID=35746) to work on /home/user/Masaüstü/kafka/.env/lib/python3.8/site-packages/airflow/example_dags/example_nested_branch_dag.py
[2023-11-21T10:15:42.597+0300] {processor.py:758} INFO - Processing file /home/user/Masaüstü/kafka/.env/lib/python3.8/site-packages/airflow/example_dags/example_nested_branch_dag.py for tasks to queue
[2023-11-21T10:15:42.598+0300] {logging_mixin.py:117} INFO - [2023-11-21T10:15:42.598+0300] {dagbag.py:525} INFO - Filling up the DagBag from /home/user/Masaüstü/kafka/.env/lib/python3.8/site-packages/airflow/example_dags/example_nested_branch_dag.py
[2023-11-21T10:15:42.631+0300] {processor.py:768} INFO - DAG(s) dict_keys(['example_nested_branch_dag']) retrieved from /home/user/Masaüstü/kafka/.env/lib/python3.8/site-packages/airflow/example_dags/example_nested_branch_dag.py
[2023-11-21T10:15:42.649+0300] {logging_mixin.py:117} INFO - [2023-11-21T10:15:42.649+0300] {dag.py:2573} INFO - Sync 1 DAGs
[2023-11-21T10:15:42.664+0300] {logging_mixin.py:117} INFO - [2023-11-21T10:15:42.664+0300] {dag.py:3324} INFO - Setting next_dagrun for example_nested_branch_dag to 2023-11-20T00:00:00+00:00, run_after=2023-11-21T00:00:00+00:00
[2023-11-21T10:15:42.681+0300] {processor.py:178} INFO - Processing /home/user/Masaüstü/kafka/.env/lib/python3.8/site-packages/airflow/example_dags/example_nested_branch_dag.py took 0.095 seconds
[2023-11-21T10:16:21.083+0300] {processor.py:156} INFO - Started process (PID=35981) to work on /home/user/Masaüstü/kafka/.env/lib/python3.8/site-packages/airflow/example_dags/example_nested_branch_dag.py
[2023-11-21T10:16:21.086+0300] {processor.py:758} INFO - Processing file /home/user/Masaüstü/kafka/.env/lib/python3.8/site-packages/airflow/example_dags/example_nested_branch_dag.py for tasks to queue
[2023-11-21T10:16:21.087+0300] {logging_mixin.py:117} INFO - [2023-11-21T10:16:21.087+0300] {dagbag.py:525} INFO - Filling up the DagBag from /home/user/Masaüstü/kafka/.env/lib/python3.8/site-packages/airflow/example_dags/example_nested_branch_dag.py
[2023-11-21T10:16:21.116+0300] {processor.py:768} INFO - DAG(s) dict_keys(['example_nested_branch_dag']) retrieved from /home/user/Masaüstü/kafka/.env/lib/python3.8/site-packages/airflow/example_dags/example_nested_branch_dag.py
[2023-11-21T10:16:21.134+0300] {logging_mixin.py:117} INFO - [2023-11-21T10:16:21.134+0300] {dag.py:2573} INFO - Sync 1 DAGs
[2023-11-21T10:16:21.149+0300] {logging_mixin.py:117} INFO - [2023-11-21T10:16:21.149+0300] {dag.py:3324} INFO - Setting next_dagrun for example_nested_branch_dag to 2023-11-20T00:00:00+00:00, run_after=2023-11-21T00:00:00+00:00
[2023-11-21T10:16:21.166+0300] {processor.py:178} INFO - Processing /home/user/Masaüstü/kafka/.env/lib/python3.8/site-packages/airflow/example_dags/example_nested_branch_dag.py took 0.085 seconds
[2023-11-21T10:16:59.455+0300] {processor.py:156} INFO - Started process (PID=36231) to work on /home/user/Masaüstü/kafka/.env/lib/python3.8/site-packages/airflow/example_dags/example_nested_branch_dag.py
[2023-11-21T10:16:59.457+0300] {processor.py:758} INFO - Processing file /home/user/Masaüstü/kafka/.env/lib/python3.8/site-packages/airflow/example_dags/example_nested_branch_dag.py for tasks to queue
[2023-11-21T10:16:59.458+0300] {logging_mixin.py:117} INFO - [2023-11-21T10:16:59.458+0300] {dagbag.py:525} INFO - Filling up the DagBag from /home/user/Masaüstü/kafka/.env/lib/python3.8/site-packages/airflow/example_dags/example_nested_branch_dag.py
[2023-11-21T10:16:59.484+0300] {processor.py:768} INFO - DAG(s) dict_keys(['example_nested_branch_dag']) retrieved from /home/user/Masaüstü/kafka/.env/lib/python3.8/site-packages/airflow/example_dags/example_nested_branch_dag.py
[2023-11-21T10:16:59.502+0300] {logging_mixin.py:117} INFO - [2023-11-21T10:16:59.502+0300] {dag.py:2573} INFO - Sync 1 DAGs
[2023-11-21T10:16:59.517+0300] {logging_mixin.py:117} INFO - [2023-11-21T10:16:59.517+0300] {dag.py:3324} INFO - Setting next_dagrun for example_nested_branch_dag to 2023-11-20T00:00:00+00:00, run_after=2023-11-21T00:00:00+00:00
[2023-11-21T10:16:59.534+0300] {processor.py:178} INFO - Processing /home/user/Masaüstü/kafka/.env/lib/python3.8/site-packages/airflow/example_dags/example_nested_branch_dag.py took 0.081 seconds
[2023-11-21T10:17:36.185+0300] {processor.py:156} INFO - Started process (PID=36498) to work on /home/user/Masaüstü/kafka/.env/lib/python3.8/site-packages/airflow/example_dags/example_nested_branch_dag.py
[2023-11-21T10:17:36.187+0300] {processor.py:758} INFO - Processing file /home/user/Masaüstü/kafka/.env/lib/python3.8/site-packages/airflow/example_dags/example_nested_branch_dag.py for tasks to queue
[2023-11-21T10:17:36.188+0300] {logging_mixin.py:117} INFO - [2023-11-21T10:17:36.188+0300] {dagbag.py:525} INFO - Filling up the DagBag from /home/user/Masaüstü/kafka/.env/lib/python3.8/site-packages/airflow/example_dags/example_nested_branch_dag.py
[2023-11-21T10:17:36.231+0300] {processor.py:768} INFO - DAG(s) dict_keys(['example_nested_branch_dag']) retrieved from /home/user/Masaüstü/kafka/.env/lib/python3.8/site-packages/airflow/example_dags/example_nested_branch_dag.py
[2023-11-21T10:17:36.256+0300] {logging_mixin.py:117} INFO - [2023-11-21T10:17:36.256+0300] {dag.py:2573} INFO - Sync 1 DAGs
[2023-11-21T10:17:36.277+0300] {logging_mixin.py:117} INFO - [2023-11-21T10:17:36.277+0300] {dag.py:3324} INFO - Setting next_dagrun for example_nested_branch_dag to 2023-11-20T00:00:00+00:00, run_after=2023-11-21T00:00:00+00:00
[2023-11-21T10:17:36.305+0300] {processor.py:178} INFO - Processing /home/user/Masaüstü/kafka/.env/lib/python3.8/site-packages/airflow/example_dags/example_nested_branch_dag.py took 0.122 seconds
[2023-11-21T10:18:13.168+0300] {processor.py:156} INFO - Started process (PID=36763) to work on /home/user/Masaüstü/kafka/.env/lib/python3.8/site-packages/airflow/example_dags/example_nested_branch_dag.py
[2023-11-21T10:18:13.171+0300] {processor.py:758} INFO - Processing file /home/user/Masaüstü/kafka/.env/lib/python3.8/site-packages/airflow/example_dags/example_nested_branch_dag.py for tasks to queue
[2023-11-21T10:18:13.173+0300] {logging_mixin.py:117} INFO - [2023-11-21T10:18:13.173+0300] {dagbag.py:525} INFO - Filling up the DagBag from /home/user/Masaüstü/kafka/.env/lib/python3.8/site-packages/airflow/example_dags/example_nested_branch_dag.py
[2023-11-21T10:18:13.213+0300] {processor.py:768} INFO - DAG(s) dict_keys(['example_nested_branch_dag']) retrieved from /home/user/Masaüstü/kafka/.env/lib/python3.8/site-packages/airflow/example_dags/example_nested_branch_dag.py
[2023-11-21T10:18:13.230+0300] {logging_mixin.py:117} INFO - [2023-11-21T10:18:13.230+0300] {dag.py:2573} INFO - Sync 1 DAGs
[2023-11-21T10:18:13.246+0300] {logging_mixin.py:117} INFO - [2023-11-21T10:18:13.246+0300] {dag.py:3324} INFO - Setting next_dagrun for example_nested_branch_dag to 2023-11-20T00:00:00+00:00, run_after=2023-11-21T00:00:00+00:00
[2023-11-21T10:18:13.262+0300] {processor.py:178} INFO - Processing /home/user/Masaüstü/kafka/.env/lib/python3.8/site-packages/airflow/example_dags/example_nested_branch_dag.py took 0.101 seconds
[2023-11-21T10:18:52.689+0300] {processor.py:156} INFO - Started process (PID=37018) to work on /home/user/Masaüstü/kafka/.env/lib/python3.8/site-packages/airflow/example_dags/example_nested_branch_dag.py
[2023-11-21T10:18:52.692+0300] {processor.py:758} INFO - Processing file /home/user/Masaüstü/kafka/.env/lib/python3.8/site-packages/airflow/example_dags/example_nested_branch_dag.py for tasks to queue
[2023-11-21T10:18:52.694+0300] {logging_mixin.py:117} INFO - [2023-11-21T10:18:52.693+0300] {dagbag.py:525} INFO - Filling up the DagBag from /home/user/Masaüstü/kafka/.env/lib/python3.8/site-packages/airflow/example_dags/example_nested_branch_dag.py
[2023-11-21T10:18:52.735+0300] {processor.py:768} INFO - DAG(s) dict_keys(['example_nested_branch_dag']) retrieved from /home/user/Masaüstü/kafka/.env/lib/python3.8/site-packages/airflow/example_dags/example_nested_branch_dag.py
[2023-11-21T10:18:52.754+0300] {logging_mixin.py:117} INFO - [2023-11-21T10:18:52.754+0300] {dag.py:2573} INFO - Sync 1 DAGs
[2023-11-21T10:18:52.771+0300] {logging_mixin.py:117} INFO - [2023-11-21T10:18:52.770+0300] {dag.py:3324} INFO - Setting next_dagrun for example_nested_branch_dag to 2023-11-20T00:00:00+00:00, run_after=2023-11-21T00:00:00+00:00
[2023-11-21T10:18:52.787+0300] {processor.py:178} INFO - Processing /home/user/Masaüstü/kafka/.env/lib/python3.8/site-packages/airflow/example_dags/example_nested_branch_dag.py took 0.108 seconds
[2023-11-21T10:19:31.319+0300] {processor.py:156} INFO - Started process (PID=37264) to work on /home/user/Masaüstü/kafka/.env/lib/python3.8/site-packages/airflow/example_dags/example_nested_branch_dag.py
[2023-11-21T10:19:31.321+0300] {processor.py:758} INFO - Processing file /home/user/Masaüstü/kafka/.env/lib/python3.8/site-packages/airflow/example_dags/example_nested_branch_dag.py for tasks to queue
[2023-11-21T10:19:31.322+0300] {logging_mixin.py:117} INFO - [2023-11-21T10:19:31.322+0300] {dagbag.py:525} INFO - Filling up the DagBag from /home/user/Masaüstü/kafka/.env/lib/python3.8/site-packages/airflow/example_dags/example_nested_branch_dag.py
[2023-11-21T10:19:31.344+0300] {processor.py:768} INFO - DAG(s) dict_keys(['example_nested_branch_dag']) retrieved from /home/user/Masaüstü/kafka/.env/lib/python3.8/site-packages/airflow/example_dags/example_nested_branch_dag.py
[2023-11-21T10:19:31.362+0300] {logging_mixin.py:117} INFO - [2023-11-21T10:19:31.362+0300] {dag.py:2573} INFO - Sync 1 DAGs
[2023-11-21T10:19:31.378+0300] {logging_mixin.py:117} INFO - [2023-11-21T10:19:31.377+0300] {dag.py:3324} INFO - Setting next_dagrun for example_nested_branch_dag to 2023-11-20T00:00:00+00:00, run_after=2023-11-21T00:00:00+00:00
[2023-11-21T10:19:31.403+0300] {processor.py:178} INFO - Processing /home/user/Masaüstü/kafka/.env/lib/python3.8/site-packages/airflow/example_dags/example_nested_branch_dag.py took 0.086 seconds
