[2023-11-21T09:51:58.511+0300] {processor.py:156} INFO - Started process (PID=23917) to work on /home/user/Masaüstü/kafka/.env/lib/python3.8/site-packages/airflow/example_dags/example_branch_operator_decorator.py
[2023-11-21T09:51:58.512+0300] {processor.py:758} INFO - Processing file /home/user/Masaüstü/kafka/.env/lib/python3.8/site-packages/airflow/example_dags/example_branch_operator_decorator.py for tasks to queue
[2023-11-21T09:51:58.512+0300] {logging_mixin.py:117} INFO - [2023-11-21T09:51:58.512+0300] {dagbag.py:525} INFO - Filling up the DagBag from /home/user/Masaüstü/kafka/.env/lib/python3.8/site-packages/airflow/example_dags/example_branch_operator_decorator.py
[2023-11-21T09:51:58.549+0300] {processor.py:768} INFO - DAG(s) dict_keys(['example_branch_python_operator_decorator']) retrieved from /home/user/Masaüstü/kafka/.env/lib/python3.8/site-packages/airflow/example_dags/example_branch_operator_decorator.py
[2023-11-21T09:51:58.572+0300] {logging_mixin.py:117} INFO - [2023-11-21T09:51:58.572+0300] {dag.py:2573} INFO - Sync 1 DAGs
[2023-11-21T09:51:58.591+0300] {logging_mixin.py:117} INFO - [2023-11-21T09:51:58.591+0300] {dag.py:3324} INFO - Setting next_dagrun for example_branch_python_operator_decorator to 2023-11-20T00:00:00+00:00, run_after=2023-11-21T00:00:00+00:00
[2023-11-21T09:51:58.611+0300] {processor.py:178} INFO - Processing /home/user/Masaüstü/kafka/.env/lib/python3.8/site-packages/airflow/example_dags/example_branch_operator_decorator.py took 0.105 seconds
[2023-11-21T09:52:35.358+0300] {processor.py:156} INFO - Started process (PID=24365) to work on /home/user/Masaüstü/kafka/.env/lib/python3.8/site-packages/airflow/example_dags/example_branch_operator_decorator.py
[2023-11-21T09:52:35.359+0300] {processor.py:758} INFO - Processing file /home/user/Masaüstü/kafka/.env/lib/python3.8/site-packages/airflow/example_dags/example_branch_operator_decorator.py for tasks to queue
[2023-11-21T09:52:35.359+0300] {logging_mixin.py:117} INFO - [2023-11-21T09:52:35.359+0300] {dagbag.py:525} INFO - Filling up the DagBag from /home/user/Masaüstü/kafka/.env/lib/python3.8/site-packages/airflow/example_dags/example_branch_operator_decorator.py
[2023-11-21T09:52:35.390+0300] {processor.py:768} INFO - DAG(s) dict_keys(['example_branch_python_operator_decorator']) retrieved from /home/user/Masaüstü/kafka/.env/lib/python3.8/site-packages/airflow/example_dags/example_branch_operator_decorator.py
[2023-11-21T09:52:35.412+0300] {logging_mixin.py:117} INFO - [2023-11-21T09:52:35.411+0300] {dag.py:2573} INFO - Sync 1 DAGs
[2023-11-21T09:52:35.432+0300] {logging_mixin.py:117} INFO - [2023-11-21T09:52:35.432+0300] {dag.py:3324} INFO - Setting next_dagrun for example_branch_python_operator_decorator to 2023-11-20T00:00:00+00:00, run_after=2023-11-21T00:00:00+00:00
[2023-11-21T09:52:35.456+0300] {processor.py:178} INFO - Processing /home/user/Masaüstü/kafka/.env/lib/python3.8/site-packages/airflow/example_dags/example_branch_operator_decorator.py took 0.102 seconds
[2023-11-21T09:53:12.731+0300] {processor.py:156} INFO - Started process (PID=24629) to work on /home/user/Masaüstü/kafka/.env/lib/python3.8/site-packages/airflow/example_dags/example_branch_operator_decorator.py
[2023-11-21T09:53:12.734+0300] {processor.py:758} INFO - Processing file /home/user/Masaüstü/kafka/.env/lib/python3.8/site-packages/airflow/example_dags/example_branch_operator_decorator.py for tasks to queue
[2023-11-21T09:53:12.736+0300] {logging_mixin.py:117} INFO - [2023-11-21T09:53:12.736+0300] {dagbag.py:525} INFO - Filling up the DagBag from /home/user/Masaüstü/kafka/.env/lib/python3.8/site-packages/airflow/example_dags/example_branch_operator_decorator.py
[2023-11-21T09:53:12.770+0300] {processor.py:768} INFO - DAG(s) dict_keys(['example_branch_python_operator_decorator']) retrieved from /home/user/Masaüstü/kafka/.env/lib/python3.8/site-packages/airflow/example_dags/example_branch_operator_decorator.py
[2023-11-21T09:53:12.788+0300] {logging_mixin.py:117} INFO - [2023-11-21T09:53:12.787+0300] {dag.py:2573} INFO - Sync 1 DAGs
[2023-11-21T09:53:12.804+0300] {logging_mixin.py:117} INFO - [2023-11-21T09:53:12.804+0300] {dag.py:3324} INFO - Setting next_dagrun for example_branch_python_operator_decorator to 2023-11-20T00:00:00+00:00, run_after=2023-11-21T00:00:00+00:00
[2023-11-21T09:53:12.834+0300] {processor.py:178} INFO - Processing /home/user/Masaüstü/kafka/.env/lib/python3.8/site-packages/airflow/example_dags/example_branch_operator_decorator.py took 0.110 seconds
[2023-11-21T09:53:51.962+0300] {processor.py:156} INFO - Started process (PID=24878) to work on /home/user/Masaüstü/kafka/.env/lib/python3.8/site-packages/airflow/example_dags/example_branch_operator_decorator.py
[2023-11-21T09:53:51.963+0300] {processor.py:758} INFO - Processing file /home/user/Masaüstü/kafka/.env/lib/python3.8/site-packages/airflow/example_dags/example_branch_operator_decorator.py for tasks to queue
[2023-11-21T09:53:51.964+0300] {logging_mixin.py:117} INFO - [2023-11-21T09:53:51.964+0300] {dagbag.py:525} INFO - Filling up the DagBag from /home/user/Masaüstü/kafka/.env/lib/python3.8/site-packages/airflow/example_dags/example_branch_operator_decorator.py
[2023-11-21T09:53:51.986+0300] {processor.py:768} INFO - DAG(s) dict_keys(['example_branch_python_operator_decorator']) retrieved from /home/user/Masaüstü/kafka/.env/lib/python3.8/site-packages/airflow/example_dags/example_branch_operator_decorator.py
[2023-11-21T09:53:52.008+0300] {logging_mixin.py:117} INFO - [2023-11-21T09:53:52.008+0300] {dag.py:2573} INFO - Sync 1 DAGs
[2023-11-21T09:53:52.028+0300] {logging_mixin.py:117} INFO - [2023-11-21T09:53:52.028+0300] {dag.py:3324} INFO - Setting next_dagrun for example_branch_python_operator_decorator to 2023-11-20T00:00:00+00:00, run_after=2023-11-21T00:00:00+00:00
[2023-11-21T09:53:52.049+0300] {processor.py:178} INFO - Processing /home/user/Masaüstü/kafka/.env/lib/python3.8/site-packages/airflow/example_dags/example_branch_operator_decorator.py took 0.089 seconds
[2023-11-21T09:54:26.756+0300] {processor.py:156} INFO - Started process (PID=25087) to work on /home/user/Masaüstü/kafka/.env/lib/python3.8/site-packages/airflow/example_dags/example_branch_operator_decorator.py
[2023-11-21T09:54:26.758+0300] {processor.py:758} INFO - Processing file /home/user/Masaüstü/kafka/.env/lib/python3.8/site-packages/airflow/example_dags/example_branch_operator_decorator.py for tasks to queue
[2023-11-21T09:54:26.759+0300] {logging_mixin.py:117} INFO - [2023-11-21T09:54:26.758+0300] {dagbag.py:525} INFO - Filling up the DagBag from /home/user/Masaüstü/kafka/.env/lib/python3.8/site-packages/airflow/example_dags/example_branch_operator_decorator.py
[2023-11-21T09:54:26.791+0300] {processor.py:768} INFO - DAG(s) dict_keys(['example_branch_python_operator_decorator']) retrieved from /home/user/Masaüstü/kafka/.env/lib/python3.8/site-packages/airflow/example_dags/example_branch_operator_decorator.py
[2023-11-21T09:54:26.810+0300] {logging_mixin.py:117} INFO - [2023-11-21T09:54:26.810+0300] {dag.py:2573} INFO - Sync 1 DAGs
[2023-11-21T09:54:26.826+0300] {logging_mixin.py:117} INFO - [2023-11-21T09:54:26.826+0300] {dag.py:3324} INFO - Setting next_dagrun for example_branch_python_operator_decorator to 2023-11-20T00:00:00+00:00, run_after=2023-11-21T00:00:00+00:00
[2023-11-21T09:54:26.843+0300] {processor.py:178} INFO - Processing /home/user/Masaüstü/kafka/.env/lib/python3.8/site-packages/airflow/example_dags/example_branch_operator_decorator.py took 0.091 seconds
[2023-11-21T09:55:04.993+0300] {processor.py:156} INFO - Started process (PID=25341) to work on /home/user/Masaüstü/kafka/.env/lib/python3.8/site-packages/airflow/example_dags/example_branch_operator_decorator.py
[2023-11-21T09:55:04.995+0300] {processor.py:758} INFO - Processing file /home/user/Masaüstü/kafka/.env/lib/python3.8/site-packages/airflow/example_dags/example_branch_operator_decorator.py for tasks to queue
[2023-11-21T09:55:04.996+0300] {logging_mixin.py:117} INFO - [2023-11-21T09:55:04.995+0300] {dagbag.py:525} INFO - Filling up the DagBag from /home/user/Masaüstü/kafka/.env/lib/python3.8/site-packages/airflow/example_dags/example_branch_operator_decorator.py
[2023-11-21T09:55:05.018+0300] {processor.py:768} INFO - DAG(s) dict_keys(['example_branch_python_operator_decorator']) retrieved from /home/user/Masaüstü/kafka/.env/lib/python3.8/site-packages/airflow/example_dags/example_branch_operator_decorator.py
[2023-11-21T09:55:05.041+0300] {logging_mixin.py:117} INFO - [2023-11-21T09:55:05.041+0300] {dag.py:2573} INFO - Sync 1 DAGs
[2023-11-21T09:55:05.057+0300] {logging_mixin.py:117} INFO - [2023-11-21T09:55:05.057+0300] {dag.py:3324} INFO - Setting next_dagrun for example_branch_python_operator_decorator to 2023-11-20T00:00:00+00:00, run_after=2023-11-21T00:00:00+00:00
[2023-11-21T09:55:05.076+0300] {processor.py:178} INFO - Processing /home/user/Masaüstü/kafka/.env/lib/python3.8/site-packages/airflow/example_dags/example_branch_operator_decorator.py took 0.085 seconds
[2023-11-21T09:55:42.330+0300] {processor.py:156} INFO - Started process (PID=25644) to work on /home/user/Masaüstü/kafka/.env/lib/python3.8/site-packages/airflow/example_dags/example_branch_operator_decorator.py
[2023-11-21T09:55:42.332+0300] {processor.py:758} INFO - Processing file /home/user/Masaüstü/kafka/.env/lib/python3.8/site-packages/airflow/example_dags/example_branch_operator_decorator.py for tasks to queue
[2023-11-21T09:55:42.333+0300] {logging_mixin.py:117} INFO - [2023-11-21T09:55:42.333+0300] {dagbag.py:525} INFO - Filling up the DagBag from /home/user/Masaüstü/kafka/.env/lib/python3.8/site-packages/airflow/example_dags/example_branch_operator_decorator.py
[2023-11-21T09:55:42.358+0300] {processor.py:768} INFO - DAG(s) dict_keys(['example_branch_python_operator_decorator']) retrieved from /home/user/Masaüstü/kafka/.env/lib/python3.8/site-packages/airflow/example_dags/example_branch_operator_decorator.py
[2023-11-21T09:55:42.377+0300] {logging_mixin.py:117} INFO - [2023-11-21T09:55:42.377+0300] {dag.py:2573} INFO - Sync 1 DAGs
[2023-11-21T09:55:42.392+0300] {logging_mixin.py:117} INFO - [2023-11-21T09:55:42.392+0300] {dag.py:3324} INFO - Setting next_dagrun for example_branch_python_operator_decorator to 2023-11-20T00:00:00+00:00, run_after=2023-11-21T00:00:00+00:00
[2023-11-21T09:55:42.409+0300] {processor.py:178} INFO - Processing /home/user/Masaüstü/kafka/.env/lib/python3.8/site-packages/airflow/example_dags/example_branch_operator_decorator.py took 0.081 seconds
[2023-11-21T09:56:19.625+0300] {processor.py:156} INFO - Started process (PID=25871) to work on /home/user/Masaüstü/kafka/.env/lib/python3.8/site-packages/airflow/example_dags/example_branch_operator_decorator.py
[2023-11-21T09:56:19.629+0300] {processor.py:758} INFO - Processing file /home/user/Masaüstü/kafka/.env/lib/python3.8/site-packages/airflow/example_dags/example_branch_operator_decorator.py for tasks to queue
[2023-11-21T09:56:19.630+0300] {logging_mixin.py:117} INFO - [2023-11-21T09:56:19.630+0300] {dagbag.py:525} INFO - Filling up the DagBag from /home/user/Masaüstü/kafka/.env/lib/python3.8/site-packages/airflow/example_dags/example_branch_operator_decorator.py
[2023-11-21T09:56:19.657+0300] {processor.py:768} INFO - DAG(s) dict_keys(['example_branch_python_operator_decorator']) retrieved from /home/user/Masaüstü/kafka/.env/lib/python3.8/site-packages/airflow/example_dags/example_branch_operator_decorator.py
[2023-11-21T09:56:19.684+0300] {logging_mixin.py:117} INFO - [2023-11-21T09:56:19.683+0300] {dag.py:2573} INFO - Sync 1 DAGs
[2023-11-21T09:56:19.712+0300] {logging_mixin.py:117} INFO - [2023-11-21T09:56:19.712+0300] {dag.py:3324} INFO - Setting next_dagrun for example_branch_python_operator_decorator to 2023-11-20T00:00:00+00:00, run_after=2023-11-21T00:00:00+00:00
[2023-11-21T09:56:19.752+0300] {processor.py:178} INFO - Processing /home/user/Masaüstü/kafka/.env/lib/python3.8/site-packages/airflow/example_dags/example_branch_operator_decorator.py took 0.128 seconds
[2023-11-21T09:56:55.744+0300] {processor.py:156} INFO - Started process (PID=26138) to work on /home/user/Masaüstü/kafka/.env/lib/python3.8/site-packages/airflow/example_dags/example_branch_operator_decorator.py
[2023-11-21T09:56:55.747+0300] {processor.py:758} INFO - Processing file /home/user/Masaüstü/kafka/.env/lib/python3.8/site-packages/airflow/example_dags/example_branch_operator_decorator.py for tasks to queue
[2023-11-21T09:56:55.751+0300] {logging_mixin.py:117} INFO - [2023-11-21T09:56:55.750+0300] {dagbag.py:525} INFO - Filling up the DagBag from /home/user/Masaüstü/kafka/.env/lib/python3.8/site-packages/airflow/example_dags/example_branch_operator_decorator.py
[2023-11-21T09:56:55.785+0300] {processor.py:768} INFO - DAG(s) dict_keys(['example_branch_python_operator_decorator']) retrieved from /home/user/Masaüstü/kafka/.env/lib/python3.8/site-packages/airflow/example_dags/example_branch_operator_decorator.py
[2023-11-21T09:56:55.806+0300] {logging_mixin.py:117} INFO - [2023-11-21T09:56:55.806+0300] {dag.py:2573} INFO - Sync 1 DAGs
[2023-11-21T09:56:55.823+0300] {logging_mixin.py:117} INFO - [2023-11-21T09:56:55.823+0300] {dag.py:3324} INFO - Setting next_dagrun for example_branch_python_operator_decorator to 2023-11-20T00:00:00+00:00, run_after=2023-11-21T00:00:00+00:00
[2023-11-21T09:56:55.842+0300] {processor.py:178} INFO - Processing /home/user/Masaüstü/kafka/.env/lib/python3.8/site-packages/airflow/example_dags/example_branch_operator_decorator.py took 0.104 seconds
[2023-11-21T09:57:34.172+0300] {processor.py:156} INFO - Started process (PID=26373) to work on /home/user/Masaüstü/kafka/.env/lib/python3.8/site-packages/airflow/example_dags/example_branch_operator_decorator.py
[2023-11-21T09:57:34.174+0300] {processor.py:758} INFO - Processing file /home/user/Masaüstü/kafka/.env/lib/python3.8/site-packages/airflow/example_dags/example_branch_operator_decorator.py for tasks to queue
[2023-11-21T09:57:34.175+0300] {logging_mixin.py:117} INFO - [2023-11-21T09:57:34.175+0300] {dagbag.py:525} INFO - Filling up the DagBag from /home/user/Masaüstü/kafka/.env/lib/python3.8/site-packages/airflow/example_dags/example_branch_operator_decorator.py
[2023-11-21T09:57:34.205+0300] {processor.py:768} INFO - DAG(s) dict_keys(['example_branch_python_operator_decorator']) retrieved from /home/user/Masaüstü/kafka/.env/lib/python3.8/site-packages/airflow/example_dags/example_branch_operator_decorator.py
[2023-11-21T09:57:34.227+0300] {logging_mixin.py:117} INFO - [2023-11-21T09:57:34.227+0300] {dag.py:2573} INFO - Sync 1 DAGs
[2023-11-21T09:57:34.244+0300] {logging_mixin.py:117} INFO - [2023-11-21T09:57:34.244+0300] {dag.py:3324} INFO - Setting next_dagrun for example_branch_python_operator_decorator to 2023-11-20T00:00:00+00:00, run_after=2023-11-21T00:00:00+00:00
[2023-11-21T09:57:34.263+0300] {processor.py:178} INFO - Processing /home/user/Masaüstü/kafka/.env/lib/python3.8/site-packages/airflow/example_dags/example_branch_operator_decorator.py took 0.097 seconds
[2023-11-21T09:58:09.733+0300] {processor.py:156} INFO - Started process (PID=26607) to work on /home/user/Masaüstü/kafka/.env/lib/python3.8/site-packages/airflow/example_dags/example_branch_operator_decorator.py
[2023-11-21T09:58:09.735+0300] {processor.py:758} INFO - Processing file /home/user/Masaüstü/kafka/.env/lib/python3.8/site-packages/airflow/example_dags/example_branch_operator_decorator.py for tasks to queue
[2023-11-21T09:58:09.735+0300] {logging_mixin.py:117} INFO - [2023-11-21T09:58:09.735+0300] {dagbag.py:525} INFO - Filling up the DagBag from /home/user/Masaüstü/kafka/.env/lib/python3.8/site-packages/airflow/example_dags/example_branch_operator_decorator.py
[2023-11-21T09:58:09.753+0300] {processor.py:768} INFO - DAG(s) dict_keys(['example_branch_python_operator_decorator']) retrieved from /home/user/Masaüstü/kafka/.env/lib/python3.8/site-packages/airflow/example_dags/example_branch_operator_decorator.py
[2023-11-21T09:58:09.771+0300] {logging_mixin.py:117} INFO - [2023-11-21T09:58:09.771+0300] {dag.py:2573} INFO - Sync 1 DAGs
[2023-11-21T09:58:09.786+0300] {logging_mixin.py:117} INFO - [2023-11-21T09:58:09.786+0300] {dag.py:3324} INFO - Setting next_dagrun for example_branch_python_operator_decorator to 2023-11-20T00:00:00+00:00, run_after=2023-11-21T00:00:00+00:00
[2023-11-21T09:58:09.803+0300] {processor.py:178} INFO - Processing /home/user/Masaüstü/kafka/.env/lib/python3.8/site-packages/airflow/example_dags/example_branch_operator_decorator.py took 0.072 seconds
[2023-11-21T09:58:47.983+0300] {processor.py:156} INFO - Started process (PID=27191) to work on /home/user/Masaüstü/kafka/.env/lib/python3.8/site-packages/airflow/example_dags/example_branch_operator_decorator.py
[2023-11-21T09:58:47.986+0300] {processor.py:758} INFO - Processing file /home/user/Masaüstü/kafka/.env/lib/python3.8/site-packages/airflow/example_dags/example_branch_operator_decorator.py for tasks to queue
[2023-11-21T09:58:47.988+0300] {logging_mixin.py:117} INFO - [2023-11-21T09:58:47.988+0300] {dagbag.py:525} INFO - Filling up the DagBag from /home/user/Masaüstü/kafka/.env/lib/python3.8/site-packages/airflow/example_dags/example_branch_operator_decorator.py
[2023-11-21T09:58:48.025+0300] {processor.py:768} INFO - DAG(s) dict_keys(['example_branch_python_operator_decorator']) retrieved from /home/user/Masaüstü/kafka/.env/lib/python3.8/site-packages/airflow/example_dags/example_branch_operator_decorator.py
[2023-11-21T09:58:48.046+0300] {logging_mixin.py:117} INFO - [2023-11-21T09:58:48.046+0300] {dag.py:2573} INFO - Sync 1 DAGs
[2023-11-21T09:58:48.064+0300] {logging_mixin.py:117} INFO - [2023-11-21T09:58:48.064+0300] {dag.py:3324} INFO - Setting next_dagrun for example_branch_python_operator_decorator to 2023-11-20T00:00:00+00:00, run_after=2023-11-21T00:00:00+00:00
[2023-11-21T09:58:48.086+0300] {processor.py:178} INFO - Processing /home/user/Masaüstü/kafka/.env/lib/python3.8/site-packages/airflow/example_dags/example_branch_operator_decorator.py took 0.109 seconds
[2023-11-21T09:59:23.030+0300] {processor.py:156} INFO - Started process (PID=27440) to work on /home/user/Masaüstü/kafka/.env/lib/python3.8/site-packages/airflow/example_dags/example_branch_operator_decorator.py
[2023-11-21T09:59:23.033+0300] {processor.py:758} INFO - Processing file /home/user/Masaüstü/kafka/.env/lib/python3.8/site-packages/airflow/example_dags/example_branch_operator_decorator.py for tasks to queue
[2023-11-21T09:59:23.035+0300] {logging_mixin.py:117} INFO - [2023-11-21T09:59:23.035+0300] {dagbag.py:525} INFO - Filling up the DagBag from /home/user/Masaüstü/kafka/.env/lib/python3.8/site-packages/airflow/example_dags/example_branch_operator_decorator.py
[2023-11-21T09:59:23.064+0300] {processor.py:768} INFO - DAG(s) dict_keys(['example_branch_python_operator_decorator']) retrieved from /home/user/Masaüstü/kafka/.env/lib/python3.8/site-packages/airflow/example_dags/example_branch_operator_decorator.py
[2023-11-21T09:59:23.083+0300] {logging_mixin.py:117} INFO - [2023-11-21T09:59:23.083+0300] {dag.py:2573} INFO - Sync 1 DAGs
[2023-11-21T09:59:23.099+0300] {logging_mixin.py:117} INFO - [2023-11-21T09:59:23.099+0300] {dag.py:3324} INFO - Setting next_dagrun for example_branch_python_operator_decorator to 2023-11-20T00:00:00+00:00, run_after=2023-11-21T00:00:00+00:00
[2023-11-21T09:59:23.117+0300] {processor.py:178} INFO - Processing /home/user/Masaüstü/kafka/.env/lib/python3.8/site-packages/airflow/example_dags/example_branch_operator_decorator.py took 0.095 seconds
[2023-11-21T09:59:58.990+0300] {processor.py:156} INFO - Started process (PID=27668) to work on /home/user/Masaüstü/kafka/.env/lib/python3.8/site-packages/airflow/example_dags/example_branch_operator_decorator.py
[2023-11-21T09:59:58.992+0300] {processor.py:758} INFO - Processing file /home/user/Masaüstü/kafka/.env/lib/python3.8/site-packages/airflow/example_dags/example_branch_operator_decorator.py for tasks to queue
[2023-11-21T09:59:58.992+0300] {logging_mixin.py:117} INFO - [2023-11-21T09:59:58.992+0300] {dagbag.py:525} INFO - Filling up the DagBag from /home/user/Masaüstü/kafka/.env/lib/python3.8/site-packages/airflow/example_dags/example_branch_operator_decorator.py
[2023-11-21T09:59:59.023+0300] {processor.py:768} INFO - DAG(s) dict_keys(['example_branch_python_operator_decorator']) retrieved from /home/user/Masaüstü/kafka/.env/lib/python3.8/site-packages/airflow/example_dags/example_branch_operator_decorator.py
[2023-11-21T09:59:59.046+0300] {logging_mixin.py:117} INFO - [2023-11-21T09:59:59.046+0300] {dag.py:2573} INFO - Sync 1 DAGs
[2023-11-21T09:59:59.063+0300] {logging_mixin.py:117} INFO - [2023-11-21T09:59:59.063+0300] {dag.py:3324} INFO - Setting next_dagrun for example_branch_python_operator_decorator to 2023-11-20T00:00:00+00:00, run_after=2023-11-21T00:00:00+00:00
[2023-11-21T09:59:59.081+0300] {processor.py:178} INFO - Processing /home/user/Masaüstü/kafka/.env/lib/python3.8/site-packages/airflow/example_dags/example_branch_operator_decorator.py took 0.094 seconds
[2023-11-21T10:00:35.268+0300] {processor.py:156} INFO - Started process (PID=27888) to work on /home/user/Masaüstü/kafka/.env/lib/python3.8/site-packages/airflow/example_dags/example_branch_operator_decorator.py
[2023-11-21T10:00:35.269+0300] {processor.py:758} INFO - Processing file /home/user/Masaüstü/kafka/.env/lib/python3.8/site-packages/airflow/example_dags/example_branch_operator_decorator.py for tasks to queue
[2023-11-21T10:00:35.269+0300] {logging_mixin.py:117} INFO - [2023-11-21T10:00:35.269+0300] {dagbag.py:525} INFO - Filling up the DagBag from /home/user/Masaüstü/kafka/.env/lib/python3.8/site-packages/airflow/example_dags/example_branch_operator_decorator.py
[2023-11-21T10:00:35.287+0300] {processor.py:768} INFO - DAG(s) dict_keys(['example_branch_python_operator_decorator']) retrieved from /home/user/Masaüstü/kafka/.env/lib/python3.8/site-packages/airflow/example_dags/example_branch_operator_decorator.py
[2023-11-21T10:00:35.305+0300] {logging_mixin.py:117} INFO - [2023-11-21T10:00:35.305+0300] {dag.py:2573} INFO - Sync 1 DAGs
[2023-11-21T10:00:35.321+0300] {logging_mixin.py:117} INFO - [2023-11-21T10:00:35.321+0300] {dag.py:3324} INFO - Setting next_dagrun for example_branch_python_operator_decorator to 2023-11-20T00:00:00+00:00, run_after=2023-11-21T00:00:00+00:00
[2023-11-21T10:00:35.349+0300] {processor.py:178} INFO - Processing /home/user/Masaüstü/kafka/.env/lib/python3.8/site-packages/airflow/example_dags/example_branch_operator_decorator.py took 0.082 seconds
[2023-11-21T10:01:11.693+0300] {processor.py:156} INFO - Started process (PID=28116) to work on /home/user/Masaüstü/kafka/.env/lib/python3.8/site-packages/airflow/example_dags/example_branch_operator_decorator.py
[2023-11-21T10:01:11.695+0300] {processor.py:758} INFO - Processing file /home/user/Masaüstü/kafka/.env/lib/python3.8/site-packages/airflow/example_dags/example_branch_operator_decorator.py for tasks to queue
[2023-11-21T10:01:11.696+0300] {logging_mixin.py:117} INFO - [2023-11-21T10:01:11.696+0300] {dagbag.py:525} INFO - Filling up the DagBag from /home/user/Masaüstü/kafka/.env/lib/python3.8/site-packages/airflow/example_dags/example_branch_operator_decorator.py
[2023-11-21T10:01:11.721+0300] {processor.py:768} INFO - DAG(s) dict_keys(['example_branch_python_operator_decorator']) retrieved from /home/user/Masaüstü/kafka/.env/lib/python3.8/site-packages/airflow/example_dags/example_branch_operator_decorator.py
[2023-11-21T10:01:11.739+0300] {logging_mixin.py:117} INFO - [2023-11-21T10:01:11.739+0300] {dag.py:2573} INFO - Sync 1 DAGs
[2023-11-21T10:01:11.756+0300] {logging_mixin.py:117} INFO - [2023-11-21T10:01:11.756+0300] {dag.py:3324} INFO - Setting next_dagrun for example_branch_python_operator_decorator to 2023-11-20T00:00:00+00:00, run_after=2023-11-21T00:00:00+00:00
[2023-11-21T10:01:11.783+0300] {processor.py:178} INFO - Processing /home/user/Masaüstü/kafka/.env/lib/python3.8/site-packages/airflow/example_dags/example_branch_operator_decorator.py took 0.095 seconds
[2023-11-21T10:01:45.512+0300] {processor.py:156} INFO - Started process (PID=28385) to work on /home/user/Masaüstü/kafka/.env/lib/python3.8/site-packages/airflow/example_dags/example_branch_operator_decorator.py
[2023-11-21T10:01:45.512+0300] {processor.py:758} INFO - Processing file /home/user/Masaüstü/kafka/.env/lib/python3.8/site-packages/airflow/example_dags/example_branch_operator_decorator.py for tasks to queue
[2023-11-21T10:01:45.513+0300] {logging_mixin.py:117} INFO - [2023-11-21T10:01:45.513+0300] {dagbag.py:525} INFO - Filling up the DagBag from /home/user/Masaüstü/kafka/.env/lib/python3.8/site-packages/airflow/example_dags/example_branch_operator_decorator.py
[2023-11-21T10:01:45.540+0300] {processor.py:768} INFO - DAG(s) dict_keys(['example_branch_python_operator_decorator']) retrieved from /home/user/Masaüstü/kafka/.env/lib/python3.8/site-packages/airflow/example_dags/example_branch_operator_decorator.py
[2023-11-21T10:01:45.559+0300] {logging_mixin.py:117} INFO - [2023-11-21T10:01:45.559+0300] {dag.py:2573} INFO - Sync 1 DAGs
[2023-11-21T10:01:45.578+0300] {logging_mixin.py:117} INFO - [2023-11-21T10:01:45.578+0300] {dag.py:3324} INFO - Setting next_dagrun for example_branch_python_operator_decorator to 2023-11-20T00:00:00+00:00, run_after=2023-11-21T00:00:00+00:00
[2023-11-21T10:01:45.601+0300] {processor.py:178} INFO - Processing /home/user/Masaüstü/kafka/.env/lib/python3.8/site-packages/airflow/example_dags/example_branch_operator_decorator.py took 0.092 seconds
[2023-11-21T10:02:22.516+0300] {processor.py:156} INFO - Started process (PID=28608) to work on /home/user/Masaüstü/kafka/.env/lib/python3.8/site-packages/airflow/example_dags/example_branch_operator_decorator.py
[2023-11-21T10:02:22.516+0300] {processor.py:758} INFO - Processing file /home/user/Masaüstü/kafka/.env/lib/python3.8/site-packages/airflow/example_dags/example_branch_operator_decorator.py for tasks to queue
[2023-11-21T10:02:22.517+0300] {logging_mixin.py:117} INFO - [2023-11-21T10:02:22.517+0300] {dagbag.py:525} INFO - Filling up the DagBag from /home/user/Masaüstü/kafka/.env/lib/python3.8/site-packages/airflow/example_dags/example_branch_operator_decorator.py
[2023-11-21T10:02:22.535+0300] {processor.py:768} INFO - DAG(s) dict_keys(['example_branch_python_operator_decorator']) retrieved from /home/user/Masaüstü/kafka/.env/lib/python3.8/site-packages/airflow/example_dags/example_branch_operator_decorator.py
[2023-11-21T10:02:22.554+0300] {logging_mixin.py:117} INFO - [2023-11-21T10:02:22.554+0300] {dag.py:2573} INFO - Sync 1 DAGs
[2023-11-21T10:02:22.569+0300] {logging_mixin.py:117} INFO - [2023-11-21T10:02:22.569+0300] {dag.py:3324} INFO - Setting next_dagrun for example_branch_python_operator_decorator to 2023-11-20T00:00:00+00:00, run_after=2023-11-21T00:00:00+00:00
[2023-11-21T10:02:22.585+0300] {processor.py:178} INFO - Processing /home/user/Masaüstü/kafka/.env/lib/python3.8/site-packages/airflow/example_dags/example_branch_operator_decorator.py took 0.071 seconds
[2023-11-21T10:02:58.638+0300] {processor.py:156} INFO - Started process (PID=28843) to work on /home/user/Masaüstü/kafka/.env/lib/python3.8/site-packages/airflow/example_dags/example_branch_operator_decorator.py
[2023-11-21T10:02:58.639+0300] {processor.py:758} INFO - Processing file /home/user/Masaüstü/kafka/.env/lib/python3.8/site-packages/airflow/example_dags/example_branch_operator_decorator.py for tasks to queue
[2023-11-21T10:02:58.639+0300] {logging_mixin.py:117} INFO - [2023-11-21T10:02:58.639+0300] {dagbag.py:525} INFO - Filling up the DagBag from /home/user/Masaüstü/kafka/.env/lib/python3.8/site-packages/airflow/example_dags/example_branch_operator_decorator.py
[2023-11-21T10:02:58.657+0300] {processor.py:768} INFO - DAG(s) dict_keys(['example_branch_python_operator_decorator']) retrieved from /home/user/Masaüstü/kafka/.env/lib/python3.8/site-packages/airflow/example_dags/example_branch_operator_decorator.py
[2023-11-21T10:02:58.675+0300] {logging_mixin.py:117} INFO - [2023-11-21T10:02:58.675+0300] {dag.py:2573} INFO - Sync 1 DAGs
[2023-11-21T10:02:58.690+0300] {logging_mixin.py:117} INFO - [2023-11-21T10:02:58.690+0300] {dag.py:3324} INFO - Setting next_dagrun for example_branch_python_operator_decorator to 2023-11-20T00:00:00+00:00, run_after=2023-11-21T00:00:00+00:00
[2023-11-21T10:02:58.716+0300] {processor.py:178} INFO - Processing /home/user/Masaüstü/kafka/.env/lib/python3.8/site-packages/airflow/example_dags/example_branch_operator_decorator.py took 0.080 seconds
[2023-11-21T10:05:28.194+0300] {processor.py:156} INFO - Started process (PID=30181) to work on /home/user/Masaüstü/kafka/.env/lib/python3.8/site-packages/airflow/example_dags/example_branch_operator_decorator.py
[2023-11-21T10:05:28.197+0300] {processor.py:758} INFO - Processing file /home/user/Masaüstü/kafka/.env/lib/python3.8/site-packages/airflow/example_dags/example_branch_operator_decorator.py for tasks to queue
[2023-11-21T10:05:28.199+0300] {logging_mixin.py:117} INFO - [2023-11-21T10:05:28.199+0300] {dagbag.py:525} INFO - Filling up the DagBag from /home/user/Masaüstü/kafka/.env/lib/python3.8/site-packages/airflow/example_dags/example_branch_operator_decorator.py
[2023-11-21T10:05:28.243+0300] {processor.py:768} INFO - DAG(s) dict_keys(['example_branch_python_operator_decorator']) retrieved from /home/user/Masaüstü/kafka/.env/lib/python3.8/site-packages/airflow/example_dags/example_branch_operator_decorator.py
[2023-11-21T10:05:28.263+0300] {logging_mixin.py:117} INFO - [2023-11-21T10:05:28.263+0300] {dag.py:2573} INFO - Sync 1 DAGs
[2023-11-21T10:05:28.279+0300] {logging_mixin.py:117} INFO - [2023-11-21T10:05:28.279+0300] {dag.py:3324} INFO - Setting next_dagrun for example_branch_python_operator_decorator to 2023-11-20T00:00:00+00:00, run_after=2023-11-21T00:00:00+00:00
[2023-11-21T10:05:28.297+0300] {processor.py:178} INFO - Processing /home/user/Masaüstü/kafka/.env/lib/python3.8/site-packages/airflow/example_dags/example_branch_operator_decorator.py took 0.109 seconds
[2023-11-21T10:06:07.516+0300] {processor.py:156} INFO - Started process (PID=30560) to work on /home/user/Masaüstü/kafka/.env/lib/python3.8/site-packages/airflow/example_dags/example_branch_operator_decorator.py
[2023-11-21T10:06:07.517+0300] {processor.py:758} INFO - Processing file /home/user/Masaüstü/kafka/.env/lib/python3.8/site-packages/airflow/example_dags/example_branch_operator_decorator.py for tasks to queue
[2023-11-21T10:06:07.517+0300] {logging_mixin.py:117} INFO - [2023-11-21T10:06:07.517+0300] {dagbag.py:525} INFO - Filling up the DagBag from /home/user/Masaüstü/kafka/.env/lib/python3.8/site-packages/airflow/example_dags/example_branch_operator_decorator.py
[2023-11-21T10:06:07.538+0300] {processor.py:768} INFO - DAG(s) dict_keys(['example_branch_python_operator_decorator']) retrieved from /home/user/Masaüstü/kafka/.env/lib/python3.8/site-packages/airflow/example_dags/example_branch_operator_decorator.py
[2023-11-21T10:06:07.555+0300] {logging_mixin.py:117} INFO - [2023-11-21T10:06:07.555+0300] {dag.py:2573} INFO - Sync 1 DAGs
[2023-11-21T10:06:07.570+0300] {logging_mixin.py:117} INFO - [2023-11-21T10:06:07.570+0300] {dag.py:3324} INFO - Setting next_dagrun for example_branch_python_operator_decorator to 2023-11-20T00:00:00+00:00, run_after=2023-11-21T00:00:00+00:00
[2023-11-21T10:06:07.596+0300] {processor.py:178} INFO - Processing /home/user/Masaüstü/kafka/.env/lib/python3.8/site-packages/airflow/example_dags/example_branch_operator_decorator.py took 0.081 seconds
[2023-11-21T10:06:45.182+0300] {processor.py:156} INFO - Started process (PID=30794) to work on /home/user/Masaüstü/kafka/.env/lib/python3.8/site-packages/airflow/example_dags/example_branch_operator_decorator.py
[2023-11-21T10:06:45.186+0300] {processor.py:758} INFO - Processing file /home/user/Masaüstü/kafka/.env/lib/python3.8/site-packages/airflow/example_dags/example_branch_operator_decorator.py for tasks to queue
[2023-11-21T10:06:45.188+0300] {logging_mixin.py:117} INFO - [2023-11-21T10:06:45.188+0300] {dagbag.py:525} INFO - Filling up the DagBag from /home/user/Masaüstü/kafka/.env/lib/python3.8/site-packages/airflow/example_dags/example_branch_operator_decorator.py
[2023-11-21T10:06:45.221+0300] {processor.py:768} INFO - DAG(s) dict_keys(['example_branch_python_operator_decorator']) retrieved from /home/user/Masaüstü/kafka/.env/lib/python3.8/site-packages/airflow/example_dags/example_branch_operator_decorator.py
[2023-11-21T10:06:45.239+0300] {logging_mixin.py:117} INFO - [2023-11-21T10:06:45.239+0300] {dag.py:2573} INFO - Sync 1 DAGs
[2023-11-21T10:06:45.256+0300] {logging_mixin.py:117} INFO - [2023-11-21T10:06:45.256+0300] {dag.py:3324} INFO - Setting next_dagrun for example_branch_python_operator_decorator to 2023-11-20T00:00:00+00:00, run_after=2023-11-21T00:00:00+00:00
[2023-11-21T10:06:45.286+0300] {processor.py:178} INFO - Processing /home/user/Masaüstü/kafka/.env/lib/python3.8/site-packages/airflow/example_dags/example_branch_operator_decorator.py took 0.114 seconds
[2023-11-21T10:07:22.595+0300] {processor.py:156} INFO - Started process (PID=31047) to work on /home/user/Masaüstü/kafka/.env/lib/python3.8/site-packages/airflow/example_dags/example_branch_operator_decorator.py
[2023-11-21T10:07:22.599+0300] {processor.py:758} INFO - Processing file /home/user/Masaüstü/kafka/.env/lib/python3.8/site-packages/airflow/example_dags/example_branch_operator_decorator.py for tasks to queue
[2023-11-21T10:07:22.601+0300] {logging_mixin.py:117} INFO - [2023-11-21T10:07:22.600+0300] {dagbag.py:525} INFO - Filling up the DagBag from /home/user/Masaüstü/kafka/.env/lib/python3.8/site-packages/airflow/example_dags/example_branch_operator_decorator.py
[2023-11-21T10:07:22.638+0300] {processor.py:768} INFO - DAG(s) dict_keys(['example_branch_python_operator_decorator']) retrieved from /home/user/Masaüstü/kafka/.env/lib/python3.8/site-packages/airflow/example_dags/example_branch_operator_decorator.py
[2023-11-21T10:07:22.660+0300] {logging_mixin.py:117} INFO - [2023-11-21T10:07:22.659+0300] {dag.py:2573} INFO - Sync 1 DAGs
[2023-11-21T10:07:22.682+0300] {logging_mixin.py:117} INFO - [2023-11-21T10:07:22.682+0300] {dag.py:3324} INFO - Setting next_dagrun for example_branch_python_operator_decorator to 2023-11-20T00:00:00+00:00, run_after=2023-11-21T00:00:00+00:00
[2023-11-21T10:07:22.768+0300] {processor.py:178} INFO - Processing /home/user/Masaüstü/kafka/.env/lib/python3.8/site-packages/airflow/example_dags/example_branch_operator_decorator.py took 0.180 seconds
[2023-11-21T10:08:00.562+0300] {processor.py:156} INFO - Started process (PID=31282) to work on /home/user/Masaüstü/kafka/.env/lib/python3.8/site-packages/airflow/example_dags/example_branch_operator_decorator.py
[2023-11-21T10:08:00.564+0300] {processor.py:758} INFO - Processing file /home/user/Masaüstü/kafka/.env/lib/python3.8/site-packages/airflow/example_dags/example_branch_operator_decorator.py for tasks to queue
[2023-11-21T10:08:00.564+0300] {logging_mixin.py:117} INFO - [2023-11-21T10:08:00.564+0300] {dagbag.py:525} INFO - Filling up the DagBag from /home/user/Masaüstü/kafka/.env/lib/python3.8/site-packages/airflow/example_dags/example_branch_operator_decorator.py
[2023-11-21T10:08:00.584+0300] {processor.py:768} INFO - DAG(s) dict_keys(['example_branch_python_operator_decorator']) retrieved from /home/user/Masaüstü/kafka/.env/lib/python3.8/site-packages/airflow/example_dags/example_branch_operator_decorator.py
[2023-11-21T10:08:00.602+0300] {logging_mixin.py:117} INFO - [2023-11-21T10:08:00.602+0300] {dag.py:2573} INFO - Sync 1 DAGs
[2023-11-21T10:08:00.618+0300] {logging_mixin.py:117} INFO - [2023-11-21T10:08:00.617+0300] {dag.py:3324} INFO - Setting next_dagrun for example_branch_python_operator_decorator to 2023-11-20T00:00:00+00:00, run_after=2023-11-21T00:00:00+00:00
[2023-11-21T10:08:00.635+0300] {processor.py:178} INFO - Processing /home/user/Masaüstü/kafka/.env/lib/python3.8/site-packages/airflow/example_dags/example_branch_operator_decorator.py took 0.076 seconds
[2023-11-21T10:08:38.865+0300] {processor.py:156} INFO - Started process (PID=31548) to work on /home/user/Masaüstü/kafka/.env/lib/python3.8/site-packages/airflow/example_dags/example_branch_operator_decorator.py
[2023-11-21T10:08:38.867+0300] {processor.py:758} INFO - Processing file /home/user/Masaüstü/kafka/.env/lib/python3.8/site-packages/airflow/example_dags/example_branch_operator_decorator.py for tasks to queue
[2023-11-21T10:08:38.868+0300] {logging_mixin.py:117} INFO - [2023-11-21T10:08:38.868+0300] {dagbag.py:525} INFO - Filling up the DagBag from /home/user/Masaüstü/kafka/.env/lib/python3.8/site-packages/airflow/example_dags/example_branch_operator_decorator.py
[2023-11-21T10:08:38.899+0300] {processor.py:768} INFO - DAG(s) dict_keys(['example_branch_python_operator_decorator']) retrieved from /home/user/Masaüstü/kafka/.env/lib/python3.8/site-packages/airflow/example_dags/example_branch_operator_decorator.py
[2023-11-21T10:08:38.917+0300] {logging_mixin.py:117} INFO - [2023-11-21T10:08:38.917+0300] {dag.py:2573} INFO - Sync 1 DAGs
[2023-11-21T10:08:38.932+0300] {logging_mixin.py:117} INFO - [2023-11-21T10:08:38.932+0300] {dag.py:3324} INFO - Setting next_dagrun for example_branch_python_operator_decorator to 2023-11-20T00:00:00+00:00, run_after=2023-11-21T00:00:00+00:00
[2023-11-21T10:08:38.949+0300] {processor.py:178} INFO - Processing /home/user/Masaüstü/kafka/.env/lib/python3.8/site-packages/airflow/example_dags/example_branch_operator_decorator.py took 0.087 seconds
[2023-11-21T10:09:17.058+0300] {processor.py:156} INFO - Started process (PID=31848) to work on /home/user/Masaüstü/kafka/.env/lib/python3.8/site-packages/airflow/example_dags/example_branch_operator_decorator.py
[2023-11-21T10:09:17.061+0300] {processor.py:758} INFO - Processing file /home/user/Masaüstü/kafka/.env/lib/python3.8/site-packages/airflow/example_dags/example_branch_operator_decorator.py for tasks to queue
[2023-11-21T10:09:17.062+0300] {logging_mixin.py:117} INFO - [2023-11-21T10:09:17.062+0300] {dagbag.py:525} INFO - Filling up the DagBag from /home/user/Masaüstü/kafka/.env/lib/python3.8/site-packages/airflow/example_dags/example_branch_operator_decorator.py
[2023-11-21T10:09:17.097+0300] {processor.py:768} INFO - DAG(s) dict_keys(['example_branch_python_operator_decorator']) retrieved from /home/user/Masaüstü/kafka/.env/lib/python3.8/site-packages/airflow/example_dags/example_branch_operator_decorator.py
[2023-11-21T10:09:17.134+0300] {logging_mixin.py:117} INFO - [2023-11-21T10:09:17.134+0300] {dag.py:2573} INFO - Sync 1 DAGs
[2023-11-21T10:09:17.172+0300] {logging_mixin.py:117} INFO - [2023-11-21T10:09:17.171+0300] {dag.py:3324} INFO - Setting next_dagrun for example_branch_python_operator_decorator to 2023-11-20T00:00:00+00:00, run_after=2023-11-21T00:00:00+00:00
[2023-11-21T10:09:17.217+0300] {processor.py:178} INFO - Processing /home/user/Masaüstü/kafka/.env/lib/python3.8/site-packages/airflow/example_dags/example_branch_operator_decorator.py took 0.161 seconds
[2023-11-21T10:09:58.890+0300] {processor.py:156} INFO - Started process (PID=32486) to work on /home/user/Masaüstü/kafka/.env/lib/python3.8/site-packages/airflow/example_dags/example_branch_operator_decorator.py
[2023-11-21T10:09:58.893+0300] {processor.py:758} INFO - Processing file /home/user/Masaüstü/kafka/.env/lib/python3.8/site-packages/airflow/example_dags/example_branch_operator_decorator.py for tasks to queue
[2023-11-21T10:09:58.895+0300] {logging_mixin.py:117} INFO - [2023-11-21T10:09:58.895+0300] {dagbag.py:525} INFO - Filling up the DagBag from /home/user/Masaüstü/kafka/.env/lib/python3.8/site-packages/airflow/example_dags/example_branch_operator_decorator.py
[2023-11-21T10:09:58.927+0300] {processor.py:768} INFO - DAG(s) dict_keys(['example_branch_python_operator_decorator']) retrieved from /home/user/Masaüstü/kafka/.env/lib/python3.8/site-packages/airflow/example_dags/example_branch_operator_decorator.py
[2023-11-21T10:09:58.947+0300] {logging_mixin.py:117} INFO - [2023-11-21T10:09:58.946+0300] {dag.py:2573} INFO - Sync 1 DAGs
[2023-11-21T10:09:58.966+0300] {logging_mixin.py:117} INFO - [2023-11-21T10:09:58.965+0300] {dag.py:3324} INFO - Setting next_dagrun for example_branch_python_operator_decorator to 2023-11-20T00:00:00+00:00, run_after=2023-11-21T00:00:00+00:00
[2023-11-21T10:09:58.985+0300] {processor.py:178} INFO - Processing /home/user/Masaüstü/kafka/.env/lib/python3.8/site-packages/airflow/example_dags/example_branch_operator_decorator.py took 0.100 seconds
[2023-11-21T10:10:50.923+0300] {processor.py:156} INFO - Started process (PID=33213) to work on /home/user/Masaüstü/kafka/.env/lib/python3.8/site-packages/airflow/example_dags/example_branch_operator_decorator.py
[2023-11-21T10:10:50.925+0300] {processor.py:758} INFO - Processing file /home/user/Masaüstü/kafka/.env/lib/python3.8/site-packages/airflow/example_dags/example_branch_operator_decorator.py for tasks to queue
[2023-11-21T10:10:50.925+0300] {logging_mixin.py:117} INFO - [2023-11-21T10:10:50.925+0300] {dagbag.py:525} INFO - Filling up the DagBag from /home/user/Masaüstü/kafka/.env/lib/python3.8/site-packages/airflow/example_dags/example_branch_operator_decorator.py
[2023-11-21T10:10:50.949+0300] {processor.py:768} INFO - DAG(s) dict_keys(['example_branch_python_operator_decorator']) retrieved from /home/user/Masaüstü/kafka/.env/lib/python3.8/site-packages/airflow/example_dags/example_branch_operator_decorator.py
[2023-11-21T10:10:50.974+0300] {logging_mixin.py:117} INFO - [2023-11-21T10:10:50.974+0300] {dag.py:2573} INFO - Sync 1 DAGs
[2023-11-21T10:10:50.991+0300] {logging_mixin.py:117} INFO - [2023-11-21T10:10:50.991+0300] {dag.py:3324} INFO - Setting next_dagrun for example_branch_python_operator_decorator to 2023-11-20T00:00:00+00:00, run_after=2023-11-21T00:00:00+00:00
[2023-11-21T10:10:51.010+0300] {processor.py:178} INFO - Processing /home/user/Masaüstü/kafka/.env/lib/python3.8/site-packages/airflow/example_dags/example_branch_operator_decorator.py took 0.090 seconds
[2023-11-21T10:11:28.522+0300] {processor.py:156} INFO - Started process (PID=33473) to work on /home/user/Masaüstü/kafka/.env/lib/python3.8/site-packages/airflow/example_dags/example_branch_operator_decorator.py
[2023-11-21T10:11:28.524+0300] {processor.py:758} INFO - Processing file /home/user/Masaüstü/kafka/.env/lib/python3.8/site-packages/airflow/example_dags/example_branch_operator_decorator.py for tasks to queue
[2023-11-21T10:11:28.526+0300] {logging_mixin.py:117} INFO - [2023-11-21T10:11:28.526+0300] {dagbag.py:525} INFO - Filling up the DagBag from /home/user/Masaüstü/kafka/.env/lib/python3.8/site-packages/airflow/example_dags/example_branch_operator_decorator.py
[2023-11-21T10:11:28.567+0300] {processor.py:768} INFO - DAG(s) dict_keys(['example_branch_python_operator_decorator']) retrieved from /home/user/Masaüstü/kafka/.env/lib/python3.8/site-packages/airflow/example_dags/example_branch_operator_decorator.py
[2023-11-21T10:11:28.586+0300] {logging_mixin.py:117} INFO - [2023-11-21T10:11:28.586+0300] {dag.py:2573} INFO - Sync 1 DAGs
[2023-11-21T10:11:28.601+0300] {logging_mixin.py:117} INFO - [2023-11-21T10:11:28.601+0300] {dag.py:3324} INFO - Setting next_dagrun for example_branch_python_operator_decorator to 2023-11-20T00:00:00+00:00, run_after=2023-11-21T00:00:00+00:00
[2023-11-21T10:11:28.617+0300] {processor.py:178} INFO - Processing /home/user/Masaüstü/kafka/.env/lib/python3.8/site-packages/airflow/example_dags/example_branch_operator_decorator.py took 0.100 seconds
[2023-11-21T10:12:06.045+0300] {processor.py:156} INFO - Started process (PID=33716) to work on /home/user/Masaüstü/kafka/.env/lib/python3.8/site-packages/airflow/example_dags/example_branch_operator_decorator.py
[2023-11-21T10:12:06.047+0300] {processor.py:758} INFO - Processing file /home/user/Masaüstü/kafka/.env/lib/python3.8/site-packages/airflow/example_dags/example_branch_operator_decorator.py for tasks to queue
[2023-11-21T10:12:06.048+0300] {logging_mixin.py:117} INFO - [2023-11-21T10:12:06.048+0300] {dagbag.py:525} INFO - Filling up the DagBag from /home/user/Masaüstü/kafka/.env/lib/python3.8/site-packages/airflow/example_dags/example_branch_operator_decorator.py
[2023-11-21T10:12:06.079+0300] {processor.py:768} INFO - DAG(s) dict_keys(['example_branch_python_operator_decorator']) retrieved from /home/user/Masaüstü/kafka/.env/lib/python3.8/site-packages/airflow/example_dags/example_branch_operator_decorator.py
[2023-11-21T10:12:06.102+0300] {logging_mixin.py:117} INFO - [2023-11-21T10:12:06.101+0300] {dag.py:2573} INFO - Sync 1 DAGs
[2023-11-21T10:12:06.117+0300] {logging_mixin.py:117} INFO - [2023-11-21T10:12:06.117+0300] {dag.py:3324} INFO - Setting next_dagrun for example_branch_python_operator_decorator to 2023-11-20T00:00:00+00:00, run_after=2023-11-21T00:00:00+00:00
[2023-11-21T10:12:06.136+0300] {processor.py:178} INFO - Processing /home/user/Masaüstü/kafka/.env/lib/python3.8/site-packages/airflow/example_dags/example_branch_operator_decorator.py took 0.094 seconds
[2023-11-21T10:12:45.107+0300] {processor.py:156} INFO - Started process (PID=33941) to work on /home/user/Masaüstü/kafka/.env/lib/python3.8/site-packages/airflow/example_dags/example_branch_operator_decorator.py
[2023-11-21T10:12:45.109+0300] {processor.py:758} INFO - Processing file /home/user/Masaüstü/kafka/.env/lib/python3.8/site-packages/airflow/example_dags/example_branch_operator_decorator.py for tasks to queue
[2023-11-21T10:12:45.109+0300] {logging_mixin.py:117} INFO - [2023-11-21T10:12:45.109+0300] {dagbag.py:525} INFO - Filling up the DagBag from /home/user/Masaüstü/kafka/.env/lib/python3.8/site-packages/airflow/example_dags/example_branch_operator_decorator.py
[2023-11-21T10:12:45.137+0300] {processor.py:768} INFO - DAG(s) dict_keys(['example_branch_python_operator_decorator']) retrieved from /home/user/Masaüstü/kafka/.env/lib/python3.8/site-packages/airflow/example_dags/example_branch_operator_decorator.py
[2023-11-21T10:12:45.155+0300] {logging_mixin.py:117} INFO - [2023-11-21T10:12:45.155+0300] {dag.py:2573} INFO - Sync 1 DAGs
[2023-11-21T10:12:45.171+0300] {logging_mixin.py:117} INFO - [2023-11-21T10:12:45.171+0300] {dag.py:3324} INFO - Setting next_dagrun for example_branch_python_operator_decorator to 2023-11-20T00:00:00+00:00, run_after=2023-11-21T00:00:00+00:00
[2023-11-21T10:12:45.191+0300] {processor.py:178} INFO - Processing /home/user/Masaüstü/kafka/.env/lib/python3.8/site-packages/airflow/example_dags/example_branch_operator_decorator.py took 0.087 seconds
[2023-11-21T10:13:22.815+0300] {processor.py:156} INFO - Started process (PID=34206) to work on /home/user/Masaüstü/kafka/.env/lib/python3.8/site-packages/airflow/example_dags/example_branch_operator_decorator.py
[2023-11-21T10:13:22.815+0300] {processor.py:758} INFO - Processing file /home/user/Masaüstü/kafka/.env/lib/python3.8/site-packages/airflow/example_dags/example_branch_operator_decorator.py for tasks to queue
[2023-11-21T10:13:22.816+0300] {logging_mixin.py:117} INFO - [2023-11-21T10:13:22.816+0300] {dagbag.py:525} INFO - Filling up the DagBag from /home/user/Masaüstü/kafka/.env/lib/python3.8/site-packages/airflow/example_dags/example_branch_operator_decorator.py
[2023-11-21T10:13:22.835+0300] {processor.py:768} INFO - DAG(s) dict_keys(['example_branch_python_operator_decorator']) retrieved from /home/user/Masaüstü/kafka/.env/lib/python3.8/site-packages/airflow/example_dags/example_branch_operator_decorator.py
[2023-11-21T10:13:22.853+0300] {logging_mixin.py:117} INFO - [2023-11-21T10:13:22.852+0300] {dag.py:2573} INFO - Sync 1 DAGs
[2023-11-21T10:13:22.868+0300] {logging_mixin.py:117} INFO - [2023-11-21T10:13:22.868+0300] {dag.py:3324} INFO - Setting next_dagrun for example_branch_python_operator_decorator to 2023-11-20T00:00:00+00:00, run_after=2023-11-21T00:00:00+00:00
[2023-11-21T10:13:22.886+0300] {processor.py:178} INFO - Processing /home/user/Masaüstü/kafka/.env/lib/python3.8/site-packages/airflow/example_dags/example_branch_operator_decorator.py took 0.073 seconds
[2023-11-21T10:14:15.399+0300] {processor.py:156} INFO - Started process (PID=34971) to work on /home/user/Masaüstü/kafka/.env/lib/python3.8/site-packages/airflow/example_dags/example_branch_operator_decorator.py
[2023-11-21T10:14:15.400+0300] {processor.py:758} INFO - Processing file /home/user/Masaüstü/kafka/.env/lib/python3.8/site-packages/airflow/example_dags/example_branch_operator_decorator.py for tasks to queue
[2023-11-21T10:14:15.401+0300] {logging_mixin.py:117} INFO - [2023-11-21T10:14:15.400+0300] {dagbag.py:525} INFO - Filling up the DagBag from /home/user/Masaüstü/kafka/.env/lib/python3.8/site-packages/airflow/example_dags/example_branch_operator_decorator.py
[2023-11-21T10:14:15.427+0300] {processor.py:768} INFO - DAG(s) dict_keys(['example_branch_python_operator_decorator']) retrieved from /home/user/Masaüstü/kafka/.env/lib/python3.8/site-packages/airflow/example_dags/example_branch_operator_decorator.py
[2023-11-21T10:14:15.452+0300] {logging_mixin.py:117} INFO - [2023-11-21T10:14:15.452+0300] {dag.py:2573} INFO - Sync 1 DAGs
[2023-11-21T10:14:15.474+0300] {logging_mixin.py:117} INFO - [2023-11-21T10:14:15.474+0300] {dag.py:3324} INFO - Setting next_dagrun for example_branch_python_operator_decorator to 2023-11-20T00:00:00+00:00, run_after=2023-11-21T00:00:00+00:00
[2023-11-21T10:14:15.494+0300] {processor.py:178} INFO - Processing /home/user/Masaüstü/kafka/.env/lib/python3.8/site-packages/airflow/example_dags/example_branch_operator_decorator.py took 0.097 seconds
[2023-11-21T10:14:52.792+0300] {processor.py:156} INFO - Started process (PID=35352) to work on /home/user/Masaüstü/kafka/.env/lib/python3.8/site-packages/airflow/example_dags/example_branch_operator_decorator.py
[2023-11-21T10:14:52.792+0300] {processor.py:758} INFO - Processing file /home/user/Masaüstü/kafka/.env/lib/python3.8/site-packages/airflow/example_dags/example_branch_operator_decorator.py for tasks to queue
[2023-11-21T10:14:52.793+0300] {logging_mixin.py:117} INFO - [2023-11-21T10:14:52.793+0300] {dagbag.py:525} INFO - Filling up the DagBag from /home/user/Masaüstü/kafka/.env/lib/python3.8/site-packages/airflow/example_dags/example_branch_operator_decorator.py
[2023-11-21T10:14:52.812+0300] {processor.py:768} INFO - DAG(s) dict_keys(['example_branch_python_operator_decorator']) retrieved from /home/user/Masaüstü/kafka/.env/lib/python3.8/site-packages/airflow/example_dags/example_branch_operator_decorator.py
[2023-11-21T10:14:52.830+0300] {logging_mixin.py:117} INFO - [2023-11-21T10:14:52.830+0300] {dag.py:2573} INFO - Sync 1 DAGs
[2023-11-21T10:14:52.846+0300] {logging_mixin.py:117} INFO - [2023-11-21T10:14:52.846+0300] {dag.py:3324} INFO - Setting next_dagrun for example_branch_python_operator_decorator to 2023-11-20T00:00:00+00:00, run_after=2023-11-21T00:00:00+00:00
[2023-11-21T10:14:52.863+0300] {processor.py:178} INFO - Processing /home/user/Masaüstü/kafka/.env/lib/python3.8/site-packages/airflow/example_dags/example_branch_operator_decorator.py took 0.073 seconds
[2023-11-21T10:15:29.988+0300] {processor.py:156} INFO - Started process (PID=35655) to work on /home/user/Masaüstü/kafka/.env/lib/python3.8/site-packages/airflow/example_dags/example_branch_operator_decorator.py
[2023-11-21T10:15:29.989+0300] {processor.py:758} INFO - Processing file /home/user/Masaüstü/kafka/.env/lib/python3.8/site-packages/airflow/example_dags/example_branch_operator_decorator.py for tasks to queue
[2023-11-21T10:15:29.989+0300] {logging_mixin.py:117} INFO - [2023-11-21T10:15:29.989+0300] {dagbag.py:525} INFO - Filling up the DagBag from /home/user/Masaüstü/kafka/.env/lib/python3.8/site-packages/airflow/example_dags/example_branch_operator_decorator.py
[2023-11-21T10:15:30.008+0300] {processor.py:768} INFO - DAG(s) dict_keys(['example_branch_python_operator_decorator']) retrieved from /home/user/Masaüstü/kafka/.env/lib/python3.8/site-packages/airflow/example_dags/example_branch_operator_decorator.py
[2023-11-21T10:15:30.026+0300] {logging_mixin.py:117} INFO - [2023-11-21T10:15:30.026+0300] {dag.py:2573} INFO - Sync 1 DAGs
[2023-11-21T10:15:30.044+0300] {logging_mixin.py:117} INFO - [2023-11-21T10:15:30.044+0300] {dag.py:3324} INFO - Setting next_dagrun for example_branch_python_operator_decorator to 2023-11-20T00:00:00+00:00, run_after=2023-11-21T00:00:00+00:00
[2023-11-21T10:15:30.072+0300] {processor.py:178} INFO - Processing /home/user/Masaüstü/kafka/.env/lib/python3.8/site-packages/airflow/example_dags/example_branch_operator_decorator.py took 0.085 seconds
[2023-11-21T10:16:07.215+0300] {processor.py:156} INFO - Started process (PID=35896) to work on /home/user/Masaüstü/kafka/.env/lib/python3.8/site-packages/airflow/example_dags/example_branch_operator_decorator.py
[2023-11-21T10:16:07.216+0300] {processor.py:758} INFO - Processing file /home/user/Masaüstü/kafka/.env/lib/python3.8/site-packages/airflow/example_dags/example_branch_operator_decorator.py for tasks to queue
[2023-11-21T10:16:07.217+0300] {logging_mixin.py:117} INFO - [2023-11-21T10:16:07.217+0300] {dagbag.py:525} INFO - Filling up the DagBag from /home/user/Masaüstü/kafka/.env/lib/python3.8/site-packages/airflow/example_dags/example_branch_operator_decorator.py
[2023-11-21T10:16:07.249+0300] {processor.py:768} INFO - DAG(s) dict_keys(['example_branch_python_operator_decorator']) retrieved from /home/user/Masaüstü/kafka/.env/lib/python3.8/site-packages/airflow/example_dags/example_branch_operator_decorator.py
[2023-11-21T10:16:07.270+0300] {logging_mixin.py:117} INFO - [2023-11-21T10:16:07.270+0300] {dag.py:2573} INFO - Sync 1 DAGs
[2023-11-21T10:16:07.286+0300] {logging_mixin.py:117} INFO - [2023-11-21T10:16:07.286+0300] {dag.py:3324} INFO - Setting next_dagrun for example_branch_python_operator_decorator to 2023-11-20T00:00:00+00:00, run_after=2023-11-21T00:00:00+00:00
[2023-11-21T10:16:07.304+0300] {processor.py:178} INFO - Processing /home/user/Masaüstü/kafka/.env/lib/python3.8/site-packages/airflow/example_dags/example_branch_operator_decorator.py took 0.092 seconds
[2023-11-21T10:16:45.444+0300] {processor.py:156} INFO - Started process (PID=36141) to work on /home/user/Masaüstü/kafka/.env/lib/python3.8/site-packages/airflow/example_dags/example_branch_operator_decorator.py
[2023-11-21T10:16:45.447+0300] {processor.py:758} INFO - Processing file /home/user/Masaüstü/kafka/.env/lib/python3.8/site-packages/airflow/example_dags/example_branch_operator_decorator.py for tasks to queue
[2023-11-21T10:16:45.449+0300] {logging_mixin.py:117} INFO - [2023-11-21T10:16:45.449+0300] {dagbag.py:525} INFO - Filling up the DagBag from /home/user/Masaüstü/kafka/.env/lib/python3.8/site-packages/airflow/example_dags/example_branch_operator_decorator.py
[2023-11-21T10:16:45.481+0300] {processor.py:768} INFO - DAG(s) dict_keys(['example_branch_python_operator_decorator']) retrieved from /home/user/Masaüstü/kafka/.env/lib/python3.8/site-packages/airflow/example_dags/example_branch_operator_decorator.py
[2023-11-21T10:16:45.500+0300] {logging_mixin.py:117} INFO - [2023-11-21T10:16:45.499+0300] {dag.py:2573} INFO - Sync 1 DAGs
[2023-11-21T10:16:45.517+0300] {logging_mixin.py:117} INFO - [2023-11-21T10:16:45.516+0300] {dag.py:3324} INFO - Setting next_dagrun for example_branch_python_operator_decorator to 2023-11-20T00:00:00+00:00, run_after=2023-11-21T00:00:00+00:00
[2023-11-21T10:16:45.535+0300] {processor.py:178} INFO - Processing /home/user/Masaüstü/kafka/.env/lib/python3.8/site-packages/airflow/example_dags/example_branch_operator_decorator.py took 0.098 seconds
[2023-11-21T10:17:23.255+0300] {processor.py:156} INFO - Started process (PID=36408) to work on /home/user/Masaüstü/kafka/.env/lib/python3.8/site-packages/airflow/example_dags/example_branch_operator_decorator.py
[2023-11-21T10:17:23.258+0300] {processor.py:758} INFO - Processing file /home/user/Masaüstü/kafka/.env/lib/python3.8/site-packages/airflow/example_dags/example_branch_operator_decorator.py for tasks to queue
[2023-11-21T10:17:23.261+0300] {logging_mixin.py:117} INFO - [2023-11-21T10:17:23.260+0300] {dagbag.py:525} INFO - Filling up the DagBag from /home/user/Masaüstü/kafka/.env/lib/python3.8/site-packages/airflow/example_dags/example_branch_operator_decorator.py
[2023-11-21T10:17:23.304+0300] {processor.py:768} INFO - DAG(s) dict_keys(['example_branch_python_operator_decorator']) retrieved from /home/user/Masaüstü/kafka/.env/lib/python3.8/site-packages/airflow/example_dags/example_branch_operator_decorator.py
[2023-11-21T10:17:23.344+0300] {logging_mixin.py:117} INFO - [2023-11-21T10:17:23.343+0300] {dag.py:2573} INFO - Sync 1 DAGs
[2023-11-21T10:17:23.365+0300] {logging_mixin.py:117} INFO - [2023-11-21T10:17:23.365+0300] {dag.py:3324} INFO - Setting next_dagrun for example_branch_python_operator_decorator to 2023-11-20T00:00:00+00:00, run_after=2023-11-21T00:00:00+00:00
[2023-11-21T10:17:23.399+0300] {processor.py:178} INFO - Processing /home/user/Masaüstü/kafka/.env/lib/python3.8/site-packages/airflow/example_dags/example_branch_operator_decorator.py took 0.146 seconds
[2023-11-21T10:18:00.663+0300] {processor.py:156} INFO - Started process (PID=36663) to work on /home/user/Masaüstü/kafka/.env/lib/python3.8/site-packages/airflow/example_dags/example_branch_operator_decorator.py
[2023-11-21T10:18:00.665+0300] {processor.py:758} INFO - Processing file /home/user/Masaüstü/kafka/.env/lib/python3.8/site-packages/airflow/example_dags/example_branch_operator_decorator.py for tasks to queue
[2023-11-21T10:18:00.666+0300] {logging_mixin.py:117} INFO - [2023-11-21T10:18:00.666+0300] {dagbag.py:525} INFO - Filling up the DagBag from /home/user/Masaüstü/kafka/.env/lib/python3.8/site-packages/airflow/example_dags/example_branch_operator_decorator.py
[2023-11-21T10:18:00.689+0300] {processor.py:768} INFO - DAG(s) dict_keys(['example_branch_python_operator_decorator']) retrieved from /home/user/Masaüstü/kafka/.env/lib/python3.8/site-packages/airflow/example_dags/example_branch_operator_decorator.py
[2023-11-21T10:18:00.707+0300] {logging_mixin.py:117} INFO - [2023-11-21T10:18:00.706+0300] {dag.py:2573} INFO - Sync 1 DAGs
[2023-11-21T10:18:00.723+0300] {logging_mixin.py:117} INFO - [2023-11-21T10:18:00.723+0300] {dag.py:3324} INFO - Setting next_dagrun for example_branch_python_operator_decorator to 2023-11-20T00:00:00+00:00, run_after=2023-11-21T00:00:00+00:00
[2023-11-21T10:18:00.749+0300] {processor.py:178} INFO - Processing /home/user/Masaüstü/kafka/.env/lib/python3.8/site-packages/airflow/example_dags/example_branch_operator_decorator.py took 0.087 seconds
[2023-11-21T10:18:38.829+0300] {processor.py:156} INFO - Started process (PID=36927) to work on /home/user/Masaüstü/kafka/.env/lib/python3.8/site-packages/airflow/example_dags/example_branch_operator_decorator.py
[2023-11-21T10:18:38.833+0300] {processor.py:758} INFO - Processing file /home/user/Masaüstü/kafka/.env/lib/python3.8/site-packages/airflow/example_dags/example_branch_operator_decorator.py for tasks to queue
[2023-11-21T10:18:38.835+0300] {logging_mixin.py:117} INFO - [2023-11-21T10:18:38.834+0300] {dagbag.py:525} INFO - Filling up the DagBag from /home/user/Masaüstü/kafka/.env/lib/python3.8/site-packages/airflow/example_dags/example_branch_operator_decorator.py
[2023-11-21T10:18:38.868+0300] {processor.py:768} INFO - DAG(s) dict_keys(['example_branch_python_operator_decorator']) retrieved from /home/user/Masaüstü/kafka/.env/lib/python3.8/site-packages/airflow/example_dags/example_branch_operator_decorator.py
[2023-11-21T10:18:38.886+0300] {logging_mixin.py:117} INFO - [2023-11-21T10:18:38.886+0300] {dag.py:2573} INFO - Sync 1 DAGs
[2023-11-21T10:18:38.903+0300] {logging_mixin.py:117} INFO - [2023-11-21T10:18:38.903+0300] {dag.py:3324} INFO - Setting next_dagrun for example_branch_python_operator_decorator to 2023-11-20T00:00:00+00:00, run_after=2023-11-21T00:00:00+00:00
[2023-11-21T10:18:38.920+0300] {processor.py:178} INFO - Processing /home/user/Masaüstü/kafka/.env/lib/python3.8/site-packages/airflow/example_dags/example_branch_operator_decorator.py took 0.097 seconds
[2023-11-21T10:19:17.778+0300] {processor.py:156} INFO - Started process (PID=37172) to work on /home/user/Masaüstü/kafka/.env/lib/python3.8/site-packages/airflow/example_dags/example_branch_operator_decorator.py
[2023-11-21T10:19:17.780+0300] {processor.py:758} INFO - Processing file /home/user/Masaüstü/kafka/.env/lib/python3.8/site-packages/airflow/example_dags/example_branch_operator_decorator.py for tasks to queue
[2023-11-21T10:19:17.781+0300] {logging_mixin.py:117} INFO - [2023-11-21T10:19:17.781+0300] {dagbag.py:525} INFO - Filling up the DagBag from /home/user/Masaüstü/kafka/.env/lib/python3.8/site-packages/airflow/example_dags/example_branch_operator_decorator.py
[2023-11-21T10:19:17.804+0300] {processor.py:768} INFO - DAG(s) dict_keys(['example_branch_python_operator_decorator']) retrieved from /home/user/Masaüstü/kafka/.env/lib/python3.8/site-packages/airflow/example_dags/example_branch_operator_decorator.py
[2023-11-21T10:19:17.829+0300] {logging_mixin.py:117} INFO - [2023-11-21T10:19:17.828+0300] {dag.py:2573} INFO - Sync 1 DAGs
[2023-11-21T10:19:17.844+0300] {logging_mixin.py:117} INFO - [2023-11-21T10:19:17.844+0300] {dag.py:3324} INFO - Setting next_dagrun for example_branch_python_operator_decorator to 2023-11-20T00:00:00+00:00, run_after=2023-11-21T00:00:00+00:00
[2023-11-21T10:19:17.863+0300] {processor.py:178} INFO - Processing /home/user/Masaüstü/kafka/.env/lib/python3.8/site-packages/airflow/example_dags/example_branch_operator_decorator.py took 0.087 seconds
[2023-11-21T10:19:56.142+0300] {processor.py:156} INFO - Started process (PID=37548) to work on /home/user/Masaüstü/kafka/.env/lib/python3.8/site-packages/airflow/example_dags/example_branch_operator_decorator.py
[2023-11-21T10:19:56.143+0300] {processor.py:758} INFO - Processing file /home/user/Masaüstü/kafka/.env/lib/python3.8/site-packages/airflow/example_dags/example_branch_operator_decorator.py for tasks to queue
[2023-11-21T10:19:56.144+0300] {logging_mixin.py:117} INFO - [2023-11-21T10:19:56.144+0300] {dagbag.py:525} INFO - Filling up the DagBag from /home/user/Masaüstü/kafka/.env/lib/python3.8/site-packages/airflow/example_dags/example_branch_operator_decorator.py
[2023-11-21T10:19:56.173+0300] {processor.py:768} INFO - DAG(s) dict_keys(['example_branch_python_operator_decorator']) retrieved from /home/user/Masaüstü/kafka/.env/lib/python3.8/site-packages/airflow/example_dags/example_branch_operator_decorator.py
[2023-11-21T10:19:56.195+0300] {logging_mixin.py:117} INFO - [2023-11-21T10:19:56.195+0300] {dag.py:2573} INFO - Sync 1 DAGs
[2023-11-21T10:19:56.214+0300] {logging_mixin.py:117} INFO - [2023-11-21T10:19:56.214+0300] {dag.py:3324} INFO - Setting next_dagrun for example_branch_python_operator_decorator to 2023-11-20T00:00:00+00:00, run_after=2023-11-21T00:00:00+00:00
[2023-11-21T10:19:56.356+0300] {processor.py:178} INFO - Processing /home/user/Masaüstü/kafka/.env/lib/python3.8/site-packages/airflow/example_dags/example_branch_operator_decorator.py took 0.216 seconds
