[2023-11-21T09:51:40.473+0300] {processor.py:156} INFO - Started process (PID=23752) to work on /home/user/Masaüstü/kafka/.env/lib/python3.8/site-packages/airflow/example_dags/example_branch_python_dop_operator_3.py
[2023-11-21T09:51:40.474+0300] {processor.py:758} INFO - Processing file /home/user/Masaüstü/kafka/.env/lib/python3.8/site-packages/airflow/example_dags/example_branch_python_dop_operator_3.py for tasks to queue
[2023-11-21T09:51:40.474+0300] {logging_mixin.py:117} INFO - [2023-11-21T09:51:40.474+0300] {dagbag.py:525} INFO - Filling up the DagBag from /home/user/Masaüstü/kafka/.env/lib/python3.8/site-packages/airflow/example_dags/example_branch_python_dop_operator_3.py
[2023-11-21T09:51:40.519+0300] {processor.py:768} INFO - DAG(s) dict_keys(['example_branch_dop_operator_v3']) retrieved from /home/user/Masaüstü/kafka/.env/lib/python3.8/site-packages/airflow/example_dags/example_branch_python_dop_operator_3.py
[2023-11-21T09:51:40.538+0300] {logging_mixin.py:117} INFO - [2023-11-21T09:51:40.538+0300] {dag.py:2573} INFO - Sync 1 DAGs
[2023-11-21T09:51:40.575+0300] {logging_mixin.py:117} INFO - [2023-11-21T09:51:40.575+0300] {dag.py:3324} INFO - Setting next_dagrun for example_branch_dop_operator_v3 to 2023-11-21T06:50:00+00:00, run_after=2023-11-21T06:51:00+00:00
[2023-11-21T09:51:40.618+0300] {processor.py:178} INFO - Processing /home/user/Masaüstü/kafka/.env/lib/python3.8/site-packages/airflow/example_dags/example_branch_python_dop_operator_3.py took 0.152 seconds
[2023-11-21T09:52:18.170+0300] {processor.py:156} INFO - Started process (PID=24104) to work on /home/user/Masaüstü/kafka/.env/lib/python3.8/site-packages/airflow/example_dags/example_branch_python_dop_operator_3.py
[2023-11-21T09:52:18.172+0300] {processor.py:758} INFO - Processing file /home/user/Masaüstü/kafka/.env/lib/python3.8/site-packages/airflow/example_dags/example_branch_python_dop_operator_3.py for tasks to queue
[2023-11-21T09:52:18.172+0300] {logging_mixin.py:117} INFO - [2023-11-21T09:52:18.172+0300] {dagbag.py:525} INFO - Filling up the DagBag from /home/user/Masaüstü/kafka/.env/lib/python3.8/site-packages/airflow/example_dags/example_branch_python_dop_operator_3.py
[2023-11-21T09:52:18.191+0300] {processor.py:768} INFO - DAG(s) dict_keys(['example_branch_dop_operator_v3']) retrieved from /home/user/Masaüstü/kafka/.env/lib/python3.8/site-packages/airflow/example_dags/example_branch_python_dop_operator_3.py
[2023-11-21T09:52:18.208+0300] {logging_mixin.py:117} INFO - [2023-11-21T09:52:18.208+0300] {dag.py:2573} INFO - Sync 1 DAGs
[2023-11-21T09:52:18.225+0300] {logging_mixin.py:117} INFO - [2023-11-21T09:52:18.225+0300] {dag.py:3324} INFO - Setting next_dagrun for example_branch_dop_operator_v3 to 2023-11-21T06:51:00+00:00, run_after=2023-11-21T06:52:00+00:00
[2023-11-21T09:52:18.243+0300] {processor.py:178} INFO - Processing /home/user/Masaüstü/kafka/.env/lib/python3.8/site-packages/airflow/example_dags/example_branch_python_dop_operator_3.py took 0.075 seconds
[2023-11-21T09:52:55.342+0300] {processor.py:156} INFO - Started process (PID=24511) to work on /home/user/Masaüstü/kafka/.env/lib/python3.8/site-packages/airflow/example_dags/example_branch_python_dop_operator_3.py
[2023-11-21T09:52:55.343+0300] {processor.py:758} INFO - Processing file /home/user/Masaüstü/kafka/.env/lib/python3.8/site-packages/airflow/example_dags/example_branch_python_dop_operator_3.py for tasks to queue
[2023-11-21T09:52:55.344+0300] {logging_mixin.py:117} INFO - [2023-11-21T09:52:55.343+0300] {dagbag.py:525} INFO - Filling up the DagBag from /home/user/Masaüstü/kafka/.env/lib/python3.8/site-packages/airflow/example_dags/example_branch_python_dop_operator_3.py
[2023-11-21T09:52:55.372+0300] {processor.py:768} INFO - DAG(s) dict_keys(['example_branch_dop_operator_v3']) retrieved from /home/user/Masaüstü/kafka/.env/lib/python3.8/site-packages/airflow/example_dags/example_branch_python_dop_operator_3.py
[2023-11-21T09:52:55.392+0300] {logging_mixin.py:117} INFO - [2023-11-21T09:52:55.392+0300] {dag.py:2573} INFO - Sync 1 DAGs
[2023-11-21T09:52:55.411+0300] {logging_mixin.py:117} INFO - [2023-11-21T09:52:55.411+0300] {dag.py:3324} INFO - Setting next_dagrun for example_branch_dop_operator_v3 to 2023-11-21T06:51:00+00:00, run_after=2023-11-21T06:52:00+00:00
[2023-11-21T09:52:55.438+0300] {processor.py:178} INFO - Processing /home/user/Masaüstü/kafka/.env/lib/python3.8/site-packages/airflow/example_dags/example_branch_python_dop_operator_3.py took 0.101 seconds
[2023-11-21T09:53:34.337+0300] {processor.py:156} INFO - Started process (PID=24771) to work on /home/user/Masaüstü/kafka/.env/lib/python3.8/site-packages/airflow/example_dags/example_branch_python_dop_operator_3.py
[2023-11-21T09:53:34.340+0300] {processor.py:758} INFO - Processing file /home/user/Masaüstü/kafka/.env/lib/python3.8/site-packages/airflow/example_dags/example_branch_python_dop_operator_3.py for tasks to queue
[2023-11-21T09:53:34.341+0300] {logging_mixin.py:117} INFO - [2023-11-21T09:53:34.341+0300] {dagbag.py:525} INFO - Filling up the DagBag from /home/user/Masaüstü/kafka/.env/lib/python3.8/site-packages/airflow/example_dags/example_branch_python_dop_operator_3.py
[2023-11-21T09:53:34.391+0300] {processor.py:768} INFO - DAG(s) dict_keys(['example_branch_dop_operator_v3']) retrieved from /home/user/Masaüstü/kafka/.env/lib/python3.8/site-packages/airflow/example_dags/example_branch_python_dop_operator_3.py
[2023-11-21T09:53:34.425+0300] {logging_mixin.py:117} INFO - [2023-11-21T09:53:34.425+0300] {dag.py:2573} INFO - Sync 1 DAGs
[2023-11-21T09:53:34.457+0300] {logging_mixin.py:117} INFO - [2023-11-21T09:53:34.457+0300] {dag.py:3324} INFO - Setting next_dagrun for example_branch_dop_operator_v3 to 2023-11-21T06:52:00+00:00, run_after=2023-11-21T06:53:00+00:00
[2023-11-21T09:53:34.480+0300] {processor.py:178} INFO - Processing /home/user/Masaüstü/kafka/.env/lib/python3.8/site-packages/airflow/example_dags/example_branch_python_dop_operator_3.py took 0.148 seconds
[2023-11-21T09:54:09.956+0300] {processor.py:156} INFO - Started process (PID=24995) to work on /home/user/Masaüstü/kafka/.env/lib/python3.8/site-packages/airflow/example_dags/example_branch_python_dop_operator_3.py
[2023-11-21T09:54:09.956+0300] {processor.py:758} INFO - Processing file /home/user/Masaüstü/kafka/.env/lib/python3.8/site-packages/airflow/example_dags/example_branch_python_dop_operator_3.py for tasks to queue
[2023-11-21T09:54:09.957+0300] {logging_mixin.py:117} INFO - [2023-11-21T09:54:09.957+0300] {dagbag.py:525} INFO - Filling up the DagBag from /home/user/Masaüstü/kafka/.env/lib/python3.8/site-packages/airflow/example_dags/example_branch_python_dop_operator_3.py
[2023-11-21T09:54:09.974+0300] {processor.py:768} INFO - DAG(s) dict_keys(['example_branch_dop_operator_v3']) retrieved from /home/user/Masaüstü/kafka/.env/lib/python3.8/site-packages/airflow/example_dags/example_branch_python_dop_operator_3.py
[2023-11-21T09:54:09.991+0300] {logging_mixin.py:117} INFO - [2023-11-21T09:54:09.991+0300] {dag.py:2573} INFO - Sync 1 DAGs
[2023-11-21T09:54:10.009+0300] {logging_mixin.py:117} INFO - [2023-11-21T09:54:10.009+0300] {dag.py:3324} INFO - Setting next_dagrun for example_branch_dop_operator_v3 to 2023-11-21T06:53:00+00:00, run_after=2023-11-21T06:54:00+00:00
[2023-11-21T09:54:10.026+0300] {processor.py:178} INFO - Processing /home/user/Masaüstü/kafka/.env/lib/python3.8/site-packages/airflow/example_dags/example_branch_python_dop_operator_3.py took 0.072 seconds
[2023-11-21T09:54:46.687+0300] {processor.py:156} INFO - Started process (PID=25219) to work on /home/user/Masaüstü/kafka/.env/lib/python3.8/site-packages/airflow/example_dags/example_branch_python_dop_operator_3.py
[2023-11-21T09:54:46.690+0300] {processor.py:758} INFO - Processing file /home/user/Masaüstü/kafka/.env/lib/python3.8/site-packages/airflow/example_dags/example_branch_python_dop_operator_3.py for tasks to queue
[2023-11-21T09:54:46.693+0300] {logging_mixin.py:117} INFO - [2023-11-21T09:54:46.693+0300] {dagbag.py:525} INFO - Filling up the DagBag from /home/user/Masaüstü/kafka/.env/lib/python3.8/site-packages/airflow/example_dags/example_branch_python_dop_operator_3.py
[2023-11-21T09:54:46.723+0300] {processor.py:768} INFO - DAG(s) dict_keys(['example_branch_dop_operator_v3']) retrieved from /home/user/Masaüstü/kafka/.env/lib/python3.8/site-packages/airflow/example_dags/example_branch_python_dop_operator_3.py
[2023-11-21T09:54:46.741+0300] {logging_mixin.py:117} INFO - [2023-11-21T09:54:46.741+0300] {dag.py:2573} INFO - Sync 1 DAGs
[2023-11-21T09:54:46.759+0300] {logging_mixin.py:117} INFO - [2023-11-21T09:54:46.759+0300] {dag.py:3324} INFO - Setting next_dagrun for example_branch_dop_operator_v3 to 2023-11-21T06:53:00+00:00, run_after=2023-11-21T06:54:00+00:00
[2023-11-21T09:54:46.776+0300] {processor.py:178} INFO - Processing /home/user/Masaüstü/kafka/.env/lib/python3.8/site-packages/airflow/example_dags/example_branch_python_dop_operator_3.py took 0.098 seconds
[2023-11-21T09:55:23.997+0300] {processor.py:156} INFO - Started process (PID=25497) to work on /home/user/Masaüstü/kafka/.env/lib/python3.8/site-packages/airflow/example_dags/example_branch_python_dop_operator_3.py
[2023-11-21T09:55:23.998+0300] {processor.py:758} INFO - Processing file /home/user/Masaüstü/kafka/.env/lib/python3.8/site-packages/airflow/example_dags/example_branch_python_dop_operator_3.py for tasks to queue
[2023-11-21T09:55:23.999+0300] {logging_mixin.py:117} INFO - [2023-11-21T09:55:23.999+0300] {dagbag.py:525} INFO - Filling up the DagBag from /home/user/Masaüstü/kafka/.env/lib/python3.8/site-packages/airflow/example_dags/example_branch_python_dop_operator_3.py
[2023-11-21T09:55:24.019+0300] {processor.py:768} INFO - DAG(s) dict_keys(['example_branch_dop_operator_v3']) retrieved from /home/user/Masaüstü/kafka/.env/lib/python3.8/site-packages/airflow/example_dags/example_branch_python_dop_operator_3.py
[2023-11-21T09:55:24.037+0300] {logging_mixin.py:117} INFO - [2023-11-21T09:55:24.037+0300] {dag.py:2573} INFO - Sync 1 DAGs
[2023-11-21T09:55:24.060+0300] {logging_mixin.py:117} INFO - [2023-11-21T09:55:24.060+0300] {dag.py:3324} INFO - Setting next_dagrun for example_branch_dop_operator_v3 to 2023-11-21T06:54:00+00:00, run_after=2023-11-21T06:55:00+00:00
[2023-11-21T09:55:24.088+0300] {processor.py:178} INFO - Processing /home/user/Masaüstü/kafka/.env/lib/python3.8/site-packages/airflow/example_dags/example_branch_python_dop_operator_3.py took 0.093 seconds
[2023-11-21T09:56:01.591+0300] {processor.py:156} INFO - Started process (PID=25755) to work on /home/user/Masaüstü/kafka/.env/lib/python3.8/site-packages/airflow/example_dags/example_branch_python_dop_operator_3.py
[2023-11-21T09:56:01.593+0300] {processor.py:758} INFO - Processing file /home/user/Masaüstü/kafka/.env/lib/python3.8/site-packages/airflow/example_dags/example_branch_python_dop_operator_3.py for tasks to queue
[2023-11-21T09:56:01.594+0300] {logging_mixin.py:117} INFO - [2023-11-21T09:56:01.594+0300] {dagbag.py:525} INFO - Filling up the DagBag from /home/user/Masaüstü/kafka/.env/lib/python3.8/site-packages/airflow/example_dags/example_branch_python_dop_operator_3.py
[2023-11-21T09:56:01.648+0300] {processor.py:768} INFO - DAG(s) dict_keys(['example_branch_dop_operator_v3']) retrieved from /home/user/Masaüstü/kafka/.env/lib/python3.8/site-packages/airflow/example_dags/example_branch_python_dop_operator_3.py
[2023-11-21T09:56:01.685+0300] {logging_mixin.py:117} INFO - [2023-11-21T09:56:01.685+0300] {dag.py:2573} INFO - Sync 1 DAGs
[2023-11-21T09:56:01.715+0300] {logging_mixin.py:117} INFO - [2023-11-21T09:56:01.715+0300] {dag.py:3324} INFO - Setting next_dagrun for example_branch_dop_operator_v3 to 2023-11-21T06:55:00+00:00, run_after=2023-11-21T06:56:00+00:00
[2023-11-21T09:56:01.738+0300] {processor.py:178} INFO - Processing /home/user/Masaüstü/kafka/.env/lib/python3.8/site-packages/airflow/example_dags/example_branch_python_dop_operator_3.py took 0.149 seconds
[2023-11-21T09:56:37.805+0300] {processor.py:156} INFO - Started process (PID=26020) to work on /home/user/Masaüstü/kafka/.env/lib/python3.8/site-packages/airflow/example_dags/example_branch_python_dop_operator_3.py
[2023-11-21T09:56:37.807+0300] {processor.py:758} INFO - Processing file /home/user/Masaüstü/kafka/.env/lib/python3.8/site-packages/airflow/example_dags/example_branch_python_dop_operator_3.py for tasks to queue
[2023-11-21T09:56:37.807+0300] {logging_mixin.py:117} INFO - [2023-11-21T09:56:37.807+0300] {dagbag.py:525} INFO - Filling up the DagBag from /home/user/Masaüstü/kafka/.env/lib/python3.8/site-packages/airflow/example_dags/example_branch_python_dop_operator_3.py
[2023-11-21T09:56:37.833+0300] {processor.py:768} INFO - DAG(s) dict_keys(['example_branch_dop_operator_v3']) retrieved from /home/user/Masaüstü/kafka/.env/lib/python3.8/site-packages/airflow/example_dags/example_branch_python_dop_operator_3.py
[2023-11-21T09:56:37.858+0300] {logging_mixin.py:117} INFO - [2023-11-21T09:56:37.857+0300] {dag.py:2573} INFO - Sync 1 DAGs
[2023-11-21T09:56:37.883+0300] {logging_mixin.py:117} INFO - [2023-11-21T09:56:37.882+0300] {dag.py:3324} INFO - Setting next_dagrun for example_branch_dop_operator_v3 to 2023-11-21T06:55:00+00:00, run_after=2023-11-21T06:56:00+00:00
[2023-11-21T09:56:37.908+0300] {processor.py:178} INFO - Processing /home/user/Masaüstü/kafka/.env/lib/python3.8/site-packages/airflow/example_dags/example_branch_python_dop_operator_3.py took 0.106 seconds
[2023-11-21T09:57:16.414+0300] {processor.py:156} INFO - Started process (PID=26261) to work on /home/user/Masaüstü/kafka/.env/lib/python3.8/site-packages/airflow/example_dags/example_branch_python_dop_operator_3.py
[2023-11-21T09:57:16.417+0300] {processor.py:758} INFO - Processing file /home/user/Masaüstü/kafka/.env/lib/python3.8/site-packages/airflow/example_dags/example_branch_python_dop_operator_3.py for tasks to queue
[2023-11-21T09:57:16.419+0300] {logging_mixin.py:117} INFO - [2023-11-21T09:57:16.418+0300] {dagbag.py:525} INFO - Filling up the DagBag from /home/user/Masaüstü/kafka/.env/lib/python3.8/site-packages/airflow/example_dags/example_branch_python_dop_operator_3.py
[2023-11-21T09:57:16.453+0300] {processor.py:768} INFO - DAG(s) dict_keys(['example_branch_dop_operator_v3']) retrieved from /home/user/Masaüstü/kafka/.env/lib/python3.8/site-packages/airflow/example_dags/example_branch_python_dop_operator_3.py
[2023-11-21T09:57:16.471+0300] {logging_mixin.py:117} INFO - [2023-11-21T09:57:16.471+0300] {dag.py:2573} INFO - Sync 1 DAGs
[2023-11-21T09:57:16.491+0300] {logging_mixin.py:117} INFO - [2023-11-21T09:57:16.490+0300] {dag.py:3324} INFO - Setting next_dagrun for example_branch_dop_operator_v3 to 2023-11-21T06:56:00+00:00, run_after=2023-11-21T06:57:00+00:00
[2023-11-21T09:57:16.509+0300] {processor.py:178} INFO - Processing /home/user/Masaüstü/kafka/.env/lib/python3.8/site-packages/airflow/example_dags/example_branch_python_dop_operator_3.py took 0.102 seconds
[2023-11-21T09:57:52.894+0300] {processor.py:156} INFO - Started process (PID=26496) to work on /home/user/Masaüstü/kafka/.env/lib/python3.8/site-packages/airflow/example_dags/example_branch_python_dop_operator_3.py
[2023-11-21T09:57:52.897+0300] {processor.py:758} INFO - Processing file /home/user/Masaüstü/kafka/.env/lib/python3.8/site-packages/airflow/example_dags/example_branch_python_dop_operator_3.py for tasks to queue
[2023-11-21T09:57:52.899+0300] {logging_mixin.py:117} INFO - [2023-11-21T09:57:52.899+0300] {dagbag.py:525} INFO - Filling up the DagBag from /home/user/Masaüstü/kafka/.env/lib/python3.8/site-packages/airflow/example_dags/example_branch_python_dop_operator_3.py
[2023-11-21T09:57:52.930+0300] {processor.py:768} INFO - DAG(s) dict_keys(['example_branch_dop_operator_v3']) retrieved from /home/user/Masaüstü/kafka/.env/lib/python3.8/site-packages/airflow/example_dags/example_branch_python_dop_operator_3.py
[2023-11-21T09:57:52.948+0300] {logging_mixin.py:117} INFO - [2023-11-21T09:57:52.948+0300] {dag.py:2573} INFO - Sync 1 DAGs
[2023-11-21T09:57:52.967+0300] {logging_mixin.py:117} INFO - [2023-11-21T09:57:52.966+0300] {dag.py:3324} INFO - Setting next_dagrun for example_branch_dop_operator_v3 to 2023-11-21T06:56:00+00:00, run_after=2023-11-21T06:57:00+00:00
[2023-11-21T09:57:52.984+0300] {processor.py:178} INFO - Processing /home/user/Masaüstü/kafka/.env/lib/python3.8/site-packages/airflow/example_dags/example_branch_python_dop_operator_3.py took 0.097 seconds
[2023-11-21T09:58:28.602+0300] {processor.py:156} INFO - Started process (PID=26986) to work on /home/user/Masaüstü/kafka/.env/lib/python3.8/site-packages/airflow/example_dags/example_branch_python_dop_operator_3.py
[2023-11-21T09:58:28.604+0300] {processor.py:758} INFO - Processing file /home/user/Masaüstü/kafka/.env/lib/python3.8/site-packages/airflow/example_dags/example_branch_python_dop_operator_3.py for tasks to queue
[2023-11-21T09:58:28.605+0300] {logging_mixin.py:117} INFO - [2023-11-21T09:58:28.605+0300] {dagbag.py:525} INFO - Filling up the DagBag from /home/user/Masaüstü/kafka/.env/lib/python3.8/site-packages/airflow/example_dags/example_branch_python_dop_operator_3.py
[2023-11-21T09:58:28.688+0300] {processor.py:768} INFO - DAG(s) dict_keys(['example_branch_dop_operator_v3']) retrieved from /home/user/Masaüstü/kafka/.env/lib/python3.8/site-packages/airflow/example_dags/example_branch_python_dop_operator_3.py
[2023-11-21T09:58:28.734+0300] {logging_mixin.py:117} INFO - [2023-11-21T09:58:28.733+0300] {dag.py:2573} INFO - Sync 1 DAGs
[2023-11-21T09:58:28.795+0300] {logging_mixin.py:117} INFO - [2023-11-21T09:58:28.794+0300] {dag.py:3324} INFO - Setting next_dagrun for example_branch_dop_operator_v3 to 2023-11-21T06:57:00+00:00, run_after=2023-11-21T06:58:00+00:00
[2023-11-21T09:58:28.855+0300] {processor.py:178} INFO - Processing /home/user/Masaüstü/kafka/.env/lib/python3.8/site-packages/airflow/example_dags/example_branch_python_dop_operator_3.py took 0.261 seconds
[2023-11-21T09:59:07.470+0300] {processor.py:156} INFO - Started process (PID=27343) to work on /home/user/Masaüstü/kafka/.env/lib/python3.8/site-packages/airflow/example_dags/example_branch_python_dop_operator_3.py
[2023-11-21T09:59:07.471+0300] {processor.py:758} INFO - Processing file /home/user/Masaüstü/kafka/.env/lib/python3.8/site-packages/airflow/example_dags/example_branch_python_dop_operator_3.py for tasks to queue
[2023-11-21T09:59:07.472+0300] {logging_mixin.py:117} INFO - [2023-11-21T09:59:07.472+0300] {dagbag.py:525} INFO - Filling up the DagBag from /home/user/Masaüstü/kafka/.env/lib/python3.8/site-packages/airflow/example_dags/example_branch_python_dop_operator_3.py
[2023-11-21T09:59:07.503+0300] {processor.py:768} INFO - DAG(s) dict_keys(['example_branch_dop_operator_v3']) retrieved from /home/user/Masaüstü/kafka/.env/lib/python3.8/site-packages/airflow/example_dags/example_branch_python_dop_operator_3.py
[2023-11-21T09:59:07.522+0300] {logging_mixin.py:117} INFO - [2023-11-21T09:59:07.522+0300] {dag.py:2573} INFO - Sync 1 DAGs
[2023-11-21T09:59:07.539+0300] {logging_mixin.py:117} INFO - [2023-11-21T09:59:07.539+0300] {dag.py:3324} INFO - Setting next_dagrun for example_branch_dop_operator_v3 to 2023-11-21T06:58:00+00:00, run_after=2023-11-21T06:59:00+00:00
[2023-11-21T09:59:07.556+0300] {processor.py:178} INFO - Processing /home/user/Masaüstü/kafka/.env/lib/python3.8/site-packages/airflow/example_dags/example_branch_python_dop_operator_3.py took 0.089 seconds
[2023-11-21T09:59:42.277+0300] {processor.py:156} INFO - Started process (PID=27564) to work on /home/user/Masaüstü/kafka/.env/lib/python3.8/site-packages/airflow/example_dags/example_branch_python_dop_operator_3.py
[2023-11-21T09:59:42.279+0300] {processor.py:758} INFO - Processing file /home/user/Masaüstü/kafka/.env/lib/python3.8/site-packages/airflow/example_dags/example_branch_python_dop_operator_3.py for tasks to queue
[2023-11-21T09:59:42.280+0300] {logging_mixin.py:117} INFO - [2023-11-21T09:59:42.280+0300] {dagbag.py:525} INFO - Filling up the DagBag from /home/user/Masaüstü/kafka/.env/lib/python3.8/site-packages/airflow/example_dags/example_branch_python_dop_operator_3.py
[2023-11-21T09:59:42.305+0300] {processor.py:768} INFO - DAG(s) dict_keys(['example_branch_dop_operator_v3']) retrieved from /home/user/Masaüstü/kafka/.env/lib/python3.8/site-packages/airflow/example_dags/example_branch_python_dop_operator_3.py
[2023-11-21T09:59:42.323+0300] {logging_mixin.py:117} INFO - [2023-11-21T09:59:42.322+0300] {dag.py:2573} INFO - Sync 1 DAGs
[2023-11-21T09:59:42.340+0300] {logging_mixin.py:117} INFO - [2023-11-21T09:59:42.340+0300] {dag.py:3324} INFO - Setting next_dagrun for example_branch_dop_operator_v3 to 2023-11-21T06:58:00+00:00, run_after=2023-11-21T06:59:00+00:00
[2023-11-21T09:59:42.366+0300] {processor.py:178} INFO - Processing /home/user/Masaüstü/kafka/.env/lib/python3.8/site-packages/airflow/example_dags/example_branch_python_dop_operator_3.py took 0.091 seconds
[2023-11-21T10:00:17.405+0300] {processor.py:156} INFO - Started process (PID=27782) to work on /home/user/Masaüstü/kafka/.env/lib/python3.8/site-packages/airflow/example_dags/example_branch_python_dop_operator_3.py
[2023-11-21T10:00:17.407+0300] {processor.py:758} INFO - Processing file /home/user/Masaüstü/kafka/.env/lib/python3.8/site-packages/airflow/example_dags/example_branch_python_dop_operator_3.py for tasks to queue
[2023-11-21T10:00:17.407+0300] {logging_mixin.py:117} INFO - [2023-11-21T10:00:17.407+0300] {dagbag.py:525} INFO - Filling up the DagBag from /home/user/Masaüstü/kafka/.env/lib/python3.8/site-packages/airflow/example_dags/example_branch_python_dop_operator_3.py
[2023-11-21T10:00:17.426+0300] {processor.py:768} INFO - DAG(s) dict_keys(['example_branch_dop_operator_v3']) retrieved from /home/user/Masaüstü/kafka/.env/lib/python3.8/site-packages/airflow/example_dags/example_branch_python_dop_operator_3.py
[2023-11-21T10:00:17.444+0300] {logging_mixin.py:117} INFO - [2023-11-21T10:00:17.443+0300] {dag.py:2573} INFO - Sync 1 DAGs
[2023-11-21T10:00:17.464+0300] {logging_mixin.py:117} INFO - [2023-11-21T10:00:17.463+0300] {dag.py:3324} INFO - Setting next_dagrun for example_branch_dop_operator_v3 to 2023-11-21T06:59:00+00:00, run_after=2023-11-21T07:00:00+00:00
[2023-11-21T10:00:17.482+0300] {processor.py:178} INFO - Processing /home/user/Masaüstü/kafka/.env/lib/python3.8/site-packages/airflow/example_dags/example_branch_python_dop_operator_3.py took 0.078 seconds
[2023-11-21T10:00:53.509+0300] {processor.py:156} INFO - Started process (PID=27999) to work on /home/user/Masaüstü/kafka/.env/lib/python3.8/site-packages/airflow/example_dags/example_branch_python_dop_operator_3.py
[2023-11-21T10:00:53.511+0300] {processor.py:758} INFO - Processing file /home/user/Masaüstü/kafka/.env/lib/python3.8/site-packages/airflow/example_dags/example_branch_python_dop_operator_3.py for tasks to queue
[2023-11-21T10:00:53.512+0300] {logging_mixin.py:117} INFO - [2023-11-21T10:00:53.512+0300] {dagbag.py:525} INFO - Filling up the DagBag from /home/user/Masaüstü/kafka/.env/lib/python3.8/site-packages/airflow/example_dags/example_branch_python_dop_operator_3.py
[2023-11-21T10:00:53.535+0300] {processor.py:768} INFO - DAG(s) dict_keys(['example_branch_dop_operator_v3']) retrieved from /home/user/Masaüstü/kafka/.env/lib/python3.8/site-packages/airflow/example_dags/example_branch_python_dop_operator_3.py
[2023-11-21T10:00:53.564+0300] {logging_mixin.py:117} INFO - [2023-11-21T10:00:53.563+0300] {dag.py:2573} INFO - Sync 1 DAGs
[2023-11-21T10:00:53.591+0300] {logging_mixin.py:117} INFO - [2023-11-21T10:00:53.591+0300] {dag.py:3324} INFO - Setting next_dagrun for example_branch_dop_operator_v3 to 2023-11-21T06:59:00+00:00, run_after=2023-11-21T07:00:00+00:00
[2023-11-21T10:00:53.615+0300] {processor.py:178} INFO - Processing /home/user/Masaüstü/kafka/.env/lib/python3.8/site-packages/airflow/example_dags/example_branch_python_dop_operator_3.py took 0.110 seconds
[2023-11-21T10:01:28.677+0300] {processor.py:156} INFO - Started process (PID=28270) to work on /home/user/Masaüstü/kafka/.env/lib/python3.8/site-packages/airflow/example_dags/example_branch_python_dop_operator_3.py
[2023-11-21T10:01:28.679+0300] {processor.py:758} INFO - Processing file /home/user/Masaüstü/kafka/.env/lib/python3.8/site-packages/airflow/example_dags/example_branch_python_dop_operator_3.py for tasks to queue
[2023-11-21T10:01:28.679+0300] {logging_mixin.py:117} INFO - [2023-11-21T10:01:28.679+0300] {dagbag.py:525} INFO - Filling up the DagBag from /home/user/Masaüstü/kafka/.env/lib/python3.8/site-packages/airflow/example_dags/example_branch_python_dop_operator_3.py
[2023-11-21T10:01:28.700+0300] {processor.py:768} INFO - DAG(s) dict_keys(['example_branch_dop_operator_v3']) retrieved from /home/user/Masaüstü/kafka/.env/lib/python3.8/site-packages/airflow/example_dags/example_branch_python_dop_operator_3.py
[2023-11-21T10:01:28.717+0300] {logging_mixin.py:117} INFO - [2023-11-21T10:01:28.717+0300] {dag.py:2573} INFO - Sync 1 DAGs
[2023-11-21T10:01:28.735+0300] {logging_mixin.py:117} INFO - [2023-11-21T10:01:28.735+0300] {dag.py:3324} INFO - Setting next_dagrun for example_branch_dop_operator_v3 to 2023-11-21T07:00:00+00:00, run_after=2023-11-21T07:01:00+00:00
[2023-11-21T10:01:28.752+0300] {processor.py:178} INFO - Processing /home/user/Masaüstü/kafka/.env/lib/python3.8/site-packages/airflow/example_dags/example_branch_python_dop_operator_3.py took 0.078 seconds
[2023-11-21T10:02:05.260+0300] {processor.py:156} INFO - Started process (PID=28506) to work on /home/user/Masaüstü/kafka/.env/lib/python3.8/site-packages/airflow/example_dags/example_branch_python_dop_operator_3.py
[2023-11-21T10:02:05.262+0300] {processor.py:758} INFO - Processing file /home/user/Masaüstü/kafka/.env/lib/python3.8/site-packages/airflow/example_dags/example_branch_python_dop_operator_3.py for tasks to queue
[2023-11-21T10:02:05.263+0300] {logging_mixin.py:117} INFO - [2023-11-21T10:02:05.263+0300] {dagbag.py:525} INFO - Filling up the DagBag from /home/user/Masaüstü/kafka/.env/lib/python3.8/site-packages/airflow/example_dags/example_branch_python_dop_operator_3.py
[2023-11-21T10:02:05.283+0300] {processor.py:768} INFO - DAG(s) dict_keys(['example_branch_dop_operator_v3']) retrieved from /home/user/Masaüstü/kafka/.env/lib/python3.8/site-packages/airflow/example_dags/example_branch_python_dop_operator_3.py
[2023-11-21T10:02:05.301+0300] {logging_mixin.py:117} INFO - [2023-11-21T10:02:05.300+0300] {dag.py:2573} INFO - Sync 1 DAGs
[2023-11-21T10:02:05.318+0300] {logging_mixin.py:117} INFO - [2023-11-21T10:02:05.318+0300] {dag.py:3324} INFO - Setting next_dagrun for example_branch_dop_operator_v3 to 2023-11-21T07:01:00+00:00, run_after=2023-11-21T07:02:00+00:00
[2023-11-21T10:02:05.335+0300] {processor.py:178} INFO - Processing /home/user/Masaüstü/kafka/.env/lib/python3.8/site-packages/airflow/example_dags/example_branch_python_dop_operator_3.py took 0.076 seconds
[2023-11-21T10:02:42.292+0300] {processor.py:156} INFO - Started process (PID=28726) to work on /home/user/Masaüstü/kafka/.env/lib/python3.8/site-packages/airflow/example_dags/example_branch_python_dop_operator_3.py
[2023-11-21T10:02:42.294+0300] {processor.py:758} INFO - Processing file /home/user/Masaüstü/kafka/.env/lib/python3.8/site-packages/airflow/example_dags/example_branch_python_dop_operator_3.py for tasks to queue
[2023-11-21T10:02:42.295+0300] {logging_mixin.py:117} INFO - [2023-11-21T10:02:42.295+0300] {dagbag.py:525} INFO - Filling up the DagBag from /home/user/Masaüstü/kafka/.env/lib/python3.8/site-packages/airflow/example_dags/example_branch_python_dop_operator_3.py
[2023-11-21T10:02:42.323+0300] {processor.py:768} INFO - DAG(s) dict_keys(['example_branch_dop_operator_v3']) retrieved from /home/user/Masaüstü/kafka/.env/lib/python3.8/site-packages/airflow/example_dags/example_branch_python_dop_operator_3.py
[2023-11-21T10:02:42.342+0300] {logging_mixin.py:117} INFO - [2023-11-21T10:02:42.341+0300] {dag.py:2573} INFO - Sync 1 DAGs
[2023-11-21T10:02:42.359+0300] {logging_mixin.py:117} INFO - [2023-11-21T10:02:42.359+0300] {dag.py:3324} INFO - Setting next_dagrun for example_branch_dop_operator_v3 to 2023-11-21T07:01:00+00:00, run_after=2023-11-21T07:02:00+00:00
[2023-11-21T10:02:42.375+0300] {processor.py:178} INFO - Processing /home/user/Masaüstü/kafka/.env/lib/python3.8/site-packages/airflow/example_dags/example_branch_python_dop_operator_3.py took 0.086 seconds
[2023-11-21T10:05:10.280+0300] {processor.py:156} INFO - Started process (PID=30076) to work on /home/user/Masaüstü/kafka/.env/lib/python3.8/site-packages/airflow/example_dags/example_branch_python_dop_operator_3.py
[2023-11-21T10:05:10.281+0300] {processor.py:758} INFO - Processing file /home/user/Masaüstü/kafka/.env/lib/python3.8/site-packages/airflow/example_dags/example_branch_python_dop_operator_3.py for tasks to queue
[2023-11-21T10:05:10.282+0300] {logging_mixin.py:117} INFO - [2023-11-21T10:05:10.282+0300] {dagbag.py:525} INFO - Filling up the DagBag from /home/user/Masaüstü/kafka/.env/lib/python3.8/site-packages/airflow/example_dags/example_branch_python_dop_operator_3.py
[2023-11-21T10:05:10.302+0300] {processor.py:768} INFO - DAG(s) dict_keys(['example_branch_dop_operator_v3']) retrieved from /home/user/Masaüstü/kafka/.env/lib/python3.8/site-packages/airflow/example_dags/example_branch_python_dop_operator_3.py
[2023-11-21T10:05:10.311+0300] {logging_mixin.py:117} INFO - [2023-11-21T10:05:10.311+0300] {dag.py:2573} INFO - Sync 1 DAGs
[2023-11-21T10:05:10.329+0300] {logging_mixin.py:117} INFO - [2023-11-21T10:05:10.329+0300] {dag.py:3324} INFO - Setting next_dagrun for example_branch_dop_operator_v3 to 2023-11-21T07:04:00+00:00, run_after=2023-11-21T07:05:00+00:00
[2023-11-21T10:05:10.345+0300] {processor.py:178} INFO - Processing /home/user/Masaüstü/kafka/.env/lib/python3.8/site-packages/airflow/example_dags/example_branch_python_dop_operator_3.py took 0.068 seconds
[2023-11-21T10:05:50.741+0300] {processor.py:156} INFO - Started process (PID=30454) to work on /home/user/Masaüstü/kafka/.env/lib/python3.8/site-packages/airflow/example_dags/example_branch_python_dop_operator_3.py
[2023-11-21T10:05:50.744+0300] {processor.py:758} INFO - Processing file /home/user/Masaüstü/kafka/.env/lib/python3.8/site-packages/airflow/example_dags/example_branch_python_dop_operator_3.py for tasks to queue
[2023-11-21T10:05:50.746+0300] {logging_mixin.py:117} INFO - [2023-11-21T10:05:50.746+0300] {dagbag.py:525} INFO - Filling up the DagBag from /home/user/Masaüstü/kafka/.env/lib/python3.8/site-packages/airflow/example_dags/example_branch_python_dop_operator_3.py
[2023-11-21T10:05:50.782+0300] {processor.py:768} INFO - DAG(s) dict_keys(['example_branch_dop_operator_v3']) retrieved from /home/user/Masaüstü/kafka/.env/lib/python3.8/site-packages/airflow/example_dags/example_branch_python_dop_operator_3.py
[2023-11-21T10:05:50.799+0300] {logging_mixin.py:117} INFO - [2023-11-21T10:05:50.799+0300] {dag.py:2573} INFO - Sync 1 DAGs
[2023-11-21T10:05:50.817+0300] {logging_mixin.py:117} INFO - [2023-11-21T10:05:50.817+0300] {dag.py:3324} INFO - Setting next_dagrun for example_branch_dop_operator_v3 to 2023-11-21T07:04:00+00:00, run_after=2023-11-21T07:05:00+00:00
[2023-11-21T10:05:50.835+0300] {processor.py:178} INFO - Processing /home/user/Masaüstü/kafka/.env/lib/python3.8/site-packages/airflow/example_dags/example_branch_python_dop_operator_3.py took 0.101 seconds
[2023-11-21T10:06:27.250+0300] {processor.py:156} INFO - Started process (PID=30685) to work on /home/user/Masaüstü/kafka/.env/lib/python3.8/site-packages/airflow/example_dags/example_branch_python_dop_operator_3.py
[2023-11-21T10:06:27.253+0300] {processor.py:758} INFO - Processing file /home/user/Masaüstü/kafka/.env/lib/python3.8/site-packages/airflow/example_dags/example_branch_python_dop_operator_3.py for tasks to queue
[2023-11-21T10:06:27.254+0300] {logging_mixin.py:117} INFO - [2023-11-21T10:06:27.254+0300] {dagbag.py:525} INFO - Filling up the DagBag from /home/user/Masaüstü/kafka/.env/lib/python3.8/site-packages/airflow/example_dags/example_branch_python_dop_operator_3.py
[2023-11-21T10:06:27.288+0300] {processor.py:768} INFO - DAG(s) dict_keys(['example_branch_dop_operator_v3']) retrieved from /home/user/Masaüstü/kafka/.env/lib/python3.8/site-packages/airflow/example_dags/example_branch_python_dop_operator_3.py
[2023-11-21T10:06:27.305+0300] {logging_mixin.py:117} INFO - [2023-11-21T10:06:27.305+0300] {dag.py:2573} INFO - Sync 1 DAGs
[2023-11-21T10:06:27.324+0300] {logging_mixin.py:117} INFO - [2023-11-21T10:06:27.323+0300] {dag.py:3324} INFO - Setting next_dagrun for example_branch_dop_operator_v3 to 2023-11-21T07:05:00+00:00, run_after=2023-11-21T07:06:00+00:00
[2023-11-21T10:06:27.341+0300] {processor.py:178} INFO - Processing /home/user/Masaüstü/kafka/.env/lib/python3.8/site-packages/airflow/example_dags/example_branch_python_dop_operator_3.py took 0.094 seconds
[2023-11-21T10:07:04.392+0300] {processor.py:156} INFO - Started process (PID=30943) to work on /home/user/Masaüstü/kafka/.env/lib/python3.8/site-packages/airflow/example_dags/example_branch_python_dop_operator_3.py
[2023-11-21T10:07:04.394+0300] {processor.py:758} INFO - Processing file /home/user/Masaüstü/kafka/.env/lib/python3.8/site-packages/airflow/example_dags/example_branch_python_dop_operator_3.py for tasks to queue
[2023-11-21T10:07:04.395+0300] {logging_mixin.py:117} INFO - [2023-11-21T10:07:04.395+0300] {dagbag.py:525} INFO - Filling up the DagBag from /home/user/Masaüstü/kafka/.env/lib/python3.8/site-packages/airflow/example_dags/example_branch_python_dop_operator_3.py
[2023-11-21T10:07:04.415+0300] {processor.py:768} INFO - DAG(s) dict_keys(['example_branch_dop_operator_v3']) retrieved from /home/user/Masaüstü/kafka/.env/lib/python3.8/site-packages/airflow/example_dags/example_branch_python_dop_operator_3.py
[2023-11-21T10:07:04.435+0300] {logging_mixin.py:117} INFO - [2023-11-21T10:07:04.435+0300] {dag.py:2573} INFO - Sync 1 DAGs
[2023-11-21T10:07:04.457+0300] {logging_mixin.py:117} INFO - [2023-11-21T10:07:04.457+0300] {dag.py:3324} INFO - Setting next_dagrun for example_branch_dop_operator_v3 to 2023-11-21T07:06:00+00:00, run_after=2023-11-21T07:07:00+00:00
[2023-11-21T10:07:04.478+0300] {processor.py:178} INFO - Processing /home/user/Masaüstü/kafka/.env/lib/python3.8/site-packages/airflow/example_dags/example_branch_python_dop_operator_3.py took 0.088 seconds
[2023-11-21T10:07:44.002+0300] {processor.py:156} INFO - Started process (PID=31181) to work on /home/user/Masaüstü/kafka/.env/lib/python3.8/site-packages/airflow/example_dags/example_branch_python_dop_operator_3.py
[2023-11-21T10:07:44.005+0300] {processor.py:758} INFO - Processing file /home/user/Masaüstü/kafka/.env/lib/python3.8/site-packages/airflow/example_dags/example_branch_python_dop_operator_3.py for tasks to queue
[2023-11-21T10:07:44.007+0300] {logging_mixin.py:117} INFO - [2023-11-21T10:07:44.006+0300] {dagbag.py:525} INFO - Filling up the DagBag from /home/user/Masaüstü/kafka/.env/lib/python3.8/site-packages/airflow/example_dags/example_branch_python_dop_operator_3.py
[2023-11-21T10:07:44.040+0300] {processor.py:768} INFO - DAG(s) dict_keys(['example_branch_dop_operator_v3']) retrieved from /home/user/Masaüstü/kafka/.env/lib/python3.8/site-packages/airflow/example_dags/example_branch_python_dop_operator_3.py
[2023-11-21T10:07:44.058+0300] {logging_mixin.py:117} INFO - [2023-11-21T10:07:44.058+0300] {dag.py:2573} INFO - Sync 1 DAGs
[2023-11-21T10:07:44.076+0300] {logging_mixin.py:117} INFO - [2023-11-21T10:07:44.076+0300] {dag.py:3324} INFO - Setting next_dagrun for example_branch_dop_operator_v3 to 2023-11-21T07:06:00+00:00, run_after=2023-11-21T07:07:00+00:00
[2023-11-21T10:07:44.098+0300] {processor.py:178} INFO - Processing /home/user/Masaüstü/kafka/.env/lib/python3.8/site-packages/airflow/example_dags/example_branch_python_dop_operator_3.py took 0.104 seconds
[2023-11-21T10:08:21.741+0300] {processor.py:156} INFO - Started process (PID=31435) to work on /home/user/Masaüstü/kafka/.env/lib/python3.8/site-packages/airflow/example_dags/example_branch_python_dop_operator_3.py
[2023-11-21T10:08:21.743+0300] {processor.py:758} INFO - Processing file /home/user/Masaüstü/kafka/.env/lib/python3.8/site-packages/airflow/example_dags/example_branch_python_dop_operator_3.py for tasks to queue
[2023-11-21T10:08:21.744+0300] {logging_mixin.py:117} INFO - [2023-11-21T10:08:21.744+0300] {dagbag.py:525} INFO - Filling up the DagBag from /home/user/Masaüstü/kafka/.env/lib/python3.8/site-packages/airflow/example_dags/example_branch_python_dop_operator_3.py
[2023-11-21T10:08:21.773+0300] {processor.py:768} INFO - DAG(s) dict_keys(['example_branch_dop_operator_v3']) retrieved from /home/user/Masaüstü/kafka/.env/lib/python3.8/site-packages/airflow/example_dags/example_branch_python_dop_operator_3.py
[2023-11-21T10:08:21.804+0300] {logging_mixin.py:117} INFO - [2023-11-21T10:08:21.804+0300] {dag.py:2573} INFO - Sync 1 DAGs
[2023-11-21T10:08:21.837+0300] {logging_mixin.py:117} INFO - [2023-11-21T10:08:21.836+0300] {dag.py:3324} INFO - Setting next_dagrun for example_branch_dop_operator_v3 to 2023-11-21T07:07:00+00:00, run_after=2023-11-21T07:08:00+00:00
[2023-11-21T10:08:21.864+0300] {processor.py:178} INFO - Processing /home/user/Masaüstü/kafka/.env/lib/python3.8/site-packages/airflow/example_dags/example_branch_python_dop_operator_3.py took 0.129 seconds
[2023-11-21T10:08:58.618+0300] {processor.py:156} INFO - Started process (PID=31670) to work on /home/user/Masaüstü/kafka/.env/lib/python3.8/site-packages/airflow/example_dags/example_branch_python_dop_operator_3.py
[2023-11-21T10:08:58.619+0300] {processor.py:758} INFO - Processing file /home/user/Masaüstü/kafka/.env/lib/python3.8/site-packages/airflow/example_dags/example_branch_python_dop_operator_3.py for tasks to queue
[2023-11-21T10:08:58.620+0300] {logging_mixin.py:117} INFO - [2023-11-21T10:08:58.620+0300] {dagbag.py:525} INFO - Filling up the DagBag from /home/user/Masaüstü/kafka/.env/lib/python3.8/site-packages/airflow/example_dags/example_branch_python_dop_operator_3.py
[2023-11-21T10:08:58.655+0300] {processor.py:768} INFO - DAG(s) dict_keys(['example_branch_dop_operator_v3']) retrieved from /home/user/Masaüstü/kafka/.env/lib/python3.8/site-packages/airflow/example_dags/example_branch_python_dop_operator_3.py
[2023-11-21T10:08:58.672+0300] {logging_mixin.py:117} INFO - [2023-11-21T10:08:58.672+0300] {dag.py:2573} INFO - Sync 1 DAGs
[2023-11-21T10:08:58.692+0300] {logging_mixin.py:117} INFO - [2023-11-21T10:08:58.692+0300] {dag.py:3324} INFO - Setting next_dagrun for example_branch_dop_operator_v3 to 2023-11-21T07:07:00+00:00, run_after=2023-11-21T07:08:00+00:00
[2023-11-21T10:08:58.715+0300] {processor.py:178} INFO - Processing /home/user/Masaüstü/kafka/.env/lib/python3.8/site-packages/airflow/example_dags/example_branch_python_dop_operator_3.py took 0.101 seconds
[2023-11-21T10:09:41.574+0300] {processor.py:156} INFO - Started process (PID=32219) to work on /home/user/Masaüstü/kafka/.env/lib/python3.8/site-packages/airflow/example_dags/example_branch_python_dop_operator_3.py
[2023-11-21T10:09:41.578+0300] {processor.py:758} INFO - Processing file /home/user/Masaüstü/kafka/.env/lib/python3.8/site-packages/airflow/example_dags/example_branch_python_dop_operator_3.py for tasks to queue
[2023-11-21T10:09:41.579+0300] {logging_mixin.py:117} INFO - [2023-11-21T10:09:41.579+0300] {dagbag.py:525} INFO - Filling up the DagBag from /home/user/Masaüstü/kafka/.env/lib/python3.8/site-packages/airflow/example_dags/example_branch_python_dop_operator_3.py
[2023-11-21T10:09:41.674+0300] {processor.py:768} INFO - DAG(s) dict_keys(['example_branch_dop_operator_v3']) retrieved from /home/user/Masaüstü/kafka/.env/lib/python3.8/site-packages/airflow/example_dags/example_branch_python_dop_operator_3.py
[2023-11-21T10:09:41.787+0300] {logging_mixin.py:117} INFO - [2023-11-21T10:09:41.786+0300] {dag.py:2573} INFO - Sync 1 DAGs
[2023-11-21T10:09:41.944+0300] {logging_mixin.py:117} INFO - [2023-11-21T10:09:41.942+0300] {dag.py:3324} INFO - Setting next_dagrun for example_branch_dop_operator_v3 to 2023-11-21T07:08:00+00:00, run_after=2023-11-21T07:09:00+00:00
[2023-11-21T10:09:42.035+0300] {processor.py:178} INFO - Processing /home/user/Masaüstü/kafka/.env/lib/python3.8/site-packages/airflow/example_dags/example_branch_python_dop_operator_3.py took 0.470 seconds
[2023-11-21T10:10:32.355+0300] {processor.py:156} INFO - Started process (PID=33012) to work on /home/user/Masaüstü/kafka/.env/lib/python3.8/site-packages/airflow/example_dags/example_branch_python_dop_operator_3.py
[2023-11-21T10:10:32.358+0300] {processor.py:758} INFO - Processing file /home/user/Masaüstü/kafka/.env/lib/python3.8/site-packages/airflow/example_dags/example_branch_python_dop_operator_3.py for tasks to queue
[2023-11-21T10:10:32.359+0300] {logging_mixin.py:117} INFO - [2023-11-21T10:10:32.359+0300] {dagbag.py:525} INFO - Filling up the DagBag from /home/user/Masaüstü/kafka/.env/lib/python3.8/site-packages/airflow/example_dags/example_branch_python_dop_operator_3.py
[2023-11-21T10:10:32.393+0300] {processor.py:768} INFO - DAG(s) dict_keys(['example_branch_dop_operator_v3']) retrieved from /home/user/Masaüstü/kafka/.env/lib/python3.8/site-packages/airflow/example_dags/example_branch_python_dop_operator_3.py
[2023-11-21T10:10:32.410+0300] {logging_mixin.py:117} INFO - [2023-11-21T10:10:32.410+0300] {dag.py:2573} INFO - Sync 1 DAGs
[2023-11-21T10:10:32.429+0300] {logging_mixin.py:117} INFO - [2023-11-21T10:10:32.429+0300] {dag.py:3324} INFO - Setting next_dagrun for example_branch_dop_operator_v3 to 2023-11-21T07:09:00+00:00, run_after=2023-11-21T07:10:00+00:00
[2023-11-21T10:10:32.446+0300] {processor.py:178} INFO - Processing /home/user/Masaüstü/kafka/.env/lib/python3.8/site-packages/airflow/example_dags/example_branch_python_dop_operator_3.py took 0.096 seconds
[2023-11-21T10:11:10.558+0300] {processor.py:156} INFO - Started process (PID=33349) to work on /home/user/Masaüstü/kafka/.env/lib/python3.8/site-packages/airflow/example_dags/example_branch_python_dop_operator_3.py
[2023-11-21T10:11:10.559+0300] {processor.py:758} INFO - Processing file /home/user/Masaüstü/kafka/.env/lib/python3.8/site-packages/airflow/example_dags/example_branch_python_dop_operator_3.py for tasks to queue
[2023-11-21T10:11:10.560+0300] {logging_mixin.py:117} INFO - [2023-11-21T10:11:10.560+0300] {dagbag.py:525} INFO - Filling up the DagBag from /home/user/Masaüstü/kafka/.env/lib/python3.8/site-packages/airflow/example_dags/example_branch_python_dop_operator_3.py
[2023-11-21T10:11:10.578+0300] {processor.py:768} INFO - DAG(s) dict_keys(['example_branch_dop_operator_v3']) retrieved from /home/user/Masaüstü/kafka/.env/lib/python3.8/site-packages/airflow/example_dags/example_branch_python_dop_operator_3.py
[2023-11-21T10:11:10.594+0300] {logging_mixin.py:117} INFO - [2023-11-21T10:11:10.594+0300] {dag.py:2573} INFO - Sync 1 DAGs
[2023-11-21T10:11:10.613+0300] {logging_mixin.py:117} INFO - [2023-11-21T10:11:10.612+0300] {dag.py:3324} INFO - Setting next_dagrun for example_branch_dop_operator_v3 to 2023-11-21T07:10:00+00:00, run_after=2023-11-21T07:11:00+00:00
[2023-11-21T10:11:10.630+0300] {processor.py:178} INFO - Processing /home/user/Masaüstü/kafka/.env/lib/python3.8/site-packages/airflow/example_dags/example_branch_python_dop_operator_3.py took 0.074 seconds
[2023-11-21T10:11:49.792+0300] {processor.py:156} INFO - Started process (PID=33616) to work on /home/user/Masaüstü/kafka/.env/lib/python3.8/site-packages/airflow/example_dags/example_branch_python_dop_operator_3.py
[2023-11-21T10:11:49.794+0300] {processor.py:758} INFO - Processing file /home/user/Masaüstü/kafka/.env/lib/python3.8/site-packages/airflow/example_dags/example_branch_python_dop_operator_3.py for tasks to queue
[2023-11-21T10:11:49.795+0300] {logging_mixin.py:117} INFO - [2023-11-21T10:11:49.794+0300] {dagbag.py:525} INFO - Filling up the DagBag from /home/user/Masaüstü/kafka/.env/lib/python3.8/site-packages/airflow/example_dags/example_branch_python_dop_operator_3.py
[2023-11-21T10:11:49.834+0300] {processor.py:768} INFO - DAG(s) dict_keys(['example_branch_dop_operator_v3']) retrieved from /home/user/Masaüstü/kafka/.env/lib/python3.8/site-packages/airflow/example_dags/example_branch_python_dop_operator_3.py
[2023-11-21T10:11:49.896+0300] {logging_mixin.py:117} INFO - [2023-11-21T10:11:49.896+0300] {dag.py:2573} INFO - Sync 1 DAGs
[2023-11-21T10:11:49.923+0300] {logging_mixin.py:117} INFO - [2023-11-21T10:11:49.923+0300] {dag.py:3324} INFO - Setting next_dagrun for example_branch_dop_operator_v3 to 2023-11-21T07:10:00+00:00, run_after=2023-11-21T07:11:00+00:00
[2023-11-21T10:11:49.949+0300] {processor.py:178} INFO - Processing /home/user/Masaüstü/kafka/.env/lib/python3.8/site-packages/airflow/example_dags/example_branch_python_dop_operator_3.py took 0.161 seconds
[2023-11-21T10:12:27.745+0300] {processor.py:156} INFO - Started process (PID=33841) to work on /home/user/Masaüstü/kafka/.env/lib/python3.8/site-packages/airflow/example_dags/example_branch_python_dop_operator_3.py
[2023-11-21T10:12:27.747+0300] {processor.py:758} INFO - Processing file /home/user/Masaüstü/kafka/.env/lib/python3.8/site-packages/airflow/example_dags/example_branch_python_dop_operator_3.py for tasks to queue
[2023-11-21T10:12:27.749+0300] {logging_mixin.py:117} INFO - [2023-11-21T10:12:27.749+0300] {dagbag.py:525} INFO - Filling up the DagBag from /home/user/Masaüstü/kafka/.env/lib/python3.8/site-packages/airflow/example_dags/example_branch_python_dop_operator_3.py
[2023-11-21T10:12:27.781+0300] {processor.py:768} INFO - DAG(s) dict_keys(['example_branch_dop_operator_v3']) retrieved from /home/user/Masaüstü/kafka/.env/lib/python3.8/site-packages/airflow/example_dags/example_branch_python_dop_operator_3.py
[2023-11-21T10:12:27.799+0300] {logging_mixin.py:117} INFO - [2023-11-21T10:12:27.799+0300] {dag.py:2573} INFO - Sync 1 DAGs
[2023-11-21T10:12:27.816+0300] {logging_mixin.py:117} INFO - [2023-11-21T10:12:27.816+0300] {dag.py:3324} INFO - Setting next_dagrun for example_branch_dop_operator_v3 to 2023-11-21T07:11:00+00:00, run_after=2023-11-21T07:12:00+00:00
[2023-11-21T10:12:27.842+0300] {processor.py:178} INFO - Processing /home/user/Masaüstü/kafka/.env/lib/python3.8/site-packages/airflow/example_dags/example_branch_python_dop_operator_3.py took 0.104 seconds
[2023-11-21T10:13:05.938+0300] {processor.py:156} INFO - Started process (PID=34083) to work on /home/user/Masaüstü/kafka/.env/lib/python3.8/site-packages/airflow/example_dags/example_branch_python_dop_operator_3.py
[2023-11-21T10:13:05.940+0300] {processor.py:758} INFO - Processing file /home/user/Masaüstü/kafka/.env/lib/python3.8/site-packages/airflow/example_dags/example_branch_python_dop_operator_3.py for tasks to queue
[2023-11-21T10:13:05.940+0300] {logging_mixin.py:117} INFO - [2023-11-21T10:13:05.940+0300] {dagbag.py:525} INFO - Filling up the DagBag from /home/user/Masaüstü/kafka/.env/lib/python3.8/site-packages/airflow/example_dags/example_branch_python_dop_operator_3.py
[2023-11-21T10:13:05.959+0300] {processor.py:768} INFO - DAG(s) dict_keys(['example_branch_dop_operator_v3']) retrieved from /home/user/Masaüstü/kafka/.env/lib/python3.8/site-packages/airflow/example_dags/example_branch_python_dop_operator_3.py
[2023-11-21T10:13:05.976+0300] {logging_mixin.py:117} INFO - [2023-11-21T10:13:05.976+0300] {dag.py:2573} INFO - Sync 1 DAGs
[2023-11-21T10:13:05.994+0300] {logging_mixin.py:117} INFO - [2023-11-21T10:13:05.994+0300] {dag.py:3324} INFO - Setting next_dagrun for example_branch_dop_operator_v3 to 2023-11-21T07:12:00+00:00, run_after=2023-11-21T07:13:00+00:00
[2023-11-21T10:13:06.011+0300] {processor.py:178} INFO - Processing /home/user/Masaüstü/kafka/.env/lib/python3.8/site-packages/airflow/example_dags/example_branch_python_dop_operator_3.py took 0.075 seconds
[2023-11-21T10:13:43.814+0300] {processor.py:156} INFO - Started process (PID=34489) to work on /home/user/Masaüstü/kafka/.env/lib/python3.8/site-packages/airflow/example_dags/example_branch_python_dop_operator_3.py
[2023-11-21T10:13:43.816+0300] {processor.py:758} INFO - Processing file /home/user/Masaüstü/kafka/.env/lib/python3.8/site-packages/airflow/example_dags/example_branch_python_dop_operator_3.py for tasks to queue
[2023-11-21T10:13:43.816+0300] {logging_mixin.py:117} INFO - [2023-11-21T10:13:43.816+0300] {dagbag.py:525} INFO - Filling up the DagBag from /home/user/Masaüstü/kafka/.env/lib/python3.8/site-packages/airflow/example_dags/example_branch_python_dop_operator_3.py
[2023-11-21T10:13:43.836+0300] {processor.py:768} INFO - DAG(s) dict_keys(['example_branch_dop_operator_v3']) retrieved from /home/user/Masaüstü/kafka/.env/lib/python3.8/site-packages/airflow/example_dags/example_branch_python_dop_operator_3.py
[2023-11-21T10:13:43.857+0300] {logging_mixin.py:117} INFO - [2023-11-21T10:13:43.856+0300] {dag.py:2573} INFO - Sync 1 DAGs
[2023-11-21T10:13:43.875+0300] {logging_mixin.py:117} INFO - [2023-11-21T10:13:43.875+0300] {dag.py:3324} INFO - Setting next_dagrun for example_branch_dop_operator_v3 to 2023-11-21T07:12:00+00:00, run_after=2023-11-21T07:13:00+00:00
[2023-11-21T10:13:43.894+0300] {processor.py:178} INFO - Processing /home/user/Masaüstü/kafka/.env/lib/python3.8/site-packages/airflow/example_dags/example_branch_python_dop_operator_3.py took 0.083 seconds
[2023-11-21T10:14:37.231+0300] {processor.py:156} INFO - Started process (PID=35246) to work on /home/user/Masaüstü/kafka/.env/lib/python3.8/site-packages/airflow/example_dags/example_branch_python_dop_operator_3.py
[2023-11-21T10:14:37.234+0300] {processor.py:758} INFO - Processing file /home/user/Masaüstü/kafka/.env/lib/python3.8/site-packages/airflow/example_dags/example_branch_python_dop_operator_3.py for tasks to queue
[2023-11-21T10:14:37.235+0300] {logging_mixin.py:117} INFO - [2023-11-21T10:14:37.235+0300] {dagbag.py:525} INFO - Filling up the DagBag from /home/user/Masaüstü/kafka/.env/lib/python3.8/site-packages/airflow/example_dags/example_branch_python_dop_operator_3.py
[2023-11-21T10:14:37.272+0300] {processor.py:768} INFO - DAG(s) dict_keys(['example_branch_dop_operator_v3']) retrieved from /home/user/Masaüstü/kafka/.env/lib/python3.8/site-packages/airflow/example_dags/example_branch_python_dop_operator_3.py
[2023-11-21T10:14:37.290+0300] {logging_mixin.py:117} INFO - [2023-11-21T10:14:37.289+0300] {dag.py:2573} INFO - Sync 1 DAGs
[2023-11-21T10:14:37.310+0300] {logging_mixin.py:117} INFO - [2023-11-21T10:14:37.310+0300] {dag.py:3324} INFO - Setting next_dagrun for example_branch_dop_operator_v3 to 2023-11-21T07:13:00+00:00, run_after=2023-11-21T07:14:00+00:00
[2023-11-21T10:14:37.329+0300] {processor.py:178} INFO - Processing /home/user/Masaüstü/kafka/.env/lib/python3.8/site-packages/airflow/example_dags/example_branch_python_dop_operator_3.py took 0.105 seconds
[2023-11-21T10:15:13.002+0300] {processor.py:156} INFO - Started process (PID=35548) to work on /home/user/Masaüstü/kafka/.env/lib/python3.8/site-packages/airflow/example_dags/example_branch_python_dop_operator_3.py
[2023-11-21T10:15:13.005+0300] {processor.py:758} INFO - Processing file /home/user/Masaüstü/kafka/.env/lib/python3.8/site-packages/airflow/example_dags/example_branch_python_dop_operator_3.py for tasks to queue
[2023-11-21T10:15:13.007+0300] {logging_mixin.py:117} INFO - [2023-11-21T10:15:13.006+0300] {dagbag.py:525} INFO - Filling up the DagBag from /home/user/Masaüstü/kafka/.env/lib/python3.8/site-packages/airflow/example_dags/example_branch_python_dop_operator_3.py
[2023-11-21T10:15:13.043+0300] {processor.py:768} INFO - DAG(s) dict_keys(['example_branch_dop_operator_v3']) retrieved from /home/user/Masaüstü/kafka/.env/lib/python3.8/site-packages/airflow/example_dags/example_branch_python_dop_operator_3.py
[2023-11-21T10:15:13.060+0300] {logging_mixin.py:117} INFO - [2023-11-21T10:15:13.060+0300] {dag.py:2573} INFO - Sync 1 DAGs
[2023-11-21T10:15:13.078+0300] {logging_mixin.py:117} INFO - [2023-11-21T10:15:13.078+0300] {dag.py:3324} INFO - Setting next_dagrun for example_branch_dop_operator_v3 to 2023-11-21T07:14:00+00:00, run_after=2023-11-21T07:15:00+00:00
[2023-11-21T10:15:13.095+0300] {processor.py:178} INFO - Processing /home/user/Masaüstü/kafka/.env/lib/python3.8/site-packages/airflow/example_dags/example_branch_python_dop_operator_3.py took 0.099 seconds
[2023-11-21T10:15:50.318+0300] {processor.py:156} INFO - Started process (PID=35787) to work on /home/user/Masaüstü/kafka/.env/lib/python3.8/site-packages/airflow/example_dags/example_branch_python_dop_operator_3.py
[2023-11-21T10:15:50.320+0300] {processor.py:758} INFO - Processing file /home/user/Masaüstü/kafka/.env/lib/python3.8/site-packages/airflow/example_dags/example_branch_python_dop_operator_3.py for tasks to queue
[2023-11-21T10:15:50.320+0300] {logging_mixin.py:117} INFO - [2023-11-21T10:15:50.320+0300] {dagbag.py:525} INFO - Filling up the DagBag from /home/user/Masaüstü/kafka/.env/lib/python3.8/site-packages/airflow/example_dags/example_branch_python_dop_operator_3.py
[2023-11-21T10:15:50.338+0300] {processor.py:768} INFO - DAG(s) dict_keys(['example_branch_dop_operator_v3']) retrieved from /home/user/Masaüstü/kafka/.env/lib/python3.8/site-packages/airflow/example_dags/example_branch_python_dop_operator_3.py
[2023-11-21T10:15:50.355+0300] {logging_mixin.py:117} INFO - [2023-11-21T10:15:50.355+0300] {dag.py:2573} INFO - Sync 1 DAGs
[2023-11-21T10:15:50.374+0300] {logging_mixin.py:117} INFO - [2023-11-21T10:15:50.374+0300] {dag.py:3324} INFO - Setting next_dagrun for example_branch_dop_operator_v3 to 2023-11-21T07:14:00+00:00, run_after=2023-11-21T07:15:00+00:00
[2023-11-21T10:15:50.403+0300] {processor.py:178} INFO - Processing /home/user/Masaüstü/kafka/.env/lib/python3.8/site-packages/airflow/example_dags/example_branch_python_dop_operator_3.py took 0.086 seconds
[2023-11-21T10:16:28.694+0300] {processor.py:156} INFO - Started process (PID=36024) to work on /home/user/Masaüstü/kafka/.env/lib/python3.8/site-packages/airflow/example_dags/example_branch_python_dop_operator_3.py
[2023-11-21T10:16:28.696+0300] {processor.py:758} INFO - Processing file /home/user/Masaüstü/kafka/.env/lib/python3.8/site-packages/airflow/example_dags/example_branch_python_dop_operator_3.py for tasks to queue
[2023-11-21T10:16:28.697+0300] {logging_mixin.py:117} INFO - [2023-11-21T10:16:28.697+0300] {dagbag.py:525} INFO - Filling up the DagBag from /home/user/Masaüstü/kafka/.env/lib/python3.8/site-packages/airflow/example_dags/example_branch_python_dop_operator_3.py
[2023-11-21T10:16:28.726+0300] {processor.py:768} INFO - DAG(s) dict_keys(['example_branch_dop_operator_v3']) retrieved from /home/user/Masaüstü/kafka/.env/lib/python3.8/site-packages/airflow/example_dags/example_branch_python_dop_operator_3.py
[2023-11-21T10:16:28.747+0300] {logging_mixin.py:117} INFO - [2023-11-21T10:16:28.747+0300] {dag.py:2573} INFO - Sync 1 DAGs
[2023-11-21T10:16:28.765+0300] {logging_mixin.py:117} INFO - [2023-11-21T10:16:28.765+0300] {dag.py:3324} INFO - Setting next_dagrun for example_branch_dop_operator_v3 to 2023-11-21T07:15:00+00:00, run_after=2023-11-21T07:16:00+00:00
[2023-11-21T10:16:28.782+0300] {processor.py:178} INFO - Processing /home/user/Masaüstü/kafka/.env/lib/python3.8/site-packages/airflow/example_dags/example_branch_python_dop_operator_3.py took 0.091 seconds
[2023-11-21T10:17:07.199+0300] {processor.py:156} INFO - Started process (PID=36306) to work on /home/user/Masaüstü/kafka/.env/lib/python3.8/site-packages/airflow/example_dags/example_branch_python_dop_operator_3.py
[2023-11-21T10:17:07.199+0300] {processor.py:758} INFO - Processing file /home/user/Masaüstü/kafka/.env/lib/python3.8/site-packages/airflow/example_dags/example_branch_python_dop_operator_3.py for tasks to queue
[2023-11-21T10:17:07.200+0300] {logging_mixin.py:117} INFO - [2023-11-21T10:17:07.200+0300] {dagbag.py:525} INFO - Filling up the DagBag from /home/user/Masaüstü/kafka/.env/lib/python3.8/site-packages/airflow/example_dags/example_branch_python_dop_operator_3.py
[2023-11-21T10:17:07.218+0300] {processor.py:768} INFO - DAG(s) dict_keys(['example_branch_dop_operator_v3']) retrieved from /home/user/Masaüstü/kafka/.env/lib/python3.8/site-packages/airflow/example_dags/example_branch_python_dop_operator_3.py
[2023-11-21T10:17:07.235+0300] {logging_mixin.py:117} INFO - [2023-11-21T10:17:07.235+0300] {dag.py:2573} INFO - Sync 1 DAGs
[2023-11-21T10:17:07.253+0300] {logging_mixin.py:117} INFO - [2023-11-21T10:17:07.253+0300] {dag.py:3324} INFO - Setting next_dagrun for example_branch_dop_operator_v3 to 2023-11-21T07:16:00+00:00, run_after=2023-11-21T07:17:00+00:00
[2023-11-21T10:17:07.278+0300] {processor.py:178} INFO - Processing /home/user/Masaüstü/kafka/.env/lib/python3.8/site-packages/airflow/example_dags/example_branch_python_dop_operator_3.py took 0.081 seconds
[2023-11-21T10:17:43.630+0300] {processor.py:156} INFO - Started process (PID=36552) to work on /home/user/Masaüstü/kafka/.env/lib/python3.8/site-packages/airflow/example_dags/example_branch_python_dop_operator_3.py
[2023-11-21T10:17:43.632+0300] {processor.py:758} INFO - Processing file /home/user/Masaüstü/kafka/.env/lib/python3.8/site-packages/airflow/example_dags/example_branch_python_dop_operator_3.py for tasks to queue
[2023-11-21T10:17:43.633+0300] {logging_mixin.py:117} INFO - [2023-11-21T10:17:43.633+0300] {dagbag.py:525} INFO - Filling up the DagBag from /home/user/Masaüstü/kafka/.env/lib/python3.8/site-packages/airflow/example_dags/example_branch_python_dop_operator_3.py
[2023-11-21T10:17:43.670+0300] {processor.py:768} INFO - DAG(s) dict_keys(['example_branch_dop_operator_v3']) retrieved from /home/user/Masaüstü/kafka/.env/lib/python3.8/site-packages/airflow/example_dags/example_branch_python_dop_operator_3.py
[2023-11-21T10:17:43.706+0300] {logging_mixin.py:117} INFO - [2023-11-21T10:17:43.706+0300] {dag.py:2573} INFO - Sync 1 DAGs
[2023-11-21T10:17:43.727+0300] {logging_mixin.py:117} INFO - [2023-11-21T10:17:43.727+0300] {dag.py:3324} INFO - Setting next_dagrun for example_branch_dop_operator_v3 to 2023-11-21T07:16:00+00:00, run_after=2023-11-21T07:17:00+00:00
[2023-11-21T10:17:43.747+0300] {processor.py:178} INFO - Processing /home/user/Masaüstü/kafka/.env/lib/python3.8/site-packages/airflow/example_dags/example_branch_python_dop_operator_3.py took 0.121 seconds
[2023-11-21T10:18:21.284+0300] {processor.py:156} INFO - Started process (PID=36811) to work on /home/user/Masaüstü/kafka/.env/lib/python3.8/site-packages/airflow/example_dags/example_branch_python_dop_operator_3.py
[2023-11-21T10:18:21.287+0300] {processor.py:758} INFO - Processing file /home/user/Masaüstü/kafka/.env/lib/python3.8/site-packages/airflow/example_dags/example_branch_python_dop_operator_3.py for tasks to queue
[2023-11-21T10:18:21.288+0300] {logging_mixin.py:117} INFO - [2023-11-21T10:18:21.288+0300] {dagbag.py:525} INFO - Filling up the DagBag from /home/user/Masaüstü/kafka/.env/lib/python3.8/site-packages/airflow/example_dags/example_branch_python_dop_operator_3.py
[2023-11-21T10:18:21.327+0300] {processor.py:768} INFO - DAG(s) dict_keys(['example_branch_dop_operator_v3']) retrieved from /home/user/Masaüstü/kafka/.env/lib/python3.8/site-packages/airflow/example_dags/example_branch_python_dop_operator_3.py
[2023-11-21T10:18:21.345+0300] {logging_mixin.py:117} INFO - [2023-11-21T10:18:21.345+0300] {dag.py:2573} INFO - Sync 1 DAGs
[2023-11-21T10:18:21.363+0300] {logging_mixin.py:117} INFO - [2023-11-21T10:18:21.363+0300] {dag.py:3324} INFO - Setting next_dagrun for example_branch_dop_operator_v3 to 2023-11-21T07:17:00+00:00, run_after=2023-11-21T07:18:00+00:00
[2023-11-21T10:18:21.380+0300] {processor.py:178} INFO - Processing /home/user/Masaüstü/kafka/.env/lib/python3.8/site-packages/airflow/example_dags/example_branch_python_dop_operator_3.py took 0.103 seconds
[2023-11-21T10:18:59.795+0300] {processor.py:156} INFO - Started process (PID=37064) to work on /home/user/Masaüstü/kafka/.env/lib/python3.8/site-packages/airflow/example_dags/example_branch_python_dop_operator_3.py
[2023-11-21T10:18:59.797+0300] {processor.py:758} INFO - Processing file /home/user/Masaüstü/kafka/.env/lib/python3.8/site-packages/airflow/example_dags/example_branch_python_dop_operator_3.py for tasks to queue
[2023-11-21T10:18:59.798+0300] {logging_mixin.py:117} INFO - [2023-11-21T10:18:59.798+0300] {dagbag.py:525} INFO - Filling up the DagBag from /home/user/Masaüstü/kafka/.env/lib/python3.8/site-packages/airflow/example_dags/example_branch_python_dop_operator_3.py
[2023-11-21T10:18:59.830+0300] {processor.py:768} INFO - DAG(s) dict_keys(['example_branch_dop_operator_v3']) retrieved from /home/user/Masaüstü/kafka/.env/lib/python3.8/site-packages/airflow/example_dags/example_branch_python_dop_operator_3.py
[2023-11-21T10:18:59.851+0300] {logging_mixin.py:117} INFO - [2023-11-21T10:18:59.851+0300] {dag.py:2573} INFO - Sync 1 DAGs
[2023-11-21T10:18:59.871+0300] {logging_mixin.py:117} INFO - [2023-11-21T10:18:59.871+0300] {dag.py:3324} INFO - Setting next_dagrun for example_branch_dop_operator_v3 to 2023-11-21T07:17:00+00:00, run_after=2023-11-21T07:18:00+00:00
[2023-11-21T10:18:59.896+0300] {processor.py:178} INFO - Processing /home/user/Masaüstü/kafka/.env/lib/python3.8/site-packages/airflow/example_dags/example_branch_python_dop_operator_3.py took 0.105 seconds
[2023-11-21T10:19:39.076+0300] {processor.py:156} INFO - Started process (PID=37310) to work on /home/user/Masaüstü/kafka/.env/lib/python3.8/site-packages/airflow/example_dags/example_branch_python_dop_operator_3.py
[2023-11-21T10:19:39.078+0300] {processor.py:758} INFO - Processing file /home/user/Masaüstü/kafka/.env/lib/python3.8/site-packages/airflow/example_dags/example_branch_python_dop_operator_3.py for tasks to queue
[2023-11-21T10:19:39.078+0300] {logging_mixin.py:117} INFO - [2023-11-21T10:19:39.078+0300] {dagbag.py:525} INFO - Filling up the DagBag from /home/user/Masaüstü/kafka/.env/lib/python3.8/site-packages/airflow/example_dags/example_branch_python_dop_operator_3.py
[2023-11-21T10:19:39.098+0300] {processor.py:768} INFO - DAG(s) dict_keys(['example_branch_dop_operator_v3']) retrieved from /home/user/Masaüstü/kafka/.env/lib/python3.8/site-packages/airflow/example_dags/example_branch_python_dop_operator_3.py
[2023-11-21T10:19:39.122+0300] {logging_mixin.py:117} INFO - [2023-11-21T10:19:39.122+0300] {dag.py:2573} INFO - Sync 1 DAGs
[2023-11-21T10:19:39.148+0300] {logging_mixin.py:117} INFO - [2023-11-21T10:19:39.148+0300] {dag.py:3324} INFO - Setting next_dagrun for example_branch_dop_operator_v3 to 2023-11-21T07:18:00+00:00, run_after=2023-11-21T07:19:00+00:00
[2023-11-21T10:19:39.175+0300] {processor.py:178} INFO - Processing /home/user/Masaüstü/kafka/.env/lib/python3.8/site-packages/airflow/example_dags/example_branch_python_dop_operator_3.py took 0.101 seconds
