[2023-11-21T09:51:34.330+0300] {processor.py:156} INFO - Started process (PID=23661) to work on /home/user/Masaüstü/kafka/.env/lib/python3.8/site-packages/airflow/example_dags/example_branch_labels.py
[2023-11-21T09:51:34.330+0300] {processor.py:758} INFO - Processing file /home/user/Masaüstü/kafka/.env/lib/python3.8/site-packages/airflow/example_dags/example_branch_labels.py for tasks to queue
[2023-11-21T09:51:34.331+0300] {logging_mixin.py:117} INFO - [2023-11-21T09:51:34.331+0300] {dagbag.py:525} INFO - Filling up the DagBag from /home/user/Masaüstü/kafka/.env/lib/python3.8/site-packages/airflow/example_dags/example_branch_labels.py
[2023-11-21T09:51:34.344+0300] {processor.py:768} INFO - DAG(s) dict_keys(['example_branch_labels']) retrieved from /home/user/Masaüstü/kafka/.env/lib/python3.8/site-packages/airflow/example_dags/example_branch_labels.py
[2023-11-21T09:51:34.355+0300] {logging_mixin.py:117} INFO - [2023-11-21T09:51:34.355+0300] {dag.py:2573} INFO - Sync 1 DAGs
[2023-11-21T09:51:34.373+0300] {logging_mixin.py:117} INFO - [2023-11-21T09:51:34.373+0300] {dag.py:3324} INFO - Setting next_dagrun for example_branch_labels to 2023-11-20T00:00:00+00:00, run_after=2023-11-21T00:00:00+00:00
[2023-11-21T09:51:34.393+0300] {processor.py:178} INFO - Processing /home/user/Masaüstü/kafka/.env/lib/python3.8/site-packages/airflow/example_dags/example_branch_labels.py took 0.066 seconds
[2023-11-21T09:52:12.899+0300] {processor.py:156} INFO - Started process (PID=24018) to work on /home/user/Masaüstü/kafka/.env/lib/python3.8/site-packages/airflow/example_dags/example_branch_labels.py
[2023-11-21T09:52:12.901+0300] {processor.py:758} INFO - Processing file /home/user/Masaüstü/kafka/.env/lib/python3.8/site-packages/airflow/example_dags/example_branch_labels.py for tasks to queue
[2023-11-21T09:52:12.902+0300] {logging_mixin.py:117} INFO - [2023-11-21T09:52:12.902+0300] {dagbag.py:525} INFO - Filling up the DagBag from /home/user/Masaüstü/kafka/.env/lib/python3.8/site-packages/airflow/example_dags/example_branch_labels.py
[2023-11-21T09:52:12.924+0300] {processor.py:768} INFO - DAG(s) dict_keys(['example_branch_labels']) retrieved from /home/user/Masaüstü/kafka/.env/lib/python3.8/site-packages/airflow/example_dags/example_branch_labels.py
[2023-11-21T09:52:12.958+0300] {logging_mixin.py:117} INFO - [2023-11-21T09:52:12.958+0300] {dag.py:2573} INFO - Sync 1 DAGs
[2023-11-21T09:52:13.006+0300] {logging_mixin.py:117} INFO - [2023-11-21T09:52:13.006+0300] {dag.py:3324} INFO - Setting next_dagrun for example_branch_labels to 2023-11-20T00:00:00+00:00, run_after=2023-11-21T00:00:00+00:00
[2023-11-21T09:52:13.050+0300] {processor.py:178} INFO - Processing /home/user/Masaüstü/kafka/.env/lib/python3.8/site-packages/airflow/example_dags/example_branch_labels.py took 0.152 seconds
[2023-11-21T09:52:50.101+0300] {processor.py:156} INFO - Started process (PID=24474) to work on /home/user/Masaüstü/kafka/.env/lib/python3.8/site-packages/airflow/example_dags/example_branch_labels.py
[2023-11-21T09:52:50.104+0300] {processor.py:758} INFO - Processing file /home/user/Masaüstü/kafka/.env/lib/python3.8/site-packages/airflow/example_dags/example_branch_labels.py for tasks to queue
[2023-11-21T09:52:50.105+0300] {logging_mixin.py:117} INFO - [2023-11-21T09:52:50.105+0300] {dagbag.py:525} INFO - Filling up the DagBag from /home/user/Masaüstü/kafka/.env/lib/python3.8/site-packages/airflow/example_dags/example_branch_labels.py
[2023-11-21T09:52:50.136+0300] {processor.py:768} INFO - DAG(s) dict_keys(['example_branch_labels']) retrieved from /home/user/Masaüstü/kafka/.env/lib/python3.8/site-packages/airflow/example_dags/example_branch_labels.py
[2023-11-21T09:52:50.155+0300] {logging_mixin.py:117} INFO - [2023-11-21T09:52:50.155+0300] {dag.py:2573} INFO - Sync 1 DAGs
[2023-11-21T09:52:50.172+0300] {logging_mixin.py:117} INFO - [2023-11-21T09:52:50.172+0300] {dag.py:3324} INFO - Setting next_dagrun for example_branch_labels to 2023-11-20T00:00:00+00:00, run_after=2023-11-21T00:00:00+00:00
[2023-11-21T09:52:50.189+0300] {processor.py:178} INFO - Processing /home/user/Masaüstü/kafka/.env/lib/python3.8/site-packages/airflow/example_dags/example_branch_labels.py took 0.095 seconds
[2023-11-21T09:53:28.247+0300] {processor.py:156} INFO - Started process (PID=24732) to work on /home/user/Masaüstü/kafka/.env/lib/python3.8/site-packages/airflow/example_dags/example_branch_labels.py
[2023-11-21T09:53:28.250+0300] {processor.py:758} INFO - Processing file /home/user/Masaüstü/kafka/.env/lib/python3.8/site-packages/airflow/example_dags/example_branch_labels.py for tasks to queue
[2023-11-21T09:53:28.251+0300] {logging_mixin.py:117} INFO - [2023-11-21T09:53:28.251+0300] {dagbag.py:525} INFO - Filling up the DagBag from /home/user/Masaüstü/kafka/.env/lib/python3.8/site-packages/airflow/example_dags/example_branch_labels.py
[2023-11-21T09:53:28.273+0300] {processor.py:768} INFO - DAG(s) dict_keys(['example_branch_labels']) retrieved from /home/user/Masaüstü/kafka/.env/lib/python3.8/site-packages/airflow/example_dags/example_branch_labels.py
[2023-11-21T09:53:28.312+0300] {logging_mixin.py:117} INFO - [2023-11-21T09:53:28.312+0300] {dag.py:2573} INFO - Sync 1 DAGs
[2023-11-21T09:53:28.338+0300] {logging_mixin.py:117} INFO - [2023-11-21T09:53:28.337+0300] {dag.py:3324} INFO - Setting next_dagrun for example_branch_labels to 2023-11-20T00:00:00+00:00, run_after=2023-11-21T00:00:00+00:00
[2023-11-21T09:53:28.363+0300] {processor.py:178} INFO - Processing /home/user/Masaüstü/kafka/.env/lib/python3.8/site-packages/airflow/example_dags/example_branch_labels.py took 0.119 seconds
[2023-11-21T09:54:04.963+0300] {processor.py:156} INFO - Started process (PID=24966) to work on /home/user/Masaüstü/kafka/.env/lib/python3.8/site-packages/airflow/example_dags/example_branch_labels.py
[2023-11-21T09:54:04.966+0300] {processor.py:758} INFO - Processing file /home/user/Masaüstü/kafka/.env/lib/python3.8/site-packages/airflow/example_dags/example_branch_labels.py for tasks to queue
[2023-11-21T09:54:04.968+0300] {logging_mixin.py:117} INFO - [2023-11-21T09:54:04.968+0300] {dagbag.py:525} INFO - Filling up the DagBag from /home/user/Masaüstü/kafka/.env/lib/python3.8/site-packages/airflow/example_dags/example_branch_labels.py
[2023-11-21T09:54:05.020+0300] {processor.py:768} INFO - DAG(s) dict_keys(['example_branch_labels']) retrieved from /home/user/Masaüstü/kafka/.env/lib/python3.8/site-packages/airflow/example_dags/example_branch_labels.py
[2023-11-21T09:54:05.069+0300] {logging_mixin.py:117} INFO - [2023-11-21T09:54:05.068+0300] {dag.py:2573} INFO - Sync 1 DAGs
[2023-11-21T09:54:05.093+0300] {logging_mixin.py:117} INFO - [2023-11-21T09:54:05.093+0300] {dag.py:3324} INFO - Setting next_dagrun for example_branch_labels to 2023-11-20T00:00:00+00:00, run_after=2023-11-21T00:00:00+00:00
[2023-11-21T09:54:05.114+0300] {processor.py:178} INFO - Processing /home/user/Masaüstü/kafka/.env/lib/python3.8/site-packages/airflow/example_dags/example_branch_labels.py took 0.155 seconds
[2023-11-21T09:54:41.412+0300] {processor.py:156} INFO - Started process (PID=25188) to work on /home/user/Masaüstü/kafka/.env/lib/python3.8/site-packages/airflow/example_dags/example_branch_labels.py
[2023-11-21T09:54:41.416+0300] {processor.py:758} INFO - Processing file /home/user/Masaüstü/kafka/.env/lib/python3.8/site-packages/airflow/example_dags/example_branch_labels.py for tasks to queue
[2023-11-21T09:54:41.417+0300] {logging_mixin.py:117} INFO - [2023-11-21T09:54:41.417+0300] {dagbag.py:525} INFO - Filling up the DagBag from /home/user/Masaüstü/kafka/.env/lib/python3.8/site-packages/airflow/example_dags/example_branch_labels.py
[2023-11-21T09:54:41.446+0300] {processor.py:768} INFO - DAG(s) dict_keys(['example_branch_labels']) retrieved from /home/user/Masaüstü/kafka/.env/lib/python3.8/site-packages/airflow/example_dags/example_branch_labels.py
[2023-11-21T09:54:41.465+0300] {logging_mixin.py:117} INFO - [2023-11-21T09:54:41.465+0300] {dag.py:2573} INFO - Sync 1 DAGs
[2023-11-21T09:54:41.481+0300] {logging_mixin.py:117} INFO - [2023-11-21T09:54:41.481+0300] {dag.py:3324} INFO - Setting next_dagrun for example_branch_labels to 2023-11-20T00:00:00+00:00, run_after=2023-11-21T00:00:00+00:00
[2023-11-21T09:54:41.498+0300] {processor.py:178} INFO - Processing /home/user/Masaüstü/kafka/.env/lib/python3.8/site-packages/airflow/example_dags/example_branch_labels.py took 0.092 seconds
[2023-11-21T09:55:18.716+0300] {processor.py:156} INFO - Started process (PID=25415) to work on /home/user/Masaüstü/kafka/.env/lib/python3.8/site-packages/airflow/example_dags/example_branch_labels.py
[2023-11-21T09:55:18.719+0300] {processor.py:758} INFO - Processing file /home/user/Masaüstü/kafka/.env/lib/python3.8/site-packages/airflow/example_dags/example_branch_labels.py for tasks to queue
[2023-11-21T09:55:18.721+0300] {logging_mixin.py:117} INFO - [2023-11-21T09:55:18.721+0300] {dagbag.py:525} INFO - Filling up the DagBag from /home/user/Masaüstü/kafka/.env/lib/python3.8/site-packages/airflow/example_dags/example_branch_labels.py
[2023-11-21T09:55:18.749+0300] {processor.py:768} INFO - DAG(s) dict_keys(['example_branch_labels']) retrieved from /home/user/Masaüstü/kafka/.env/lib/python3.8/site-packages/airflow/example_dags/example_branch_labels.py
[2023-11-21T09:55:18.771+0300] {logging_mixin.py:117} INFO - [2023-11-21T09:55:18.771+0300] {dag.py:2573} INFO - Sync 1 DAGs
[2023-11-21T09:55:18.791+0300] {logging_mixin.py:117} INFO - [2023-11-21T09:55:18.791+0300] {dag.py:3324} INFO - Setting next_dagrun for example_branch_labels to 2023-11-20T00:00:00+00:00, run_after=2023-11-21T00:00:00+00:00
[2023-11-21T09:55:18.812+0300] {processor.py:178} INFO - Processing /home/user/Masaüstü/kafka/.env/lib/python3.8/site-packages/airflow/example_dags/example_branch_labels.py took 0.102 seconds
[2023-11-21T09:55:55.883+0300] {processor.py:156} INFO - Started process (PID=25725) to work on /home/user/Masaüstü/kafka/.env/lib/python3.8/site-packages/airflow/example_dags/example_branch_labels.py
[2023-11-21T09:55:55.885+0300] {processor.py:758} INFO - Processing file /home/user/Masaüstü/kafka/.env/lib/python3.8/site-packages/airflow/example_dags/example_branch_labels.py for tasks to queue
[2023-11-21T09:55:55.885+0300] {logging_mixin.py:117} INFO - [2023-11-21T09:55:55.885+0300] {dagbag.py:525} INFO - Filling up the DagBag from /home/user/Masaüstü/kafka/.env/lib/python3.8/site-packages/airflow/example_dags/example_branch_labels.py
[2023-11-21T09:55:55.906+0300] {processor.py:768} INFO - DAG(s) dict_keys(['example_branch_labels']) retrieved from /home/user/Masaüstü/kafka/.env/lib/python3.8/site-packages/airflow/example_dags/example_branch_labels.py
[2023-11-21T09:55:55.928+0300] {logging_mixin.py:117} INFO - [2023-11-21T09:55:55.927+0300] {dag.py:2573} INFO - Sync 1 DAGs
[2023-11-21T09:55:55.945+0300] {logging_mixin.py:117} INFO - [2023-11-21T09:55:55.945+0300] {dag.py:3324} INFO - Setting next_dagrun for example_branch_labels to 2023-11-20T00:00:00+00:00, run_after=2023-11-21T00:00:00+00:00
[2023-11-21T09:55:55.962+0300] {processor.py:178} INFO - Processing /home/user/Masaüstü/kafka/.env/lib/python3.8/site-packages/airflow/example_dags/example_branch_labels.py took 0.082 seconds
[2023-11-21T09:56:33.429+0300] {processor.py:156} INFO - Started process (PID=25997) to work on /home/user/Masaüstü/kafka/.env/lib/python3.8/site-packages/airflow/example_dags/example_branch_labels.py
[2023-11-21T09:56:33.429+0300] {processor.py:758} INFO - Processing file /home/user/Masaüstü/kafka/.env/lib/python3.8/site-packages/airflow/example_dags/example_branch_labels.py for tasks to queue
[2023-11-21T09:56:33.430+0300] {logging_mixin.py:117} INFO - [2023-11-21T09:56:33.430+0300] {dagbag.py:525} INFO - Filling up the DagBag from /home/user/Masaüstü/kafka/.env/lib/python3.8/site-packages/airflow/example_dags/example_branch_labels.py
[2023-11-21T09:56:33.441+0300] {processor.py:768} INFO - DAG(s) dict_keys(['example_branch_labels']) retrieved from /home/user/Masaüstü/kafka/.env/lib/python3.8/site-packages/airflow/example_dags/example_branch_labels.py
[2023-11-21T09:56:33.459+0300] {logging_mixin.py:117} INFO - [2023-11-21T09:56:33.459+0300] {dag.py:2573} INFO - Sync 1 DAGs
[2023-11-21T09:56:33.475+0300] {logging_mixin.py:117} INFO - [2023-11-21T09:56:33.475+0300] {dag.py:3324} INFO - Setting next_dagrun for example_branch_labels to 2023-11-20T00:00:00+00:00, run_after=2023-11-21T00:00:00+00:00
[2023-11-21T09:56:33.493+0300] {processor.py:178} INFO - Processing /home/user/Masaüstü/kafka/.env/lib/python3.8/site-packages/airflow/example_dags/example_branch_labels.py took 0.067 seconds
[2023-11-21T09:57:10.231+0300] {processor.py:156} INFO - Started process (PID=26227) to work on /home/user/Masaüstü/kafka/.env/lib/python3.8/site-packages/airflow/example_dags/example_branch_labels.py
[2023-11-21T09:57:10.234+0300] {processor.py:758} INFO - Processing file /home/user/Masaüstü/kafka/.env/lib/python3.8/site-packages/airflow/example_dags/example_branch_labels.py for tasks to queue
[2023-11-21T09:57:10.236+0300] {logging_mixin.py:117} INFO - [2023-11-21T09:57:10.235+0300] {dagbag.py:525} INFO - Filling up the DagBag from /home/user/Masaüstü/kafka/.env/lib/python3.8/site-packages/airflow/example_dags/example_branch_labels.py
[2023-11-21T09:57:10.261+0300] {processor.py:768} INFO - DAG(s) dict_keys(['example_branch_labels']) retrieved from /home/user/Masaüstü/kafka/.env/lib/python3.8/site-packages/airflow/example_dags/example_branch_labels.py
[2023-11-21T09:57:10.280+0300] {logging_mixin.py:117} INFO - [2023-11-21T09:57:10.279+0300] {dag.py:2573} INFO - Sync 1 DAGs
[2023-11-21T09:57:10.295+0300] {logging_mixin.py:117} INFO - [2023-11-21T09:57:10.295+0300] {dag.py:3324} INFO - Setting next_dagrun for example_branch_labels to 2023-11-20T00:00:00+00:00, run_after=2023-11-21T00:00:00+00:00
[2023-11-21T09:57:10.312+0300] {processor.py:178} INFO - Processing /home/user/Masaüstü/kafka/.env/lib/python3.8/site-packages/airflow/example_dags/example_branch_labels.py took 0.088 seconds
[2023-11-21T09:57:47.626+0300] {processor.py:156} INFO - Started process (PID=26467) to work on /home/user/Masaüstü/kafka/.env/lib/python3.8/site-packages/airflow/example_dags/example_branch_labels.py
[2023-11-21T09:57:47.629+0300] {processor.py:758} INFO - Processing file /home/user/Masaüstü/kafka/.env/lib/python3.8/site-packages/airflow/example_dags/example_branch_labels.py for tasks to queue
[2023-11-21T09:57:47.631+0300] {logging_mixin.py:117} INFO - [2023-11-21T09:57:47.630+0300] {dagbag.py:525} INFO - Filling up the DagBag from /home/user/Masaüstü/kafka/.env/lib/python3.8/site-packages/airflow/example_dags/example_branch_labels.py
[2023-11-21T09:57:47.652+0300] {processor.py:768} INFO - DAG(s) dict_keys(['example_branch_labels']) retrieved from /home/user/Masaüstü/kafka/.env/lib/python3.8/site-packages/airflow/example_dags/example_branch_labels.py
[2023-11-21T09:57:47.671+0300] {logging_mixin.py:117} INFO - [2023-11-21T09:57:47.671+0300] {dag.py:2573} INFO - Sync 1 DAGs
[2023-11-21T09:57:47.688+0300] {logging_mixin.py:117} INFO - [2023-11-21T09:57:47.688+0300] {dag.py:3324} INFO - Setting next_dagrun for example_branch_labels to 2023-11-20T00:00:00+00:00, run_after=2023-11-21T00:00:00+00:00
[2023-11-21T09:57:47.706+0300] {processor.py:178} INFO - Processing /home/user/Masaüstü/kafka/.env/lib/python3.8/site-packages/airflow/example_dags/example_branch_labels.py took 0.086 seconds
[2023-11-21T09:58:23.333+0300] {processor.py:156} INFO - Started process (PID=26830) to work on /home/user/Masaüstü/kafka/.env/lib/python3.8/site-packages/airflow/example_dags/example_branch_labels.py
[2023-11-21T09:58:23.333+0300] {processor.py:758} INFO - Processing file /home/user/Masaüstü/kafka/.env/lib/python3.8/site-packages/airflow/example_dags/example_branch_labels.py for tasks to queue
[2023-11-21T09:58:23.334+0300] {logging_mixin.py:117} INFO - [2023-11-21T09:58:23.333+0300] {dagbag.py:525} INFO - Filling up the DagBag from /home/user/Masaüstü/kafka/.env/lib/python3.8/site-packages/airflow/example_dags/example_branch_labels.py
[2023-11-21T09:58:23.351+0300] {processor.py:768} INFO - DAG(s) dict_keys(['example_branch_labels']) retrieved from /home/user/Masaüstü/kafka/.env/lib/python3.8/site-packages/airflow/example_dags/example_branch_labels.py
[2023-11-21T09:58:23.387+0300] {logging_mixin.py:117} INFO - [2023-11-21T09:58:23.387+0300] {dag.py:2573} INFO - Sync 1 DAGs
[2023-11-21T09:58:23.418+0300] {logging_mixin.py:117} INFO - [2023-11-21T09:58:23.418+0300] {dag.py:3324} INFO - Setting next_dagrun for example_branch_labels to 2023-11-20T00:00:00+00:00, run_after=2023-11-21T00:00:00+00:00
[2023-11-21T09:58:23.445+0300] {processor.py:178} INFO - Processing /home/user/Masaüstü/kafka/.env/lib/python3.8/site-packages/airflow/example_dags/example_branch_labels.py took 0.114 seconds
[2023-11-21T09:59:01.142+0300] {processor.py:156} INFO - Started process (PID=27293) to work on /home/user/Masaüstü/kafka/.env/lib/python3.8/site-packages/airflow/example_dags/example_branch_labels.py
[2023-11-21T09:59:01.145+0300] {processor.py:758} INFO - Processing file /home/user/Masaüstü/kafka/.env/lib/python3.8/site-packages/airflow/example_dags/example_branch_labels.py for tasks to queue
[2023-11-21T09:59:01.147+0300] {logging_mixin.py:117} INFO - [2023-11-21T09:59:01.147+0300] {dagbag.py:525} INFO - Filling up the DagBag from /home/user/Masaüstü/kafka/.env/lib/python3.8/site-packages/airflow/example_dags/example_branch_labels.py
[2023-11-21T09:59:01.176+0300] {processor.py:768} INFO - DAG(s) dict_keys(['example_branch_labels']) retrieved from /home/user/Masaüstü/kafka/.env/lib/python3.8/site-packages/airflow/example_dags/example_branch_labels.py
[2023-11-21T09:59:01.198+0300] {logging_mixin.py:117} INFO - [2023-11-21T09:59:01.198+0300] {dag.py:2573} INFO - Sync 1 DAGs
[2023-11-21T09:59:01.214+0300] {logging_mixin.py:117} INFO - [2023-11-21T09:59:01.214+0300] {dag.py:3324} INFO - Setting next_dagrun for example_branch_labels to 2023-11-20T00:00:00+00:00, run_after=2023-11-21T00:00:00+00:00
[2023-11-21T09:59:01.232+0300] {processor.py:178} INFO - Processing /home/user/Masaüstü/kafka/.env/lib/python3.8/site-packages/airflow/example_dags/example_branch_labels.py took 0.096 seconds
[2023-11-21T09:59:37.227+0300] {processor.py:156} INFO - Started process (PID=27529) to work on /home/user/Masaüstü/kafka/.env/lib/python3.8/site-packages/airflow/example_dags/example_branch_labels.py
[2023-11-21T09:59:37.230+0300] {processor.py:758} INFO - Processing file /home/user/Masaüstü/kafka/.env/lib/python3.8/site-packages/airflow/example_dags/example_branch_labels.py for tasks to queue
[2023-11-21T09:59:37.231+0300] {logging_mixin.py:117} INFO - [2023-11-21T09:59:37.231+0300] {dagbag.py:525} INFO - Filling up the DagBag from /home/user/Masaüstü/kafka/.env/lib/python3.8/site-packages/airflow/example_dags/example_branch_labels.py
[2023-11-21T09:59:37.257+0300] {processor.py:768} INFO - DAG(s) dict_keys(['example_branch_labels']) retrieved from /home/user/Masaüstü/kafka/.env/lib/python3.8/site-packages/airflow/example_dags/example_branch_labels.py
[2023-11-21T09:59:37.277+0300] {logging_mixin.py:117} INFO - [2023-11-21T09:59:37.276+0300] {dag.py:2573} INFO - Sync 1 DAGs
[2023-11-21T09:59:37.292+0300] {logging_mixin.py:117} INFO - [2023-11-21T09:59:37.292+0300] {dag.py:3324} INFO - Setting next_dagrun for example_branch_labels to 2023-11-20T00:00:00+00:00, run_after=2023-11-21T00:00:00+00:00
[2023-11-21T09:59:37.308+0300] {processor.py:178} INFO - Processing /home/user/Masaüstü/kafka/.env/lib/python3.8/site-packages/airflow/example_dags/example_branch_labels.py took 0.087 seconds
[2023-11-21T10:00:12.268+0300] {processor.py:156} INFO - Started process (PID=27751) to work on /home/user/Masaüstü/kafka/.env/lib/python3.8/site-packages/airflow/example_dags/example_branch_labels.py
[2023-11-21T10:00:12.270+0300] {processor.py:758} INFO - Processing file /home/user/Masaüstü/kafka/.env/lib/python3.8/site-packages/airflow/example_dags/example_branch_labels.py for tasks to queue
[2023-11-21T10:00:12.271+0300] {logging_mixin.py:117} INFO - [2023-11-21T10:00:12.271+0300] {dagbag.py:525} INFO - Filling up the DagBag from /home/user/Masaüstü/kafka/.env/lib/python3.8/site-packages/airflow/example_dags/example_branch_labels.py
[2023-11-21T10:00:12.287+0300] {processor.py:768} INFO - DAG(s) dict_keys(['example_branch_labels']) retrieved from /home/user/Masaüstü/kafka/.env/lib/python3.8/site-packages/airflow/example_dags/example_branch_labels.py
[2023-11-21T10:00:12.308+0300] {logging_mixin.py:117} INFO - [2023-11-21T10:00:12.307+0300] {dag.py:2573} INFO - Sync 1 DAGs
[2023-11-21T10:00:12.323+0300] {logging_mixin.py:117} INFO - [2023-11-21T10:00:12.323+0300] {dag.py:3324} INFO - Setting next_dagrun for example_branch_labels to 2023-11-20T00:00:00+00:00, run_after=2023-11-21T00:00:00+00:00
[2023-11-21T10:00:12.343+0300] {processor.py:178} INFO - Processing /home/user/Masaüstü/kafka/.env/lib/python3.8/site-packages/airflow/example_dags/example_branch_labels.py took 0.077 seconds
[2023-11-21T10:00:48.344+0300] {processor.py:156} INFO - Started process (PID=27969) to work on /home/user/Masaüstü/kafka/.env/lib/python3.8/site-packages/airflow/example_dags/example_branch_labels.py
[2023-11-21T10:00:48.346+0300] {processor.py:758} INFO - Processing file /home/user/Masaüstü/kafka/.env/lib/python3.8/site-packages/airflow/example_dags/example_branch_labels.py for tasks to queue
[2023-11-21T10:00:48.348+0300] {logging_mixin.py:117} INFO - [2023-11-21T10:00:48.348+0300] {dagbag.py:525} INFO - Filling up the DagBag from /home/user/Masaüstü/kafka/.env/lib/python3.8/site-packages/airflow/example_dags/example_branch_labels.py
[2023-11-21T10:00:48.362+0300] {processor.py:768} INFO - DAG(s) dict_keys(['example_branch_labels']) retrieved from /home/user/Masaüstü/kafka/.env/lib/python3.8/site-packages/airflow/example_dags/example_branch_labels.py
[2023-11-21T10:00:48.383+0300] {logging_mixin.py:117} INFO - [2023-11-21T10:00:48.383+0300] {dag.py:2573} INFO - Sync 1 DAGs
[2023-11-21T10:00:48.400+0300] {logging_mixin.py:117} INFO - [2023-11-21T10:00:48.400+0300] {dag.py:3324} INFO - Setting next_dagrun for example_branch_labels to 2023-11-20T00:00:00+00:00, run_after=2023-11-21T00:00:00+00:00
[2023-11-21T10:00:48.419+0300] {processor.py:178} INFO - Processing /home/user/Masaüstü/kafka/.env/lib/python3.8/site-packages/airflow/example_dags/example_branch_labels.py took 0.077 seconds
[2023-11-21T10:01:23.521+0300] {processor.py:156} INFO - Started process (PID=28238) to work on /home/user/Masaüstü/kafka/.env/lib/python3.8/site-packages/airflow/example_dags/example_branch_labels.py
[2023-11-21T10:01:23.523+0300] {processor.py:758} INFO - Processing file /home/user/Masaüstü/kafka/.env/lib/python3.8/site-packages/airflow/example_dags/example_branch_labels.py for tasks to queue
[2023-11-21T10:01:23.524+0300] {logging_mixin.py:117} INFO - [2023-11-21T10:01:23.524+0300] {dagbag.py:525} INFO - Filling up the DagBag from /home/user/Masaüstü/kafka/.env/lib/python3.8/site-packages/airflow/example_dags/example_branch_labels.py
[2023-11-21T10:01:23.538+0300] {processor.py:768} INFO - DAG(s) dict_keys(['example_branch_labels']) retrieved from /home/user/Masaüstü/kafka/.env/lib/python3.8/site-packages/airflow/example_dags/example_branch_labels.py
[2023-11-21T10:01:23.557+0300] {logging_mixin.py:117} INFO - [2023-11-21T10:01:23.557+0300] {dag.py:2573} INFO - Sync 1 DAGs
[2023-11-21T10:01:23.573+0300] {logging_mixin.py:117} INFO - [2023-11-21T10:01:23.573+0300] {dag.py:3324} INFO - Setting next_dagrun for example_branch_labels to 2023-11-20T00:00:00+00:00, run_after=2023-11-21T00:00:00+00:00
[2023-11-21T10:01:23.599+0300] {processor.py:178} INFO - Processing /home/user/Masaüstü/kafka/.env/lib/python3.8/site-packages/airflow/example_dags/example_branch_labels.py took 0.080 seconds
[2023-11-21T10:02:00.385+0300] {processor.py:156} INFO - Started process (PID=28479) to work on /home/user/Masaüstü/kafka/.env/lib/python3.8/site-packages/airflow/example_dags/example_branch_labels.py
[2023-11-21T10:02:00.388+0300] {processor.py:758} INFO - Processing file /home/user/Masaüstü/kafka/.env/lib/python3.8/site-packages/airflow/example_dags/example_branch_labels.py for tasks to queue
[2023-11-21T10:02:00.390+0300] {logging_mixin.py:117} INFO - [2023-11-21T10:02:00.390+0300] {dagbag.py:525} INFO - Filling up the DagBag from /home/user/Masaüstü/kafka/.env/lib/python3.8/site-packages/airflow/example_dags/example_branch_labels.py
[2023-11-21T10:02:00.420+0300] {processor.py:768} INFO - DAG(s) dict_keys(['example_branch_labels']) retrieved from /home/user/Masaüstü/kafka/.env/lib/python3.8/site-packages/airflow/example_dags/example_branch_labels.py
[2023-11-21T10:02:00.440+0300] {logging_mixin.py:117} INFO - [2023-11-21T10:02:00.440+0300] {dag.py:2573} INFO - Sync 1 DAGs
[2023-11-21T10:02:00.457+0300] {logging_mixin.py:117} INFO - [2023-11-21T10:02:00.457+0300] {dag.py:3324} INFO - Setting next_dagrun for example_branch_labels to 2023-11-20T00:00:00+00:00, run_after=2023-11-21T00:00:00+00:00
[2023-11-21T10:02:00.474+0300] {processor.py:178} INFO - Processing /home/user/Masaüstü/kafka/.env/lib/python3.8/site-packages/airflow/example_dags/example_branch_labels.py took 0.096 seconds
[2023-11-21T10:02:36.948+0300] {processor.py:156} INFO - Started process (PID=28692) to work on /home/user/Masaüstü/kafka/.env/lib/python3.8/site-packages/airflow/example_dags/example_branch_labels.py
[2023-11-21T10:02:36.950+0300] {processor.py:758} INFO - Processing file /home/user/Masaüstü/kafka/.env/lib/python3.8/site-packages/airflow/example_dags/example_branch_labels.py for tasks to queue
[2023-11-21T10:02:36.951+0300] {logging_mixin.py:117} INFO - [2023-11-21T10:02:36.951+0300] {dagbag.py:525} INFO - Filling up the DagBag from /home/user/Masaüstü/kafka/.env/lib/python3.8/site-packages/airflow/example_dags/example_branch_labels.py
[2023-11-21T10:02:36.977+0300] {processor.py:768} INFO - DAG(s) dict_keys(['example_branch_labels']) retrieved from /home/user/Masaüstü/kafka/.env/lib/python3.8/site-packages/airflow/example_dags/example_branch_labels.py
[2023-11-21T10:02:36.999+0300] {logging_mixin.py:117} INFO - [2023-11-21T10:02:36.999+0300] {dag.py:2573} INFO - Sync 1 DAGs
[2023-11-21T10:02:37.016+0300] {logging_mixin.py:117} INFO - [2023-11-21T10:02:37.016+0300] {dag.py:3324} INFO - Setting next_dagrun for example_branch_labels to 2023-11-20T00:00:00+00:00, run_after=2023-11-21T00:00:00+00:00
[2023-11-21T10:02:37.033+0300] {processor.py:178} INFO - Processing /home/user/Masaüstü/kafka/.env/lib/python3.8/site-packages/airflow/example_dags/example_branch_labels.py took 0.090 seconds
[2023-11-21T10:05:06.282+0300] {processor.py:156} INFO - Started process (PID=30049) to work on /home/user/Masaüstü/kafka/.env/lib/python3.8/site-packages/airflow/example_dags/example_branch_labels.py
[2023-11-21T10:05:06.285+0300] {processor.py:758} INFO - Processing file /home/user/Masaüstü/kafka/.env/lib/python3.8/site-packages/airflow/example_dags/example_branch_labels.py for tasks to queue
[2023-11-21T10:05:06.286+0300] {logging_mixin.py:117} INFO - [2023-11-21T10:05:06.285+0300] {dagbag.py:525} INFO - Filling up the DagBag from /home/user/Masaüstü/kafka/.env/lib/python3.8/site-packages/airflow/example_dags/example_branch_labels.py
[2023-11-21T10:05:06.304+0300] {processor.py:768} INFO - DAG(s) dict_keys(['example_branch_labels']) retrieved from /home/user/Masaüstü/kafka/.env/lib/python3.8/site-packages/airflow/example_dags/example_branch_labels.py
[2023-11-21T10:05:06.316+0300] {logging_mixin.py:117} INFO - [2023-11-21T10:05:06.315+0300] {dag.py:2573} INFO - Sync 1 DAGs
[2023-11-21T10:05:06.332+0300] {logging_mixin.py:117} INFO - [2023-11-21T10:05:06.332+0300] {dag.py:3324} INFO - Setting next_dagrun for example_branch_labels to 2023-11-20T00:00:00+00:00, run_after=2023-11-21T00:00:00+00:00
[2023-11-21T10:05:06.348+0300] {processor.py:178} INFO - Processing /home/user/Masaüstü/kafka/.env/lib/python3.8/site-packages/airflow/example_dags/example_branch_labels.py took 0.073 seconds
[2023-11-21T10:05:44.524+0300] {processor.py:156} INFO - Started process (PID=30419) to work on /home/user/Masaüstü/kafka/.env/lib/python3.8/site-packages/airflow/example_dags/example_branch_labels.py
[2023-11-21T10:05:44.527+0300] {processor.py:758} INFO - Processing file /home/user/Masaüstü/kafka/.env/lib/python3.8/site-packages/airflow/example_dags/example_branch_labels.py for tasks to queue
[2023-11-21T10:05:44.529+0300] {logging_mixin.py:117} INFO - [2023-11-21T10:05:44.529+0300] {dagbag.py:525} INFO - Filling up the DagBag from /home/user/Masaüstü/kafka/.env/lib/python3.8/site-packages/airflow/example_dags/example_branch_labels.py
[2023-11-21T10:05:44.557+0300] {processor.py:768} INFO - DAG(s) dict_keys(['example_branch_labels']) retrieved from /home/user/Masaüstü/kafka/.env/lib/python3.8/site-packages/airflow/example_dags/example_branch_labels.py
[2023-11-21T10:05:44.576+0300] {logging_mixin.py:117} INFO - [2023-11-21T10:05:44.576+0300] {dag.py:2573} INFO - Sync 1 DAGs
[2023-11-21T10:05:44.591+0300] {logging_mixin.py:117} INFO - [2023-11-21T10:05:44.591+0300] {dag.py:3324} INFO - Setting next_dagrun for example_branch_labels to 2023-11-20T00:00:00+00:00, run_after=2023-11-21T00:00:00+00:00
[2023-11-21T10:05:44.607+0300] {processor.py:178} INFO - Processing /home/user/Masaüstü/kafka/.env/lib/python3.8/site-packages/airflow/example_dags/example_branch_labels.py took 0.090 seconds
[2023-11-21T10:06:23.247+0300] {processor.py:156} INFO - Started process (PID=30654) to work on /home/user/Masaüstü/kafka/.env/lib/python3.8/site-packages/airflow/example_dags/example_branch_labels.py
[2023-11-21T10:06:23.249+0300] {processor.py:758} INFO - Processing file /home/user/Masaüstü/kafka/.env/lib/python3.8/site-packages/airflow/example_dags/example_branch_labels.py for tasks to queue
[2023-11-21T10:06:23.250+0300] {logging_mixin.py:117} INFO - [2023-11-21T10:06:23.250+0300] {dagbag.py:525} INFO - Filling up the DagBag from /home/user/Masaüstü/kafka/.env/lib/python3.8/site-packages/airflow/example_dags/example_branch_labels.py
[2023-11-21T10:06:23.265+0300] {processor.py:768} INFO - DAG(s) dict_keys(['example_branch_labels']) retrieved from /home/user/Masaüstü/kafka/.env/lib/python3.8/site-packages/airflow/example_dags/example_branch_labels.py
[2023-11-21T10:06:23.282+0300] {logging_mixin.py:117} INFO - [2023-11-21T10:06:23.282+0300] {dag.py:2573} INFO - Sync 1 DAGs
[2023-11-21T10:06:23.297+0300] {logging_mixin.py:117} INFO - [2023-11-21T10:06:23.297+0300] {dag.py:3324} INFO - Setting next_dagrun for example_branch_labels to 2023-11-20T00:00:00+00:00, run_after=2023-11-21T00:00:00+00:00
[2023-11-21T10:06:23.313+0300] {processor.py:178} INFO - Processing /home/user/Masaüstü/kafka/.env/lib/python3.8/site-packages/airflow/example_dags/example_branch_labels.py took 0.069 seconds
[2023-11-21T10:06:59.369+0300] {processor.py:156} INFO - Started process (PID=30908) to work on /home/user/Masaüstü/kafka/.env/lib/python3.8/site-packages/airflow/example_dags/example_branch_labels.py
[2023-11-21T10:06:59.371+0300] {processor.py:758} INFO - Processing file /home/user/Masaüstü/kafka/.env/lib/python3.8/site-packages/airflow/example_dags/example_branch_labels.py for tasks to queue
[2023-11-21T10:06:59.371+0300] {logging_mixin.py:117} INFO - [2023-11-21T10:06:59.371+0300] {dagbag.py:525} INFO - Filling up the DagBag from /home/user/Masaüstü/kafka/.env/lib/python3.8/site-packages/airflow/example_dags/example_branch_labels.py
[2023-11-21T10:06:59.387+0300] {processor.py:768} INFO - DAG(s) dict_keys(['example_branch_labels']) retrieved from /home/user/Masaüstü/kafka/.env/lib/python3.8/site-packages/airflow/example_dags/example_branch_labels.py
[2023-11-21T10:06:59.406+0300] {logging_mixin.py:117} INFO - [2023-11-21T10:06:59.405+0300] {dag.py:2573} INFO - Sync 1 DAGs
[2023-11-21T10:06:59.422+0300] {logging_mixin.py:117} INFO - [2023-11-21T10:06:59.422+0300] {dag.py:3324} INFO - Setting next_dagrun for example_branch_labels to 2023-11-20T00:00:00+00:00, run_after=2023-11-21T00:00:00+00:00
[2023-11-21T10:06:59.446+0300] {processor.py:178} INFO - Processing /home/user/Masaüstü/kafka/.env/lib/python3.8/site-packages/airflow/example_dags/example_branch_labels.py took 0.080 seconds
[2023-11-21T10:07:38.728+0300] {processor.py:156} INFO - Started process (PID=31148) to work on /home/user/Masaüstü/kafka/.env/lib/python3.8/site-packages/airflow/example_dags/example_branch_labels.py
[2023-11-21T10:07:38.731+0300] {processor.py:758} INFO - Processing file /home/user/Masaüstü/kafka/.env/lib/python3.8/site-packages/airflow/example_dags/example_branch_labels.py for tasks to queue
[2023-11-21T10:07:38.733+0300] {logging_mixin.py:117} INFO - [2023-11-21T10:07:38.733+0300] {dagbag.py:525} INFO - Filling up the DagBag from /home/user/Masaüstü/kafka/.env/lib/python3.8/site-packages/airflow/example_dags/example_branch_labels.py
[2023-11-21T10:07:38.760+0300] {processor.py:768} INFO - DAG(s) dict_keys(['example_branch_labels']) retrieved from /home/user/Masaüstü/kafka/.env/lib/python3.8/site-packages/airflow/example_dags/example_branch_labels.py
[2023-11-21T10:07:38.780+0300] {logging_mixin.py:117} INFO - [2023-11-21T10:07:38.780+0300] {dag.py:2573} INFO - Sync 1 DAGs
[2023-11-21T10:07:38.799+0300] {logging_mixin.py:117} INFO - [2023-11-21T10:07:38.799+0300] {dag.py:3324} INFO - Setting next_dagrun for example_branch_labels to 2023-11-20T00:00:00+00:00, run_after=2023-11-21T00:00:00+00:00
[2023-11-21T10:07:38.827+0300] {processor.py:178} INFO - Processing /home/user/Masaüstü/kafka/.env/lib/python3.8/site-packages/airflow/example_dags/example_branch_labels.py took 0.106 seconds
[2023-11-21T10:08:15.920+0300] {processor.py:156} INFO - Started process (PID=31400) to work on /home/user/Masaüstü/kafka/.env/lib/python3.8/site-packages/airflow/example_dags/example_branch_labels.py
[2023-11-21T10:08:15.923+0300] {processor.py:758} INFO - Processing file /home/user/Masaüstü/kafka/.env/lib/python3.8/site-packages/airflow/example_dags/example_branch_labels.py for tasks to queue
[2023-11-21T10:08:15.926+0300] {logging_mixin.py:117} INFO - [2023-11-21T10:08:15.925+0300] {dagbag.py:525} INFO - Filling up the DagBag from /home/user/Masaüstü/kafka/.env/lib/python3.8/site-packages/airflow/example_dags/example_branch_labels.py
[2023-11-21T10:08:15.968+0300] {processor.py:768} INFO - DAG(s) dict_keys(['example_branch_labels']) retrieved from /home/user/Masaüstü/kafka/.env/lib/python3.8/site-packages/airflow/example_dags/example_branch_labels.py
[2023-11-21T10:08:15.994+0300] {logging_mixin.py:117} INFO - [2023-11-21T10:08:15.994+0300] {dag.py:2573} INFO - Sync 1 DAGs
[2023-11-21T10:08:16.011+0300] {logging_mixin.py:117} INFO - [2023-11-21T10:08:16.011+0300] {dag.py:3324} INFO - Setting next_dagrun for example_branch_labels to 2023-11-20T00:00:00+00:00, run_after=2023-11-21T00:00:00+00:00
[2023-11-21T10:08:16.042+0300] {processor.py:178} INFO - Processing /home/user/Masaüstü/kafka/.env/lib/python3.8/site-packages/airflow/example_dags/example_branch_labels.py took 0.130 seconds
[2023-11-21T10:08:54.642+0300] {processor.py:156} INFO - Started process (PID=31644) to work on /home/user/Masaüstü/kafka/.env/lib/python3.8/site-packages/airflow/example_dags/example_branch_labels.py
[2023-11-21T10:08:54.644+0300] {processor.py:758} INFO - Processing file /home/user/Masaüstü/kafka/.env/lib/python3.8/site-packages/airflow/example_dags/example_branch_labels.py for tasks to queue
[2023-11-21T10:08:54.646+0300] {logging_mixin.py:117} INFO - [2023-11-21T10:08:54.646+0300] {dagbag.py:525} INFO - Filling up the DagBag from /home/user/Masaüstü/kafka/.env/lib/python3.8/site-packages/airflow/example_dags/example_branch_labels.py
[2023-11-21T10:08:54.669+0300] {processor.py:768} INFO - DAG(s) dict_keys(['example_branch_labels']) retrieved from /home/user/Masaüstü/kafka/.env/lib/python3.8/site-packages/airflow/example_dags/example_branch_labels.py
[2023-11-21T10:08:54.693+0300] {logging_mixin.py:117} INFO - [2023-11-21T10:08:54.693+0300] {dag.py:2573} INFO - Sync 1 DAGs
[2023-11-21T10:08:54.710+0300] {logging_mixin.py:117} INFO - [2023-11-21T10:08:54.709+0300] {dag.py:3324} INFO - Setting next_dagrun for example_branch_labels to 2023-11-20T00:00:00+00:00, run_after=2023-11-21T00:00:00+00:00
[2023-11-21T10:08:54.727+0300] {processor.py:178} INFO - Processing /home/user/Masaüstü/kafka/.env/lib/python3.8/site-packages/airflow/example_dags/example_branch_labels.py took 0.091 seconds
[2023-11-21T10:09:35.573+0300] {processor.py:156} INFO - Started process (PID=32116) to work on /home/user/Masaüstü/kafka/.env/lib/python3.8/site-packages/airflow/example_dags/example_branch_labels.py
[2023-11-21T10:09:35.577+0300] {processor.py:758} INFO - Processing file /home/user/Masaüstü/kafka/.env/lib/python3.8/site-packages/airflow/example_dags/example_branch_labels.py for tasks to queue
[2023-11-21T10:09:35.579+0300] {logging_mixin.py:117} INFO - [2023-11-21T10:09:35.578+0300] {dagbag.py:525} INFO - Filling up the DagBag from /home/user/Masaüstü/kafka/.env/lib/python3.8/site-packages/airflow/example_dags/example_branch_labels.py
[2023-11-21T10:09:35.602+0300] {processor.py:768} INFO - DAG(s) dict_keys(['example_branch_labels']) retrieved from /home/user/Masaüstü/kafka/.env/lib/python3.8/site-packages/airflow/example_dags/example_branch_labels.py
[2023-11-21T10:09:35.621+0300] {logging_mixin.py:117} INFO - [2023-11-21T10:09:35.621+0300] {dag.py:2573} INFO - Sync 1 DAGs
[2023-11-21T10:09:35.637+0300] {logging_mixin.py:117} INFO - [2023-11-21T10:09:35.636+0300] {dag.py:3324} INFO - Setting next_dagrun for example_branch_labels to 2023-11-20T00:00:00+00:00, run_after=2023-11-21T00:00:00+00:00
[2023-11-21T10:09:35.661+0300] {processor.py:178} INFO - Processing /home/user/Masaüstü/kafka/.env/lib/python3.8/site-packages/airflow/example_dags/example_branch_labels.py took 0.097 seconds
[2023-11-21T10:10:26.705+0300] {processor.py:156} INFO - Started process (PID=32932) to work on /home/user/Masaüstü/kafka/.env/lib/python3.8/site-packages/airflow/example_dags/example_branch_labels.py
[2023-11-21T10:10:26.708+0300] {processor.py:758} INFO - Processing file /home/user/Masaüstü/kafka/.env/lib/python3.8/site-packages/airflow/example_dags/example_branch_labels.py for tasks to queue
[2023-11-21T10:10:26.709+0300] {logging_mixin.py:117} INFO - [2023-11-21T10:10:26.709+0300] {dagbag.py:525} INFO - Filling up the DagBag from /home/user/Masaüstü/kafka/.env/lib/python3.8/site-packages/airflow/example_dags/example_branch_labels.py
[2023-11-21T10:10:26.737+0300] {processor.py:768} INFO - DAG(s) dict_keys(['example_branch_labels']) retrieved from /home/user/Masaüstü/kafka/.env/lib/python3.8/site-packages/airflow/example_dags/example_branch_labels.py
[2023-11-21T10:10:26.761+0300] {logging_mixin.py:117} INFO - [2023-11-21T10:10:26.761+0300] {dag.py:2573} INFO - Sync 1 DAGs
[2023-11-21T10:10:26.779+0300] {logging_mixin.py:117} INFO - [2023-11-21T10:10:26.779+0300] {dag.py:3324} INFO - Setting next_dagrun for example_branch_labels to 2023-11-20T00:00:00+00:00, run_after=2023-11-21T00:00:00+00:00
[2023-11-21T10:10:26.801+0300] {processor.py:178} INFO - Processing /home/user/Masaüstü/kafka/.env/lib/python3.8/site-packages/airflow/example_dags/example_branch_labels.py took 0.100 seconds
[2023-11-21T10:11:05.307+0300] {processor.py:156} INFO - Started process (PID=33313) to work on /home/user/Masaüstü/kafka/.env/lib/python3.8/site-packages/airflow/example_dags/example_branch_labels.py
[2023-11-21T10:11:05.309+0300] {processor.py:758} INFO - Processing file /home/user/Masaüstü/kafka/.env/lib/python3.8/site-packages/airflow/example_dags/example_branch_labels.py for tasks to queue
[2023-11-21T10:11:05.310+0300] {logging_mixin.py:117} INFO - [2023-11-21T10:11:05.310+0300] {dagbag.py:525} INFO - Filling up the DagBag from /home/user/Masaüstü/kafka/.env/lib/python3.8/site-packages/airflow/example_dags/example_branch_labels.py
[2023-11-21T10:11:05.325+0300] {processor.py:768} INFO - DAG(s) dict_keys(['example_branch_labels']) retrieved from /home/user/Masaüstü/kafka/.env/lib/python3.8/site-packages/airflow/example_dags/example_branch_labels.py
[2023-11-21T10:11:05.345+0300] {logging_mixin.py:117} INFO - [2023-11-21T10:11:05.344+0300] {dag.py:2573} INFO - Sync 1 DAGs
[2023-11-21T10:11:05.362+0300] {logging_mixin.py:117} INFO - [2023-11-21T10:11:05.362+0300] {dag.py:3324} INFO - Setting next_dagrun for example_branch_labels to 2023-11-20T00:00:00+00:00, run_after=2023-11-21T00:00:00+00:00
[2023-11-21T10:11:05.389+0300] {processor.py:178} INFO - Processing /home/user/Masaüstü/kafka/.env/lib/python3.8/site-packages/airflow/example_dags/example_branch_labels.py took 0.085 seconds
[2023-11-21T10:11:44.487+0300] {processor.py:156} INFO - Started process (PID=33585) to work on /home/user/Masaüstü/kafka/.env/lib/python3.8/site-packages/airflow/example_dags/example_branch_labels.py
[2023-11-21T10:11:44.488+0300] {processor.py:758} INFO - Processing file /home/user/Masaüstü/kafka/.env/lib/python3.8/site-packages/airflow/example_dags/example_branch_labels.py for tasks to queue
[2023-11-21T10:11:44.490+0300] {logging_mixin.py:117} INFO - [2023-11-21T10:11:44.490+0300] {dagbag.py:525} INFO - Filling up the DagBag from /home/user/Masaüstü/kafka/.env/lib/python3.8/site-packages/airflow/example_dags/example_branch_labels.py
[2023-11-21T10:11:44.515+0300] {processor.py:768} INFO - DAG(s) dict_keys(['example_branch_labels']) retrieved from /home/user/Masaüstü/kafka/.env/lib/python3.8/site-packages/airflow/example_dags/example_branch_labels.py
[2023-11-21T10:11:44.548+0300] {logging_mixin.py:117} INFO - [2023-11-21T10:11:44.548+0300] {dag.py:2573} INFO - Sync 1 DAGs
[2023-11-21T10:11:44.565+0300] {logging_mixin.py:117} INFO - [2023-11-21T10:11:44.565+0300] {dag.py:3324} INFO - Setting next_dagrun for example_branch_labels to 2023-11-20T00:00:00+00:00, run_after=2023-11-21T00:00:00+00:00
[2023-11-21T10:11:44.592+0300] {processor.py:178} INFO - Processing /home/user/Masaüstü/kafka/.env/lib/python3.8/site-packages/airflow/example_dags/example_branch_labels.py took 0.108 seconds
[2023-11-21T10:12:22.843+0300] {processor.py:156} INFO - Started process (PID=33813) to work on /home/user/Masaüstü/kafka/.env/lib/python3.8/site-packages/airflow/example_dags/example_branch_labels.py
[2023-11-21T10:12:22.844+0300] {processor.py:758} INFO - Processing file /home/user/Masaüstü/kafka/.env/lib/python3.8/site-packages/airflow/example_dags/example_branch_labels.py for tasks to queue
[2023-11-21T10:12:22.844+0300] {logging_mixin.py:117} INFO - [2023-11-21T10:12:22.844+0300] {dagbag.py:525} INFO - Filling up the DagBag from /home/user/Masaüstü/kafka/.env/lib/python3.8/site-packages/airflow/example_dags/example_branch_labels.py
[2023-11-21T10:12:22.855+0300] {processor.py:768} INFO - DAG(s) dict_keys(['example_branch_labels']) retrieved from /home/user/Masaüstü/kafka/.env/lib/python3.8/site-packages/airflow/example_dags/example_branch_labels.py
[2023-11-21T10:12:22.873+0300] {logging_mixin.py:117} INFO - [2023-11-21T10:12:22.873+0300] {dag.py:2573} INFO - Sync 1 DAGs
[2023-11-21T10:12:22.888+0300] {logging_mixin.py:117} INFO - [2023-11-21T10:12:22.888+0300] {dag.py:3324} INFO - Setting next_dagrun for example_branch_labels to 2023-11-20T00:00:00+00:00, run_after=2023-11-21T00:00:00+00:00
[2023-11-21T10:12:22.905+0300] {processor.py:178} INFO - Processing /home/user/Masaüstü/kafka/.env/lib/python3.8/site-packages/airflow/example_dags/example_branch_labels.py took 0.064 seconds
[2023-11-21T10:13:00.708+0300] {processor.py:156} INFO - Started process (PID=34048) to work on /home/user/Masaüstü/kafka/.env/lib/python3.8/site-packages/airflow/example_dags/example_branch_labels.py
[2023-11-21T10:13:00.711+0300] {processor.py:758} INFO - Processing file /home/user/Masaüstü/kafka/.env/lib/python3.8/site-packages/airflow/example_dags/example_branch_labels.py for tasks to queue
[2023-11-21T10:13:00.713+0300] {logging_mixin.py:117} INFO - [2023-11-21T10:13:00.713+0300] {dagbag.py:525} INFO - Filling up the DagBag from /home/user/Masaüstü/kafka/.env/lib/python3.8/site-packages/airflow/example_dags/example_branch_labels.py
[2023-11-21T10:13:00.739+0300] {processor.py:768} INFO - DAG(s) dict_keys(['example_branch_labels']) retrieved from /home/user/Masaüstü/kafka/.env/lib/python3.8/site-packages/airflow/example_dags/example_branch_labels.py
[2023-11-21T10:13:00.763+0300] {logging_mixin.py:117} INFO - [2023-11-21T10:13:00.763+0300] {dag.py:2573} INFO - Sync 1 DAGs
[2023-11-21T10:13:00.778+0300] {logging_mixin.py:117} INFO - [2023-11-21T10:13:00.778+0300] {dag.py:3324} INFO - Setting next_dagrun for example_branch_labels to 2023-11-20T00:00:00+00:00, run_after=2023-11-21T00:00:00+00:00
[2023-11-21T10:13:00.805+0300] {processor.py:178} INFO - Processing /home/user/Masaüstü/kafka/.env/lib/python3.8/site-packages/airflow/example_dags/example_branch_labels.py took 0.103 seconds
[2023-11-21T10:13:37.956+0300] {processor.py:156} INFO - Started process (PID=34387) to work on /home/user/Masaüstü/kafka/.env/lib/python3.8/site-packages/airflow/example_dags/example_branch_labels.py
[2023-11-21T10:13:37.960+0300] {processor.py:758} INFO - Processing file /home/user/Masaüstü/kafka/.env/lib/python3.8/site-packages/airflow/example_dags/example_branch_labels.py for tasks to queue
[2023-11-21T10:13:37.961+0300] {logging_mixin.py:117} INFO - [2023-11-21T10:13:37.961+0300] {dagbag.py:525} INFO - Filling up the DagBag from /home/user/Masaüstü/kafka/.env/lib/python3.8/site-packages/airflow/example_dags/example_branch_labels.py
[2023-11-21T10:13:37.987+0300] {processor.py:768} INFO - DAG(s) dict_keys(['example_branch_labels']) retrieved from /home/user/Masaüstü/kafka/.env/lib/python3.8/site-packages/airflow/example_dags/example_branch_labels.py
[2023-11-21T10:13:38.008+0300] {logging_mixin.py:117} INFO - [2023-11-21T10:13:38.008+0300] {dag.py:2573} INFO - Sync 1 DAGs
[2023-11-21T10:13:38.024+0300] {logging_mixin.py:117} INFO - [2023-11-21T10:13:38.023+0300] {dag.py:3324} INFO - Setting next_dagrun for example_branch_labels to 2023-11-20T00:00:00+00:00, run_after=2023-11-21T00:00:00+00:00
[2023-11-21T10:13:38.053+0300] {processor.py:178} INFO - Processing /home/user/Masaüstü/kafka/.env/lib/python3.8/site-packages/airflow/example_dags/example_branch_labels.py took 0.102 seconds
[2023-11-21T10:14:31.394+0300] {processor.py:156} INFO - Started process (PID=35165) to work on /home/user/Masaüstü/kafka/.env/lib/python3.8/site-packages/airflow/example_dags/example_branch_labels.py
[2023-11-21T10:14:31.397+0300] {processor.py:758} INFO - Processing file /home/user/Masaüstü/kafka/.env/lib/python3.8/site-packages/airflow/example_dags/example_branch_labels.py for tasks to queue
[2023-11-21T10:14:31.398+0300] {logging_mixin.py:117} INFO - [2023-11-21T10:14:31.397+0300] {dagbag.py:525} INFO - Filling up the DagBag from /home/user/Masaüstü/kafka/.env/lib/python3.8/site-packages/airflow/example_dags/example_branch_labels.py
[2023-11-21T10:14:31.414+0300] {processor.py:768} INFO - DAG(s) dict_keys(['example_branch_labels']) retrieved from /home/user/Masaüstü/kafka/.env/lib/python3.8/site-packages/airflow/example_dags/example_branch_labels.py
[2023-11-21T10:14:31.441+0300] {logging_mixin.py:117} INFO - [2023-11-21T10:14:31.440+0300] {dag.py:2573} INFO - Sync 1 DAGs
[2023-11-21T10:14:31.468+0300] {logging_mixin.py:117} INFO - [2023-11-21T10:14:31.467+0300] {dag.py:3324} INFO - Setting next_dagrun for example_branch_labels to 2023-11-20T00:00:00+00:00, run_after=2023-11-21T00:00:00+00:00
[2023-11-21T10:14:31.496+0300] {processor.py:178} INFO - Processing /home/user/Masaüstü/kafka/.env/lib/python3.8/site-packages/airflow/example_dags/example_branch_labels.py took 0.105 seconds
[2023-11-21T10:15:07.728+0300] {processor.py:156} INFO - Started process (PID=35504) to work on /home/user/Masaüstü/kafka/.env/lib/python3.8/site-packages/airflow/example_dags/example_branch_labels.py
[2023-11-21T10:15:07.730+0300] {processor.py:758} INFO - Processing file /home/user/Masaüstü/kafka/.env/lib/python3.8/site-packages/airflow/example_dags/example_branch_labels.py for tasks to queue
[2023-11-21T10:15:07.731+0300] {logging_mixin.py:117} INFO - [2023-11-21T10:15:07.731+0300] {dagbag.py:525} INFO - Filling up the DagBag from /home/user/Masaüstü/kafka/.env/lib/python3.8/site-packages/airflow/example_dags/example_branch_labels.py
[2023-11-21T10:15:07.743+0300] {processor.py:768} INFO - DAG(s) dict_keys(['example_branch_labels']) retrieved from /home/user/Masaüstü/kafka/.env/lib/python3.8/site-packages/airflow/example_dags/example_branch_labels.py
[2023-11-21T10:15:07.761+0300] {logging_mixin.py:117} INFO - [2023-11-21T10:15:07.761+0300] {dag.py:2573} INFO - Sync 1 DAGs
[2023-11-21T10:15:07.777+0300] {logging_mixin.py:117} INFO - [2023-11-21T10:15:07.777+0300] {dag.py:3324} INFO - Setting next_dagrun for example_branch_labels to 2023-11-20T00:00:00+00:00, run_after=2023-11-21T00:00:00+00:00
[2023-11-21T10:15:07.794+0300] {processor.py:178} INFO - Processing /home/user/Masaüstü/kafka/.env/lib/python3.8/site-packages/airflow/example_dags/example_branch_labels.py took 0.068 seconds
[2023-11-21T10:15:45.061+0300] {processor.py:156} INFO - Started process (PID=35758) to work on /home/user/Masaüstü/kafka/.env/lib/python3.8/site-packages/airflow/example_dags/example_branch_labels.py
[2023-11-21T10:15:45.063+0300] {processor.py:758} INFO - Processing file /home/user/Masaüstü/kafka/.env/lib/python3.8/site-packages/airflow/example_dags/example_branch_labels.py for tasks to queue
[2023-11-21T10:15:45.064+0300] {logging_mixin.py:117} INFO - [2023-11-21T10:15:45.064+0300] {dagbag.py:525} INFO - Filling up the DagBag from /home/user/Masaüstü/kafka/.env/lib/python3.8/site-packages/airflow/example_dags/example_branch_labels.py
[2023-11-21T10:15:45.080+0300] {processor.py:768} INFO - DAG(s) dict_keys(['example_branch_labels']) retrieved from /home/user/Masaüstü/kafka/.env/lib/python3.8/site-packages/airflow/example_dags/example_branch_labels.py
[2023-11-21T10:15:45.101+0300] {logging_mixin.py:117} INFO - [2023-11-21T10:15:45.101+0300] {dag.py:2573} INFO - Sync 1 DAGs
[2023-11-21T10:15:45.120+0300] {logging_mixin.py:117} INFO - [2023-11-21T10:15:45.120+0300] {dag.py:3324} INFO - Setting next_dagrun for example_branch_labels to 2023-11-20T00:00:00+00:00, run_after=2023-11-21T00:00:00+00:00
[2023-11-21T10:15:45.138+0300] {processor.py:178} INFO - Processing /home/user/Masaüstü/kafka/.env/lib/python3.8/site-packages/airflow/example_dags/example_branch_labels.py took 0.079 seconds
[2023-11-21T10:16:23.401+0300] {processor.py:156} INFO - Started process (PID=35994) to work on /home/user/Masaüstü/kafka/.env/lib/python3.8/site-packages/airflow/example_dags/example_branch_labels.py
[2023-11-21T10:16:23.403+0300] {processor.py:758} INFO - Processing file /home/user/Masaüstü/kafka/.env/lib/python3.8/site-packages/airflow/example_dags/example_branch_labels.py for tasks to queue
[2023-11-21T10:16:23.403+0300] {logging_mixin.py:117} INFO - [2023-11-21T10:16:23.403+0300] {dagbag.py:525} INFO - Filling up the DagBag from /home/user/Masaüstü/kafka/.env/lib/python3.8/site-packages/airflow/example_dags/example_branch_labels.py
[2023-11-21T10:16:23.416+0300] {processor.py:768} INFO - DAG(s) dict_keys(['example_branch_labels']) retrieved from /home/user/Masaüstü/kafka/.env/lib/python3.8/site-packages/airflow/example_dags/example_branch_labels.py
[2023-11-21T10:16:23.436+0300] {logging_mixin.py:117} INFO - [2023-11-21T10:16:23.436+0300] {dag.py:2573} INFO - Sync 1 DAGs
[2023-11-21T10:16:23.451+0300] {logging_mixin.py:117} INFO - [2023-11-21T10:16:23.451+0300] {dag.py:3324} INFO - Setting next_dagrun for example_branch_labels to 2023-11-20T00:00:00+00:00, run_after=2023-11-21T00:00:00+00:00
[2023-11-21T10:16:23.476+0300] {processor.py:178} INFO - Processing /home/user/Masaüstü/kafka/.env/lib/python3.8/site-packages/airflow/example_dags/example_branch_labels.py took 0.077 seconds
[2023-11-21T10:17:01.653+0300] {processor.py:156} INFO - Started process (PID=36246) to work on /home/user/Masaüstü/kafka/.env/lib/python3.8/site-packages/airflow/example_dags/example_branch_labels.py
[2023-11-21T10:17:01.655+0300] {processor.py:758} INFO - Processing file /home/user/Masaüstü/kafka/.env/lib/python3.8/site-packages/airflow/example_dags/example_branch_labels.py for tasks to queue
[2023-11-21T10:17:01.656+0300] {logging_mixin.py:117} INFO - [2023-11-21T10:17:01.656+0300] {dagbag.py:525} INFO - Filling up the DagBag from /home/user/Masaüstü/kafka/.env/lib/python3.8/site-packages/airflow/example_dags/example_branch_labels.py
[2023-11-21T10:17:01.671+0300] {processor.py:768} INFO - DAG(s) dict_keys(['example_branch_labels']) retrieved from /home/user/Masaüstü/kafka/.env/lib/python3.8/site-packages/airflow/example_dags/example_branch_labels.py
[2023-11-21T10:17:01.695+0300] {logging_mixin.py:117} INFO - [2023-11-21T10:17:01.695+0300] {dag.py:2573} INFO - Sync 1 DAGs
[2023-11-21T10:17:01.715+0300] {logging_mixin.py:117} INFO - [2023-11-21T10:17:01.715+0300] {dag.py:3324} INFO - Setting next_dagrun for example_branch_labels to 2023-11-20T00:00:00+00:00, run_after=2023-11-21T00:00:00+00:00
[2023-11-21T10:17:01.743+0300] {processor.py:178} INFO - Processing /home/user/Masaüstü/kafka/.env/lib/python3.8/site-packages/airflow/example_dags/example_branch_labels.py took 0.095 seconds
[2023-11-21T10:17:38.695+0300] {processor.py:156} INFO - Started process (PID=36523) to work on /home/user/Masaüstü/kafka/.env/lib/python3.8/site-packages/airflow/example_dags/example_branch_labels.py
[2023-11-21T10:17:38.699+0300] {processor.py:758} INFO - Processing file /home/user/Masaüstü/kafka/.env/lib/python3.8/site-packages/airflow/example_dags/example_branch_labels.py for tasks to queue
[2023-11-21T10:17:38.701+0300] {logging_mixin.py:117} INFO - [2023-11-21T10:17:38.700+0300] {dagbag.py:525} INFO - Filling up the DagBag from /home/user/Masaüstü/kafka/.env/lib/python3.8/site-packages/airflow/example_dags/example_branch_labels.py
[2023-11-21T10:17:38.728+0300] {processor.py:768} INFO - DAG(s) dict_keys(['example_branch_labels']) retrieved from /home/user/Masaüstü/kafka/.env/lib/python3.8/site-packages/airflow/example_dags/example_branch_labels.py
[2023-11-21T10:17:38.749+0300] {logging_mixin.py:117} INFO - [2023-11-21T10:17:38.749+0300] {dag.py:2573} INFO - Sync 1 DAGs
[2023-11-21T10:17:38.765+0300] {logging_mixin.py:117} INFO - [2023-11-21T10:17:38.765+0300] {dag.py:3324} INFO - Setting next_dagrun for example_branch_labels to 2023-11-20T00:00:00+00:00, run_after=2023-11-21T00:00:00+00:00
[2023-11-21T10:17:38.792+0300] {processor.py:178} INFO - Processing /home/user/Masaüstü/kafka/.env/lib/python3.8/site-packages/airflow/example_dags/example_branch_labels.py took 0.103 seconds
[2023-11-21T10:18:15.658+0300] {processor.py:156} INFO - Started process (PID=36777) to work on /home/user/Masaüstü/kafka/.env/lib/python3.8/site-packages/airflow/example_dags/example_branch_labels.py
[2023-11-21T10:18:15.661+0300] {processor.py:758} INFO - Processing file /home/user/Masaüstü/kafka/.env/lib/python3.8/site-packages/airflow/example_dags/example_branch_labels.py for tasks to queue
[2023-11-21T10:18:15.663+0300] {logging_mixin.py:117} INFO - [2023-11-21T10:18:15.662+0300] {dagbag.py:525} INFO - Filling up the DagBag from /home/user/Masaüstü/kafka/.env/lib/python3.8/site-packages/airflow/example_dags/example_branch_labels.py
[2023-11-21T10:18:15.685+0300] {processor.py:768} INFO - DAG(s) dict_keys(['example_branch_labels']) retrieved from /home/user/Masaüstü/kafka/.env/lib/python3.8/site-packages/airflow/example_dags/example_branch_labels.py
[2023-11-21T10:18:15.704+0300] {logging_mixin.py:117} INFO - [2023-11-21T10:18:15.704+0300] {dag.py:2573} INFO - Sync 1 DAGs
[2023-11-21T10:18:15.719+0300] {logging_mixin.py:117} INFO - [2023-11-21T10:18:15.719+0300] {dag.py:3324} INFO - Setting next_dagrun for example_branch_labels to 2023-11-20T00:00:00+00:00, run_after=2023-11-21T00:00:00+00:00
[2023-11-21T10:18:15.737+0300] {processor.py:178} INFO - Processing /home/user/Masaüstü/kafka/.env/lib/python3.8/site-packages/airflow/example_dags/example_branch_labels.py took 0.085 seconds
[2023-11-21T10:18:54.514+0300] {processor.py:156} INFO - Started process (PID=37030) to work on /home/user/Masaüstü/kafka/.env/lib/python3.8/site-packages/airflow/example_dags/example_branch_labels.py
[2023-11-21T10:18:54.515+0300] {processor.py:758} INFO - Processing file /home/user/Masaüstü/kafka/.env/lib/python3.8/site-packages/airflow/example_dags/example_branch_labels.py for tasks to queue
[2023-11-21T10:18:54.515+0300] {logging_mixin.py:117} INFO - [2023-11-21T10:18:54.515+0300] {dagbag.py:525} INFO - Filling up the DagBag from /home/user/Masaüstü/kafka/.env/lib/python3.8/site-packages/airflow/example_dags/example_branch_labels.py
[2023-11-21T10:18:54.528+0300] {processor.py:768} INFO - DAG(s) dict_keys(['example_branch_labels']) retrieved from /home/user/Masaüstü/kafka/.env/lib/python3.8/site-packages/airflow/example_dags/example_branch_labels.py
[2023-11-21T10:18:54.550+0300] {logging_mixin.py:117} INFO - [2023-11-21T10:18:54.549+0300] {dag.py:2573} INFO - Sync 1 DAGs
[2023-11-21T10:18:54.567+0300] {logging_mixin.py:117} INFO - [2023-11-21T10:18:54.567+0300] {dag.py:3324} INFO - Setting next_dagrun for example_branch_labels to 2023-11-20T00:00:00+00:00, run_after=2023-11-21T00:00:00+00:00
[2023-11-21T10:18:54.589+0300] {processor.py:178} INFO - Processing /home/user/Masaüstü/kafka/.env/lib/python3.8/site-packages/airflow/example_dags/example_branch_labels.py took 0.077 seconds
[2023-11-21T10:19:33.371+0300] {processor.py:156} INFO - Started process (PID=37276) to work on /home/user/Masaüstü/kafka/.env/lib/python3.8/site-packages/airflow/example_dags/example_branch_labels.py
[2023-11-21T10:19:33.375+0300] {processor.py:758} INFO - Processing file /home/user/Masaüstü/kafka/.env/lib/python3.8/site-packages/airflow/example_dags/example_branch_labels.py for tasks to queue
[2023-11-21T10:19:33.377+0300] {logging_mixin.py:117} INFO - [2023-11-21T10:19:33.376+0300] {dagbag.py:525} INFO - Filling up the DagBag from /home/user/Masaüstü/kafka/.env/lib/python3.8/site-packages/airflow/example_dags/example_branch_labels.py
[2023-11-21T10:19:33.399+0300] {processor.py:768} INFO - DAG(s) dict_keys(['example_branch_labels']) retrieved from /home/user/Masaüstü/kafka/.env/lib/python3.8/site-packages/airflow/example_dags/example_branch_labels.py
[2023-11-21T10:19:33.419+0300] {logging_mixin.py:117} INFO - [2023-11-21T10:19:33.419+0300] {dag.py:2573} INFO - Sync 1 DAGs
[2023-11-21T10:19:33.436+0300] {logging_mixin.py:117} INFO - [2023-11-21T10:19:33.436+0300] {dag.py:3324} INFO - Setting next_dagrun for example_branch_labels to 2023-11-20T00:00:00+00:00, run_after=2023-11-21T00:00:00+00:00
[2023-11-21T10:19:33.453+0300] {processor.py:178} INFO - Processing /home/user/Masaüstü/kafka/.env/lib/python3.8/site-packages/airflow/example_dags/example_branch_labels.py took 0.088 seconds
