[2023-11-21T09:51:50.734+0300] {processor.py:156} INFO - Started process (PID=23867) to work on /home/user/Masaüstü/kafka/.env/lib/python3.8/site-packages/airflow/example_dags/example_short_circuit_operator.py
[2023-11-21T09:51:50.735+0300] {processor.py:758} INFO - Processing file /home/user/Masaüstü/kafka/.env/lib/python3.8/site-packages/airflow/example_dags/example_short_circuit_operator.py for tasks to queue
[2023-11-21T09:51:50.735+0300] {logging_mixin.py:117} INFO - [2023-11-21T09:51:50.735+0300] {dagbag.py:525} INFO - Filling up the DagBag from /home/user/Masaüstü/kafka/.env/lib/python3.8/site-packages/airflow/example_dags/example_short_circuit_operator.py
[2023-11-21T09:51:50.747+0300] {processor.py:768} INFO - DAG(s) dict_keys(['example_short_circuit_operator']) retrieved from /home/user/Masaüstü/kafka/.env/lib/python3.8/site-packages/airflow/example_dags/example_short_circuit_operator.py
[2023-11-21T09:51:50.770+0300] {logging_mixin.py:117} INFO - [2023-11-21T09:51:50.770+0300] {dag.py:2573} INFO - Sync 1 DAGs
[2023-11-21T09:51:50.793+0300] {logging_mixin.py:117} INFO - [2023-11-21T09:51:50.793+0300] {dag.py:3324} INFO - Setting next_dagrun for example_short_circuit_operator to 2023-11-20T06:51:50.792880+00:00, run_after=2023-11-21T06:51:50.792880+00:00
[2023-11-21T09:51:50.816+0300] {processor.py:178} INFO - Processing /home/user/Masaüstü/kafka/.env/lib/python3.8/site-packages/airflow/example_dags/example_short_circuit_operator.py took 0.083 seconds
[2023-11-21T09:52:28.254+0300] {processor.py:156} INFO - Started process (PID=24302) to work on /home/user/Masaüstü/kafka/.env/lib/python3.8/site-packages/airflow/example_dags/example_short_circuit_operator.py
[2023-11-21T09:52:28.255+0300] {processor.py:758} INFO - Processing file /home/user/Masaüstü/kafka/.env/lib/python3.8/site-packages/airflow/example_dags/example_short_circuit_operator.py for tasks to queue
[2023-11-21T09:52:28.256+0300] {logging_mixin.py:117} INFO - [2023-11-21T09:52:28.256+0300] {dagbag.py:525} INFO - Filling up the DagBag from /home/user/Masaüstü/kafka/.env/lib/python3.8/site-packages/airflow/example_dags/example_short_circuit_operator.py
[2023-11-21T09:52:28.284+0300] {processor.py:768} INFO - DAG(s) dict_keys(['example_short_circuit_operator']) retrieved from /home/user/Masaüstü/kafka/.env/lib/python3.8/site-packages/airflow/example_dags/example_short_circuit_operator.py
[2023-11-21T09:52:28.323+0300] {logging_mixin.py:117} INFO - [2023-11-21T09:52:28.323+0300] {dag.py:2573} INFO - Sync 1 DAGs
[2023-11-21T09:52:28.355+0300] {logging_mixin.py:117} INFO - [2023-11-21T09:52:28.355+0300] {dag.py:3324} INFO - Setting next_dagrun for example_short_circuit_operator to 2023-11-20T06:52:28.355359+00:00, run_after=2023-11-21T06:52:28.355359+00:00
[2023-11-21T09:52:28.395+0300] {processor.py:178} INFO - Processing /home/user/Masaüstü/kafka/.env/lib/python3.8/site-packages/airflow/example_dags/example_short_circuit_operator.py took 0.148 seconds
[2023-11-21T09:53:05.862+0300] {processor.py:156} INFO - Started process (PID=24583) to work on /home/user/Masaüstü/kafka/.env/lib/python3.8/site-packages/airflow/example_dags/example_short_circuit_operator.py
[2023-11-21T09:53:05.865+0300] {processor.py:758} INFO - Processing file /home/user/Masaüstü/kafka/.env/lib/python3.8/site-packages/airflow/example_dags/example_short_circuit_operator.py for tasks to queue
[2023-11-21T09:53:05.867+0300] {logging_mixin.py:117} INFO - [2023-11-21T09:53:05.866+0300] {dagbag.py:525} INFO - Filling up the DagBag from /home/user/Masaüstü/kafka/.env/lib/python3.8/site-packages/airflow/example_dags/example_short_circuit_operator.py
[2023-11-21T09:53:05.895+0300] {processor.py:768} INFO - DAG(s) dict_keys(['example_short_circuit_operator']) retrieved from /home/user/Masaüstü/kafka/.env/lib/python3.8/site-packages/airflow/example_dags/example_short_circuit_operator.py
[2023-11-21T09:53:05.915+0300] {logging_mixin.py:117} INFO - [2023-11-21T09:53:05.915+0300] {dag.py:2573} INFO - Sync 1 DAGs
[2023-11-21T09:53:05.930+0300] {logging_mixin.py:117} INFO - [2023-11-21T09:53:05.930+0300] {dag.py:3324} INFO - Setting next_dagrun for example_short_circuit_operator to 2023-11-20T06:53:05.929920+00:00, run_after=2023-11-21T06:53:05.929920+00:00
[2023-11-21T09:53:05.948+0300] {processor.py:178} INFO - Processing /home/user/Masaüstü/kafka/.env/lib/python3.8/site-packages/airflow/example_dags/example_short_circuit_operator.py took 0.092 seconds
[2023-11-21T09:53:44.494+0300] {processor.py:156} INFO - Started process (PID=24837) to work on /home/user/Masaüstü/kafka/.env/lib/python3.8/site-packages/airflow/example_dags/example_short_circuit_operator.py
[2023-11-21T09:53:44.497+0300] {processor.py:758} INFO - Processing file /home/user/Masaüstü/kafka/.env/lib/python3.8/site-packages/airflow/example_dags/example_short_circuit_operator.py for tasks to queue
[2023-11-21T09:53:44.499+0300] {logging_mixin.py:117} INFO - [2023-11-21T09:53:44.499+0300] {dagbag.py:525} INFO - Filling up the DagBag from /home/user/Masaüstü/kafka/.env/lib/python3.8/site-packages/airflow/example_dags/example_short_circuit_operator.py
[2023-11-21T09:53:44.525+0300] {processor.py:768} INFO - DAG(s) dict_keys(['example_short_circuit_operator']) retrieved from /home/user/Masaüstü/kafka/.env/lib/python3.8/site-packages/airflow/example_dags/example_short_circuit_operator.py
[2023-11-21T09:53:44.545+0300] {logging_mixin.py:117} INFO - [2023-11-21T09:53:44.544+0300] {dag.py:2573} INFO - Sync 1 DAGs
[2023-11-21T09:53:44.560+0300] {logging_mixin.py:117} INFO - [2023-11-21T09:53:44.560+0300] {dag.py:3324} INFO - Setting next_dagrun for example_short_circuit_operator to 2023-11-20T06:53:44.559912+00:00, run_after=2023-11-21T06:53:44.559912+00:00
[2023-11-21T09:53:44.580+0300] {processor.py:178} INFO - Processing /home/user/Masaüstü/kafka/.env/lib/python3.8/site-packages/airflow/example_dags/example_short_circuit_operator.py took 0.094 seconds
[2023-11-21T09:54:20.492+0300] {processor.py:156} INFO - Started process (PID=25051) to work on /home/user/Masaüstü/kafka/.env/lib/python3.8/site-packages/airflow/example_dags/example_short_circuit_operator.py
[2023-11-21T09:54:20.496+0300] {processor.py:758} INFO - Processing file /home/user/Masaüstü/kafka/.env/lib/python3.8/site-packages/airflow/example_dags/example_short_circuit_operator.py for tasks to queue
[2023-11-21T09:54:20.497+0300] {logging_mixin.py:117} INFO - [2023-11-21T09:54:20.497+0300] {dagbag.py:525} INFO - Filling up the DagBag from /home/user/Masaüstü/kafka/.env/lib/python3.8/site-packages/airflow/example_dags/example_short_circuit_operator.py
[2023-11-21T09:54:20.526+0300] {processor.py:768} INFO - DAG(s) dict_keys(['example_short_circuit_operator']) retrieved from /home/user/Masaüstü/kafka/.env/lib/python3.8/site-packages/airflow/example_dags/example_short_circuit_operator.py
[2023-11-21T09:54:20.546+0300] {logging_mixin.py:117} INFO - [2023-11-21T09:54:20.546+0300] {dag.py:2573} INFO - Sync 1 DAGs
[2023-11-21T09:54:20.561+0300] {logging_mixin.py:117} INFO - [2023-11-21T09:54:20.561+0300] {dag.py:3324} INFO - Setting next_dagrun for example_short_circuit_operator to 2023-11-20T06:54:20.561449+00:00, run_after=2023-11-21T06:54:20.561449+00:00
[2023-11-21T09:54:20.580+0300] {processor.py:178} INFO - Processing /home/user/Masaüstü/kafka/.env/lib/python3.8/site-packages/airflow/example_dags/example_short_circuit_operator.py took 0.095 seconds
[2023-11-21T09:54:57.075+0300] {processor.py:156} INFO - Started process (PID=25287) to work on /home/user/Masaüstü/kafka/.env/lib/python3.8/site-packages/airflow/example_dags/example_short_circuit_operator.py
[2023-11-21T09:54:57.078+0300] {processor.py:758} INFO - Processing file /home/user/Masaüstü/kafka/.env/lib/python3.8/site-packages/airflow/example_dags/example_short_circuit_operator.py for tasks to queue
[2023-11-21T09:54:57.079+0300] {logging_mixin.py:117} INFO - [2023-11-21T09:54:57.078+0300] {dagbag.py:525} INFO - Filling up the DagBag from /home/user/Masaüstü/kafka/.env/lib/python3.8/site-packages/airflow/example_dags/example_short_circuit_operator.py
[2023-11-21T09:54:57.102+0300] {processor.py:768} INFO - DAG(s) dict_keys(['example_short_circuit_operator']) retrieved from /home/user/Masaüstü/kafka/.env/lib/python3.8/site-packages/airflow/example_dags/example_short_circuit_operator.py
[2023-11-21T09:54:57.124+0300] {logging_mixin.py:117} INFO - [2023-11-21T09:54:57.124+0300] {dag.py:2573} INFO - Sync 1 DAGs
[2023-11-21T09:54:57.141+0300] {logging_mixin.py:117} INFO - [2023-11-21T09:54:57.141+0300] {dag.py:3324} INFO - Setting next_dagrun for example_short_circuit_operator to 2023-11-20T06:54:57.141339+00:00, run_after=2023-11-21T06:54:57.141339+00:00
[2023-11-21T09:54:57.162+0300] {processor.py:178} INFO - Processing /home/user/Masaüstü/kafka/.env/lib/python3.8/site-packages/airflow/example_dags/example_short_circuit_operator.py took 0.090 seconds
[2023-11-21T09:55:35.509+0300] {processor.py:156} INFO - Started process (PID=25601) to work on /home/user/Masaüstü/kafka/.env/lib/python3.8/site-packages/airflow/example_dags/example_short_circuit_operator.py
[2023-11-21T09:55:35.512+0300] {processor.py:758} INFO - Processing file /home/user/Masaüstü/kafka/.env/lib/python3.8/site-packages/airflow/example_dags/example_short_circuit_operator.py for tasks to queue
[2023-11-21T09:55:35.514+0300] {logging_mixin.py:117} INFO - [2023-11-21T09:55:35.514+0300] {dagbag.py:525} INFO - Filling up the DagBag from /home/user/Masaüstü/kafka/.env/lib/python3.8/site-packages/airflow/example_dags/example_short_circuit_operator.py
[2023-11-21T09:55:35.541+0300] {processor.py:768} INFO - DAG(s) dict_keys(['example_short_circuit_operator']) retrieved from /home/user/Masaüstü/kafka/.env/lib/python3.8/site-packages/airflow/example_dags/example_short_circuit_operator.py
[2023-11-21T09:55:35.561+0300] {logging_mixin.py:117} INFO - [2023-11-21T09:55:35.561+0300] {dag.py:2573} INFO - Sync 1 DAGs
[2023-11-21T09:55:35.575+0300] {logging_mixin.py:117} INFO - [2023-11-21T09:55:35.575+0300] {dag.py:3324} INFO - Setting next_dagrun for example_short_circuit_operator to 2023-11-20T06:55:35.575381+00:00, run_after=2023-11-21T06:55:35.575381+00:00
[2023-11-21T09:55:35.596+0300] {processor.py:178} INFO - Processing /home/user/Masaüstü/kafka/.env/lib/python3.8/site-packages/airflow/example_dags/example_short_circuit_operator.py took 0.095 seconds
[2023-11-21T09:56:11.986+0300] {processor.py:156} INFO - Started process (PID=25828) to work on /home/user/Masaüstü/kafka/.env/lib/python3.8/site-packages/airflow/example_dags/example_short_circuit_operator.py
[2023-11-21T09:56:11.989+0300] {processor.py:758} INFO - Processing file /home/user/Masaüstü/kafka/.env/lib/python3.8/site-packages/airflow/example_dags/example_short_circuit_operator.py for tasks to queue
[2023-11-21T09:56:11.991+0300] {logging_mixin.py:117} INFO - [2023-11-21T09:56:11.990+0300] {dagbag.py:525} INFO - Filling up the DagBag from /home/user/Masaüstü/kafka/.env/lib/python3.8/site-packages/airflow/example_dags/example_short_circuit_operator.py
[2023-11-21T09:56:12.018+0300] {processor.py:768} INFO - DAG(s) dict_keys(['example_short_circuit_operator']) retrieved from /home/user/Masaüstü/kafka/.env/lib/python3.8/site-packages/airflow/example_dags/example_short_circuit_operator.py
[2023-11-21T09:56:12.039+0300] {logging_mixin.py:117} INFO - [2023-11-21T09:56:12.039+0300] {dag.py:2573} INFO - Sync 1 DAGs
[2023-11-21T09:56:12.055+0300] {logging_mixin.py:117} INFO - [2023-11-21T09:56:12.055+0300] {dag.py:3324} INFO - Setting next_dagrun for example_short_circuit_operator to 2023-11-20T06:56:12.054848+00:00, run_after=2023-11-21T06:56:12.054848+00:00
[2023-11-21T09:56:12.072+0300] {processor.py:178} INFO - Processing /home/user/Masaüstü/kafka/.env/lib/python3.8/site-packages/airflow/example_dags/example_short_circuit_operator.py took 0.094 seconds
[2023-11-21T09:56:48.036+0300] {processor.py:156} INFO - Started process (PID=26093) to work on /home/user/Masaüstü/kafka/.env/lib/python3.8/site-packages/airflow/example_dags/example_short_circuit_operator.py
[2023-11-21T09:56:48.038+0300] {processor.py:758} INFO - Processing file /home/user/Masaüstü/kafka/.env/lib/python3.8/site-packages/airflow/example_dags/example_short_circuit_operator.py for tasks to queue
[2023-11-21T09:56:48.039+0300] {logging_mixin.py:117} INFO - [2023-11-21T09:56:48.039+0300] {dagbag.py:525} INFO - Filling up the DagBag from /home/user/Masaüstü/kafka/.env/lib/python3.8/site-packages/airflow/example_dags/example_short_circuit_operator.py
[2023-11-21T09:56:48.060+0300] {processor.py:768} INFO - DAG(s) dict_keys(['example_short_circuit_operator']) retrieved from /home/user/Masaüstü/kafka/.env/lib/python3.8/site-packages/airflow/example_dags/example_short_circuit_operator.py
[2023-11-21T09:56:48.091+0300] {logging_mixin.py:117} INFO - [2023-11-21T09:56:48.091+0300] {dag.py:2573} INFO - Sync 1 DAGs
[2023-11-21T09:56:48.113+0300] {logging_mixin.py:117} INFO - [2023-11-21T09:56:48.113+0300] {dag.py:3324} INFO - Setting next_dagrun for example_short_circuit_operator to 2023-11-20T06:56:48.112814+00:00, run_after=2023-11-21T06:56:48.112814+00:00
[2023-11-21T09:56:48.154+0300] {processor.py:178} INFO - Processing /home/user/Masaüstü/kafka/.env/lib/python3.8/site-packages/airflow/example_dags/example_short_circuit_operator.py took 0.121 seconds
[2023-11-21T09:57:26.707+0300] {processor.py:156} INFO - Started process (PID=26327) to work on /home/user/Masaüstü/kafka/.env/lib/python3.8/site-packages/airflow/example_dags/example_short_circuit_operator.py
[2023-11-21T09:57:26.708+0300] {processor.py:758} INFO - Processing file /home/user/Masaüstü/kafka/.env/lib/python3.8/site-packages/airflow/example_dags/example_short_circuit_operator.py for tasks to queue
[2023-11-21T09:57:26.708+0300] {logging_mixin.py:117} INFO - [2023-11-21T09:57:26.708+0300] {dagbag.py:525} INFO - Filling up the DagBag from /home/user/Masaüstü/kafka/.env/lib/python3.8/site-packages/airflow/example_dags/example_short_circuit_operator.py
[2023-11-21T09:57:26.720+0300] {processor.py:768} INFO - DAG(s) dict_keys(['example_short_circuit_operator']) retrieved from /home/user/Masaüstü/kafka/.env/lib/python3.8/site-packages/airflow/example_dags/example_short_circuit_operator.py
[2023-11-21T09:57:26.738+0300] {logging_mixin.py:117} INFO - [2023-11-21T09:57:26.738+0300] {dag.py:2573} INFO - Sync 1 DAGs
[2023-11-21T09:57:26.753+0300] {logging_mixin.py:117} INFO - [2023-11-21T09:57:26.753+0300] {dag.py:3324} INFO - Setting next_dagrun for example_short_circuit_operator to 2023-11-20T06:57:26.753516+00:00, run_after=2023-11-21T06:57:26.753516+00:00
[2023-11-21T09:57:26.770+0300] {processor.py:178} INFO - Processing /home/user/Masaüstü/kafka/.env/lib/python3.8/site-packages/airflow/example_dags/example_short_circuit_operator.py took 0.065 seconds
[2023-11-21T09:58:03.386+0300] {processor.py:156} INFO - Started process (PID=26558) to work on /home/user/Masaüstü/kafka/.env/lib/python3.8/site-packages/airflow/example_dags/example_short_circuit_operator.py
[2023-11-21T09:58:03.389+0300] {processor.py:758} INFO - Processing file /home/user/Masaüstü/kafka/.env/lib/python3.8/site-packages/airflow/example_dags/example_short_circuit_operator.py for tasks to queue
[2023-11-21T09:58:03.389+0300] {logging_mixin.py:117} INFO - [2023-11-21T09:58:03.389+0300] {dagbag.py:525} INFO - Filling up the DagBag from /home/user/Masaüstü/kafka/.env/lib/python3.8/site-packages/airflow/example_dags/example_short_circuit_operator.py
[2023-11-21T09:58:03.403+0300] {processor.py:768} INFO - DAG(s) dict_keys(['example_short_circuit_operator']) retrieved from /home/user/Masaüstü/kafka/.env/lib/python3.8/site-packages/airflow/example_dags/example_short_circuit_operator.py
[2023-11-21T09:58:03.425+0300] {logging_mixin.py:117} INFO - [2023-11-21T09:58:03.425+0300] {dag.py:2573} INFO - Sync 1 DAGs
[2023-11-21T09:58:03.440+0300] {logging_mixin.py:117} INFO - [2023-11-21T09:58:03.440+0300] {dag.py:3324} INFO - Setting next_dagrun for example_short_circuit_operator to 2023-11-20T06:58:03.440682+00:00, run_after=2023-11-21T06:58:03.440682+00:00
[2023-11-21T09:58:03.462+0300] {processor.py:178} INFO - Processing /home/user/Masaüstü/kafka/.env/lib/python3.8/site-packages/airflow/example_dags/example_short_circuit_operator.py took 0.077 seconds
[2023-11-21T09:58:40.141+0300] {processor.py:156} INFO - Started process (PID=27139) to work on /home/user/Masaüstü/kafka/.env/lib/python3.8/site-packages/airflow/example_dags/example_short_circuit_operator.py
[2023-11-21T09:58:40.142+0300] {processor.py:758} INFO - Processing file /home/user/Masaüstü/kafka/.env/lib/python3.8/site-packages/airflow/example_dags/example_short_circuit_operator.py for tasks to queue
[2023-11-21T09:58:40.143+0300] {logging_mixin.py:117} INFO - [2023-11-21T09:58:40.143+0300] {dagbag.py:525} INFO - Filling up the DagBag from /home/user/Masaüstü/kafka/.env/lib/python3.8/site-packages/airflow/example_dags/example_short_circuit_operator.py
[2023-11-21T09:58:40.160+0300] {processor.py:768} INFO - DAG(s) dict_keys(['example_short_circuit_operator']) retrieved from /home/user/Masaüstü/kafka/.env/lib/python3.8/site-packages/airflow/example_dags/example_short_circuit_operator.py
[2023-11-21T09:58:40.188+0300] {logging_mixin.py:117} INFO - [2023-11-21T09:58:40.188+0300] {dag.py:2573} INFO - Sync 1 DAGs
[2023-11-21T09:58:40.212+0300] {logging_mixin.py:117} INFO - [2023-11-21T09:58:40.211+0300] {dag.py:3324} INFO - Setting next_dagrun for example_short_circuit_operator to 2023-11-20T06:58:40.211766+00:00, run_after=2023-11-21T06:58:40.211766+00:00
[2023-11-21T09:58:40.240+0300] {processor.py:178} INFO - Processing /home/user/Masaüstü/kafka/.env/lib/python3.8/site-packages/airflow/example_dags/example_short_circuit_operator.py took 0.103 seconds
[2023-11-21T09:59:16.508+0300] {processor.py:156} INFO - Started process (PID=27401) to work on /home/user/Masaüstü/kafka/.env/lib/python3.8/site-packages/airflow/example_dags/example_short_circuit_operator.py
[2023-11-21T09:59:16.510+0300] {processor.py:758} INFO - Processing file /home/user/Masaüstü/kafka/.env/lib/python3.8/site-packages/airflow/example_dags/example_short_circuit_operator.py for tasks to queue
[2023-11-21T09:59:16.511+0300] {logging_mixin.py:117} INFO - [2023-11-21T09:59:16.510+0300] {dagbag.py:525} INFO - Filling up the DagBag from /home/user/Masaüstü/kafka/.env/lib/python3.8/site-packages/airflow/example_dags/example_short_circuit_operator.py
[2023-11-21T09:59:16.522+0300] {processor.py:768} INFO - DAG(s) dict_keys(['example_short_circuit_operator']) retrieved from /home/user/Masaüstü/kafka/.env/lib/python3.8/site-packages/airflow/example_dags/example_short_circuit_operator.py
[2023-11-21T09:59:16.541+0300] {logging_mixin.py:117} INFO - [2023-11-21T09:59:16.541+0300] {dag.py:2573} INFO - Sync 1 DAGs
[2023-11-21T09:59:16.555+0300] {logging_mixin.py:117} INFO - [2023-11-21T09:59:16.555+0300] {dag.py:3324} INFO - Setting next_dagrun for example_short_circuit_operator to 2023-11-20T06:59:16.555102+00:00, run_after=2023-11-21T06:59:16.555102+00:00
[2023-11-21T09:59:16.572+0300] {processor.py:178} INFO - Processing /home/user/Masaüstü/kafka/.env/lib/python3.8/site-packages/airflow/example_dags/example_short_circuit_operator.py took 0.066 seconds
[2023-11-21T09:59:52.595+0300] {processor.py:156} INFO - Started process (PID=27630) to work on /home/user/Masaüstü/kafka/.env/lib/python3.8/site-packages/airflow/example_dags/example_short_circuit_operator.py
[2023-11-21T09:59:52.596+0300] {processor.py:758} INFO - Processing file /home/user/Masaüstü/kafka/.env/lib/python3.8/site-packages/airflow/example_dags/example_short_circuit_operator.py for tasks to queue
[2023-11-21T09:59:52.597+0300] {logging_mixin.py:117} INFO - [2023-11-21T09:59:52.596+0300] {dagbag.py:525} INFO - Filling up the DagBag from /home/user/Masaüstü/kafka/.env/lib/python3.8/site-packages/airflow/example_dags/example_short_circuit_operator.py
[2023-11-21T09:59:52.610+0300] {processor.py:768} INFO - DAG(s) dict_keys(['example_short_circuit_operator']) retrieved from /home/user/Masaüstü/kafka/.env/lib/python3.8/site-packages/airflow/example_dags/example_short_circuit_operator.py
[2023-11-21T09:59:52.632+0300] {logging_mixin.py:117} INFO - [2023-11-21T09:59:52.632+0300] {dag.py:2573} INFO - Sync 1 DAGs
[2023-11-21T09:59:52.656+0300] {logging_mixin.py:117} INFO - [2023-11-21T09:59:52.656+0300] {dag.py:3324} INFO - Setting next_dagrun for example_short_circuit_operator to 2023-11-20T06:59:52.656275+00:00, run_after=2023-11-21T06:59:52.656275+00:00
[2023-11-21T09:59:52.687+0300] {processor.py:178} INFO - Processing /home/user/Masaüstü/kafka/.env/lib/python3.8/site-packages/airflow/example_dags/example_short_circuit_operator.py took 0.094 seconds
[2023-11-21T10:00:27.703+0300] {processor.py:156} INFO - Started process (PID=27840) to work on /home/user/Masaüstü/kafka/.env/lib/python3.8/site-packages/airflow/example_dags/example_short_circuit_operator.py
[2023-11-21T10:00:27.704+0300] {processor.py:758} INFO - Processing file /home/user/Masaüstü/kafka/.env/lib/python3.8/site-packages/airflow/example_dags/example_short_circuit_operator.py for tasks to queue
[2023-11-21T10:00:27.705+0300] {logging_mixin.py:117} INFO - [2023-11-21T10:00:27.705+0300] {dagbag.py:525} INFO - Filling up the DagBag from /home/user/Masaüstü/kafka/.env/lib/python3.8/site-packages/airflow/example_dags/example_short_circuit_operator.py
[2023-11-21T10:00:27.717+0300] {processor.py:768} INFO - DAG(s) dict_keys(['example_short_circuit_operator']) retrieved from /home/user/Masaüstü/kafka/.env/lib/python3.8/site-packages/airflow/example_dags/example_short_circuit_operator.py
[2023-11-21T10:00:27.737+0300] {logging_mixin.py:117} INFO - [2023-11-21T10:00:27.736+0300] {dag.py:2573} INFO - Sync 1 DAGs
[2023-11-21T10:00:27.751+0300] {logging_mixin.py:117} INFO - [2023-11-21T10:00:27.751+0300] {dag.py:3324} INFO - Setting next_dagrun for example_short_circuit_operator to 2023-11-20T07:00:27.750845+00:00, run_after=2023-11-21T07:00:27.750845+00:00
[2023-11-21T10:00:27.769+0300] {processor.py:178} INFO - Processing /home/user/Masaüstü/kafka/.env/lib/python3.8/site-packages/airflow/example_dags/example_short_circuit_operator.py took 0.068 seconds
[2023-11-21T10:01:04.006+0300] {processor.py:156} INFO - Started process (PID=28061) to work on /home/user/Masaüstü/kafka/.env/lib/python3.8/site-packages/airflow/example_dags/example_short_circuit_operator.py
[2023-11-21T10:01:04.008+0300] {processor.py:758} INFO - Processing file /home/user/Masaüstü/kafka/.env/lib/python3.8/site-packages/airflow/example_dags/example_short_circuit_operator.py for tasks to queue
[2023-11-21T10:01:04.009+0300] {logging_mixin.py:117} INFO - [2023-11-21T10:01:04.008+0300] {dagbag.py:525} INFO - Filling up the DagBag from /home/user/Masaüstü/kafka/.env/lib/python3.8/site-packages/airflow/example_dags/example_short_circuit_operator.py
[2023-11-21T10:01:04.027+0300] {processor.py:768} INFO - DAG(s) dict_keys(['example_short_circuit_operator']) retrieved from /home/user/Masaüstü/kafka/.env/lib/python3.8/site-packages/airflow/example_dags/example_short_circuit_operator.py
[2023-11-21T10:01:04.048+0300] {logging_mixin.py:117} INFO - [2023-11-21T10:01:04.048+0300] {dag.py:2573} INFO - Sync 1 DAGs
[2023-11-21T10:01:04.063+0300] {logging_mixin.py:117} INFO - [2023-11-21T10:01:04.063+0300] {dag.py:3324} INFO - Setting next_dagrun for example_short_circuit_operator to 2023-11-20T07:01:04.062969+00:00, run_after=2023-11-21T07:01:04.062969+00:00
[2023-11-21T10:01:04.089+0300] {processor.py:178} INFO - Processing /home/user/Masaüstü/kafka/.env/lib/python3.8/site-packages/airflow/example_dags/example_short_circuit_operator.py took 0.086 seconds
[2023-11-21T10:01:40.015+0300] {processor.py:156} INFO - Started process (PID=28347) to work on /home/user/Masaüstü/kafka/.env/lib/python3.8/site-packages/airflow/example_dags/example_short_circuit_operator.py
[2023-11-21T10:01:40.019+0300] {processor.py:758} INFO - Processing file /home/user/Masaüstü/kafka/.env/lib/python3.8/site-packages/airflow/example_dags/example_short_circuit_operator.py for tasks to queue
[2023-11-21T10:01:40.021+0300] {logging_mixin.py:117} INFO - [2023-11-21T10:01:40.020+0300] {dagbag.py:525} INFO - Filling up the DagBag from /home/user/Masaüstü/kafka/.env/lib/python3.8/site-packages/airflow/example_dags/example_short_circuit_operator.py
[2023-11-21T10:01:40.048+0300] {processor.py:768} INFO - DAG(s) dict_keys(['example_short_circuit_operator']) retrieved from /home/user/Masaüstü/kafka/.env/lib/python3.8/site-packages/airflow/example_dags/example_short_circuit_operator.py
[2023-11-21T10:01:40.067+0300] {logging_mixin.py:117} INFO - [2023-11-21T10:01:40.067+0300] {dag.py:2573} INFO - Sync 1 DAGs
[2023-11-21T10:01:40.083+0300] {logging_mixin.py:117} INFO - [2023-11-21T10:01:40.082+0300] {dag.py:3324} INFO - Setting next_dagrun for example_short_circuit_operator to 2023-11-20T07:01:40.082754+00:00, run_after=2023-11-21T07:01:40.082754+00:00
[2023-11-21T10:01:40.101+0300] {processor.py:178} INFO - Processing /home/user/Masaüstü/kafka/.env/lib/python3.8/site-packages/airflow/example_dags/example_short_circuit_operator.py took 0.092 seconds
[2023-11-21T10:02:15.433+0300] {processor.py:156} INFO - Started process (PID=28565) to work on /home/user/Masaüstü/kafka/.env/lib/python3.8/site-packages/airflow/example_dags/example_short_circuit_operator.py
[2023-11-21T10:02:15.435+0300] {processor.py:758} INFO - Processing file /home/user/Masaüstü/kafka/.env/lib/python3.8/site-packages/airflow/example_dags/example_short_circuit_operator.py for tasks to queue
[2023-11-21T10:02:15.435+0300] {logging_mixin.py:117} INFO - [2023-11-21T10:02:15.435+0300] {dagbag.py:525} INFO - Filling up the DagBag from /home/user/Masaüstü/kafka/.env/lib/python3.8/site-packages/airflow/example_dags/example_short_circuit_operator.py
[2023-11-21T10:02:15.450+0300] {processor.py:768} INFO - DAG(s) dict_keys(['example_short_circuit_operator']) retrieved from /home/user/Masaüstü/kafka/.env/lib/python3.8/site-packages/airflow/example_dags/example_short_circuit_operator.py
[2023-11-21T10:02:15.470+0300] {logging_mixin.py:117} INFO - [2023-11-21T10:02:15.470+0300] {dag.py:2573} INFO - Sync 1 DAGs
[2023-11-21T10:02:15.485+0300] {logging_mixin.py:117} INFO - [2023-11-21T10:02:15.485+0300] {dag.py:3324} INFO - Setting next_dagrun for example_short_circuit_operator to 2023-11-20T07:02:15.485015+00:00, run_after=2023-11-21T07:02:15.485015+00:00
[2023-11-21T10:02:15.511+0300] {processor.py:178} INFO - Processing /home/user/Masaüstü/kafka/.env/lib/python3.8/site-packages/airflow/example_dags/example_short_circuit_operator.py took 0.085 seconds
[2023-11-21T10:02:52.770+0300] {processor.py:156} INFO - Started process (PID=28804) to work on /home/user/Masaüstü/kafka/.env/lib/python3.8/site-packages/airflow/example_dags/example_short_circuit_operator.py
[2023-11-21T10:02:52.772+0300] {processor.py:758} INFO - Processing file /home/user/Masaüstü/kafka/.env/lib/python3.8/site-packages/airflow/example_dags/example_short_circuit_operator.py for tasks to queue
[2023-11-21T10:02:52.773+0300] {logging_mixin.py:117} INFO - [2023-11-21T10:02:52.773+0300] {dagbag.py:525} INFO - Filling up the DagBag from /home/user/Masaüstü/kafka/.env/lib/python3.8/site-packages/airflow/example_dags/example_short_circuit_operator.py
[2023-11-21T10:02:52.795+0300] {processor.py:768} INFO - DAG(s) dict_keys(['example_short_circuit_operator']) retrieved from /home/user/Masaüstü/kafka/.env/lib/python3.8/site-packages/airflow/example_dags/example_short_circuit_operator.py
[2023-11-21T10:02:52.817+0300] {logging_mixin.py:117} INFO - [2023-11-21T10:02:52.817+0300] {dag.py:2573} INFO - Sync 1 DAGs
[2023-11-21T10:02:52.831+0300] {logging_mixin.py:117} INFO - [2023-11-21T10:02:52.831+0300] {dag.py:3324} INFO - Setting next_dagrun for example_short_circuit_operator to 2023-11-20T07:02:52.831017+00:00, run_after=2023-11-21T07:02:52.831017+00:00
[2023-11-21T10:02:52.859+0300] {processor.py:178} INFO - Processing /home/user/Masaüstü/kafka/.env/lib/python3.8/site-packages/airflow/example_dags/example_short_circuit_operator.py took 0.092 seconds
[2023-11-21T10:05:20.724+0300] {processor.py:156} INFO - Started process (PID=30139) to work on /home/user/Masaüstü/kafka/.env/lib/python3.8/site-packages/airflow/example_dags/example_short_circuit_operator.py
[2023-11-21T10:05:20.726+0300] {processor.py:758} INFO - Processing file /home/user/Masaüstü/kafka/.env/lib/python3.8/site-packages/airflow/example_dags/example_short_circuit_operator.py for tasks to queue
[2023-11-21T10:05:20.727+0300] {logging_mixin.py:117} INFO - [2023-11-21T10:05:20.726+0300] {dagbag.py:525} INFO - Filling up the DagBag from /home/user/Masaüstü/kafka/.env/lib/python3.8/site-packages/airflow/example_dags/example_short_circuit_operator.py
[2023-11-21T10:05:20.747+0300] {processor.py:768} INFO - DAG(s) dict_keys(['example_short_circuit_operator']) retrieved from /home/user/Masaüstü/kafka/.env/lib/python3.8/site-packages/airflow/example_dags/example_short_circuit_operator.py
[2023-11-21T10:05:20.771+0300] {logging_mixin.py:117} INFO - [2023-11-21T10:05:20.771+0300] {dag.py:2573} INFO - Sync 1 DAGs
[2023-11-21T10:05:20.785+0300] {logging_mixin.py:117} INFO - [2023-11-21T10:05:20.785+0300] {dag.py:3324} INFO - Setting next_dagrun for example_short_circuit_operator to 2023-11-20T07:05:20.784928+00:00, run_after=2023-11-21T07:05:20.784928+00:00
[2023-11-21T10:05:20.811+0300] {processor.py:178} INFO - Processing /home/user/Masaüstü/kafka/.env/lib/python3.8/site-packages/airflow/example_dags/example_short_circuit_operator.py took 0.090 seconds
[2023-11-21T10:05:59.859+0300] {processor.py:156} INFO - Started process (PID=30514) to work on /home/user/Masaüstü/kafka/.env/lib/python3.8/site-packages/airflow/example_dags/example_short_circuit_operator.py
[2023-11-21T10:05:59.861+0300] {processor.py:758} INFO - Processing file /home/user/Masaüstü/kafka/.env/lib/python3.8/site-packages/airflow/example_dags/example_short_circuit_operator.py for tasks to queue
[2023-11-21T10:05:59.861+0300] {logging_mixin.py:117} INFO - [2023-11-21T10:05:59.861+0300] {dagbag.py:525} INFO - Filling up the DagBag from /home/user/Masaüstü/kafka/.env/lib/python3.8/site-packages/airflow/example_dags/example_short_circuit_operator.py
[2023-11-21T10:05:59.874+0300] {processor.py:768} INFO - DAG(s) dict_keys(['example_short_circuit_operator']) retrieved from /home/user/Masaüstü/kafka/.env/lib/python3.8/site-packages/airflow/example_dags/example_short_circuit_operator.py
[2023-11-21T10:05:59.895+0300] {logging_mixin.py:117} INFO - [2023-11-21T10:05:59.895+0300] {dag.py:2573} INFO - Sync 1 DAGs
[2023-11-21T10:05:59.920+0300] {logging_mixin.py:117} INFO - [2023-11-21T10:05:59.920+0300] {dag.py:3324} INFO - Setting next_dagrun for example_short_circuit_operator to 2023-11-20T07:05:59.919894+00:00, run_after=2023-11-21T07:05:59.919894+00:00
[2023-11-21T10:05:59.949+0300] {processor.py:178} INFO - Processing /home/user/Masaüstü/kafka/.env/lib/python3.8/site-packages/airflow/example_dags/example_short_circuit_operator.py took 0.092 seconds
[2023-11-21T10:06:37.771+0300] {processor.py:156} INFO - Started process (PID=30745) to work on /home/user/Masaüstü/kafka/.env/lib/python3.8/site-packages/airflow/example_dags/example_short_circuit_operator.py
[2023-11-21T10:06:37.773+0300] {processor.py:758} INFO - Processing file /home/user/Masaüstü/kafka/.env/lib/python3.8/site-packages/airflow/example_dags/example_short_circuit_operator.py for tasks to queue
[2023-11-21T10:06:37.774+0300] {logging_mixin.py:117} INFO - [2023-11-21T10:06:37.774+0300] {dagbag.py:525} INFO - Filling up the DagBag from /home/user/Masaüstü/kafka/.env/lib/python3.8/site-packages/airflow/example_dags/example_short_circuit_operator.py
[2023-11-21T10:06:37.799+0300] {processor.py:768} INFO - DAG(s) dict_keys(['example_short_circuit_operator']) retrieved from /home/user/Masaüstü/kafka/.env/lib/python3.8/site-packages/airflow/example_dags/example_short_circuit_operator.py
[2023-11-21T10:06:37.821+0300] {logging_mixin.py:117} INFO - [2023-11-21T10:06:37.821+0300] {dag.py:2573} INFO - Sync 1 DAGs
[2023-11-21T10:06:37.835+0300] {logging_mixin.py:117} INFO - [2023-11-21T10:06:37.835+0300] {dag.py:3324} INFO - Setting next_dagrun for example_short_circuit_operator to 2023-11-20T07:06:37.835486+00:00, run_after=2023-11-21T07:06:37.835486+00:00
[2023-11-21T10:06:37.862+0300] {processor.py:178} INFO - Processing /home/user/Masaüstü/kafka/.env/lib/python3.8/site-packages/airflow/example_dags/example_short_circuit_operator.py took 0.093 seconds
[2023-11-21T10:07:14.589+0300] {processor.py:156} INFO - Started process (PID=31005) to work on /home/user/Masaüstü/kafka/.env/lib/python3.8/site-packages/airflow/example_dags/example_short_circuit_operator.py
[2023-11-21T10:07:14.593+0300] {processor.py:758} INFO - Processing file /home/user/Masaüstü/kafka/.env/lib/python3.8/site-packages/airflow/example_dags/example_short_circuit_operator.py for tasks to queue
[2023-11-21T10:07:14.595+0300] {logging_mixin.py:117} INFO - [2023-11-21T10:07:14.594+0300] {dagbag.py:525} INFO - Filling up the DagBag from /home/user/Masaüstü/kafka/.env/lib/python3.8/site-packages/airflow/example_dags/example_short_circuit_operator.py
[2023-11-21T10:07:14.622+0300] {processor.py:768} INFO - DAG(s) dict_keys(['example_short_circuit_operator']) retrieved from /home/user/Masaüstü/kafka/.env/lib/python3.8/site-packages/airflow/example_dags/example_short_circuit_operator.py
[2023-11-21T10:07:14.640+0300] {logging_mixin.py:117} INFO - [2023-11-21T10:07:14.640+0300] {dag.py:2573} INFO - Sync 1 DAGs
[2023-11-21T10:07:14.655+0300] {logging_mixin.py:117} INFO - [2023-11-21T10:07:14.655+0300] {dag.py:3324} INFO - Setting next_dagrun for example_short_circuit_operator to 2023-11-20T07:07:14.655064+00:00, run_after=2023-11-21T07:07:14.655064+00:00
[2023-11-21T10:07:14.672+0300] {processor.py:178} INFO - Processing /home/user/Masaüstü/kafka/.env/lib/python3.8/site-packages/airflow/example_dags/example_short_circuit_operator.py took 0.092 seconds
[2023-11-21T10:07:54.378+0300] {processor.py:156} INFO - Started process (PID=31242) to work on /home/user/Masaüstü/kafka/.env/lib/python3.8/site-packages/airflow/example_dags/example_short_circuit_operator.py
[2023-11-21T10:07:54.379+0300] {processor.py:758} INFO - Processing file /home/user/Masaüstü/kafka/.env/lib/python3.8/site-packages/airflow/example_dags/example_short_circuit_operator.py for tasks to queue
[2023-11-21T10:07:54.379+0300] {logging_mixin.py:117} INFO - [2023-11-21T10:07:54.379+0300] {dagbag.py:525} INFO - Filling up the DagBag from /home/user/Masaüstü/kafka/.env/lib/python3.8/site-packages/airflow/example_dags/example_short_circuit_operator.py
[2023-11-21T10:07:54.391+0300] {processor.py:768} INFO - DAG(s) dict_keys(['example_short_circuit_operator']) retrieved from /home/user/Masaüstü/kafka/.env/lib/python3.8/site-packages/airflow/example_dags/example_short_circuit_operator.py
[2023-11-21T10:07:54.408+0300] {logging_mixin.py:117} INFO - [2023-11-21T10:07:54.408+0300] {dag.py:2573} INFO - Sync 1 DAGs
[2023-11-21T10:07:54.423+0300] {logging_mixin.py:117} INFO - [2023-11-21T10:07:54.422+0300] {dag.py:3324} INFO - Setting next_dagrun for example_short_circuit_operator to 2023-11-20T07:07:54.422783+00:00, run_after=2023-11-21T07:07:54.422783+00:00
[2023-11-21T10:07:54.457+0300] {processor.py:178} INFO - Processing /home/user/Masaüstü/kafka/.env/lib/python3.8/site-packages/airflow/example_dags/example_short_circuit_operator.py took 0.080 seconds
[2023-11-21T10:08:32.160+0300] {processor.py:156} INFO - Started process (PID=31501) to work on /home/user/Masaüstü/kafka/.env/lib/python3.8/site-packages/airflow/example_dags/example_short_circuit_operator.py
[2023-11-21T10:08:32.162+0300] {processor.py:758} INFO - Processing file /home/user/Masaüstü/kafka/.env/lib/python3.8/site-packages/airflow/example_dags/example_short_circuit_operator.py for tasks to queue
[2023-11-21T10:08:32.163+0300] {logging_mixin.py:117} INFO - [2023-11-21T10:08:32.163+0300] {dagbag.py:525} INFO - Filling up the DagBag from /home/user/Masaüstü/kafka/.env/lib/python3.8/site-packages/airflow/example_dags/example_short_circuit_operator.py
[2023-11-21T10:08:32.189+0300] {processor.py:768} INFO - DAG(s) dict_keys(['example_short_circuit_operator']) retrieved from /home/user/Masaüstü/kafka/.env/lib/python3.8/site-packages/airflow/example_dags/example_short_circuit_operator.py
[2023-11-21T10:08:32.212+0300] {logging_mixin.py:117} INFO - [2023-11-21T10:08:32.212+0300] {dag.py:2573} INFO - Sync 1 DAGs
[2023-11-21T10:08:32.227+0300] {logging_mixin.py:117} INFO - [2023-11-21T10:08:32.227+0300] {dag.py:3324} INFO - Setting next_dagrun for example_short_circuit_operator to 2023-11-20T07:08:32.227281+00:00, run_after=2023-11-21T07:08:32.227281+00:00
[2023-11-21T10:08:32.256+0300] {processor.py:178} INFO - Processing /home/user/Masaüstü/kafka/.env/lib/python3.8/site-packages/airflow/example_dags/example_short_circuit_operator.py took 0.098 seconds
[2023-11-21T10:09:09.027+0300] {processor.py:156} INFO - Started process (PID=31737) to work on /home/user/Masaüstü/kafka/.env/lib/python3.8/site-packages/airflow/example_dags/example_short_circuit_operator.py
[2023-11-21T10:09:09.028+0300] {processor.py:758} INFO - Processing file /home/user/Masaüstü/kafka/.env/lib/python3.8/site-packages/airflow/example_dags/example_short_circuit_operator.py for tasks to queue
[2023-11-21T10:09:09.029+0300] {logging_mixin.py:117} INFO - [2023-11-21T10:09:09.029+0300] {dagbag.py:525} INFO - Filling up the DagBag from /home/user/Masaüstü/kafka/.env/lib/python3.8/site-packages/airflow/example_dags/example_short_circuit_operator.py
[2023-11-21T10:09:09.042+0300] {processor.py:768} INFO - DAG(s) dict_keys(['example_short_circuit_operator']) retrieved from /home/user/Masaüstü/kafka/.env/lib/python3.8/site-packages/airflow/example_dags/example_short_circuit_operator.py
[2023-11-21T10:09:09.061+0300] {logging_mixin.py:117} INFO - [2023-11-21T10:09:09.061+0300] {dag.py:2573} INFO - Sync 1 DAGs
[2023-11-21T10:09:09.076+0300] {logging_mixin.py:117} INFO - [2023-11-21T10:09:09.076+0300] {dag.py:3324} INFO - Setting next_dagrun for example_short_circuit_operator to 2023-11-20T07:09:09.076120+00:00, run_after=2023-11-21T07:09:09.076120+00:00
[2023-11-21T10:09:09.093+0300] {processor.py:178} INFO - Processing /home/user/Masaüstü/kafka/.env/lib/python3.8/site-packages/airflow/example_dags/example_short_circuit_operator.py took 0.068 seconds
[2023-11-21T10:09:52.625+0300] {processor.py:156} INFO - Started process (PID=32399) to work on /home/user/Masaüstü/kafka/.env/lib/python3.8/site-packages/airflow/example_dags/example_short_circuit_operator.py
[2023-11-21T10:09:52.626+0300] {processor.py:758} INFO - Processing file /home/user/Masaüstü/kafka/.env/lib/python3.8/site-packages/airflow/example_dags/example_short_circuit_operator.py for tasks to queue
[2023-11-21T10:09:52.626+0300] {logging_mixin.py:117} INFO - [2023-11-21T10:09:52.626+0300] {dagbag.py:525} INFO - Filling up the DagBag from /home/user/Masaüstü/kafka/.env/lib/python3.8/site-packages/airflow/example_dags/example_short_circuit_operator.py
[2023-11-21T10:09:52.638+0300] {processor.py:768} INFO - DAG(s) dict_keys(['example_short_circuit_operator']) retrieved from /home/user/Masaüstü/kafka/.env/lib/python3.8/site-packages/airflow/example_dags/example_short_circuit_operator.py
[2023-11-21T10:09:52.656+0300] {logging_mixin.py:117} INFO - [2023-11-21T10:09:52.656+0300] {dag.py:2573} INFO - Sync 1 DAGs
[2023-11-21T10:09:52.670+0300] {logging_mixin.py:117} INFO - [2023-11-21T10:09:52.670+0300] {dag.py:3324} INFO - Setting next_dagrun for example_short_circuit_operator to 2023-11-20T07:09:52.670319+00:00, run_after=2023-11-21T07:09:52.670319+00:00
[2023-11-21T10:09:52.689+0300] {processor.py:178} INFO - Processing /home/user/Masaüstü/kafka/.env/lib/python3.8/site-packages/airflow/example_dags/example_short_circuit_operator.py took 0.065 seconds
[2023-11-21T10:10:44.164+0300] {processor.py:156} INFO - Started process (PID=33173) to work on /home/user/Masaüstü/kafka/.env/lib/python3.8/site-packages/airflow/example_dags/example_short_circuit_operator.py
[2023-11-21T10:10:44.167+0300] {processor.py:758} INFO - Processing file /home/user/Masaüstü/kafka/.env/lib/python3.8/site-packages/airflow/example_dags/example_short_circuit_operator.py for tasks to queue
[2023-11-21T10:10:44.168+0300] {logging_mixin.py:117} INFO - [2023-11-21T10:10:44.167+0300] {dagbag.py:525} INFO - Filling up the DagBag from /home/user/Masaüstü/kafka/.env/lib/python3.8/site-packages/airflow/example_dags/example_short_circuit_operator.py
[2023-11-21T10:10:44.190+0300] {processor.py:768} INFO - DAG(s) dict_keys(['example_short_circuit_operator']) retrieved from /home/user/Masaüstü/kafka/.env/lib/python3.8/site-packages/airflow/example_dags/example_short_circuit_operator.py
[2023-11-21T10:10:44.219+0300] {logging_mixin.py:117} INFO - [2023-11-21T10:10:44.219+0300] {dag.py:2573} INFO - Sync 1 DAGs
[2023-11-21T10:10:44.237+0300] {logging_mixin.py:117} INFO - [2023-11-21T10:10:44.236+0300] {dag.py:3324} INFO - Setting next_dagrun for example_short_circuit_operator to 2023-11-20T07:10:44.236684+00:00, run_after=2023-11-21T07:10:44.236684+00:00
[2023-11-21T10:10:44.257+0300] {processor.py:178} INFO - Processing /home/user/Masaüstü/kafka/.env/lib/python3.8/site-packages/airflow/example_dags/example_short_circuit_operator.py took 0.099 seconds
[2023-11-21T10:11:20.969+0300] {processor.py:156} INFO - Started process (PID=33425) to work on /home/user/Masaüstü/kafka/.env/lib/python3.8/site-packages/airflow/example_dags/example_short_circuit_operator.py
[2023-11-21T10:11:20.969+0300] {processor.py:758} INFO - Processing file /home/user/Masaüstü/kafka/.env/lib/python3.8/site-packages/airflow/example_dags/example_short_circuit_operator.py for tasks to queue
[2023-11-21T10:11:20.970+0300] {logging_mixin.py:117} INFO - [2023-11-21T10:11:20.970+0300] {dagbag.py:525} INFO - Filling up the DagBag from /home/user/Masaüstü/kafka/.env/lib/python3.8/site-packages/airflow/example_dags/example_short_circuit_operator.py
[2023-11-21T10:11:20.983+0300] {processor.py:768} INFO - DAG(s) dict_keys(['example_short_circuit_operator']) retrieved from /home/user/Masaüstü/kafka/.env/lib/python3.8/site-packages/airflow/example_dags/example_short_circuit_operator.py
[2023-11-21T10:11:21.002+0300] {logging_mixin.py:117} INFO - [2023-11-21T10:11:21.001+0300] {dag.py:2573} INFO - Sync 1 DAGs
[2023-11-21T10:11:21.020+0300] {logging_mixin.py:117} INFO - [2023-11-21T10:11:21.020+0300] {dag.py:3324} INFO - Setting next_dagrun for example_short_circuit_operator to 2023-11-20T07:11:21.019927+00:00, run_after=2023-11-21T07:11:21.019927+00:00
[2023-11-21T10:11:21.038+0300] {processor.py:178} INFO - Processing /home/user/Masaüstü/kafka/.env/lib/python3.8/site-packages/airflow/example_dags/example_short_circuit_operator.py took 0.072 seconds
[2023-11-21T10:11:58.950+0300] {processor.py:156} INFO - Started process (PID=33673) to work on /home/user/Masaüstü/kafka/.env/lib/python3.8/site-packages/airflow/example_dags/example_short_circuit_operator.py
[2023-11-21T10:11:58.952+0300] {processor.py:758} INFO - Processing file /home/user/Masaüstü/kafka/.env/lib/python3.8/site-packages/airflow/example_dags/example_short_circuit_operator.py for tasks to queue
[2023-11-21T10:11:58.953+0300] {logging_mixin.py:117} INFO - [2023-11-21T10:11:58.953+0300] {dagbag.py:525} INFO - Filling up the DagBag from /home/user/Masaüstü/kafka/.env/lib/python3.8/site-packages/airflow/example_dags/example_short_circuit_operator.py
[2023-11-21T10:11:58.966+0300] {processor.py:768} INFO - DAG(s) dict_keys(['example_short_circuit_operator']) retrieved from /home/user/Masaüstü/kafka/.env/lib/python3.8/site-packages/airflow/example_dags/example_short_circuit_operator.py
[2023-11-21T10:11:58.986+0300] {logging_mixin.py:117} INFO - [2023-11-21T10:11:58.986+0300] {dag.py:2573} INFO - Sync 1 DAGs
[2023-11-21T10:11:59.013+0300] {logging_mixin.py:117} INFO - [2023-11-21T10:11:59.012+0300] {dag.py:3324} INFO - Setting next_dagrun for example_short_circuit_operator to 2023-11-20T07:11:59.012424+00:00, run_after=2023-11-21T07:11:59.012424+00:00
[2023-11-21T10:11:59.075+0300] {processor.py:178} INFO - Processing /home/user/Masaüstü/kafka/.env/lib/python3.8/site-packages/airflow/example_dags/example_short_circuit_operator.py took 0.127 seconds
[2023-11-21T10:12:37.969+0300] {processor.py:156} INFO - Started process (PID=33898) to work on /home/user/Masaüstü/kafka/.env/lib/python3.8/site-packages/airflow/example_dags/example_short_circuit_operator.py
[2023-11-21T10:12:37.970+0300] {processor.py:758} INFO - Processing file /home/user/Masaüstü/kafka/.env/lib/python3.8/site-packages/airflow/example_dags/example_short_circuit_operator.py for tasks to queue
[2023-11-21T10:12:37.970+0300] {logging_mixin.py:117} INFO - [2023-11-21T10:12:37.970+0300] {dagbag.py:525} INFO - Filling up the DagBag from /home/user/Masaüstü/kafka/.env/lib/python3.8/site-packages/airflow/example_dags/example_short_circuit_operator.py
[2023-11-21T10:12:37.982+0300] {processor.py:768} INFO - DAG(s) dict_keys(['example_short_circuit_operator']) retrieved from /home/user/Masaüstü/kafka/.env/lib/python3.8/site-packages/airflow/example_dags/example_short_circuit_operator.py
[2023-11-21T10:12:38.001+0300] {logging_mixin.py:117} INFO - [2023-11-21T10:12:38.001+0300] {dag.py:2573} INFO - Sync 1 DAGs
[2023-11-21T10:12:38.020+0300] {logging_mixin.py:117} INFO - [2023-11-21T10:12:38.020+0300] {dag.py:3324} INFO - Setting next_dagrun for example_short_circuit_operator to 2023-11-20T07:12:38.020596+00:00, run_after=2023-11-21T07:12:38.020596+00:00
[2023-11-21T10:12:38.039+0300] {processor.py:178} INFO - Processing /home/user/Masaüstü/kafka/.env/lib/python3.8/site-packages/airflow/example_dags/example_short_circuit_operator.py took 0.071 seconds
[2023-11-21T10:13:15.891+0300] {processor.py:156} INFO - Started process (PID=34145) to work on /home/user/Masaüstü/kafka/.env/lib/python3.8/site-packages/airflow/example_dags/example_short_circuit_operator.py
[2023-11-21T10:13:15.893+0300] {processor.py:758} INFO - Processing file /home/user/Masaüstü/kafka/.env/lib/python3.8/site-packages/airflow/example_dags/example_short_circuit_operator.py for tasks to queue
[2023-11-21T10:13:15.894+0300] {logging_mixin.py:117} INFO - [2023-11-21T10:13:15.893+0300] {dagbag.py:525} INFO - Filling up the DagBag from /home/user/Masaüstü/kafka/.env/lib/python3.8/site-packages/airflow/example_dags/example_short_circuit_operator.py
[2023-11-21T10:13:15.905+0300] {processor.py:768} INFO - DAG(s) dict_keys(['example_short_circuit_operator']) retrieved from /home/user/Masaüstü/kafka/.env/lib/python3.8/site-packages/airflow/example_dags/example_short_circuit_operator.py
[2023-11-21T10:13:15.923+0300] {logging_mixin.py:117} INFO - [2023-11-21T10:13:15.923+0300] {dag.py:2573} INFO - Sync 1 DAGs
[2023-11-21T10:13:15.937+0300] {logging_mixin.py:117} INFO - [2023-11-21T10:13:15.937+0300] {dag.py:3324} INFO - Setting next_dagrun for example_short_circuit_operator to 2023-11-20T07:13:15.937090+00:00, run_after=2023-11-21T07:13:15.937090+00:00
[2023-11-21T10:13:15.955+0300] {processor.py:178} INFO - Processing /home/user/Masaüstü/kafka/.env/lib/python3.8/site-packages/airflow/example_dags/example_short_circuit_operator.py took 0.065 seconds
[2023-11-21T10:14:06.975+0300] {processor.py:156} INFO - Started process (PID=34829) to work on /home/user/Masaüstü/kafka/.env/lib/python3.8/site-packages/airflow/example_dags/example_short_circuit_operator.py
[2023-11-21T10:14:06.976+0300] {processor.py:758} INFO - Processing file /home/user/Masaüstü/kafka/.env/lib/python3.8/site-packages/airflow/example_dags/example_short_circuit_operator.py for tasks to queue
[2023-11-21T10:14:06.976+0300] {logging_mixin.py:117} INFO - [2023-11-21T10:14:06.976+0300] {dagbag.py:525} INFO - Filling up the DagBag from /home/user/Masaüstü/kafka/.env/lib/python3.8/site-packages/airflow/example_dags/example_short_circuit_operator.py
[2023-11-21T10:14:06.989+0300] {processor.py:768} INFO - DAG(s) dict_keys(['example_short_circuit_operator']) retrieved from /home/user/Masaüstü/kafka/.env/lib/python3.8/site-packages/airflow/example_dags/example_short_circuit_operator.py
[2023-11-21T10:14:07.007+0300] {logging_mixin.py:117} INFO - [2023-11-21T10:14:07.007+0300] {dag.py:2573} INFO - Sync 1 DAGs
[2023-11-21T10:14:07.022+0300] {logging_mixin.py:117} INFO - [2023-11-21T10:14:07.022+0300] {dag.py:3324} INFO - Setting next_dagrun for example_short_circuit_operator to 2023-11-20T07:14:07.022469+00:00, run_after=2023-11-21T07:14:07.022469+00:00
[2023-11-21T10:14:07.040+0300] {processor.py:178} INFO - Processing /home/user/Masaüstü/kafka/.env/lib/python3.8/site-packages/airflow/example_dags/example_short_circuit_operator.py took 0.067 seconds
[2023-11-21T10:14:47.645+0300] {processor.py:156} INFO - Started process (PID=35315) to work on /home/user/Masaüstü/kafka/.env/lib/python3.8/site-packages/airflow/example_dags/example_short_circuit_operator.py
[2023-11-21T10:14:47.646+0300] {processor.py:758} INFO - Processing file /home/user/Masaüstü/kafka/.env/lib/python3.8/site-packages/airflow/example_dags/example_short_circuit_operator.py for tasks to queue
[2023-11-21T10:14:47.647+0300] {logging_mixin.py:117} INFO - [2023-11-21T10:14:47.646+0300] {dagbag.py:525} INFO - Filling up the DagBag from /home/user/Masaüstü/kafka/.env/lib/python3.8/site-packages/airflow/example_dags/example_short_circuit_operator.py
[2023-11-21T10:14:47.659+0300] {processor.py:768} INFO - DAG(s) dict_keys(['example_short_circuit_operator']) retrieved from /home/user/Masaüstü/kafka/.env/lib/python3.8/site-packages/airflow/example_dags/example_short_circuit_operator.py
[2023-11-21T10:14:47.678+0300] {logging_mixin.py:117} INFO - [2023-11-21T10:14:47.678+0300] {dag.py:2573} INFO - Sync 1 DAGs
[2023-11-21T10:14:47.694+0300] {logging_mixin.py:117} INFO - [2023-11-21T10:14:47.694+0300] {dag.py:3324} INFO - Setting next_dagrun for example_short_circuit_operator to 2023-11-20T07:14:47.694063+00:00, run_after=2023-11-21T07:14:47.694063+00:00
[2023-11-21T10:14:47.713+0300] {processor.py:178} INFO - Processing /home/user/Masaüstü/kafka/.env/lib/python3.8/site-packages/airflow/example_dags/example_short_circuit_operator.py took 0.070 seconds
[2023-11-21T10:15:24.012+0300] {processor.py:156} INFO - Started process (PID=35619) to work on /home/user/Masaüstü/kafka/.env/lib/python3.8/site-packages/airflow/example_dags/example_short_circuit_operator.py
[2023-11-21T10:15:24.012+0300] {processor.py:758} INFO - Processing file /home/user/Masaüstü/kafka/.env/lib/python3.8/site-packages/airflow/example_dags/example_short_circuit_operator.py for tasks to queue
[2023-11-21T10:15:24.013+0300] {logging_mixin.py:117} INFO - [2023-11-21T10:15:24.013+0300] {dagbag.py:525} INFO - Filling up the DagBag from /home/user/Masaüstü/kafka/.env/lib/python3.8/site-packages/airflow/example_dags/example_short_circuit_operator.py
[2023-11-21T10:15:24.026+0300] {processor.py:768} INFO - DAG(s) dict_keys(['example_short_circuit_operator']) retrieved from /home/user/Masaüstü/kafka/.env/lib/python3.8/site-packages/airflow/example_dags/example_short_circuit_operator.py
[2023-11-21T10:15:24.045+0300] {logging_mixin.py:117} INFO - [2023-11-21T10:15:24.045+0300] {dag.py:2573} INFO - Sync 1 DAGs
[2023-11-21T10:15:24.061+0300] {logging_mixin.py:117} INFO - [2023-11-21T10:15:24.060+0300] {dag.py:3324} INFO - Setting next_dagrun for example_short_circuit_operator to 2023-11-20T07:15:24.060693+00:00, run_after=2023-11-21T07:15:24.060693+00:00
[2023-11-21T10:15:24.078+0300] {processor.py:178} INFO - Processing /home/user/Masaüstü/kafka/.env/lib/python3.8/site-packages/airflow/example_dags/example_short_circuit_operator.py took 0.068 seconds
[2023-11-21T10:16:00.452+0300] {processor.py:156} INFO - Started process (PID=35847) to work on /home/user/Masaüstü/kafka/.env/lib/python3.8/site-packages/airflow/example_dags/example_short_circuit_operator.py
[2023-11-21T10:16:00.453+0300] {processor.py:758} INFO - Processing file /home/user/Masaüstü/kafka/.env/lib/python3.8/site-packages/airflow/example_dags/example_short_circuit_operator.py for tasks to queue
[2023-11-21T10:16:00.454+0300] {logging_mixin.py:117} INFO - [2023-11-21T10:16:00.453+0300] {dagbag.py:525} INFO - Filling up the DagBag from /home/user/Masaüstü/kafka/.env/lib/python3.8/site-packages/airflow/example_dags/example_short_circuit_operator.py
[2023-11-21T10:16:00.465+0300] {processor.py:768} INFO - DAG(s) dict_keys(['example_short_circuit_operator']) retrieved from /home/user/Masaüstü/kafka/.env/lib/python3.8/site-packages/airflow/example_dags/example_short_circuit_operator.py
[2023-11-21T10:16:00.484+0300] {logging_mixin.py:117} INFO - [2023-11-21T10:16:00.483+0300] {dag.py:2573} INFO - Sync 1 DAGs
[2023-11-21T10:16:00.499+0300] {logging_mixin.py:117} INFO - [2023-11-21T10:16:00.499+0300] {dag.py:3324} INFO - Setting next_dagrun for example_short_circuit_operator to 2023-11-20T07:16:00.498976+00:00, run_after=2023-11-21T07:16:00.498976+00:00
[2023-11-21T10:16:00.518+0300] {processor.py:178} INFO - Processing /home/user/Masaüstü/kafka/.env/lib/python3.8/site-packages/airflow/example_dags/example_short_circuit_operator.py took 0.068 seconds
[2023-11-21T10:16:38.537+0300] {processor.py:156} INFO - Started process (PID=36080) to work on /home/user/Masaüstü/kafka/.env/lib/python3.8/site-packages/airflow/example_dags/example_short_circuit_operator.py
[2023-11-21T10:16:38.538+0300] {processor.py:758} INFO - Processing file /home/user/Masaüstü/kafka/.env/lib/python3.8/site-packages/airflow/example_dags/example_short_circuit_operator.py for tasks to queue
[2023-11-21T10:16:38.539+0300] {logging_mixin.py:117} INFO - [2023-11-21T10:16:38.539+0300] {dagbag.py:525} INFO - Filling up the DagBag from /home/user/Masaüstü/kafka/.env/lib/python3.8/site-packages/airflow/example_dags/example_short_circuit_operator.py
[2023-11-21T10:16:38.562+0300] {processor.py:768} INFO - DAG(s) dict_keys(['example_short_circuit_operator']) retrieved from /home/user/Masaüstü/kafka/.env/lib/python3.8/site-packages/airflow/example_dags/example_short_circuit_operator.py
[2023-11-21T10:16:38.584+0300] {logging_mixin.py:117} INFO - [2023-11-21T10:16:38.584+0300] {dag.py:2573} INFO - Sync 1 DAGs
[2023-11-21T10:16:38.598+0300] {logging_mixin.py:117} INFO - [2023-11-21T10:16:38.598+0300] {dag.py:3324} INFO - Setting next_dagrun for example_short_circuit_operator to 2023-11-20T07:16:38.598060+00:00, run_after=2023-11-21T07:16:38.598060+00:00
[2023-11-21T10:16:38.615+0300] {processor.py:178} INFO - Processing /home/user/Masaüstü/kafka/.env/lib/python3.8/site-packages/airflow/example_dags/example_short_circuit_operator.py took 0.081 seconds
[2023-11-21T10:17:16.264+0300] {processor.py:156} INFO - Started process (PID=36364) to work on /home/user/Masaüstü/kafka/.env/lib/python3.8/site-packages/airflow/example_dags/example_short_circuit_operator.py
[2023-11-21T10:17:16.266+0300] {processor.py:758} INFO - Processing file /home/user/Masaüstü/kafka/.env/lib/python3.8/site-packages/airflow/example_dags/example_short_circuit_operator.py for tasks to queue
[2023-11-21T10:17:16.267+0300] {logging_mixin.py:117} INFO - [2023-11-21T10:17:16.267+0300] {dagbag.py:525} INFO - Filling up the DagBag from /home/user/Masaüstü/kafka/.env/lib/python3.8/site-packages/airflow/example_dags/example_short_circuit_operator.py
[2023-11-21T10:17:16.279+0300] {processor.py:768} INFO - DAG(s) dict_keys(['example_short_circuit_operator']) retrieved from /home/user/Masaüstü/kafka/.env/lib/python3.8/site-packages/airflow/example_dags/example_short_circuit_operator.py
[2023-11-21T10:17:16.298+0300] {logging_mixin.py:117} INFO - [2023-11-21T10:17:16.298+0300] {dag.py:2573} INFO - Sync 1 DAGs
[2023-11-21T10:17:16.314+0300] {logging_mixin.py:117} INFO - [2023-11-21T10:17:16.314+0300] {dag.py:3324} INFO - Setting next_dagrun for example_short_circuit_operator to 2023-11-20T07:17:16.314098+00:00, run_after=2023-11-21T07:17:16.314098+00:00
[2023-11-21T10:17:16.336+0300] {processor.py:178} INFO - Processing /home/user/Masaüstü/kafka/.env/lib/python3.8/site-packages/airflow/example_dags/example_short_circuit_operator.py took 0.073 seconds
[2023-11-21T10:17:53.781+0300] {processor.py:156} INFO - Started process (PID=36619) to work on /home/user/Masaüstü/kafka/.env/lib/python3.8/site-packages/airflow/example_dags/example_short_circuit_operator.py
[2023-11-21T10:17:53.783+0300] {processor.py:758} INFO - Processing file /home/user/Masaüstü/kafka/.env/lib/python3.8/site-packages/airflow/example_dags/example_short_circuit_operator.py for tasks to queue
[2023-11-21T10:17:53.784+0300] {logging_mixin.py:117} INFO - [2023-11-21T10:17:53.783+0300] {dagbag.py:525} INFO - Filling up the DagBag from /home/user/Masaüstü/kafka/.env/lib/python3.8/site-packages/airflow/example_dags/example_short_circuit_operator.py
[2023-11-21T10:17:53.803+0300] {processor.py:768} INFO - DAG(s) dict_keys(['example_short_circuit_operator']) retrieved from /home/user/Masaüstü/kafka/.env/lib/python3.8/site-packages/airflow/example_dags/example_short_circuit_operator.py
[2023-11-21T10:17:53.831+0300] {logging_mixin.py:117} INFO - [2023-11-21T10:17:53.831+0300] {dag.py:2573} INFO - Sync 1 DAGs
[2023-11-21T10:17:53.850+0300] {logging_mixin.py:117} INFO - [2023-11-21T10:17:53.849+0300] {dag.py:3324} INFO - Setting next_dagrun for example_short_circuit_operator to 2023-11-20T07:17:53.849672+00:00, run_after=2023-11-21T07:17:53.849672+00:00
[2023-11-21T10:17:53.871+0300] {processor.py:178} INFO - Processing /home/user/Masaüstü/kafka/.env/lib/python3.8/site-packages/airflow/example_dags/example_short_circuit_operator.py took 0.093 seconds
[2023-11-21T10:18:31.850+0300] {processor.py:156} INFO - Started process (PID=36888) to work on /home/user/Masaüstü/kafka/.env/lib/python3.8/site-packages/airflow/example_dags/example_short_circuit_operator.py
[2023-11-21T10:18:31.851+0300] {processor.py:758} INFO - Processing file /home/user/Masaüstü/kafka/.env/lib/python3.8/site-packages/airflow/example_dags/example_short_circuit_operator.py for tasks to queue
[2023-11-21T10:18:31.851+0300] {logging_mixin.py:117} INFO - [2023-11-21T10:18:31.851+0300] {dagbag.py:525} INFO - Filling up the DagBag from /home/user/Masaüstü/kafka/.env/lib/python3.8/site-packages/airflow/example_dags/example_short_circuit_operator.py
[2023-11-21T10:18:31.874+0300] {processor.py:768} INFO - DAG(s) dict_keys(['example_short_circuit_operator']) retrieved from /home/user/Masaüstü/kafka/.env/lib/python3.8/site-packages/airflow/example_dags/example_short_circuit_operator.py
[2023-11-21T10:18:31.897+0300] {logging_mixin.py:117} INFO - [2023-11-21T10:18:31.897+0300] {dag.py:2573} INFO - Sync 1 DAGs
[2023-11-21T10:18:31.915+0300] {logging_mixin.py:117} INFO - [2023-11-21T10:18:31.915+0300] {dag.py:3324} INFO - Setting next_dagrun for example_short_circuit_operator to 2023-11-20T07:18:31.915121+00:00, run_after=2023-11-21T07:18:31.915121+00:00
[2023-11-21T10:18:31.945+0300] {processor.py:178} INFO - Processing /home/user/Masaüstü/kafka/.env/lib/python3.8/site-packages/airflow/example_dags/example_short_circuit_operator.py took 0.099 seconds
[2023-11-21T10:19:10.298+0300] {processor.py:156} INFO - Started process (PID=37127) to work on /home/user/Masaüstü/kafka/.env/lib/python3.8/site-packages/airflow/example_dags/example_short_circuit_operator.py
[2023-11-21T10:19:10.301+0300] {processor.py:758} INFO - Processing file /home/user/Masaüstü/kafka/.env/lib/python3.8/site-packages/airflow/example_dags/example_short_circuit_operator.py for tasks to queue
[2023-11-21T10:19:10.301+0300] {logging_mixin.py:117} INFO - [2023-11-21T10:19:10.301+0300] {dagbag.py:525} INFO - Filling up the DagBag from /home/user/Masaüstü/kafka/.env/lib/python3.8/site-packages/airflow/example_dags/example_short_circuit_operator.py
[2023-11-21T10:19:10.324+0300] {processor.py:768} INFO - DAG(s) dict_keys(['example_short_circuit_operator']) retrieved from /home/user/Masaüstü/kafka/.env/lib/python3.8/site-packages/airflow/example_dags/example_short_circuit_operator.py
[2023-11-21T10:19:10.346+0300] {logging_mixin.py:117} INFO - [2023-11-21T10:19:10.346+0300] {dag.py:2573} INFO - Sync 1 DAGs
[2023-11-21T10:19:10.361+0300] {logging_mixin.py:117} INFO - [2023-11-21T10:19:10.360+0300] {dag.py:3324} INFO - Setting next_dagrun for example_short_circuit_operator to 2023-11-20T07:19:10.360821+00:00, run_after=2023-11-21T07:19:10.360821+00:00
[2023-11-21T10:19:10.381+0300] {processor.py:178} INFO - Processing /home/user/Masaüstü/kafka/.env/lib/python3.8/site-packages/airflow/example_dags/example_short_circuit_operator.py took 0.085 seconds
[2023-11-21T10:19:49.493+0300] {processor.py:156} INFO - Started process (PID=37434) to work on /home/user/Masaüstü/kafka/.env/lib/python3.8/site-packages/airflow/example_dags/example_short_circuit_operator.py
[2023-11-21T10:19:49.496+0300] {processor.py:758} INFO - Processing file /home/user/Masaüstü/kafka/.env/lib/python3.8/site-packages/airflow/example_dags/example_short_circuit_operator.py for tasks to queue
[2023-11-21T10:19:49.497+0300] {logging_mixin.py:117} INFO - [2023-11-21T10:19:49.497+0300] {dagbag.py:525} INFO - Filling up the DagBag from /home/user/Masaüstü/kafka/.env/lib/python3.8/site-packages/airflow/example_dags/example_short_circuit_operator.py
[2023-11-21T10:19:49.527+0300] {processor.py:768} INFO - DAG(s) dict_keys(['example_short_circuit_operator']) retrieved from /home/user/Masaüstü/kafka/.env/lib/python3.8/site-packages/airflow/example_dags/example_short_circuit_operator.py
[2023-11-21T10:19:49.586+0300] {logging_mixin.py:117} INFO - [2023-11-21T10:19:49.585+0300] {dag.py:2573} INFO - Sync 1 DAGs
[2023-11-21T10:19:49.626+0300] {logging_mixin.py:117} INFO - [2023-11-21T10:19:49.626+0300] {dag.py:3324} INFO - Setting next_dagrun for example_short_circuit_operator to 2023-11-20T07:19:49.625623+00:00, run_after=2023-11-21T07:19:49.625623+00:00
[2023-11-21T10:19:49.673+0300] {processor.py:178} INFO - Processing /home/user/Masaüstü/kafka/.env/lib/python3.8/site-packages/airflow/example_dags/example_short_circuit_operator.py took 0.185 seconds
