[2023-11-21T09:51:51.912+0300] {processor.py:156} INFO - Started process (PID=23873) to work on /home/user/Masaüstü/kafka/.env/lib/python3.8/site-packages/airflow/example_dags/example_bash_operator.py
[2023-11-21T09:51:51.913+0300] {processor.py:758} INFO - Processing file /home/user/Masaüstü/kafka/.env/lib/python3.8/site-packages/airflow/example_dags/example_bash_operator.py for tasks to queue
[2023-11-21T09:51:51.914+0300] {logging_mixin.py:117} INFO - [2023-11-21T09:51:51.914+0300] {dagbag.py:525} INFO - Filling up the DagBag from /home/user/Masaüstü/kafka/.env/lib/python3.8/site-packages/airflow/example_dags/example_bash_operator.py
[2023-11-21T09:51:51.960+0300] {processor.py:768} INFO - DAG(s) dict_keys(['example_bash_operator']) retrieved from /home/user/Masaüstü/kafka/.env/lib/python3.8/site-packages/airflow/example_dags/example_bash_operator.py
[2023-11-21T09:51:51.996+0300] {logging_mixin.py:117} INFO - [2023-11-21T09:51:51.996+0300] {dag.py:2573} INFO - Sync 1 DAGs
[2023-11-21T09:51:52.018+0300] {logging_mixin.py:117} INFO - [2023-11-21T09:51:52.017+0300] {dag.py:3324} INFO - Setting next_dagrun for example_bash_operator to 2023-11-20T00:00:00+00:00, run_after=2023-11-21T00:00:00+00:00
[2023-11-21T09:51:52.041+0300] {processor.py:178} INFO - Processing /home/user/Masaüstü/kafka/.env/lib/python3.8/site-packages/airflow/example_dags/example_bash_operator.py took 0.132 seconds
[2023-11-21T09:52:28.588+0300] {processor.py:156} INFO - Started process (PID=24306) to work on /home/user/Masaüstü/kafka/.env/lib/python3.8/site-packages/airflow/example_dags/example_bash_operator.py
[2023-11-21T09:52:28.589+0300] {processor.py:758} INFO - Processing file /home/user/Masaüstü/kafka/.env/lib/python3.8/site-packages/airflow/example_dags/example_bash_operator.py for tasks to queue
[2023-11-21T09:52:28.590+0300] {logging_mixin.py:117} INFO - [2023-11-21T09:52:28.590+0300] {dagbag.py:525} INFO - Filling up the DagBag from /home/user/Masaüstü/kafka/.env/lib/python3.8/site-packages/airflow/example_dags/example_bash_operator.py
[2023-11-21T09:52:28.636+0300] {processor.py:768} INFO - DAG(s) dict_keys(['example_bash_operator']) retrieved from /home/user/Masaüstü/kafka/.env/lib/python3.8/site-packages/airflow/example_dags/example_bash_operator.py
[2023-11-21T09:52:28.693+0300] {logging_mixin.py:117} INFO - [2023-11-21T09:52:28.693+0300] {dag.py:2573} INFO - Sync 1 DAGs
[2023-11-21T09:52:28.724+0300] {logging_mixin.py:117} INFO - [2023-11-21T09:52:28.724+0300] {dag.py:3324} INFO - Setting next_dagrun for example_bash_operator to 2023-11-20T00:00:00+00:00, run_after=2023-11-21T00:00:00+00:00
[2023-11-21T09:52:28.768+0300] {processor.py:178} INFO - Processing /home/user/Masaüstü/kafka/.env/lib/python3.8/site-packages/airflow/example_dags/example_bash_operator.py took 0.184 seconds
[2023-11-21T09:53:06.612+0300] {processor.py:156} INFO - Started process (PID=24591) to work on /home/user/Masaüstü/kafka/.env/lib/python3.8/site-packages/airflow/example_dags/example_bash_operator.py
[2023-11-21T09:53:06.616+0300] {processor.py:758} INFO - Processing file /home/user/Masaüstü/kafka/.env/lib/python3.8/site-packages/airflow/example_dags/example_bash_operator.py for tasks to queue
[2023-11-21T09:53:06.617+0300] {logging_mixin.py:117} INFO - [2023-11-21T09:53:06.617+0300] {dagbag.py:525} INFO - Filling up the DagBag from /home/user/Masaüstü/kafka/.env/lib/python3.8/site-packages/airflow/example_dags/example_bash_operator.py
[2023-11-21T09:53:06.650+0300] {processor.py:768} INFO - DAG(s) dict_keys(['example_bash_operator']) retrieved from /home/user/Masaüstü/kafka/.env/lib/python3.8/site-packages/airflow/example_dags/example_bash_operator.py
[2023-11-21T09:53:06.673+0300] {logging_mixin.py:117} INFO - [2023-11-21T09:53:06.673+0300] {dag.py:2573} INFO - Sync 1 DAGs
[2023-11-21T09:53:06.693+0300] {logging_mixin.py:117} INFO - [2023-11-21T09:53:06.693+0300] {dag.py:3324} INFO - Setting next_dagrun for example_bash_operator to 2023-11-20T00:00:00+00:00, run_after=2023-11-21T00:00:00+00:00
[2023-11-21T09:53:06.713+0300] {processor.py:178} INFO - Processing /home/user/Masaüstü/kafka/.env/lib/python3.8/site-packages/airflow/example_dags/example_bash_operator.py took 0.108 seconds
[2023-11-21T09:53:45.724+0300] {processor.py:156} INFO - Started process (PID=24842) to work on /home/user/Masaüstü/kafka/.env/lib/python3.8/site-packages/airflow/example_dags/example_bash_operator.py
[2023-11-21T09:53:45.725+0300] {processor.py:758} INFO - Processing file /home/user/Masaüstü/kafka/.env/lib/python3.8/site-packages/airflow/example_dags/example_bash_operator.py for tasks to queue
[2023-11-21T09:53:45.725+0300] {logging_mixin.py:117} INFO - [2023-11-21T09:53:45.725+0300] {dagbag.py:525} INFO - Filling up the DagBag from /home/user/Masaüstü/kafka/.env/lib/python3.8/site-packages/airflow/example_dags/example_bash_operator.py
[2023-11-21T09:53:45.751+0300] {processor.py:768} INFO - DAG(s) dict_keys(['example_bash_operator']) retrieved from /home/user/Masaüstü/kafka/.env/lib/python3.8/site-packages/airflow/example_dags/example_bash_operator.py
[2023-11-21T09:53:45.775+0300] {logging_mixin.py:117} INFO - [2023-11-21T09:53:45.775+0300] {dag.py:2573} INFO - Sync 1 DAGs
[2023-11-21T09:53:45.791+0300] {logging_mixin.py:117} INFO - [2023-11-21T09:53:45.791+0300] {dag.py:3324} INFO - Setting next_dagrun for example_bash_operator to 2023-11-20T00:00:00+00:00, run_after=2023-11-21T00:00:00+00:00
[2023-11-21T09:53:45.808+0300] {processor.py:178} INFO - Processing /home/user/Masaüstü/kafka/.env/lib/python3.8/site-packages/airflow/example_dags/example_bash_operator.py took 0.087 seconds
[2023-11-21T09:54:20.983+0300] {processor.py:156} INFO - Started process (PID=25056) to work on /home/user/Masaüstü/kafka/.env/lib/python3.8/site-packages/airflow/example_dags/example_bash_operator.py
[2023-11-21T09:54:20.986+0300] {processor.py:758} INFO - Processing file /home/user/Masaüstü/kafka/.env/lib/python3.8/site-packages/airflow/example_dags/example_bash_operator.py for tasks to queue
[2023-11-21T09:54:20.988+0300] {logging_mixin.py:117} INFO - [2023-11-21T09:54:20.987+0300] {dagbag.py:525} INFO - Filling up the DagBag from /home/user/Masaüstü/kafka/.env/lib/python3.8/site-packages/airflow/example_dags/example_bash_operator.py
[2023-11-21T09:54:21.024+0300] {processor.py:768} INFO - DAG(s) dict_keys(['example_bash_operator']) retrieved from /home/user/Masaüstü/kafka/.env/lib/python3.8/site-packages/airflow/example_dags/example_bash_operator.py
[2023-11-21T09:54:21.048+0300] {logging_mixin.py:117} INFO - [2023-11-21T09:54:21.048+0300] {dag.py:2573} INFO - Sync 1 DAGs
[2023-11-21T09:54:21.064+0300] {logging_mixin.py:117} INFO - [2023-11-21T09:54:21.064+0300] {dag.py:3324} INFO - Setting next_dagrun for example_bash_operator to 2023-11-20T00:00:00+00:00, run_after=2023-11-21T00:00:00+00:00
[2023-11-21T09:54:21.081+0300] {processor.py:178} INFO - Processing /home/user/Masaüstü/kafka/.env/lib/python3.8/site-packages/airflow/example_dags/example_bash_operator.py took 0.106 seconds
[2023-11-21T09:54:58.237+0300] {processor.py:156} INFO - Started process (PID=25293) to work on /home/user/Masaüstü/kafka/.env/lib/python3.8/site-packages/airflow/example_dags/example_bash_operator.py
[2023-11-21T09:54:58.239+0300] {processor.py:758} INFO - Processing file /home/user/Masaüstü/kafka/.env/lib/python3.8/site-packages/airflow/example_dags/example_bash_operator.py for tasks to queue
[2023-11-21T09:54:58.240+0300] {logging_mixin.py:117} INFO - [2023-11-21T09:54:58.240+0300] {dagbag.py:525} INFO - Filling up the DagBag from /home/user/Masaüstü/kafka/.env/lib/python3.8/site-packages/airflow/example_dags/example_bash_operator.py
[2023-11-21T09:54:58.306+0300] {processor.py:768} INFO - DAG(s) dict_keys(['example_bash_operator']) retrieved from /home/user/Masaüstü/kafka/.env/lib/python3.8/site-packages/airflow/example_dags/example_bash_operator.py
[2023-11-21T09:54:58.407+0300] {logging_mixin.py:117} INFO - [2023-11-21T09:54:58.407+0300] {dag.py:2573} INFO - Sync 1 DAGs
[2023-11-21T09:54:58.441+0300] {logging_mixin.py:117} INFO - [2023-11-21T09:54:58.441+0300] {dag.py:3324} INFO - Setting next_dagrun for example_bash_operator to 2023-11-20T00:00:00+00:00, run_after=2023-11-21T00:00:00+00:00
[2023-11-21T09:54:58.480+0300] {processor.py:178} INFO - Processing /home/user/Masaüstü/kafka/.env/lib/python3.8/site-packages/airflow/example_dags/example_bash_operator.py took 0.248 seconds
[2023-11-21T09:55:36.760+0300] {processor.py:156} INFO - Started process (PID=25607) to work on /home/user/Masaüstü/kafka/.env/lib/python3.8/site-packages/airflow/example_dags/example_bash_operator.py
[2023-11-21T09:55:36.762+0300] {processor.py:758} INFO - Processing file /home/user/Masaüstü/kafka/.env/lib/python3.8/site-packages/airflow/example_dags/example_bash_operator.py for tasks to queue
[2023-11-21T09:55:36.763+0300] {logging_mixin.py:117} INFO - [2023-11-21T09:55:36.763+0300] {dagbag.py:525} INFO - Filling up the DagBag from /home/user/Masaüstü/kafka/.env/lib/python3.8/site-packages/airflow/example_dags/example_bash_operator.py
[2023-11-21T09:55:36.784+0300] {processor.py:768} INFO - DAG(s) dict_keys(['example_bash_operator']) retrieved from /home/user/Masaüstü/kafka/.env/lib/python3.8/site-packages/airflow/example_dags/example_bash_operator.py
[2023-11-21T09:55:36.808+0300] {logging_mixin.py:117} INFO - [2023-11-21T09:55:36.808+0300] {dag.py:2573} INFO - Sync 1 DAGs
[2023-11-21T09:55:36.824+0300] {logging_mixin.py:117} INFO - [2023-11-21T09:55:36.824+0300] {dag.py:3324} INFO - Setting next_dagrun for example_bash_operator to 2023-11-20T00:00:00+00:00, run_after=2023-11-21T00:00:00+00:00
[2023-11-21T09:55:36.848+0300] {processor.py:178} INFO - Processing /home/user/Masaüstü/kafka/.env/lib/python3.8/site-packages/airflow/example_dags/example_bash_operator.py took 0.095 seconds
[2023-11-21T09:56:13.237+0300] {processor.py:156} INFO - Started process (PID=25835) to work on /home/user/Masaüstü/kafka/.env/lib/python3.8/site-packages/airflow/example_dags/example_bash_operator.py
[2023-11-21T09:56:13.240+0300] {processor.py:758} INFO - Processing file /home/user/Masaüstü/kafka/.env/lib/python3.8/site-packages/airflow/example_dags/example_bash_operator.py for tasks to queue
[2023-11-21T09:56:13.242+0300] {logging_mixin.py:117} INFO - [2023-11-21T09:56:13.242+0300] {dagbag.py:525} INFO - Filling up the DagBag from /home/user/Masaüstü/kafka/.env/lib/python3.8/site-packages/airflow/example_dags/example_bash_operator.py
[2023-11-21T09:56:13.272+0300] {processor.py:768} INFO - DAG(s) dict_keys(['example_bash_operator']) retrieved from /home/user/Masaüstü/kafka/.env/lib/python3.8/site-packages/airflow/example_dags/example_bash_operator.py
[2023-11-21T09:56:13.295+0300] {logging_mixin.py:117} INFO - [2023-11-21T09:56:13.295+0300] {dag.py:2573} INFO - Sync 1 DAGs
[2023-11-21T09:56:13.310+0300] {logging_mixin.py:117} INFO - [2023-11-21T09:56:13.310+0300] {dag.py:3324} INFO - Setting next_dagrun for example_bash_operator to 2023-11-20T00:00:00+00:00, run_after=2023-11-21T00:00:00+00:00
[2023-11-21T09:56:13.327+0300] {processor.py:178} INFO - Processing /home/user/Masaüstü/kafka/.env/lib/python3.8/site-packages/airflow/example_dags/example_bash_operator.py took 0.099 seconds
[2023-11-21T09:56:49.319+0300] {processor.py:156} INFO - Started process (PID=26100) to work on /home/user/Masaüstü/kafka/.env/lib/python3.8/site-packages/airflow/example_dags/example_bash_operator.py
[2023-11-21T09:56:49.322+0300] {processor.py:758} INFO - Processing file /home/user/Masaüstü/kafka/.env/lib/python3.8/site-packages/airflow/example_dags/example_bash_operator.py for tasks to queue
[2023-11-21T09:56:49.324+0300] {logging_mixin.py:117} INFO - [2023-11-21T09:56:49.323+0300] {dagbag.py:525} INFO - Filling up the DagBag from /home/user/Masaüstü/kafka/.env/lib/python3.8/site-packages/airflow/example_dags/example_bash_operator.py
[2023-11-21T09:56:49.358+0300] {processor.py:768} INFO - DAG(s) dict_keys(['example_bash_operator']) retrieved from /home/user/Masaüstü/kafka/.env/lib/python3.8/site-packages/airflow/example_dags/example_bash_operator.py
[2023-11-21T09:56:49.399+0300] {logging_mixin.py:117} INFO - [2023-11-21T09:56:49.399+0300] {dag.py:2573} INFO - Sync 1 DAGs
[2023-11-21T09:56:49.432+0300] {logging_mixin.py:117} INFO - [2023-11-21T09:56:49.432+0300] {dag.py:3324} INFO - Setting next_dagrun for example_bash_operator to 2023-11-20T00:00:00+00:00, run_after=2023-11-21T00:00:00+00:00
[2023-11-21T09:56:49.466+0300] {processor.py:178} INFO - Processing /home/user/Masaüstü/kafka/.env/lib/python3.8/site-packages/airflow/example_dags/example_bash_operator.py took 0.151 seconds
[2023-11-21T09:57:27.636+0300] {processor.py:156} INFO - Started process (PID=26332) to work on /home/user/Masaüstü/kafka/.env/lib/python3.8/site-packages/airflow/example_dags/example_bash_operator.py
[2023-11-21T09:57:27.638+0300] {processor.py:758} INFO - Processing file /home/user/Masaüstü/kafka/.env/lib/python3.8/site-packages/airflow/example_dags/example_bash_operator.py for tasks to queue
[2023-11-21T09:57:27.640+0300] {logging_mixin.py:117} INFO - [2023-11-21T09:57:27.640+0300] {dagbag.py:525} INFO - Filling up the DagBag from /home/user/Masaüstü/kafka/.env/lib/python3.8/site-packages/airflow/example_dags/example_bash_operator.py
[2023-11-21T09:57:27.666+0300] {processor.py:768} INFO - DAG(s) dict_keys(['example_bash_operator']) retrieved from /home/user/Masaüstü/kafka/.env/lib/python3.8/site-packages/airflow/example_dags/example_bash_operator.py
[2023-11-21T09:57:27.688+0300] {logging_mixin.py:117} INFO - [2023-11-21T09:57:27.688+0300] {dag.py:2573} INFO - Sync 1 DAGs
[2023-11-21T09:57:27.705+0300] {logging_mixin.py:117} INFO - [2023-11-21T09:57:27.705+0300] {dag.py:3324} INFO - Setting next_dagrun for example_bash_operator to 2023-11-20T00:00:00+00:00, run_after=2023-11-21T00:00:00+00:00
[2023-11-21T09:57:27.725+0300] {processor.py:178} INFO - Processing /home/user/Masaüstü/kafka/.env/lib/python3.8/site-packages/airflow/example_dags/example_bash_operator.py took 0.095 seconds
[2023-11-21T09:58:04.528+0300] {processor.py:156} INFO - Started process (PID=26570) to work on /home/user/Masaüstü/kafka/.env/lib/python3.8/site-packages/airflow/example_dags/example_bash_operator.py
[2023-11-21T09:58:04.529+0300] {processor.py:758} INFO - Processing file /home/user/Masaüstü/kafka/.env/lib/python3.8/site-packages/airflow/example_dags/example_bash_operator.py for tasks to queue
[2023-11-21T09:58:04.530+0300] {logging_mixin.py:117} INFO - [2023-11-21T09:58:04.530+0300] {dagbag.py:525} INFO - Filling up the DagBag from /home/user/Masaüstü/kafka/.env/lib/python3.8/site-packages/airflow/example_dags/example_bash_operator.py
[2023-11-21T09:58:04.562+0300] {processor.py:768} INFO - DAG(s) dict_keys(['example_bash_operator']) retrieved from /home/user/Masaüstü/kafka/.env/lib/python3.8/site-packages/airflow/example_dags/example_bash_operator.py
[2023-11-21T09:58:04.629+0300] {logging_mixin.py:117} INFO - [2023-11-21T09:58:04.628+0300] {dag.py:2573} INFO - Sync 1 DAGs
[2023-11-21T09:58:04.694+0300] {logging_mixin.py:117} INFO - [2023-11-21T09:58:04.694+0300] {dag.py:3324} INFO - Setting next_dagrun for example_bash_operator to 2023-11-20T00:00:00+00:00, run_after=2023-11-21T00:00:00+00:00
[2023-11-21T09:58:04.759+0300] {processor.py:178} INFO - Processing /home/user/Masaüstü/kafka/.env/lib/python3.8/site-packages/airflow/example_dags/example_bash_operator.py took 0.234 seconds
[2023-11-21T09:58:41.395+0300] {processor.py:156} INFO - Started process (PID=27147) to work on /home/user/Masaüstü/kafka/.env/lib/python3.8/site-packages/airflow/example_dags/example_bash_operator.py
[2023-11-21T09:58:41.396+0300] {processor.py:758} INFO - Processing file /home/user/Masaüstü/kafka/.env/lib/python3.8/site-packages/airflow/example_dags/example_bash_operator.py for tasks to queue
[2023-11-21T09:58:41.396+0300] {logging_mixin.py:117} INFO - [2023-11-21T09:58:41.396+0300] {dagbag.py:525} INFO - Filling up the DagBag from /home/user/Masaüstü/kafka/.env/lib/python3.8/site-packages/airflow/example_dags/example_bash_operator.py
[2023-11-21T09:58:41.421+0300] {processor.py:768} INFO - DAG(s) dict_keys(['example_bash_operator']) retrieved from /home/user/Masaüstü/kafka/.env/lib/python3.8/site-packages/airflow/example_dags/example_bash_operator.py
[2023-11-21T09:58:41.448+0300] {logging_mixin.py:117} INFO - [2023-11-21T09:58:41.448+0300] {dag.py:2573} INFO - Sync 1 DAGs
[2023-11-21T09:58:41.470+0300] {logging_mixin.py:117} INFO - [2023-11-21T09:58:41.470+0300] {dag.py:3324} INFO - Setting next_dagrun for example_bash_operator to 2023-11-20T00:00:00+00:00, run_after=2023-11-21T00:00:00+00:00
[2023-11-21T09:58:41.502+0300] {processor.py:178} INFO - Processing /home/user/Masaüstü/kafka/.env/lib/python3.8/site-packages/airflow/example_dags/example_bash_operator.py took 0.110 seconds
[2023-11-21T09:59:17.646+0300] {processor.py:156} INFO - Started process (PID=27408) to work on /home/user/Masaüstü/kafka/.env/lib/python3.8/site-packages/airflow/example_dags/example_bash_operator.py
[2023-11-21T09:59:17.648+0300] {processor.py:758} INFO - Processing file /home/user/Masaüstü/kafka/.env/lib/python3.8/site-packages/airflow/example_dags/example_bash_operator.py for tasks to queue
[2023-11-21T09:59:17.649+0300] {logging_mixin.py:117} INFO - [2023-11-21T09:59:17.649+0300] {dagbag.py:525} INFO - Filling up the DagBag from /home/user/Masaüstü/kafka/.env/lib/python3.8/site-packages/airflow/example_dags/example_bash_operator.py
[2023-11-21T09:59:17.665+0300] {processor.py:768} INFO - DAG(s) dict_keys(['example_bash_operator']) retrieved from /home/user/Masaüstü/kafka/.env/lib/python3.8/site-packages/airflow/example_dags/example_bash_operator.py
[2023-11-21T09:59:17.688+0300] {logging_mixin.py:117} INFO - [2023-11-21T09:59:17.688+0300] {dag.py:2573} INFO - Sync 1 DAGs
[2023-11-21T09:59:17.703+0300] {logging_mixin.py:117} INFO - [2023-11-21T09:59:17.703+0300] {dag.py:3324} INFO - Setting next_dagrun for example_bash_operator to 2023-11-20T00:00:00+00:00, run_after=2023-11-21T00:00:00+00:00
[2023-11-21T09:59:17.729+0300] {processor.py:178} INFO - Processing /home/user/Masaüstü/kafka/.env/lib/python3.8/site-packages/airflow/example_dags/example_bash_operator.py took 0.085 seconds
[2023-11-21T09:59:53.753+0300] {processor.py:156} INFO - Started process (PID=27638) to work on /home/user/Masaüstü/kafka/.env/lib/python3.8/site-packages/airflow/example_dags/example_bash_operator.py
[2023-11-21T09:59:53.756+0300] {processor.py:758} INFO - Processing file /home/user/Masaüstü/kafka/.env/lib/python3.8/site-packages/airflow/example_dags/example_bash_operator.py for tasks to queue
[2023-11-21T09:59:53.757+0300] {logging_mixin.py:117} INFO - [2023-11-21T09:59:53.757+0300] {dagbag.py:525} INFO - Filling up the DagBag from /home/user/Masaüstü/kafka/.env/lib/python3.8/site-packages/airflow/example_dags/example_bash_operator.py
[2023-11-21T09:59:53.778+0300] {processor.py:768} INFO - DAG(s) dict_keys(['example_bash_operator']) retrieved from /home/user/Masaüstü/kafka/.env/lib/python3.8/site-packages/airflow/example_dags/example_bash_operator.py
[2023-11-21T09:59:53.801+0300] {logging_mixin.py:117} INFO - [2023-11-21T09:59:53.801+0300] {dag.py:2573} INFO - Sync 1 DAGs
[2023-11-21T09:59:53.816+0300] {logging_mixin.py:117} INFO - [2023-11-21T09:59:53.816+0300] {dag.py:3324} INFO - Setting next_dagrun for example_bash_operator to 2023-11-20T00:00:00+00:00, run_after=2023-11-21T00:00:00+00:00
[2023-11-21T09:59:53.834+0300] {processor.py:178} INFO - Processing /home/user/Masaüstü/kafka/.env/lib/python3.8/site-packages/airflow/example_dags/example_bash_operator.py took 0.083 seconds
[2023-11-21T10:00:28.850+0300] {processor.py:156} INFO - Started process (PID=27847) to work on /home/user/Masaüstü/kafka/.env/lib/python3.8/site-packages/airflow/example_dags/example_bash_operator.py
[2023-11-21T10:00:28.852+0300] {processor.py:758} INFO - Processing file /home/user/Masaüstü/kafka/.env/lib/python3.8/site-packages/airflow/example_dags/example_bash_operator.py for tasks to queue
[2023-11-21T10:00:28.852+0300] {logging_mixin.py:117} INFO - [2023-11-21T10:00:28.852+0300] {dagbag.py:525} INFO - Filling up the DagBag from /home/user/Masaüstü/kafka/.env/lib/python3.8/site-packages/airflow/example_dags/example_bash_operator.py
[2023-11-21T10:00:28.874+0300] {processor.py:768} INFO - DAG(s) dict_keys(['example_bash_operator']) retrieved from /home/user/Masaüstü/kafka/.env/lib/python3.8/site-packages/airflow/example_dags/example_bash_operator.py
[2023-11-21T10:00:28.901+0300] {logging_mixin.py:117} INFO - [2023-11-21T10:00:28.901+0300] {dag.py:2573} INFO - Sync 1 DAGs
[2023-11-21T10:00:28.916+0300] {logging_mixin.py:117} INFO - [2023-11-21T10:00:28.916+0300] {dag.py:3324} INFO - Setting next_dagrun for example_bash_operator to 2023-11-20T00:00:00+00:00, run_after=2023-11-21T00:00:00+00:00
[2023-11-21T10:00:28.935+0300] {processor.py:178} INFO - Processing /home/user/Masaüstü/kafka/.env/lib/python3.8/site-packages/airflow/example_dags/example_bash_operator.py took 0.087 seconds
[2023-11-21T10:01:05.181+0300] {processor.py:156} INFO - Started process (PID=28073) to work on /home/user/Masaüstü/kafka/.env/lib/python3.8/site-packages/airflow/example_dags/example_bash_operator.py
[2023-11-21T10:01:05.184+0300] {processor.py:758} INFO - Processing file /home/user/Masaüstü/kafka/.env/lib/python3.8/site-packages/airflow/example_dags/example_bash_operator.py for tasks to queue
[2023-11-21T10:01:05.186+0300] {logging_mixin.py:117} INFO - [2023-11-21T10:01:05.186+0300] {dagbag.py:525} INFO - Filling up the DagBag from /home/user/Masaüstü/kafka/.env/lib/python3.8/site-packages/airflow/example_dags/example_bash_operator.py
[2023-11-21T10:01:05.216+0300] {processor.py:768} INFO - DAG(s) dict_keys(['example_bash_operator']) retrieved from /home/user/Masaüstü/kafka/.env/lib/python3.8/site-packages/airflow/example_dags/example_bash_operator.py
[2023-11-21T10:01:05.239+0300] {logging_mixin.py:117} INFO - [2023-11-21T10:01:05.239+0300] {dag.py:2573} INFO - Sync 1 DAGs
[2023-11-21T10:01:05.256+0300] {logging_mixin.py:117} INFO - [2023-11-21T10:01:05.255+0300] {dag.py:3324} INFO - Setting next_dagrun for example_bash_operator to 2023-11-20T00:00:00+00:00, run_after=2023-11-21T00:00:00+00:00
[2023-11-21T10:01:05.277+0300] {processor.py:178} INFO - Processing /home/user/Masaüstü/kafka/.env/lib/python3.8/site-packages/airflow/example_dags/example_bash_operator.py took 0.103 seconds
[2023-11-21T10:01:40.357+0300] {processor.py:156} INFO - Started process (PID=28352) to work on /home/user/Masaüstü/kafka/.env/lib/python3.8/site-packages/airflow/example_dags/example_bash_operator.py
[2023-11-21T10:01:40.358+0300] {processor.py:758} INFO - Processing file /home/user/Masaüstü/kafka/.env/lib/python3.8/site-packages/airflow/example_dags/example_bash_operator.py for tasks to queue
[2023-11-21T10:01:40.359+0300] {logging_mixin.py:117} INFO - [2023-11-21T10:01:40.359+0300] {dagbag.py:525} INFO - Filling up the DagBag from /home/user/Masaüstü/kafka/.env/lib/python3.8/site-packages/airflow/example_dags/example_bash_operator.py
[2023-11-21T10:01:40.383+0300] {processor.py:768} INFO - DAG(s) dict_keys(['example_bash_operator']) retrieved from /home/user/Masaüstü/kafka/.env/lib/python3.8/site-packages/airflow/example_dags/example_bash_operator.py
[2023-11-21T10:01:40.408+0300] {logging_mixin.py:117} INFO - [2023-11-21T10:01:40.408+0300] {dag.py:2573} INFO - Sync 1 DAGs
[2023-11-21T10:01:40.423+0300] {logging_mixin.py:117} INFO - [2023-11-21T10:01:40.423+0300] {dag.py:3324} INFO - Setting next_dagrun for example_bash_operator to 2023-11-20T00:00:00+00:00, run_after=2023-11-21T00:00:00+00:00
[2023-11-21T10:01:40.443+0300] {processor.py:178} INFO - Processing /home/user/Masaüstü/kafka/.env/lib/python3.8/site-packages/airflow/example_dags/example_bash_operator.py took 0.088 seconds
[2023-11-21T10:02:16.554+0300] {processor.py:156} INFO - Started process (PID=28573) to work on /home/user/Masaüstü/kafka/.env/lib/python3.8/site-packages/airflow/example_dags/example_bash_operator.py
[2023-11-21T10:02:16.555+0300] {processor.py:758} INFO - Processing file /home/user/Masaüstü/kafka/.env/lib/python3.8/site-packages/airflow/example_dags/example_bash_operator.py for tasks to queue
[2023-11-21T10:02:16.556+0300] {logging_mixin.py:117} INFO - [2023-11-21T10:02:16.556+0300] {dagbag.py:525} INFO - Filling up the DagBag from /home/user/Masaüstü/kafka/.env/lib/python3.8/site-packages/airflow/example_dags/example_bash_operator.py
[2023-11-21T10:02:16.573+0300] {processor.py:768} INFO - DAG(s) dict_keys(['example_bash_operator']) retrieved from /home/user/Masaüstü/kafka/.env/lib/python3.8/site-packages/airflow/example_dags/example_bash_operator.py
[2023-11-21T10:02:16.597+0300] {logging_mixin.py:117} INFO - [2023-11-21T10:02:16.596+0300] {dag.py:2573} INFO - Sync 1 DAGs
[2023-11-21T10:02:16.612+0300] {logging_mixin.py:117} INFO - [2023-11-21T10:02:16.612+0300] {dag.py:3324} INFO - Setting next_dagrun for example_bash_operator to 2023-11-20T00:00:00+00:00, run_after=2023-11-21T00:00:00+00:00
[2023-11-21T10:02:16.629+0300] {processor.py:178} INFO - Processing /home/user/Masaüstü/kafka/.env/lib/python3.8/site-packages/airflow/example_dags/example_bash_operator.py took 0.077 seconds
[2023-11-21T10:02:53.106+0300] {processor.py:156} INFO - Started process (PID=28809) to work on /home/user/Masaüstü/kafka/.env/lib/python3.8/site-packages/airflow/example_dags/example_bash_operator.py
[2023-11-21T10:02:53.108+0300] {processor.py:758} INFO - Processing file /home/user/Masaüstü/kafka/.env/lib/python3.8/site-packages/airflow/example_dags/example_bash_operator.py for tasks to queue
[2023-11-21T10:02:53.109+0300] {logging_mixin.py:117} INFO - [2023-11-21T10:02:53.109+0300] {dagbag.py:525} INFO - Filling up the DagBag from /home/user/Masaüstü/kafka/.env/lib/python3.8/site-packages/airflow/example_dags/example_bash_operator.py
[2023-11-21T10:02:53.130+0300] {processor.py:768} INFO - DAG(s) dict_keys(['example_bash_operator']) retrieved from /home/user/Masaüstü/kafka/.env/lib/python3.8/site-packages/airflow/example_dags/example_bash_operator.py
[2023-11-21T10:02:53.153+0300] {logging_mixin.py:117} INFO - [2023-11-21T10:02:53.153+0300] {dag.py:2573} INFO - Sync 1 DAGs
[2023-11-21T10:02:53.169+0300] {logging_mixin.py:117} INFO - [2023-11-21T10:02:53.169+0300] {dag.py:3324} INFO - Setting next_dagrun for example_bash_operator to 2023-11-20T00:00:00+00:00, run_after=2023-11-21T00:00:00+00:00
[2023-11-21T10:02:53.186+0300] {processor.py:178} INFO - Processing /home/user/Masaüstü/kafka/.env/lib/python3.8/site-packages/airflow/example_dags/example_bash_operator.py took 0.087 seconds
[2023-11-21T10:05:21.912+0300] {processor.py:156} INFO - Started process (PID=30145) to work on /home/user/Masaüstü/kafka/.env/lib/python3.8/site-packages/airflow/example_dags/example_bash_operator.py
[2023-11-21T10:05:21.915+0300] {processor.py:758} INFO - Processing file /home/user/Masaüstü/kafka/.env/lib/python3.8/site-packages/airflow/example_dags/example_bash_operator.py for tasks to queue
[2023-11-21T10:05:21.917+0300] {logging_mixin.py:117} INFO - [2023-11-21T10:05:21.916+0300] {dagbag.py:525} INFO - Filling up the DagBag from /home/user/Masaüstü/kafka/.env/lib/python3.8/site-packages/airflow/example_dags/example_bash_operator.py
[2023-11-21T10:05:21.953+0300] {processor.py:768} INFO - DAG(s) dict_keys(['example_bash_operator']) retrieved from /home/user/Masaüstü/kafka/.env/lib/python3.8/site-packages/airflow/example_dags/example_bash_operator.py
[2023-11-21T10:05:21.988+0300] {logging_mixin.py:117} INFO - [2023-11-21T10:05:21.988+0300] {dag.py:2573} INFO - Sync 1 DAGs
[2023-11-21T10:05:22.006+0300] {logging_mixin.py:117} INFO - [2023-11-21T10:05:22.006+0300] {dag.py:3324} INFO - Setting next_dagrun for example_bash_operator to 2023-11-20T00:00:00+00:00, run_after=2023-11-21T00:00:00+00:00
[2023-11-21T10:05:22.028+0300] {processor.py:178} INFO - Processing /home/user/Masaüstü/kafka/.env/lib/python3.8/site-packages/airflow/example_dags/example_bash_operator.py took 0.122 seconds
[2023-11-21T10:06:01.043+0300] {processor.py:156} INFO - Started process (PID=30522) to work on /home/user/Masaüstü/kafka/.env/lib/python3.8/site-packages/airflow/example_dags/example_bash_operator.py
[2023-11-21T10:06:01.045+0300] {processor.py:758} INFO - Processing file /home/user/Masaüstü/kafka/.env/lib/python3.8/site-packages/airflow/example_dags/example_bash_operator.py for tasks to queue
[2023-11-21T10:06:01.045+0300] {logging_mixin.py:117} INFO - [2023-11-21T10:06:01.045+0300] {dagbag.py:525} INFO - Filling up the DagBag from /home/user/Masaüstü/kafka/.env/lib/python3.8/site-packages/airflow/example_dags/example_bash_operator.py
[2023-11-21T10:06:01.063+0300] {processor.py:768} INFO - DAG(s) dict_keys(['example_bash_operator']) retrieved from /home/user/Masaüstü/kafka/.env/lib/python3.8/site-packages/airflow/example_dags/example_bash_operator.py
[2023-11-21T10:06:01.085+0300] {logging_mixin.py:117} INFO - [2023-11-21T10:06:01.085+0300] {dag.py:2573} INFO - Sync 1 DAGs
[2023-11-21T10:06:01.101+0300] {logging_mixin.py:117} INFO - [2023-11-21T10:06:01.100+0300] {dag.py:3324} INFO - Setting next_dagrun for example_bash_operator to 2023-11-20T00:00:00+00:00, run_after=2023-11-21T00:00:00+00:00
[2023-11-21T10:06:01.118+0300] {processor.py:178} INFO - Processing /home/user/Masaüstü/kafka/.env/lib/python3.8/site-packages/airflow/example_dags/example_bash_operator.py took 0.077 seconds
[2023-11-21T10:06:38.613+0300] {processor.py:156} INFO - Started process (PID=30751) to work on /home/user/Masaüstü/kafka/.env/lib/python3.8/site-packages/airflow/example_dags/example_bash_operator.py
[2023-11-21T10:06:38.616+0300] {processor.py:758} INFO - Processing file /home/user/Masaüstü/kafka/.env/lib/python3.8/site-packages/airflow/example_dags/example_bash_operator.py for tasks to queue
[2023-11-21T10:06:38.616+0300] {logging_mixin.py:117} INFO - [2023-11-21T10:06:38.616+0300] {dagbag.py:525} INFO - Filling up the DagBag from /home/user/Masaüstü/kafka/.env/lib/python3.8/site-packages/airflow/example_dags/example_bash_operator.py
[2023-11-21T10:06:38.636+0300] {processor.py:768} INFO - DAG(s) dict_keys(['example_bash_operator']) retrieved from /home/user/Masaüstü/kafka/.env/lib/python3.8/site-packages/airflow/example_dags/example_bash_operator.py
[2023-11-21T10:06:38.659+0300] {logging_mixin.py:117} INFO - [2023-11-21T10:06:38.659+0300] {dag.py:2573} INFO - Sync 1 DAGs
[2023-11-21T10:06:38.675+0300] {logging_mixin.py:117} INFO - [2023-11-21T10:06:38.675+0300] {dag.py:3324} INFO - Setting next_dagrun for example_bash_operator to 2023-11-20T00:00:00+00:00, run_after=2023-11-21T00:00:00+00:00
[2023-11-21T10:06:38.692+0300] {processor.py:178} INFO - Processing /home/user/Masaüstü/kafka/.env/lib/python3.8/site-packages/airflow/example_dags/example_bash_operator.py took 0.081 seconds
[2023-11-21T10:07:15.816+0300] {processor.py:156} INFO - Started process (PID=31011) to work on /home/user/Masaüstü/kafka/.env/lib/python3.8/site-packages/airflow/example_dags/example_bash_operator.py
[2023-11-21T10:07:15.818+0300] {processor.py:758} INFO - Processing file /home/user/Masaüstü/kafka/.env/lib/python3.8/site-packages/airflow/example_dags/example_bash_operator.py for tasks to queue
[2023-11-21T10:07:15.819+0300] {logging_mixin.py:117} INFO - [2023-11-21T10:07:15.819+0300] {dagbag.py:525} INFO - Filling up the DagBag from /home/user/Masaüstü/kafka/.env/lib/python3.8/site-packages/airflow/example_dags/example_bash_operator.py
[2023-11-21T10:07:15.849+0300] {processor.py:768} INFO - DAG(s) dict_keys(['example_bash_operator']) retrieved from /home/user/Masaüstü/kafka/.env/lib/python3.8/site-packages/airflow/example_dags/example_bash_operator.py
[2023-11-21T10:07:15.886+0300] {logging_mixin.py:117} INFO - [2023-11-21T10:07:15.886+0300] {dag.py:2573} INFO - Sync 1 DAGs
[2023-11-21T10:07:15.903+0300] {logging_mixin.py:117} INFO - [2023-11-21T10:07:15.903+0300] {dag.py:3324} INFO - Setting next_dagrun for example_bash_operator to 2023-11-20T00:00:00+00:00, run_after=2023-11-21T00:00:00+00:00
[2023-11-21T10:07:15.922+0300] {processor.py:178} INFO - Processing /home/user/Masaüstü/kafka/.env/lib/python3.8/site-packages/airflow/example_dags/example_bash_operator.py took 0.109 seconds
[2023-11-21T10:07:54.936+0300] {processor.py:156} INFO - Started process (PID=31247) to work on /home/user/Masaüstü/kafka/.env/lib/python3.8/site-packages/airflow/example_dags/example_bash_operator.py
[2023-11-21T10:07:54.939+0300] {processor.py:758} INFO - Processing file /home/user/Masaüstü/kafka/.env/lib/python3.8/site-packages/airflow/example_dags/example_bash_operator.py for tasks to queue
[2023-11-21T10:07:54.940+0300] {logging_mixin.py:117} INFO - [2023-11-21T10:07:54.940+0300] {dagbag.py:525} INFO - Filling up the DagBag from /home/user/Masaüstü/kafka/.env/lib/python3.8/site-packages/airflow/example_dags/example_bash_operator.py
[2023-11-21T10:07:54.971+0300] {processor.py:768} INFO - DAG(s) dict_keys(['example_bash_operator']) retrieved from /home/user/Masaüstü/kafka/.env/lib/python3.8/site-packages/airflow/example_dags/example_bash_operator.py
[2023-11-21T10:07:55.000+0300] {logging_mixin.py:117} INFO - [2023-11-21T10:07:54.999+0300] {dag.py:2573} INFO - Sync 1 DAGs
[2023-11-21T10:07:55.015+0300] {logging_mixin.py:117} INFO - [2023-11-21T10:07:55.015+0300] {dag.py:3324} INFO - Setting next_dagrun for example_bash_operator to 2023-11-20T00:00:00+00:00, run_after=2023-11-21T00:00:00+00:00
[2023-11-21T10:07:55.032+0300] {processor.py:178} INFO - Processing /home/user/Masaüstü/kafka/.env/lib/python3.8/site-packages/airflow/example_dags/example_bash_operator.py took 0.099 seconds
[2023-11-21T10:08:32.533+0300] {processor.py:156} INFO - Started process (PID=31506) to work on /home/user/Masaüstü/kafka/.env/lib/python3.8/site-packages/airflow/example_dags/example_bash_operator.py
[2023-11-21T10:08:32.535+0300] {processor.py:758} INFO - Processing file /home/user/Masaüstü/kafka/.env/lib/python3.8/site-packages/airflow/example_dags/example_bash_operator.py for tasks to queue
[2023-11-21T10:08:32.536+0300] {logging_mixin.py:117} INFO - [2023-11-21T10:08:32.536+0300] {dagbag.py:525} INFO - Filling up the DagBag from /home/user/Masaüstü/kafka/.env/lib/python3.8/site-packages/airflow/example_dags/example_bash_operator.py
[2023-11-21T10:08:32.570+0300] {processor.py:768} INFO - DAG(s) dict_keys(['example_bash_operator']) retrieved from /home/user/Masaüstü/kafka/.env/lib/python3.8/site-packages/airflow/example_dags/example_bash_operator.py
[2023-11-21T10:08:32.593+0300] {logging_mixin.py:117} INFO - [2023-11-21T10:08:32.593+0300] {dag.py:2573} INFO - Sync 1 DAGs
[2023-11-21T10:08:32.608+0300] {logging_mixin.py:117} INFO - [2023-11-21T10:08:32.608+0300] {dag.py:3324} INFO - Setting next_dagrun for example_bash_operator to 2023-11-20T00:00:00+00:00, run_after=2023-11-21T00:00:00+00:00
[2023-11-21T10:08:32.625+0300] {processor.py:178} INFO - Processing /home/user/Masaüstü/kafka/.env/lib/python3.8/site-packages/airflow/example_dags/example_bash_operator.py took 0.098 seconds
[2023-11-21T10:09:10.203+0300] {processor.py:156} INFO - Started process (PID=31748) to work on /home/user/Masaüstü/kafka/.env/lib/python3.8/site-packages/airflow/example_dags/example_bash_operator.py
[2023-11-21T10:09:10.207+0300] {processor.py:758} INFO - Processing file /home/user/Masaüstü/kafka/.env/lib/python3.8/site-packages/airflow/example_dags/example_bash_operator.py for tasks to queue
[2023-11-21T10:09:10.209+0300] {logging_mixin.py:117} INFO - [2023-11-21T10:09:10.208+0300] {dagbag.py:525} INFO - Filling up the DagBag from /home/user/Masaüstü/kafka/.env/lib/python3.8/site-packages/airflow/example_dags/example_bash_operator.py
[2023-11-21T10:09:10.239+0300] {processor.py:768} INFO - DAG(s) dict_keys(['example_bash_operator']) retrieved from /home/user/Masaüstü/kafka/.env/lib/python3.8/site-packages/airflow/example_dags/example_bash_operator.py
[2023-11-21T10:09:10.262+0300] {logging_mixin.py:117} INFO - [2023-11-21T10:09:10.261+0300] {dag.py:2573} INFO - Sync 1 DAGs
[2023-11-21T10:09:10.277+0300] {logging_mixin.py:117} INFO - [2023-11-21T10:09:10.276+0300] {dag.py:3324} INFO - Setting next_dagrun for example_bash_operator to 2023-11-20T00:00:00+00:00, run_after=2023-11-21T00:00:00+00:00
[2023-11-21T10:09:10.294+0300] {processor.py:178} INFO - Processing /home/user/Masaüstü/kafka/.env/lib/python3.8/site-packages/airflow/example_dags/example_bash_operator.py took 0.097 seconds
[2023-11-21T10:09:53.636+0300] {processor.py:156} INFO - Started process (PID=32405) to work on /home/user/Masaüstü/kafka/.env/lib/python3.8/site-packages/airflow/example_dags/example_bash_operator.py
[2023-11-21T10:09:53.639+0300] {processor.py:758} INFO - Processing file /home/user/Masaüstü/kafka/.env/lib/python3.8/site-packages/airflow/example_dags/example_bash_operator.py for tasks to queue
[2023-11-21T10:09:53.640+0300] {logging_mixin.py:117} INFO - [2023-11-21T10:09:53.639+0300] {dagbag.py:525} INFO - Filling up the DagBag from /home/user/Masaüstü/kafka/.env/lib/python3.8/site-packages/airflow/example_dags/example_bash_operator.py
[2023-11-21T10:09:53.674+0300] {processor.py:768} INFO - DAG(s) dict_keys(['example_bash_operator']) retrieved from /home/user/Masaüstü/kafka/.env/lib/python3.8/site-packages/airflow/example_dags/example_bash_operator.py
[2023-11-21T10:09:53.721+0300] {logging_mixin.py:117} INFO - [2023-11-21T10:09:53.721+0300] {dag.py:2573} INFO - Sync 1 DAGs
[2023-11-21T10:09:53.746+0300] {logging_mixin.py:117} INFO - [2023-11-21T10:09:53.746+0300] {dag.py:3324} INFO - Setting next_dagrun for example_bash_operator to 2023-11-20T00:00:00+00:00, run_after=2023-11-21T00:00:00+00:00
[2023-11-21T10:09:53.768+0300] {processor.py:178} INFO - Processing /home/user/Masaüstü/kafka/.env/lib/python3.8/site-packages/airflow/example_dags/example_bash_operator.py took 0.138 seconds
[2023-11-21T10:10:44.496+0300] {processor.py:156} INFO - Started process (PID=33178) to work on /home/user/Masaüstü/kafka/.env/lib/python3.8/site-packages/airflow/example_dags/example_bash_operator.py
[2023-11-21T10:10:44.497+0300] {processor.py:758} INFO - Processing file /home/user/Masaüstü/kafka/.env/lib/python3.8/site-packages/airflow/example_dags/example_bash_operator.py for tasks to queue
[2023-11-21T10:10:44.498+0300] {logging_mixin.py:117} INFO - [2023-11-21T10:10:44.498+0300] {dagbag.py:525} INFO - Filling up the DagBag from /home/user/Masaüstü/kafka/.env/lib/python3.8/site-packages/airflow/example_dags/example_bash_operator.py
[2023-11-21T10:10:44.535+0300] {processor.py:768} INFO - DAG(s) dict_keys(['example_bash_operator']) retrieved from /home/user/Masaüstü/kafka/.env/lib/python3.8/site-packages/airflow/example_dags/example_bash_operator.py
[2023-11-21T10:10:44.558+0300] {logging_mixin.py:117} INFO - [2023-11-21T10:10:44.558+0300] {dag.py:2573} INFO - Sync 1 DAGs
[2023-11-21T10:10:44.578+0300] {logging_mixin.py:117} INFO - [2023-11-21T10:10:44.578+0300] {dag.py:3324} INFO - Setting next_dagrun for example_bash_operator to 2023-11-20T00:00:00+00:00, run_after=2023-11-21T00:00:00+00:00
[2023-11-21T10:10:44.601+0300] {processor.py:178} INFO - Processing /home/user/Masaüstü/kafka/.env/lib/python3.8/site-packages/airflow/example_dags/example_bash_operator.py took 0.110 seconds
[2023-11-21T10:11:22.145+0300] {processor.py:156} INFO - Started process (PID=33429) to work on /home/user/Masaüstü/kafka/.env/lib/python3.8/site-packages/airflow/example_dags/example_bash_operator.py
[2023-11-21T10:11:22.148+0300] {processor.py:758} INFO - Processing file /home/user/Masaüstü/kafka/.env/lib/python3.8/site-packages/airflow/example_dags/example_bash_operator.py for tasks to queue
[2023-11-21T10:11:22.151+0300] {logging_mixin.py:117} INFO - [2023-11-21T10:11:22.150+0300] {dagbag.py:525} INFO - Filling up the DagBag from /home/user/Masaüstü/kafka/.env/lib/python3.8/site-packages/airflow/example_dags/example_bash_operator.py
[2023-11-21T10:11:22.183+0300] {processor.py:768} INFO - DAG(s) dict_keys(['example_bash_operator']) retrieved from /home/user/Masaüstü/kafka/.env/lib/python3.8/site-packages/airflow/example_dags/example_bash_operator.py
[2023-11-21T10:11:22.206+0300] {logging_mixin.py:117} INFO - [2023-11-21T10:11:22.206+0300] {dag.py:2573} INFO - Sync 1 DAGs
[2023-11-21T10:11:22.222+0300] {logging_mixin.py:117} INFO - [2023-11-21T10:11:22.221+0300] {dag.py:3324} INFO - Setting next_dagrun for example_bash_operator to 2023-11-20T00:00:00+00:00, run_after=2023-11-21T00:00:00+00:00
[2023-11-21T10:11:22.239+0300] {processor.py:178} INFO - Processing /home/user/Masaüstü/kafka/.env/lib/python3.8/site-packages/airflow/example_dags/example_bash_operator.py took 0.100 seconds
[2023-11-21T10:12:00.203+0300] {processor.py:156} INFO - Started process (PID=33681) to work on /home/user/Masaüstü/kafka/.env/lib/python3.8/site-packages/airflow/example_dags/example_bash_operator.py
[2023-11-21T10:12:00.203+0300] {processor.py:758} INFO - Processing file /home/user/Masaüstü/kafka/.env/lib/python3.8/site-packages/airflow/example_dags/example_bash_operator.py for tasks to queue
[2023-11-21T10:12:00.204+0300] {logging_mixin.py:117} INFO - [2023-11-21T10:12:00.204+0300] {dagbag.py:525} INFO - Filling up the DagBag from /home/user/Masaüstü/kafka/.env/lib/python3.8/site-packages/airflow/example_dags/example_bash_operator.py
[2023-11-21T10:12:00.229+0300] {processor.py:768} INFO - DAG(s) dict_keys(['example_bash_operator']) retrieved from /home/user/Masaüstü/kafka/.env/lib/python3.8/site-packages/airflow/example_dags/example_bash_operator.py
[2023-11-21T10:12:00.262+0300] {logging_mixin.py:117} INFO - [2023-11-21T10:12:00.262+0300] {dag.py:2573} INFO - Sync 1 DAGs
[2023-11-21T10:12:00.284+0300] {logging_mixin.py:117} INFO - [2023-11-21T10:12:00.284+0300] {dag.py:3324} INFO - Setting next_dagrun for example_bash_operator to 2023-11-20T00:00:00+00:00, run_after=2023-11-21T00:00:00+00:00
[2023-11-21T10:12:00.315+0300] {processor.py:178} INFO - Processing /home/user/Masaüstü/kafka/.env/lib/python3.8/site-packages/airflow/example_dags/example_bash_operator.py took 0.115 seconds
[2023-11-21T10:12:39.136+0300] {processor.py:156} INFO - Started process (PID=33907) to work on /home/user/Masaüstü/kafka/.env/lib/python3.8/site-packages/airflow/example_dags/example_bash_operator.py
[2023-11-21T10:12:39.139+0300] {processor.py:758} INFO - Processing file /home/user/Masaüstü/kafka/.env/lib/python3.8/site-packages/airflow/example_dags/example_bash_operator.py for tasks to queue
[2023-11-21T10:12:39.141+0300] {logging_mixin.py:117} INFO - [2023-11-21T10:12:39.140+0300] {dagbag.py:525} INFO - Filling up the DagBag from /home/user/Masaüstü/kafka/.env/lib/python3.8/site-packages/airflow/example_dags/example_bash_operator.py
[2023-11-21T10:12:39.175+0300] {processor.py:768} INFO - DAG(s) dict_keys(['example_bash_operator']) retrieved from /home/user/Masaüstü/kafka/.env/lib/python3.8/site-packages/airflow/example_dags/example_bash_operator.py
[2023-11-21T10:12:39.198+0300] {logging_mixin.py:117} INFO - [2023-11-21T10:12:39.198+0300] {dag.py:2573} INFO - Sync 1 DAGs
[2023-11-21T10:12:39.213+0300] {logging_mixin.py:117} INFO - [2023-11-21T10:12:39.213+0300] {dag.py:3324} INFO - Setting next_dagrun for example_bash_operator to 2023-11-20T00:00:00+00:00, run_after=2023-11-21T00:00:00+00:00
[2023-11-21T10:12:39.240+0300] {processor.py:178} INFO - Processing /home/user/Masaüstü/kafka/.env/lib/python3.8/site-packages/airflow/example_dags/example_bash_operator.py took 0.111 seconds
[2023-11-21T10:13:16.390+0300] {processor.py:156} INFO - Started process (PID=34151) to work on /home/user/Masaüstü/kafka/.env/lib/python3.8/site-packages/airflow/example_dags/example_bash_operator.py
[2023-11-21T10:13:16.393+0300] {processor.py:758} INFO - Processing file /home/user/Masaüstü/kafka/.env/lib/python3.8/site-packages/airflow/example_dags/example_bash_operator.py for tasks to queue
[2023-11-21T10:13:16.394+0300] {logging_mixin.py:117} INFO - [2023-11-21T10:13:16.394+0300] {dagbag.py:525} INFO - Filling up the DagBag from /home/user/Masaüstü/kafka/.env/lib/python3.8/site-packages/airflow/example_dags/example_bash_operator.py
[2023-11-21T10:13:16.424+0300] {processor.py:768} INFO - DAG(s) dict_keys(['example_bash_operator']) retrieved from /home/user/Masaüstü/kafka/.env/lib/python3.8/site-packages/airflow/example_dags/example_bash_operator.py
[2023-11-21T10:13:16.447+0300] {logging_mixin.py:117} INFO - [2023-11-21T10:13:16.446+0300] {dag.py:2573} INFO - Sync 1 DAGs
[2023-11-21T10:13:16.463+0300] {logging_mixin.py:117} INFO - [2023-11-21T10:13:16.463+0300] {dag.py:3324} INFO - Setting next_dagrun for example_bash_operator to 2023-11-20T00:00:00+00:00, run_after=2023-11-21T00:00:00+00:00
[2023-11-21T10:13:16.480+0300] {processor.py:178} INFO - Processing /home/user/Masaüstü/kafka/.env/lib/python3.8/site-packages/airflow/example_dags/example_bash_operator.py took 0.095 seconds
[2023-11-21T10:14:08.144+0300] {processor.py:156} INFO - Started process (PID=34860) to work on /home/user/Masaüstü/kafka/.env/lib/python3.8/site-packages/airflow/example_dags/example_bash_operator.py
[2023-11-21T10:14:08.147+0300] {processor.py:758} INFO - Processing file /home/user/Masaüstü/kafka/.env/lib/python3.8/site-packages/airflow/example_dags/example_bash_operator.py for tasks to queue
[2023-11-21T10:14:08.149+0300] {logging_mixin.py:117} INFO - [2023-11-21T10:14:08.149+0300] {dagbag.py:525} INFO - Filling up the DagBag from /home/user/Masaüstü/kafka/.env/lib/python3.8/site-packages/airflow/example_dags/example_bash_operator.py
[2023-11-21T10:14:08.193+0300] {processor.py:768} INFO - DAG(s) dict_keys(['example_bash_operator']) retrieved from /home/user/Masaüstü/kafka/.env/lib/python3.8/site-packages/airflow/example_dags/example_bash_operator.py
[2023-11-21T10:14:08.260+0300] {logging_mixin.py:117} INFO - [2023-11-21T10:14:08.259+0300] {dag.py:2573} INFO - Sync 1 DAGs
[2023-11-21T10:14:08.311+0300] {logging_mixin.py:117} INFO - [2023-11-21T10:14:08.310+0300] {dag.py:3324} INFO - Setting next_dagrun for example_bash_operator to 2023-11-20T00:00:00+00:00, run_after=2023-11-21T00:00:00+00:00
[2023-11-21T10:14:08.349+0300] {processor.py:178} INFO - Processing /home/user/Masaüstü/kafka/.env/lib/python3.8/site-packages/airflow/example_dags/example_bash_operator.py took 0.210 seconds
[2023-11-21T10:14:47.967+0300] {processor.py:156} INFO - Started process (PID=35320) to work on /home/user/Masaüstü/kafka/.env/lib/python3.8/site-packages/airflow/example_dags/example_bash_operator.py
[2023-11-21T10:14:47.968+0300] {processor.py:758} INFO - Processing file /home/user/Masaüstü/kafka/.env/lib/python3.8/site-packages/airflow/example_dags/example_bash_operator.py for tasks to queue
[2023-11-21T10:14:47.969+0300] {logging_mixin.py:117} INFO - [2023-11-21T10:14:47.969+0300] {dagbag.py:525} INFO - Filling up the DagBag from /home/user/Masaüstü/kafka/.env/lib/python3.8/site-packages/airflow/example_dags/example_bash_operator.py
[2023-11-21T10:14:47.991+0300] {processor.py:768} INFO - DAG(s) dict_keys(['example_bash_operator']) retrieved from /home/user/Masaüstü/kafka/.env/lib/python3.8/site-packages/airflow/example_dags/example_bash_operator.py
[2023-11-21T10:14:48.016+0300] {logging_mixin.py:117} INFO - [2023-11-21T10:14:48.015+0300] {dag.py:2573} INFO - Sync 1 DAGs
[2023-11-21T10:14:48.035+0300] {logging_mixin.py:117} INFO - [2023-11-21T10:14:48.035+0300] {dag.py:3324} INFO - Setting next_dagrun for example_bash_operator to 2023-11-20T00:00:00+00:00, run_after=2023-11-21T00:00:00+00:00
[2023-11-21T10:14:48.056+0300] {processor.py:178} INFO - Processing /home/user/Masaüstü/kafka/.env/lib/python3.8/site-packages/airflow/example_dags/example_bash_operator.py took 0.091 seconds
[2023-11-21T10:15:24.761+0300] {processor.py:156} INFO - Started process (PID=35624) to work on /home/user/Masaüstü/kafka/.env/lib/python3.8/site-packages/airflow/example_dags/example_bash_operator.py
[2023-11-21T10:15:24.764+0300] {processor.py:758} INFO - Processing file /home/user/Masaüstü/kafka/.env/lib/python3.8/site-packages/airflow/example_dags/example_bash_operator.py for tasks to queue
[2023-11-21T10:15:24.766+0300] {logging_mixin.py:117} INFO - [2023-11-21T10:15:24.766+0300] {dagbag.py:525} INFO - Filling up the DagBag from /home/user/Masaüstü/kafka/.env/lib/python3.8/site-packages/airflow/example_dags/example_bash_operator.py
[2023-11-21T10:15:24.799+0300] {processor.py:768} INFO - DAG(s) dict_keys(['example_bash_operator']) retrieved from /home/user/Masaüstü/kafka/.env/lib/python3.8/site-packages/airflow/example_dags/example_bash_operator.py
[2023-11-21T10:15:24.822+0300] {logging_mixin.py:117} INFO - [2023-11-21T10:15:24.822+0300] {dag.py:2573} INFO - Sync 1 DAGs
[2023-11-21T10:15:24.838+0300] {logging_mixin.py:117} INFO - [2023-11-21T10:15:24.838+0300] {dag.py:3324} INFO - Setting next_dagrun for example_bash_operator to 2023-11-20T00:00:00+00:00, run_after=2023-11-21T00:00:00+00:00
[2023-11-21T10:15:24.865+0300] {processor.py:178} INFO - Processing /home/user/Masaüstü/kafka/.env/lib/python3.8/site-packages/airflow/example_dags/example_bash_operator.py took 0.111 seconds
[2023-11-21T10:16:01.204+0300] {processor.py:156} INFO - Started process (PID=35853) to work on /home/user/Masaüstü/kafka/.env/lib/python3.8/site-packages/airflow/example_dags/example_bash_operator.py
[2023-11-21T10:16:01.207+0300] {processor.py:758} INFO - Processing file /home/user/Masaüstü/kafka/.env/lib/python3.8/site-packages/airflow/example_dags/example_bash_operator.py for tasks to queue
[2023-11-21T10:16:01.209+0300] {logging_mixin.py:117} INFO - [2023-11-21T10:16:01.208+0300] {dagbag.py:525} INFO - Filling up the DagBag from /home/user/Masaüstü/kafka/.env/lib/python3.8/site-packages/airflow/example_dags/example_bash_operator.py
[2023-11-21T10:16:01.236+0300] {processor.py:768} INFO - DAG(s) dict_keys(['example_bash_operator']) retrieved from /home/user/Masaüstü/kafka/.env/lib/python3.8/site-packages/airflow/example_dags/example_bash_operator.py
[2023-11-21T10:16:01.259+0300] {logging_mixin.py:117} INFO - [2023-11-21T10:16:01.259+0300] {dag.py:2573} INFO - Sync 1 DAGs
[2023-11-21T10:16:01.274+0300] {logging_mixin.py:117} INFO - [2023-11-21T10:16:01.274+0300] {dag.py:3324} INFO - Setting next_dagrun for example_bash_operator to 2023-11-20T00:00:00+00:00, run_after=2023-11-21T00:00:00+00:00
[2023-11-21T10:16:01.292+0300] {processor.py:178} INFO - Processing /home/user/Masaüstü/kafka/.env/lib/python3.8/site-packages/airflow/example_dags/example_bash_operator.py took 0.095 seconds
[2023-11-21T10:16:39.674+0300] {processor.py:156} INFO - Started process (PID=36089) to work on /home/user/Masaüstü/kafka/.env/lib/python3.8/site-packages/airflow/example_dags/example_bash_operator.py
[2023-11-21T10:16:39.676+0300] {processor.py:758} INFO - Processing file /home/user/Masaüstü/kafka/.env/lib/python3.8/site-packages/airflow/example_dags/example_bash_operator.py for tasks to queue
[2023-11-21T10:16:39.677+0300] {logging_mixin.py:117} INFO - [2023-11-21T10:16:39.676+0300] {dagbag.py:525} INFO - Filling up the DagBag from /home/user/Masaüstü/kafka/.env/lib/python3.8/site-packages/airflow/example_dags/example_bash_operator.py
[2023-11-21T10:16:39.695+0300] {processor.py:768} INFO - DAG(s) dict_keys(['example_bash_operator']) retrieved from /home/user/Masaüstü/kafka/.env/lib/python3.8/site-packages/airflow/example_dags/example_bash_operator.py
[2023-11-21T10:16:39.719+0300] {logging_mixin.py:117} INFO - [2023-11-21T10:16:39.719+0300] {dag.py:2573} INFO - Sync 1 DAGs
[2023-11-21T10:16:39.735+0300] {logging_mixin.py:117} INFO - [2023-11-21T10:16:39.735+0300] {dag.py:3324} INFO - Setting next_dagrun for example_bash_operator to 2023-11-20T00:00:00+00:00, run_after=2023-11-21T00:00:00+00:00
[2023-11-21T10:16:39.757+0300] {processor.py:178} INFO - Processing /home/user/Masaüstü/kafka/.env/lib/python3.8/site-packages/airflow/example_dags/example_bash_operator.py took 0.085 seconds
[2023-11-21T10:17:17.408+0300] {processor.py:156} INFO - Started process (PID=36372) to work on /home/user/Masaüstü/kafka/.env/lib/python3.8/site-packages/airflow/example_dags/example_bash_operator.py
[2023-11-21T10:17:17.409+0300] {processor.py:758} INFO - Processing file /home/user/Masaüstü/kafka/.env/lib/python3.8/site-packages/airflow/example_dags/example_bash_operator.py for tasks to queue
[2023-11-21T10:17:17.409+0300] {logging_mixin.py:117} INFO - [2023-11-21T10:17:17.409+0300] {dagbag.py:525} INFO - Filling up the DagBag from /home/user/Masaüstü/kafka/.env/lib/python3.8/site-packages/airflow/example_dags/example_bash_operator.py
[2023-11-21T10:17:17.432+0300] {processor.py:768} INFO - DAG(s) dict_keys(['example_bash_operator']) retrieved from /home/user/Masaüstü/kafka/.env/lib/python3.8/site-packages/airflow/example_dags/example_bash_operator.py
[2023-11-21T10:17:17.469+0300] {logging_mixin.py:117} INFO - [2023-11-21T10:17:17.469+0300] {dag.py:2573} INFO - Sync 1 DAGs
[2023-11-21T10:17:17.489+0300] {logging_mixin.py:117} INFO - [2023-11-21T10:17:17.489+0300] {dag.py:3324} INFO - Setting next_dagrun for example_bash_operator to 2023-11-20T00:00:00+00:00, run_after=2023-11-21T00:00:00+00:00
[2023-11-21T10:17:17.506+0300] {processor.py:178} INFO - Processing /home/user/Masaüstü/kafka/.env/lib/python3.8/site-packages/airflow/example_dags/example_bash_operator.py took 0.101 seconds
[2023-11-21T10:17:54.355+0300] {processor.py:156} INFO - Started process (PID=36630) to work on /home/user/Masaüstü/kafka/.env/lib/python3.8/site-packages/airflow/example_dags/example_bash_operator.py
[2023-11-21T10:17:54.356+0300] {processor.py:758} INFO - Processing file /home/user/Masaüstü/kafka/.env/lib/python3.8/site-packages/airflow/example_dags/example_bash_operator.py for tasks to queue
[2023-11-21T10:17:54.357+0300] {logging_mixin.py:117} INFO - [2023-11-21T10:17:54.357+0300] {dagbag.py:525} INFO - Filling up the DagBag from /home/user/Masaüstü/kafka/.env/lib/python3.8/site-packages/airflow/example_dags/example_bash_operator.py
[2023-11-21T10:17:54.374+0300] {processor.py:768} INFO - DAG(s) dict_keys(['example_bash_operator']) retrieved from /home/user/Masaüstü/kafka/.env/lib/python3.8/site-packages/airflow/example_dags/example_bash_operator.py
[2023-11-21T10:17:54.399+0300] {logging_mixin.py:117} INFO - [2023-11-21T10:17:54.399+0300] {dag.py:2573} INFO - Sync 1 DAGs
[2023-11-21T10:17:54.416+0300] {logging_mixin.py:117} INFO - [2023-11-21T10:17:54.416+0300] {dag.py:3324} INFO - Setting next_dagrun for example_bash_operator to 2023-11-20T00:00:00+00:00, run_after=2023-11-21T00:00:00+00:00
[2023-11-21T10:17:54.437+0300] {processor.py:178} INFO - Processing /home/user/Masaüstü/kafka/.env/lib/python3.8/site-packages/airflow/example_dags/example_bash_operator.py took 0.084 seconds
[2023-11-21T10:18:32.308+0300] {processor.py:156} INFO - Started process (PID=36893) to work on /home/user/Masaüstü/kafka/.env/lib/python3.8/site-packages/airflow/example_dags/example_bash_operator.py
[2023-11-21T10:18:32.311+0300] {processor.py:758} INFO - Processing file /home/user/Masaüstü/kafka/.env/lib/python3.8/site-packages/airflow/example_dags/example_bash_operator.py for tasks to queue
[2023-11-21T10:18:32.312+0300] {logging_mixin.py:117} INFO - [2023-11-21T10:18:32.312+0300] {dagbag.py:525} INFO - Filling up the DagBag from /home/user/Masaüstü/kafka/.env/lib/python3.8/site-packages/airflow/example_dags/example_bash_operator.py
[2023-11-21T10:18:32.346+0300] {processor.py:768} INFO - DAG(s) dict_keys(['example_bash_operator']) retrieved from /home/user/Masaüstü/kafka/.env/lib/python3.8/site-packages/airflow/example_dags/example_bash_operator.py
[2023-11-21T10:18:32.368+0300] {logging_mixin.py:117} INFO - [2023-11-21T10:18:32.368+0300] {dag.py:2573} INFO - Sync 1 DAGs
[2023-11-21T10:18:32.384+0300] {logging_mixin.py:117} INFO - [2023-11-21T10:18:32.384+0300] {dag.py:3324} INFO - Setting next_dagrun for example_bash_operator to 2023-11-20T00:00:00+00:00, run_after=2023-11-21T00:00:00+00:00
[2023-11-21T10:18:32.414+0300] {processor.py:178} INFO - Processing /home/user/Masaüstü/kafka/.env/lib/python3.8/site-packages/airflow/example_dags/example_bash_operator.py took 0.113 seconds
[2023-11-21T10:19:11.451+0300] {processor.py:156} INFO - Started process (PID=37133) to work on /home/user/Masaüstü/kafka/.env/lib/python3.8/site-packages/airflow/example_dags/example_bash_operator.py
[2023-11-21T10:19:11.454+0300] {processor.py:758} INFO - Processing file /home/user/Masaüstü/kafka/.env/lib/python3.8/site-packages/airflow/example_dags/example_bash_operator.py for tasks to queue
[2023-11-21T10:19:11.454+0300] {logging_mixin.py:117} INFO - [2023-11-21T10:19:11.454+0300] {dagbag.py:525} INFO - Filling up the DagBag from /home/user/Masaüstü/kafka/.env/lib/python3.8/site-packages/airflow/example_dags/example_bash_operator.py
[2023-11-21T10:19:11.479+0300] {processor.py:768} INFO - DAG(s) dict_keys(['example_bash_operator']) retrieved from /home/user/Masaüstü/kafka/.env/lib/python3.8/site-packages/airflow/example_dags/example_bash_operator.py
[2023-11-21T10:19:11.502+0300] {logging_mixin.py:117} INFO - [2023-11-21T10:19:11.502+0300] {dag.py:2573} INFO - Sync 1 DAGs
[2023-11-21T10:19:11.519+0300] {logging_mixin.py:117} INFO - [2023-11-21T10:19:11.519+0300] {dag.py:3324} INFO - Setting next_dagrun for example_bash_operator to 2023-11-20T00:00:00+00:00, run_after=2023-11-21T00:00:00+00:00
[2023-11-21T10:19:11.536+0300] {processor.py:178} INFO - Processing /home/user/Masaüstü/kafka/.env/lib/python3.8/site-packages/airflow/example_dags/example_bash_operator.py took 0.088 seconds
[2023-11-21T10:19:50.804+0300] {processor.py:156} INFO - Started process (PID=37441) to work on /home/user/Masaüstü/kafka/.env/lib/python3.8/site-packages/airflow/example_dags/example_bash_operator.py
[2023-11-21T10:19:50.806+0300] {processor.py:758} INFO - Processing file /home/user/Masaüstü/kafka/.env/lib/python3.8/site-packages/airflow/example_dags/example_bash_operator.py for tasks to queue
[2023-11-21T10:19:50.808+0300] {logging_mixin.py:117} INFO - [2023-11-21T10:19:50.808+0300] {dagbag.py:525} INFO - Filling up the DagBag from /home/user/Masaüstü/kafka/.env/lib/python3.8/site-packages/airflow/example_dags/example_bash_operator.py
[2023-11-21T10:19:50.881+0300] {processor.py:768} INFO - DAG(s) dict_keys(['example_bash_operator']) retrieved from /home/user/Masaüstü/kafka/.env/lib/python3.8/site-packages/airflow/example_dags/example_bash_operator.py
[2023-11-21T10:19:50.942+0300] {logging_mixin.py:117} INFO - [2023-11-21T10:19:50.941+0300] {dag.py:2573} INFO - Sync 1 DAGs
[2023-11-21T10:19:50.971+0300] {logging_mixin.py:117} INFO - [2023-11-21T10:19:50.971+0300] {dag.py:3324} INFO - Setting next_dagrun for example_bash_operator to 2023-11-20T00:00:00+00:00, run_after=2023-11-21T00:00:00+00:00
[2023-11-21T10:19:50.999+0300] {processor.py:178} INFO - Processing /home/user/Masaüstü/kafka/.env/lib/python3.8/site-packages/airflow/example_dags/example_bash_operator.py took 0.202 seconds
