[2023-11-21T09:51:36.050+0300] {processor.py:156} INFO - Started process (PID=23676) to work on /home/user/Masaüstü/kafka/.env/lib/python3.8/site-packages/airflow/example_dags/example_task_group_decorator.py
[2023-11-21T09:51:36.051+0300] {processor.py:758} INFO - Processing file /home/user/Masaüstü/kafka/.env/lib/python3.8/site-packages/airflow/example_dags/example_task_group_decorator.py for tasks to queue
[2023-11-21T09:51:36.052+0300] {logging_mixin.py:117} INFO - [2023-11-21T09:51:36.052+0300] {dagbag.py:525} INFO - Filling up the DagBag from /home/user/Masaüstü/kafka/.env/lib/python3.8/site-packages/airflow/example_dags/example_task_group_decorator.py
[2023-11-21T09:51:36.088+0300] {processor.py:768} INFO - DAG(s) dict_keys(['example_task_group_decorator']) retrieved from /home/user/Masaüstü/kafka/.env/lib/python3.8/site-packages/airflow/example_dags/example_task_group_decorator.py
[2023-11-21T09:51:36.103+0300] {logging_mixin.py:117} INFO - [2023-11-21T09:51:36.102+0300] {dag.py:2573} INFO - Sync 1 DAGs
[2023-11-21T09:51:36.141+0300] {logging_mixin.py:117} INFO - [2023-11-21T09:51:36.140+0300] {dag.py:3324} INFO - Setting next_dagrun for example_task_group_decorator to 2023-11-20T06:51:36.140089+00:00, run_after=2023-11-21T06:51:36.140089+00:00
[2023-11-21T09:51:36.336+0300] {processor.py:178} INFO - Processing /home/user/Masaüstü/kafka/.env/lib/python3.8/site-packages/airflow/example_dags/example_task_group_decorator.py took 0.287 seconds
[2023-11-21T09:52:15.322+0300] {processor.py:156} INFO - Started process (PID=24086) to work on /home/user/Masaüstü/kafka/.env/lib/python3.8/site-packages/airflow/example_dags/example_task_group_decorator.py
[2023-11-21T09:52:15.325+0300] {processor.py:758} INFO - Processing file /home/user/Masaüstü/kafka/.env/lib/python3.8/site-packages/airflow/example_dags/example_task_group_decorator.py for tasks to queue
[2023-11-21T09:52:15.326+0300] {logging_mixin.py:117} INFO - [2023-11-21T09:52:15.326+0300] {dagbag.py:525} INFO - Filling up the DagBag from /home/user/Masaüstü/kafka/.env/lib/python3.8/site-packages/airflow/example_dags/example_task_group_decorator.py
[2023-11-21T09:52:15.382+0300] {processor.py:768} INFO - DAG(s) dict_keys(['example_task_group_decorator']) retrieved from /home/user/Masaüstü/kafka/.env/lib/python3.8/site-packages/airflow/example_dags/example_task_group_decorator.py
[2023-11-21T09:52:15.410+0300] {logging_mixin.py:117} INFO - [2023-11-21T09:52:15.410+0300] {dag.py:2573} INFO - Sync 1 DAGs
[2023-11-21T09:52:15.428+0300] {logging_mixin.py:117} INFO - [2023-11-21T09:52:15.428+0300] {dag.py:3324} INFO - Setting next_dagrun for example_task_group_decorator to 2023-11-20T06:52:15.428426+00:00, run_after=2023-11-21T06:52:15.428426+00:00
[2023-11-21T09:52:15.456+0300] {processor.py:178} INFO - Processing /home/user/Masaüstü/kafka/.env/lib/python3.8/site-packages/airflow/example_dags/example_task_group_decorator.py took 0.140 seconds
[2023-11-21T09:52:52.230+0300] {processor.py:156} INFO - Started process (PID=24485) to work on /home/user/Masaüstü/kafka/.env/lib/python3.8/site-packages/airflow/example_dags/example_task_group_decorator.py
[2023-11-21T09:52:52.233+0300] {processor.py:758} INFO - Processing file /home/user/Masaüstü/kafka/.env/lib/python3.8/site-packages/airflow/example_dags/example_task_group_decorator.py for tasks to queue
[2023-11-21T09:52:52.235+0300] {logging_mixin.py:117} INFO - [2023-11-21T09:52:52.235+0300] {dagbag.py:525} INFO - Filling up the DagBag from /home/user/Masaüstü/kafka/.env/lib/python3.8/site-packages/airflow/example_dags/example_task_group_decorator.py
[2023-11-21T09:52:52.298+0300] {processor.py:768} INFO - DAG(s) dict_keys(['example_task_group_decorator']) retrieved from /home/user/Masaüstü/kafka/.env/lib/python3.8/site-packages/airflow/example_dags/example_task_group_decorator.py
[2023-11-21T09:52:52.335+0300] {logging_mixin.py:117} INFO - [2023-11-21T09:52:52.334+0300] {dag.py:2573} INFO - Sync 1 DAGs
[2023-11-21T09:52:52.363+0300] {logging_mixin.py:117} INFO - [2023-11-21T09:52:52.362+0300] {dag.py:3324} INFO - Setting next_dagrun for example_task_group_decorator to 2023-11-20T06:52:52.362524+00:00, run_after=2023-11-21T06:52:52.362524+00:00
[2023-11-21T09:52:52.391+0300] {processor.py:178} INFO - Processing /home/user/Masaüstü/kafka/.env/lib/python3.8/site-packages/airflow/example_dags/example_task_group_decorator.py took 0.169 seconds
[2023-11-21T09:53:30.838+0300] {processor.py:156} INFO - Started process (PID=24752) to work on /home/user/Masaüstü/kafka/.env/lib/python3.8/site-packages/airflow/example_dags/example_task_group_decorator.py
[2023-11-21T09:53:30.841+0300] {processor.py:758} INFO - Processing file /home/user/Masaüstü/kafka/.env/lib/python3.8/site-packages/airflow/example_dags/example_task_group_decorator.py for tasks to queue
[2023-11-21T09:53:30.843+0300] {logging_mixin.py:117} INFO - [2023-11-21T09:53:30.843+0300] {dagbag.py:525} INFO - Filling up the DagBag from /home/user/Masaüstü/kafka/.env/lib/python3.8/site-packages/airflow/example_dags/example_task_group_decorator.py
[2023-11-21T09:53:30.885+0300] {processor.py:768} INFO - DAG(s) dict_keys(['example_task_group_decorator']) retrieved from /home/user/Masaüstü/kafka/.env/lib/python3.8/site-packages/airflow/example_dags/example_task_group_decorator.py
[2023-11-21T09:53:30.904+0300] {logging_mixin.py:117} INFO - [2023-11-21T09:53:30.903+0300] {dag.py:2573} INFO - Sync 1 DAGs
[2023-11-21T09:53:30.921+0300] {logging_mixin.py:117} INFO - [2023-11-21T09:53:30.920+0300] {dag.py:3324} INFO - Setting next_dagrun for example_task_group_decorator to 2023-11-20T06:53:30.920618+00:00, run_after=2023-11-21T06:53:30.920618+00:00
[2023-11-21T09:53:30.948+0300] {processor.py:178} INFO - Processing /home/user/Masaüstü/kafka/.env/lib/python3.8/site-packages/airflow/example_dags/example_task_group_decorator.py took 0.116 seconds
[2023-11-21T09:54:07.126+0300] {processor.py:156} INFO - Started process (PID=24977) to work on /home/user/Masaüstü/kafka/.env/lib/python3.8/site-packages/airflow/example_dags/example_task_group_decorator.py
[2023-11-21T09:54:07.128+0300] {processor.py:758} INFO - Processing file /home/user/Masaüstü/kafka/.env/lib/python3.8/site-packages/airflow/example_dags/example_task_group_decorator.py for tasks to queue
[2023-11-21T09:54:07.129+0300] {logging_mixin.py:117} INFO - [2023-11-21T09:54:07.128+0300] {dagbag.py:525} INFO - Filling up the DagBag from /home/user/Masaüstü/kafka/.env/lib/python3.8/site-packages/airflow/example_dags/example_task_group_decorator.py
[2023-11-21T09:54:07.160+0300] {processor.py:768} INFO - DAG(s) dict_keys(['example_task_group_decorator']) retrieved from /home/user/Masaüstü/kafka/.env/lib/python3.8/site-packages/airflow/example_dags/example_task_group_decorator.py
[2023-11-21T09:54:07.184+0300] {logging_mixin.py:117} INFO - [2023-11-21T09:54:07.184+0300] {dag.py:2573} INFO - Sync 1 DAGs
[2023-11-21T09:54:07.204+0300] {logging_mixin.py:117} INFO - [2023-11-21T09:54:07.204+0300] {dag.py:3324} INFO - Setting next_dagrun for example_task_group_decorator to 2023-11-20T06:54:07.203871+00:00, run_after=2023-11-21T06:54:07.203871+00:00
[2023-11-21T09:54:07.223+0300] {processor.py:178} INFO - Processing /home/user/Masaüstü/kafka/.env/lib/python3.8/site-packages/airflow/example_dags/example_task_group_decorator.py took 0.100 seconds
[2023-11-21T09:54:43.794+0300] {processor.py:156} INFO - Started process (PID=25200) to work on /home/user/Masaüstü/kafka/.env/lib/python3.8/site-packages/airflow/example_dags/example_task_group_decorator.py
[2023-11-21T09:54:43.796+0300] {processor.py:758} INFO - Processing file /home/user/Masaüstü/kafka/.env/lib/python3.8/site-packages/airflow/example_dags/example_task_group_decorator.py for tasks to queue
[2023-11-21T09:54:43.797+0300] {logging_mixin.py:117} INFO - [2023-11-21T09:54:43.797+0300] {dagbag.py:525} INFO - Filling up the DagBag from /home/user/Masaüstü/kafka/.env/lib/python3.8/site-packages/airflow/example_dags/example_task_group_decorator.py
[2023-11-21T09:54:43.842+0300] {processor.py:768} INFO - DAG(s) dict_keys(['example_task_group_decorator']) retrieved from /home/user/Masaüstü/kafka/.env/lib/python3.8/site-packages/airflow/example_dags/example_task_group_decorator.py
[2023-11-21T09:54:43.861+0300] {logging_mixin.py:117} INFO - [2023-11-21T09:54:43.861+0300] {dag.py:2573} INFO - Sync 1 DAGs
[2023-11-21T09:54:43.875+0300] {logging_mixin.py:117} INFO - [2023-11-21T09:54:43.875+0300] {dag.py:3324} INFO - Setting next_dagrun for example_task_group_decorator to 2023-11-20T06:54:43.875643+00:00, run_after=2023-11-21T06:54:43.875643+00:00
[2023-11-21T09:54:43.893+0300] {processor.py:178} INFO - Processing /home/user/Masaüstü/kafka/.env/lib/python3.8/site-packages/airflow/example_dags/example_task_group_decorator.py took 0.102 seconds
[2023-11-21T09:55:21.196+0300] {processor.py:156} INFO - Started process (PID=25429) to work on /home/user/Masaüstü/kafka/.env/lib/python3.8/site-packages/airflow/example_dags/example_task_group_decorator.py
[2023-11-21T09:55:21.197+0300] {processor.py:758} INFO - Processing file /home/user/Masaüstü/kafka/.env/lib/python3.8/site-packages/airflow/example_dags/example_task_group_decorator.py for tasks to queue
[2023-11-21T09:55:21.197+0300] {logging_mixin.py:117} INFO - [2023-11-21T09:55:21.197+0300] {dagbag.py:525} INFO - Filling up the DagBag from /home/user/Masaüstü/kafka/.env/lib/python3.8/site-packages/airflow/example_dags/example_task_group_decorator.py
[2023-11-21T09:55:21.222+0300] {processor.py:768} INFO - DAG(s) dict_keys(['example_task_group_decorator']) retrieved from /home/user/Masaüstü/kafka/.env/lib/python3.8/site-packages/airflow/example_dags/example_task_group_decorator.py
[2023-11-21T09:55:21.240+0300] {logging_mixin.py:117} INFO - [2023-11-21T09:55:21.240+0300] {dag.py:2573} INFO - Sync 1 DAGs
[2023-11-21T09:55:21.254+0300] {logging_mixin.py:117} INFO - [2023-11-21T09:55:21.254+0300] {dag.py:3324} INFO - Setting next_dagrun for example_task_group_decorator to 2023-11-20T06:55:21.254631+00:00, run_after=2023-11-21T06:55:21.254631+00:00
[2023-11-21T09:55:21.272+0300] {processor.py:178} INFO - Processing /home/user/Masaüstü/kafka/.env/lib/python3.8/site-packages/airflow/example_dags/example_task_group_decorator.py took 0.077 seconds
[2023-11-21T09:55:57.845+0300] {processor.py:156} INFO - Started process (PID=25735) to work on /home/user/Masaüstü/kafka/.env/lib/python3.8/site-packages/airflow/example_dags/example_task_group_decorator.py
[2023-11-21T09:55:57.847+0300] {processor.py:758} INFO - Processing file /home/user/Masaüstü/kafka/.env/lib/python3.8/site-packages/airflow/example_dags/example_task_group_decorator.py for tasks to queue
[2023-11-21T09:55:57.848+0300] {logging_mixin.py:117} INFO - [2023-11-21T09:55:57.848+0300] {dagbag.py:525} INFO - Filling up the DagBag from /home/user/Masaüstü/kafka/.env/lib/python3.8/site-packages/airflow/example_dags/example_task_group_decorator.py
[2023-11-21T09:55:57.874+0300] {processor.py:768} INFO - DAG(s) dict_keys(['example_task_group_decorator']) retrieved from /home/user/Masaüstü/kafka/.env/lib/python3.8/site-packages/airflow/example_dags/example_task_group_decorator.py
[2023-11-21T09:55:57.893+0300] {logging_mixin.py:117} INFO - [2023-11-21T09:55:57.893+0300] {dag.py:2573} INFO - Sync 1 DAGs
[2023-11-21T09:55:57.909+0300] {logging_mixin.py:117} INFO - [2023-11-21T09:55:57.909+0300] {dag.py:3324} INFO - Setting next_dagrun for example_task_group_decorator to 2023-11-20T06:55:57.909392+00:00, run_after=2023-11-21T06:55:57.909392+00:00
[2023-11-21T09:55:57.940+0300] {processor.py:178} INFO - Processing /home/user/Masaüstü/kafka/.env/lib/python3.8/site-packages/airflow/example_dags/example_task_group_decorator.py took 0.099 seconds
[2023-11-21T09:56:35.115+0300] {processor.py:156} INFO - Started process (PID=26005) to work on /home/user/Masaüstü/kafka/.env/lib/python3.8/site-packages/airflow/example_dags/example_task_group_decorator.py
[2023-11-21T09:56:35.116+0300] {processor.py:758} INFO - Processing file /home/user/Masaüstü/kafka/.env/lib/python3.8/site-packages/airflow/example_dags/example_task_group_decorator.py for tasks to queue
[2023-11-21T09:56:35.116+0300] {logging_mixin.py:117} INFO - [2023-11-21T09:56:35.116+0300] {dagbag.py:525} INFO - Filling up the DagBag from /home/user/Masaüstü/kafka/.env/lib/python3.8/site-packages/airflow/example_dags/example_task_group_decorator.py
[2023-11-21T09:56:35.140+0300] {processor.py:768} INFO - DAG(s) dict_keys(['example_task_group_decorator']) retrieved from /home/user/Masaüstü/kafka/.env/lib/python3.8/site-packages/airflow/example_dags/example_task_group_decorator.py
[2023-11-21T09:56:35.159+0300] {logging_mixin.py:117} INFO - [2023-11-21T09:56:35.159+0300] {dag.py:2573} INFO - Sync 1 DAGs
[2023-11-21T09:56:35.174+0300] {logging_mixin.py:117} INFO - [2023-11-21T09:56:35.174+0300] {dag.py:3324} INFO - Setting next_dagrun for example_task_group_decorator to 2023-11-20T06:56:35.174127+00:00, run_after=2023-11-21T06:56:35.174127+00:00
[2023-11-21T09:56:35.191+0300] {processor.py:178} INFO - Processing /home/user/Masaüstü/kafka/.env/lib/python3.8/site-packages/airflow/example_dags/example_task_group_decorator.py took 0.078 seconds
[2023-11-21T09:57:12.640+0300] {processor.py:156} INFO - Started process (PID=26241) to work on /home/user/Masaüstü/kafka/.env/lib/python3.8/site-packages/airflow/example_dags/example_task_group_decorator.py
[2023-11-21T09:57:12.643+0300] {processor.py:758} INFO - Processing file /home/user/Masaüstü/kafka/.env/lib/python3.8/site-packages/airflow/example_dags/example_task_group_decorator.py for tasks to queue
[2023-11-21T09:57:12.645+0300] {logging_mixin.py:117} INFO - [2023-11-21T09:57:12.645+0300] {dagbag.py:525} INFO - Filling up the DagBag from /home/user/Masaüstü/kafka/.env/lib/python3.8/site-packages/airflow/example_dags/example_task_group_decorator.py
[2023-11-21T09:57:12.687+0300] {processor.py:768} INFO - DAG(s) dict_keys(['example_task_group_decorator']) retrieved from /home/user/Masaüstü/kafka/.env/lib/python3.8/site-packages/airflow/example_dags/example_task_group_decorator.py
[2023-11-21T09:57:12.705+0300] {logging_mixin.py:117} INFO - [2023-11-21T09:57:12.705+0300] {dag.py:2573} INFO - Sync 1 DAGs
[2023-11-21T09:57:12.721+0300] {logging_mixin.py:117} INFO - [2023-11-21T09:57:12.720+0300] {dag.py:3324} INFO - Setting next_dagrun for example_task_group_decorator to 2023-11-20T06:57:12.720742+00:00, run_after=2023-11-21T06:57:12.720742+00:00
[2023-11-21T09:57:12.739+0300] {processor.py:178} INFO - Processing /home/user/Masaüstü/kafka/.env/lib/python3.8/site-packages/airflow/example_dags/example_task_group_decorator.py took 0.105 seconds
[2023-11-21T09:57:49.169+0300] {processor.py:156} INFO - Started process (PID=26476) to work on /home/user/Masaüstü/kafka/.env/lib/python3.8/site-packages/airflow/example_dags/example_task_group_decorator.py
[2023-11-21T09:57:49.172+0300] {processor.py:758} INFO - Processing file /home/user/Masaüstü/kafka/.env/lib/python3.8/site-packages/airflow/example_dags/example_task_group_decorator.py for tasks to queue
[2023-11-21T09:57:49.174+0300] {logging_mixin.py:117} INFO - [2023-11-21T09:57:49.173+0300] {dagbag.py:525} INFO - Filling up the DagBag from /home/user/Masaüstü/kafka/.env/lib/python3.8/site-packages/airflow/example_dags/example_task_group_decorator.py
[2023-11-21T09:57:49.217+0300] {processor.py:768} INFO - DAG(s) dict_keys(['example_task_group_decorator']) retrieved from /home/user/Masaüstü/kafka/.env/lib/python3.8/site-packages/airflow/example_dags/example_task_group_decorator.py
[2023-11-21T09:57:49.237+0300] {logging_mixin.py:117} INFO - [2023-11-21T09:57:49.237+0300] {dag.py:2573} INFO - Sync 1 DAGs
[2023-11-21T09:57:49.251+0300] {logging_mixin.py:117} INFO - [2023-11-21T09:57:49.251+0300] {dag.py:3324} INFO - Setting next_dagrun for example_task_group_decorator to 2023-11-20T06:57:49.251380+00:00, run_after=2023-11-21T06:57:49.251380+00:00
[2023-11-21T09:57:49.269+0300] {processor.py:178} INFO - Processing /home/user/Masaüstü/kafka/.env/lib/python3.8/site-packages/airflow/example_dags/example_task_group_decorator.py took 0.107 seconds
[2023-11-21T09:58:24.872+0300] {processor.py:156} INFO - Started process (PID=26856) to work on /home/user/Masaüstü/kafka/.env/lib/python3.8/site-packages/airflow/example_dags/example_task_group_decorator.py
[2023-11-21T09:58:24.873+0300] {processor.py:758} INFO - Processing file /home/user/Masaüstü/kafka/.env/lib/python3.8/site-packages/airflow/example_dags/example_task_group_decorator.py for tasks to queue
[2023-11-21T09:58:24.873+0300] {logging_mixin.py:117} INFO - [2023-11-21T09:58:24.873+0300] {dagbag.py:525} INFO - Filling up the DagBag from /home/user/Masaüstü/kafka/.env/lib/python3.8/site-packages/airflow/example_dags/example_task_group_decorator.py
[2023-11-21T09:58:24.906+0300] {processor.py:768} INFO - DAG(s) dict_keys(['example_task_group_decorator']) retrieved from /home/user/Masaüstü/kafka/.env/lib/python3.8/site-packages/airflow/example_dags/example_task_group_decorator.py
[2023-11-21T09:58:24.929+0300] {logging_mixin.py:117} INFO - [2023-11-21T09:58:24.929+0300] {dag.py:2573} INFO - Sync 1 DAGs
[2023-11-21T09:58:24.951+0300] {logging_mixin.py:117} INFO - [2023-11-21T09:58:24.951+0300] {dag.py:3324} INFO - Setting next_dagrun for example_task_group_decorator to 2023-11-20T06:58:24.951073+00:00, run_after=2023-11-21T06:58:24.951073+00:00
[2023-11-21T09:58:24.979+0300] {processor.py:178} INFO - Processing /home/user/Masaüstü/kafka/.env/lib/python3.8/site-packages/airflow/example_dags/example_task_group_decorator.py took 0.109 seconds
[2023-11-21T09:59:03.641+0300] {processor.py:156} INFO - Started process (PID=27311) to work on /home/user/Masaüstü/kafka/.env/lib/python3.8/site-packages/airflow/example_dags/example_task_group_decorator.py
[2023-11-21T09:59:03.644+0300] {processor.py:758} INFO - Processing file /home/user/Masaüstü/kafka/.env/lib/python3.8/site-packages/airflow/example_dags/example_task_group_decorator.py for tasks to queue
[2023-11-21T09:59:03.646+0300] {logging_mixin.py:117} INFO - [2023-11-21T09:59:03.645+0300] {dagbag.py:525} INFO - Filling up the DagBag from /home/user/Masaüstü/kafka/.env/lib/python3.8/site-packages/airflow/example_dags/example_task_group_decorator.py
[2023-11-21T09:59:03.687+0300] {processor.py:768} INFO - DAG(s) dict_keys(['example_task_group_decorator']) retrieved from /home/user/Masaüstü/kafka/.env/lib/python3.8/site-packages/airflow/example_dags/example_task_group_decorator.py
[2023-11-21T09:59:03.706+0300] {logging_mixin.py:117} INFO - [2023-11-21T09:59:03.706+0300] {dag.py:2573} INFO - Sync 1 DAGs
[2023-11-21T09:59:03.729+0300] {logging_mixin.py:117} INFO - [2023-11-21T09:59:03.729+0300] {dag.py:3324} INFO - Setting next_dagrun for example_task_group_decorator to 2023-11-20T06:59:03.729358+00:00, run_after=2023-11-21T06:59:03.729358+00:00
[2023-11-21T09:59:03.756+0300] {processor.py:178} INFO - Processing /home/user/Masaüstü/kafka/.env/lib/python3.8/site-packages/airflow/example_dags/example_task_group_decorator.py took 0.122 seconds
[2023-11-21T09:59:39.511+0300] {processor.py:156} INFO - Started process (PID=27544) to work on /home/user/Masaüstü/kafka/.env/lib/python3.8/site-packages/airflow/example_dags/example_task_group_decorator.py
[2023-11-21T09:59:39.514+0300] {processor.py:758} INFO - Processing file /home/user/Masaüstü/kafka/.env/lib/python3.8/site-packages/airflow/example_dags/example_task_group_decorator.py for tasks to queue
[2023-11-21T09:59:39.516+0300] {logging_mixin.py:117} INFO - [2023-11-21T09:59:39.515+0300] {dagbag.py:525} INFO - Filling up the DagBag from /home/user/Masaüstü/kafka/.env/lib/python3.8/site-packages/airflow/example_dags/example_task_group_decorator.py
[2023-11-21T09:59:39.558+0300] {processor.py:768} INFO - DAG(s) dict_keys(['example_task_group_decorator']) retrieved from /home/user/Masaüstü/kafka/.env/lib/python3.8/site-packages/airflow/example_dags/example_task_group_decorator.py
[2023-11-21T09:59:39.576+0300] {logging_mixin.py:117} INFO - [2023-11-21T09:59:39.576+0300] {dag.py:2573} INFO - Sync 1 DAGs
[2023-11-21T09:59:39.590+0300] {logging_mixin.py:117} INFO - [2023-11-21T09:59:39.590+0300] {dag.py:3324} INFO - Setting next_dagrun for example_task_group_decorator to 2023-11-20T06:59:39.590513+00:00, run_after=2023-11-21T06:59:39.590513+00:00
[2023-11-21T09:59:39.608+0300] {processor.py:178} INFO - Processing /home/user/Masaüstü/kafka/.env/lib/python3.8/site-packages/airflow/example_dags/example_task_group_decorator.py took 0.104 seconds
[2023-11-21T10:00:14.575+0300] {processor.py:156} INFO - Started process (PID=27765) to work on /home/user/Masaüstü/kafka/.env/lib/python3.8/site-packages/airflow/example_dags/example_task_group_decorator.py
[2023-11-21T10:00:14.578+0300] {processor.py:758} INFO - Processing file /home/user/Masaüstü/kafka/.env/lib/python3.8/site-packages/airflow/example_dags/example_task_group_decorator.py for tasks to queue
[2023-11-21T10:00:14.580+0300] {logging_mixin.py:117} INFO - [2023-11-21T10:00:14.579+0300] {dagbag.py:525} INFO - Filling up the DagBag from /home/user/Masaüstü/kafka/.env/lib/python3.8/site-packages/airflow/example_dags/example_task_group_decorator.py
[2023-11-21T10:00:14.621+0300] {processor.py:768} INFO - DAG(s) dict_keys(['example_task_group_decorator']) retrieved from /home/user/Masaüstü/kafka/.env/lib/python3.8/site-packages/airflow/example_dags/example_task_group_decorator.py
[2023-11-21T10:00:14.639+0300] {logging_mixin.py:117} INFO - [2023-11-21T10:00:14.639+0300] {dag.py:2573} INFO - Sync 1 DAGs
[2023-11-21T10:00:14.653+0300] {logging_mixin.py:117} INFO - [2023-11-21T10:00:14.653+0300] {dag.py:3324} INFO - Setting next_dagrun for example_task_group_decorator to 2023-11-20T07:00:14.653479+00:00, run_after=2023-11-21T07:00:14.653479+00:00
[2023-11-21T10:00:14.671+0300] {processor.py:178} INFO - Processing /home/user/Masaüstü/kafka/.env/lib/python3.8/site-packages/airflow/example_dags/example_task_group_decorator.py took 0.102 seconds
[2023-11-21T10:00:50.768+0300] {processor.py:156} INFO - Started process (PID=27981) to work on /home/user/Masaüstü/kafka/.env/lib/python3.8/site-packages/airflow/example_dags/example_task_group_decorator.py
[2023-11-21T10:00:50.772+0300] {processor.py:758} INFO - Processing file /home/user/Masaüstü/kafka/.env/lib/python3.8/site-packages/airflow/example_dags/example_task_group_decorator.py for tasks to queue
[2023-11-21T10:00:50.774+0300] {logging_mixin.py:117} INFO - [2023-11-21T10:00:50.773+0300] {dagbag.py:525} INFO - Filling up the DagBag from /home/user/Masaüstü/kafka/.env/lib/python3.8/site-packages/airflow/example_dags/example_task_group_decorator.py
[2023-11-21T10:00:50.832+0300] {processor.py:768} INFO - DAG(s) dict_keys(['example_task_group_decorator']) retrieved from /home/user/Masaüstü/kafka/.env/lib/python3.8/site-packages/airflow/example_dags/example_task_group_decorator.py
[2023-11-21T10:00:50.868+0300] {logging_mixin.py:117} INFO - [2023-11-21T10:00:50.867+0300] {dag.py:2573} INFO - Sync 1 DAGs
[2023-11-21T10:00:50.886+0300] {logging_mixin.py:117} INFO - [2023-11-21T10:00:50.886+0300] {dag.py:3324} INFO - Setting next_dagrun for example_task_group_decorator to 2023-11-20T07:00:50.886117+00:00, run_after=2023-11-21T07:00:50.886117+00:00
[2023-11-21T10:00:50.913+0300] {processor.py:178} INFO - Processing /home/user/Masaüstü/kafka/.env/lib/python3.8/site-packages/airflow/example_dags/example_task_group_decorator.py took 0.155 seconds
[2023-11-21T10:01:25.837+0300] {processor.py:156} INFO - Started process (PID=28253) to work on /home/user/Masaüstü/kafka/.env/lib/python3.8/site-packages/airflow/example_dags/example_task_group_decorator.py
[2023-11-21T10:01:25.839+0300] {processor.py:758} INFO - Processing file /home/user/Masaüstü/kafka/.env/lib/python3.8/site-packages/airflow/example_dags/example_task_group_decorator.py for tasks to queue
[2023-11-21T10:01:25.839+0300] {logging_mixin.py:117} INFO - [2023-11-21T10:01:25.839+0300] {dagbag.py:525} INFO - Filling up the DagBag from /home/user/Masaüstü/kafka/.env/lib/python3.8/site-packages/airflow/example_dags/example_task_group_decorator.py
[2023-11-21T10:01:25.866+0300] {processor.py:768} INFO - DAG(s) dict_keys(['example_task_group_decorator']) retrieved from /home/user/Masaüstü/kafka/.env/lib/python3.8/site-packages/airflow/example_dags/example_task_group_decorator.py
[2023-11-21T10:01:25.885+0300] {logging_mixin.py:117} INFO - [2023-11-21T10:01:25.885+0300] {dag.py:2573} INFO - Sync 1 DAGs
[2023-11-21T10:01:25.899+0300] {logging_mixin.py:117} INFO - [2023-11-21T10:01:25.899+0300] {dag.py:3324} INFO - Setting next_dagrun for example_task_group_decorator to 2023-11-20T07:01:25.899280+00:00, run_after=2023-11-21T07:01:25.899280+00:00
[2023-11-21T10:01:25.923+0300] {processor.py:178} INFO - Processing /home/user/Masaüstü/kafka/.env/lib/python3.8/site-packages/airflow/example_dags/example_task_group_decorator.py took 0.088 seconds
[2023-11-21T10:02:02.114+0300] {processor.py:156} INFO - Started process (PID=28489) to work on /home/user/Masaüstü/kafka/.env/lib/python3.8/site-packages/airflow/example_dags/example_task_group_decorator.py
[2023-11-21T10:02:02.116+0300] {processor.py:758} INFO - Processing file /home/user/Masaüstü/kafka/.env/lib/python3.8/site-packages/airflow/example_dags/example_task_group_decorator.py for tasks to queue
[2023-11-21T10:02:02.117+0300] {logging_mixin.py:117} INFO - [2023-11-21T10:02:02.117+0300] {dagbag.py:525} INFO - Filling up the DagBag from /home/user/Masaüstü/kafka/.env/lib/python3.8/site-packages/airflow/example_dags/example_task_group_decorator.py
[2023-11-21T10:02:02.153+0300] {processor.py:768} INFO - DAG(s) dict_keys(['example_task_group_decorator']) retrieved from /home/user/Masaüstü/kafka/.env/lib/python3.8/site-packages/airflow/example_dags/example_task_group_decorator.py
[2023-11-21T10:02:02.187+0300] {logging_mixin.py:117} INFO - [2023-11-21T10:02:02.186+0300] {dag.py:2573} INFO - Sync 1 DAGs
[2023-11-21T10:02:02.209+0300] {logging_mixin.py:117} INFO - [2023-11-21T10:02:02.209+0300] {dag.py:3324} INFO - Setting next_dagrun for example_task_group_decorator to 2023-11-20T07:02:02.209253+00:00, run_after=2023-11-21T07:02:02.209253+00:00
[2023-11-21T10:02:02.241+0300] {processor.py:178} INFO - Processing /home/user/Masaüstü/kafka/.env/lib/python3.8/site-packages/airflow/example_dags/example_task_group_decorator.py took 0.131 seconds
[2023-11-21T10:02:38.572+0300] {processor.py:156} INFO - Started process (PID=28705) to work on /home/user/Masaüstü/kafka/.env/lib/python3.8/site-packages/airflow/example_dags/example_task_group_decorator.py
[2023-11-21T10:02:38.578+0300] {processor.py:758} INFO - Processing file /home/user/Masaüstü/kafka/.env/lib/python3.8/site-packages/airflow/example_dags/example_task_group_decorator.py for tasks to queue
[2023-11-21T10:02:38.579+0300] {logging_mixin.py:117} INFO - [2023-11-21T10:02:38.579+0300] {dagbag.py:525} INFO - Filling up the DagBag from /home/user/Masaüstü/kafka/.env/lib/python3.8/site-packages/airflow/example_dags/example_task_group_decorator.py
[2023-11-21T10:02:38.617+0300] {processor.py:768} INFO - DAG(s) dict_keys(['example_task_group_decorator']) retrieved from /home/user/Masaüstü/kafka/.env/lib/python3.8/site-packages/airflow/example_dags/example_task_group_decorator.py
[2023-11-21T10:02:38.641+0300] {logging_mixin.py:117} INFO - [2023-11-21T10:02:38.641+0300] {dag.py:2573} INFO - Sync 1 DAGs
[2023-11-21T10:02:38.658+0300] {logging_mixin.py:117} INFO - [2023-11-21T10:02:38.658+0300] {dag.py:3324} INFO - Setting next_dagrun for example_task_group_decorator to 2023-11-20T07:02:38.657854+00:00, run_after=2023-11-21T07:02:38.657854+00:00
[2023-11-21T10:02:38.676+0300] {processor.py:178} INFO - Processing /home/user/Masaüstü/kafka/.env/lib/python3.8/site-packages/airflow/example_dags/example_task_group_decorator.py took 0.106 seconds
[2023-11-21T10:05:07.576+0300] {processor.py:156} INFO - Started process (PID=30061) to work on /home/user/Masaüstü/kafka/.env/lib/python3.8/site-packages/airflow/example_dags/example_task_group_decorator.py
[2023-11-21T10:05:07.577+0300] {processor.py:758} INFO - Processing file /home/user/Masaüstü/kafka/.env/lib/python3.8/site-packages/airflow/example_dags/example_task_group_decorator.py for tasks to queue
[2023-11-21T10:05:07.578+0300] {logging_mixin.py:117} INFO - [2023-11-21T10:05:07.578+0300] {dagbag.py:525} INFO - Filling up the DagBag from /home/user/Masaüstü/kafka/.env/lib/python3.8/site-packages/airflow/example_dags/example_task_group_decorator.py
[2023-11-21T10:05:07.610+0300] {processor.py:768} INFO - DAG(s) dict_keys(['example_task_group_decorator']) retrieved from /home/user/Masaüstü/kafka/.env/lib/python3.8/site-packages/airflow/example_dags/example_task_group_decorator.py
[2023-11-21T10:05:07.622+0300] {logging_mixin.py:117} INFO - [2023-11-21T10:05:07.621+0300] {dag.py:2573} INFO - Sync 1 DAGs
[2023-11-21T10:05:07.642+0300] {logging_mixin.py:117} INFO - [2023-11-21T10:05:07.641+0300] {dag.py:3324} INFO - Setting next_dagrun for example_task_group_decorator to 2023-11-20T07:05:07.641768+00:00, run_after=2023-11-21T07:05:07.641768+00:00
[2023-11-21T10:05:07.660+0300] {processor.py:178} INFO - Processing /home/user/Masaüstü/kafka/.env/lib/python3.8/site-packages/airflow/example_dags/example_task_group_decorator.py took 0.086 seconds
[2023-11-21T10:05:46.965+0300] {processor.py:156} INFO - Started process (PID=30433) to work on /home/user/Masaüstü/kafka/.env/lib/python3.8/site-packages/airflow/example_dags/example_task_group_decorator.py
[2023-11-21T10:05:46.967+0300] {processor.py:758} INFO - Processing file /home/user/Masaüstü/kafka/.env/lib/python3.8/site-packages/airflow/example_dags/example_task_group_decorator.py for tasks to queue
[2023-11-21T10:05:46.968+0300] {logging_mixin.py:117} INFO - [2023-11-21T10:05:46.968+0300] {dagbag.py:525} INFO - Filling up the DagBag from /home/user/Masaüstü/kafka/.env/lib/python3.8/site-packages/airflow/example_dags/example_task_group_decorator.py
[2023-11-21T10:05:47.005+0300] {processor.py:768} INFO - DAG(s) dict_keys(['example_task_group_decorator']) retrieved from /home/user/Masaüstü/kafka/.env/lib/python3.8/site-packages/airflow/example_dags/example_task_group_decorator.py
[2023-11-21T10:05:47.024+0300] {logging_mixin.py:117} INFO - [2023-11-21T10:05:47.024+0300] {dag.py:2573} INFO - Sync 1 DAGs
[2023-11-21T10:05:47.038+0300] {logging_mixin.py:117} INFO - [2023-11-21T10:05:47.038+0300] {dag.py:3324} INFO - Setting next_dagrun for example_task_group_decorator to 2023-11-20T07:05:47.038292+00:00, run_after=2023-11-21T07:05:47.038292+00:00
[2023-11-21T10:05:47.056+0300] {processor.py:178} INFO - Processing /home/user/Masaüstü/kafka/.env/lib/python3.8/site-packages/airflow/example_dags/example_task_group_decorator.py took 0.095 seconds
[2023-11-21T10:06:23.627+0300] {processor.py:156} INFO - Started process (PID=30661) to work on /home/user/Masaüstü/kafka/.env/lib/python3.8/site-packages/airflow/example_dags/example_task_group_decorator.py
[2023-11-21T10:06:23.628+0300] {processor.py:758} INFO - Processing file /home/user/Masaüstü/kafka/.env/lib/python3.8/site-packages/airflow/example_dags/example_task_group_decorator.py for tasks to queue
[2023-11-21T10:06:23.628+0300] {logging_mixin.py:117} INFO - [2023-11-21T10:06:23.628+0300] {dagbag.py:525} INFO - Filling up the DagBag from /home/user/Masaüstü/kafka/.env/lib/python3.8/site-packages/airflow/example_dags/example_task_group_decorator.py
[2023-11-21T10:06:23.656+0300] {processor.py:768} INFO - DAG(s) dict_keys(['example_task_group_decorator']) retrieved from /home/user/Masaüstü/kafka/.env/lib/python3.8/site-packages/airflow/example_dags/example_task_group_decorator.py
[2023-11-21T10:06:23.675+0300] {logging_mixin.py:117} INFO - [2023-11-21T10:06:23.675+0300] {dag.py:2573} INFO - Sync 1 DAGs
[2023-11-21T10:06:23.690+0300] {logging_mixin.py:117} INFO - [2023-11-21T10:06:23.690+0300] {dag.py:3324} INFO - Setting next_dagrun for example_task_group_decorator to 2023-11-20T07:06:23.690030+00:00, run_after=2023-11-21T07:06:23.690030+00:00
[2023-11-21T10:06:23.706+0300] {processor.py:178} INFO - Processing /home/user/Masaüstü/kafka/.env/lib/python3.8/site-packages/airflow/example_dags/example_task_group_decorator.py took 0.083 seconds
[2023-11-21T10:07:01.644+0300] {processor.py:156} INFO - Started process (PID=30920) to work on /home/user/Masaüstü/kafka/.env/lib/python3.8/site-packages/airflow/example_dags/example_task_group_decorator.py
[2023-11-21T10:07:01.645+0300] {processor.py:758} INFO - Processing file /home/user/Masaüstü/kafka/.env/lib/python3.8/site-packages/airflow/example_dags/example_task_group_decorator.py for tasks to queue
[2023-11-21T10:07:01.646+0300] {logging_mixin.py:117} INFO - [2023-11-21T10:07:01.645+0300] {dagbag.py:525} INFO - Filling up the DagBag from /home/user/Masaüstü/kafka/.env/lib/python3.8/site-packages/airflow/example_dags/example_task_group_decorator.py
[2023-11-21T10:07:01.669+0300] {processor.py:768} INFO - DAG(s) dict_keys(['example_task_group_decorator']) retrieved from /home/user/Masaüstü/kafka/.env/lib/python3.8/site-packages/airflow/example_dags/example_task_group_decorator.py
[2023-11-21T10:07:01.688+0300] {logging_mixin.py:117} INFO - [2023-11-21T10:07:01.687+0300] {dag.py:2573} INFO - Sync 1 DAGs
[2023-11-21T10:07:01.702+0300] {logging_mixin.py:117} INFO - [2023-11-21T10:07:01.702+0300] {dag.py:3324} INFO - Setting next_dagrun for example_task_group_decorator to 2023-11-20T07:07:01.702253+00:00, run_after=2023-11-21T07:07:01.702253+00:00
[2023-11-21T10:07:01.719+0300] {processor.py:178} INFO - Processing /home/user/Masaüstü/kafka/.env/lib/python3.8/site-packages/airflow/example_dags/example_task_group_decorator.py took 0.076 seconds
[2023-11-21T10:07:40.240+0300] {processor.py:156} INFO - Started process (PID=31159) to work on /home/user/Masaüstü/kafka/.env/lib/python3.8/site-packages/airflow/example_dags/example_task_group_decorator.py
[2023-11-21T10:07:40.243+0300] {processor.py:758} INFO - Processing file /home/user/Masaüstü/kafka/.env/lib/python3.8/site-packages/airflow/example_dags/example_task_group_decorator.py for tasks to queue
[2023-11-21T10:07:40.245+0300] {logging_mixin.py:117} INFO - [2023-11-21T10:07:40.244+0300] {dagbag.py:525} INFO - Filling up the DagBag from /home/user/Masaüstü/kafka/.env/lib/python3.8/site-packages/airflow/example_dags/example_task_group_decorator.py
[2023-11-21T10:07:40.322+0300] {processor.py:768} INFO - DAG(s) dict_keys(['example_task_group_decorator']) retrieved from /home/user/Masaüstü/kafka/.env/lib/python3.8/site-packages/airflow/example_dags/example_task_group_decorator.py
[2023-11-21T10:07:40.367+0300] {logging_mixin.py:117} INFO - [2023-11-21T10:07:40.367+0300] {dag.py:2573} INFO - Sync 1 DAGs
[2023-11-21T10:07:40.390+0300] {logging_mixin.py:117} INFO - [2023-11-21T10:07:40.390+0300] {dag.py:3324} INFO - Setting next_dagrun for example_task_group_decorator to 2023-11-20T07:07:40.390426+00:00, run_after=2023-11-21T07:07:40.390426+00:00
[2023-11-21T10:07:40.420+0300] {processor.py:178} INFO - Processing /home/user/Masaüstü/kafka/.env/lib/python3.8/site-packages/airflow/example_dags/example_task_group_decorator.py took 0.184 seconds
[2023-11-21T10:08:18.016+0300] {processor.py:156} INFO - Started process (PID=31416) to work on /home/user/Masaüstü/kafka/.env/lib/python3.8/site-packages/airflow/example_dags/example_task_group_decorator.py
[2023-11-21T10:08:18.019+0300] {processor.py:758} INFO - Processing file /home/user/Masaüstü/kafka/.env/lib/python3.8/site-packages/airflow/example_dags/example_task_group_decorator.py for tasks to queue
[2023-11-21T10:08:18.021+0300] {logging_mixin.py:117} INFO - [2023-11-21T10:08:18.021+0300] {dagbag.py:525} INFO - Filling up the DagBag from /home/user/Masaüstü/kafka/.env/lib/python3.8/site-packages/airflow/example_dags/example_task_group_decorator.py
[2023-11-21T10:08:18.065+0300] {processor.py:768} INFO - DAG(s) dict_keys(['example_task_group_decorator']) retrieved from /home/user/Masaüstü/kafka/.env/lib/python3.8/site-packages/airflow/example_dags/example_task_group_decorator.py
[2023-11-21T10:08:18.083+0300] {logging_mixin.py:117} INFO - [2023-11-21T10:08:18.083+0300] {dag.py:2573} INFO - Sync 1 DAGs
[2023-11-21T10:08:18.097+0300] {logging_mixin.py:117} INFO - [2023-11-21T10:08:18.097+0300] {dag.py:3324} INFO - Setting next_dagrun for example_task_group_decorator to 2023-11-20T07:08:18.097525+00:00, run_after=2023-11-21T07:08:18.097525+00:00
[2023-11-21T10:08:18.115+0300] {processor.py:178} INFO - Processing /home/user/Masaüstü/kafka/.env/lib/python3.8/site-packages/airflow/example_dags/example_task_group_decorator.py took 0.105 seconds
[2023-11-21T10:08:56.153+0300] {processor.py:156} INFO - Started process (PID=31657) to work on /home/user/Masaüstü/kafka/.env/lib/python3.8/site-packages/airflow/example_dags/example_task_group_decorator.py
[2023-11-21T10:08:56.154+0300] {processor.py:758} INFO - Processing file /home/user/Masaüstü/kafka/.env/lib/python3.8/site-packages/airflow/example_dags/example_task_group_decorator.py for tasks to queue
[2023-11-21T10:08:56.154+0300] {logging_mixin.py:117} INFO - [2023-11-21T10:08:56.154+0300] {dagbag.py:525} INFO - Filling up the DagBag from /home/user/Masaüstü/kafka/.env/lib/python3.8/site-packages/airflow/example_dags/example_task_group_decorator.py
[2023-11-21T10:08:56.187+0300] {processor.py:768} INFO - DAG(s) dict_keys(['example_task_group_decorator']) retrieved from /home/user/Masaüstü/kafka/.env/lib/python3.8/site-packages/airflow/example_dags/example_task_group_decorator.py
[2023-11-21T10:08:56.211+0300] {logging_mixin.py:117} INFO - [2023-11-21T10:08:56.210+0300] {dag.py:2573} INFO - Sync 1 DAGs
[2023-11-21T10:08:56.225+0300] {logging_mixin.py:117} INFO - [2023-11-21T10:08:56.225+0300] {dag.py:3324} INFO - Setting next_dagrun for example_task_group_decorator to 2023-11-20T07:08:56.225219+00:00, run_after=2023-11-21T07:08:56.225219+00:00
[2023-11-21T10:08:56.243+0300] {processor.py:178} INFO - Processing /home/user/Masaüstü/kafka/.env/lib/python3.8/site-packages/airflow/example_dags/example_task_group_decorator.py took 0.093 seconds
[2023-11-21T10:09:37.712+0300] {processor.py:156} INFO - Started process (PID=32173) to work on /home/user/Masaüstü/kafka/.env/lib/python3.8/site-packages/airflow/example_dags/example_task_group_decorator.py
[2023-11-21T10:09:37.730+0300] {processor.py:758} INFO - Processing file /home/user/Masaüstü/kafka/.env/lib/python3.8/site-packages/airflow/example_dags/example_task_group_decorator.py for tasks to queue
[2023-11-21T10:09:37.734+0300] {logging_mixin.py:117} INFO - [2023-11-21T10:09:37.733+0300] {dagbag.py:525} INFO - Filling up the DagBag from /home/user/Masaüstü/kafka/.env/lib/python3.8/site-packages/airflow/example_dags/example_task_group_decorator.py
[2023-11-21T10:09:37.883+0300] {processor.py:768} INFO - DAG(s) dict_keys(['example_task_group_decorator']) retrieved from /home/user/Masaüstü/kafka/.env/lib/python3.8/site-packages/airflow/example_dags/example_task_group_decorator.py
[2023-11-21T10:09:37.978+0300] {logging_mixin.py:117} INFO - [2023-11-21T10:09:37.976+0300] {dag.py:2573} INFO - Sync 1 DAGs
[2023-11-21T10:09:38.168+0300] {logging_mixin.py:117} INFO - [2023-11-21T10:09:38.167+0300] {dag.py:3324} INFO - Setting next_dagrun for example_task_group_decorator to 2023-11-20T07:09:38.166992+00:00, run_after=2023-11-21T07:09:38.166992+00:00
[2023-11-21T10:09:38.364+0300] {processor.py:178} INFO - Processing /home/user/Masaüstü/kafka/.env/lib/python3.8/site-packages/airflow/example_dags/example_task_group_decorator.py took 0.673 seconds
[2023-11-21T10:10:28.601+0300] {processor.py:156} INFO - Started process (PID=32940) to work on /home/user/Masaüstü/kafka/.env/lib/python3.8/site-packages/airflow/example_dags/example_task_group_decorator.py
[2023-11-21T10:10:28.602+0300] {processor.py:758} INFO - Processing file /home/user/Masaüstü/kafka/.env/lib/python3.8/site-packages/airflow/example_dags/example_task_group_decorator.py for tasks to queue
[2023-11-21T10:10:28.603+0300] {logging_mixin.py:117} INFO - [2023-11-21T10:10:28.603+0300] {dagbag.py:525} INFO - Filling up the DagBag from /home/user/Masaüstü/kafka/.env/lib/python3.8/site-packages/airflow/example_dags/example_task_group_decorator.py
[2023-11-21T10:10:28.669+0300] {processor.py:768} INFO - DAG(s) dict_keys(['example_task_group_decorator']) retrieved from /home/user/Masaüstü/kafka/.env/lib/python3.8/site-packages/airflow/example_dags/example_task_group_decorator.py
[2023-11-21T10:10:28.709+0300] {logging_mixin.py:117} INFO - [2023-11-21T10:10:28.709+0300] {dag.py:2573} INFO - Sync 1 DAGs
[2023-11-21T10:10:28.726+0300] {logging_mixin.py:117} INFO - [2023-11-21T10:10:28.726+0300] {dag.py:3324} INFO - Setting next_dagrun for example_task_group_decorator to 2023-11-20T07:10:28.726262+00:00, run_after=2023-11-21T07:10:28.726262+00:00
[2023-11-21T10:10:28.746+0300] {processor.py:178} INFO - Processing /home/user/Masaüstü/kafka/.env/lib/python3.8/site-packages/airflow/example_dags/example_task_group_decorator.py took 0.150 seconds
[2023-11-21T10:11:07.820+0300] {processor.py:156} INFO - Started process (PID=33327) to work on /home/user/Masaüstü/kafka/.env/lib/python3.8/site-packages/airflow/example_dags/example_task_group_decorator.py
[2023-11-21T10:11:07.824+0300] {processor.py:758} INFO - Processing file /home/user/Masaüstü/kafka/.env/lib/python3.8/site-packages/airflow/example_dags/example_task_group_decorator.py for tasks to queue
[2023-11-21T10:11:07.825+0300] {logging_mixin.py:117} INFO - [2023-11-21T10:11:07.825+0300] {dagbag.py:525} INFO - Filling up the DagBag from /home/user/Masaüstü/kafka/.env/lib/python3.8/site-packages/airflow/example_dags/example_task_group_decorator.py
[2023-11-21T10:11:07.867+0300] {processor.py:768} INFO - DAG(s) dict_keys(['example_task_group_decorator']) retrieved from /home/user/Masaüstü/kafka/.env/lib/python3.8/site-packages/airflow/example_dags/example_task_group_decorator.py
[2023-11-21T10:11:07.886+0300] {logging_mixin.py:117} INFO - [2023-11-21T10:11:07.886+0300] {dag.py:2573} INFO - Sync 1 DAGs
[2023-11-21T10:11:07.901+0300] {logging_mixin.py:117} INFO - [2023-11-21T10:11:07.901+0300] {dag.py:3324} INFO - Setting next_dagrun for example_task_group_decorator to 2023-11-20T07:11:07.901053+00:00, run_after=2023-11-21T07:11:07.901053+00:00
[2023-11-21T10:11:07.918+0300] {processor.py:178} INFO - Processing /home/user/Masaüstü/kafka/.env/lib/python3.8/site-packages/airflow/example_dags/example_task_group_decorator.py took 0.104 seconds
[2023-11-21T10:11:46.892+0300] {processor.py:156} INFO - Started process (PID=33599) to work on /home/user/Masaüstü/kafka/.env/lib/python3.8/site-packages/airflow/example_dags/example_task_group_decorator.py
[2023-11-21T10:11:46.895+0300] {processor.py:758} INFO - Processing file /home/user/Masaüstü/kafka/.env/lib/python3.8/site-packages/airflow/example_dags/example_task_group_decorator.py for tasks to queue
[2023-11-21T10:11:46.896+0300] {logging_mixin.py:117} INFO - [2023-11-21T10:11:46.895+0300] {dagbag.py:525} INFO - Filling up the DagBag from /home/user/Masaüstü/kafka/.env/lib/python3.8/site-packages/airflow/example_dags/example_task_group_decorator.py
[2023-11-21T10:11:46.936+0300] {processor.py:768} INFO - DAG(s) dict_keys(['example_task_group_decorator']) retrieved from /home/user/Masaüstü/kafka/.env/lib/python3.8/site-packages/airflow/example_dags/example_task_group_decorator.py
[2023-11-21T10:11:46.955+0300] {logging_mixin.py:117} INFO - [2023-11-21T10:11:46.955+0300] {dag.py:2573} INFO - Sync 1 DAGs
[2023-11-21T10:11:46.969+0300] {logging_mixin.py:117} INFO - [2023-11-21T10:11:46.969+0300] {dag.py:3324} INFO - Setting next_dagrun for example_task_group_decorator to 2023-11-20T07:11:46.968954+00:00, run_after=2023-11-21T07:11:46.968954+00:00
[2023-11-21T10:11:46.986+0300] {processor.py:178} INFO - Processing /home/user/Masaüstü/kafka/.env/lib/python3.8/site-packages/airflow/example_dags/example_task_group_decorator.py took 0.096 seconds
[2023-11-21T10:12:24.367+0300] {processor.py:156} INFO - Started process (PID=33824) to work on /home/user/Masaüstü/kafka/.env/lib/python3.8/site-packages/airflow/example_dags/example_task_group_decorator.py
[2023-11-21T10:12:24.371+0300] {processor.py:758} INFO - Processing file /home/user/Masaüstü/kafka/.env/lib/python3.8/site-packages/airflow/example_dags/example_task_group_decorator.py for tasks to queue
[2023-11-21T10:12:24.372+0300] {logging_mixin.py:117} INFO - [2023-11-21T10:12:24.372+0300] {dagbag.py:525} INFO - Filling up the DagBag from /home/user/Masaüstü/kafka/.env/lib/python3.8/site-packages/airflow/example_dags/example_task_group_decorator.py
[2023-11-21T10:12:24.417+0300] {processor.py:768} INFO - DAG(s) dict_keys(['example_task_group_decorator']) retrieved from /home/user/Masaüstü/kafka/.env/lib/python3.8/site-packages/airflow/example_dags/example_task_group_decorator.py
[2023-11-21T10:12:24.437+0300] {logging_mixin.py:117} INFO - [2023-11-21T10:12:24.436+0300] {dag.py:2573} INFO - Sync 1 DAGs
[2023-11-21T10:12:24.451+0300] {logging_mixin.py:117} INFO - [2023-11-21T10:12:24.451+0300] {dag.py:3324} INFO - Setting next_dagrun for example_task_group_decorator to 2023-11-20T07:12:24.451336+00:00, run_after=2023-11-21T07:12:24.451336+00:00
[2023-11-21T10:12:24.469+0300] {processor.py:178} INFO - Processing /home/user/Masaüstü/kafka/.env/lib/python3.8/site-packages/airflow/example_dags/example_task_group_decorator.py took 0.109 seconds
[2023-11-21T10:13:03.193+0300] {processor.py:156} INFO - Started process (PID=34060) to work on /home/user/Masaüstü/kafka/.env/lib/python3.8/site-packages/airflow/example_dags/example_task_group_decorator.py
[2023-11-21T10:13:03.194+0300] {processor.py:758} INFO - Processing file /home/user/Masaüstü/kafka/.env/lib/python3.8/site-packages/airflow/example_dags/example_task_group_decorator.py for tasks to queue
[2023-11-21T10:13:03.195+0300] {logging_mixin.py:117} INFO - [2023-11-21T10:13:03.195+0300] {dagbag.py:525} INFO - Filling up the DagBag from /home/user/Masaüstü/kafka/.env/lib/python3.8/site-packages/airflow/example_dags/example_task_group_decorator.py
[2023-11-21T10:13:03.227+0300] {processor.py:768} INFO - DAG(s) dict_keys(['example_task_group_decorator']) retrieved from /home/user/Masaüstü/kafka/.env/lib/python3.8/site-packages/airflow/example_dags/example_task_group_decorator.py
[2023-11-21T10:13:03.247+0300] {logging_mixin.py:117} INFO - [2023-11-21T10:13:03.246+0300] {dag.py:2573} INFO - Sync 1 DAGs
[2023-11-21T10:13:03.261+0300] {logging_mixin.py:117} INFO - [2023-11-21T10:13:03.261+0300] {dag.py:3324} INFO - Setting next_dagrun for example_task_group_decorator to 2023-11-20T07:13:03.261280+00:00, run_after=2023-11-21T07:13:03.261280+00:00
[2023-11-21T10:13:03.279+0300] {processor.py:178} INFO - Processing /home/user/Masaüstü/kafka/.env/lib/python3.8/site-packages/airflow/example_dags/example_task_group_decorator.py took 0.088 seconds
[2023-11-21T10:13:40.474+0300] {processor.py:156} INFO - Started process (PID=34426) to work on /home/user/Masaüstü/kafka/.env/lib/python3.8/site-packages/airflow/example_dags/example_task_group_decorator.py
[2023-11-21T10:13:40.477+0300] {processor.py:758} INFO - Processing file /home/user/Masaüstü/kafka/.env/lib/python3.8/site-packages/airflow/example_dags/example_task_group_decorator.py for tasks to queue
[2023-11-21T10:13:40.479+0300] {logging_mixin.py:117} INFO - [2023-11-21T10:13:40.478+0300] {dagbag.py:525} INFO - Filling up the DagBag from /home/user/Masaüstü/kafka/.env/lib/python3.8/site-packages/airflow/example_dags/example_task_group_decorator.py
[2023-11-21T10:13:40.522+0300] {processor.py:768} INFO - DAG(s) dict_keys(['example_task_group_decorator']) retrieved from /home/user/Masaüstü/kafka/.env/lib/python3.8/site-packages/airflow/example_dags/example_task_group_decorator.py
[2023-11-21T10:13:40.540+0300] {logging_mixin.py:117} INFO - [2023-11-21T10:13:40.540+0300] {dag.py:2573} INFO - Sync 1 DAGs
[2023-11-21T10:13:40.554+0300] {logging_mixin.py:117} INFO - [2023-11-21T10:13:40.554+0300] {dag.py:3324} INFO - Setting next_dagrun for example_task_group_decorator to 2023-11-20T07:13:40.554064+00:00, run_after=2023-11-21T07:13:40.554064+00:00
[2023-11-21T10:13:40.572+0300] {processor.py:178} INFO - Processing /home/user/Masaüstü/kafka/.env/lib/python3.8/site-packages/airflow/example_dags/example_task_group_decorator.py took 0.105 seconds
[2023-11-21T10:14:33.920+0300] {processor.py:156} INFO - Started process (PID=35181) to work on /home/user/Masaüstü/kafka/.env/lib/python3.8/site-packages/airflow/example_dags/example_task_group_decorator.py
[2023-11-21T10:14:33.921+0300] {processor.py:758} INFO - Processing file /home/user/Masaüstü/kafka/.env/lib/python3.8/site-packages/airflow/example_dags/example_task_group_decorator.py for tasks to queue
[2023-11-21T10:14:33.922+0300] {logging_mixin.py:117} INFO - [2023-11-21T10:14:33.922+0300] {dagbag.py:525} INFO - Filling up the DagBag from /home/user/Masaüstü/kafka/.env/lib/python3.8/site-packages/airflow/example_dags/example_task_group_decorator.py
[2023-11-21T10:14:33.967+0300] {processor.py:768} INFO - DAG(s) dict_keys(['example_task_group_decorator']) retrieved from /home/user/Masaüstü/kafka/.env/lib/python3.8/site-packages/airflow/example_dags/example_task_group_decorator.py
[2023-11-21T10:14:33.995+0300] {logging_mixin.py:117} INFO - [2023-11-21T10:14:33.995+0300] {dag.py:2573} INFO - Sync 1 DAGs
[2023-11-21T10:14:34.012+0300] {logging_mixin.py:117} INFO - [2023-11-21T10:14:34.012+0300] {dag.py:3324} INFO - Setting next_dagrun for example_task_group_decorator to 2023-11-20T07:14:34.012614+00:00, run_after=2023-11-21T07:14:34.012614+00:00
[2023-11-21T10:14:34.032+0300] {processor.py:178} INFO - Processing /home/user/Masaüstü/kafka/.env/lib/python3.8/site-packages/airflow/example_dags/example_task_group_decorator.py took 0.116 seconds
[2023-11-21T10:15:09.134+0300] {processor.py:156} INFO - Started process (PID=35516) to work on /home/user/Masaüstü/kafka/.env/lib/python3.8/site-packages/airflow/example_dags/example_task_group_decorator.py
[2023-11-21T10:15:09.137+0300] {processor.py:758} INFO - Processing file /home/user/Masaüstü/kafka/.env/lib/python3.8/site-packages/airflow/example_dags/example_task_group_decorator.py for tasks to queue
[2023-11-21T10:15:09.138+0300] {logging_mixin.py:117} INFO - [2023-11-21T10:15:09.138+0300] {dagbag.py:525} INFO - Filling up the DagBag from /home/user/Masaüstü/kafka/.env/lib/python3.8/site-packages/airflow/example_dags/example_task_group_decorator.py
[2023-11-21T10:15:09.180+0300] {processor.py:768} INFO - DAG(s) dict_keys(['example_task_group_decorator']) retrieved from /home/user/Masaüstü/kafka/.env/lib/python3.8/site-packages/airflow/example_dags/example_task_group_decorator.py
[2023-11-21T10:15:09.199+0300] {logging_mixin.py:117} INFO - [2023-11-21T10:15:09.198+0300] {dag.py:2573} INFO - Sync 1 DAGs
[2023-11-21T10:15:09.214+0300] {logging_mixin.py:117} INFO - [2023-11-21T10:15:09.213+0300] {dag.py:3324} INFO - Setting next_dagrun for example_task_group_decorator to 2023-11-20T07:15:09.213781+00:00, run_after=2023-11-21T07:15:09.213781+00:00
[2023-11-21T10:15:09.232+0300] {processor.py:178} INFO - Processing /home/user/Masaüstü/kafka/.env/lib/python3.8/site-packages/airflow/example_dags/example_task_group_decorator.py took 0.105 seconds
[2023-11-21T10:15:46.696+0300] {processor.py:156} INFO - Started process (PID=35769) to work on /home/user/Masaüstü/kafka/.env/lib/python3.8/site-packages/airflow/example_dags/example_task_group_decorator.py
[2023-11-21T10:15:46.699+0300] {processor.py:758} INFO - Processing file /home/user/Masaüstü/kafka/.env/lib/python3.8/site-packages/airflow/example_dags/example_task_group_decorator.py for tasks to queue
[2023-11-21T10:15:46.700+0300] {logging_mixin.py:117} INFO - [2023-11-21T10:15:46.700+0300] {dagbag.py:525} INFO - Filling up the DagBag from /home/user/Masaüstü/kafka/.env/lib/python3.8/site-packages/airflow/example_dags/example_task_group_decorator.py
[2023-11-21T10:15:46.742+0300] {processor.py:768} INFO - DAG(s) dict_keys(['example_task_group_decorator']) retrieved from /home/user/Masaüstü/kafka/.env/lib/python3.8/site-packages/airflow/example_dags/example_task_group_decorator.py
[2023-11-21T10:15:46.761+0300] {logging_mixin.py:117} INFO - [2023-11-21T10:15:46.761+0300] {dag.py:2573} INFO - Sync 1 DAGs
[2023-11-21T10:15:46.775+0300] {logging_mixin.py:117} INFO - [2023-11-21T10:15:46.775+0300] {dag.py:3324} INFO - Setting next_dagrun for example_task_group_decorator to 2023-11-20T07:15:46.775282+00:00, run_after=2023-11-21T07:15:46.775282+00:00
[2023-11-21T10:15:46.800+0300] {processor.py:178} INFO - Processing /home/user/Masaüstü/kafka/.env/lib/python3.8/site-packages/airflow/example_dags/example_task_group_decorator.py took 0.112 seconds
[2023-11-21T10:16:25.662+0300] {processor.py:156} INFO - Started process (PID=36006) to work on /home/user/Masaüstü/kafka/.env/lib/python3.8/site-packages/airflow/example_dags/example_task_group_decorator.py
[2023-11-21T10:16:25.663+0300] {processor.py:758} INFO - Processing file /home/user/Masaüstü/kafka/.env/lib/python3.8/site-packages/airflow/example_dags/example_task_group_decorator.py for tasks to queue
[2023-11-21T10:16:25.664+0300] {logging_mixin.py:117} INFO - [2023-11-21T10:16:25.664+0300] {dagbag.py:525} INFO - Filling up the DagBag from /home/user/Masaüstü/kafka/.env/lib/python3.8/site-packages/airflow/example_dags/example_task_group_decorator.py
[2023-11-21T10:16:25.687+0300] {processor.py:768} INFO - DAG(s) dict_keys(['example_task_group_decorator']) retrieved from /home/user/Masaüstü/kafka/.env/lib/python3.8/site-packages/airflow/example_dags/example_task_group_decorator.py
[2023-11-21T10:16:25.706+0300] {logging_mixin.py:117} INFO - [2023-11-21T10:16:25.706+0300] {dag.py:2573} INFO - Sync 1 DAGs
[2023-11-21T10:16:25.720+0300] {logging_mixin.py:117} INFO - [2023-11-21T10:16:25.719+0300] {dag.py:3324} INFO - Setting next_dagrun for example_task_group_decorator to 2023-11-20T07:16:25.719754+00:00, run_after=2023-11-21T07:16:25.719754+00:00
[2023-11-21T10:16:25.745+0300] {processor.py:178} INFO - Processing /home/user/Masaüstü/kafka/.env/lib/python3.8/site-packages/airflow/example_dags/example_task_group_decorator.py took 0.085 seconds
[2023-11-21T10:17:03.456+0300] {processor.py:156} INFO - Started process (PID=36260) to work on /home/user/Masaüstü/kafka/.env/lib/python3.8/site-packages/airflow/example_dags/example_task_group_decorator.py
[2023-11-21T10:17:03.458+0300] {processor.py:758} INFO - Processing file /home/user/Masaüstü/kafka/.env/lib/python3.8/site-packages/airflow/example_dags/example_task_group_decorator.py for tasks to queue
[2023-11-21T10:17:03.459+0300] {logging_mixin.py:117} INFO - [2023-11-21T10:17:03.459+0300] {dagbag.py:525} INFO - Filling up the DagBag from /home/user/Masaüstü/kafka/.env/lib/python3.8/site-packages/airflow/example_dags/example_task_group_decorator.py
[2023-11-21T10:17:03.496+0300] {processor.py:768} INFO - DAG(s) dict_keys(['example_task_group_decorator']) retrieved from /home/user/Masaüstü/kafka/.env/lib/python3.8/site-packages/airflow/example_dags/example_task_group_decorator.py
[2023-11-21T10:17:03.515+0300] {logging_mixin.py:117} INFO - [2023-11-21T10:17:03.515+0300] {dag.py:2573} INFO - Sync 1 DAGs
[2023-11-21T10:17:03.529+0300] {logging_mixin.py:117} INFO - [2023-11-21T10:17:03.529+0300] {dag.py:3324} INFO - Setting next_dagrun for example_task_group_decorator to 2023-11-20T07:17:03.529486+00:00, run_after=2023-11-21T07:17:03.529486+00:00
[2023-11-21T10:17:03.555+0300] {processor.py:178} INFO - Processing /home/user/Masaüstü/kafka/.env/lib/python3.8/site-packages/airflow/example_dags/example_task_group_decorator.py took 0.101 seconds
[2023-11-21T10:17:40.178+0300] {processor.py:156} INFO - Started process (PID=36532) to work on /home/user/Masaüstü/kafka/.env/lib/python3.8/site-packages/airflow/example_dags/example_task_group_decorator.py
[2023-11-21T10:17:40.180+0300] {processor.py:758} INFO - Processing file /home/user/Masaüstü/kafka/.env/lib/python3.8/site-packages/airflow/example_dags/example_task_group_decorator.py for tasks to queue
[2023-11-21T10:17:40.181+0300] {logging_mixin.py:117} INFO - [2023-11-21T10:17:40.181+0300] {dagbag.py:525} INFO - Filling up the DagBag from /home/user/Masaüstü/kafka/.env/lib/python3.8/site-packages/airflow/example_dags/example_task_group_decorator.py
[2023-11-21T10:17:40.218+0300] {processor.py:768} INFO - DAG(s) dict_keys(['example_task_group_decorator']) retrieved from /home/user/Masaüstü/kafka/.env/lib/python3.8/site-packages/airflow/example_dags/example_task_group_decorator.py
[2023-11-21T10:17:40.242+0300] {logging_mixin.py:117} INFO - [2023-11-21T10:17:40.241+0300] {dag.py:2573} INFO - Sync 1 DAGs
[2023-11-21T10:17:40.256+0300] {logging_mixin.py:117} INFO - [2023-11-21T10:17:40.256+0300] {dag.py:3324} INFO - Setting next_dagrun for example_task_group_decorator to 2023-11-20T07:17:40.256604+00:00, run_after=2023-11-21T07:17:40.256604+00:00
[2023-11-21T10:17:40.286+0300] {processor.py:178} INFO - Processing /home/user/Masaüstü/kafka/.env/lib/python3.8/site-packages/airflow/example_dags/example_task_group_decorator.py took 0.109 seconds
[2023-11-21T10:18:17.759+0300] {processor.py:156} INFO - Started process (PID=36792) to work on /home/user/Masaüstü/kafka/.env/lib/python3.8/site-packages/airflow/example_dags/example_task_group_decorator.py
[2023-11-21T10:18:17.761+0300] {processor.py:758} INFO - Processing file /home/user/Masaüstü/kafka/.env/lib/python3.8/site-packages/airflow/example_dags/example_task_group_decorator.py for tasks to queue
[2023-11-21T10:18:17.762+0300] {logging_mixin.py:117} INFO - [2023-11-21T10:18:17.761+0300] {dagbag.py:525} INFO - Filling up the DagBag from /home/user/Masaüstü/kafka/.env/lib/python3.8/site-packages/airflow/example_dags/example_task_group_decorator.py
[2023-11-21T10:18:17.786+0300] {processor.py:768} INFO - DAG(s) dict_keys(['example_task_group_decorator']) retrieved from /home/user/Masaüstü/kafka/.env/lib/python3.8/site-packages/airflow/example_dags/example_task_group_decorator.py
[2023-11-21T10:18:17.804+0300] {logging_mixin.py:117} INFO - [2023-11-21T10:18:17.804+0300] {dag.py:2573} INFO - Sync 1 DAGs
[2023-11-21T10:18:17.819+0300] {logging_mixin.py:117} INFO - [2023-11-21T10:18:17.819+0300] {dag.py:3324} INFO - Setting next_dagrun for example_task_group_decorator to 2023-11-20T07:18:17.819588+00:00, run_after=2023-11-21T07:18:17.819588+00:00
[2023-11-21T10:18:17.844+0300] {processor.py:178} INFO - Processing /home/user/Masaüstü/kafka/.env/lib/python3.8/site-packages/airflow/example_dags/example_task_group_decorator.py took 0.087 seconds
[2023-11-21T10:18:56.301+0300] {processor.py:156} INFO - Started process (PID=37042) to work on /home/user/Masaüstü/kafka/.env/lib/python3.8/site-packages/airflow/example_dags/example_task_group_decorator.py
[2023-11-21T10:18:56.303+0300] {processor.py:758} INFO - Processing file /home/user/Masaüstü/kafka/.env/lib/python3.8/site-packages/airflow/example_dags/example_task_group_decorator.py for tasks to queue
[2023-11-21T10:18:56.304+0300] {logging_mixin.py:117} INFO - [2023-11-21T10:18:56.304+0300] {dagbag.py:525} INFO - Filling up the DagBag from /home/user/Masaüstü/kafka/.env/lib/python3.8/site-packages/airflow/example_dags/example_task_group_decorator.py
[2023-11-21T10:18:56.334+0300] {processor.py:768} INFO - DAG(s) dict_keys(['example_task_group_decorator']) retrieved from /home/user/Masaüstü/kafka/.env/lib/python3.8/site-packages/airflow/example_dags/example_task_group_decorator.py
[2023-11-21T10:18:56.353+0300] {logging_mixin.py:117} INFO - [2023-11-21T10:18:56.352+0300] {dag.py:2573} INFO - Sync 1 DAGs
[2023-11-21T10:18:56.367+0300] {logging_mixin.py:117} INFO - [2023-11-21T10:18:56.367+0300] {dag.py:3324} INFO - Setting next_dagrun for example_task_group_decorator to 2023-11-20T07:18:56.367598+00:00, run_after=2023-11-21T07:18:56.367598+00:00
[2023-11-21T10:18:56.384+0300] {processor.py:178} INFO - Processing /home/user/Masaüstü/kafka/.env/lib/python3.8/site-packages/airflow/example_dags/example_task_group_decorator.py took 0.087 seconds
[2023-11-21T10:19:35.336+0300] {processor.py:156} INFO - Started process (PID=37292) to work on /home/user/Masaüstü/kafka/.env/lib/python3.8/site-packages/airflow/example_dags/example_task_group_decorator.py
[2023-11-21T10:19:35.340+0300] {processor.py:758} INFO - Processing file /home/user/Masaüstü/kafka/.env/lib/python3.8/site-packages/airflow/example_dags/example_task_group_decorator.py for tasks to queue
[2023-11-21T10:19:35.341+0300] {logging_mixin.py:117} INFO - [2023-11-21T10:19:35.341+0300] {dagbag.py:525} INFO - Filling up the DagBag from /home/user/Masaüstü/kafka/.env/lib/python3.8/site-packages/airflow/example_dags/example_task_group_decorator.py
[2023-11-21T10:19:35.383+0300] {processor.py:768} INFO - DAG(s) dict_keys(['example_task_group_decorator']) retrieved from /home/user/Masaüstü/kafka/.env/lib/python3.8/site-packages/airflow/example_dags/example_task_group_decorator.py
[2023-11-21T10:19:35.402+0300] {logging_mixin.py:117} INFO - [2023-11-21T10:19:35.402+0300] {dag.py:2573} INFO - Sync 1 DAGs
[2023-11-21T10:19:35.421+0300] {logging_mixin.py:117} INFO - [2023-11-21T10:19:35.421+0300] {dag.py:3324} INFO - Setting next_dagrun for example_task_group_decorator to 2023-11-20T07:19:35.420890+00:00, run_after=2023-11-21T07:19:35.420890+00:00
[2023-11-21T10:19:35.437+0300] {processor.py:178} INFO - Processing /home/user/Masaüstü/kafka/.env/lib/python3.8/site-packages/airflow/example_dags/example_task_group_decorator.py took 0.107 seconds
