[2023-11-21T09:51:42.787+0300] {processor.py:156} INFO - Started process (PID=23788) to work on /home/user/Masaüstü/kafka/.env/lib/python3.8/site-packages/airflow/example_dags/example_kubernetes_executor.py
[2023-11-21T09:51:42.788+0300] {processor.py:758} INFO - Processing file /home/user/Masaüstü/kafka/.env/lib/python3.8/site-packages/airflow/example_dags/example_kubernetes_executor.py for tasks to queue
[2023-11-21T09:51:42.789+0300] {logging_mixin.py:117} INFO - [2023-11-21T09:51:42.789+0300] {dagbag.py:525} INFO - Filling up the DagBag from /home/user/Masaüstü/kafka/.env/lib/python3.8/site-packages/airflow/example_dags/example_kubernetes_executor.py
[2023-11-21T09:51:42.805+0300] {logging_mixin.py:117} INFO - [2023-11-21T09:51:42.805+0300] {example_kubernetes_executor.py:41} WARNING - The example_kubernetes_executor example DAG requires the kubernetes provider. Please install it with: pip install apache-airflow[cncf.kubernetes]
[2023-11-21T09:51:42.806+0300] {processor.py:770} WARNING - No viable dags retrieved from /home/user/Masaüstü/kafka/.env/lib/python3.8/site-packages/airflow/example_dags/example_kubernetes_executor.py
[2023-11-21T09:51:42.812+0300] {processor.py:178} INFO - Processing /home/user/Masaüstü/kafka/.env/lib/python3.8/site-packages/airflow/example_dags/example_kubernetes_executor.py took 0.031 seconds
[2023-11-21T09:52:20.410+0300] {processor.py:156} INFO - Started process (PID=24114) to work on /home/user/Masaüstü/kafka/.env/lib/python3.8/site-packages/airflow/example_dags/example_kubernetes_executor.py
[2023-11-21T09:52:20.414+0300] {processor.py:758} INFO - Processing file /home/user/Masaüstü/kafka/.env/lib/python3.8/site-packages/airflow/example_dags/example_kubernetes_executor.py for tasks to queue
[2023-11-21T09:52:20.416+0300] {logging_mixin.py:117} INFO - [2023-11-21T09:52:20.415+0300] {dagbag.py:525} INFO - Filling up the DagBag from /home/user/Masaüstü/kafka/.env/lib/python3.8/site-packages/airflow/example_dags/example_kubernetes_executor.py
[2023-11-21T09:52:20.441+0300] {logging_mixin.py:117} INFO - [2023-11-21T09:52:20.441+0300] {example_kubernetes_executor.py:41} WARNING - The example_kubernetes_executor example DAG requires the kubernetes provider. Please install it with: pip install apache-airflow[cncf.kubernetes]
[2023-11-21T09:52:20.442+0300] {processor.py:770} WARNING - No viable dags retrieved from /home/user/Masaüstü/kafka/.env/lib/python3.8/site-packages/airflow/example_dags/example_kubernetes_executor.py
[2023-11-21T09:52:20.448+0300] {processor.py:178} INFO - Processing /home/user/Masaüstü/kafka/.env/lib/python3.8/site-packages/airflow/example_dags/example_kubernetes_executor.py took 0.045 seconds
[2023-11-21T09:52:57.843+0300] {processor.py:156} INFO - Started process (PID=24527) to work on /home/user/Masaüstü/kafka/.env/lib/python3.8/site-packages/airflow/example_dags/example_kubernetes_executor.py
[2023-11-21T09:52:57.844+0300] {processor.py:758} INFO - Processing file /home/user/Masaüstü/kafka/.env/lib/python3.8/site-packages/airflow/example_dags/example_kubernetes_executor.py for tasks to queue
[2023-11-21T09:52:57.845+0300] {logging_mixin.py:117} INFO - [2023-11-21T09:52:57.845+0300] {dagbag.py:525} INFO - Filling up the DagBag from /home/user/Masaüstü/kafka/.env/lib/python3.8/site-packages/airflow/example_dags/example_kubernetes_executor.py
[2023-11-21T09:52:57.869+0300] {logging_mixin.py:117} INFO - [2023-11-21T09:52:57.869+0300] {example_kubernetes_executor.py:41} WARNING - The example_kubernetes_executor example DAG requires the kubernetes provider. Please install it with: pip install apache-airflow[cncf.kubernetes]
[2023-11-21T09:52:57.870+0300] {processor.py:770} WARNING - No viable dags retrieved from /home/user/Masaüstü/kafka/.env/lib/python3.8/site-packages/airflow/example_dags/example_kubernetes_executor.py
[2023-11-21T09:52:57.881+0300] {processor.py:178} INFO - Processing /home/user/Masaüstü/kafka/.env/lib/python3.8/site-packages/airflow/example_dags/example_kubernetes_executor.py took 0.040 seconds
[2023-11-21T09:53:36.828+0300] {processor.py:156} INFO - Started process (PID=24783) to work on /home/user/Masaüstü/kafka/.env/lib/python3.8/site-packages/airflow/example_dags/example_kubernetes_executor.py
[2023-11-21T09:53:36.830+0300] {processor.py:758} INFO - Processing file /home/user/Masaüstü/kafka/.env/lib/python3.8/site-packages/airflow/example_dags/example_kubernetes_executor.py for tasks to queue
[2023-11-21T09:53:36.830+0300] {logging_mixin.py:117} INFO - [2023-11-21T09:53:36.830+0300] {dagbag.py:525} INFO - Filling up the DagBag from /home/user/Masaüstü/kafka/.env/lib/python3.8/site-packages/airflow/example_dags/example_kubernetes_executor.py
[2023-11-21T09:53:36.843+0300] {logging_mixin.py:117} INFO - [2023-11-21T09:53:36.843+0300] {example_kubernetes_executor.py:41} WARNING - The example_kubernetes_executor example DAG requires the kubernetes provider. Please install it with: pip install apache-airflow[cncf.kubernetes]
[2023-11-21T09:53:36.844+0300] {processor.py:770} WARNING - No viable dags retrieved from /home/user/Masaüstü/kafka/.env/lib/python3.8/site-packages/airflow/example_dags/example_kubernetes_executor.py
[2023-11-21T09:53:36.858+0300] {processor.py:178} INFO - Processing /home/user/Masaüstü/kafka/.env/lib/python3.8/site-packages/airflow/example_dags/example_kubernetes_executor.py took 0.032 seconds
[2023-11-21T09:54:12.352+0300] {processor.py:156} INFO - Started process (PID=25007) to work on /home/user/Masaüstü/kafka/.env/lib/python3.8/site-packages/airflow/example_dags/example_kubernetes_executor.py
[2023-11-21T09:54:12.354+0300] {processor.py:758} INFO - Processing file /home/user/Masaüstü/kafka/.env/lib/python3.8/site-packages/airflow/example_dags/example_kubernetes_executor.py for tasks to queue
[2023-11-21T09:54:12.354+0300] {logging_mixin.py:117} INFO - [2023-11-21T09:54:12.354+0300] {dagbag.py:525} INFO - Filling up the DagBag from /home/user/Masaüstü/kafka/.env/lib/python3.8/site-packages/airflow/example_dags/example_kubernetes_executor.py
[2023-11-21T09:54:12.365+0300] {logging_mixin.py:117} INFO - [2023-11-21T09:54:12.365+0300] {example_kubernetes_executor.py:41} WARNING - The example_kubernetes_executor example DAG requires the kubernetes provider. Please install it with: pip install apache-airflow[cncf.kubernetes]
[2023-11-21T09:54:12.365+0300] {processor.py:770} WARNING - No viable dags retrieved from /home/user/Masaüstü/kafka/.env/lib/python3.8/site-packages/airflow/example_dags/example_kubernetes_executor.py
[2023-11-21T09:54:12.371+0300] {processor.py:178} INFO - Processing /home/user/Masaüstü/kafka/.env/lib/python3.8/site-packages/airflow/example_dags/example_kubernetes_executor.py took 0.021 seconds
[2023-11-21T09:54:49.163+0300] {processor.py:156} INFO - Started process (PID=25230) to work on /home/user/Masaüstü/kafka/.env/lib/python3.8/site-packages/airflow/example_dags/example_kubernetes_executor.py
[2023-11-21T09:54:49.166+0300] {processor.py:758} INFO - Processing file /home/user/Masaüstü/kafka/.env/lib/python3.8/site-packages/airflow/example_dags/example_kubernetes_executor.py for tasks to queue
[2023-11-21T09:54:49.168+0300] {logging_mixin.py:117} INFO - [2023-11-21T09:54:49.167+0300] {dagbag.py:525} INFO - Filling up the DagBag from /home/user/Masaüstü/kafka/.env/lib/python3.8/site-packages/airflow/example_dags/example_kubernetes_executor.py
[2023-11-21T09:54:49.188+0300] {logging_mixin.py:117} INFO - [2023-11-21T09:54:49.187+0300] {example_kubernetes_executor.py:41} WARNING - The example_kubernetes_executor example DAG requires the kubernetes provider. Please install it with: pip install apache-airflow[cncf.kubernetes]
[2023-11-21T09:54:49.188+0300] {processor.py:770} WARNING - No viable dags retrieved from /home/user/Masaüstü/kafka/.env/lib/python3.8/site-packages/airflow/example_dags/example_kubernetes_executor.py
[2023-11-21T09:54:49.195+0300] {processor.py:178} INFO - Processing /home/user/Masaüstü/kafka/.env/lib/python3.8/site-packages/airflow/example_dags/example_kubernetes_executor.py took 0.034 seconds
[2023-11-21T09:55:26.497+0300] {processor.py:156} INFO - Started process (PID=25529) to work on /home/user/Masaüstü/kafka/.env/lib/python3.8/site-packages/airflow/example_dags/example_kubernetes_executor.py
[2023-11-21T09:55:26.498+0300] {processor.py:758} INFO - Processing file /home/user/Masaüstü/kafka/.env/lib/python3.8/site-packages/airflow/example_dags/example_kubernetes_executor.py for tasks to queue
[2023-11-21T09:55:26.498+0300] {logging_mixin.py:117} INFO - [2023-11-21T09:55:26.498+0300] {dagbag.py:525} INFO - Filling up the DagBag from /home/user/Masaüstü/kafka/.env/lib/python3.8/site-packages/airflow/example_dags/example_kubernetes_executor.py
[2023-11-21T09:55:26.509+0300] {logging_mixin.py:117} INFO - [2023-11-21T09:55:26.509+0300] {example_kubernetes_executor.py:41} WARNING - The example_kubernetes_executor example DAG requires the kubernetes provider. Please install it with: pip install apache-airflow[cncf.kubernetes]
[2023-11-21T09:55:26.509+0300] {processor.py:770} WARNING - No viable dags retrieved from /home/user/Masaüstü/kafka/.env/lib/python3.8/site-packages/airflow/example_dags/example_kubernetes_executor.py
[2023-11-21T09:55:26.515+0300] {processor.py:178} INFO - Processing /home/user/Masaüstü/kafka/.env/lib/python3.8/site-packages/airflow/example_dags/example_kubernetes_executor.py took 0.020 seconds
[2023-11-21T09:56:03.113+0300] {processor.py:156} INFO - Started process (PID=25771) to work on /home/user/Masaüstü/kafka/.env/lib/python3.8/site-packages/airflow/example_dags/example_kubernetes_executor.py
[2023-11-21T09:56:03.115+0300] {processor.py:758} INFO - Processing file /home/user/Masaüstü/kafka/.env/lib/python3.8/site-packages/airflow/example_dags/example_kubernetes_executor.py for tasks to queue
[2023-11-21T09:56:03.116+0300] {logging_mixin.py:117} INFO - [2023-11-21T09:56:03.116+0300] {dagbag.py:525} INFO - Filling up the DagBag from /home/user/Masaüstü/kafka/.env/lib/python3.8/site-packages/airflow/example_dags/example_kubernetes_executor.py
[2023-11-21T09:56:03.136+0300] {logging_mixin.py:117} INFO - [2023-11-21T09:56:03.136+0300] {example_kubernetes_executor.py:41} WARNING - The example_kubernetes_executor example DAG requires the kubernetes provider. Please install it with: pip install apache-airflow[cncf.kubernetes]
[2023-11-21T09:56:03.137+0300] {processor.py:770} WARNING - No viable dags retrieved from /home/user/Masaüstü/kafka/.env/lib/python3.8/site-packages/airflow/example_dags/example_kubernetes_executor.py
[2023-11-21T09:56:03.146+0300] {processor.py:178} INFO - Processing /home/user/Masaüstü/kafka/.env/lib/python3.8/site-packages/airflow/example_dags/example_kubernetes_executor.py took 0.037 seconds
[2023-11-21T09:56:39.144+0300] {processor.py:156} INFO - Started process (PID=26033) to work on /home/user/Masaüstü/kafka/.env/lib/python3.8/site-packages/airflow/example_dags/example_kubernetes_executor.py
[2023-11-21T09:56:39.148+0300] {processor.py:758} INFO - Processing file /home/user/Masaüstü/kafka/.env/lib/python3.8/site-packages/airflow/example_dags/example_kubernetes_executor.py for tasks to queue
[2023-11-21T09:56:39.150+0300] {logging_mixin.py:117} INFO - [2023-11-21T09:56:39.149+0300] {dagbag.py:525} INFO - Filling up the DagBag from /home/user/Masaüstü/kafka/.env/lib/python3.8/site-packages/airflow/example_dags/example_kubernetes_executor.py
[2023-11-21T09:56:39.175+0300] {logging_mixin.py:117} INFO - [2023-11-21T09:56:39.175+0300] {example_kubernetes_executor.py:41} WARNING - The example_kubernetes_executor example DAG requires the kubernetes provider. Please install it with: pip install apache-airflow[cncf.kubernetes]
[2023-11-21T09:56:39.176+0300] {processor.py:770} WARNING - No viable dags retrieved from /home/user/Masaüstü/kafka/.env/lib/python3.8/site-packages/airflow/example_dags/example_kubernetes_executor.py
[2023-11-21T09:56:39.185+0300] {processor.py:178} INFO - Processing /home/user/Masaüstü/kafka/.env/lib/python3.8/site-packages/airflow/example_dags/example_kubernetes_executor.py took 0.048 seconds
[2023-11-21T09:57:18.637+0300] {processor.py:156} INFO - Started process (PID=26273) to work on /home/user/Masaüstü/kafka/.env/lib/python3.8/site-packages/airflow/example_dags/example_kubernetes_executor.py
[2023-11-21T09:57:18.640+0300] {processor.py:758} INFO - Processing file /home/user/Masaüstü/kafka/.env/lib/python3.8/site-packages/airflow/example_dags/example_kubernetes_executor.py for tasks to queue
[2023-11-21T09:57:18.642+0300] {logging_mixin.py:117} INFO - [2023-11-21T09:57:18.642+0300] {dagbag.py:525} INFO - Filling up the DagBag from /home/user/Masaüstü/kafka/.env/lib/python3.8/site-packages/airflow/example_dags/example_kubernetes_executor.py
[2023-11-21T09:57:18.665+0300] {logging_mixin.py:117} INFO - [2023-11-21T09:57:18.665+0300] {example_kubernetes_executor.py:41} WARNING - The example_kubernetes_executor example DAG requires the kubernetes provider. Please install it with: pip install apache-airflow[cncf.kubernetes]
[2023-11-21T09:57:18.665+0300] {processor.py:770} WARNING - No viable dags retrieved from /home/user/Masaüstü/kafka/.env/lib/python3.8/site-packages/airflow/example_dags/example_kubernetes_executor.py
[2023-11-21T09:57:18.672+0300] {processor.py:178} INFO - Processing /home/user/Masaüstü/kafka/.env/lib/python3.8/site-packages/airflow/example_dags/example_kubernetes_executor.py took 0.043 seconds
[2023-11-21T09:57:54.612+0300] {processor.py:156} INFO - Started process (PID=26507) to work on /home/user/Masaüstü/kafka/.env/lib/python3.8/site-packages/airflow/example_dags/example_kubernetes_executor.py
[2023-11-21T09:57:54.615+0300] {processor.py:758} INFO - Processing file /home/user/Masaüstü/kafka/.env/lib/python3.8/site-packages/airflow/example_dags/example_kubernetes_executor.py for tasks to queue
[2023-11-21T09:57:54.616+0300] {logging_mixin.py:117} INFO - [2023-11-21T09:57:54.616+0300] {dagbag.py:525} INFO - Filling up the DagBag from /home/user/Masaüstü/kafka/.env/lib/python3.8/site-packages/airflow/example_dags/example_kubernetes_executor.py
[2023-11-21T09:57:54.633+0300] {logging_mixin.py:117} INFO - [2023-11-21T09:57:54.633+0300] {example_kubernetes_executor.py:41} WARNING - The example_kubernetes_executor example DAG requires the kubernetes provider. Please install it with: pip install apache-airflow[cncf.kubernetes]
[2023-11-21T09:57:54.633+0300] {processor.py:770} WARNING - No viable dags retrieved from /home/user/Masaüstü/kafka/.env/lib/python3.8/site-packages/airflow/example_dags/example_kubernetes_executor.py
[2023-11-21T09:57:54.640+0300] {processor.py:178} INFO - Processing /home/user/Masaüstü/kafka/.env/lib/python3.8/site-packages/airflow/example_dags/example_kubernetes_executor.py took 0.034 seconds
[2023-11-21T09:58:31.323+0300] {processor.py:156} INFO - Started process (PID=27059) to work on /home/user/Masaüstü/kafka/.env/lib/python3.8/site-packages/airflow/example_dags/example_kubernetes_executor.py
[2023-11-21T09:58:31.324+0300] {processor.py:758} INFO - Processing file /home/user/Masaüstü/kafka/.env/lib/python3.8/site-packages/airflow/example_dags/example_kubernetes_executor.py for tasks to queue
[2023-11-21T09:58:31.324+0300] {logging_mixin.py:117} INFO - [2023-11-21T09:58:31.324+0300] {dagbag.py:525} INFO - Filling up the DagBag from /home/user/Masaüstü/kafka/.env/lib/python3.8/site-packages/airflow/example_dags/example_kubernetes_executor.py
[2023-11-21T09:58:31.350+0300] {logging_mixin.py:117} INFO - [2023-11-21T09:58:31.350+0300] {example_kubernetes_executor.py:41} WARNING - The example_kubernetes_executor example DAG requires the kubernetes provider. Please install it with: pip install apache-airflow[cncf.kubernetes]
[2023-11-21T09:58:31.350+0300] {processor.py:770} WARNING - No viable dags retrieved from /home/user/Masaüstü/kafka/.env/lib/python3.8/site-packages/airflow/example_dags/example_kubernetes_executor.py
[2023-11-21T09:58:31.366+0300] {processor.py:178} INFO - Processing /home/user/Masaüstü/kafka/.env/lib/python3.8/site-packages/airflow/example_dags/example_kubernetes_executor.py took 0.046 seconds
[2023-11-21T09:59:09.615+0300] {processor.py:156} INFO - Started process (PID=27354) to work on /home/user/Masaüstü/kafka/.env/lib/python3.8/site-packages/airflow/example_dags/example_kubernetes_executor.py
[2023-11-21T09:59:09.617+0300] {processor.py:758} INFO - Processing file /home/user/Masaüstü/kafka/.env/lib/python3.8/site-packages/airflow/example_dags/example_kubernetes_executor.py for tasks to queue
[2023-11-21T09:59:09.618+0300] {logging_mixin.py:117} INFO - [2023-11-21T09:59:09.618+0300] {dagbag.py:525} INFO - Filling up the DagBag from /home/user/Masaüstü/kafka/.env/lib/python3.8/site-packages/airflow/example_dags/example_kubernetes_executor.py
[2023-11-21T09:59:09.633+0300] {logging_mixin.py:117} INFO - [2023-11-21T09:59:09.632+0300] {example_kubernetes_executor.py:41} WARNING - The example_kubernetes_executor example DAG requires the kubernetes provider. Please install it with: pip install apache-airflow[cncf.kubernetes]
[2023-11-21T09:59:09.633+0300] {processor.py:770} WARNING - No viable dags retrieved from /home/user/Masaüstü/kafka/.env/lib/python3.8/site-packages/airflow/example_dags/example_kubernetes_executor.py
[2023-11-21T09:59:09.641+0300] {processor.py:178} INFO - Processing /home/user/Masaüstü/kafka/.env/lib/python3.8/site-packages/airflow/example_dags/example_kubernetes_executor.py took 0.028 seconds
[2023-11-21T09:59:44.667+0300] {processor.py:156} INFO - Started process (PID=27577) to work on /home/user/Masaüstü/kafka/.env/lib/python3.8/site-packages/airflow/example_dags/example_kubernetes_executor.py
[2023-11-21T09:59:44.669+0300] {processor.py:758} INFO - Processing file /home/user/Masaüstü/kafka/.env/lib/python3.8/site-packages/airflow/example_dags/example_kubernetes_executor.py for tasks to queue
[2023-11-21T09:59:44.670+0300] {logging_mixin.py:117} INFO - [2023-11-21T09:59:44.670+0300] {dagbag.py:525} INFO - Filling up the DagBag from /home/user/Masaüstü/kafka/.env/lib/python3.8/site-packages/airflow/example_dags/example_kubernetes_executor.py
[2023-11-21T09:59:44.687+0300] {logging_mixin.py:117} INFO - [2023-11-21T09:59:44.687+0300] {example_kubernetes_executor.py:41} WARNING - The example_kubernetes_executor example DAG requires the kubernetes provider. Please install it with: pip install apache-airflow[cncf.kubernetes]
[2023-11-21T09:59:44.687+0300] {processor.py:770} WARNING - No viable dags retrieved from /home/user/Masaüstü/kafka/.env/lib/python3.8/site-packages/airflow/example_dags/example_kubernetes_executor.py
[2023-11-21T09:59:44.697+0300] {processor.py:178} INFO - Processing /home/user/Masaüstü/kafka/.env/lib/python3.8/site-packages/airflow/example_dags/example_kubernetes_executor.py took 0.032 seconds
[2023-11-21T10:00:19.802+0300] {processor.py:156} INFO - Started process (PID=27794) to work on /home/user/Masaüstü/kafka/.env/lib/python3.8/site-packages/airflow/example_dags/example_kubernetes_executor.py
[2023-11-21T10:00:19.804+0300] {processor.py:758} INFO - Processing file /home/user/Masaüstü/kafka/.env/lib/python3.8/site-packages/airflow/example_dags/example_kubernetes_executor.py for tasks to queue
[2023-11-21T10:00:19.804+0300] {logging_mixin.py:117} INFO - [2023-11-21T10:00:19.804+0300] {dagbag.py:525} INFO - Filling up the DagBag from /home/user/Masaüstü/kafka/.env/lib/python3.8/site-packages/airflow/example_dags/example_kubernetes_executor.py
[2023-11-21T10:00:19.814+0300] {logging_mixin.py:117} INFO - [2023-11-21T10:00:19.814+0300] {example_kubernetes_executor.py:41} WARNING - The example_kubernetes_executor example DAG requires the kubernetes provider. Please install it with: pip install apache-airflow[cncf.kubernetes]
[2023-11-21T10:00:19.815+0300] {processor.py:770} WARNING - No viable dags retrieved from /home/user/Masaüstü/kafka/.env/lib/python3.8/site-packages/airflow/example_dags/example_kubernetes_executor.py
[2023-11-21T10:00:19.820+0300] {processor.py:178} INFO - Processing /home/user/Masaüstü/kafka/.env/lib/python3.8/site-packages/airflow/example_dags/example_kubernetes_executor.py took 0.020 seconds
[2023-11-21T10:00:56.039+0300] {processor.py:156} INFO - Started process (PID=28014) to work on /home/user/Masaüstü/kafka/.env/lib/python3.8/site-packages/airflow/example_dags/example_kubernetes_executor.py
[2023-11-21T10:00:56.043+0300] {processor.py:758} INFO - Processing file /home/user/Masaüstü/kafka/.env/lib/python3.8/site-packages/airflow/example_dags/example_kubernetes_executor.py for tasks to queue
[2023-11-21T10:00:56.044+0300] {logging_mixin.py:117} INFO - [2023-11-21T10:00:56.044+0300] {dagbag.py:525} INFO - Filling up the DagBag from /home/user/Masaüstü/kafka/.env/lib/python3.8/site-packages/airflow/example_dags/example_kubernetes_executor.py
[2023-11-21T10:00:56.072+0300] {logging_mixin.py:117} INFO - [2023-11-21T10:00:56.072+0300] {example_kubernetes_executor.py:41} WARNING - The example_kubernetes_executor example DAG requires the kubernetes provider. Please install it with: pip install apache-airflow[cncf.kubernetes]
[2023-11-21T10:00:56.072+0300] {processor.py:770} WARNING - No viable dags retrieved from /home/user/Masaüstü/kafka/.env/lib/python3.8/site-packages/airflow/example_dags/example_kubernetes_executor.py
[2023-11-21T10:00:56.081+0300] {processor.py:178} INFO - Processing /home/user/Masaüstü/kafka/.env/lib/python3.8/site-packages/airflow/example_dags/example_kubernetes_executor.py took 0.048 seconds
[2023-11-21T10:01:31.089+0300] {processor.py:156} INFO - Started process (PID=28285) to work on /home/user/Masaüstü/kafka/.env/lib/python3.8/site-packages/airflow/example_dags/example_kubernetes_executor.py
[2023-11-21T10:01:31.091+0300] {processor.py:758} INFO - Processing file /home/user/Masaüstü/kafka/.env/lib/python3.8/site-packages/airflow/example_dags/example_kubernetes_executor.py for tasks to queue
[2023-11-21T10:01:31.092+0300] {logging_mixin.py:117} INFO - [2023-11-21T10:01:31.092+0300] {dagbag.py:525} INFO - Filling up the DagBag from /home/user/Masaüstü/kafka/.env/lib/python3.8/site-packages/airflow/example_dags/example_kubernetes_executor.py
[2023-11-21T10:01:31.107+0300] {logging_mixin.py:117} INFO - [2023-11-21T10:01:31.107+0300] {example_kubernetes_executor.py:41} WARNING - The example_kubernetes_executor example DAG requires the kubernetes provider. Please install it with: pip install apache-airflow[cncf.kubernetes]
[2023-11-21T10:01:31.107+0300] {processor.py:770} WARNING - No viable dags retrieved from /home/user/Masaüstü/kafka/.env/lib/python3.8/site-packages/airflow/example_dags/example_kubernetes_executor.py
[2023-11-21T10:01:31.113+0300] {processor.py:178} INFO - Processing /home/user/Masaüstü/kafka/.env/lib/python3.8/site-packages/airflow/example_dags/example_kubernetes_executor.py took 0.027 seconds
[2023-11-21T10:02:07.376+0300] {processor.py:156} INFO - Started process (PID=28520) to work on /home/user/Masaüstü/kafka/.env/lib/python3.8/site-packages/airflow/example_dags/example_kubernetes_executor.py
[2023-11-21T10:02:07.378+0300] {processor.py:758} INFO - Processing file /home/user/Masaüstü/kafka/.env/lib/python3.8/site-packages/airflow/example_dags/example_kubernetes_executor.py for tasks to queue
[2023-11-21T10:02:07.378+0300] {logging_mixin.py:117} INFO - [2023-11-21T10:02:07.378+0300] {dagbag.py:525} INFO - Filling up the DagBag from /home/user/Masaüstü/kafka/.env/lib/python3.8/site-packages/airflow/example_dags/example_kubernetes_executor.py
[2023-11-21T10:02:07.390+0300] {logging_mixin.py:117} INFO - [2023-11-21T10:02:07.390+0300] {example_kubernetes_executor.py:41} WARNING - The example_kubernetes_executor example DAG requires the kubernetes provider. Please install it with: pip install apache-airflow[cncf.kubernetes]
[2023-11-21T10:02:07.390+0300] {processor.py:770} WARNING - No viable dags retrieved from /home/user/Masaüstü/kafka/.env/lib/python3.8/site-packages/airflow/example_dags/example_kubernetes_executor.py
[2023-11-21T10:02:07.396+0300] {processor.py:178} INFO - Processing /home/user/Masaüstü/kafka/.env/lib/python3.8/site-packages/airflow/example_dags/example_kubernetes_executor.py took 0.023 seconds
[2023-11-21T10:02:43.508+0300] {processor.py:156} INFO - Started process (PID=28734) to work on /home/user/Masaüstü/kafka/.env/lib/python3.8/site-packages/airflow/example_dags/example_kubernetes_executor.py
[2023-11-21T10:02:43.510+0300] {processor.py:758} INFO - Processing file /home/user/Masaüstü/kafka/.env/lib/python3.8/site-packages/airflow/example_dags/example_kubernetes_executor.py for tasks to queue
[2023-11-21T10:02:43.511+0300] {logging_mixin.py:117} INFO - [2023-11-21T10:02:43.511+0300] {dagbag.py:525} INFO - Filling up the DagBag from /home/user/Masaüstü/kafka/.env/lib/python3.8/site-packages/airflow/example_dags/example_kubernetes_executor.py
[2023-11-21T10:02:43.524+0300] {logging_mixin.py:117} INFO - [2023-11-21T10:02:43.524+0300] {example_kubernetes_executor.py:41} WARNING - The example_kubernetes_executor example DAG requires the kubernetes provider. Please install it with: pip install apache-airflow[cncf.kubernetes]
[2023-11-21T10:02:43.524+0300] {processor.py:770} WARNING - No viable dags retrieved from /home/user/Masaüstü/kafka/.env/lib/python3.8/site-packages/airflow/example_dags/example_kubernetes_executor.py
[2023-11-21T10:02:43.531+0300] {processor.py:178} INFO - Processing /home/user/Masaüstü/kafka/.env/lib/python3.8/site-packages/airflow/example_dags/example_kubernetes_executor.py took 0.025 seconds
[2023-11-21T10:05:12.669+0300] {processor.py:156} INFO - Started process (PID=30091) to work on /home/user/Masaüstü/kafka/.env/lib/python3.8/site-packages/airflow/example_dags/example_kubernetes_executor.py
[2023-11-21T10:05:12.671+0300] {processor.py:758} INFO - Processing file /home/user/Masaüstü/kafka/.env/lib/python3.8/site-packages/airflow/example_dags/example_kubernetes_executor.py for tasks to queue
[2023-11-21T10:05:12.672+0300] {logging_mixin.py:117} INFO - [2023-11-21T10:05:12.672+0300] {dagbag.py:525} INFO - Filling up the DagBag from /home/user/Masaüstü/kafka/.env/lib/python3.8/site-packages/airflow/example_dags/example_kubernetes_executor.py
[2023-11-21T10:05:12.683+0300] {logging_mixin.py:117} INFO - [2023-11-21T10:05:12.683+0300] {example_kubernetes_executor.py:41} WARNING - The example_kubernetes_executor example DAG requires the kubernetes provider. Please install it with: pip install apache-airflow[cncf.kubernetes]
[2023-11-21T10:05:12.684+0300] {processor.py:770} WARNING - No viable dags retrieved from /home/user/Masaüstü/kafka/.env/lib/python3.8/site-packages/airflow/example_dags/example_kubernetes_executor.py
[2023-11-21T10:05:12.690+0300] {processor.py:178} INFO - Processing /home/user/Masaüstü/kafka/.env/lib/python3.8/site-packages/airflow/example_dags/example_kubernetes_executor.py took 0.023 seconds
[2023-11-21T10:05:52.582+0300] {processor.py:156} INFO - Started process (PID=30467) to work on /home/user/Masaüstü/kafka/.env/lib/python3.8/site-packages/airflow/example_dags/example_kubernetes_executor.py
[2023-11-21T10:05:52.585+0300] {processor.py:758} INFO - Processing file /home/user/Masaüstü/kafka/.env/lib/python3.8/site-packages/airflow/example_dags/example_kubernetes_executor.py for tasks to queue
[2023-11-21T10:05:52.586+0300] {logging_mixin.py:117} INFO - [2023-11-21T10:05:52.586+0300] {dagbag.py:525} INFO - Filling up the DagBag from /home/user/Masaüstü/kafka/.env/lib/python3.8/site-packages/airflow/example_dags/example_kubernetes_executor.py
[2023-11-21T10:05:52.613+0300] {logging_mixin.py:117} INFO - [2023-11-21T10:05:52.613+0300] {example_kubernetes_executor.py:41} WARNING - The example_kubernetes_executor example DAG requires the kubernetes provider. Please install it with: pip install apache-airflow[cncf.kubernetes]
[2023-11-21T10:05:52.613+0300] {processor.py:770} WARNING - No viable dags retrieved from /home/user/Masaüstü/kafka/.env/lib/python3.8/site-packages/airflow/example_dags/example_kubernetes_executor.py
[2023-11-21T10:05:52.620+0300] {processor.py:178} INFO - Processing /home/user/Masaüstü/kafka/.env/lib/python3.8/site-packages/airflow/example_dags/example_kubernetes_executor.py took 0.042 seconds
[2023-11-21T10:06:29.769+0300] {processor.py:156} INFO - Started process (PID=30695) to work on /home/user/Masaüstü/kafka/.env/lib/python3.8/site-packages/airflow/example_dags/example_kubernetes_executor.py
[2023-11-21T10:06:29.771+0300] {processor.py:758} INFO - Processing file /home/user/Masaüstü/kafka/.env/lib/python3.8/site-packages/airflow/example_dags/example_kubernetes_executor.py for tasks to queue
[2023-11-21T10:06:29.772+0300] {logging_mixin.py:117} INFO - [2023-11-21T10:06:29.771+0300] {dagbag.py:525} INFO - Filling up the DagBag from /home/user/Masaüstü/kafka/.env/lib/python3.8/site-packages/airflow/example_dags/example_kubernetes_executor.py
[2023-11-21T10:06:29.782+0300] {logging_mixin.py:117} INFO - [2023-11-21T10:06:29.781+0300] {example_kubernetes_executor.py:41} WARNING - The example_kubernetes_executor example DAG requires the kubernetes provider. Please install it with: pip install apache-airflow[cncf.kubernetes]
[2023-11-21T10:06:29.782+0300] {processor.py:770} WARNING - No viable dags retrieved from /home/user/Masaüstü/kafka/.env/lib/python3.8/site-packages/airflow/example_dags/example_kubernetes_executor.py
[2023-11-21T10:06:29.787+0300] {processor.py:178} INFO - Processing /home/user/Masaüstü/kafka/.env/lib/python3.8/site-packages/airflow/example_dags/example_kubernetes_executor.py took 0.020 seconds
[2023-11-21T10:07:06.812+0300] {processor.py:156} INFO - Started process (PID=30956) to work on /home/user/Masaüstü/kafka/.env/lib/python3.8/site-packages/airflow/example_dags/example_kubernetes_executor.py
[2023-11-21T10:07:06.814+0300] {processor.py:758} INFO - Processing file /home/user/Masaüstü/kafka/.env/lib/python3.8/site-packages/airflow/example_dags/example_kubernetes_executor.py for tasks to queue
[2023-11-21T10:07:06.814+0300] {logging_mixin.py:117} INFO - [2023-11-21T10:07:06.814+0300] {dagbag.py:525} INFO - Filling up the DagBag from /home/user/Masaüstü/kafka/.env/lib/python3.8/site-packages/airflow/example_dags/example_kubernetes_executor.py
[2023-11-21T10:07:06.825+0300] {logging_mixin.py:117} INFO - [2023-11-21T10:07:06.825+0300] {example_kubernetes_executor.py:41} WARNING - The example_kubernetes_executor example DAG requires the kubernetes provider. Please install it with: pip install apache-airflow[cncf.kubernetes]
[2023-11-21T10:07:06.825+0300] {processor.py:770} WARNING - No viable dags retrieved from /home/user/Masaüstü/kafka/.env/lib/python3.8/site-packages/airflow/example_dags/example_kubernetes_executor.py
[2023-11-21T10:07:06.831+0300] {processor.py:178} INFO - Processing /home/user/Masaüstü/kafka/.env/lib/python3.8/site-packages/airflow/example_dags/example_kubernetes_executor.py took 0.022 seconds
[2023-11-21T10:07:45.500+0300] {processor.py:156} INFO - Started process (PID=31190) to work on /home/user/Masaüstü/kafka/.env/lib/python3.8/site-packages/airflow/example_dags/example_kubernetes_executor.py
[2023-11-21T10:07:45.501+0300] {processor.py:758} INFO - Processing file /home/user/Masaüstü/kafka/.env/lib/python3.8/site-packages/airflow/example_dags/example_kubernetes_executor.py for tasks to queue
[2023-11-21T10:07:45.502+0300] {logging_mixin.py:117} INFO - [2023-11-21T10:07:45.502+0300] {dagbag.py:525} INFO - Filling up the DagBag from /home/user/Masaüstü/kafka/.env/lib/python3.8/site-packages/airflow/example_dags/example_kubernetes_executor.py
[2023-11-21T10:07:45.512+0300] {logging_mixin.py:117} INFO - [2023-11-21T10:07:45.512+0300] {example_kubernetes_executor.py:41} WARNING - The example_kubernetes_executor example DAG requires the kubernetes provider. Please install it with: pip install apache-airflow[cncf.kubernetes]
[2023-11-21T10:07:45.512+0300] {processor.py:770} WARNING - No viable dags retrieved from /home/user/Masaüstü/kafka/.env/lib/python3.8/site-packages/airflow/example_dags/example_kubernetes_executor.py
[2023-11-21T10:07:45.518+0300] {processor.py:178} INFO - Processing /home/user/Masaüstü/kafka/.env/lib/python3.8/site-packages/airflow/example_dags/example_kubernetes_executor.py took 0.020 seconds
[2023-11-21T10:08:23.272+0300] {processor.py:156} INFO - Started process (PID=31445) to work on /home/user/Masaüstü/kafka/.env/lib/python3.8/site-packages/airflow/example_dags/example_kubernetes_executor.py
[2023-11-21T10:08:23.276+0300] {processor.py:758} INFO - Processing file /home/user/Masaüstü/kafka/.env/lib/python3.8/site-packages/airflow/example_dags/example_kubernetes_executor.py for tasks to queue
[2023-11-21T10:08:23.278+0300] {logging_mixin.py:117} INFO - [2023-11-21T10:08:23.277+0300] {dagbag.py:525} INFO - Filling up the DagBag from /home/user/Masaüstü/kafka/.env/lib/python3.8/site-packages/airflow/example_dags/example_kubernetes_executor.py
[2023-11-21T10:08:23.302+0300] {logging_mixin.py:117} INFO - [2023-11-21T10:08:23.301+0300] {example_kubernetes_executor.py:41} WARNING - The example_kubernetes_executor example DAG requires the kubernetes provider. Please install it with: pip install apache-airflow[cncf.kubernetes]
[2023-11-21T10:08:23.302+0300] {processor.py:770} WARNING - No viable dags retrieved from /home/user/Masaüstü/kafka/.env/lib/python3.8/site-packages/airflow/example_dags/example_kubernetes_executor.py
[2023-11-21T10:08:23.309+0300] {processor.py:178} INFO - Processing /home/user/Masaüstü/kafka/.env/lib/python3.8/site-packages/airflow/example_dags/example_kubernetes_executor.py took 0.043 seconds
[2023-11-21T10:09:01.149+0300] {processor.py:156} INFO - Started process (PID=31684) to work on /home/user/Masaüstü/kafka/.env/lib/python3.8/site-packages/airflow/example_dags/example_kubernetes_executor.py
[2023-11-21T10:09:01.156+0300] {processor.py:758} INFO - Processing file /home/user/Masaüstü/kafka/.env/lib/python3.8/site-packages/airflow/example_dags/example_kubernetes_executor.py for tasks to queue
[2023-11-21T10:09:01.157+0300] {logging_mixin.py:117} INFO - [2023-11-21T10:09:01.157+0300] {dagbag.py:525} INFO - Filling up the DagBag from /home/user/Masaüstü/kafka/.env/lib/python3.8/site-packages/airflow/example_dags/example_kubernetes_executor.py
[2023-11-21T10:09:01.176+0300] {logging_mixin.py:117} INFO - [2023-11-21T10:09:01.176+0300] {example_kubernetes_executor.py:41} WARNING - The example_kubernetes_executor example DAG requires the kubernetes provider. Please install it with: pip install apache-airflow[cncf.kubernetes]
[2023-11-21T10:09:01.176+0300] {processor.py:770} WARNING - No viable dags retrieved from /home/user/Masaüstü/kafka/.env/lib/python3.8/site-packages/airflow/example_dags/example_kubernetes_executor.py
[2023-11-21T10:09:01.183+0300] {processor.py:178} INFO - Processing /home/user/Masaüstü/kafka/.env/lib/python3.8/site-packages/airflow/example_dags/example_kubernetes_executor.py took 0.044 seconds
[2023-11-21T10:09:44.422+0300] {processor.py:156} INFO - Started process (PID=32259) to work on /home/user/Masaüstü/kafka/.env/lib/python3.8/site-packages/airflow/example_dags/example_kubernetes_executor.py
[2023-11-21T10:09:44.423+0300] {processor.py:758} INFO - Processing file /home/user/Masaüstü/kafka/.env/lib/python3.8/site-packages/airflow/example_dags/example_kubernetes_executor.py for tasks to queue
[2023-11-21T10:09:44.423+0300] {logging_mixin.py:117} INFO - [2023-11-21T10:09:44.423+0300] {dagbag.py:525} INFO - Filling up the DagBag from /home/user/Masaüstü/kafka/.env/lib/python3.8/site-packages/airflow/example_dags/example_kubernetes_executor.py
[2023-11-21T10:09:44.440+0300] {logging_mixin.py:117} INFO - [2023-11-21T10:09:44.440+0300] {example_kubernetes_executor.py:41} WARNING - The example_kubernetes_executor example DAG requires the kubernetes provider. Please install it with: pip install apache-airflow[cncf.kubernetes]
[2023-11-21T10:09:44.441+0300] {processor.py:770} WARNING - No viable dags retrieved from /home/user/Masaüstü/kafka/.env/lib/python3.8/site-packages/airflow/example_dags/example_kubernetes_executor.py
[2023-11-21T10:09:44.450+0300] {processor.py:178} INFO - Processing /home/user/Masaüstü/kafka/.env/lib/python3.8/site-packages/airflow/example_dags/example_kubernetes_executor.py took 0.032 seconds
[2023-11-21T10:10:35.222+0300] {processor.py:156} INFO - Started process (PID=33029) to work on /home/user/Masaüstü/kafka/.env/lib/python3.8/site-packages/airflow/example_dags/example_kubernetes_executor.py
[2023-11-21T10:10:35.222+0300] {processor.py:758} INFO - Processing file /home/user/Masaüstü/kafka/.env/lib/python3.8/site-packages/airflow/example_dags/example_kubernetes_executor.py for tasks to queue
[2023-11-21T10:10:35.223+0300] {logging_mixin.py:117} INFO - [2023-11-21T10:10:35.223+0300] {dagbag.py:525} INFO - Filling up the DagBag from /home/user/Masaüstü/kafka/.env/lib/python3.8/site-packages/airflow/example_dags/example_kubernetes_executor.py
[2023-11-21T10:10:35.238+0300] {logging_mixin.py:117} INFO - [2023-11-21T10:10:35.238+0300] {example_kubernetes_executor.py:41} WARNING - The example_kubernetes_executor example DAG requires the kubernetes provider. Please install it with: pip install apache-airflow[cncf.kubernetes]
[2023-11-21T10:10:35.239+0300] {processor.py:770} WARNING - No viable dags retrieved from /home/user/Masaüstü/kafka/.env/lib/python3.8/site-packages/airflow/example_dags/example_kubernetes_executor.py
[2023-11-21T10:10:35.249+0300] {processor.py:178} INFO - Processing /home/user/Masaüstü/kafka/.env/lib/python3.8/site-packages/airflow/example_dags/example_kubernetes_executor.py took 0.029 seconds
[2023-11-21T10:11:12.965+0300] {processor.py:156} INFO - Started process (PID=33367) to work on /home/user/Masaüstü/kafka/.env/lib/python3.8/site-packages/airflow/example_dags/example_kubernetes_executor.py
[2023-11-21T10:11:12.967+0300] {processor.py:758} INFO - Processing file /home/user/Masaüstü/kafka/.env/lib/python3.8/site-packages/airflow/example_dags/example_kubernetes_executor.py for tasks to queue
[2023-11-21T10:11:12.968+0300] {logging_mixin.py:117} INFO - [2023-11-21T10:11:12.968+0300] {dagbag.py:525} INFO - Filling up the DagBag from /home/user/Masaüstü/kafka/.env/lib/python3.8/site-packages/airflow/example_dags/example_kubernetes_executor.py
[2023-11-21T10:11:12.982+0300] {logging_mixin.py:117} INFO - [2023-11-21T10:11:12.982+0300] {example_kubernetes_executor.py:41} WARNING - The example_kubernetes_executor example DAG requires the kubernetes provider. Please install it with: pip install apache-airflow[cncf.kubernetes]
[2023-11-21T10:11:12.982+0300] {processor.py:770} WARNING - No viable dags retrieved from /home/user/Masaüstü/kafka/.env/lib/python3.8/site-packages/airflow/example_dags/example_kubernetes_executor.py
[2023-11-21T10:11:12.989+0300] {processor.py:178} INFO - Processing /home/user/Masaüstü/kafka/.env/lib/python3.8/site-packages/airflow/example_dags/example_kubernetes_executor.py took 0.028 seconds
[2023-11-21T10:11:52.278+0300] {processor.py:156} INFO - Started process (PID=33628) to work on /home/user/Masaüstü/kafka/.env/lib/python3.8/site-packages/airflow/example_dags/example_kubernetes_executor.py
[2023-11-21T10:11:52.280+0300] {processor.py:758} INFO - Processing file /home/user/Masaüstü/kafka/.env/lib/python3.8/site-packages/airflow/example_dags/example_kubernetes_executor.py for tasks to queue
[2023-11-21T10:11:52.281+0300] {logging_mixin.py:117} INFO - [2023-11-21T10:11:52.281+0300] {dagbag.py:525} INFO - Filling up the DagBag from /home/user/Masaüstü/kafka/.env/lib/python3.8/site-packages/airflow/example_dags/example_kubernetes_executor.py
[2023-11-21T10:11:52.291+0300] {logging_mixin.py:117} INFO - [2023-11-21T10:11:52.291+0300] {example_kubernetes_executor.py:41} WARNING - The example_kubernetes_executor example DAG requires the kubernetes provider. Please install it with: pip install apache-airflow[cncf.kubernetes]
[2023-11-21T10:11:52.291+0300] {processor.py:770} WARNING - No viable dags retrieved from /home/user/Masaüstü/kafka/.env/lib/python3.8/site-packages/airflow/example_dags/example_kubernetes_executor.py
[2023-11-21T10:11:52.297+0300] {processor.py:178} INFO - Processing /home/user/Masaüstü/kafka/.env/lib/python3.8/site-packages/airflow/example_dags/example_kubernetes_executor.py took 0.022 seconds
[2023-11-21T10:12:29.625+0300] {processor.py:156} INFO - Started process (PID=33852) to work on /home/user/Masaüstü/kafka/.env/lib/python3.8/site-packages/airflow/example_dags/example_kubernetes_executor.py
[2023-11-21T10:12:29.628+0300] {processor.py:758} INFO - Processing file /home/user/Masaüstü/kafka/.env/lib/python3.8/site-packages/airflow/example_dags/example_kubernetes_executor.py for tasks to queue
[2023-11-21T10:12:29.630+0300] {logging_mixin.py:117} INFO - [2023-11-21T10:12:29.629+0300] {dagbag.py:525} INFO - Filling up the DagBag from /home/user/Masaüstü/kafka/.env/lib/python3.8/site-packages/airflow/example_dags/example_kubernetes_executor.py
[2023-11-21T10:12:29.655+0300] {logging_mixin.py:117} INFO - [2023-11-21T10:12:29.654+0300] {example_kubernetes_executor.py:41} WARNING - The example_kubernetes_executor example DAG requires the kubernetes provider. Please install it with: pip install apache-airflow[cncf.kubernetes]
[2023-11-21T10:12:29.655+0300] {processor.py:770} WARNING - No viable dags retrieved from /home/user/Masaüstü/kafka/.env/lib/python3.8/site-packages/airflow/example_dags/example_kubernetes_executor.py
[2023-11-21T10:12:29.663+0300] {processor.py:178} INFO - Processing /home/user/Masaüstü/kafka/.env/lib/python3.8/site-packages/airflow/example_dags/example_kubernetes_executor.py took 0.045 seconds
[2023-11-21T10:13:07.592+0300] {processor.py:156} INFO - Started process (PID=34097) to work on /home/user/Masaüstü/kafka/.env/lib/python3.8/site-packages/airflow/example_dags/example_kubernetes_executor.py
[2023-11-21T10:13:07.592+0300] {processor.py:758} INFO - Processing file /home/user/Masaüstü/kafka/.env/lib/python3.8/site-packages/airflow/example_dags/example_kubernetes_executor.py for tasks to queue
[2023-11-21T10:13:07.593+0300] {logging_mixin.py:117} INFO - [2023-11-21T10:13:07.593+0300] {dagbag.py:525} INFO - Filling up the DagBag from /home/user/Masaüstü/kafka/.env/lib/python3.8/site-packages/airflow/example_dags/example_kubernetes_executor.py
[2023-11-21T10:13:07.603+0300] {logging_mixin.py:117} INFO - [2023-11-21T10:13:07.603+0300] {example_kubernetes_executor.py:41} WARNING - The example_kubernetes_executor example DAG requires the kubernetes provider. Please install it with: pip install apache-airflow[cncf.kubernetes]
[2023-11-21T10:13:07.603+0300] {processor.py:770} WARNING - No viable dags retrieved from /home/user/Masaüstü/kafka/.env/lib/python3.8/site-packages/airflow/example_dags/example_kubernetes_executor.py
[2023-11-21T10:13:07.609+0300] {processor.py:178} INFO - Processing /home/user/Masaüstü/kafka/.env/lib/python3.8/site-packages/airflow/example_dags/example_kubernetes_executor.py took 0.019 seconds
[2023-11-21T10:13:46.182+0300] {processor.py:156} INFO - Started process (PID=34502) to work on /home/user/Masaüstü/kafka/.env/lib/python3.8/site-packages/airflow/example_dags/example_kubernetes_executor.py
[2023-11-21T10:13:46.183+0300] {processor.py:758} INFO - Processing file /home/user/Masaüstü/kafka/.env/lib/python3.8/site-packages/airflow/example_dags/example_kubernetes_executor.py for tasks to queue
[2023-11-21T10:13:46.184+0300] {logging_mixin.py:117} INFO - [2023-11-21T10:13:46.184+0300] {dagbag.py:525} INFO - Filling up the DagBag from /home/user/Masaüstü/kafka/.env/lib/python3.8/site-packages/airflow/example_dags/example_kubernetes_executor.py
[2023-11-21T10:13:46.194+0300] {logging_mixin.py:117} INFO - [2023-11-21T10:13:46.194+0300] {example_kubernetes_executor.py:41} WARNING - The example_kubernetes_executor example DAG requires the kubernetes provider. Please install it with: pip install apache-airflow[cncf.kubernetes]
[2023-11-21T10:13:46.194+0300] {processor.py:770} WARNING - No viable dags retrieved from /home/user/Masaüstü/kafka/.env/lib/python3.8/site-packages/airflow/example_dags/example_kubernetes_executor.py
[2023-11-21T10:13:46.200+0300] {processor.py:178} INFO - Processing /home/user/Masaüstü/kafka/.env/lib/python3.8/site-packages/airflow/example_dags/example_kubernetes_executor.py took 0.020 seconds
[2023-11-21T10:14:38.972+0300] {processor.py:156} INFO - Started process (PID=35258) to work on /home/user/Masaüstü/kafka/.env/lib/python3.8/site-packages/airflow/example_dags/example_kubernetes_executor.py
[2023-11-21T10:14:38.972+0300] {processor.py:758} INFO - Processing file /home/user/Masaüstü/kafka/.env/lib/python3.8/site-packages/airflow/example_dags/example_kubernetes_executor.py for tasks to queue
[2023-11-21T10:14:38.973+0300] {logging_mixin.py:117} INFO - [2023-11-21T10:14:38.973+0300] {dagbag.py:525} INFO - Filling up the DagBag from /home/user/Masaüstü/kafka/.env/lib/python3.8/site-packages/airflow/example_dags/example_kubernetes_executor.py
[2023-11-21T10:14:38.983+0300] {logging_mixin.py:117} INFO - [2023-11-21T10:14:38.983+0300] {example_kubernetes_executor.py:41} WARNING - The example_kubernetes_executor example DAG requires the kubernetes provider. Please install it with: pip install apache-airflow[cncf.kubernetes]
[2023-11-21T10:14:38.983+0300] {processor.py:770} WARNING - No viable dags retrieved from /home/user/Masaüstü/kafka/.env/lib/python3.8/site-packages/airflow/example_dags/example_kubernetes_executor.py
[2023-11-21T10:14:38.989+0300] {processor.py:178} INFO - Processing /home/user/Masaüstü/kafka/.env/lib/python3.8/site-packages/airflow/example_dags/example_kubernetes_executor.py took 0.018 seconds
[2023-11-21T10:15:15.497+0300] {processor.py:156} INFO - Started process (PID=35561) to work on /home/user/Masaüstü/kafka/.env/lib/python3.8/site-packages/airflow/example_dags/example_kubernetes_executor.py
[2023-11-21T10:15:15.499+0300] {processor.py:758} INFO - Processing file /home/user/Masaüstü/kafka/.env/lib/python3.8/site-packages/airflow/example_dags/example_kubernetes_executor.py for tasks to queue
[2023-11-21T10:15:15.500+0300] {logging_mixin.py:117} INFO - [2023-11-21T10:15:15.500+0300] {dagbag.py:525} INFO - Filling up the DagBag from /home/user/Masaüstü/kafka/.env/lib/python3.8/site-packages/airflow/example_dags/example_kubernetes_executor.py
[2023-11-21T10:15:15.513+0300] {logging_mixin.py:117} INFO - [2023-11-21T10:15:15.513+0300] {example_kubernetes_executor.py:41} WARNING - The example_kubernetes_executor example DAG requires the kubernetes provider. Please install it with: pip install apache-airflow[cncf.kubernetes]
[2023-11-21T10:15:15.513+0300] {processor.py:770} WARNING - No viable dags retrieved from /home/user/Masaüstü/kafka/.env/lib/python3.8/site-packages/airflow/example_dags/example_kubernetes_executor.py
[2023-11-21T10:15:15.519+0300] {processor.py:178} INFO - Processing /home/user/Masaüstü/kafka/.env/lib/python3.8/site-packages/airflow/example_dags/example_kubernetes_executor.py took 0.025 seconds
[2023-11-21T10:15:51.923+0300] {processor.py:156} INFO - Started process (PID=35798) to work on /home/user/Masaüstü/kafka/.env/lib/python3.8/site-packages/airflow/example_dags/example_kubernetes_executor.py
[2023-11-21T10:15:51.924+0300] {processor.py:758} INFO - Processing file /home/user/Masaüstü/kafka/.env/lib/python3.8/site-packages/airflow/example_dags/example_kubernetes_executor.py for tasks to queue
[2023-11-21T10:15:51.925+0300] {logging_mixin.py:117} INFO - [2023-11-21T10:15:51.924+0300] {dagbag.py:525} INFO - Filling up the DagBag from /home/user/Masaüstü/kafka/.env/lib/python3.8/site-packages/airflow/example_dags/example_kubernetes_executor.py
[2023-11-21T10:15:51.940+0300] {logging_mixin.py:117} INFO - [2023-11-21T10:15:51.939+0300] {example_kubernetes_executor.py:41} WARNING - The example_kubernetes_executor example DAG requires the kubernetes provider. Please install it with: pip install apache-airflow[cncf.kubernetes]
[2023-11-21T10:15:51.940+0300] {processor.py:770} WARNING - No viable dags retrieved from /home/user/Masaüstü/kafka/.env/lib/python3.8/site-packages/airflow/example_dags/example_kubernetes_executor.py
[2023-11-21T10:15:51.946+0300] {processor.py:178} INFO - Processing /home/user/Masaüstü/kafka/.env/lib/python3.8/site-packages/airflow/example_dags/example_kubernetes_executor.py took 0.026 seconds
[2023-11-21T10:16:31.105+0300] {processor.py:156} INFO - Started process (PID=36036) to work on /home/user/Masaüstü/kafka/.env/lib/python3.8/site-packages/airflow/example_dags/example_kubernetes_executor.py
[2023-11-21T10:16:31.107+0300] {processor.py:758} INFO - Processing file /home/user/Masaüstü/kafka/.env/lib/python3.8/site-packages/airflow/example_dags/example_kubernetes_executor.py for tasks to queue
[2023-11-21T10:16:31.107+0300] {logging_mixin.py:117} INFO - [2023-11-21T10:16:31.107+0300] {dagbag.py:525} INFO - Filling up the DagBag from /home/user/Masaüstü/kafka/.env/lib/python3.8/site-packages/airflow/example_dags/example_kubernetes_executor.py
[2023-11-21T10:16:31.118+0300] {logging_mixin.py:117} INFO - [2023-11-21T10:16:31.117+0300] {example_kubernetes_executor.py:41} WARNING - The example_kubernetes_executor example DAG requires the kubernetes provider. Please install it with: pip install apache-airflow[cncf.kubernetes]
[2023-11-21T10:16:31.118+0300] {processor.py:770} WARNING - No viable dags retrieved from /home/user/Masaüstü/kafka/.env/lib/python3.8/site-packages/airflow/example_dags/example_kubernetes_executor.py
[2023-11-21T10:16:31.123+0300] {processor.py:178} INFO - Processing /home/user/Masaüstü/kafka/.env/lib/python3.8/site-packages/airflow/example_dags/example_kubernetes_executor.py took 0.020 seconds
[2023-11-21T10:17:08.595+0300] {processor.py:156} INFO - Started process (PID=36315) to work on /home/user/Masaüstü/kafka/.env/lib/python3.8/site-packages/airflow/example_dags/example_kubernetes_executor.py
[2023-11-21T10:17:08.597+0300] {processor.py:758} INFO - Processing file /home/user/Masaüstü/kafka/.env/lib/python3.8/site-packages/airflow/example_dags/example_kubernetes_executor.py for tasks to queue
[2023-11-21T10:17:08.598+0300] {logging_mixin.py:117} INFO - [2023-11-21T10:17:08.598+0300] {dagbag.py:525} INFO - Filling up the DagBag from /home/user/Masaüstü/kafka/.env/lib/python3.8/site-packages/airflow/example_dags/example_kubernetes_executor.py
[2023-11-21T10:17:08.608+0300] {logging_mixin.py:117} INFO - [2023-11-21T10:17:08.608+0300] {example_kubernetes_executor.py:41} WARNING - The example_kubernetes_executor example DAG requires the kubernetes provider. Please install it with: pip install apache-airflow[cncf.kubernetes]
[2023-11-21T10:17:08.608+0300] {processor.py:770} WARNING - No viable dags retrieved from /home/user/Masaüstü/kafka/.env/lib/python3.8/site-packages/airflow/example_dags/example_kubernetes_executor.py
[2023-11-21T10:17:08.614+0300] {processor.py:178} INFO - Processing /home/user/Masaüstü/kafka/.env/lib/python3.8/site-packages/airflow/example_dags/example_kubernetes_executor.py took 0.021 seconds
[2023-11-21T10:17:45.431+0300] {processor.py:156} INFO - Started process (PID=36566) to work on /home/user/Masaüstü/kafka/.env/lib/python3.8/site-packages/airflow/example_dags/example_kubernetes_executor.py
[2023-11-21T10:17:45.432+0300] {processor.py:758} INFO - Processing file /home/user/Masaüstü/kafka/.env/lib/python3.8/site-packages/airflow/example_dags/example_kubernetes_executor.py for tasks to queue
[2023-11-21T10:17:45.433+0300] {logging_mixin.py:117} INFO - [2023-11-21T10:17:45.433+0300] {dagbag.py:525} INFO - Filling up the DagBag from /home/user/Masaüstü/kafka/.env/lib/python3.8/site-packages/airflow/example_dags/example_kubernetes_executor.py
[2023-11-21T10:17:45.443+0300] {logging_mixin.py:117} INFO - [2023-11-21T10:17:45.443+0300] {example_kubernetes_executor.py:41} WARNING - The example_kubernetes_executor example DAG requires the kubernetes provider. Please install it with: pip install apache-airflow[cncf.kubernetes]
[2023-11-21T10:17:45.443+0300] {processor.py:770} WARNING - No viable dags retrieved from /home/user/Masaüstü/kafka/.env/lib/python3.8/site-packages/airflow/example_dags/example_kubernetes_executor.py
[2023-11-21T10:17:45.449+0300] {processor.py:178} INFO - Processing /home/user/Masaüstü/kafka/.env/lib/python3.8/site-packages/airflow/example_dags/example_kubernetes_executor.py took 0.020 seconds
[2023-11-21T10:18:22.148+0300] {processor.py:156} INFO - Started process (PID=36826) to work on /home/user/Masaüstü/kafka/.env/lib/python3.8/site-packages/airflow/example_dags/example_kubernetes_executor.py
[2023-11-21T10:18:22.149+0300] {processor.py:758} INFO - Processing file /home/user/Masaüstü/kafka/.env/lib/python3.8/site-packages/airflow/example_dags/example_kubernetes_executor.py for tasks to queue
[2023-11-21T10:18:22.150+0300] {logging_mixin.py:117} INFO - [2023-11-21T10:18:22.150+0300] {dagbag.py:525} INFO - Filling up the DagBag from /home/user/Masaüstü/kafka/.env/lib/python3.8/site-packages/airflow/example_dags/example_kubernetes_executor.py
[2023-11-21T10:18:22.161+0300] {logging_mixin.py:117} INFO - [2023-11-21T10:18:22.161+0300] {example_kubernetes_executor.py:41} WARNING - The example_kubernetes_executor example DAG requires the kubernetes provider. Please install it with: pip install apache-airflow[cncf.kubernetes]
[2023-11-21T10:18:22.161+0300] {processor.py:770} WARNING - No viable dags retrieved from /home/user/Masaüstü/kafka/.env/lib/python3.8/site-packages/airflow/example_dags/example_kubernetes_executor.py
[2023-11-21T10:18:22.167+0300] {processor.py:178} INFO - Processing /home/user/Masaüstü/kafka/.env/lib/python3.8/site-packages/airflow/example_dags/example_kubernetes_executor.py took 0.022 seconds
[2023-11-21T10:19:02.288+0300] {processor.py:156} INFO - Started process (PID=37075) to work on /home/user/Masaüstü/kafka/.env/lib/python3.8/site-packages/airflow/example_dags/example_kubernetes_executor.py
[2023-11-21T10:19:02.289+0300] {processor.py:758} INFO - Processing file /home/user/Masaüstü/kafka/.env/lib/python3.8/site-packages/airflow/example_dags/example_kubernetes_executor.py for tasks to queue
[2023-11-21T10:19:02.289+0300] {logging_mixin.py:117} INFO - [2023-11-21T10:19:02.289+0300] {dagbag.py:525} INFO - Filling up the DagBag from /home/user/Masaüstü/kafka/.env/lib/python3.8/site-packages/airflow/example_dags/example_kubernetes_executor.py
[2023-11-21T10:19:02.303+0300] {logging_mixin.py:117} INFO - [2023-11-21T10:19:02.302+0300] {example_kubernetes_executor.py:41} WARNING - The example_kubernetes_executor example DAG requires the kubernetes provider. Please install it with: pip install apache-airflow[cncf.kubernetes]
[2023-11-21T10:19:02.303+0300] {processor.py:770} WARNING - No viable dags retrieved from /home/user/Masaüstü/kafka/.env/lib/python3.8/site-packages/airflow/example_dags/example_kubernetes_executor.py
[2023-11-21T10:19:02.309+0300] {processor.py:178} INFO - Processing /home/user/Masaüstü/kafka/.env/lib/python3.8/site-packages/airflow/example_dags/example_kubernetes_executor.py took 0.023 seconds
[2023-11-21T10:19:40.672+0300] {processor.py:156} INFO - Started process (PID=37325) to work on /home/user/Masaüstü/kafka/.env/lib/python3.8/site-packages/airflow/example_dags/example_kubernetes_executor.py
[2023-11-21T10:19:40.673+0300] {processor.py:758} INFO - Processing file /home/user/Masaüstü/kafka/.env/lib/python3.8/site-packages/airflow/example_dags/example_kubernetes_executor.py for tasks to queue
[2023-11-21T10:19:40.674+0300] {logging_mixin.py:117} INFO - [2023-11-21T10:19:40.674+0300] {dagbag.py:525} INFO - Filling up the DagBag from /home/user/Masaüstü/kafka/.env/lib/python3.8/site-packages/airflow/example_dags/example_kubernetes_executor.py
[2023-11-21T10:19:40.685+0300] {logging_mixin.py:117} INFO - [2023-11-21T10:19:40.684+0300] {example_kubernetes_executor.py:41} WARNING - The example_kubernetes_executor example DAG requires the kubernetes provider. Please install it with: pip install apache-airflow[cncf.kubernetes]
[2023-11-21T10:19:40.685+0300] {processor.py:770} WARNING - No viable dags retrieved from /home/user/Masaüstü/kafka/.env/lib/python3.8/site-packages/airflow/example_dags/example_kubernetes_executor.py
[2023-11-21T10:19:40.691+0300] {processor.py:178} INFO - Processing /home/user/Masaüstü/kafka/.env/lib/python3.8/site-packages/airflow/example_dags/example_kubernetes_executor.py took 0.020 seconds
