[2023-11-21T09:51:54.351+0300] {processor.py:156} INFO - Started process (PID=23889) to work on /home/user/Masaüstü/kafka/.env/lib/python3.8/site-packages/airflow/example_dags/example_branch_operator.py
[2023-11-21T09:51:54.351+0300] {processor.py:758} INFO - Processing file /home/user/Masaüstü/kafka/.env/lib/python3.8/site-packages/airflow/example_dags/example_branch_operator.py for tasks to queue
[2023-11-21T09:51:54.352+0300] {logging_mixin.py:117} INFO - [2023-11-21T09:51:54.352+0300] {dagbag.py:525} INFO - Filling up the DagBag from /home/user/Masaüstü/kafka/.env/lib/python3.8/site-packages/airflow/example_dags/example_branch_operator.py
[2023-11-21T09:51:54.377+0300] {processor.py:768} INFO - DAG(s) dict_keys(['example_branch_operator']) retrieved from /home/user/Masaüstü/kafka/.env/lib/python3.8/site-packages/airflow/example_dags/example_branch_operator.py
[2023-11-21T09:51:54.400+0300] {logging_mixin.py:117} INFO - [2023-11-21T09:51:54.400+0300] {dag.py:2573} INFO - Sync 1 DAGs
[2023-11-21T09:51:54.415+0300] {logging_mixin.py:117} INFO - [2023-11-21T09:51:54.415+0300] {dag.py:3324} INFO - Setting next_dagrun for example_branch_operator to 2023-11-20T00:00:00+00:00, run_after=2023-11-21T00:00:00+00:00
[2023-11-21T09:51:54.433+0300] {processor.py:178} INFO - Processing /home/user/Masaüstü/kafka/.env/lib/python3.8/site-packages/airflow/example_dags/example_branch_operator.py took 0.086 seconds
[2023-11-21T09:52:31.048+0300] {processor.py:156} INFO - Started process (PID=24326) to work on /home/user/Masaüstü/kafka/.env/lib/python3.8/site-packages/airflow/example_dags/example_branch_operator.py
[2023-11-21T09:52:31.049+0300] {processor.py:758} INFO - Processing file /home/user/Masaüstü/kafka/.env/lib/python3.8/site-packages/airflow/example_dags/example_branch_operator.py for tasks to queue
[2023-11-21T09:52:31.050+0300] {logging_mixin.py:117} INFO - [2023-11-21T09:52:31.049+0300] {dagbag.py:525} INFO - Filling up the DagBag from /home/user/Masaüstü/kafka/.env/lib/python3.8/site-packages/airflow/example_dags/example_branch_operator.py
[2023-11-21T09:52:31.068+0300] {processor.py:768} INFO - DAG(s) dict_keys(['example_branch_operator']) retrieved from /home/user/Masaüstü/kafka/.env/lib/python3.8/site-packages/airflow/example_dags/example_branch_operator.py
[2023-11-21T09:52:31.092+0300] {logging_mixin.py:117} INFO - [2023-11-21T09:52:31.092+0300] {dag.py:2573} INFO - Sync 1 DAGs
[2023-11-21T09:52:31.116+0300] {logging_mixin.py:117} INFO - [2023-11-21T09:52:31.115+0300] {dag.py:3324} INFO - Setting next_dagrun for example_branch_operator to 2023-11-20T00:00:00+00:00, run_after=2023-11-21T00:00:00+00:00
[2023-11-21T09:52:31.142+0300] {processor.py:178} INFO - Processing /home/user/Masaüstü/kafka/.env/lib/python3.8/site-packages/airflow/example_dags/example_branch_operator.py took 0.096 seconds
[2023-11-21T09:53:09.011+0300] {processor.py:156} INFO - Started process (PID=24604) to work on /home/user/Masaüstü/kafka/.env/lib/python3.8/site-packages/airflow/example_dags/example_branch_operator.py
[2023-11-21T09:53:09.014+0300] {processor.py:758} INFO - Processing file /home/user/Masaüstü/kafka/.env/lib/python3.8/site-packages/airflow/example_dags/example_branch_operator.py for tasks to queue
[2023-11-21T09:53:09.016+0300] {logging_mixin.py:117} INFO - [2023-11-21T09:53:09.016+0300] {dagbag.py:525} INFO - Filling up the DagBag from /home/user/Masaüstü/kafka/.env/lib/python3.8/site-packages/airflow/example_dags/example_branch_operator.py
[2023-11-21T09:53:09.041+0300] {processor.py:768} INFO - DAG(s) dict_keys(['example_branch_operator']) retrieved from /home/user/Masaüstü/kafka/.env/lib/python3.8/site-packages/airflow/example_dags/example_branch_operator.py
[2023-11-21T09:53:09.062+0300] {logging_mixin.py:117} INFO - [2023-11-21T09:53:09.062+0300] {dag.py:2573} INFO - Sync 1 DAGs
[2023-11-21T09:53:09.084+0300] {logging_mixin.py:117} INFO - [2023-11-21T09:53:09.084+0300] {dag.py:3324} INFO - Setting next_dagrun for example_branch_operator to 2023-11-20T00:00:00+00:00, run_after=2023-11-21T00:00:00+00:00
[2023-11-21T09:53:09.111+0300] {processor.py:178} INFO - Processing /home/user/Masaüstü/kafka/.env/lib/python3.8/site-packages/airflow/example_dags/example_branch_operator.py took 0.108 seconds
[2023-11-21T09:53:48.022+0300] {processor.py:156} INFO - Started process (PID=24853) to work on /home/user/Masaüstü/kafka/.env/lib/python3.8/site-packages/airflow/example_dags/example_branch_operator.py
[2023-11-21T09:53:48.024+0300] {processor.py:758} INFO - Processing file /home/user/Masaüstü/kafka/.env/lib/python3.8/site-packages/airflow/example_dags/example_branch_operator.py for tasks to queue
[2023-11-21T09:53:48.024+0300] {logging_mixin.py:117} INFO - [2023-11-21T09:53:48.024+0300] {dagbag.py:525} INFO - Filling up the DagBag from /home/user/Masaüstü/kafka/.env/lib/python3.8/site-packages/airflow/example_dags/example_branch_operator.py
[2023-11-21T09:53:48.037+0300] {processor.py:768} INFO - DAG(s) dict_keys(['example_branch_operator']) retrieved from /home/user/Masaüstü/kafka/.env/lib/python3.8/site-packages/airflow/example_dags/example_branch_operator.py
[2023-11-21T09:53:48.055+0300] {logging_mixin.py:117} INFO - [2023-11-21T09:53:48.055+0300] {dag.py:2573} INFO - Sync 1 DAGs
[2023-11-21T09:53:48.071+0300] {logging_mixin.py:117} INFO - [2023-11-21T09:53:48.071+0300] {dag.py:3324} INFO - Setting next_dagrun for example_branch_operator to 2023-11-20T00:00:00+00:00, run_after=2023-11-21T00:00:00+00:00
[2023-11-21T09:53:48.091+0300] {processor.py:178} INFO - Processing /home/user/Masaüstü/kafka/.env/lib/python3.8/site-packages/airflow/example_dags/example_branch_operator.py took 0.070 seconds
[2023-11-21T09:54:23.396+0300] {processor.py:156} INFO - Started process (PID=25064) to work on /home/user/Masaüstü/kafka/.env/lib/python3.8/site-packages/airflow/example_dags/example_branch_operator.py
[2023-11-21T09:54:23.398+0300] {processor.py:758} INFO - Processing file /home/user/Masaüstü/kafka/.env/lib/python3.8/site-packages/airflow/example_dags/example_branch_operator.py for tasks to queue
[2023-11-21T09:54:23.399+0300] {logging_mixin.py:117} INFO - [2023-11-21T09:54:23.399+0300] {dagbag.py:525} INFO - Filling up the DagBag from /home/user/Masaüstü/kafka/.env/lib/python3.8/site-packages/airflow/example_dags/example_branch_operator.py
[2023-11-21T09:54:23.424+0300] {processor.py:768} INFO - DAG(s) dict_keys(['example_branch_operator']) retrieved from /home/user/Masaüstü/kafka/.env/lib/python3.8/site-packages/airflow/example_dags/example_branch_operator.py
[2023-11-21T09:54:23.445+0300] {logging_mixin.py:117} INFO - [2023-11-21T09:54:23.445+0300] {dag.py:2573} INFO - Sync 1 DAGs
[2023-11-21T09:54:23.461+0300] {logging_mixin.py:117} INFO - [2023-11-21T09:54:23.461+0300] {dag.py:3324} INFO - Setting next_dagrun for example_branch_operator to 2023-11-20T00:00:00+00:00, run_after=2023-11-21T00:00:00+00:00
[2023-11-21T09:54:23.478+0300] {processor.py:178} INFO - Processing /home/user/Masaüstü/kafka/.env/lib/python3.8/site-packages/airflow/example_dags/example_branch_operator.py took 0.085 seconds
[2023-11-21T09:55:00.728+0300] {processor.py:156} INFO - Started process (PID=25307) to work on /home/user/Masaüstü/kafka/.env/lib/python3.8/site-packages/airflow/example_dags/example_branch_operator.py
[2023-11-21T09:55:00.732+0300] {processor.py:758} INFO - Processing file /home/user/Masaüstü/kafka/.env/lib/python3.8/site-packages/airflow/example_dags/example_branch_operator.py for tasks to queue
[2023-11-21T09:55:00.734+0300] {logging_mixin.py:117} INFO - [2023-11-21T09:55:00.734+0300] {dagbag.py:525} INFO - Filling up the DagBag from /home/user/Masaüstü/kafka/.env/lib/python3.8/site-packages/airflow/example_dags/example_branch_operator.py
[2023-11-21T09:55:00.792+0300] {processor.py:768} INFO - DAG(s) dict_keys(['example_branch_operator']) retrieved from /home/user/Masaüstü/kafka/.env/lib/python3.8/site-packages/airflow/example_dags/example_branch_operator.py
[2023-11-21T09:55:00.868+0300] {logging_mixin.py:117} INFO - [2023-11-21T09:55:00.868+0300] {dag.py:2573} INFO - Sync 1 DAGs
[2023-11-21T09:55:00.939+0300] {logging_mixin.py:117} INFO - [2023-11-21T09:55:00.938+0300] {dag.py:3324} INFO - Setting next_dagrun for example_branch_operator to 2023-11-20T00:00:00+00:00, run_after=2023-11-21T00:00:00+00:00
[2023-11-21T09:55:01.005+0300] {processor.py:178} INFO - Processing /home/user/Masaüstü/kafka/.env/lib/python3.8/site-packages/airflow/example_dags/example_branch_operator.py took 0.281 seconds
[2023-11-21T09:55:38.008+0300] {processor.py:156} INFO - Started process (PID=25616) to work on /home/user/Masaüstü/kafka/.env/lib/python3.8/site-packages/airflow/example_dags/example_branch_operator.py
[2023-11-21T09:55:38.011+0300] {processor.py:758} INFO - Processing file /home/user/Masaüstü/kafka/.env/lib/python3.8/site-packages/airflow/example_dags/example_branch_operator.py for tasks to queue
[2023-11-21T09:55:38.012+0300] {logging_mixin.py:117} INFO - [2023-11-21T09:55:38.012+0300] {dagbag.py:525} INFO - Filling up the DagBag from /home/user/Masaüstü/kafka/.env/lib/python3.8/site-packages/airflow/example_dags/example_branch_operator.py
[2023-11-21T09:55:38.040+0300] {processor.py:768} INFO - DAG(s) dict_keys(['example_branch_operator']) retrieved from /home/user/Masaüstü/kafka/.env/lib/python3.8/site-packages/airflow/example_dags/example_branch_operator.py
[2023-11-21T09:55:38.060+0300] {logging_mixin.py:117} INFO - [2023-11-21T09:55:38.060+0300] {dag.py:2573} INFO - Sync 1 DAGs
[2023-11-21T09:55:38.076+0300] {logging_mixin.py:117} INFO - [2023-11-21T09:55:38.076+0300] {dag.py:3324} INFO - Setting next_dagrun for example_branch_operator to 2023-11-20T00:00:00+00:00, run_after=2023-11-21T00:00:00+00:00
[2023-11-21T09:55:38.104+0300] {processor.py:178} INFO - Processing /home/user/Masaüstü/kafka/.env/lib/python3.8/site-packages/airflow/example_dags/example_branch_operator.py took 0.101 seconds
[2023-11-21T09:56:15.657+0300] {processor.py:156} INFO - Started process (PID=25847) to work on /home/user/Masaüstü/kafka/.env/lib/python3.8/site-packages/airflow/example_dags/example_branch_operator.py
[2023-11-21T09:56:15.659+0300] {processor.py:758} INFO - Processing file /home/user/Masaüstü/kafka/.env/lib/python3.8/site-packages/airflow/example_dags/example_branch_operator.py for tasks to queue
[2023-11-21T09:56:15.660+0300] {logging_mixin.py:117} INFO - [2023-11-21T09:56:15.660+0300] {dagbag.py:525} INFO - Filling up the DagBag from /home/user/Masaüstü/kafka/.env/lib/python3.8/site-packages/airflow/example_dags/example_branch_operator.py
[2023-11-21T09:56:15.677+0300] {processor.py:768} INFO - DAG(s) dict_keys(['example_branch_operator']) retrieved from /home/user/Masaüstü/kafka/.env/lib/python3.8/site-packages/airflow/example_dags/example_branch_operator.py
[2023-11-21T09:56:15.706+0300] {logging_mixin.py:117} INFO - [2023-11-21T09:56:15.706+0300] {dag.py:2573} INFO - Sync 1 DAGs
[2023-11-21T09:56:15.730+0300] {logging_mixin.py:117} INFO - [2023-11-21T09:56:15.730+0300] {dag.py:3324} INFO - Setting next_dagrun for example_branch_operator to 2023-11-20T00:00:00+00:00, run_after=2023-11-21T00:00:00+00:00
[2023-11-21T09:56:15.760+0300] {processor.py:178} INFO - Processing /home/user/Masaüstü/kafka/.env/lib/python3.8/site-packages/airflow/example_dags/example_branch_operator.py took 0.107 seconds
[2023-11-21T09:56:51.720+0300] {processor.py:156} INFO - Started process (PID=26112) to work on /home/user/Masaüstü/kafka/.env/lib/python3.8/site-packages/airflow/example_dags/example_branch_operator.py
[2023-11-21T09:56:51.722+0300] {processor.py:758} INFO - Processing file /home/user/Masaüstü/kafka/.env/lib/python3.8/site-packages/airflow/example_dags/example_branch_operator.py for tasks to queue
[2023-11-21T09:56:51.722+0300] {logging_mixin.py:117} INFO - [2023-11-21T09:56:51.722+0300] {dagbag.py:525} INFO - Filling up the DagBag from /home/user/Masaüstü/kafka/.env/lib/python3.8/site-packages/airflow/example_dags/example_branch_operator.py
[2023-11-21T09:56:51.742+0300] {processor.py:768} INFO - DAG(s) dict_keys(['example_branch_operator']) retrieved from /home/user/Masaüstü/kafka/.env/lib/python3.8/site-packages/airflow/example_dags/example_branch_operator.py
[2023-11-21T09:56:51.764+0300] {logging_mixin.py:117} INFO - [2023-11-21T09:56:51.764+0300] {dag.py:2573} INFO - Sync 1 DAGs
[2023-11-21T09:56:51.783+0300] {logging_mixin.py:117} INFO - [2023-11-21T09:56:51.782+0300] {dag.py:3324} INFO - Setting next_dagrun for example_branch_operator to 2023-11-20T00:00:00+00:00, run_after=2023-11-21T00:00:00+00:00
[2023-11-21T09:56:51.802+0300] {processor.py:178} INFO - Processing /home/user/Masaüstü/kafka/.env/lib/python3.8/site-packages/airflow/example_dags/example_branch_operator.py took 0.085 seconds
[2023-11-21T09:57:30.020+0300] {processor.py:156} INFO - Started process (PID=26346) to work on /home/user/Masaüstü/kafka/.env/lib/python3.8/site-packages/airflow/example_dags/example_branch_operator.py
[2023-11-21T09:57:30.022+0300] {processor.py:758} INFO - Processing file /home/user/Masaüstü/kafka/.env/lib/python3.8/site-packages/airflow/example_dags/example_branch_operator.py for tasks to queue
[2023-11-21T09:57:30.022+0300] {logging_mixin.py:117} INFO - [2023-11-21T09:57:30.022+0300] {dagbag.py:525} INFO - Filling up the DagBag from /home/user/Masaüstü/kafka/.env/lib/python3.8/site-packages/airflow/example_dags/example_branch_operator.py
[2023-11-21T09:57:30.037+0300] {processor.py:768} INFO - DAG(s) dict_keys(['example_branch_operator']) retrieved from /home/user/Masaüstü/kafka/.env/lib/python3.8/site-packages/airflow/example_dags/example_branch_operator.py
[2023-11-21T09:57:30.057+0300] {logging_mixin.py:117} INFO - [2023-11-21T09:57:30.057+0300] {dag.py:2573} INFO - Sync 1 DAGs
[2023-11-21T09:57:30.073+0300] {logging_mixin.py:117} INFO - [2023-11-21T09:57:30.073+0300] {dag.py:3324} INFO - Setting next_dagrun for example_branch_operator to 2023-11-20T00:00:00+00:00, run_after=2023-11-21T00:00:00+00:00
[2023-11-21T09:57:30.091+0300] {processor.py:178} INFO - Processing /home/user/Masaüstü/kafka/.env/lib/python3.8/site-packages/airflow/example_dags/example_branch_operator.py took 0.073 seconds
[2023-11-21T09:58:07.070+0300] {processor.py:156} INFO - Started process (PID=26586) to work on /home/user/Masaüstü/kafka/.env/lib/python3.8/site-packages/airflow/example_dags/example_branch_operator.py
[2023-11-21T09:58:07.072+0300] {processor.py:758} INFO - Processing file /home/user/Masaüstü/kafka/.env/lib/python3.8/site-packages/airflow/example_dags/example_branch_operator.py for tasks to queue
[2023-11-21T09:58:07.073+0300] {logging_mixin.py:117} INFO - [2023-11-21T09:58:07.073+0300] {dagbag.py:525} INFO - Filling up the DagBag from /home/user/Masaüstü/kafka/.env/lib/python3.8/site-packages/airflow/example_dags/example_branch_operator.py
[2023-11-21T09:58:07.093+0300] {processor.py:768} INFO - DAG(s) dict_keys(['example_branch_operator']) retrieved from /home/user/Masaüstü/kafka/.env/lib/python3.8/site-packages/airflow/example_dags/example_branch_operator.py
[2023-11-21T09:58:07.115+0300] {logging_mixin.py:117} INFO - [2023-11-21T09:58:07.115+0300] {dag.py:2573} INFO - Sync 1 DAGs
[2023-11-21T09:58:07.135+0300] {logging_mixin.py:117} INFO - [2023-11-21T09:58:07.135+0300] {dag.py:3324} INFO - Setting next_dagrun for example_branch_operator to 2023-11-20T00:00:00+00:00, run_after=2023-11-21T00:00:00+00:00
[2023-11-21T09:58:07.161+0300] {processor.py:178} INFO - Processing /home/user/Masaüstü/kafka/.env/lib/python3.8/site-packages/airflow/example_dags/example_branch_operator.py took 0.093 seconds
[2023-11-21T09:58:43.798+0300] {processor.py:156} INFO - Started process (PID=27166) to work on /home/user/Masaüstü/kafka/.env/lib/python3.8/site-packages/airflow/example_dags/example_branch_operator.py
[2023-11-21T09:58:43.800+0300] {processor.py:758} INFO - Processing file /home/user/Masaüstü/kafka/.env/lib/python3.8/site-packages/airflow/example_dags/example_branch_operator.py for tasks to queue
[2023-11-21T09:58:43.802+0300] {logging_mixin.py:117} INFO - [2023-11-21T09:58:43.801+0300] {dagbag.py:525} INFO - Filling up the DagBag from /home/user/Masaüstü/kafka/.env/lib/python3.8/site-packages/airflow/example_dags/example_branch_operator.py
[2023-11-21T09:58:43.826+0300] {processor.py:768} INFO - DAG(s) dict_keys(['example_branch_operator']) retrieved from /home/user/Masaüstü/kafka/.env/lib/python3.8/site-packages/airflow/example_dags/example_branch_operator.py
[2023-11-21T09:58:43.860+0300] {logging_mixin.py:117} INFO - [2023-11-21T09:58:43.859+0300] {dag.py:2573} INFO - Sync 1 DAGs
[2023-11-21T09:58:43.889+0300] {logging_mixin.py:117} INFO - [2023-11-21T09:58:43.889+0300] {dag.py:3324} INFO - Setting next_dagrun for example_branch_operator to 2023-11-20T00:00:00+00:00, run_after=2023-11-21T00:00:00+00:00
[2023-11-21T09:58:43.919+0300] {processor.py:178} INFO - Processing /home/user/Masaüstü/kafka/.env/lib/python3.8/site-packages/airflow/example_dags/example_branch_operator.py took 0.126 seconds
[2023-11-21T09:59:19.751+0300] {processor.py:156} INFO - Started process (PID=27418) to work on /home/user/Masaüstü/kafka/.env/lib/python3.8/site-packages/airflow/example_dags/example_branch_operator.py
[2023-11-21T09:59:19.751+0300] {processor.py:758} INFO - Processing file /home/user/Masaüstü/kafka/.env/lib/python3.8/site-packages/airflow/example_dags/example_branch_operator.py for tasks to queue
[2023-11-21T09:59:19.752+0300] {logging_mixin.py:117} INFO - [2023-11-21T09:59:19.752+0300] {dagbag.py:525} INFO - Filling up the DagBag from /home/user/Masaüstü/kafka/.env/lib/python3.8/site-packages/airflow/example_dags/example_branch_operator.py
[2023-11-21T09:59:19.765+0300] {processor.py:768} INFO - DAG(s) dict_keys(['example_branch_operator']) retrieved from /home/user/Masaüstü/kafka/.env/lib/python3.8/site-packages/airflow/example_dags/example_branch_operator.py
[2023-11-21T09:59:19.787+0300] {logging_mixin.py:117} INFO - [2023-11-21T09:59:19.787+0300] {dag.py:2573} INFO - Sync 1 DAGs
[2023-11-21T09:59:19.809+0300] {logging_mixin.py:117} INFO - [2023-11-21T09:59:19.809+0300] {dag.py:3324} INFO - Setting next_dagrun for example_branch_operator to 2023-11-20T00:00:00+00:00, run_after=2023-11-21T00:00:00+00:00
[2023-11-21T09:59:19.825+0300] {processor.py:178} INFO - Processing /home/user/Masaüstü/kafka/.env/lib/python3.8/site-packages/airflow/example_dags/example_branch_operator.py took 0.077 seconds
[2023-11-21T09:59:56.042+0300] {processor.py:156} INFO - Started process (PID=27650) to work on /home/user/Masaüstü/kafka/.env/lib/python3.8/site-packages/airflow/example_dags/example_branch_operator.py
[2023-11-21T09:59:56.043+0300] {processor.py:758} INFO - Processing file /home/user/Masaüstü/kafka/.env/lib/python3.8/site-packages/airflow/example_dags/example_branch_operator.py for tasks to queue
[2023-11-21T09:59:56.044+0300] {logging_mixin.py:117} INFO - [2023-11-21T09:59:56.044+0300] {dagbag.py:525} INFO - Filling up the DagBag from /home/user/Masaüstü/kafka/.env/lib/python3.8/site-packages/airflow/example_dags/example_branch_operator.py
[2023-11-21T09:59:56.060+0300] {processor.py:768} INFO - DAG(s) dict_keys(['example_branch_operator']) retrieved from /home/user/Masaüstü/kafka/.env/lib/python3.8/site-packages/airflow/example_dags/example_branch_operator.py
[2023-11-21T09:59:56.079+0300] {logging_mixin.py:117} INFO - [2023-11-21T09:59:56.079+0300] {dag.py:2573} INFO - Sync 1 DAGs
[2023-11-21T09:59:56.095+0300] {logging_mixin.py:117} INFO - [2023-11-21T09:59:56.095+0300] {dag.py:3324} INFO - Setting next_dagrun for example_branch_operator to 2023-11-20T00:00:00+00:00, run_after=2023-11-21T00:00:00+00:00
[2023-11-21T09:59:56.112+0300] {processor.py:178} INFO - Processing /home/user/Masaüstü/kafka/.env/lib/python3.8/site-packages/airflow/example_dags/example_branch_operator.py took 0.072 seconds
[2023-11-21T10:00:31.116+0300] {processor.py:156} INFO - Started process (PID=27861) to work on /home/user/Masaüstü/kafka/.env/lib/python3.8/site-packages/airflow/example_dags/example_branch_operator.py
[2023-11-21T10:00:31.119+0300] {processor.py:758} INFO - Processing file /home/user/Masaüstü/kafka/.env/lib/python3.8/site-packages/airflow/example_dags/example_branch_operator.py for tasks to queue
[2023-11-21T10:00:31.121+0300] {logging_mixin.py:117} INFO - [2023-11-21T10:00:31.120+0300] {dagbag.py:525} INFO - Filling up the DagBag from /home/user/Masaüstü/kafka/.env/lib/python3.8/site-packages/airflow/example_dags/example_branch_operator.py
[2023-11-21T10:00:31.151+0300] {processor.py:768} INFO - DAG(s) dict_keys(['example_branch_operator']) retrieved from /home/user/Masaüstü/kafka/.env/lib/python3.8/site-packages/airflow/example_dags/example_branch_operator.py
[2023-11-21T10:00:31.176+0300] {logging_mixin.py:117} INFO - [2023-11-21T10:00:31.176+0300] {dag.py:2573} INFO - Sync 1 DAGs
[2023-11-21T10:00:31.193+0300] {logging_mixin.py:117} INFO - [2023-11-21T10:00:31.192+0300] {dag.py:3324} INFO - Setting next_dagrun for example_branch_operator to 2023-11-20T00:00:00+00:00, run_after=2023-11-21T00:00:00+00:00
[2023-11-21T10:00:31.212+0300] {processor.py:178} INFO - Processing /home/user/Masaüstü/kafka/.env/lib/python3.8/site-packages/airflow/example_dags/example_branch_operator.py took 0.105 seconds
[2023-11-21T10:01:07.564+0300] {processor.py:156} INFO - Started process (PID=28087) to work on /home/user/Masaüstü/kafka/.env/lib/python3.8/site-packages/airflow/example_dags/example_branch_operator.py
[2023-11-21T10:01:07.566+0300] {processor.py:758} INFO - Processing file /home/user/Masaüstü/kafka/.env/lib/python3.8/site-packages/airflow/example_dags/example_branch_operator.py for tasks to queue
[2023-11-21T10:01:07.567+0300] {logging_mixin.py:117} INFO - [2023-11-21T10:01:07.567+0300] {dagbag.py:525} INFO - Filling up the DagBag from /home/user/Masaüstü/kafka/.env/lib/python3.8/site-packages/airflow/example_dags/example_branch_operator.py
[2023-11-21T10:01:07.592+0300] {processor.py:768} INFO - DAG(s) dict_keys(['example_branch_operator']) retrieved from /home/user/Masaüstü/kafka/.env/lib/python3.8/site-packages/airflow/example_dags/example_branch_operator.py
[2023-11-21T10:01:07.620+0300] {logging_mixin.py:117} INFO - [2023-11-21T10:01:07.620+0300] {dag.py:2573} INFO - Sync 1 DAGs
[2023-11-21T10:01:07.637+0300] {logging_mixin.py:117} INFO - [2023-11-21T10:01:07.637+0300] {dag.py:3324} INFO - Setting next_dagrun for example_branch_operator to 2023-11-20T00:00:00+00:00, run_after=2023-11-21T00:00:00+00:00
[2023-11-21T10:01:07.655+0300] {processor.py:178} INFO - Processing /home/user/Masaüstü/kafka/.env/lib/python3.8/site-packages/airflow/example_dags/example_branch_operator.py took 0.093 seconds
[2023-11-21T10:01:42.374+0300] {processor.py:156} INFO - Started process (PID=28363) to work on /home/user/Masaüstü/kafka/.env/lib/python3.8/site-packages/airflow/example_dags/example_branch_operator.py
[2023-11-21T10:01:42.376+0300] {processor.py:758} INFO - Processing file /home/user/Masaüstü/kafka/.env/lib/python3.8/site-packages/airflow/example_dags/example_branch_operator.py for tasks to queue
[2023-11-21T10:01:42.377+0300] {logging_mixin.py:117} INFO - [2023-11-21T10:01:42.376+0300] {dagbag.py:525} INFO - Filling up the DagBag from /home/user/Masaüstü/kafka/.env/lib/python3.8/site-packages/airflow/example_dags/example_branch_operator.py
[2023-11-21T10:01:42.394+0300] {processor.py:768} INFO - DAG(s) dict_keys(['example_branch_operator']) retrieved from /home/user/Masaüstü/kafka/.env/lib/python3.8/site-packages/airflow/example_dags/example_branch_operator.py
[2023-11-21T10:01:42.415+0300] {logging_mixin.py:117} INFO - [2023-11-21T10:01:42.414+0300] {dag.py:2573} INFO - Sync 1 DAGs
[2023-11-21T10:01:42.431+0300] {logging_mixin.py:117} INFO - [2023-11-21T10:01:42.431+0300] {dag.py:3324} INFO - Setting next_dagrun for example_branch_operator to 2023-11-20T00:00:00+00:00, run_after=2023-11-21T00:00:00+00:00
[2023-11-21T10:01:42.448+0300] {processor.py:178} INFO - Processing /home/user/Masaüstü/kafka/.env/lib/python3.8/site-packages/airflow/example_dags/example_branch_operator.py took 0.077 seconds
[2023-11-21T10:02:18.896+0300] {processor.py:156} INFO - Started process (PID=28584) to work on /home/user/Masaüstü/kafka/.env/lib/python3.8/site-packages/airflow/example_dags/example_branch_operator.py
[2023-11-21T10:02:18.898+0300] {processor.py:758} INFO - Processing file /home/user/Masaüstü/kafka/.env/lib/python3.8/site-packages/airflow/example_dags/example_branch_operator.py for tasks to queue
[2023-11-21T10:02:18.899+0300] {logging_mixin.py:117} INFO - [2023-11-21T10:02:18.899+0300] {dagbag.py:525} INFO - Filling up the DagBag from /home/user/Masaüstü/kafka/.env/lib/python3.8/site-packages/airflow/example_dags/example_branch_operator.py
[2023-11-21T10:02:18.922+0300] {processor.py:768} INFO - DAG(s) dict_keys(['example_branch_operator']) retrieved from /home/user/Masaüstü/kafka/.env/lib/python3.8/site-packages/airflow/example_dags/example_branch_operator.py
[2023-11-21T10:02:18.944+0300] {logging_mixin.py:117} INFO - [2023-11-21T10:02:18.944+0300] {dag.py:2573} INFO - Sync 1 DAGs
[2023-11-21T10:02:18.959+0300] {logging_mixin.py:117} INFO - [2023-11-21T10:02:18.959+0300] {dag.py:3324} INFO - Setting next_dagrun for example_branch_operator to 2023-11-20T00:00:00+00:00, run_after=2023-11-21T00:00:00+00:00
[2023-11-21T10:02:18.981+0300] {processor.py:178} INFO - Processing /home/user/Masaüstü/kafka/.env/lib/python3.8/site-packages/airflow/example_dags/example_branch_operator.py took 0.089 seconds
[2023-11-21T10:02:54.821+0300] {processor.py:156} INFO - Started process (PID=28816) to work on /home/user/Masaüstü/kafka/.env/lib/python3.8/site-packages/airflow/example_dags/example_branch_operator.py
[2023-11-21T10:02:54.824+0300] {processor.py:758} INFO - Processing file /home/user/Masaüstü/kafka/.env/lib/python3.8/site-packages/airflow/example_dags/example_branch_operator.py for tasks to queue
[2023-11-21T10:02:54.826+0300] {logging_mixin.py:117} INFO - [2023-11-21T10:02:54.826+0300] {dagbag.py:525} INFO - Filling up the DagBag from /home/user/Masaüstü/kafka/.env/lib/python3.8/site-packages/airflow/example_dags/example_branch_operator.py
[2023-11-21T10:02:54.856+0300] {processor.py:768} INFO - DAG(s) dict_keys(['example_branch_operator']) retrieved from /home/user/Masaüstü/kafka/.env/lib/python3.8/site-packages/airflow/example_dags/example_branch_operator.py
[2023-11-21T10:02:54.876+0300] {logging_mixin.py:117} INFO - [2023-11-21T10:02:54.876+0300] {dag.py:2573} INFO - Sync 1 DAGs
[2023-11-21T10:02:54.892+0300] {logging_mixin.py:117} INFO - [2023-11-21T10:02:54.892+0300] {dag.py:3324} INFO - Setting next_dagrun for example_branch_operator to 2023-11-20T00:00:00+00:00, run_after=2023-11-21T00:00:00+00:00
[2023-11-21T10:02:54.909+0300] {processor.py:178} INFO - Processing /home/user/Masaüstü/kafka/.env/lib/python3.8/site-packages/airflow/example_dags/example_branch_operator.py took 0.094 seconds
[2023-11-21T10:05:23.494+0300] {processor.py:156} INFO - Started process (PID=30157) to work on /home/user/Masaüstü/kafka/.env/lib/python3.8/site-packages/airflow/example_dags/example_branch_operator.py
[2023-11-21T10:05:23.496+0300] {processor.py:758} INFO - Processing file /home/user/Masaüstü/kafka/.env/lib/python3.8/site-packages/airflow/example_dags/example_branch_operator.py for tasks to queue
[2023-11-21T10:05:23.497+0300] {logging_mixin.py:117} INFO - [2023-11-21T10:05:23.497+0300] {dagbag.py:525} INFO - Filling up the DagBag from /home/user/Masaüstü/kafka/.env/lib/python3.8/site-packages/airflow/example_dags/example_branch_operator.py
[2023-11-21T10:05:23.515+0300] {processor.py:768} INFO - DAG(s) dict_keys(['example_branch_operator']) retrieved from /home/user/Masaüstü/kafka/.env/lib/python3.8/site-packages/airflow/example_dags/example_branch_operator.py
[2023-11-21T10:05:23.536+0300] {logging_mixin.py:117} INFO - [2023-11-21T10:05:23.536+0300] {dag.py:2573} INFO - Sync 1 DAGs
[2023-11-21T10:05:23.552+0300] {logging_mixin.py:117} INFO - [2023-11-21T10:05:23.552+0300] {dag.py:3324} INFO - Setting next_dagrun for example_branch_operator to 2023-11-20T00:00:00+00:00, run_after=2023-11-21T00:00:00+00:00
[2023-11-21T10:05:23.578+0300] {processor.py:178} INFO - Processing /home/user/Masaüstü/kafka/.env/lib/python3.8/site-packages/airflow/example_dags/example_branch_operator.py took 0.086 seconds
[2023-11-21T10:06:03.251+0300] {processor.py:156} INFO - Started process (PID=30532) to work on /home/user/Masaüstü/kafka/.env/lib/python3.8/site-packages/airflow/example_dags/example_branch_operator.py
[2023-11-21T10:06:03.254+0300] {processor.py:758} INFO - Processing file /home/user/Masaüstü/kafka/.env/lib/python3.8/site-packages/airflow/example_dags/example_branch_operator.py for tasks to queue
[2023-11-21T10:06:03.255+0300] {logging_mixin.py:117} INFO - [2023-11-21T10:06:03.255+0300] {dagbag.py:525} INFO - Filling up the DagBag from /home/user/Masaüstü/kafka/.env/lib/python3.8/site-packages/airflow/example_dags/example_branch_operator.py
[2023-11-21T10:06:03.278+0300] {processor.py:768} INFO - DAG(s) dict_keys(['example_branch_operator']) retrieved from /home/user/Masaüstü/kafka/.env/lib/python3.8/site-packages/airflow/example_dags/example_branch_operator.py
[2023-11-21T10:06:03.297+0300] {logging_mixin.py:117} INFO - [2023-11-21T10:06:03.297+0300] {dag.py:2573} INFO - Sync 1 DAGs
[2023-11-21T10:06:03.314+0300] {logging_mixin.py:117} INFO - [2023-11-21T10:06:03.313+0300] {dag.py:3324} INFO - Setting next_dagrun for example_branch_operator to 2023-11-20T00:00:00+00:00, run_after=2023-11-21T00:00:00+00:00
[2023-11-21T10:06:03.332+0300] {processor.py:178} INFO - Processing /home/user/Masaüstü/kafka/.env/lib/python3.8/site-packages/airflow/example_dags/example_branch_operator.py took 0.088 seconds
[2023-11-21T10:06:40.919+0300] {processor.py:156} INFO - Started process (PID=30766) to work on /home/user/Masaüstü/kafka/.env/lib/python3.8/site-packages/airflow/example_dags/example_branch_operator.py
[2023-11-21T10:06:40.921+0300] {processor.py:758} INFO - Processing file /home/user/Masaüstü/kafka/.env/lib/python3.8/site-packages/airflow/example_dags/example_branch_operator.py for tasks to queue
[2023-11-21T10:06:40.922+0300] {logging_mixin.py:117} INFO - [2023-11-21T10:06:40.922+0300] {dagbag.py:525} INFO - Filling up the DagBag from /home/user/Masaüstü/kafka/.env/lib/python3.8/site-packages/airflow/example_dags/example_branch_operator.py
[2023-11-21T10:06:40.943+0300] {processor.py:768} INFO - DAG(s) dict_keys(['example_branch_operator']) retrieved from /home/user/Masaüstü/kafka/.env/lib/python3.8/site-packages/airflow/example_dags/example_branch_operator.py
[2023-11-21T10:06:40.965+0300] {logging_mixin.py:117} INFO - [2023-11-21T10:06:40.965+0300] {dag.py:2573} INFO - Sync 1 DAGs
[2023-11-21T10:06:40.981+0300] {logging_mixin.py:117} INFO - [2023-11-21T10:06:40.981+0300] {dag.py:3324} INFO - Setting next_dagrun for example_branch_operator to 2023-11-20T00:00:00+00:00, run_after=2023-11-21T00:00:00+00:00
[2023-11-21T10:06:40.999+0300] {processor.py:178} INFO - Processing /home/user/Masaüstü/kafka/.env/lib/python3.8/site-packages/airflow/example_dags/example_branch_operator.py took 0.082 seconds
[2023-11-21T10:07:18.217+0300] {processor.py:156} INFO - Started process (PID=31022) to work on /home/user/Masaüstü/kafka/.env/lib/python3.8/site-packages/airflow/example_dags/example_branch_operator.py
[2023-11-21T10:07:18.219+0300] {processor.py:758} INFO - Processing file /home/user/Masaüstü/kafka/.env/lib/python3.8/site-packages/airflow/example_dags/example_branch_operator.py for tasks to queue
[2023-11-21T10:07:18.219+0300] {logging_mixin.py:117} INFO - [2023-11-21T10:07:18.219+0300] {dagbag.py:525} INFO - Filling up the DagBag from /home/user/Masaüstü/kafka/.env/lib/python3.8/site-packages/airflow/example_dags/example_branch_operator.py
[2023-11-21T10:07:18.231+0300] {processor.py:768} INFO - DAG(s) dict_keys(['example_branch_operator']) retrieved from /home/user/Masaüstü/kafka/.env/lib/python3.8/site-packages/airflow/example_dags/example_branch_operator.py
[2023-11-21T10:07:18.251+0300] {logging_mixin.py:117} INFO - [2023-11-21T10:07:18.251+0300] {dag.py:2573} INFO - Sync 1 DAGs
[2023-11-21T10:07:18.271+0300] {logging_mixin.py:117} INFO - [2023-11-21T10:07:18.271+0300] {dag.py:3324} INFO - Setting next_dagrun for example_branch_operator to 2023-11-20T00:00:00+00:00, run_after=2023-11-21T00:00:00+00:00
[2023-11-21T10:07:18.288+0300] {processor.py:178} INFO - Processing /home/user/Masaüstü/kafka/.env/lib/python3.8/site-packages/airflow/example_dags/example_branch_operator.py took 0.073 seconds
[2023-11-21T10:07:55.912+0300] {processor.py:156} INFO - Started process (PID=31257) to work on /home/user/Masaüstü/kafka/.env/lib/python3.8/site-packages/airflow/example_dags/example_branch_operator.py
[2023-11-21T10:07:55.915+0300] {processor.py:758} INFO - Processing file /home/user/Masaüstü/kafka/.env/lib/python3.8/site-packages/airflow/example_dags/example_branch_operator.py for tasks to queue
[2023-11-21T10:07:55.917+0300] {logging_mixin.py:117} INFO - [2023-11-21T10:07:55.916+0300] {dagbag.py:525} INFO - Filling up the DagBag from /home/user/Masaüstü/kafka/.env/lib/python3.8/site-packages/airflow/example_dags/example_branch_operator.py
[2023-11-21T10:07:55.945+0300] {processor.py:768} INFO - DAG(s) dict_keys(['example_branch_operator']) retrieved from /home/user/Masaüstü/kafka/.env/lib/python3.8/site-packages/airflow/example_dags/example_branch_operator.py
[2023-11-21T10:07:55.965+0300] {logging_mixin.py:117} INFO - [2023-11-21T10:07:55.964+0300] {dag.py:2573} INFO - Sync 1 DAGs
[2023-11-21T10:07:55.985+0300] {logging_mixin.py:117} INFO - [2023-11-21T10:07:55.985+0300] {dag.py:3324} INFO - Setting next_dagrun for example_branch_operator to 2023-11-20T00:00:00+00:00, run_after=2023-11-21T00:00:00+00:00
[2023-11-21T10:07:56.005+0300] {processor.py:178} INFO - Processing /home/user/Masaüstü/kafka/.env/lib/python3.8/site-packages/airflow/example_dags/example_branch_operator.py took 0.100 seconds
[2023-11-21T10:08:34.938+0300] {processor.py:156} INFO - Started process (PID=31516) to work on /home/user/Masaüstü/kafka/.env/lib/python3.8/site-packages/airflow/example_dags/example_branch_operator.py
[2023-11-21T10:08:34.938+0300] {processor.py:758} INFO - Processing file /home/user/Masaüstü/kafka/.env/lib/python3.8/site-packages/airflow/example_dags/example_branch_operator.py for tasks to queue
[2023-11-21T10:08:34.939+0300] {logging_mixin.py:117} INFO - [2023-11-21T10:08:34.939+0300] {dagbag.py:525} INFO - Filling up the DagBag from /home/user/Masaüstü/kafka/.env/lib/python3.8/site-packages/airflow/example_dags/example_branch_operator.py
[2023-11-21T10:08:34.952+0300] {processor.py:768} INFO - DAG(s) dict_keys(['example_branch_operator']) retrieved from /home/user/Masaüstü/kafka/.env/lib/python3.8/site-packages/airflow/example_dags/example_branch_operator.py
[2023-11-21T10:08:34.970+0300] {logging_mixin.py:117} INFO - [2023-11-21T10:08:34.970+0300] {dag.py:2573} INFO - Sync 1 DAGs
[2023-11-21T10:08:34.985+0300] {logging_mixin.py:117} INFO - [2023-11-21T10:08:34.985+0300] {dag.py:3324} INFO - Setting next_dagrun for example_branch_operator to 2023-11-20T00:00:00+00:00, run_after=2023-11-21T00:00:00+00:00
[2023-11-21T10:08:35.002+0300] {processor.py:178} INFO - Processing /home/user/Masaüstü/kafka/.env/lib/python3.8/site-packages/airflow/example_dags/example_branch_operator.py took 0.066 seconds
[2023-11-21T10:09:12.483+0300] {processor.py:156} INFO - Started process (PID=31768) to work on /home/user/Masaüstü/kafka/.env/lib/python3.8/site-packages/airflow/example_dags/example_branch_operator.py
[2023-11-21T10:09:12.485+0300] {processor.py:758} INFO - Processing file /home/user/Masaüstü/kafka/.env/lib/python3.8/site-packages/airflow/example_dags/example_branch_operator.py for tasks to queue
[2023-11-21T10:09:12.486+0300] {logging_mixin.py:117} INFO - [2023-11-21T10:09:12.486+0300] {dagbag.py:525} INFO - Filling up the DagBag from /home/user/Masaüstü/kafka/.env/lib/python3.8/site-packages/airflow/example_dags/example_branch_operator.py
[2023-11-21T10:09:12.513+0300] {processor.py:768} INFO - DAG(s) dict_keys(['example_branch_operator']) retrieved from /home/user/Masaüstü/kafka/.env/lib/python3.8/site-packages/airflow/example_dags/example_branch_operator.py
[2023-11-21T10:09:12.549+0300] {logging_mixin.py:117} INFO - [2023-11-21T10:09:12.549+0300] {dag.py:2573} INFO - Sync 1 DAGs
[2023-11-21T10:09:12.572+0300] {logging_mixin.py:117} INFO - [2023-11-21T10:09:12.572+0300] {dag.py:3324} INFO - Setting next_dagrun for example_branch_operator to 2023-11-20T00:00:00+00:00, run_after=2023-11-21T00:00:00+00:00
[2023-11-21T10:09:12.606+0300] {processor.py:178} INFO - Processing /home/user/Masaüstü/kafka/.env/lib/python3.8/site-packages/airflow/example_dags/example_branch_operator.py took 0.128 seconds
[2023-11-21T10:09:56.083+0300] {processor.py:156} INFO - Started process (PID=32438) to work on /home/user/Masaüstü/kafka/.env/lib/python3.8/site-packages/airflow/example_dags/example_branch_operator.py
[2023-11-21T10:09:56.084+0300] {processor.py:758} INFO - Processing file /home/user/Masaüstü/kafka/.env/lib/python3.8/site-packages/airflow/example_dags/example_branch_operator.py for tasks to queue
[2023-11-21T10:09:56.085+0300] {logging_mixin.py:117} INFO - [2023-11-21T10:09:56.085+0300] {dagbag.py:525} INFO - Filling up the DagBag from /home/user/Masaüstü/kafka/.env/lib/python3.8/site-packages/airflow/example_dags/example_branch_operator.py
[2023-11-21T10:09:56.106+0300] {processor.py:768} INFO - DAG(s) dict_keys(['example_branch_operator']) retrieved from /home/user/Masaüstü/kafka/.env/lib/python3.8/site-packages/airflow/example_dags/example_branch_operator.py
[2023-11-21T10:09:56.129+0300] {logging_mixin.py:117} INFO - [2023-11-21T10:09:56.129+0300] {dag.py:2573} INFO - Sync 1 DAGs
[2023-11-21T10:09:56.149+0300] {logging_mixin.py:117} INFO - [2023-11-21T10:09:56.149+0300] {dag.py:3324} INFO - Setting next_dagrun for example_branch_operator to 2023-11-20T00:00:00+00:00, run_after=2023-11-21T00:00:00+00:00
[2023-11-21T10:09:56.174+0300] {processor.py:178} INFO - Processing /home/user/Masaüstü/kafka/.env/lib/python3.8/site-packages/airflow/example_dags/example_branch_operator.py took 0.094 seconds
[2023-11-21T10:10:46.934+0300] {processor.py:156} INFO - Started process (PID=33189) to work on /home/user/Masaüstü/kafka/.env/lib/python3.8/site-packages/airflow/example_dags/example_branch_operator.py
[2023-11-21T10:10:46.938+0300] {processor.py:758} INFO - Processing file /home/user/Masaüstü/kafka/.env/lib/python3.8/site-packages/airflow/example_dags/example_branch_operator.py for tasks to queue
[2023-11-21T10:10:46.939+0300] {logging_mixin.py:117} INFO - [2023-11-21T10:10:46.939+0300] {dagbag.py:525} INFO - Filling up the DagBag from /home/user/Masaüstü/kafka/.env/lib/python3.8/site-packages/airflow/example_dags/example_branch_operator.py
[2023-11-21T10:10:46.964+0300] {processor.py:768} INFO - DAG(s) dict_keys(['example_branch_operator']) retrieved from /home/user/Masaüstü/kafka/.env/lib/python3.8/site-packages/airflow/example_dags/example_branch_operator.py
[2023-11-21T10:10:46.983+0300] {logging_mixin.py:117} INFO - [2023-11-21T10:10:46.983+0300] {dag.py:2573} INFO - Sync 1 DAGs
[2023-11-21T10:10:47.004+0300] {logging_mixin.py:117} INFO - [2023-11-21T10:10:47.004+0300] {dag.py:3324} INFO - Setting next_dagrun for example_branch_operator to 2023-11-20T00:00:00+00:00, run_after=2023-11-21T00:00:00+00:00
[2023-11-21T10:10:47.025+0300] {processor.py:178} INFO - Processing /home/user/Masaüstü/kafka/.env/lib/python3.8/site-packages/airflow/example_dags/example_branch_operator.py took 0.097 seconds
[2023-11-21T10:11:24.240+0300] {processor.py:156} INFO - Started process (PID=33446) to work on /home/user/Masaüstü/kafka/.env/lib/python3.8/site-packages/airflow/example_dags/example_branch_operator.py
[2023-11-21T10:11:24.241+0300] {processor.py:758} INFO - Processing file /home/user/Masaüstü/kafka/.env/lib/python3.8/site-packages/airflow/example_dags/example_branch_operator.py for tasks to queue
[2023-11-21T10:11:24.242+0300] {logging_mixin.py:117} INFO - [2023-11-21T10:11:24.241+0300] {dagbag.py:525} INFO - Filling up the DagBag from /home/user/Masaüstü/kafka/.env/lib/python3.8/site-packages/airflow/example_dags/example_branch_operator.py
[2023-11-21T10:11:24.257+0300] {processor.py:768} INFO - DAG(s) dict_keys(['example_branch_operator']) retrieved from /home/user/Masaüstü/kafka/.env/lib/python3.8/site-packages/airflow/example_dags/example_branch_operator.py
[2023-11-21T10:11:24.279+0300] {logging_mixin.py:117} INFO - [2023-11-21T10:11:24.279+0300] {dag.py:2573} INFO - Sync 1 DAGs
[2023-11-21T10:11:24.296+0300] {logging_mixin.py:117} INFO - [2023-11-21T10:11:24.295+0300] {dag.py:3324} INFO - Setting next_dagrun for example_branch_operator to 2023-11-20T00:00:00+00:00, run_after=2023-11-21T00:00:00+00:00
[2023-11-21T10:11:24.314+0300] {processor.py:178} INFO - Processing /home/user/Masaüstü/kafka/.env/lib/python3.8/site-packages/airflow/example_dags/example_branch_operator.py took 0.076 seconds
[2023-11-21T10:12:02.596+0300] {processor.py:156} INFO - Started process (PID=33691) to work on /home/user/Masaüstü/kafka/.env/lib/python3.8/site-packages/airflow/example_dags/example_branch_operator.py
[2023-11-21T10:12:02.596+0300] {processor.py:758} INFO - Processing file /home/user/Masaüstü/kafka/.env/lib/python3.8/site-packages/airflow/example_dags/example_branch_operator.py for tasks to queue
[2023-11-21T10:12:02.597+0300] {logging_mixin.py:117} INFO - [2023-11-21T10:12:02.597+0300] {dagbag.py:525} INFO - Filling up the DagBag from /home/user/Masaüstü/kafka/.env/lib/python3.8/site-packages/airflow/example_dags/example_branch_operator.py
[2023-11-21T10:12:02.609+0300] {processor.py:768} INFO - DAG(s) dict_keys(['example_branch_operator']) retrieved from /home/user/Masaüstü/kafka/.env/lib/python3.8/site-packages/airflow/example_dags/example_branch_operator.py
[2023-11-21T10:12:02.628+0300] {logging_mixin.py:117} INFO - [2023-11-21T10:12:02.628+0300] {dag.py:2573} INFO - Sync 1 DAGs
[2023-11-21T10:12:02.643+0300] {logging_mixin.py:117} INFO - [2023-11-21T10:12:02.643+0300] {dag.py:3324} INFO - Setting next_dagrun for example_branch_operator to 2023-11-20T00:00:00+00:00, run_after=2023-11-21T00:00:00+00:00
[2023-11-21T10:12:02.670+0300] {processor.py:178} INFO - Processing /home/user/Masaüstü/kafka/.env/lib/python3.8/site-packages/airflow/example_dags/example_branch_operator.py took 0.076 seconds
[2023-11-21T10:12:40.448+0300] {processor.py:156} INFO - Started process (PID=33918) to work on /home/user/Masaüstü/kafka/.env/lib/python3.8/site-packages/airflow/example_dags/example_branch_operator.py
[2023-11-21T10:12:40.451+0300] {processor.py:758} INFO - Processing file /home/user/Masaüstü/kafka/.env/lib/python3.8/site-packages/airflow/example_dags/example_branch_operator.py for tasks to queue
[2023-11-21T10:12:40.453+0300] {logging_mixin.py:117} INFO - [2023-11-21T10:12:40.452+0300] {dagbag.py:525} INFO - Filling up the DagBag from /home/user/Masaüstü/kafka/.env/lib/python3.8/site-packages/airflow/example_dags/example_branch_operator.py
[2023-11-21T10:12:40.479+0300] {processor.py:768} INFO - DAG(s) dict_keys(['example_branch_operator']) retrieved from /home/user/Masaüstü/kafka/.env/lib/python3.8/site-packages/airflow/example_dags/example_branch_operator.py
[2023-11-21T10:12:40.512+0300] {logging_mixin.py:117} INFO - [2023-11-21T10:12:40.511+0300] {dag.py:2573} INFO - Sync 1 DAGs
[2023-11-21T10:12:40.534+0300] {logging_mixin.py:117} INFO - [2023-11-21T10:12:40.533+0300] {dag.py:3324} INFO - Setting next_dagrun for example_branch_operator to 2023-11-20T00:00:00+00:00, run_after=2023-11-21T00:00:00+00:00
[2023-11-21T10:12:40.552+0300] {processor.py:178} INFO - Processing /home/user/Masaüstü/kafka/.env/lib/python3.8/site-packages/airflow/example_dags/example_branch_operator.py took 0.110 seconds
[2023-11-21T10:13:18.811+0300] {processor.py:156} INFO - Started process (PID=34168) to work on /home/user/Masaüstü/kafka/.env/lib/python3.8/site-packages/airflow/example_dags/example_branch_operator.py
[2023-11-21T10:13:18.813+0300] {processor.py:758} INFO - Processing file /home/user/Masaüstü/kafka/.env/lib/python3.8/site-packages/airflow/example_dags/example_branch_operator.py for tasks to queue
[2023-11-21T10:13:18.814+0300] {logging_mixin.py:117} INFO - [2023-11-21T10:13:18.814+0300] {dagbag.py:525} INFO - Filling up the DagBag from /home/user/Masaüstü/kafka/.env/lib/python3.8/site-packages/airflow/example_dags/example_branch_operator.py
[2023-11-21T10:13:18.835+0300] {processor.py:768} INFO - DAG(s) dict_keys(['example_branch_operator']) retrieved from /home/user/Masaüstü/kafka/.env/lib/python3.8/site-packages/airflow/example_dags/example_branch_operator.py
[2023-11-21T10:13:18.855+0300] {logging_mixin.py:117} INFO - [2023-11-21T10:13:18.855+0300] {dag.py:2573} INFO - Sync 1 DAGs
[2023-11-21T10:13:18.870+0300] {logging_mixin.py:117} INFO - [2023-11-21T10:13:18.870+0300] {dag.py:3324} INFO - Setting next_dagrun for example_branch_operator to 2023-11-20T00:00:00+00:00, run_after=2023-11-21T00:00:00+00:00
[2023-11-21T10:13:18.886+0300] {processor.py:178} INFO - Processing /home/user/Masaüstü/kafka/.env/lib/python3.8/site-packages/airflow/example_dags/example_branch_operator.py took 0.078 seconds
[2023-11-21T10:14:10.690+0300] {processor.py:156} INFO - Started process (PID=34900) to work on /home/user/Masaüstü/kafka/.env/lib/python3.8/site-packages/airflow/example_dags/example_branch_operator.py
[2023-11-21T10:14:10.692+0300] {processor.py:758} INFO - Processing file /home/user/Masaüstü/kafka/.env/lib/python3.8/site-packages/airflow/example_dags/example_branch_operator.py for tasks to queue
[2023-11-21T10:14:10.693+0300] {logging_mixin.py:117} INFO - [2023-11-21T10:14:10.693+0300] {dagbag.py:525} INFO - Filling up the DagBag from /home/user/Masaüstü/kafka/.env/lib/python3.8/site-packages/airflow/example_dags/example_branch_operator.py
[2023-11-21T10:14:10.712+0300] {processor.py:768} INFO - DAG(s) dict_keys(['example_branch_operator']) retrieved from /home/user/Masaüstü/kafka/.env/lib/python3.8/site-packages/airflow/example_dags/example_branch_operator.py
[2023-11-21T10:14:10.732+0300] {logging_mixin.py:117} INFO - [2023-11-21T10:14:10.732+0300] {dag.py:2573} INFO - Sync 1 DAGs
[2023-11-21T10:14:10.748+0300] {logging_mixin.py:117} INFO - [2023-11-21T10:14:10.748+0300] {dag.py:3324} INFO - Setting next_dagrun for example_branch_operator to 2023-11-20T00:00:00+00:00, run_after=2023-11-21T00:00:00+00:00
[2023-11-21T10:14:10.776+0300] {processor.py:178} INFO - Processing /home/user/Masaüstü/kafka/.env/lib/python3.8/site-packages/airflow/example_dags/example_branch_operator.py took 0.089 seconds
[2023-11-21T10:14:49.419+0300] {processor.py:156} INFO - Started process (PID=35329) to work on /home/user/Masaüstü/kafka/.env/lib/python3.8/site-packages/airflow/example_dags/example_branch_operator.py
[2023-11-21T10:14:49.421+0300] {processor.py:758} INFO - Processing file /home/user/Masaüstü/kafka/.env/lib/python3.8/site-packages/airflow/example_dags/example_branch_operator.py for tasks to queue
[2023-11-21T10:14:49.422+0300] {logging_mixin.py:117} INFO - [2023-11-21T10:14:49.422+0300] {dagbag.py:525} INFO - Filling up the DagBag from /home/user/Masaüstü/kafka/.env/lib/python3.8/site-packages/airflow/example_dags/example_branch_operator.py
[2023-11-21T10:14:49.449+0300] {processor.py:768} INFO - DAG(s) dict_keys(['example_branch_operator']) retrieved from /home/user/Masaüstü/kafka/.env/lib/python3.8/site-packages/airflow/example_dags/example_branch_operator.py
[2023-11-21T10:14:49.471+0300] {logging_mixin.py:117} INFO - [2023-11-21T10:14:49.470+0300] {dag.py:2573} INFO - Sync 1 DAGs
[2023-11-21T10:14:49.489+0300] {logging_mixin.py:117} INFO - [2023-11-21T10:14:49.489+0300] {dag.py:3324} INFO - Setting next_dagrun for example_branch_operator to 2023-11-20T00:00:00+00:00, run_after=2023-11-21T00:00:00+00:00
[2023-11-21T10:14:49.509+0300] {processor.py:178} INFO - Processing /home/user/Masaüstü/kafka/.env/lib/python3.8/site-packages/airflow/example_dags/example_branch_operator.py took 0.093 seconds
[2023-11-21T10:15:27.131+0300] {processor.py:156} INFO - Started process (PID=35637) to work on /home/user/Masaüstü/kafka/.env/lib/python3.8/site-packages/airflow/example_dags/example_branch_operator.py
[2023-11-21T10:15:27.133+0300] {processor.py:758} INFO - Processing file /home/user/Masaüstü/kafka/.env/lib/python3.8/site-packages/airflow/example_dags/example_branch_operator.py for tasks to queue
[2023-11-21T10:15:27.133+0300] {logging_mixin.py:117} INFO - [2023-11-21T10:15:27.133+0300] {dagbag.py:525} INFO - Filling up the DagBag from /home/user/Masaüstü/kafka/.env/lib/python3.8/site-packages/airflow/example_dags/example_branch_operator.py
[2023-11-21T10:15:27.146+0300] {processor.py:768} INFO - DAG(s) dict_keys(['example_branch_operator']) retrieved from /home/user/Masaüstü/kafka/.env/lib/python3.8/site-packages/airflow/example_dags/example_branch_operator.py
[2023-11-21T10:15:27.169+0300] {logging_mixin.py:117} INFO - [2023-11-21T10:15:27.169+0300] {dag.py:2573} INFO - Sync 1 DAGs
[2023-11-21T10:15:27.186+0300] {logging_mixin.py:117} INFO - [2023-11-21T10:15:27.186+0300] {dag.py:3324} INFO - Setting next_dagrun for example_branch_operator to 2023-11-20T00:00:00+00:00, run_after=2023-11-21T00:00:00+00:00
[2023-11-21T10:15:27.213+0300] {processor.py:178} INFO - Processing /home/user/Masaüstü/kafka/.env/lib/python3.8/site-packages/airflow/example_dags/example_branch_operator.py took 0.084 seconds
[2023-11-21T10:16:03.618+0300] {processor.py:156} INFO - Started process (PID=35863) to work on /home/user/Masaüstü/kafka/.env/lib/python3.8/site-packages/airflow/example_dags/example_branch_operator.py
[2023-11-21T10:16:03.620+0300] {processor.py:758} INFO - Processing file /home/user/Masaüstü/kafka/.env/lib/python3.8/site-packages/airflow/example_dags/example_branch_operator.py for tasks to queue
[2023-11-21T10:16:03.620+0300] {logging_mixin.py:117} INFO - [2023-11-21T10:16:03.620+0300] {dagbag.py:525} INFO - Filling up the DagBag from /home/user/Masaüstü/kafka/.env/lib/python3.8/site-packages/airflow/example_dags/example_branch_operator.py
[2023-11-21T10:16:03.638+0300] {processor.py:768} INFO - DAG(s) dict_keys(['example_branch_operator']) retrieved from /home/user/Masaüstü/kafka/.env/lib/python3.8/site-packages/airflow/example_dags/example_branch_operator.py
[2023-11-21T10:16:03.661+0300] {logging_mixin.py:117} INFO - [2023-11-21T10:16:03.661+0300] {dag.py:2573} INFO - Sync 1 DAGs
[2023-11-21T10:16:03.683+0300] {logging_mixin.py:117} INFO - [2023-11-21T10:16:03.682+0300] {dag.py:3324} INFO - Setting next_dagrun for example_branch_operator to 2023-11-20T00:00:00+00:00, run_after=2023-11-21T00:00:00+00:00
[2023-11-21T10:16:03.699+0300] {processor.py:178} INFO - Processing /home/user/Masaüstü/kafka/.env/lib/python3.8/site-packages/airflow/example_dags/example_branch_operator.py took 0.084 seconds
[2023-11-21T10:16:41.243+0300] {processor.py:156} INFO - Started process (PID=36101) to work on /home/user/Masaüstü/kafka/.env/lib/python3.8/site-packages/airflow/example_dags/example_branch_operator.py
[2023-11-21T10:16:41.245+0300] {processor.py:758} INFO - Processing file /home/user/Masaüstü/kafka/.env/lib/python3.8/site-packages/airflow/example_dags/example_branch_operator.py for tasks to queue
[2023-11-21T10:16:41.246+0300] {logging_mixin.py:117} INFO - [2023-11-21T10:16:41.246+0300] {dagbag.py:525} INFO - Filling up the DagBag from /home/user/Masaüstü/kafka/.env/lib/python3.8/site-packages/airflow/example_dags/example_branch_operator.py
[2023-11-21T10:16:41.262+0300] {processor.py:768} INFO - DAG(s) dict_keys(['example_branch_operator']) retrieved from /home/user/Masaüstü/kafka/.env/lib/python3.8/site-packages/airflow/example_dags/example_branch_operator.py
[2023-11-21T10:16:41.282+0300] {logging_mixin.py:117} INFO - [2023-11-21T10:16:41.282+0300] {dag.py:2573} INFO - Sync 1 DAGs
[2023-11-21T10:16:41.298+0300] {logging_mixin.py:117} INFO - [2023-11-21T10:16:41.298+0300] {dag.py:3324} INFO - Setting next_dagrun for example_branch_operator to 2023-11-20T00:00:00+00:00, run_after=2023-11-21T00:00:00+00:00
[2023-11-21T10:16:41.315+0300] {processor.py:178} INFO - Processing /home/user/Masaüstü/kafka/.env/lib/python3.8/site-packages/airflow/example_dags/example_branch_operator.py took 0.075 seconds
[2023-11-21T10:17:19.032+0300] {processor.py:156} INFO - Started process (PID=36383) to work on /home/user/Masaüstü/kafka/.env/lib/python3.8/site-packages/airflow/example_dags/example_branch_operator.py
[2023-11-21T10:17:19.034+0300] {processor.py:758} INFO - Processing file /home/user/Masaüstü/kafka/.env/lib/python3.8/site-packages/airflow/example_dags/example_branch_operator.py for tasks to queue
[2023-11-21T10:17:19.034+0300] {logging_mixin.py:117} INFO - [2023-11-21T10:17:19.034+0300] {dagbag.py:525} INFO - Filling up the DagBag from /home/user/Masaüstü/kafka/.env/lib/python3.8/site-packages/airflow/example_dags/example_branch_operator.py
[2023-11-21T10:17:19.050+0300] {processor.py:768} INFO - DAG(s) dict_keys(['example_branch_operator']) retrieved from /home/user/Masaüstü/kafka/.env/lib/python3.8/site-packages/airflow/example_dags/example_branch_operator.py
[2023-11-21T10:17:19.074+0300] {logging_mixin.py:117} INFO - [2023-11-21T10:17:19.074+0300] {dag.py:2573} INFO - Sync 1 DAGs
[2023-11-21T10:17:19.098+0300] {logging_mixin.py:117} INFO - [2023-11-21T10:17:19.098+0300] {dag.py:3324} INFO - Setting next_dagrun for example_branch_operator to 2023-11-20T00:00:00+00:00, run_after=2023-11-21T00:00:00+00:00
[2023-11-21T10:17:19.124+0300] {processor.py:178} INFO - Processing /home/user/Masaüstü/kafka/.env/lib/python3.8/site-packages/airflow/example_dags/example_branch_operator.py took 0.094 seconds
[2023-11-21T10:17:55.870+0300] {processor.py:156} INFO - Started process (PID=36640) to work on /home/user/Masaüstü/kafka/.env/lib/python3.8/site-packages/airflow/example_dags/example_branch_operator.py
[2023-11-21T10:17:55.872+0300] {processor.py:758} INFO - Processing file /home/user/Masaüstü/kafka/.env/lib/python3.8/site-packages/airflow/example_dags/example_branch_operator.py for tasks to queue
[2023-11-21T10:17:55.873+0300] {logging_mixin.py:117} INFO - [2023-11-21T10:17:55.873+0300] {dagbag.py:525} INFO - Filling up the DagBag from /home/user/Masaüstü/kafka/.env/lib/python3.8/site-packages/airflow/example_dags/example_branch_operator.py
[2023-11-21T10:17:55.886+0300] {processor.py:768} INFO - DAG(s) dict_keys(['example_branch_operator']) retrieved from /home/user/Masaüstü/kafka/.env/lib/python3.8/site-packages/airflow/example_dags/example_branch_operator.py
[2023-11-21T10:17:55.904+0300] {logging_mixin.py:117} INFO - [2023-11-21T10:17:55.904+0300] {dag.py:2573} INFO - Sync 1 DAGs
[2023-11-21T10:17:55.921+0300] {logging_mixin.py:117} INFO - [2023-11-21T10:17:55.921+0300] {dag.py:3324} INFO - Setting next_dagrun for example_branch_operator to 2023-11-20T00:00:00+00:00, run_after=2023-11-21T00:00:00+00:00
[2023-11-21T10:17:55.946+0300] {processor.py:178} INFO - Processing /home/user/Masaüstü/kafka/.env/lib/python3.8/site-packages/airflow/example_dags/example_branch_operator.py took 0.077 seconds
[2023-11-21T10:18:34.727+0300] {processor.py:156} INFO - Started process (PID=36904) to work on /home/user/Masaüstü/kafka/.env/lib/python3.8/site-packages/airflow/example_dags/example_branch_operator.py
[2023-11-21T10:18:34.729+0300] {processor.py:758} INFO - Processing file /home/user/Masaüstü/kafka/.env/lib/python3.8/site-packages/airflow/example_dags/example_branch_operator.py for tasks to queue
[2023-11-21T10:18:34.730+0300] {logging_mixin.py:117} INFO - [2023-11-21T10:18:34.730+0300] {dagbag.py:525} INFO - Filling up the DagBag from /home/user/Masaüstü/kafka/.env/lib/python3.8/site-packages/airflow/example_dags/example_branch_operator.py
[2023-11-21T10:18:34.752+0300] {processor.py:768} INFO - DAG(s) dict_keys(['example_branch_operator']) retrieved from /home/user/Masaüstü/kafka/.env/lib/python3.8/site-packages/airflow/example_dags/example_branch_operator.py
[2023-11-21T10:18:34.774+0300] {logging_mixin.py:117} INFO - [2023-11-21T10:18:34.774+0300] {dag.py:2573} INFO - Sync 1 DAGs
[2023-11-21T10:18:34.790+0300] {logging_mixin.py:117} INFO - [2023-11-21T10:18:34.790+0300] {dag.py:3324} INFO - Setting next_dagrun for example_branch_operator to 2023-11-20T00:00:00+00:00, run_after=2023-11-21T00:00:00+00:00
[2023-11-21T10:18:34.816+0300] {processor.py:178} INFO - Processing /home/user/Masaüstü/kafka/.env/lib/python3.8/site-packages/airflow/example_dags/example_branch_operator.py took 0.092 seconds
[2023-11-21T10:19:13.070+0300] {processor.py:156} INFO - Started process (PID=37145) to work on /home/user/Masaüstü/kafka/.env/lib/python3.8/site-packages/airflow/example_dags/example_branch_operator.py
[2023-11-21T10:19:13.074+0300] {processor.py:758} INFO - Processing file /home/user/Masaüstü/kafka/.env/lib/python3.8/site-packages/airflow/example_dags/example_branch_operator.py for tasks to queue
[2023-11-21T10:19:13.075+0300] {logging_mixin.py:117} INFO - [2023-11-21T10:19:13.075+0300] {dagbag.py:525} INFO - Filling up the DagBag from /home/user/Masaüstü/kafka/.env/lib/python3.8/site-packages/airflow/example_dags/example_branch_operator.py
[2023-11-21T10:19:13.104+0300] {processor.py:768} INFO - DAG(s) dict_keys(['example_branch_operator']) retrieved from /home/user/Masaüstü/kafka/.env/lib/python3.8/site-packages/airflow/example_dags/example_branch_operator.py
[2023-11-21T10:19:13.123+0300] {logging_mixin.py:117} INFO - [2023-11-21T10:19:13.122+0300] {dag.py:2573} INFO - Sync 1 DAGs
[2023-11-21T10:19:13.139+0300] {logging_mixin.py:117} INFO - [2023-11-21T10:19:13.138+0300] {dag.py:3324} INFO - Setting next_dagrun for example_branch_operator to 2023-11-20T00:00:00+00:00, run_after=2023-11-21T00:00:00+00:00
[2023-11-21T10:19:13.156+0300] {processor.py:178} INFO - Processing /home/user/Masaüstü/kafka/.env/lib/python3.8/site-packages/airflow/example_dags/example_branch_operator.py took 0.092 seconds
[2023-11-21T10:19:52.945+0300] {processor.py:156} INFO - Started process (PID=37467) to work on /home/user/Masaüstü/kafka/.env/lib/python3.8/site-packages/airflow/example_dags/example_branch_operator.py
[2023-11-21T10:19:52.946+0300] {processor.py:758} INFO - Processing file /home/user/Masaüstü/kafka/.env/lib/python3.8/site-packages/airflow/example_dags/example_branch_operator.py for tasks to queue
[2023-11-21T10:19:52.947+0300] {logging_mixin.py:117} INFO - [2023-11-21T10:19:52.947+0300] {dagbag.py:525} INFO - Filling up the DagBag from /home/user/Masaüstü/kafka/.env/lib/python3.8/site-packages/airflow/example_dags/example_branch_operator.py
[2023-11-21T10:19:52.960+0300] {processor.py:768} INFO - DAG(s) dict_keys(['example_branch_operator']) retrieved from /home/user/Masaüstü/kafka/.env/lib/python3.8/site-packages/airflow/example_dags/example_branch_operator.py
[2023-11-21T10:19:52.979+0300] {logging_mixin.py:117} INFO - [2023-11-21T10:19:52.979+0300] {dag.py:2573} INFO - Sync 1 DAGs
[2023-11-21T10:19:52.999+0300] {logging_mixin.py:117} INFO - [2023-11-21T10:19:52.999+0300] {dag.py:3324} INFO - Setting next_dagrun for example_branch_operator to 2023-11-20T00:00:00+00:00, run_after=2023-11-21T00:00:00+00:00
[2023-11-21T10:19:53.020+0300] {processor.py:178} INFO - Processing /home/user/Masaüstü/kafka/.env/lib/python3.8/site-packages/airflow/example_dags/example_branch_operator.py took 0.077 seconds
