[2023-11-21T09:51:47.929+0300] {processor.py:156} INFO - Started process (PID=23845) to work on /home/user/Masaüstü/kafka/.env/lib/python3.8/site-packages/airflow/example_dags/example_time_delta_sensor_async.py
[2023-11-21T09:51:47.930+0300] {processor.py:758} INFO - Processing file /home/user/Masaüstü/kafka/.env/lib/python3.8/site-packages/airflow/example_dags/example_time_delta_sensor_async.py for tasks to queue
[2023-11-21T09:51:47.932+0300] {logging_mixin.py:117} INFO - [2023-11-21T09:51:47.931+0300] {dagbag.py:525} INFO - Filling up the DagBag from /home/user/Masaüstü/kafka/.env/lib/python3.8/site-packages/airflow/example_dags/example_time_delta_sensor_async.py
[2023-11-21T09:51:47.962+0300] {processor.py:768} INFO - DAG(s) dict_keys(['example_time_delta_sensor_async']) retrieved from /home/user/Masaüstü/kafka/.env/lib/python3.8/site-packages/airflow/example_dags/example_time_delta_sensor_async.py
[2023-11-21T09:51:48.116+0300] {logging_mixin.py:117} INFO - [2023-11-21T09:51:48.116+0300] {dag.py:2573} INFO - Sync 1 DAGs
[2023-11-21T09:51:48.137+0300] {logging_mixin.py:117} INFO - [2023-11-21T09:51:48.137+0300] {dag.py:3324} INFO - Setting next_dagrun for example_time_delta_sensor_async to None, run_after=None
[2023-11-21T09:51:48.160+0300] {processor.py:178} INFO - Processing /home/user/Masaüstü/kafka/.env/lib/python3.8/site-packages/airflow/example_dags/example_time_delta_sensor_async.py took 0.236 seconds
[2023-11-21T09:52:23.318+0300] {processor.py:156} INFO - Started process (PID=24136) to work on /home/user/Masaüstü/kafka/.env/lib/python3.8/site-packages/airflow/example_dags/example_time_delta_sensor_async.py
[2023-11-21T09:52:23.318+0300] {processor.py:758} INFO - Processing file /home/user/Masaüstü/kafka/.env/lib/python3.8/site-packages/airflow/example_dags/example_time_delta_sensor_async.py for tasks to queue
[2023-11-21T09:52:23.319+0300] {logging_mixin.py:117} INFO - [2023-11-21T09:52:23.319+0300] {dagbag.py:525} INFO - Filling up the DagBag from /home/user/Masaüstü/kafka/.env/lib/python3.8/site-packages/airflow/example_dags/example_time_delta_sensor_async.py
[2023-11-21T09:52:23.329+0300] {processor.py:768} INFO - DAG(s) dict_keys(['example_time_delta_sensor_async']) retrieved from /home/user/Masaüstü/kafka/.env/lib/python3.8/site-packages/airflow/example_dags/example_time_delta_sensor_async.py
[2023-11-21T09:52:23.392+0300] {logging_mixin.py:117} INFO - [2023-11-21T09:52:23.392+0300] {dag.py:2573} INFO - Sync 1 DAGs
[2023-11-21T09:52:23.409+0300] {logging_mixin.py:117} INFO - [2023-11-21T09:52:23.409+0300] {dag.py:3324} INFO - Setting next_dagrun for example_time_delta_sensor_async to None, run_after=None
[2023-11-21T09:52:23.430+0300] {processor.py:178} INFO - Processing /home/user/Masaüstü/kafka/.env/lib/python3.8/site-packages/airflow/example_dags/example_time_delta_sensor_async.py took 0.114 seconds
[2023-11-21T09:53:01.860+0300] {processor.py:156} INFO - Started process (PID=24554) to work on /home/user/Masaüstü/kafka/.env/lib/python3.8/site-packages/airflow/example_dags/example_time_delta_sensor_async.py
[2023-11-21T09:53:01.863+0300] {processor.py:758} INFO - Processing file /home/user/Masaüstü/kafka/.env/lib/python3.8/site-packages/airflow/example_dags/example_time_delta_sensor_async.py for tasks to queue
[2023-11-21T09:53:01.865+0300] {logging_mixin.py:117} INFO - [2023-11-21T09:53:01.864+0300] {dagbag.py:525} INFO - Filling up the DagBag from /home/user/Masaüstü/kafka/.env/lib/python3.8/site-packages/airflow/example_dags/example_time_delta_sensor_async.py
[2023-11-21T09:53:01.886+0300] {processor.py:768} INFO - DAG(s) dict_keys(['example_time_delta_sensor_async']) retrieved from /home/user/Masaüstü/kafka/.env/lib/python3.8/site-packages/airflow/example_dags/example_time_delta_sensor_async.py
[2023-11-21T09:53:01.953+0300] {logging_mixin.py:117} INFO - [2023-11-21T09:53:01.953+0300] {dag.py:2573} INFO - Sync 1 DAGs
[2023-11-21T09:53:01.971+0300] {logging_mixin.py:117} INFO - [2023-11-21T09:53:01.971+0300] {dag.py:3324} INFO - Setting next_dagrun for example_time_delta_sensor_async to None, run_after=None
[2023-11-21T09:53:01.990+0300] {processor.py:178} INFO - Processing /home/user/Masaüstü/kafka/.env/lib/python3.8/site-packages/airflow/example_dags/example_time_delta_sensor_async.py took 0.136 seconds
[2023-11-21T09:53:41.157+0300] {processor.py:156} INFO - Started process (PID=24815) to work on /home/user/Masaüstü/kafka/.env/lib/python3.8/site-packages/airflow/example_dags/example_time_delta_sensor_async.py
[2023-11-21T09:53:41.158+0300] {processor.py:758} INFO - Processing file /home/user/Masaüstü/kafka/.env/lib/python3.8/site-packages/airflow/example_dags/example_time_delta_sensor_async.py for tasks to queue
[2023-11-21T09:53:41.158+0300] {logging_mixin.py:117} INFO - [2023-11-21T09:53:41.158+0300] {dagbag.py:525} INFO - Filling up the DagBag from /home/user/Masaüstü/kafka/.env/lib/python3.8/site-packages/airflow/example_dags/example_time_delta_sensor_async.py
[2023-11-21T09:53:41.168+0300] {processor.py:768} INFO - DAG(s) dict_keys(['example_time_delta_sensor_async']) retrieved from /home/user/Masaüstü/kafka/.env/lib/python3.8/site-packages/airflow/example_dags/example_time_delta_sensor_async.py
[2023-11-21T09:53:41.235+0300] {logging_mixin.py:117} INFO - [2023-11-21T09:53:41.235+0300] {dag.py:2573} INFO - Sync 1 DAGs
[2023-11-21T09:53:41.249+0300] {logging_mixin.py:117} INFO - [2023-11-21T09:53:41.249+0300] {dag.py:3324} INFO - Setting next_dagrun for example_time_delta_sensor_async to None, run_after=None
[2023-11-21T09:53:41.277+0300] {processor.py:178} INFO - Processing /home/user/Masaüstü/kafka/.env/lib/python3.8/site-packages/airflow/example_dags/example_time_delta_sensor_async.py took 0.122 seconds
[2023-11-21T09:54:16.373+0300] {processor.py:156} INFO - Started process (PID=25028) to work on /home/user/Masaüstü/kafka/.env/lib/python3.8/site-packages/airflow/example_dags/example_time_delta_sensor_async.py
[2023-11-21T09:54:16.376+0300] {processor.py:758} INFO - Processing file /home/user/Masaüstü/kafka/.env/lib/python3.8/site-packages/airflow/example_dags/example_time_delta_sensor_async.py for tasks to queue
[2023-11-21T09:54:16.376+0300] {logging_mixin.py:117} INFO - [2023-11-21T09:54:16.376+0300] {dagbag.py:525} INFO - Filling up the DagBag from /home/user/Masaüstü/kafka/.env/lib/python3.8/site-packages/airflow/example_dags/example_time_delta_sensor_async.py
[2023-11-21T09:54:16.389+0300] {processor.py:768} INFO - DAG(s) dict_keys(['example_time_delta_sensor_async']) retrieved from /home/user/Masaüstü/kafka/.env/lib/python3.8/site-packages/airflow/example_dags/example_time_delta_sensor_async.py
[2023-11-21T09:54:16.456+0300] {logging_mixin.py:117} INFO - [2023-11-21T09:54:16.455+0300] {dag.py:2573} INFO - Sync 1 DAGs
[2023-11-21T09:54:16.469+0300] {logging_mixin.py:117} INFO - [2023-11-21T09:54:16.469+0300] {dag.py:3324} INFO - Setting next_dagrun for example_time_delta_sensor_async to None, run_after=None
[2023-11-21T09:54:16.491+0300] {processor.py:178} INFO - Processing /home/user/Masaüstü/kafka/.env/lib/python3.8/site-packages/airflow/example_dags/example_time_delta_sensor_async.py took 0.123 seconds
[2023-11-21T09:54:52.427+0300] {processor.py:156} INFO - Started process (PID=25258) to work on /home/user/Masaüstü/kafka/.env/lib/python3.8/site-packages/airflow/example_dags/example_time_delta_sensor_async.py
[2023-11-21T09:54:52.428+0300] {processor.py:758} INFO - Processing file /home/user/Masaüstü/kafka/.env/lib/python3.8/site-packages/airflow/example_dags/example_time_delta_sensor_async.py for tasks to queue
[2023-11-21T09:54:52.429+0300] {logging_mixin.py:117} INFO - [2023-11-21T09:54:52.429+0300] {dagbag.py:525} INFO - Filling up the DagBag from /home/user/Masaüstü/kafka/.env/lib/python3.8/site-packages/airflow/example_dags/example_time_delta_sensor_async.py
[2023-11-21T09:54:52.440+0300] {processor.py:768} INFO - DAG(s) dict_keys(['example_time_delta_sensor_async']) retrieved from /home/user/Masaüstü/kafka/.env/lib/python3.8/site-packages/airflow/example_dags/example_time_delta_sensor_async.py
[2023-11-21T09:54:52.508+0300] {logging_mixin.py:117} INFO - [2023-11-21T09:54:52.508+0300] {dag.py:2573} INFO - Sync 1 DAGs
[2023-11-21T09:54:52.522+0300] {logging_mixin.py:117} INFO - [2023-11-21T09:54:52.522+0300] {dag.py:3324} INFO - Setting next_dagrun for example_time_delta_sensor_async to None, run_after=None
[2023-11-21T09:54:52.538+0300] {processor.py:178} INFO - Processing /home/user/Masaüstü/kafka/.env/lib/python3.8/site-packages/airflow/example_dags/example_time_delta_sensor_async.py took 0.114 seconds
[2023-11-21T09:55:30.532+0300] {processor.py:156} INFO - Started process (PID=25574) to work on /home/user/Masaüstü/kafka/.env/lib/python3.8/site-packages/airflow/example_dags/example_time_delta_sensor_async.py
[2023-11-21T09:55:30.534+0300] {processor.py:758} INFO - Processing file /home/user/Masaüstü/kafka/.env/lib/python3.8/site-packages/airflow/example_dags/example_time_delta_sensor_async.py for tasks to queue
[2023-11-21T09:55:30.535+0300] {logging_mixin.py:117} INFO - [2023-11-21T09:55:30.534+0300] {dagbag.py:525} INFO - Filling up the DagBag from /home/user/Masaüstü/kafka/.env/lib/python3.8/site-packages/airflow/example_dags/example_time_delta_sensor_async.py
[2023-11-21T09:55:30.564+0300] {processor.py:768} INFO - DAG(s) dict_keys(['example_time_delta_sensor_async']) retrieved from /home/user/Masaüstü/kafka/.env/lib/python3.8/site-packages/airflow/example_dags/example_time_delta_sensor_async.py
[2023-11-21T09:55:30.745+0300] {logging_mixin.py:117} INFO - [2023-11-21T09:55:30.744+0300] {dag.py:2573} INFO - Sync 1 DAGs
[2023-11-21T09:55:30.770+0300] {logging_mixin.py:117} INFO - [2023-11-21T09:55:30.770+0300] {dag.py:3324} INFO - Setting next_dagrun for example_time_delta_sensor_async to None, run_after=None
[2023-11-21T09:55:30.806+0300] {processor.py:178} INFO - Processing /home/user/Masaüstü/kafka/.env/lib/python3.8/site-packages/airflow/example_dags/example_time_delta_sensor_async.py took 0.276 seconds
[2023-11-21T09:56:07.152+0300] {processor.py:156} INFO - Started process (PID=25801) to work on /home/user/Masaüstü/kafka/.env/lib/python3.8/site-packages/airflow/example_dags/example_time_delta_sensor_async.py
[2023-11-21T09:56:07.153+0300] {processor.py:758} INFO - Processing file /home/user/Masaüstü/kafka/.env/lib/python3.8/site-packages/airflow/example_dags/example_time_delta_sensor_async.py for tasks to queue
[2023-11-21T09:56:07.153+0300] {logging_mixin.py:117} INFO - [2023-11-21T09:56:07.153+0300] {dagbag.py:525} INFO - Filling up the DagBag from /home/user/Masaüstü/kafka/.env/lib/python3.8/site-packages/airflow/example_dags/example_time_delta_sensor_async.py
[2023-11-21T09:56:07.162+0300] {processor.py:768} INFO - DAG(s) dict_keys(['example_time_delta_sensor_async']) retrieved from /home/user/Masaüstü/kafka/.env/lib/python3.8/site-packages/airflow/example_dags/example_time_delta_sensor_async.py
[2023-11-21T09:56:07.225+0300] {logging_mixin.py:117} INFO - [2023-11-21T09:56:07.225+0300] {dag.py:2573} INFO - Sync 1 DAGs
[2023-11-21T09:56:07.239+0300] {logging_mixin.py:117} INFO - [2023-11-21T09:56:07.239+0300] {dag.py:3324} INFO - Setting next_dagrun for example_time_delta_sensor_async to None, run_after=None
[2023-11-21T09:56:07.257+0300] {processor.py:178} INFO - Processing /home/user/Masaüstü/kafka/.env/lib/python3.8/site-packages/airflow/example_dags/example_time_delta_sensor_async.py took 0.107 seconds
[2023-11-21T09:56:44.008+0300] {processor.py:156} INFO - Started process (PID=26061) to work on /home/user/Masaüstü/kafka/.env/lib/python3.8/site-packages/airflow/example_dags/example_time_delta_sensor_async.py
[2023-11-21T09:56:44.011+0300] {processor.py:758} INFO - Processing file /home/user/Masaüstü/kafka/.env/lib/python3.8/site-packages/airflow/example_dags/example_time_delta_sensor_async.py for tasks to queue
[2023-11-21T09:56:44.013+0300] {logging_mixin.py:117} INFO - [2023-11-21T09:56:44.012+0300] {dagbag.py:525} INFO - Filling up the DagBag from /home/user/Masaüstü/kafka/.env/lib/python3.8/site-packages/airflow/example_dags/example_time_delta_sensor_async.py
[2023-11-21T09:56:44.034+0300] {processor.py:768} INFO - DAG(s) dict_keys(['example_time_delta_sensor_async']) retrieved from /home/user/Masaüstü/kafka/.env/lib/python3.8/site-packages/airflow/example_dags/example_time_delta_sensor_async.py
[2023-11-21T09:56:44.107+0300] {logging_mixin.py:117} INFO - [2023-11-21T09:56:44.107+0300] {dag.py:2573} INFO - Sync 1 DAGs
[2023-11-21T09:56:44.123+0300] {logging_mixin.py:117} INFO - [2023-11-21T09:56:44.123+0300] {dag.py:3324} INFO - Setting next_dagrun for example_time_delta_sensor_async to None, run_after=None
[2023-11-21T09:56:44.151+0300] {processor.py:178} INFO - Processing /home/user/Masaüstü/kafka/.env/lib/python3.8/site-packages/airflow/example_dags/example_time_delta_sensor_async.py took 0.150 seconds
[2023-11-21T09:57:22.644+0300] {processor.py:156} INFO - Started process (PID=26299) to work on /home/user/Masaüstü/kafka/.env/lib/python3.8/site-packages/airflow/example_dags/example_time_delta_sensor_async.py
[2023-11-21T09:57:22.647+0300] {processor.py:758} INFO - Processing file /home/user/Masaüstü/kafka/.env/lib/python3.8/site-packages/airflow/example_dags/example_time_delta_sensor_async.py for tasks to queue
[2023-11-21T09:57:22.649+0300] {logging_mixin.py:117} INFO - [2023-11-21T09:57:22.648+0300] {dagbag.py:525} INFO - Filling up the DagBag from /home/user/Masaüstü/kafka/.env/lib/python3.8/site-packages/airflow/example_dags/example_time_delta_sensor_async.py
[2023-11-21T09:57:22.674+0300] {processor.py:768} INFO - DAG(s) dict_keys(['example_time_delta_sensor_async']) retrieved from /home/user/Masaüstü/kafka/.env/lib/python3.8/site-packages/airflow/example_dags/example_time_delta_sensor_async.py
[2023-11-21T09:57:22.741+0300] {logging_mixin.py:117} INFO - [2023-11-21T09:57:22.741+0300] {dag.py:2573} INFO - Sync 1 DAGs
[2023-11-21T09:57:22.754+0300] {logging_mixin.py:117} INFO - [2023-11-21T09:57:22.754+0300] {dag.py:3324} INFO - Setting next_dagrun for example_time_delta_sensor_async to None, run_after=None
[2023-11-21T09:57:22.772+0300] {processor.py:178} INFO - Processing /home/user/Masaüstü/kafka/.env/lib/python3.8/site-packages/airflow/example_dags/example_time_delta_sensor_async.py took 0.135 seconds
[2023-11-21T09:57:59.392+0300] {processor.py:156} INFO - Started process (PID=26535) to work on /home/user/Masaüstü/kafka/.env/lib/python3.8/site-packages/airflow/example_dags/example_time_delta_sensor_async.py
[2023-11-21T09:57:59.394+0300] {processor.py:758} INFO - Processing file /home/user/Masaüstü/kafka/.env/lib/python3.8/site-packages/airflow/example_dags/example_time_delta_sensor_async.py for tasks to queue
[2023-11-21T09:57:59.394+0300] {logging_mixin.py:117} INFO - [2023-11-21T09:57:59.394+0300] {dagbag.py:525} INFO - Filling up the DagBag from /home/user/Masaüstü/kafka/.env/lib/python3.8/site-packages/airflow/example_dags/example_time_delta_sensor_async.py
[2023-11-21T09:57:59.407+0300] {processor.py:768} INFO - DAG(s) dict_keys(['example_time_delta_sensor_async']) retrieved from /home/user/Masaüstü/kafka/.env/lib/python3.8/site-packages/airflow/example_dags/example_time_delta_sensor_async.py
[2023-11-21T09:57:59.475+0300] {logging_mixin.py:117} INFO - [2023-11-21T09:57:59.474+0300] {dag.py:2573} INFO - Sync 1 DAGs
[2023-11-21T09:57:59.488+0300] {logging_mixin.py:117} INFO - [2023-11-21T09:57:59.488+0300] {dag.py:3324} INFO - Setting next_dagrun for example_time_delta_sensor_async to None, run_after=None
[2023-11-21T09:57:59.513+0300] {processor.py:178} INFO - Processing /home/user/Masaüstü/kafka/.env/lib/python3.8/site-packages/airflow/example_dags/example_time_delta_sensor_async.py took 0.124 seconds
[2023-11-21T09:58:35.248+0300] {processor.py:156} INFO - Started process (PID=27109) to work on /home/user/Masaüstü/kafka/.env/lib/python3.8/site-packages/airflow/example_dags/example_time_delta_sensor_async.py
[2023-11-21T09:58:35.251+0300] {processor.py:758} INFO - Processing file /home/user/Masaüstü/kafka/.env/lib/python3.8/site-packages/airflow/example_dags/example_time_delta_sensor_async.py for tasks to queue
[2023-11-21T09:58:35.253+0300] {logging_mixin.py:117} INFO - [2023-11-21T09:58:35.252+0300] {dagbag.py:525} INFO - Filling up the DagBag from /home/user/Masaüstü/kafka/.env/lib/python3.8/site-packages/airflow/example_dags/example_time_delta_sensor_async.py
[2023-11-21T09:58:35.293+0300] {processor.py:768} INFO - DAG(s) dict_keys(['example_time_delta_sensor_async']) retrieved from /home/user/Masaüstü/kafka/.env/lib/python3.8/site-packages/airflow/example_dags/example_time_delta_sensor_async.py
[2023-11-21T09:58:35.568+0300] {logging_mixin.py:117} INFO - [2023-11-21T09:58:35.568+0300] {dag.py:2573} INFO - Sync 1 DAGs
[2023-11-21T09:58:35.613+0300] {logging_mixin.py:117} INFO - [2023-11-21T09:58:35.613+0300] {dag.py:3324} INFO - Setting next_dagrun for example_time_delta_sensor_async to None, run_after=None
[2023-11-21T09:58:35.665+0300] {processor.py:178} INFO - Processing /home/user/Masaüstü/kafka/.env/lib/python3.8/site-packages/airflow/example_dags/example_time_delta_sensor_async.py took 0.424 seconds
[2023-11-21T09:59:12.832+0300] {processor.py:156} INFO - Started process (PID=27379) to work on /home/user/Masaüstü/kafka/.env/lib/python3.8/site-packages/airflow/example_dags/example_time_delta_sensor_async.py
[2023-11-21T09:59:12.834+0300] {processor.py:758} INFO - Processing file /home/user/Masaüstü/kafka/.env/lib/python3.8/site-packages/airflow/example_dags/example_time_delta_sensor_async.py for tasks to queue
[2023-11-21T09:59:12.835+0300] {logging_mixin.py:117} INFO - [2023-11-21T09:59:12.835+0300] {dagbag.py:525} INFO - Filling up the DagBag from /home/user/Masaüstü/kafka/.env/lib/python3.8/site-packages/airflow/example_dags/example_time_delta_sensor_async.py
[2023-11-21T09:59:12.850+0300] {processor.py:768} INFO - DAG(s) dict_keys(['example_time_delta_sensor_async']) retrieved from /home/user/Masaüstü/kafka/.env/lib/python3.8/site-packages/airflow/example_dags/example_time_delta_sensor_async.py
[2023-11-21T09:59:12.922+0300] {logging_mixin.py:117} INFO - [2023-11-21T09:59:12.921+0300] {dag.py:2573} INFO - Sync 1 DAGs
[2023-11-21T09:59:12.935+0300] {logging_mixin.py:117} INFO - [2023-11-21T09:59:12.935+0300] {dag.py:3324} INFO - Setting next_dagrun for example_time_delta_sensor_async to None, run_after=None
[2023-11-21T09:59:12.962+0300] {processor.py:178} INFO - Processing /home/user/Masaüstü/kafka/.env/lib/python3.8/site-packages/airflow/example_dags/example_time_delta_sensor_async.py took 0.133 seconds
[2023-11-21T09:59:48.569+0300] {processor.py:156} INFO - Started process (PID=27602) to work on /home/user/Masaüstü/kafka/.env/lib/python3.8/site-packages/airflow/example_dags/example_time_delta_sensor_async.py
[2023-11-21T09:59:48.572+0300] {processor.py:758} INFO - Processing file /home/user/Masaüstü/kafka/.env/lib/python3.8/site-packages/airflow/example_dags/example_time_delta_sensor_async.py for tasks to queue
[2023-11-21T09:59:48.573+0300] {logging_mixin.py:117} INFO - [2023-11-21T09:59:48.573+0300] {dagbag.py:525} INFO - Filling up the DagBag from /home/user/Masaüstü/kafka/.env/lib/python3.8/site-packages/airflow/example_dags/example_time_delta_sensor_async.py
[2023-11-21T09:59:48.592+0300] {processor.py:768} INFO - DAG(s) dict_keys(['example_time_delta_sensor_async']) retrieved from /home/user/Masaüstü/kafka/.env/lib/python3.8/site-packages/airflow/example_dags/example_time_delta_sensor_async.py
[2023-11-21T09:59:48.663+0300] {logging_mixin.py:117} INFO - [2023-11-21T09:59:48.663+0300] {dag.py:2573} INFO - Sync 1 DAGs
[2023-11-21T09:59:48.677+0300] {logging_mixin.py:117} INFO - [2023-11-21T09:59:48.677+0300] {dag.py:3324} INFO - Setting next_dagrun for example_time_delta_sensor_async to None, run_after=None
[2023-11-21T09:59:48.696+0300] {processor.py:178} INFO - Processing /home/user/Masaüstü/kafka/.env/lib/python3.8/site-packages/airflow/example_dags/example_time_delta_sensor_async.py took 0.134 seconds
[2023-11-21T10:00:23.715+0300] {processor.py:156} INFO - Started process (PID=27818) to work on /home/user/Masaüstü/kafka/.env/lib/python3.8/site-packages/airflow/example_dags/example_time_delta_sensor_async.py
[2023-11-21T10:00:23.718+0300] {processor.py:758} INFO - Processing file /home/user/Masaüstü/kafka/.env/lib/python3.8/site-packages/airflow/example_dags/example_time_delta_sensor_async.py for tasks to queue
[2023-11-21T10:00:23.719+0300] {logging_mixin.py:117} INFO - [2023-11-21T10:00:23.719+0300] {dagbag.py:525} INFO - Filling up the DagBag from /home/user/Masaüstü/kafka/.env/lib/python3.8/site-packages/airflow/example_dags/example_time_delta_sensor_async.py
[2023-11-21T10:00:23.749+0300] {processor.py:768} INFO - DAG(s) dict_keys(['example_time_delta_sensor_async']) retrieved from /home/user/Masaüstü/kafka/.env/lib/python3.8/site-packages/airflow/example_dags/example_time_delta_sensor_async.py
[2023-11-21T10:00:23.848+0300] {logging_mixin.py:117} INFO - [2023-11-21T10:00:23.848+0300] {dag.py:2573} INFO - Sync 1 DAGs
[2023-11-21T10:00:23.863+0300] {logging_mixin.py:117} INFO - [2023-11-21T10:00:23.862+0300] {dag.py:3324} INFO - Setting next_dagrun for example_time_delta_sensor_async to None, run_after=None
[2023-11-21T10:00:23.881+0300] {processor.py:178} INFO - Processing /home/user/Masaüstü/kafka/.env/lib/python3.8/site-packages/airflow/example_dags/example_time_delta_sensor_async.py took 0.170 seconds
[2023-11-21T10:01:00.030+0300] {processor.py:156} INFO - Started process (PID=28037) to work on /home/user/Masaüstü/kafka/.env/lib/python3.8/site-packages/airflow/example_dags/example_time_delta_sensor_async.py
[2023-11-21T10:01:00.033+0300] {processor.py:758} INFO - Processing file /home/user/Masaüstü/kafka/.env/lib/python3.8/site-packages/airflow/example_dags/example_time_delta_sensor_async.py for tasks to queue
[2023-11-21T10:01:00.035+0300] {logging_mixin.py:117} INFO - [2023-11-21T10:01:00.034+0300] {dagbag.py:525} INFO - Filling up the DagBag from /home/user/Masaüstü/kafka/.env/lib/python3.8/site-packages/airflow/example_dags/example_time_delta_sensor_async.py
[2023-11-21T10:01:00.059+0300] {processor.py:768} INFO - DAG(s) dict_keys(['example_time_delta_sensor_async']) retrieved from /home/user/Masaüstü/kafka/.env/lib/python3.8/site-packages/airflow/example_dags/example_time_delta_sensor_async.py
[2023-11-21T10:01:00.134+0300] {logging_mixin.py:117} INFO - [2023-11-21T10:01:00.134+0300] {dag.py:2573} INFO - Sync 1 DAGs
[2023-11-21T10:01:00.154+0300] {logging_mixin.py:117} INFO - [2023-11-21T10:01:00.153+0300] {dag.py:3324} INFO - Setting next_dagrun for example_time_delta_sensor_async to None, run_after=None
[2023-11-21T10:01:00.180+0300] {processor.py:178} INFO - Processing /home/user/Masaüstü/kafka/.env/lib/python3.8/site-packages/airflow/example_dags/example_time_delta_sensor_async.py took 0.156 seconds
[2023-11-21T10:01:35.085+0300] {processor.py:156} INFO - Started process (PID=28309) to work on /home/user/Masaüstü/kafka/.env/lib/python3.8/site-packages/airflow/example_dags/example_time_delta_sensor_async.py
[2023-11-21T10:01:35.086+0300] {processor.py:758} INFO - Processing file /home/user/Masaüstü/kafka/.env/lib/python3.8/site-packages/airflow/example_dags/example_time_delta_sensor_async.py for tasks to queue
[2023-11-21T10:01:35.086+0300] {logging_mixin.py:117} INFO - [2023-11-21T10:01:35.086+0300] {dagbag.py:525} INFO - Filling up the DagBag from /home/user/Masaüstü/kafka/.env/lib/python3.8/site-packages/airflow/example_dags/example_time_delta_sensor_async.py
[2023-11-21T10:01:35.099+0300] {processor.py:768} INFO - DAG(s) dict_keys(['example_time_delta_sensor_async']) retrieved from /home/user/Masaüstü/kafka/.env/lib/python3.8/site-packages/airflow/example_dags/example_time_delta_sensor_async.py
[2023-11-21T10:01:35.173+0300] {logging_mixin.py:117} INFO - [2023-11-21T10:01:35.173+0300] {dag.py:2573} INFO - Sync 1 DAGs
[2023-11-21T10:01:35.187+0300] {logging_mixin.py:117} INFO - [2023-11-21T10:01:35.187+0300] {dag.py:3324} INFO - Setting next_dagrun for example_time_delta_sensor_async to None, run_after=None
[2023-11-21T10:01:35.206+0300] {processor.py:178} INFO - Processing /home/user/Masaüstü/kafka/.env/lib/python3.8/site-packages/airflow/example_dags/example_time_delta_sensor_async.py took 0.123 seconds
[2023-11-21T10:02:11.365+0300] {processor.py:156} INFO - Started process (PID=28545) to work on /home/user/Masaüstü/kafka/.env/lib/python3.8/site-packages/airflow/example_dags/example_time_delta_sensor_async.py
[2023-11-21T10:02:11.367+0300] {processor.py:758} INFO - Processing file /home/user/Masaüstü/kafka/.env/lib/python3.8/site-packages/airflow/example_dags/example_time_delta_sensor_async.py for tasks to queue
[2023-11-21T10:02:11.367+0300] {logging_mixin.py:117} INFO - [2023-11-21T10:02:11.367+0300] {dagbag.py:525} INFO - Filling up the DagBag from /home/user/Masaüstü/kafka/.env/lib/python3.8/site-packages/airflow/example_dags/example_time_delta_sensor_async.py
[2023-11-21T10:02:11.376+0300] {processor.py:768} INFO - DAG(s) dict_keys(['example_time_delta_sensor_async']) retrieved from /home/user/Masaüstü/kafka/.env/lib/python3.8/site-packages/airflow/example_dags/example_time_delta_sensor_async.py
[2023-11-21T10:02:11.439+0300] {logging_mixin.py:117} INFO - [2023-11-21T10:02:11.439+0300] {dag.py:2573} INFO - Sync 1 DAGs
[2023-11-21T10:02:11.453+0300] {logging_mixin.py:117} INFO - [2023-11-21T10:02:11.453+0300] {dag.py:3324} INFO - Setting next_dagrun for example_time_delta_sensor_async to None, run_after=None
[2023-11-21T10:02:11.472+0300] {processor.py:178} INFO - Processing /home/user/Masaüstü/kafka/.env/lib/python3.8/site-packages/airflow/example_dags/example_time_delta_sensor_async.py took 0.109 seconds
[2023-11-21T10:02:47.838+0300] {processor.py:156} INFO - Started process (PID=28762) to work on /home/user/Masaüstü/kafka/.env/lib/python3.8/site-packages/airflow/example_dags/example_time_delta_sensor_async.py
[2023-11-21T10:02:47.839+0300] {processor.py:758} INFO - Processing file /home/user/Masaüstü/kafka/.env/lib/python3.8/site-packages/airflow/example_dags/example_time_delta_sensor_async.py for tasks to queue
[2023-11-21T10:02:47.839+0300] {logging_mixin.py:117} INFO - [2023-11-21T10:02:47.839+0300] {dagbag.py:525} INFO - Filling up the DagBag from /home/user/Masaüstü/kafka/.env/lib/python3.8/site-packages/airflow/example_dags/example_time_delta_sensor_async.py
[2023-11-21T10:02:47.848+0300] {processor.py:768} INFO - DAG(s) dict_keys(['example_time_delta_sensor_async']) retrieved from /home/user/Masaüstü/kafka/.env/lib/python3.8/site-packages/airflow/example_dags/example_time_delta_sensor_async.py
[2023-11-21T10:02:47.909+0300] {logging_mixin.py:117} INFO - [2023-11-21T10:02:47.909+0300] {dag.py:2573} INFO - Sync 1 DAGs
[2023-11-21T10:02:47.922+0300] {logging_mixin.py:117} INFO - [2023-11-21T10:02:47.922+0300] {dag.py:3324} INFO - Setting next_dagrun for example_time_delta_sensor_async to None, run_after=None
[2023-11-21T10:02:47.941+0300] {processor.py:178} INFO - Processing /home/user/Masaüstü/kafka/.env/lib/python3.8/site-packages/airflow/example_dags/example_time_delta_sensor_async.py took 0.104 seconds
[2023-11-21T10:05:16.592+0300] {processor.py:156} INFO - Started process (PID=30115) to work on /home/user/Masaüstü/kafka/.env/lib/python3.8/site-packages/airflow/example_dags/example_time_delta_sensor_async.py
[2023-11-21T10:05:16.595+0300] {processor.py:758} INFO - Processing file /home/user/Masaüstü/kafka/.env/lib/python3.8/site-packages/airflow/example_dags/example_time_delta_sensor_async.py for tasks to queue
[2023-11-21T10:05:16.597+0300] {logging_mixin.py:117} INFO - [2023-11-21T10:05:16.597+0300] {dagbag.py:525} INFO - Filling up the DagBag from /home/user/Masaüstü/kafka/.env/lib/python3.8/site-packages/airflow/example_dags/example_time_delta_sensor_async.py
[2023-11-21T10:05:16.621+0300] {processor.py:768} INFO - DAG(s) dict_keys(['example_time_delta_sensor_async']) retrieved from /home/user/Masaüstü/kafka/.env/lib/python3.8/site-packages/airflow/example_dags/example_time_delta_sensor_async.py
[2023-11-21T10:05:16.634+0300] {logging_mixin.py:117} INFO - [2023-11-21T10:05:16.634+0300] {dag.py:2573} INFO - Sync 1 DAGs
[2023-11-21T10:05:16.651+0300] {logging_mixin.py:117} INFO - [2023-11-21T10:05:16.651+0300] {dag.py:3324} INFO - Setting next_dagrun for example_time_delta_sensor_async to None, run_after=None
[2023-11-21T10:05:16.677+0300] {processor.py:178} INFO - Processing /home/user/Masaüstü/kafka/.env/lib/python3.8/site-packages/airflow/example_dags/example_time_delta_sensor_async.py took 0.092 seconds
[2023-11-21T10:05:55.869+0300] {processor.py:156} INFO - Started process (PID=30487) to work on /home/user/Masaüstü/kafka/.env/lib/python3.8/site-packages/airflow/example_dags/example_time_delta_sensor_async.py
[2023-11-21T10:05:55.872+0300] {processor.py:758} INFO - Processing file /home/user/Masaüstü/kafka/.env/lib/python3.8/site-packages/airflow/example_dags/example_time_delta_sensor_async.py for tasks to queue
[2023-11-21T10:05:55.873+0300] {logging_mixin.py:117} INFO - [2023-11-21T10:05:55.873+0300] {dagbag.py:525} INFO - Filling up the DagBag from /home/user/Masaüstü/kafka/.env/lib/python3.8/site-packages/airflow/example_dags/example_time_delta_sensor_async.py
[2023-11-21T10:05:55.907+0300] {processor.py:768} INFO - DAG(s) dict_keys(['example_time_delta_sensor_async']) retrieved from /home/user/Masaüstü/kafka/.env/lib/python3.8/site-packages/airflow/example_dags/example_time_delta_sensor_async.py
[2023-11-21T10:05:55.974+0300] {logging_mixin.py:117} INFO - [2023-11-21T10:05:55.973+0300] {dag.py:2573} INFO - Sync 1 DAGs
[2023-11-21T10:05:55.987+0300] {logging_mixin.py:117} INFO - [2023-11-21T10:05:55.987+0300] {dag.py:3324} INFO - Setting next_dagrun for example_time_delta_sensor_async to None, run_after=None
[2023-11-21T10:05:56.005+0300] {processor.py:178} INFO - Processing /home/user/Masaüstü/kafka/.env/lib/python3.8/site-packages/airflow/example_dags/example_time_delta_sensor_async.py took 0.139 seconds
[2023-11-21T10:06:33.768+0300] {processor.py:156} INFO - Started process (PID=30718) to work on /home/user/Masaüstü/kafka/.env/lib/python3.8/site-packages/airflow/example_dags/example_time_delta_sensor_async.py
[2023-11-21T10:06:33.772+0300] {processor.py:758} INFO - Processing file /home/user/Masaüstü/kafka/.env/lib/python3.8/site-packages/airflow/example_dags/example_time_delta_sensor_async.py for tasks to queue
[2023-11-21T10:06:33.773+0300] {logging_mixin.py:117} INFO - [2023-11-21T10:06:33.773+0300] {dagbag.py:525} INFO - Filling up the DagBag from /home/user/Masaüstü/kafka/.env/lib/python3.8/site-packages/airflow/example_dags/example_time_delta_sensor_async.py
[2023-11-21T10:06:33.796+0300] {processor.py:768} INFO - DAG(s) dict_keys(['example_time_delta_sensor_async']) retrieved from /home/user/Masaüstü/kafka/.env/lib/python3.8/site-packages/airflow/example_dags/example_time_delta_sensor_async.py
[2023-11-21T10:06:33.867+0300] {logging_mixin.py:117} INFO - [2023-11-21T10:06:33.867+0300] {dag.py:2573} INFO - Sync 1 DAGs
[2023-11-21T10:06:33.882+0300] {logging_mixin.py:117} INFO - [2023-11-21T10:06:33.882+0300] {dag.py:3324} INFO - Setting next_dagrun for example_time_delta_sensor_async to None, run_after=None
[2023-11-21T10:06:33.904+0300] {processor.py:178} INFO - Processing /home/user/Masaüstü/kafka/.env/lib/python3.8/site-packages/airflow/example_dags/example_time_delta_sensor_async.py took 0.143 seconds
[2023-11-21T10:07:10.174+0300] {processor.py:156} INFO - Started process (PID=30977) to work on /home/user/Masaüstü/kafka/.env/lib/python3.8/site-packages/airflow/example_dags/example_time_delta_sensor_async.py
[2023-11-21T10:07:10.176+0300] {processor.py:758} INFO - Processing file /home/user/Masaüstü/kafka/.env/lib/python3.8/site-packages/airflow/example_dags/example_time_delta_sensor_async.py for tasks to queue
[2023-11-21T10:07:10.177+0300] {logging_mixin.py:117} INFO - [2023-11-21T10:07:10.177+0300] {dagbag.py:525} INFO - Filling up the DagBag from /home/user/Masaüstü/kafka/.env/lib/python3.8/site-packages/airflow/example_dags/example_time_delta_sensor_async.py
[2023-11-21T10:07:10.192+0300] {processor.py:768} INFO - DAG(s) dict_keys(['example_time_delta_sensor_async']) retrieved from /home/user/Masaüstü/kafka/.env/lib/python3.8/site-packages/airflow/example_dags/example_time_delta_sensor_async.py
[2023-11-21T10:07:10.259+0300] {logging_mixin.py:117} INFO - [2023-11-21T10:07:10.259+0300] {dag.py:2573} INFO - Sync 1 DAGs
[2023-11-21T10:07:10.272+0300] {logging_mixin.py:117} INFO - [2023-11-21T10:07:10.272+0300] {dag.py:3324} INFO - Setting next_dagrun for example_time_delta_sensor_async to None, run_after=None
[2023-11-21T10:07:10.291+0300] {processor.py:178} INFO - Processing /home/user/Masaüstü/kafka/.env/lib/python3.8/site-packages/airflow/example_dags/example_time_delta_sensor_async.py took 0.119 seconds
[2023-11-21T10:07:50.074+0300] {processor.py:156} INFO - Started process (PID=31219) to work on /home/user/Masaüstü/kafka/.env/lib/python3.8/site-packages/airflow/example_dags/example_time_delta_sensor_async.py
[2023-11-21T10:07:50.076+0300] {processor.py:758} INFO - Processing file /home/user/Masaüstü/kafka/.env/lib/python3.8/site-packages/airflow/example_dags/example_time_delta_sensor_async.py for tasks to queue
[2023-11-21T10:07:50.076+0300] {logging_mixin.py:117} INFO - [2023-11-21T10:07:50.076+0300] {dagbag.py:525} INFO - Filling up the DagBag from /home/user/Masaüstü/kafka/.env/lib/python3.8/site-packages/airflow/example_dags/example_time_delta_sensor_async.py
[2023-11-21T10:07:50.086+0300] {processor.py:768} INFO - DAG(s) dict_keys(['example_time_delta_sensor_async']) retrieved from /home/user/Masaüstü/kafka/.env/lib/python3.8/site-packages/airflow/example_dags/example_time_delta_sensor_async.py
[2023-11-21T10:07:50.156+0300] {logging_mixin.py:117} INFO - [2023-11-21T10:07:50.156+0300] {dag.py:2573} INFO - Sync 1 DAGs
[2023-11-21T10:07:50.170+0300] {logging_mixin.py:117} INFO - [2023-11-21T10:07:50.170+0300] {dag.py:3324} INFO - Setting next_dagrun for example_time_delta_sensor_async to None, run_after=None
[2023-11-21T10:07:50.196+0300] {processor.py:178} INFO - Processing /home/user/Masaüstü/kafka/.env/lib/python3.8/site-packages/airflow/example_dags/example_time_delta_sensor_async.py took 0.124 seconds
[2023-11-21T10:08:27.245+0300] {processor.py:156} INFO - Started process (PID=31473) to work on /home/user/Masaüstü/kafka/.env/lib/python3.8/site-packages/airflow/example_dags/example_time_delta_sensor_async.py
[2023-11-21T10:08:27.247+0300] {processor.py:758} INFO - Processing file /home/user/Masaüstü/kafka/.env/lib/python3.8/site-packages/airflow/example_dags/example_time_delta_sensor_async.py for tasks to queue
[2023-11-21T10:08:27.248+0300] {logging_mixin.py:117} INFO - [2023-11-21T10:08:27.247+0300] {dagbag.py:525} INFO - Filling up the DagBag from /home/user/Masaüstü/kafka/.env/lib/python3.8/site-packages/airflow/example_dags/example_time_delta_sensor_async.py
[2023-11-21T10:08:27.267+0300] {processor.py:768} INFO - DAG(s) dict_keys(['example_time_delta_sensor_async']) retrieved from /home/user/Masaüstü/kafka/.env/lib/python3.8/site-packages/airflow/example_dags/example_time_delta_sensor_async.py
[2023-11-21T10:08:27.339+0300] {logging_mixin.py:117} INFO - [2023-11-21T10:08:27.339+0300] {dag.py:2573} INFO - Sync 1 DAGs
[2023-11-21T10:08:27.353+0300] {logging_mixin.py:117} INFO - [2023-11-21T10:08:27.353+0300] {dag.py:3324} INFO - Setting next_dagrun for example_time_delta_sensor_async to None, run_after=None
[2023-11-21T10:08:27.380+0300] {processor.py:178} INFO - Processing /home/user/Masaüstü/kafka/.env/lib/python3.8/site-packages/airflow/example_dags/example_time_delta_sensor_async.py took 0.138 seconds
[2023-11-21T10:09:05.049+0300] {processor.py:156} INFO - Started process (PID=31715) to work on /home/user/Masaüstü/kafka/.env/lib/python3.8/site-packages/airflow/example_dags/example_time_delta_sensor_async.py
[2023-11-21T10:09:05.052+0300] {processor.py:758} INFO - Processing file /home/user/Masaüstü/kafka/.env/lib/python3.8/site-packages/airflow/example_dags/example_time_delta_sensor_async.py for tasks to queue
[2023-11-21T10:09:05.054+0300] {logging_mixin.py:117} INFO - [2023-11-21T10:09:05.054+0300] {dagbag.py:525} INFO - Filling up the DagBag from /home/user/Masaüstü/kafka/.env/lib/python3.8/site-packages/airflow/example_dags/example_time_delta_sensor_async.py
[2023-11-21T10:09:05.076+0300] {processor.py:768} INFO - DAG(s) dict_keys(['example_time_delta_sensor_async']) retrieved from /home/user/Masaüstü/kafka/.env/lib/python3.8/site-packages/airflow/example_dags/example_time_delta_sensor_async.py
[2023-11-21T10:09:05.146+0300] {logging_mixin.py:117} INFO - [2023-11-21T10:09:05.146+0300] {dag.py:2573} INFO - Sync 1 DAGs
[2023-11-21T10:09:05.160+0300] {logging_mixin.py:117} INFO - [2023-11-21T10:09:05.160+0300] {dag.py:3324} INFO - Setting next_dagrun for example_time_delta_sensor_async to None, run_after=None
[2023-11-21T10:09:05.178+0300] {processor.py:178} INFO - Processing /home/user/Masaüstü/kafka/.env/lib/python3.8/site-packages/airflow/example_dags/example_time_delta_sensor_async.py took 0.136 seconds
[2023-11-21T10:09:48.611+0300] {processor.py:156} INFO - Started process (PID=32330) to work on /home/user/Masaüstü/kafka/.env/lib/python3.8/site-packages/airflow/example_dags/example_time_delta_sensor_async.py
[2023-11-21T10:09:48.613+0300] {processor.py:758} INFO - Processing file /home/user/Masaüstü/kafka/.env/lib/python3.8/site-packages/airflow/example_dags/example_time_delta_sensor_async.py for tasks to queue
[2023-11-21T10:09:48.614+0300] {logging_mixin.py:117} INFO - [2023-11-21T10:09:48.614+0300] {dagbag.py:525} INFO - Filling up the DagBag from /home/user/Masaüstü/kafka/.env/lib/python3.8/site-packages/airflow/example_dags/example_time_delta_sensor_async.py
[2023-11-21T10:09:48.630+0300] {processor.py:768} INFO - DAG(s) dict_keys(['example_time_delta_sensor_async']) retrieved from /home/user/Masaüstü/kafka/.env/lib/python3.8/site-packages/airflow/example_dags/example_time_delta_sensor_async.py
[2023-11-21T10:09:48.718+0300] {logging_mixin.py:117} INFO - [2023-11-21T10:09:48.718+0300] {dag.py:2573} INFO - Sync 1 DAGs
[2023-11-21T10:09:48.741+0300] {logging_mixin.py:117} INFO - [2023-11-21T10:09:48.740+0300] {dag.py:3324} INFO - Setting next_dagrun for example_time_delta_sensor_async to None, run_after=None
[2023-11-21T10:09:48.774+0300] {processor.py:178} INFO - Processing /home/user/Masaüstü/kafka/.env/lib/python3.8/site-packages/airflow/example_dags/example_time_delta_sensor_async.py took 0.168 seconds
[2023-11-21T10:10:39.235+0300] {processor.py:156} INFO - Started process (PID=33100) to work on /home/user/Masaüstü/kafka/.env/lib/python3.8/site-packages/airflow/example_dags/example_time_delta_sensor_async.py
[2023-11-21T10:10:39.238+0300] {processor.py:758} INFO - Processing file /home/user/Masaüstü/kafka/.env/lib/python3.8/site-packages/airflow/example_dags/example_time_delta_sensor_async.py for tasks to queue
[2023-11-21T10:10:39.240+0300] {logging_mixin.py:117} INFO - [2023-11-21T10:10:39.239+0300] {dagbag.py:525} INFO - Filling up the DagBag from /home/user/Masaüstü/kafka/.env/lib/python3.8/site-packages/airflow/example_dags/example_time_delta_sensor_async.py
[2023-11-21T10:10:39.265+0300] {processor.py:768} INFO - DAG(s) dict_keys(['example_time_delta_sensor_async']) retrieved from /home/user/Masaüstü/kafka/.env/lib/python3.8/site-packages/airflow/example_dags/example_time_delta_sensor_async.py
[2023-11-21T10:10:39.341+0300] {logging_mixin.py:117} INFO - [2023-11-21T10:10:39.341+0300] {dag.py:2573} INFO - Sync 1 DAGs
[2023-11-21T10:10:39.358+0300] {logging_mixin.py:117} INFO - [2023-11-21T10:10:39.358+0300] {dag.py:3324} INFO - Setting next_dagrun for example_time_delta_sensor_async to None, run_after=None
[2023-11-21T10:10:39.378+0300] {processor.py:178} INFO - Processing /home/user/Masaüstü/kafka/.env/lib/python3.8/site-packages/airflow/example_dags/example_time_delta_sensor_async.py took 0.149 seconds
[2023-11-21T10:11:16.977+0300] {processor.py:156} INFO - Started process (PID=33393) to work on /home/user/Masaüstü/kafka/.env/lib/python3.8/site-packages/airflow/example_dags/example_time_delta_sensor_async.py
[2023-11-21T10:11:16.978+0300] {processor.py:758} INFO - Processing file /home/user/Masaüstü/kafka/.env/lib/python3.8/site-packages/airflow/example_dags/example_time_delta_sensor_async.py for tasks to queue
[2023-11-21T10:11:16.979+0300] {logging_mixin.py:117} INFO - [2023-11-21T10:11:16.978+0300] {dagbag.py:525} INFO - Filling up the DagBag from /home/user/Masaüstü/kafka/.env/lib/python3.8/site-packages/airflow/example_dags/example_time_delta_sensor_async.py
[2023-11-21T10:11:16.992+0300] {processor.py:768} INFO - DAG(s) dict_keys(['example_time_delta_sensor_async']) retrieved from /home/user/Masaüstü/kafka/.env/lib/python3.8/site-packages/airflow/example_dags/example_time_delta_sensor_async.py
[2023-11-21T10:11:17.069+0300] {logging_mixin.py:117} INFO - [2023-11-21T10:11:17.068+0300] {dag.py:2573} INFO - Sync 1 DAGs
[2023-11-21T10:11:17.087+0300] {logging_mixin.py:117} INFO - [2023-11-21T10:11:17.087+0300] {dag.py:3324} INFO - Setting next_dagrun for example_time_delta_sensor_async to None, run_after=None
[2023-11-21T10:11:17.115+0300] {processor.py:178} INFO - Processing /home/user/Masaüstü/kafka/.env/lib/python3.8/site-packages/airflow/example_dags/example_time_delta_sensor_async.py took 0.140 seconds
[2023-11-21T10:11:54.659+0300] {processor.py:156} INFO - Started process (PID=33648) to work on /home/user/Masaüstü/kafka/.env/lib/python3.8/site-packages/airflow/example_dags/example_time_delta_sensor_async.py
[2023-11-21T10:11:54.661+0300] {processor.py:758} INFO - Processing file /home/user/Masaüstü/kafka/.env/lib/python3.8/site-packages/airflow/example_dags/example_time_delta_sensor_async.py for tasks to queue
[2023-11-21T10:11:54.662+0300] {logging_mixin.py:117} INFO - [2023-11-21T10:11:54.661+0300] {dagbag.py:525} INFO - Filling up the DagBag from /home/user/Masaüstü/kafka/.env/lib/python3.8/site-packages/airflow/example_dags/example_time_delta_sensor_async.py
[2023-11-21T10:11:54.678+0300] {processor.py:768} INFO - DAG(s) dict_keys(['example_time_delta_sensor_async']) retrieved from /home/user/Masaüstü/kafka/.env/lib/python3.8/site-packages/airflow/example_dags/example_time_delta_sensor_async.py
[2023-11-21T10:11:54.850+0300] {logging_mixin.py:117} INFO - [2023-11-21T10:11:54.850+0300] {dag.py:2573} INFO - Sync 1 DAGs
[2023-11-21T10:11:54.865+0300] {logging_mixin.py:117} INFO - [2023-11-21T10:11:54.865+0300] {dag.py:3324} INFO - Setting next_dagrun for example_time_delta_sensor_async to None, run_after=None
[2023-11-21T10:11:54.889+0300] {processor.py:178} INFO - Processing /home/user/Masaüstü/kafka/.env/lib/python3.8/site-packages/airflow/example_dags/example_time_delta_sensor_async.py took 0.232 seconds
[2023-11-21T10:12:34.414+0300] {processor.py:156} INFO - Started process (PID=33876) to work on /home/user/Masaüstü/kafka/.env/lib/python3.8/site-packages/airflow/example_dags/example_time_delta_sensor_async.py
[2023-11-21T10:12:34.416+0300] {processor.py:758} INFO - Processing file /home/user/Masaüstü/kafka/.env/lib/python3.8/site-packages/airflow/example_dags/example_time_delta_sensor_async.py for tasks to queue
[2023-11-21T10:12:34.416+0300] {logging_mixin.py:117} INFO - [2023-11-21T10:12:34.416+0300] {dagbag.py:525} INFO - Filling up the DagBag from /home/user/Masaüstü/kafka/.env/lib/python3.8/site-packages/airflow/example_dags/example_time_delta_sensor_async.py
[2023-11-21T10:12:34.426+0300] {processor.py:768} INFO - DAG(s) dict_keys(['example_time_delta_sensor_async']) retrieved from /home/user/Masaüstü/kafka/.env/lib/python3.8/site-packages/airflow/example_dags/example_time_delta_sensor_async.py
[2023-11-21T10:12:34.509+0300] {logging_mixin.py:117} INFO - [2023-11-21T10:12:34.509+0300] {dag.py:2573} INFO - Sync 1 DAGs
[2023-11-21T10:12:34.533+0300] {logging_mixin.py:117} INFO - [2023-11-21T10:12:34.533+0300] {dag.py:3324} INFO - Setting next_dagrun for example_time_delta_sensor_async to None, run_after=None
[2023-11-21T10:12:34.555+0300] {processor.py:178} INFO - Processing /home/user/Masaüstü/kafka/.env/lib/python3.8/site-packages/airflow/example_dags/example_time_delta_sensor_async.py took 0.143 seconds
[2023-11-21T10:13:11.120+0300] {processor.py:156} INFO - Started process (PID=34117) to work on /home/user/Masaüstü/kafka/.env/lib/python3.8/site-packages/airflow/example_dags/example_time_delta_sensor_async.py
[2023-11-21T10:13:11.123+0300] {processor.py:758} INFO - Processing file /home/user/Masaüstü/kafka/.env/lib/python3.8/site-packages/airflow/example_dags/example_time_delta_sensor_async.py for tasks to queue
[2023-11-21T10:13:11.124+0300] {logging_mixin.py:117} INFO - [2023-11-21T10:13:11.124+0300] {dagbag.py:525} INFO - Filling up the DagBag from /home/user/Masaüstü/kafka/.env/lib/python3.8/site-packages/airflow/example_dags/example_time_delta_sensor_async.py
[2023-11-21T10:13:11.142+0300] {processor.py:768} INFO - DAG(s) dict_keys(['example_time_delta_sensor_async']) retrieved from /home/user/Masaüstü/kafka/.env/lib/python3.8/site-packages/airflow/example_dags/example_time_delta_sensor_async.py
[2023-11-21T10:13:11.221+0300] {logging_mixin.py:117} INFO - [2023-11-21T10:13:11.221+0300] {dag.py:2573} INFO - Sync 1 DAGs
[2023-11-21T10:13:11.235+0300] {logging_mixin.py:117} INFO - [2023-11-21T10:13:11.234+0300] {dag.py:3324} INFO - Setting next_dagrun for example_time_delta_sensor_async to None, run_after=None
[2023-11-21T10:13:11.261+0300] {processor.py:178} INFO - Processing /home/user/Masaüstü/kafka/.env/lib/python3.8/site-packages/airflow/example_dags/example_time_delta_sensor_async.py took 0.147 seconds
[2023-11-21T10:13:49.437+0300] {processor.py:156} INFO - Started process (PID=34570) to work on /home/user/Masaüstü/kafka/.env/lib/python3.8/site-packages/airflow/example_dags/example_time_delta_sensor_async.py
[2023-11-21T10:13:49.438+0300] {processor.py:758} INFO - Processing file /home/user/Masaüstü/kafka/.env/lib/python3.8/site-packages/airflow/example_dags/example_time_delta_sensor_async.py for tasks to queue
[2023-11-21T10:13:49.439+0300] {logging_mixin.py:117} INFO - [2023-11-21T10:13:49.438+0300] {dagbag.py:525} INFO - Filling up the DagBag from /home/user/Masaüstü/kafka/.env/lib/python3.8/site-packages/airflow/example_dags/example_time_delta_sensor_async.py
[2023-11-21T10:13:49.459+0300] {processor.py:768} INFO - DAG(s) dict_keys(['example_time_delta_sensor_async']) retrieved from /home/user/Masaüstü/kafka/.env/lib/python3.8/site-packages/airflow/example_dags/example_time_delta_sensor_async.py
[2023-11-21T10:13:49.527+0300] {logging_mixin.py:117} INFO - [2023-11-21T10:13:49.527+0300] {dag.py:2573} INFO - Sync 1 DAGs
[2023-11-21T10:13:49.541+0300] {logging_mixin.py:117} INFO - [2023-11-21T10:13:49.541+0300] {dag.py:3324} INFO - Setting next_dagrun for example_time_delta_sensor_async to None, run_after=None
[2023-11-21T10:13:49.568+0300] {processor.py:178} INFO - Processing /home/user/Masaüstü/kafka/.env/lib/python3.8/site-packages/airflow/example_dags/example_time_delta_sensor_async.py took 0.136 seconds
[2023-11-21T10:14:42.978+0300] {processor.py:156} INFO - Started process (PID=35288) to work on /home/user/Masaüstü/kafka/.env/lib/python3.8/site-packages/airflow/example_dags/example_time_delta_sensor_async.py
[2023-11-21T10:14:42.981+0300] {processor.py:758} INFO - Processing file /home/user/Masaüstü/kafka/.env/lib/python3.8/site-packages/airflow/example_dags/example_time_delta_sensor_async.py for tasks to queue
[2023-11-21T10:14:42.982+0300] {logging_mixin.py:117} INFO - [2023-11-21T10:14:42.982+0300] {dagbag.py:525} INFO - Filling up the DagBag from /home/user/Masaüstü/kafka/.env/lib/python3.8/site-packages/airflow/example_dags/example_time_delta_sensor_async.py
[2023-11-21T10:14:43.008+0300] {processor.py:768} INFO - DAG(s) dict_keys(['example_time_delta_sensor_async']) retrieved from /home/user/Masaüstü/kafka/.env/lib/python3.8/site-packages/airflow/example_dags/example_time_delta_sensor_async.py
[2023-11-21T10:14:43.077+0300] {logging_mixin.py:117} INFO - [2023-11-21T10:14:43.076+0300] {dag.py:2573} INFO - Sync 1 DAGs
[2023-11-21T10:14:43.091+0300] {logging_mixin.py:117} INFO - [2023-11-21T10:14:43.091+0300] {dag.py:3324} INFO - Setting next_dagrun for example_time_delta_sensor_async to None, run_after=None
[2023-11-21T10:14:43.109+0300] {processor.py:178} INFO - Processing /home/user/Masaüstü/kafka/.env/lib/python3.8/site-packages/airflow/example_dags/example_time_delta_sensor_async.py took 0.136 seconds
[2023-11-21T10:15:19.485+0300] {processor.py:156} INFO - Started process (PID=35587) to work on /home/user/Masaüstü/kafka/.env/lib/python3.8/site-packages/airflow/example_dags/example_time_delta_sensor_async.py
[2023-11-21T10:15:19.488+0300] {processor.py:758} INFO - Processing file /home/user/Masaüstü/kafka/.env/lib/python3.8/site-packages/airflow/example_dags/example_time_delta_sensor_async.py for tasks to queue
[2023-11-21T10:15:19.489+0300] {logging_mixin.py:117} INFO - [2023-11-21T10:15:19.488+0300] {dagbag.py:525} INFO - Filling up the DagBag from /home/user/Masaüstü/kafka/.env/lib/python3.8/site-packages/airflow/example_dags/example_time_delta_sensor_async.py
[2023-11-21T10:15:19.510+0300] {processor.py:768} INFO - DAG(s) dict_keys(['example_time_delta_sensor_async']) retrieved from /home/user/Masaüstü/kafka/.env/lib/python3.8/site-packages/airflow/example_dags/example_time_delta_sensor_async.py
[2023-11-21T10:15:19.580+0300] {logging_mixin.py:117} INFO - [2023-11-21T10:15:19.580+0300] {dag.py:2573} INFO - Sync 1 DAGs
[2023-11-21T10:15:19.593+0300] {logging_mixin.py:117} INFO - [2023-11-21T10:15:19.593+0300] {dag.py:3324} INFO - Setting next_dagrun for example_time_delta_sensor_async to None, run_after=None
[2023-11-21T10:15:19.619+0300] {processor.py:178} INFO - Processing /home/user/Masaüstü/kafka/.env/lib/python3.8/site-packages/airflow/example_dags/example_time_delta_sensor_async.py took 0.137 seconds
[2023-11-21T10:15:55.941+0300] {processor.py:156} INFO - Started process (PID=35820) to work on /home/user/Masaüstü/kafka/.env/lib/python3.8/site-packages/airflow/example_dags/example_time_delta_sensor_async.py
[2023-11-21T10:15:55.944+0300] {processor.py:758} INFO - Processing file /home/user/Masaüstü/kafka/.env/lib/python3.8/site-packages/airflow/example_dags/example_time_delta_sensor_async.py for tasks to queue
[2023-11-21T10:15:55.946+0300] {logging_mixin.py:117} INFO - [2023-11-21T10:15:55.946+0300] {dagbag.py:525} INFO - Filling up the DagBag from /home/user/Masaüstü/kafka/.env/lib/python3.8/site-packages/airflow/example_dags/example_time_delta_sensor_async.py
[2023-11-21T10:15:55.971+0300] {processor.py:768} INFO - DAG(s) dict_keys(['example_time_delta_sensor_async']) retrieved from /home/user/Masaüstü/kafka/.env/lib/python3.8/site-packages/airflow/example_dags/example_time_delta_sensor_async.py
[2023-11-21T10:15:56.040+0300] {logging_mixin.py:117} INFO - [2023-11-21T10:15:56.040+0300] {dag.py:2573} INFO - Sync 1 DAGs
[2023-11-21T10:15:56.054+0300] {logging_mixin.py:117} INFO - [2023-11-21T10:15:56.054+0300] {dag.py:3324} INFO - Setting next_dagrun for example_time_delta_sensor_async to None, run_after=None
[2023-11-21T10:15:56.072+0300] {processor.py:178} INFO - Processing /home/user/Masaüstü/kafka/.env/lib/python3.8/site-packages/airflow/example_dags/example_time_delta_sensor_async.py took 0.137 seconds
[2023-11-21T10:16:35.084+0300] {processor.py:156} INFO - Started process (PID=36057) to work on /home/user/Masaüstü/kafka/.env/lib/python3.8/site-packages/airflow/example_dags/example_time_delta_sensor_async.py
[2023-11-21T10:16:35.086+0300] {processor.py:758} INFO - Processing file /home/user/Masaüstü/kafka/.env/lib/python3.8/site-packages/airflow/example_dags/example_time_delta_sensor_async.py for tasks to queue
[2023-11-21T10:16:35.086+0300] {logging_mixin.py:117} INFO - [2023-11-21T10:16:35.086+0300] {dagbag.py:525} INFO - Filling up the DagBag from /home/user/Masaüstü/kafka/.env/lib/python3.8/site-packages/airflow/example_dags/example_time_delta_sensor_async.py
[2023-11-21T10:16:35.099+0300] {processor.py:768} INFO - DAG(s) dict_keys(['example_time_delta_sensor_async']) retrieved from /home/user/Masaüstü/kafka/.env/lib/python3.8/site-packages/airflow/example_dags/example_time_delta_sensor_async.py
[2023-11-21T10:16:35.165+0300] {logging_mixin.py:117} INFO - [2023-11-21T10:16:35.165+0300] {dag.py:2573} INFO - Sync 1 DAGs
[2023-11-21T10:16:35.183+0300] {logging_mixin.py:117} INFO - [2023-11-21T10:16:35.183+0300] {dag.py:3324} INFO - Setting next_dagrun for example_time_delta_sensor_async to None, run_after=None
[2023-11-21T10:16:35.201+0300] {processor.py:178} INFO - Processing /home/user/Masaüstü/kafka/.env/lib/python3.8/site-packages/airflow/example_dags/example_time_delta_sensor_async.py took 0.119 seconds
[2023-11-21T10:17:11.807+0300] {processor.py:156} INFO - Started process (PID=36340) to work on /home/user/Masaüstü/kafka/.env/lib/python3.8/site-packages/airflow/example_dags/example_time_delta_sensor_async.py
[2023-11-21T10:17:11.809+0300] {processor.py:758} INFO - Processing file /home/user/Masaüstü/kafka/.env/lib/python3.8/site-packages/airflow/example_dags/example_time_delta_sensor_async.py for tasks to queue
[2023-11-21T10:17:11.809+0300] {logging_mixin.py:117} INFO - [2023-11-21T10:17:11.809+0300] {dagbag.py:525} INFO - Filling up the DagBag from /home/user/Masaüstü/kafka/.env/lib/python3.8/site-packages/airflow/example_dags/example_time_delta_sensor_async.py
[2023-11-21T10:17:11.822+0300] {processor.py:768} INFO - DAG(s) dict_keys(['example_time_delta_sensor_async']) retrieved from /home/user/Masaüstü/kafka/.env/lib/python3.8/site-packages/airflow/example_dags/example_time_delta_sensor_async.py
[2023-11-21T10:17:11.917+0300] {logging_mixin.py:117} INFO - [2023-11-21T10:17:11.917+0300] {dag.py:2573} INFO - Sync 1 DAGs
[2023-11-21T10:17:11.940+0300] {logging_mixin.py:117} INFO - [2023-11-21T10:17:11.940+0300] {dag.py:3324} INFO - Setting next_dagrun for example_time_delta_sensor_async to None, run_after=None
[2023-11-21T10:17:11.965+0300] {processor.py:178} INFO - Processing /home/user/Masaüstü/kafka/.env/lib/python3.8/site-packages/airflow/example_dags/example_time_delta_sensor_async.py took 0.161 seconds
[2023-11-21T10:17:50.037+0300] {processor.py:156} INFO - Started process (PID=36595) to work on /home/user/Masaüstü/kafka/.env/lib/python3.8/site-packages/airflow/example_dags/example_time_delta_sensor_async.py
[2023-11-21T10:17:50.040+0300] {processor.py:758} INFO - Processing file /home/user/Masaüstü/kafka/.env/lib/python3.8/site-packages/airflow/example_dags/example_time_delta_sensor_async.py for tasks to queue
[2023-11-21T10:17:50.043+0300] {logging_mixin.py:117} INFO - [2023-11-21T10:17:50.042+0300] {dagbag.py:525} INFO - Filling up the DagBag from /home/user/Masaüstü/kafka/.env/lib/python3.8/site-packages/airflow/example_dags/example_time_delta_sensor_async.py
[2023-11-21T10:17:50.066+0300] {processor.py:768} INFO - DAG(s) dict_keys(['example_time_delta_sensor_async']) retrieved from /home/user/Masaüstü/kafka/.env/lib/python3.8/site-packages/airflow/example_dags/example_time_delta_sensor_async.py
[2023-11-21T10:17:50.135+0300] {logging_mixin.py:117} INFO - [2023-11-21T10:17:50.135+0300] {dag.py:2573} INFO - Sync 1 DAGs
[2023-11-21T10:17:50.150+0300] {logging_mixin.py:117} INFO - [2023-11-21T10:17:50.150+0300] {dag.py:3324} INFO - Setting next_dagrun for example_time_delta_sensor_async to None, run_after=None
[2023-11-21T10:17:50.168+0300] {processor.py:178} INFO - Processing /home/user/Masaüstü/kafka/.env/lib/python3.8/site-packages/airflow/example_dags/example_time_delta_sensor_async.py took 0.138 seconds
[2023-11-21T10:18:27.054+0300] {processor.py:156} INFO - Started process (PID=36862) to work on /home/user/Masaüstü/kafka/.env/lib/python3.8/site-packages/airflow/example_dags/example_time_delta_sensor_async.py
[2023-11-21T10:18:27.057+0300] {processor.py:758} INFO - Processing file /home/user/Masaüstü/kafka/.env/lib/python3.8/site-packages/airflow/example_dags/example_time_delta_sensor_async.py for tasks to queue
[2023-11-21T10:18:27.058+0300] {logging_mixin.py:117} INFO - [2023-11-21T10:18:27.057+0300] {dagbag.py:525} INFO - Filling up the DagBag from /home/user/Masaüstü/kafka/.env/lib/python3.8/site-packages/airflow/example_dags/example_time_delta_sensor_async.py
[2023-11-21T10:18:27.072+0300] {processor.py:768} INFO - DAG(s) dict_keys(['example_time_delta_sensor_async']) retrieved from /home/user/Masaüstü/kafka/.env/lib/python3.8/site-packages/airflow/example_dags/example_time_delta_sensor_async.py
[2023-11-21T10:18:27.147+0300] {logging_mixin.py:117} INFO - [2023-11-21T10:18:27.146+0300] {dag.py:2573} INFO - Sync 1 DAGs
[2023-11-21T10:18:27.163+0300] {logging_mixin.py:117} INFO - [2023-11-21T10:18:27.162+0300] {dag.py:3324} INFO - Setting next_dagrun for example_time_delta_sensor_async to None, run_after=None
[2023-11-21T10:18:27.190+0300] {processor.py:178} INFO - Processing /home/user/Masaüstü/kafka/.env/lib/python3.8/site-packages/airflow/example_dags/example_time_delta_sensor_async.py took 0.140 seconds
[2023-11-21T10:19:06.189+0300] {processor.py:156} INFO - Started process (PID=37104) to work on /home/user/Masaüstü/kafka/.env/lib/python3.8/site-packages/airflow/example_dags/example_time_delta_sensor_async.py
[2023-11-21T10:19:06.191+0300] {processor.py:758} INFO - Processing file /home/user/Masaüstü/kafka/.env/lib/python3.8/site-packages/airflow/example_dags/example_time_delta_sensor_async.py for tasks to queue
[2023-11-21T10:19:06.191+0300] {logging_mixin.py:117} INFO - [2023-11-21T10:19:06.191+0300] {dagbag.py:525} INFO - Filling up the DagBag from /home/user/Masaüstü/kafka/.env/lib/python3.8/site-packages/airflow/example_dags/example_time_delta_sensor_async.py
[2023-11-21T10:19:06.200+0300] {processor.py:768} INFO - DAG(s) dict_keys(['example_time_delta_sensor_async']) retrieved from /home/user/Masaüstü/kafka/.env/lib/python3.8/site-packages/airflow/example_dags/example_time_delta_sensor_async.py
[2023-11-21T10:19:06.265+0300] {logging_mixin.py:117} INFO - [2023-11-21T10:19:06.265+0300] {dag.py:2573} INFO - Sync 1 DAGs
[2023-11-21T10:19:06.278+0300] {logging_mixin.py:117} INFO - [2023-11-21T10:19:06.278+0300] {dag.py:3324} INFO - Setting next_dagrun for example_time_delta_sensor_async to None, run_after=None
[2023-11-21T10:19:06.296+0300] {processor.py:178} INFO - Processing /home/user/Masaüstü/kafka/.env/lib/python3.8/site-packages/airflow/example_dags/example_time_delta_sensor_async.py took 0.109 seconds
[2023-11-21T10:19:44.756+0300] {processor.py:156} INFO - Started process (PID=37347) to work on /home/user/Masaüstü/kafka/.env/lib/python3.8/site-packages/airflow/example_dags/example_time_delta_sensor_async.py
[2023-11-21T10:19:44.758+0300] {processor.py:758} INFO - Processing file /home/user/Masaüstü/kafka/.env/lib/python3.8/site-packages/airflow/example_dags/example_time_delta_sensor_async.py for tasks to queue
[2023-11-21T10:19:44.758+0300] {logging_mixin.py:117} INFO - [2023-11-21T10:19:44.758+0300] {dagbag.py:525} INFO - Filling up the DagBag from /home/user/Masaüstü/kafka/.env/lib/python3.8/site-packages/airflow/example_dags/example_time_delta_sensor_async.py
[2023-11-21T10:19:44.769+0300] {processor.py:768} INFO - DAG(s) dict_keys(['example_time_delta_sensor_async']) retrieved from /home/user/Masaüstü/kafka/.env/lib/python3.8/site-packages/airflow/example_dags/example_time_delta_sensor_async.py
[2023-11-21T10:19:44.856+0300] {logging_mixin.py:117} INFO - [2023-11-21T10:19:44.856+0300] {dag.py:2573} INFO - Sync 1 DAGs
[2023-11-21T10:19:44.875+0300] {logging_mixin.py:117} INFO - [2023-11-21T10:19:44.875+0300] {dag.py:3324} INFO - Setting next_dagrun for example_time_delta_sensor_async to None, run_after=None
[2023-11-21T10:19:44.900+0300] {processor.py:178} INFO - Processing /home/user/Masaüstü/kafka/.env/lib/python3.8/site-packages/airflow/example_dags/example_time_delta_sensor_async.py took 0.149 seconds
