[2023-11-21T09:51:24.103+0300] {processor.py:156} INFO - Started process (PID=23383) to work on /home/user/Masaüstü/kafka/.env/lib/python3.8/site-packages/airflow/example_dags/example_trigger_controller_dag.py
[2023-11-21T09:51:24.104+0300] {processor.py:758} INFO - Processing file /home/user/Masaüstü/kafka/.env/lib/python3.8/site-packages/airflow/example_dags/example_trigger_controller_dag.py for tasks to queue
[2023-11-21T09:51:24.105+0300] {logging_mixin.py:117} INFO - [2023-11-21T09:51:24.105+0300] {dagbag.py:525} INFO - Filling up the DagBag from /home/user/Masaüstü/kafka/.env/lib/python3.8/site-packages/airflow/example_dags/example_trigger_controller_dag.py
[2023-11-21T09:51:24.117+0300] {processor.py:768} INFO - DAG(s) dict_keys(['example_trigger_controller_dag']) retrieved from /home/user/Masaüstü/kafka/.env/lib/python3.8/site-packages/airflow/example_dags/example_trigger_controller_dag.py
[2023-11-21T09:51:24.130+0300] {logging_mixin.py:117} INFO - [2023-11-21T09:51:24.129+0300] {dag.py:2573} INFO - Sync 1 DAGs
[2023-11-21T09:51:24.155+0300] {logging_mixin.py:117} INFO - [2023-11-21T09:51:24.155+0300] {dag.py:3324} INFO - Setting next_dagrun for example_trigger_controller_dag to 2021-01-01T00:00:00+00:00, run_after=2021-01-01T00:00:00+00:00
[2023-11-21T09:51:24.179+0300] {processor.py:178} INFO - Processing /home/user/Masaüstü/kafka/.env/lib/python3.8/site-packages/airflow/example_dags/example_trigger_controller_dag.py took 0.078 seconds
[2023-11-21T09:52:03.745+0300] {processor.py:156} INFO - Started process (PID=23963) to work on /home/user/Masaüstü/kafka/.env/lib/python3.8/site-packages/airflow/example_dags/example_trigger_controller_dag.py
[2023-11-21T09:52:03.745+0300] {processor.py:758} INFO - Processing file /home/user/Masaüstü/kafka/.env/lib/python3.8/site-packages/airflow/example_dags/example_trigger_controller_dag.py for tasks to queue
[2023-11-21T09:52:03.746+0300] {logging_mixin.py:117} INFO - [2023-11-21T09:52:03.746+0300] {dagbag.py:525} INFO - Filling up the DagBag from /home/user/Masaüstü/kafka/.env/lib/python3.8/site-packages/airflow/example_dags/example_trigger_controller_dag.py
[2023-11-21T09:52:03.758+0300] {processor.py:768} INFO - DAG(s) dict_keys(['example_trigger_controller_dag']) retrieved from /home/user/Masaüstü/kafka/.env/lib/python3.8/site-packages/airflow/example_dags/example_trigger_controller_dag.py
[2023-11-21T09:52:03.780+0300] {logging_mixin.py:117} INFO - [2023-11-21T09:52:03.780+0300] {dag.py:2573} INFO - Sync 1 DAGs
[2023-11-21T09:52:03.799+0300] {logging_mixin.py:117} INFO - [2023-11-21T09:52:03.799+0300] {dag.py:3324} INFO - Setting next_dagrun for example_trigger_controller_dag to 2021-01-01T00:00:00+00:00, run_after=2021-01-01T00:00:00+00:00
[2023-11-21T09:52:03.825+0300] {processor.py:178} INFO - Processing /home/user/Masaüstü/kafka/.env/lib/python3.8/site-packages/airflow/example_dags/example_trigger_controller_dag.py took 0.082 seconds
[2023-11-21T09:52:40.910+0300] {processor.py:156} INFO - Started process (PID=24399) to work on /home/user/Masaüstü/kafka/.env/lib/python3.8/site-packages/airflow/example_dags/example_trigger_controller_dag.py
[2023-11-21T09:52:40.912+0300] {processor.py:758} INFO - Processing file /home/user/Masaüstü/kafka/.env/lib/python3.8/site-packages/airflow/example_dags/example_trigger_controller_dag.py for tasks to queue
[2023-11-21T09:52:40.915+0300] {logging_mixin.py:117} INFO - [2023-11-21T09:52:40.914+0300] {dagbag.py:525} INFO - Filling up the DagBag from /home/user/Masaüstü/kafka/.env/lib/python3.8/site-packages/airflow/example_dags/example_trigger_controller_dag.py
[2023-11-21T09:52:40.934+0300] {processor.py:768} INFO - DAG(s) dict_keys(['example_trigger_controller_dag']) retrieved from /home/user/Masaüstü/kafka/.env/lib/python3.8/site-packages/airflow/example_dags/example_trigger_controller_dag.py
[2023-11-21T09:52:40.966+0300] {logging_mixin.py:117} INFO - [2023-11-21T09:52:40.966+0300] {dag.py:2573} INFO - Sync 1 DAGs
[2023-11-21T09:52:40.989+0300] {logging_mixin.py:117} INFO - [2023-11-21T09:52:40.988+0300] {dag.py:3324} INFO - Setting next_dagrun for example_trigger_controller_dag to 2021-01-01T00:00:00+00:00, run_after=2021-01-01T00:00:00+00:00
[2023-11-21T09:52:41.012+0300] {processor.py:178} INFO - Processing /home/user/Masaüstü/kafka/.env/lib/python3.8/site-packages/airflow/example_dags/example_trigger_controller_dag.py took 0.105 seconds
[2023-11-21T09:53:18.775+0300] {processor.py:156} INFO - Started process (PID=24666) to work on /home/user/Masaüstü/kafka/.env/lib/python3.8/site-packages/airflow/example_dags/example_trigger_controller_dag.py
[2023-11-21T09:53:18.777+0300] {processor.py:758} INFO - Processing file /home/user/Masaüstü/kafka/.env/lib/python3.8/site-packages/airflow/example_dags/example_trigger_controller_dag.py for tasks to queue
[2023-11-21T09:53:18.778+0300] {logging_mixin.py:117} INFO - [2023-11-21T09:53:18.777+0300] {dagbag.py:525} INFO - Filling up the DagBag from /home/user/Masaüstü/kafka/.env/lib/python3.8/site-packages/airflow/example_dags/example_trigger_controller_dag.py
[2023-11-21T09:53:18.787+0300] {processor.py:768} INFO - DAG(s) dict_keys(['example_trigger_controller_dag']) retrieved from /home/user/Masaüstü/kafka/.env/lib/python3.8/site-packages/airflow/example_dags/example_trigger_controller_dag.py
[2023-11-21T09:53:18.805+0300] {logging_mixin.py:117} INFO - [2023-11-21T09:53:18.805+0300] {dag.py:2573} INFO - Sync 1 DAGs
[2023-11-21T09:53:18.821+0300] {logging_mixin.py:117} INFO - [2023-11-21T09:53:18.821+0300] {dag.py:3324} INFO - Setting next_dagrun for example_trigger_controller_dag to 2021-01-01T00:00:00+00:00, run_after=2021-01-01T00:00:00+00:00
[2023-11-21T09:53:18.848+0300] {processor.py:178} INFO - Processing /home/user/Masaüstü/kafka/.env/lib/python3.8/site-packages/airflow/example_dags/example_trigger_controller_dag.py took 0.075 seconds
[2023-11-21T09:53:57.003+0300] {processor.py:156} INFO - Started process (PID=24906) to work on /home/user/Masaüstü/kafka/.env/lib/python3.8/site-packages/airflow/example_dags/example_trigger_controller_dag.py
[2023-11-21T09:53:57.005+0300] {processor.py:758} INFO - Processing file /home/user/Masaüstü/kafka/.env/lib/python3.8/site-packages/airflow/example_dags/example_trigger_controller_dag.py for tasks to queue
[2023-11-21T09:53:57.005+0300] {logging_mixin.py:117} INFO - [2023-11-21T09:53:57.005+0300] {dagbag.py:525} INFO - Filling up the DagBag from /home/user/Masaüstü/kafka/.env/lib/python3.8/site-packages/airflow/example_dags/example_trigger_controller_dag.py
[2023-11-21T09:53:57.015+0300] {processor.py:768} INFO - DAG(s) dict_keys(['example_trigger_controller_dag']) retrieved from /home/user/Masaüstü/kafka/.env/lib/python3.8/site-packages/airflow/example_dags/example_trigger_controller_dag.py
[2023-11-21T09:53:57.033+0300] {logging_mixin.py:117} INFO - [2023-11-21T09:53:57.032+0300] {dag.py:2573} INFO - Sync 1 DAGs
[2023-11-21T09:53:57.049+0300] {logging_mixin.py:117} INFO - [2023-11-21T09:53:57.049+0300] {dag.py:3324} INFO - Setting next_dagrun for example_trigger_controller_dag to 2021-01-01T00:00:00+00:00, run_after=2021-01-01T00:00:00+00:00
[2023-11-21T09:53:57.067+0300] {processor.py:178} INFO - Processing /home/user/Masaüstü/kafka/.env/lib/python3.8/site-packages/airflow/example_dags/example_trigger_controller_dag.py took 0.067 seconds
[2023-11-21T09:54:32.220+0300] {processor.py:156} INFO - Started process (PID=25125) to work on /home/user/Masaüstü/kafka/.env/lib/python3.8/site-packages/airflow/example_dags/example_trigger_controller_dag.py
[2023-11-21T09:54:32.222+0300] {processor.py:758} INFO - Processing file /home/user/Masaüstü/kafka/.env/lib/python3.8/site-packages/airflow/example_dags/example_trigger_controller_dag.py for tasks to queue
[2023-11-21T09:54:32.223+0300] {logging_mixin.py:117} INFO - [2023-11-21T09:54:32.223+0300] {dagbag.py:525} INFO - Filling up the DagBag from /home/user/Masaüstü/kafka/.env/lib/python3.8/site-packages/airflow/example_dags/example_trigger_controller_dag.py
[2023-11-21T09:54:32.236+0300] {processor.py:768} INFO - DAG(s) dict_keys(['example_trigger_controller_dag']) retrieved from /home/user/Masaüstü/kafka/.env/lib/python3.8/site-packages/airflow/example_dags/example_trigger_controller_dag.py
[2023-11-21T09:54:32.254+0300] {logging_mixin.py:117} INFO - [2023-11-21T09:54:32.254+0300] {dag.py:2573} INFO - Sync 1 DAGs
[2023-11-21T09:54:32.269+0300] {logging_mixin.py:117} INFO - [2023-11-21T09:54:32.269+0300] {dag.py:3324} INFO - Setting next_dagrun for example_trigger_controller_dag to 2021-01-01T00:00:00+00:00, run_after=2021-01-01T00:00:00+00:00
[2023-11-21T09:54:32.285+0300] {processor.py:178} INFO - Processing /home/user/Masaüstü/kafka/.env/lib/python3.8/site-packages/airflow/example_dags/example_trigger_controller_dag.py took 0.070 seconds
[2023-11-21T09:55:10.007+0300] {processor.py:156} INFO - Started process (PID=25366) to work on /home/user/Masaüstü/kafka/.env/lib/python3.8/site-packages/airflow/example_dags/example_trigger_controller_dag.py
[2023-11-21T09:55:10.008+0300] {processor.py:758} INFO - Processing file /home/user/Masaüstü/kafka/.env/lib/python3.8/site-packages/airflow/example_dags/example_trigger_controller_dag.py for tasks to queue
[2023-11-21T09:55:10.009+0300] {logging_mixin.py:117} INFO - [2023-11-21T09:55:10.009+0300] {dagbag.py:525} INFO - Filling up the DagBag from /home/user/Masaüstü/kafka/.env/lib/python3.8/site-packages/airflow/example_dags/example_trigger_controller_dag.py
[2023-11-21T09:55:10.019+0300] {processor.py:768} INFO - DAG(s) dict_keys(['example_trigger_controller_dag']) retrieved from /home/user/Masaüstü/kafka/.env/lib/python3.8/site-packages/airflow/example_dags/example_trigger_controller_dag.py
[2023-11-21T09:55:10.039+0300] {logging_mixin.py:117} INFO - [2023-11-21T09:55:10.039+0300] {dag.py:2573} INFO - Sync 1 DAGs
[2023-11-21T09:55:10.053+0300] {logging_mixin.py:117} INFO - [2023-11-21T09:55:10.053+0300] {dag.py:3324} INFO - Setting next_dagrun for example_trigger_controller_dag to 2021-01-01T00:00:00+00:00, run_after=2021-01-01T00:00:00+00:00
[2023-11-21T09:55:10.079+0300] {processor.py:178} INFO - Processing /home/user/Masaüstü/kafka/.env/lib/python3.8/site-packages/airflow/example_dags/example_trigger_controller_dag.py took 0.074 seconds
[2023-11-21T09:55:47.500+0300] {processor.py:156} INFO - Started process (PID=25672) to work on /home/user/Masaüstü/kafka/.env/lib/python3.8/site-packages/airflow/example_dags/example_trigger_controller_dag.py
[2023-11-21T09:55:47.502+0300] {processor.py:758} INFO - Processing file /home/user/Masaüstü/kafka/.env/lib/python3.8/site-packages/airflow/example_dags/example_trigger_controller_dag.py for tasks to queue
[2023-11-21T09:55:47.503+0300] {logging_mixin.py:117} INFO - [2023-11-21T09:55:47.503+0300] {dagbag.py:525} INFO - Filling up the DagBag from /home/user/Masaüstü/kafka/.env/lib/python3.8/site-packages/airflow/example_dags/example_trigger_controller_dag.py
[2023-11-21T09:55:47.522+0300] {processor.py:768} INFO - DAG(s) dict_keys(['example_trigger_controller_dag']) retrieved from /home/user/Masaüstü/kafka/.env/lib/python3.8/site-packages/airflow/example_dags/example_trigger_controller_dag.py
[2023-11-21T09:55:47.542+0300] {logging_mixin.py:117} INFO - [2023-11-21T09:55:47.541+0300] {dag.py:2573} INFO - Sync 1 DAGs
[2023-11-21T09:55:47.556+0300] {logging_mixin.py:117} INFO - [2023-11-21T09:55:47.555+0300] {dag.py:3324} INFO - Setting next_dagrun for example_trigger_controller_dag to 2021-01-01T00:00:00+00:00, run_after=2021-01-01T00:00:00+00:00
[2023-11-21T09:55:47.580+0300] {processor.py:178} INFO - Processing /home/user/Masaüstü/kafka/.env/lib/python3.8/site-packages/airflow/example_dags/example_trigger_controller_dag.py took 0.087 seconds
[2023-11-21T09:56:23.626+0300] {processor.py:156} INFO - Started process (PID=25944) to work on /home/user/Masaüstü/kafka/.env/lib/python3.8/site-packages/airflow/example_dags/example_trigger_controller_dag.py
[2023-11-21T09:56:23.628+0300] {processor.py:758} INFO - Processing file /home/user/Masaüstü/kafka/.env/lib/python3.8/site-packages/airflow/example_dags/example_trigger_controller_dag.py for tasks to queue
[2023-11-21T09:56:23.629+0300] {logging_mixin.py:117} INFO - [2023-11-21T09:56:23.629+0300] {dagbag.py:525} INFO - Filling up the DagBag from /home/user/Masaüstü/kafka/.env/lib/python3.8/site-packages/airflow/example_dags/example_trigger_controller_dag.py
[2023-11-21T09:56:23.639+0300] {processor.py:768} INFO - DAG(s) dict_keys(['example_trigger_controller_dag']) retrieved from /home/user/Masaüstü/kafka/.env/lib/python3.8/site-packages/airflow/example_dags/example_trigger_controller_dag.py
[2023-11-21T09:56:23.660+0300] {logging_mixin.py:117} INFO - [2023-11-21T09:56:23.660+0300] {dag.py:2573} INFO - Sync 1 DAGs
[2023-11-21T09:56:23.678+0300] {logging_mixin.py:117} INFO - [2023-11-21T09:56:23.678+0300] {dag.py:3324} INFO - Setting next_dagrun for example_trigger_controller_dag to 2021-01-01T00:00:00+00:00, run_after=2021-01-01T00:00:00+00:00
[2023-11-21T09:56:23.701+0300] {processor.py:178} INFO - Processing /home/user/Masaüstü/kafka/.env/lib/python3.8/site-packages/airflow/example_dags/example_trigger_controller_dag.py took 0.078 seconds
[2023-11-21T09:57:01.009+0300] {processor.py:156} INFO - Started process (PID=26170) to work on /home/user/Masaüstü/kafka/.env/lib/python3.8/site-packages/airflow/example_dags/example_trigger_controller_dag.py
[2023-11-21T09:57:01.013+0300] {processor.py:758} INFO - Processing file /home/user/Masaüstü/kafka/.env/lib/python3.8/site-packages/airflow/example_dags/example_trigger_controller_dag.py for tasks to queue
[2023-11-21T09:57:01.014+0300] {logging_mixin.py:117} INFO - [2023-11-21T09:57:01.014+0300] {dagbag.py:525} INFO - Filling up the DagBag from /home/user/Masaüstü/kafka/.env/lib/python3.8/site-packages/airflow/example_dags/example_trigger_controller_dag.py
[2023-11-21T09:57:01.033+0300] {processor.py:768} INFO - DAG(s) dict_keys(['example_trigger_controller_dag']) retrieved from /home/user/Masaüstü/kafka/.env/lib/python3.8/site-packages/airflow/example_dags/example_trigger_controller_dag.py
[2023-11-21T09:57:01.056+0300] {logging_mixin.py:117} INFO - [2023-11-21T09:57:01.056+0300] {dag.py:2573} INFO - Sync 1 DAGs
[2023-11-21T09:57:01.072+0300] {logging_mixin.py:117} INFO - [2023-11-21T09:57:01.071+0300] {dag.py:3324} INFO - Setting next_dagrun for example_trigger_controller_dag to 2021-01-01T00:00:00+00:00, run_after=2021-01-01T00:00:00+00:00
[2023-11-21T09:57:01.094+0300] {processor.py:178} INFO - Processing /home/user/Masaüstü/kafka/.env/lib/python3.8/site-packages/airflow/example_dags/example_trigger_controller_dag.py took 0.092 seconds
[2023-11-21T09:57:39.006+0300] {processor.py:156} INFO - Started process (PID=26407) to work on /home/user/Masaüstü/kafka/.env/lib/python3.8/site-packages/airflow/example_dags/example_trigger_controller_dag.py
[2023-11-21T09:57:39.008+0300] {processor.py:758} INFO - Processing file /home/user/Masaüstü/kafka/.env/lib/python3.8/site-packages/airflow/example_dags/example_trigger_controller_dag.py for tasks to queue
[2023-11-21T09:57:39.010+0300] {logging_mixin.py:117} INFO - [2023-11-21T09:57:39.009+0300] {dagbag.py:525} INFO - Filling up the DagBag from /home/user/Masaüstü/kafka/.env/lib/python3.8/site-packages/airflow/example_dags/example_trigger_controller_dag.py
[2023-11-21T09:57:39.038+0300] {processor.py:768} INFO - DAG(s) dict_keys(['example_trigger_controller_dag']) retrieved from /home/user/Masaüstü/kafka/.env/lib/python3.8/site-packages/airflow/example_dags/example_trigger_controller_dag.py
[2023-11-21T09:57:39.065+0300] {logging_mixin.py:117} INFO - [2023-11-21T09:57:39.065+0300] {dag.py:2573} INFO - Sync 1 DAGs
[2023-11-21T09:57:39.089+0300] {logging_mixin.py:117} INFO - [2023-11-21T09:57:39.089+0300] {dag.py:3324} INFO - Setting next_dagrun for example_trigger_controller_dag to 2021-01-01T00:00:00+00:00, run_after=2021-01-01T00:00:00+00:00
[2023-11-21T09:57:39.110+0300] {processor.py:178} INFO - Processing /home/user/Masaüstü/kafka/.env/lib/python3.8/site-packages/airflow/example_dags/example_trigger_controller_dag.py took 0.106 seconds
[2023-11-21T09:58:15.217+0300] {processor.py:156} INFO - Started process (PID=26708) to work on /home/user/Masaüstü/kafka/.env/lib/python3.8/site-packages/airflow/example_dags/example_trigger_controller_dag.py
[2023-11-21T09:58:15.219+0300] {processor.py:758} INFO - Processing file /home/user/Masaüstü/kafka/.env/lib/python3.8/site-packages/airflow/example_dags/example_trigger_controller_dag.py for tasks to queue
[2023-11-21T09:58:15.220+0300] {logging_mixin.py:117} INFO - [2023-11-21T09:58:15.220+0300] {dagbag.py:525} INFO - Filling up the DagBag from /home/user/Masaüstü/kafka/.env/lib/python3.8/site-packages/airflow/example_dags/example_trigger_controller_dag.py
[2023-11-21T09:58:15.236+0300] {processor.py:768} INFO - DAG(s) dict_keys(['example_trigger_controller_dag']) retrieved from /home/user/Masaüstü/kafka/.env/lib/python3.8/site-packages/airflow/example_dags/example_trigger_controller_dag.py
[2023-11-21T09:58:15.255+0300] {logging_mixin.py:117} INFO - [2023-11-21T09:58:15.255+0300] {dag.py:2573} INFO - Sync 1 DAGs
[2023-11-21T09:58:15.272+0300] {logging_mixin.py:117} INFO - [2023-11-21T09:58:15.272+0300] {dag.py:3324} INFO - Setting next_dagrun for example_trigger_controller_dag to 2021-01-01T00:00:00+00:00, run_after=2021-01-01T00:00:00+00:00
[2023-11-21T09:58:15.300+0300] {processor.py:178} INFO - Processing /home/user/Masaüstü/kafka/.env/lib/python3.8/site-packages/airflow/example_dags/example_trigger_controller_dag.py took 0.088 seconds
[2023-11-21T09:58:52.833+0300] {processor.py:156} INFO - Started process (PID=27226) to work on /home/user/Masaüstü/kafka/.env/lib/python3.8/site-packages/airflow/example_dags/example_trigger_controller_dag.py
[2023-11-21T09:58:52.835+0300] {processor.py:758} INFO - Processing file /home/user/Masaüstü/kafka/.env/lib/python3.8/site-packages/airflow/example_dags/example_trigger_controller_dag.py for tasks to queue
[2023-11-21T09:58:52.835+0300] {logging_mixin.py:117} INFO - [2023-11-21T09:58:52.835+0300] {dagbag.py:525} INFO - Filling up the DagBag from /home/user/Masaüstü/kafka/.env/lib/python3.8/site-packages/airflow/example_dags/example_trigger_controller_dag.py
[2023-11-21T09:58:52.848+0300] {processor.py:768} INFO - DAG(s) dict_keys(['example_trigger_controller_dag']) retrieved from /home/user/Masaüstü/kafka/.env/lib/python3.8/site-packages/airflow/example_dags/example_trigger_controller_dag.py
[2023-11-21T09:58:52.871+0300] {logging_mixin.py:117} INFO - [2023-11-21T09:58:52.870+0300] {dag.py:2573} INFO - Sync 1 DAGs
[2023-11-21T09:58:52.887+0300] {logging_mixin.py:117} INFO - [2023-11-21T09:58:52.887+0300] {dag.py:3324} INFO - Setting next_dagrun for example_trigger_controller_dag to 2021-01-01T00:00:00+00:00, run_after=2021-01-01T00:00:00+00:00
[2023-11-21T09:58:52.915+0300] {processor.py:178} INFO - Processing /home/user/Masaüstü/kafka/.env/lib/python3.8/site-packages/airflow/example_dags/example_trigger_controller_dag.py took 0.085 seconds
[2023-11-21T09:59:28.128+0300] {processor.py:156} INFO - Started process (PID=27473) to work on /home/user/Masaüstü/kafka/.env/lib/python3.8/site-packages/airflow/example_dags/example_trigger_controller_dag.py
[2023-11-21T09:59:28.132+0300] {processor.py:758} INFO - Processing file /home/user/Masaüstü/kafka/.env/lib/python3.8/site-packages/airflow/example_dags/example_trigger_controller_dag.py for tasks to queue
[2023-11-21T09:59:28.134+0300] {logging_mixin.py:117} INFO - [2023-11-21T09:59:28.133+0300] {dagbag.py:525} INFO - Filling up the DagBag from /home/user/Masaüstü/kafka/.env/lib/python3.8/site-packages/airflow/example_dags/example_trigger_controller_dag.py
[2023-11-21T09:59:28.146+0300] {processor.py:768} INFO - DAG(s) dict_keys(['example_trigger_controller_dag']) retrieved from /home/user/Masaüstü/kafka/.env/lib/python3.8/site-packages/airflow/example_dags/example_trigger_controller_dag.py
[2023-11-21T09:59:28.169+0300] {logging_mixin.py:117} INFO - [2023-11-21T09:59:28.169+0300] {dag.py:2573} INFO - Sync 1 DAGs
[2023-11-21T09:59:28.188+0300] {logging_mixin.py:117} INFO - [2023-11-21T09:59:28.188+0300] {dag.py:3324} INFO - Setting next_dagrun for example_trigger_controller_dag to 2021-01-01T00:00:00+00:00, run_after=2021-01-01T00:00:00+00:00
[2023-11-21T09:59:28.214+0300] {processor.py:178} INFO - Processing /home/user/Masaüstü/kafka/.env/lib/python3.8/site-packages/airflow/example_dags/example_trigger_controller_dag.py took 0.088 seconds
[2023-11-21T10:00:04.242+0300] {processor.py:156} INFO - Started process (PID=27703) to work on /home/user/Masaüstü/kafka/.env/lib/python3.8/site-packages/airflow/example_dags/example_trigger_controller_dag.py
[2023-11-21T10:00:04.244+0300] {processor.py:758} INFO - Processing file /home/user/Masaüstü/kafka/.env/lib/python3.8/site-packages/airflow/example_dags/example_trigger_controller_dag.py for tasks to queue
[2023-11-21T10:00:04.245+0300] {logging_mixin.py:117} INFO - [2023-11-21T10:00:04.245+0300] {dagbag.py:525} INFO - Filling up the DagBag from /home/user/Masaüstü/kafka/.env/lib/python3.8/site-packages/airflow/example_dags/example_trigger_controller_dag.py
[2023-11-21T10:00:04.254+0300] {processor.py:768} INFO - DAG(s) dict_keys(['example_trigger_controller_dag']) retrieved from /home/user/Masaüstü/kafka/.env/lib/python3.8/site-packages/airflow/example_dags/example_trigger_controller_dag.py
[2023-11-21T10:00:04.272+0300] {logging_mixin.py:117} INFO - [2023-11-21T10:00:04.272+0300] {dag.py:2573} INFO - Sync 1 DAGs
[2023-11-21T10:00:04.286+0300] {logging_mixin.py:117} INFO - [2023-11-21T10:00:04.286+0300] {dag.py:3324} INFO - Setting next_dagrun for example_trigger_controller_dag to 2021-01-01T00:00:00+00:00, run_after=2021-01-01T00:00:00+00:00
[2023-11-21T10:00:04.303+0300] {processor.py:178} INFO - Processing /home/user/Masaüstü/kafka/.env/lib/python3.8/site-packages/airflow/example_dags/example_trigger_controller_dag.py took 0.062 seconds
[2023-11-21T10:00:40.437+0300] {processor.py:156} INFO - Started process (PID=27921) to work on /home/user/Masaüstü/kafka/.env/lib/python3.8/site-packages/airflow/example_dags/example_trigger_controller_dag.py
[2023-11-21T10:00:40.438+0300] {processor.py:758} INFO - Processing file /home/user/Masaüstü/kafka/.env/lib/python3.8/site-packages/airflow/example_dags/example_trigger_controller_dag.py for tasks to queue
[2023-11-21T10:00:40.439+0300] {logging_mixin.py:117} INFO - [2023-11-21T10:00:40.439+0300] {dagbag.py:525} INFO - Filling up the DagBag from /home/user/Masaüstü/kafka/.env/lib/python3.8/site-packages/airflow/example_dags/example_trigger_controller_dag.py
[2023-11-21T10:00:40.449+0300] {processor.py:768} INFO - DAG(s) dict_keys(['example_trigger_controller_dag']) retrieved from /home/user/Masaüstü/kafka/.env/lib/python3.8/site-packages/airflow/example_dags/example_trigger_controller_dag.py
[2023-11-21T10:00:40.468+0300] {logging_mixin.py:117} INFO - [2023-11-21T10:00:40.468+0300] {dag.py:2573} INFO - Sync 1 DAGs
[2023-11-21T10:00:40.482+0300] {logging_mixin.py:117} INFO - [2023-11-21T10:00:40.482+0300] {dag.py:3324} INFO - Setting next_dagrun for example_trigger_controller_dag to 2021-01-01T00:00:00+00:00, run_after=2021-01-01T00:00:00+00:00
[2023-11-21T10:00:40.501+0300] {processor.py:178} INFO - Processing /home/user/Masaüstü/kafka/.env/lib/python3.8/site-packages/airflow/example_dags/example_trigger_controller_dag.py took 0.066 seconds
[2023-11-21T10:01:15.565+0300] {processor.py:156} INFO - Started process (PID=28142) to work on /home/user/Masaüstü/kafka/.env/lib/python3.8/site-packages/airflow/example_dags/example_trigger_controller_dag.py
[2023-11-21T10:01:15.567+0300] {processor.py:758} INFO - Processing file /home/user/Masaüstü/kafka/.env/lib/python3.8/site-packages/airflow/example_dags/example_trigger_controller_dag.py for tasks to queue
[2023-11-21T10:01:15.567+0300] {logging_mixin.py:117} INFO - [2023-11-21T10:01:15.567+0300] {dagbag.py:525} INFO - Filling up the DagBag from /home/user/Masaüstü/kafka/.env/lib/python3.8/site-packages/airflow/example_dags/example_trigger_controller_dag.py
[2023-11-21T10:01:15.575+0300] {processor.py:768} INFO - DAG(s) dict_keys(['example_trigger_controller_dag']) retrieved from /home/user/Masaüstü/kafka/.env/lib/python3.8/site-packages/airflow/example_dags/example_trigger_controller_dag.py
[2023-11-21T10:01:15.592+0300] {logging_mixin.py:117} INFO - [2023-11-21T10:01:15.592+0300] {dag.py:2573} INFO - Sync 1 DAGs
[2023-11-21T10:01:15.608+0300] {logging_mixin.py:117} INFO - [2023-11-21T10:01:15.607+0300] {dag.py:3324} INFO - Setting next_dagrun for example_trigger_controller_dag to 2021-01-01T00:00:00+00:00, run_after=2021-01-01T00:00:00+00:00
[2023-11-21T10:01:15.627+0300] {processor.py:178} INFO - Processing /home/user/Masaüstü/kafka/.env/lib/python3.8/site-packages/airflow/example_dags/example_trigger_controller_dag.py took 0.064 seconds
[2023-11-21T10:01:50.663+0300] {processor.py:156} INFO - Started process (PID=28419) to work on /home/user/Masaüstü/kafka/.env/lib/python3.8/site-packages/airflow/example_dags/example_trigger_controller_dag.py
[2023-11-21T10:01:50.664+0300] {processor.py:758} INFO - Processing file /home/user/Masaüstü/kafka/.env/lib/python3.8/site-packages/airflow/example_dags/example_trigger_controller_dag.py for tasks to queue
[2023-11-21T10:01:50.664+0300] {logging_mixin.py:117} INFO - [2023-11-21T10:01:50.664+0300] {dagbag.py:525} INFO - Filling up the DagBag from /home/user/Masaüstü/kafka/.env/lib/python3.8/site-packages/airflow/example_dags/example_trigger_controller_dag.py
[2023-11-21T10:01:50.676+0300] {processor.py:768} INFO - DAG(s) dict_keys(['example_trigger_controller_dag']) retrieved from /home/user/Masaüstü/kafka/.env/lib/python3.8/site-packages/airflow/example_dags/example_trigger_controller_dag.py
[2023-11-21T10:01:50.701+0300] {logging_mixin.py:117} INFO - [2023-11-21T10:01:50.701+0300] {dag.py:2573} INFO - Sync 1 DAGs
[2023-11-21T10:01:50.720+0300] {logging_mixin.py:117} INFO - [2023-11-21T10:01:50.720+0300] {dag.py:3324} INFO - Setting next_dagrun for example_trigger_controller_dag to 2021-01-01T00:00:00+00:00, run_after=2021-01-01T00:00:00+00:00
[2023-11-21T10:01:50.738+0300] {processor.py:178} INFO - Processing /home/user/Masaüstü/kafka/.env/lib/python3.8/site-packages/airflow/example_dags/example_trigger_controller_dag.py took 0.077 seconds
[2023-11-21T10:02:27.023+0300] {processor.py:156} INFO - Started process (PID=28639) to work on /home/user/Masaüstü/kafka/.env/lib/python3.8/site-packages/airflow/example_dags/example_trigger_controller_dag.py
[2023-11-21T10:02:27.025+0300] {processor.py:758} INFO - Processing file /home/user/Masaüstü/kafka/.env/lib/python3.8/site-packages/airflow/example_dags/example_trigger_controller_dag.py for tasks to queue
[2023-11-21T10:02:27.027+0300] {logging_mixin.py:117} INFO - [2023-11-21T10:02:27.027+0300] {dagbag.py:525} INFO - Filling up the DagBag from /home/user/Masaüstü/kafka/.env/lib/python3.8/site-packages/airflow/example_dags/example_trigger_controller_dag.py
[2023-11-21T10:02:27.050+0300] {processor.py:768} INFO - DAG(s) dict_keys(['example_trigger_controller_dag']) retrieved from /home/user/Masaüstü/kafka/.env/lib/python3.8/site-packages/airflow/example_dags/example_trigger_controller_dag.py
[2023-11-21T10:02:27.071+0300] {logging_mixin.py:117} INFO - [2023-11-21T10:02:27.071+0300] {dag.py:2573} INFO - Sync 1 DAGs
[2023-11-21T10:02:27.090+0300] {logging_mixin.py:117} INFO - [2023-11-21T10:02:27.090+0300] {dag.py:3324} INFO - Setting next_dagrun for example_trigger_controller_dag to 2021-01-01T00:00:00+00:00, run_after=2021-01-01T00:00:00+00:00
[2023-11-21T10:02:27.107+0300] {processor.py:178} INFO - Processing /home/user/Masaüstü/kafka/.env/lib/python3.8/site-packages/airflow/example_dags/example_trigger_controller_dag.py took 0.091 seconds
[2023-11-21T10:04:57.577+0300] {processor.py:156} INFO - Started process (PID=29917) to work on /home/user/Masaüstü/kafka/.env/lib/python3.8/site-packages/airflow/example_dags/example_trigger_controller_dag.py
[2023-11-21T10:04:57.579+0300] {processor.py:758} INFO - Processing file /home/user/Masaüstü/kafka/.env/lib/python3.8/site-packages/airflow/example_dags/example_trigger_controller_dag.py for tasks to queue
[2023-11-21T10:04:57.580+0300] {logging_mixin.py:117} INFO - [2023-11-21T10:04:57.580+0300] {dagbag.py:525} INFO - Filling up the DagBag from /home/user/Masaüstü/kafka/.env/lib/python3.8/site-packages/airflow/example_dags/example_trigger_controller_dag.py
[2023-11-21T10:04:57.589+0300] {processor.py:768} INFO - DAG(s) dict_keys(['example_trigger_controller_dag']) retrieved from /home/user/Masaüstü/kafka/.env/lib/python3.8/site-packages/airflow/example_dags/example_trigger_controller_dag.py
[2023-11-21T10:04:57.601+0300] {logging_mixin.py:117} INFO - [2023-11-21T10:04:57.600+0300] {dag.py:2573} INFO - Sync 1 DAGs
[2023-11-21T10:04:57.646+0300] {logging_mixin.py:117} INFO - [2023-11-21T10:04:57.644+0300] {dag.py:3324} INFO - Setting next_dagrun for example_trigger_controller_dag to 2021-01-01T00:00:00+00:00, run_after=2021-01-01T00:00:00+00:00
[2023-11-21T10:04:57.675+0300] {processor.py:178} INFO - Processing /home/user/Masaüstü/kafka/.env/lib/python3.8/site-packages/airflow/example_dags/example_trigger_controller_dag.py took 0.100 seconds
[2023-11-21T10:05:33.819+0300] {processor.py:156} INFO - Started process (PID=30221) to work on /home/user/Masaüstü/kafka/.env/lib/python3.8/site-packages/airflow/example_dags/example_trigger_controller_dag.py
[2023-11-21T10:05:33.821+0300] {processor.py:758} INFO - Processing file /home/user/Masaüstü/kafka/.env/lib/python3.8/site-packages/airflow/example_dags/example_trigger_controller_dag.py for tasks to queue
[2023-11-21T10:05:33.822+0300] {logging_mixin.py:117} INFO - [2023-11-21T10:05:33.822+0300] {dagbag.py:525} INFO - Filling up the DagBag from /home/user/Masaüstü/kafka/.env/lib/python3.8/site-packages/airflow/example_dags/example_trigger_controller_dag.py
[2023-11-21T10:05:33.834+0300] {processor.py:768} INFO - DAG(s) dict_keys(['example_trigger_controller_dag']) retrieved from /home/user/Masaüstü/kafka/.env/lib/python3.8/site-packages/airflow/example_dags/example_trigger_controller_dag.py
[2023-11-21T10:05:33.860+0300] {logging_mixin.py:117} INFO - [2023-11-21T10:05:33.860+0300] {dag.py:2573} INFO - Sync 1 DAGs
[2023-11-21T10:05:33.888+0300] {logging_mixin.py:117} INFO - [2023-11-21T10:05:33.887+0300] {dag.py:3324} INFO - Setting next_dagrun for example_trigger_controller_dag to 2021-01-01T00:00:00+00:00, run_after=2021-01-01T00:00:00+00:00
[2023-11-21T10:05:33.915+0300] {processor.py:178} INFO - Processing /home/user/Masaüstü/kafka/.env/lib/python3.8/site-packages/airflow/example_dags/example_trigger_controller_dag.py took 0.099 seconds
[2023-11-21T10:06:13.379+0300] {processor.py:156} INFO - Started process (PID=30600) to work on /home/user/Masaüstü/kafka/.env/lib/python3.8/site-packages/airflow/example_dags/example_trigger_controller_dag.py
[2023-11-21T10:06:13.382+0300] {processor.py:758} INFO - Processing file /home/user/Masaüstü/kafka/.env/lib/python3.8/site-packages/airflow/example_dags/example_trigger_controller_dag.py for tasks to queue
[2023-11-21T10:06:13.382+0300] {logging_mixin.py:117} INFO - [2023-11-21T10:06:13.382+0300] {dagbag.py:525} INFO - Filling up the DagBag from /home/user/Masaüstü/kafka/.env/lib/python3.8/site-packages/airflow/example_dags/example_trigger_controller_dag.py
[2023-11-21T10:06:13.398+0300] {processor.py:768} INFO - DAG(s) dict_keys(['example_trigger_controller_dag']) retrieved from /home/user/Masaüstü/kafka/.env/lib/python3.8/site-packages/airflow/example_dags/example_trigger_controller_dag.py
[2023-11-21T10:06:13.419+0300] {logging_mixin.py:117} INFO - [2023-11-21T10:06:13.419+0300] {dag.py:2573} INFO - Sync 1 DAGs
[2023-11-21T10:06:13.444+0300] {logging_mixin.py:117} INFO - [2023-11-21T10:06:13.444+0300] {dag.py:3324} INFO - Setting next_dagrun for example_trigger_controller_dag to 2021-01-01T00:00:00+00:00, run_after=2021-01-01T00:00:00+00:00
[2023-11-21T10:06:13.487+0300] {processor.py:178} INFO - Processing /home/user/Masaüstü/kafka/.env/lib/python3.8/site-packages/airflow/example_dags/example_trigger_controller_dag.py took 0.111 seconds
[2023-11-21T10:06:52.231+0300] {processor.py:156} INFO - Started process (PID=30863) to work on /home/user/Masaüstü/kafka/.env/lib/python3.8/site-packages/airflow/example_dags/example_trigger_controller_dag.py
[2023-11-21T10:06:52.232+0300] {processor.py:758} INFO - Processing file /home/user/Masaüstü/kafka/.env/lib/python3.8/site-packages/airflow/example_dags/example_trigger_controller_dag.py for tasks to queue
[2023-11-21T10:06:52.232+0300] {logging_mixin.py:117} INFO - [2023-11-21T10:06:52.232+0300] {dagbag.py:525} INFO - Filling up the DagBag from /home/user/Masaüstü/kafka/.env/lib/python3.8/site-packages/airflow/example_dags/example_trigger_controller_dag.py
[2023-11-21T10:06:52.241+0300] {processor.py:768} INFO - DAG(s) dict_keys(['example_trigger_controller_dag']) retrieved from /home/user/Masaüstü/kafka/.env/lib/python3.8/site-packages/airflow/example_dags/example_trigger_controller_dag.py
[2023-11-21T10:06:52.259+0300] {logging_mixin.py:117} INFO - [2023-11-21T10:06:52.259+0300] {dag.py:2573} INFO - Sync 1 DAGs
[2023-11-21T10:06:52.273+0300] {logging_mixin.py:117} INFO - [2023-11-21T10:06:52.273+0300] {dag.py:3324} INFO - Setting next_dagrun for example_trigger_controller_dag to 2021-01-01T00:00:00+00:00, run_after=2021-01-01T00:00:00+00:00
[2023-11-21T10:06:52.300+0300] {processor.py:178} INFO - Processing /home/user/Masaüstü/kafka/.env/lib/python3.8/site-packages/airflow/example_dags/example_trigger_controller_dag.py took 0.072 seconds
[2023-11-21T10:07:28.676+0300] {processor.py:156} INFO - Started process (PID=31092) to work on /home/user/Masaüstü/kafka/.env/lib/python3.8/site-packages/airflow/example_dags/example_trigger_controller_dag.py
[2023-11-21T10:07:28.678+0300] {processor.py:758} INFO - Processing file /home/user/Masaüstü/kafka/.env/lib/python3.8/site-packages/airflow/example_dags/example_trigger_controller_dag.py for tasks to queue
[2023-11-21T10:07:28.678+0300] {logging_mixin.py:117} INFO - [2023-11-21T10:07:28.678+0300] {dagbag.py:525} INFO - Filling up the DagBag from /home/user/Masaüstü/kafka/.env/lib/python3.8/site-packages/airflow/example_dags/example_trigger_controller_dag.py
[2023-11-21T10:07:28.690+0300] {processor.py:768} INFO - DAG(s) dict_keys(['example_trigger_controller_dag']) retrieved from /home/user/Masaüstü/kafka/.env/lib/python3.8/site-packages/airflow/example_dags/example_trigger_controller_dag.py
[2023-11-21T10:07:28.712+0300] {logging_mixin.py:117} INFO - [2023-11-21T10:07:28.712+0300] {dag.py:2573} INFO - Sync 1 DAGs
[2023-11-21T10:07:28.727+0300] {logging_mixin.py:117} INFO - [2023-11-21T10:07:28.726+0300] {dag.py:3324} INFO - Setting next_dagrun for example_trigger_controller_dag to 2021-01-01T00:00:00+00:00, run_after=2021-01-01T00:00:00+00:00
[2023-11-21T10:07:28.815+0300] {processor.py:178} INFO - Processing /home/user/Masaüstü/kafka/.env/lib/python3.8/site-packages/airflow/example_dags/example_trigger_controller_dag.py took 0.141 seconds
[2023-11-21T10:08:06.337+0300] {processor.py:156} INFO - Started process (PID=31334) to work on /home/user/Masaüstü/kafka/.env/lib/python3.8/site-packages/airflow/example_dags/example_trigger_controller_dag.py
[2023-11-21T10:08:06.340+0300] {processor.py:758} INFO - Processing file /home/user/Masaüstü/kafka/.env/lib/python3.8/site-packages/airflow/example_dags/example_trigger_controller_dag.py for tasks to queue
[2023-11-21T10:08:06.342+0300] {logging_mixin.py:117} INFO - [2023-11-21T10:08:06.342+0300] {dagbag.py:525} INFO - Filling up the DagBag from /home/user/Masaüstü/kafka/.env/lib/python3.8/site-packages/airflow/example_dags/example_trigger_controller_dag.py
[2023-11-21T10:08:06.365+0300] {processor.py:768} INFO - DAG(s) dict_keys(['example_trigger_controller_dag']) retrieved from /home/user/Masaüstü/kafka/.env/lib/python3.8/site-packages/airflow/example_dags/example_trigger_controller_dag.py
[2023-11-21T10:08:06.387+0300] {logging_mixin.py:117} INFO - [2023-11-21T10:08:06.387+0300] {dag.py:2573} INFO - Sync 1 DAGs
[2023-11-21T10:08:06.402+0300] {logging_mixin.py:117} INFO - [2023-11-21T10:08:06.402+0300] {dag.py:3324} INFO - Setting next_dagrun for example_trigger_controller_dag to 2021-01-01T00:00:00+00:00, run_after=2021-01-01T00:00:00+00:00
[2023-11-21T10:08:06.428+0300] {processor.py:178} INFO - Processing /home/user/Masaüstü/kafka/.env/lib/python3.8/site-packages/airflow/example_dags/example_trigger_controller_dag.py took 0.097 seconds
[2023-11-21T10:08:45.374+0300] {processor.py:156} INFO - Started process (PID=31595) to work on /home/user/Masaüstü/kafka/.env/lib/python3.8/site-packages/airflow/example_dags/example_trigger_controller_dag.py
[2023-11-21T10:08:45.377+0300] {processor.py:758} INFO - Processing file /home/user/Masaüstü/kafka/.env/lib/python3.8/site-packages/airflow/example_dags/example_trigger_controller_dag.py for tasks to queue
[2023-11-21T10:08:45.378+0300] {logging_mixin.py:117} INFO - [2023-11-21T10:08:45.377+0300] {dagbag.py:525} INFO - Filling up the DagBag from /home/user/Masaüstü/kafka/.env/lib/python3.8/site-packages/airflow/example_dags/example_trigger_controller_dag.py
[2023-11-21T10:08:45.395+0300] {processor.py:768} INFO - DAG(s) dict_keys(['example_trigger_controller_dag']) retrieved from /home/user/Masaüstü/kafka/.env/lib/python3.8/site-packages/airflow/example_dags/example_trigger_controller_dag.py
[2023-11-21T10:08:45.416+0300] {logging_mixin.py:117} INFO - [2023-11-21T10:08:45.416+0300] {dag.py:2573} INFO - Sync 1 DAGs
[2023-11-21T10:08:45.430+0300] {logging_mixin.py:117} INFO - [2023-11-21T10:08:45.430+0300] {dag.py:3324} INFO - Setting next_dagrun for example_trigger_controller_dag to 2021-01-01T00:00:00+00:00, run_after=2021-01-01T00:00:00+00:00
[2023-11-21T10:08:45.448+0300] {processor.py:178} INFO - Processing /home/user/Masaüstü/kafka/.env/lib/python3.8/site-packages/airflow/example_dags/example_trigger_controller_dag.py took 0.077 seconds
[2023-11-21T10:09:24.620+0300] {processor.py:156} INFO - Started process (PID=31949) to work on /home/user/Masaüstü/kafka/.env/lib/python3.8/site-packages/airflow/example_dags/example_trigger_controller_dag.py
[2023-11-21T10:09:24.625+0300] {processor.py:758} INFO - Processing file /home/user/Masaüstü/kafka/.env/lib/python3.8/site-packages/airflow/example_dags/example_trigger_controller_dag.py for tasks to queue
[2023-11-21T10:09:24.627+0300] {logging_mixin.py:117} INFO - [2023-11-21T10:09:24.627+0300] {dagbag.py:525} INFO - Filling up the DagBag from /home/user/Masaüstü/kafka/.env/lib/python3.8/site-packages/airflow/example_dags/example_trigger_controller_dag.py
[2023-11-21T10:09:24.668+0300] {processor.py:768} INFO - DAG(s) dict_keys(['example_trigger_controller_dag']) retrieved from /home/user/Masaüstü/kafka/.env/lib/python3.8/site-packages/airflow/example_dags/example_trigger_controller_dag.py
[2023-11-21T10:09:24.730+0300] {logging_mixin.py:117} INFO - [2023-11-21T10:09:24.730+0300] {dag.py:2573} INFO - Sync 1 DAGs
[2023-11-21T10:09:24.774+0300] {logging_mixin.py:117} INFO - [2023-11-21T10:09:24.774+0300] {dag.py:3324} INFO - Setting next_dagrun for example_trigger_controller_dag to 2021-01-01T00:00:00+00:00, run_after=2021-01-01T00:00:00+00:00
[2023-11-21T10:09:24.830+0300] {processor.py:178} INFO - Processing /home/user/Masaüstü/kafka/.env/lib/python3.8/site-packages/airflow/example_dags/example_trigger_controller_dag.py took 0.215 seconds
[2023-11-21T10:10:06.440+0300] {processor.py:156} INFO - Started process (PID=32555) to work on /home/user/Masaüstü/kafka/.env/lib/python3.8/site-packages/airflow/example_dags/example_trigger_controller_dag.py
[2023-11-21T10:10:06.441+0300] {processor.py:758} INFO - Processing file /home/user/Masaüstü/kafka/.env/lib/python3.8/site-packages/airflow/example_dags/example_trigger_controller_dag.py for tasks to queue
[2023-11-21T10:10:06.442+0300] {logging_mixin.py:117} INFO - [2023-11-21T10:10:06.441+0300] {dagbag.py:525} INFO - Filling up the DagBag from /home/user/Masaüstü/kafka/.env/lib/python3.8/site-packages/airflow/example_dags/example_trigger_controller_dag.py
[2023-11-21T10:10:06.473+0300] {processor.py:768} INFO - DAG(s) dict_keys(['example_trigger_controller_dag']) retrieved from /home/user/Masaüstü/kafka/.env/lib/python3.8/site-packages/airflow/example_dags/example_trigger_controller_dag.py
[2023-11-21T10:10:06.553+0300] {logging_mixin.py:117} INFO - [2023-11-21T10:10:06.552+0300] {dag.py:2573} INFO - Sync 1 DAGs
[2023-11-21T10:10:06.617+0300] {logging_mixin.py:117} INFO - [2023-11-21T10:10:06.617+0300] {dag.py:3324} INFO - Setting next_dagrun for example_trigger_controller_dag to 2021-01-01T00:00:00+00:00, run_after=2021-01-01T00:00:00+00:00
[2023-11-21T10:10:06.670+0300] {processor.py:178} INFO - Processing /home/user/Masaüstü/kafka/.env/lib/python3.8/site-packages/airflow/example_dags/example_trigger_controller_dag.py took 0.233 seconds
[2023-11-21T10:10:56.192+0300] {processor.py:156} INFO - Started process (PID=33253) to work on /home/user/Masaüstü/kafka/.env/lib/python3.8/site-packages/airflow/example_dags/example_trigger_controller_dag.py
[2023-11-21T10:10:56.193+0300] {processor.py:758} INFO - Processing file /home/user/Masaüstü/kafka/.env/lib/python3.8/site-packages/airflow/example_dags/example_trigger_controller_dag.py for tasks to queue
[2023-11-21T10:10:56.194+0300] {logging_mixin.py:117} INFO - [2023-11-21T10:10:56.194+0300] {dagbag.py:525} INFO - Filling up the DagBag from /home/user/Masaüstü/kafka/.env/lib/python3.8/site-packages/airflow/example_dags/example_trigger_controller_dag.py
[2023-11-21T10:10:56.210+0300] {processor.py:768} INFO - DAG(s) dict_keys(['example_trigger_controller_dag']) retrieved from /home/user/Masaüstü/kafka/.env/lib/python3.8/site-packages/airflow/example_dags/example_trigger_controller_dag.py
[2023-11-21T10:10:56.234+0300] {logging_mixin.py:117} INFO - [2023-11-21T10:10:56.233+0300] {dag.py:2573} INFO - Sync 1 DAGs
[2023-11-21T10:10:56.249+0300] {logging_mixin.py:117} INFO - [2023-11-21T10:10:56.248+0300] {dag.py:3324} INFO - Setting next_dagrun for example_trigger_controller_dag to 2021-01-01T00:00:00+00:00, run_after=2021-01-01T00:00:00+00:00
[2023-11-21T10:10:56.283+0300] {processor.py:178} INFO - Processing /home/user/Masaüstü/kafka/.env/lib/python3.8/site-packages/airflow/example_dags/example_trigger_controller_dag.py took 0.094 seconds
[2023-11-21T10:11:36.656+0300] {processor.py:156} INFO - Started process (PID=33536) to work on /home/user/Masaüstü/kafka/.env/lib/python3.8/site-packages/airflow/example_dags/example_trigger_controller_dag.py
[2023-11-21T10:11:36.659+0300] {processor.py:758} INFO - Processing file /home/user/Masaüstü/kafka/.env/lib/python3.8/site-packages/airflow/example_dags/example_trigger_controller_dag.py for tasks to queue
[2023-11-21T10:11:36.659+0300] {logging_mixin.py:117} INFO - [2023-11-21T10:11:36.659+0300] {dagbag.py:525} INFO - Filling up the DagBag from /home/user/Masaüstü/kafka/.env/lib/python3.8/site-packages/airflow/example_dags/example_trigger_controller_dag.py
[2023-11-21T10:11:36.672+0300] {processor.py:768} INFO - DAG(s) dict_keys(['example_trigger_controller_dag']) retrieved from /home/user/Masaüstü/kafka/.env/lib/python3.8/site-packages/airflow/example_dags/example_trigger_controller_dag.py
[2023-11-21T10:11:36.693+0300] {logging_mixin.py:117} INFO - [2023-11-21T10:11:36.693+0300] {dag.py:2573} INFO - Sync 1 DAGs
[2023-11-21T10:11:36.708+0300] {logging_mixin.py:117} INFO - [2023-11-21T10:11:36.708+0300] {dag.py:3324} INFO - Setting next_dagrun for example_trigger_controller_dag to 2021-01-01T00:00:00+00:00, run_after=2021-01-01T00:00:00+00:00
[2023-11-21T10:11:36.726+0300] {processor.py:178} INFO - Processing /home/user/Masaüstü/kafka/.env/lib/python3.8/site-packages/airflow/example_dags/example_trigger_controller_dag.py took 0.072 seconds
[2023-11-21T10:12:13.497+0300] {processor.py:156} INFO - Started process (PID=33762) to work on /home/user/Masaüstü/kafka/.env/lib/python3.8/site-packages/airflow/example_dags/example_trigger_controller_dag.py
[2023-11-21T10:12:13.501+0300] {processor.py:758} INFO - Processing file /home/user/Masaüstü/kafka/.env/lib/python3.8/site-packages/airflow/example_dags/example_trigger_controller_dag.py for tasks to queue
[2023-11-21T10:12:13.504+0300] {logging_mixin.py:117} INFO - [2023-11-21T10:12:13.503+0300] {dagbag.py:525} INFO - Filling up the DagBag from /home/user/Masaüstü/kafka/.env/lib/python3.8/site-packages/airflow/example_dags/example_trigger_controller_dag.py
[2023-11-21T10:12:13.524+0300] {processor.py:768} INFO - DAG(s) dict_keys(['example_trigger_controller_dag']) retrieved from /home/user/Masaüstü/kafka/.env/lib/python3.8/site-packages/airflow/example_dags/example_trigger_controller_dag.py
[2023-11-21T10:12:13.549+0300] {logging_mixin.py:117} INFO - [2023-11-21T10:12:13.549+0300] {dag.py:2573} INFO - Sync 1 DAGs
[2023-11-21T10:12:13.565+0300] {logging_mixin.py:117} INFO - [2023-11-21T10:12:13.565+0300] {dag.py:3324} INFO - Setting next_dagrun for example_trigger_controller_dag to 2021-01-01T00:00:00+00:00, run_after=2021-01-01T00:00:00+00:00
[2023-11-21T10:12:13.591+0300] {processor.py:178} INFO - Processing /home/user/Masaüstü/kafka/.env/lib/python3.8/site-packages/airflow/example_dags/example_trigger_controller_dag.py took 0.106 seconds
[2023-11-21T10:12:51.421+0300] {processor.py:156} INFO - Started process (PID=33996) to work on /home/user/Masaüstü/kafka/.env/lib/python3.8/site-packages/airflow/example_dags/example_trigger_controller_dag.py
[2023-11-21T10:12:51.423+0300] {processor.py:758} INFO - Processing file /home/user/Masaüstü/kafka/.env/lib/python3.8/site-packages/airflow/example_dags/example_trigger_controller_dag.py for tasks to queue
[2023-11-21T10:12:51.424+0300] {logging_mixin.py:117} INFO - [2023-11-21T10:12:51.424+0300] {dagbag.py:525} INFO - Filling up the DagBag from /home/user/Masaüstü/kafka/.env/lib/python3.8/site-packages/airflow/example_dags/example_trigger_controller_dag.py
[2023-11-21T10:12:51.436+0300] {processor.py:768} INFO - DAG(s) dict_keys(['example_trigger_controller_dag']) retrieved from /home/user/Masaüstü/kafka/.env/lib/python3.8/site-packages/airflow/example_dags/example_trigger_controller_dag.py
[2023-11-21T10:12:51.478+0300] {logging_mixin.py:117} INFO - [2023-11-21T10:12:51.477+0300] {dag.py:2573} INFO - Sync 1 DAGs
[2023-11-21T10:12:51.526+0300] {logging_mixin.py:117} INFO - [2023-11-21T10:12:51.525+0300] {dag.py:3324} INFO - Setting next_dagrun for example_trigger_controller_dag to 2021-01-01T00:00:00+00:00, run_after=2021-01-01T00:00:00+00:00
[2023-11-21T10:12:51.574+0300] {processor.py:178} INFO - Processing /home/user/Masaüstü/kafka/.env/lib/python3.8/site-packages/airflow/example_dags/example_trigger_controller_dag.py took 0.156 seconds
[2023-11-21T10:13:28.940+0300] {processor.py:156} INFO - Started process (PID=34261) to work on /home/user/Masaüstü/kafka/.env/lib/python3.8/site-packages/airflow/example_dags/example_trigger_controller_dag.py
[2023-11-21T10:13:28.941+0300] {processor.py:758} INFO - Processing file /home/user/Masaüstü/kafka/.env/lib/python3.8/site-packages/airflow/example_dags/example_trigger_controller_dag.py for tasks to queue
[2023-11-21T10:13:28.941+0300] {logging_mixin.py:117} INFO - [2023-11-21T10:13:28.941+0300] {dagbag.py:525} INFO - Filling up the DagBag from /home/user/Masaüstü/kafka/.env/lib/python3.8/site-packages/airflow/example_dags/example_trigger_controller_dag.py
[2023-11-21T10:13:28.953+0300] {processor.py:768} INFO - DAG(s) dict_keys(['example_trigger_controller_dag']) retrieved from /home/user/Masaüstü/kafka/.env/lib/python3.8/site-packages/airflow/example_dags/example_trigger_controller_dag.py
[2023-11-21T10:13:28.974+0300] {logging_mixin.py:117} INFO - [2023-11-21T10:13:28.973+0300] {dag.py:2573} INFO - Sync 1 DAGs
[2023-11-21T10:13:28.988+0300] {logging_mixin.py:117} INFO - [2023-11-21T10:13:28.987+0300] {dag.py:3324} INFO - Setting next_dagrun for example_trigger_controller_dag to 2021-01-01T00:00:00+00:00, run_after=2021-01-01T00:00:00+00:00
[2023-11-21T10:13:29.006+0300] {processor.py:178} INFO - Processing /home/user/Masaüstü/kafka/.env/lib/python3.8/site-packages/airflow/example_dags/example_trigger_controller_dag.py took 0.068 seconds
[2023-11-21T10:14:21.982+0300] {processor.py:156} INFO - Started process (PID=35020) to work on /home/user/Masaüstü/kafka/.env/lib/python3.8/site-packages/airflow/example_dags/example_trigger_controller_dag.py
[2023-11-21T10:14:21.986+0300] {processor.py:758} INFO - Processing file /home/user/Masaüstü/kafka/.env/lib/python3.8/site-packages/airflow/example_dags/example_trigger_controller_dag.py for tasks to queue
[2023-11-21T10:14:21.987+0300] {logging_mixin.py:117} INFO - [2023-11-21T10:14:21.987+0300] {dagbag.py:525} INFO - Filling up the DagBag from /home/user/Masaüstü/kafka/.env/lib/python3.8/site-packages/airflow/example_dags/example_trigger_controller_dag.py
[2023-11-21T10:14:22.009+0300] {processor.py:768} INFO - DAG(s) dict_keys(['example_trigger_controller_dag']) retrieved from /home/user/Masaüstü/kafka/.env/lib/python3.8/site-packages/airflow/example_dags/example_trigger_controller_dag.py
[2023-11-21T10:14:22.029+0300] {logging_mixin.py:117} INFO - [2023-11-21T10:14:22.029+0300] {dag.py:2573} INFO - Sync 1 DAGs
[2023-11-21T10:14:22.043+0300] {logging_mixin.py:117} INFO - [2023-11-21T10:14:22.043+0300] {dag.py:3324} INFO - Setting next_dagrun for example_trigger_controller_dag to 2021-01-01T00:00:00+00:00, run_after=2021-01-01T00:00:00+00:00
[2023-11-21T10:14:22.069+0300] {processor.py:178} INFO - Processing /home/user/Masaüstü/kafka/.env/lib/python3.8/site-packages/airflow/example_dags/example_trigger_controller_dag.py took 0.093 seconds
[2023-11-21T10:14:58.690+0300] {processor.py:156} INFO - Started process (PID=35444) to work on /home/user/Masaüstü/kafka/.env/lib/python3.8/site-packages/airflow/example_dags/example_trigger_controller_dag.py
[2023-11-21T10:14:58.692+0300] {processor.py:758} INFO - Processing file /home/user/Masaüstü/kafka/.env/lib/python3.8/site-packages/airflow/example_dags/example_trigger_controller_dag.py for tasks to queue
[2023-11-21T10:14:58.692+0300] {logging_mixin.py:117} INFO - [2023-11-21T10:14:58.692+0300] {dagbag.py:525} INFO - Filling up the DagBag from /home/user/Masaüstü/kafka/.env/lib/python3.8/site-packages/airflow/example_dags/example_trigger_controller_dag.py
[2023-11-21T10:14:58.708+0300] {processor.py:768} INFO - DAG(s) dict_keys(['example_trigger_controller_dag']) retrieved from /home/user/Masaüstü/kafka/.env/lib/python3.8/site-packages/airflow/example_dags/example_trigger_controller_dag.py
[2023-11-21T10:14:58.737+0300] {logging_mixin.py:117} INFO - [2023-11-21T10:14:58.737+0300] {dag.py:2573} INFO - Sync 1 DAGs
[2023-11-21T10:14:58.768+0300] {logging_mixin.py:117} INFO - [2023-11-21T10:14:58.767+0300] {dag.py:3324} INFO - Setting next_dagrun for example_trigger_controller_dag to 2021-01-01T00:00:00+00:00, run_after=2021-01-01T00:00:00+00:00
[2023-11-21T10:14:58.798+0300] {processor.py:178} INFO - Processing /home/user/Masaüstü/kafka/.env/lib/python3.8/site-packages/airflow/example_dags/example_trigger_controller_dag.py took 0.111 seconds
[2023-11-21T10:15:36.296+0300] {processor.py:156} INFO - Started process (PID=35698) to work on /home/user/Masaüstü/kafka/.env/lib/python3.8/site-packages/airflow/example_dags/example_trigger_controller_dag.py
[2023-11-21T10:15:36.298+0300] {processor.py:758} INFO - Processing file /home/user/Masaüstü/kafka/.env/lib/python3.8/site-packages/airflow/example_dags/example_trigger_controller_dag.py for tasks to queue
[2023-11-21T10:15:36.298+0300] {logging_mixin.py:117} INFO - [2023-11-21T10:15:36.298+0300] {dagbag.py:525} INFO - Filling up the DagBag from /home/user/Masaüstü/kafka/.env/lib/python3.8/site-packages/airflow/example_dags/example_trigger_controller_dag.py
[2023-11-21T10:15:36.308+0300] {processor.py:768} INFO - DAG(s) dict_keys(['example_trigger_controller_dag']) retrieved from /home/user/Masaüstü/kafka/.env/lib/python3.8/site-packages/airflow/example_dags/example_trigger_controller_dag.py
[2023-11-21T10:15:36.328+0300] {logging_mixin.py:117} INFO - [2023-11-21T10:15:36.328+0300] {dag.py:2573} INFO - Sync 1 DAGs
[2023-11-21T10:15:36.343+0300] {logging_mixin.py:117} INFO - [2023-11-21T10:15:36.343+0300] {dag.py:3324} INFO - Setting next_dagrun for example_trigger_controller_dag to 2021-01-01T00:00:00+00:00, run_after=2021-01-01T00:00:00+00:00
[2023-11-21T10:15:36.360+0300] {processor.py:178} INFO - Processing /home/user/Masaüstü/kafka/.env/lib/python3.8/site-packages/airflow/example_dags/example_trigger_controller_dag.py took 0.067 seconds
[2023-11-21T10:16:14.013+0300] {processor.py:156} INFO - Started process (PID=35941) to work on /home/user/Masaüstü/kafka/.env/lib/python3.8/site-packages/airflow/example_dags/example_trigger_controller_dag.py
[2023-11-21T10:16:14.015+0300] {processor.py:758} INFO - Processing file /home/user/Masaüstü/kafka/.env/lib/python3.8/site-packages/airflow/example_dags/example_trigger_controller_dag.py for tasks to queue
[2023-11-21T10:16:14.016+0300] {logging_mixin.py:117} INFO - [2023-11-21T10:16:14.016+0300] {dagbag.py:525} INFO - Filling up the DagBag from /home/user/Masaüstü/kafka/.env/lib/python3.8/site-packages/airflow/example_dags/example_trigger_controller_dag.py
[2023-11-21T10:16:14.024+0300] {processor.py:768} INFO - DAG(s) dict_keys(['example_trigger_controller_dag']) retrieved from /home/user/Masaüstü/kafka/.env/lib/python3.8/site-packages/airflow/example_dags/example_trigger_controller_dag.py
[2023-11-21T10:16:14.043+0300] {logging_mixin.py:117} INFO - [2023-11-21T10:16:14.042+0300] {dag.py:2573} INFO - Sync 1 DAGs
[2023-11-21T10:16:14.060+0300] {logging_mixin.py:117} INFO - [2023-11-21T10:16:14.060+0300] {dag.py:3324} INFO - Setting next_dagrun for example_trigger_controller_dag to 2021-01-01T00:00:00+00:00, run_after=2021-01-01T00:00:00+00:00
[2023-11-21T10:16:14.077+0300] {processor.py:178} INFO - Processing /home/user/Masaüstü/kafka/.env/lib/python3.8/site-packages/airflow/example_dags/example_trigger_controller_dag.py took 0.066 seconds
[2023-11-21T10:16:52.638+0300] {processor.py:156} INFO - Started process (PID=36190) to work on /home/user/Masaüstü/kafka/.env/lib/python3.8/site-packages/airflow/example_dags/example_trigger_controller_dag.py
[2023-11-21T10:16:52.640+0300] {processor.py:758} INFO - Processing file /home/user/Masaüstü/kafka/.env/lib/python3.8/site-packages/airflow/example_dags/example_trigger_controller_dag.py for tasks to queue
[2023-11-21T10:16:52.641+0300] {logging_mixin.py:117} INFO - [2023-11-21T10:16:52.641+0300] {dagbag.py:525} INFO - Filling up the DagBag from /home/user/Masaüstü/kafka/.env/lib/python3.8/site-packages/airflow/example_dags/example_trigger_controller_dag.py
[2023-11-21T10:16:52.655+0300] {processor.py:768} INFO - DAG(s) dict_keys(['example_trigger_controller_dag']) retrieved from /home/user/Masaüstü/kafka/.env/lib/python3.8/site-packages/airflow/example_dags/example_trigger_controller_dag.py
[2023-11-21T10:16:52.679+0300] {logging_mixin.py:117} INFO - [2023-11-21T10:16:52.679+0300] {dag.py:2573} INFO - Sync 1 DAGs
[2023-11-21T10:16:52.693+0300] {logging_mixin.py:117} INFO - [2023-11-21T10:16:52.693+0300] {dag.py:3324} INFO - Setting next_dagrun for example_trigger_controller_dag to 2021-01-01T00:00:00+00:00, run_after=2021-01-01T00:00:00+00:00
[2023-11-21T10:16:52.719+0300] {processor.py:178} INFO - Processing /home/user/Masaüstü/kafka/.env/lib/python3.8/site-packages/airflow/example_dags/example_trigger_controller_dag.py took 0.083 seconds
[2023-11-21T10:17:29.276+0300] {processor.py:156} INFO - Started process (PID=36459) to work on /home/user/Masaüstü/kafka/.env/lib/python3.8/site-packages/airflow/example_dags/example_trigger_controller_dag.py
[2023-11-21T10:17:29.278+0300] {processor.py:758} INFO - Processing file /home/user/Masaüstü/kafka/.env/lib/python3.8/site-packages/airflow/example_dags/example_trigger_controller_dag.py for tasks to queue
[2023-11-21T10:17:29.278+0300] {logging_mixin.py:117} INFO - [2023-11-21T10:17:29.278+0300] {dagbag.py:525} INFO - Filling up the DagBag from /home/user/Masaüstü/kafka/.env/lib/python3.8/site-packages/airflow/example_dags/example_trigger_controller_dag.py
[2023-11-21T10:17:29.288+0300] {processor.py:768} INFO - DAG(s) dict_keys(['example_trigger_controller_dag']) retrieved from /home/user/Masaüstü/kafka/.env/lib/python3.8/site-packages/airflow/example_dags/example_trigger_controller_dag.py
[2023-11-21T10:17:29.309+0300] {logging_mixin.py:117} INFO - [2023-11-21T10:17:29.309+0300] {dag.py:2573} INFO - Sync 1 DAGs
[2023-11-21T10:17:29.332+0300] {logging_mixin.py:117} INFO - [2023-11-21T10:17:29.332+0300] {dag.py:3324} INFO - Setting next_dagrun for example_trigger_controller_dag to 2021-01-01T00:00:00+00:00, run_after=2021-01-01T00:00:00+00:00
[2023-11-21T10:17:29.363+0300] {processor.py:178} INFO - Processing /home/user/Masaüstü/kafka/.env/lib/python3.8/site-packages/airflow/example_dags/example_trigger_controller_dag.py took 0.092 seconds
[2023-11-21T10:18:06.288+0300] {processor.py:156} INFO - Started process (PID=36715) to work on /home/user/Masaüstü/kafka/.env/lib/python3.8/site-packages/airflow/example_dags/example_trigger_controller_dag.py
[2023-11-21T10:18:06.290+0300] {processor.py:758} INFO - Processing file /home/user/Masaüstü/kafka/.env/lib/python3.8/site-packages/airflow/example_dags/example_trigger_controller_dag.py for tasks to queue
[2023-11-21T10:18:06.291+0300] {logging_mixin.py:117} INFO - [2023-11-21T10:18:06.290+0300] {dagbag.py:525} INFO - Filling up the DagBag from /home/user/Masaüstü/kafka/.env/lib/python3.8/site-packages/airflow/example_dags/example_trigger_controller_dag.py
[2023-11-21T10:18:06.303+0300] {processor.py:768} INFO - DAG(s) dict_keys(['example_trigger_controller_dag']) retrieved from /home/user/Masaüstü/kafka/.env/lib/python3.8/site-packages/airflow/example_dags/example_trigger_controller_dag.py
[2023-11-21T10:18:06.328+0300] {logging_mixin.py:117} INFO - [2023-11-21T10:18:06.328+0300] {dag.py:2573} INFO - Sync 1 DAGs
[2023-11-21T10:18:06.347+0300] {logging_mixin.py:117} INFO - [2023-11-21T10:18:06.347+0300] {dag.py:3324} INFO - Setting next_dagrun for example_trigger_controller_dag to 2021-01-01T00:00:00+00:00, run_after=2021-01-01T00:00:00+00:00
[2023-11-21T10:18:06.369+0300] {processor.py:178} INFO - Processing /home/user/Masaüstü/kafka/.env/lib/python3.8/site-packages/airflow/example_dags/example_trigger_controller_dag.py took 0.083 seconds
[2023-11-21T10:18:45.332+0300] {processor.py:156} INFO - Started process (PID=36977) to work on /home/user/Masaüstü/kafka/.env/lib/python3.8/site-packages/airflow/example_dags/example_trigger_controller_dag.py
[2023-11-21T10:18:45.334+0300] {processor.py:758} INFO - Processing file /home/user/Masaüstü/kafka/.env/lib/python3.8/site-packages/airflow/example_dags/example_trigger_controller_dag.py for tasks to queue
[2023-11-21T10:18:45.335+0300] {logging_mixin.py:117} INFO - [2023-11-21T10:18:45.335+0300] {dagbag.py:525} INFO - Filling up the DagBag from /home/user/Masaüstü/kafka/.env/lib/python3.8/site-packages/airflow/example_dags/example_trigger_controller_dag.py
[2023-11-21T10:18:45.358+0300] {processor.py:768} INFO - DAG(s) dict_keys(['example_trigger_controller_dag']) retrieved from /home/user/Masaüstü/kafka/.env/lib/python3.8/site-packages/airflow/example_dags/example_trigger_controller_dag.py
[2023-11-21T10:18:45.379+0300] {logging_mixin.py:117} INFO - [2023-11-21T10:18:45.379+0300] {dag.py:2573} INFO - Sync 1 DAGs
[2023-11-21T10:18:45.394+0300] {logging_mixin.py:117} INFO - [2023-11-21T10:18:45.394+0300] {dag.py:3324} INFO - Setting next_dagrun for example_trigger_controller_dag to 2021-01-01T00:00:00+00:00, run_after=2021-01-01T00:00:00+00:00
[2023-11-21T10:18:45.413+0300] {processor.py:178} INFO - Processing /home/user/Masaüstü/kafka/.env/lib/python3.8/site-packages/airflow/example_dags/example_trigger_controller_dag.py took 0.089 seconds
[2023-11-21T10:19:24.348+0300] {processor.py:156} INFO - Started process (PID=37223) to work on /home/user/Masaüstü/kafka/.env/lib/python3.8/site-packages/airflow/example_dags/example_trigger_controller_dag.py
[2023-11-21T10:19:24.349+0300] {processor.py:758} INFO - Processing file /home/user/Masaüstü/kafka/.env/lib/python3.8/site-packages/airflow/example_dags/example_trigger_controller_dag.py for tasks to queue
[2023-11-21T10:19:24.350+0300] {logging_mixin.py:117} INFO - [2023-11-21T10:19:24.350+0300] {dagbag.py:525} INFO - Filling up the DagBag from /home/user/Masaüstü/kafka/.env/lib/python3.8/site-packages/airflow/example_dags/example_trigger_controller_dag.py
[2023-11-21T10:19:24.360+0300] {processor.py:768} INFO - DAG(s) dict_keys(['example_trigger_controller_dag']) retrieved from /home/user/Masaüstü/kafka/.env/lib/python3.8/site-packages/airflow/example_dags/example_trigger_controller_dag.py
[2023-11-21T10:19:24.379+0300] {logging_mixin.py:117} INFO - [2023-11-21T10:19:24.379+0300] {dag.py:2573} INFO - Sync 1 DAGs
[2023-11-21T10:19:24.394+0300] {logging_mixin.py:117} INFO - [2023-11-21T10:19:24.393+0300] {dag.py:3324} INFO - Setting next_dagrun for example_trigger_controller_dag to 2021-01-01T00:00:00+00:00, run_after=2021-01-01T00:00:00+00:00
[2023-11-21T10:19:24.411+0300] {processor.py:178} INFO - Processing /home/user/Masaüstü/kafka/.env/lib/python3.8/site-packages/airflow/example_dags/example_trigger_controller_dag.py took 0.065 seconds
[2023-11-21T10:20:03.936+0300] {processor.py:156} INFO - Started process (PID=37621) to work on /home/user/Masaüstü/kafka/.env/lib/python3.8/site-packages/airflow/example_dags/example_trigger_controller_dag.py
[2023-11-21T10:20:03.938+0300] {processor.py:758} INFO - Processing file /home/user/Masaüstü/kafka/.env/lib/python3.8/site-packages/airflow/example_dags/example_trigger_controller_dag.py for tasks to queue
[2023-11-21T10:20:03.939+0300] {logging_mixin.py:117} INFO - [2023-11-21T10:20:03.939+0300] {dagbag.py:525} INFO - Filling up the DagBag from /home/user/Masaüstü/kafka/.env/lib/python3.8/site-packages/airflow/example_dags/example_trigger_controller_dag.py
[2023-11-21T10:20:03.951+0300] {processor.py:768} INFO - DAG(s) dict_keys(['example_trigger_controller_dag']) retrieved from /home/user/Masaüstü/kafka/.env/lib/python3.8/site-packages/airflow/example_dags/example_trigger_controller_dag.py
[2023-11-21T10:20:03.982+0300] {logging_mixin.py:117} INFO - [2023-11-21T10:20:03.982+0300] {dag.py:2573} INFO - Sync 1 DAGs
[2023-11-21T10:20:04.006+0300] {logging_mixin.py:117} INFO - [2023-11-21T10:20:04.006+0300] {dag.py:3324} INFO - Setting next_dagrun for example_trigger_controller_dag to 2021-01-01T00:00:00+00:00, run_after=2021-01-01T00:00:00+00:00
[2023-11-21T10:20:04.033+0300] {processor.py:178} INFO - Processing /home/user/Masaüstü/kafka/.env/lib/python3.8/site-packages/airflow/example_dags/example_trigger_controller_dag.py took 0.100 seconds
