[2023-11-21T09:51:56.659+0300] {processor.py:156} INFO - Started process (PID=23905) to work on /home/user/Masaüstü/kafka/.env/lib/python3.8/site-packages/airflow/example_dags/example_task_group.py
[2023-11-21T09:51:56.660+0300] {processor.py:758} INFO - Processing file /home/user/Masaüstü/kafka/.env/lib/python3.8/site-packages/airflow/example_dags/example_task_group.py for tasks to queue
[2023-11-21T09:51:56.661+0300] {logging_mixin.py:117} INFO - [2023-11-21T09:51:56.661+0300] {dagbag.py:525} INFO - Filling up the DagBag from /home/user/Masaüstü/kafka/.env/lib/python3.8/site-packages/airflow/example_dags/example_task_group.py
[2023-11-21T09:51:56.683+0300] {processor.py:768} INFO - DAG(s) dict_keys(['example_task_group']) retrieved from /home/user/Masaüstü/kafka/.env/lib/python3.8/site-packages/airflow/example_dags/example_task_group.py
[2023-11-21T09:51:56.701+0300] {logging_mixin.py:117} INFO - [2023-11-21T09:51:56.701+0300] {dag.py:2573} INFO - Sync 1 DAGs
[2023-11-21T09:51:56.716+0300] {logging_mixin.py:117} INFO - [2023-11-21T09:51:56.716+0300] {dag.py:3324} INFO - Setting next_dagrun for example_task_group to 2023-11-20T06:51:56.716358+00:00, run_after=2023-11-21T06:51:56.716358+00:00
[2023-11-21T09:51:56.735+0300] {processor.py:178} INFO - Processing /home/user/Masaüstü/kafka/.env/lib/python3.8/site-packages/airflow/example_dags/example_task_group.py took 0.080 seconds
[2023-11-21T09:52:32.971+0300] {processor.py:156} INFO - Started process (PID=24344) to work on /home/user/Masaüstü/kafka/.env/lib/python3.8/site-packages/airflow/example_dags/example_task_group.py
[2023-11-21T09:52:32.973+0300] {processor.py:758} INFO - Processing file /home/user/Masaüstü/kafka/.env/lib/python3.8/site-packages/airflow/example_dags/example_task_group.py for tasks to queue
[2023-11-21T09:52:32.974+0300] {logging_mixin.py:117} INFO - [2023-11-21T09:52:32.973+0300] {dagbag.py:525} INFO - Filling up the DagBag from /home/user/Masaüstü/kafka/.env/lib/python3.8/site-packages/airflow/example_dags/example_task_group.py
[2023-11-21T09:52:32.999+0300] {processor.py:768} INFO - DAG(s) dict_keys(['example_task_group']) retrieved from /home/user/Masaüstü/kafka/.env/lib/python3.8/site-packages/airflow/example_dags/example_task_group.py
[2023-11-21T09:52:33.043+0300] {logging_mixin.py:117} INFO - [2023-11-21T09:52:33.043+0300] {dag.py:2573} INFO - Sync 1 DAGs
[2023-11-21T09:52:33.084+0300] {logging_mixin.py:117} INFO - [2023-11-21T09:52:33.084+0300] {dag.py:3324} INFO - Setting next_dagrun for example_task_group to 2023-11-20T06:52:33.083315+00:00, run_after=2023-11-21T06:52:33.083315+00:00
[2023-11-21T09:52:33.136+0300] {processor.py:178} INFO - Processing /home/user/Masaüstü/kafka/.env/lib/python3.8/site-packages/airflow/example_dags/example_task_group.py took 0.169 seconds
[2023-11-21T09:53:11.103+0300] {processor.py:156} INFO - Started process (PID=24617) to work on /home/user/Masaüstü/kafka/.env/lib/python3.8/site-packages/airflow/example_dags/example_task_group.py
[2023-11-21T09:53:11.104+0300] {processor.py:758} INFO - Processing file /home/user/Masaüstü/kafka/.env/lib/python3.8/site-packages/airflow/example_dags/example_task_group.py for tasks to queue
[2023-11-21T09:53:11.105+0300] {logging_mixin.py:117} INFO - [2023-11-21T09:53:11.105+0300] {dagbag.py:525} INFO - Filling up the DagBag from /home/user/Masaüstü/kafka/.env/lib/python3.8/site-packages/airflow/example_dags/example_task_group.py
[2023-11-21T09:53:11.124+0300] {processor.py:768} INFO - DAG(s) dict_keys(['example_task_group']) retrieved from /home/user/Masaüstü/kafka/.env/lib/python3.8/site-packages/airflow/example_dags/example_task_group.py
[2023-11-21T09:53:11.151+0300] {logging_mixin.py:117} INFO - [2023-11-21T09:53:11.151+0300] {dag.py:2573} INFO - Sync 1 DAGs
[2023-11-21T09:53:11.176+0300] {logging_mixin.py:117} INFO - [2023-11-21T09:53:11.175+0300] {dag.py:3324} INFO - Setting next_dagrun for example_task_group to 2023-11-20T06:53:11.175564+00:00, run_after=2023-11-21T06:53:11.175564+00:00
[2023-11-21T09:53:11.205+0300] {processor.py:178} INFO - Processing /home/user/Masaüstü/kafka/.env/lib/python3.8/site-packages/airflow/example_dags/example_task_group.py took 0.104 seconds
[2023-11-21T09:53:50.438+0300] {processor.py:156} INFO - Started process (PID=24867) to work on /home/user/Masaüstü/kafka/.env/lib/python3.8/site-packages/airflow/example_dags/example_task_group.py
[2023-11-21T09:53:50.440+0300] {processor.py:758} INFO - Processing file /home/user/Masaüstü/kafka/.env/lib/python3.8/site-packages/airflow/example_dags/example_task_group.py for tasks to queue
[2023-11-21T09:53:50.441+0300] {logging_mixin.py:117} INFO - [2023-11-21T09:53:50.440+0300] {dagbag.py:525} INFO - Filling up the DagBag from /home/user/Masaüstü/kafka/.env/lib/python3.8/site-packages/airflow/example_dags/example_task_group.py
[2023-11-21T09:53:50.456+0300] {processor.py:768} INFO - DAG(s) dict_keys(['example_task_group']) retrieved from /home/user/Masaüstü/kafka/.env/lib/python3.8/site-packages/airflow/example_dags/example_task_group.py
[2023-11-21T09:53:50.476+0300] {logging_mixin.py:117} INFO - [2023-11-21T09:53:50.476+0300] {dag.py:2573} INFO - Sync 1 DAGs
[2023-11-21T09:53:50.501+0300] {logging_mixin.py:117} INFO - [2023-11-21T09:53:50.501+0300] {dag.py:3324} INFO - Setting next_dagrun for example_task_group to 2023-11-20T06:53:50.501243+00:00, run_after=2023-11-21T06:53:50.501243+00:00
[2023-11-21T09:53:50.525+0300] {processor.py:178} INFO - Processing /home/user/Masaüstü/kafka/.env/lib/python3.8/site-packages/airflow/example_dags/example_task_group.py took 0.090 seconds
[2023-11-21T09:54:24.465+0300] {processor.py:156} INFO - Started process (PID=25076) to work on /home/user/Masaüstü/kafka/.env/lib/python3.8/site-packages/airflow/example_dags/example_task_group.py
[2023-11-21T09:54:24.466+0300] {processor.py:758} INFO - Processing file /home/user/Masaüstü/kafka/.env/lib/python3.8/site-packages/airflow/example_dags/example_task_group.py for tasks to queue
[2023-11-21T09:54:24.467+0300] {logging_mixin.py:117} INFO - [2023-11-21T09:54:24.467+0300] {dagbag.py:525} INFO - Filling up the DagBag from /home/user/Masaüstü/kafka/.env/lib/python3.8/site-packages/airflow/example_dags/example_task_group.py
[2023-11-21T09:54:24.478+0300] {processor.py:768} INFO - DAG(s) dict_keys(['example_task_group']) retrieved from /home/user/Masaüstü/kafka/.env/lib/python3.8/site-packages/airflow/example_dags/example_task_group.py
[2023-11-21T09:54:24.495+0300] {logging_mixin.py:117} INFO - [2023-11-21T09:54:24.495+0300] {dag.py:2573} INFO - Sync 1 DAGs
[2023-11-21T09:54:24.510+0300] {logging_mixin.py:117} INFO - [2023-11-21T09:54:24.510+0300] {dag.py:3324} INFO - Setting next_dagrun for example_task_group to 2023-11-20T06:54:24.510004+00:00, run_after=2023-11-21T06:54:24.510004+00:00
[2023-11-21T09:54:24.536+0300] {processor.py:178} INFO - Processing /home/user/Masaüstü/kafka/.env/lib/python3.8/site-packages/airflow/example_dags/example_task_group.py took 0.073 seconds
[2023-11-21T09:55:03.314+0300] {processor.py:156} INFO - Started process (PID=25327) to work on /home/user/Masaüstü/kafka/.env/lib/python3.8/site-packages/airflow/example_dags/example_task_group.py
[2023-11-21T09:55:03.317+0300] {processor.py:758} INFO - Processing file /home/user/Masaüstü/kafka/.env/lib/python3.8/site-packages/airflow/example_dags/example_task_group.py for tasks to queue
[2023-11-21T09:55:03.318+0300] {logging_mixin.py:117} INFO - [2023-11-21T09:55:03.318+0300] {dagbag.py:525} INFO - Filling up the DagBag from /home/user/Masaüstü/kafka/.env/lib/python3.8/site-packages/airflow/example_dags/example_task_group.py
[2023-11-21T09:55:03.332+0300] {processor.py:768} INFO - DAG(s) dict_keys(['example_task_group']) retrieved from /home/user/Masaüstü/kafka/.env/lib/python3.8/site-packages/airflow/example_dags/example_task_group.py
[2023-11-21T09:55:03.363+0300] {logging_mixin.py:117} INFO - [2023-11-21T09:55:03.362+0300] {dag.py:2573} INFO - Sync 1 DAGs
[2023-11-21T09:55:03.380+0300] {logging_mixin.py:117} INFO - [2023-11-21T09:55:03.379+0300] {dag.py:3324} INFO - Setting next_dagrun for example_task_group to 2023-11-20T06:55:03.379753+00:00, run_after=2023-11-21T06:55:03.379753+00:00
[2023-11-21T09:55:03.412+0300] {processor.py:178} INFO - Processing /home/user/Masaüstü/kafka/.env/lib/python3.8/site-packages/airflow/example_dags/example_task_group.py took 0.099 seconds
[2023-11-21T09:55:40.405+0300] {processor.py:156} INFO - Started process (PID=25630) to work on /home/user/Masaüstü/kafka/.env/lib/python3.8/site-packages/airflow/example_dags/example_task_group.py
[2023-11-21T09:55:40.408+0300] {processor.py:758} INFO - Processing file /home/user/Masaüstü/kafka/.env/lib/python3.8/site-packages/airflow/example_dags/example_task_group.py for tasks to queue
[2023-11-21T09:55:40.409+0300] {logging_mixin.py:117} INFO - [2023-11-21T09:55:40.409+0300] {dagbag.py:525} INFO - Filling up the DagBag from /home/user/Masaüstü/kafka/.env/lib/python3.8/site-packages/airflow/example_dags/example_task_group.py
[2023-11-21T09:55:40.436+0300] {processor.py:768} INFO - DAG(s) dict_keys(['example_task_group']) retrieved from /home/user/Masaüstü/kafka/.env/lib/python3.8/site-packages/airflow/example_dags/example_task_group.py
[2023-11-21T09:55:40.460+0300] {logging_mixin.py:117} INFO - [2023-11-21T09:55:40.459+0300] {dag.py:2573} INFO - Sync 1 DAGs
[2023-11-21T09:55:40.478+0300] {logging_mixin.py:117} INFO - [2023-11-21T09:55:40.478+0300] {dag.py:3324} INFO - Setting next_dagrun for example_task_group to 2023-11-20T06:55:40.477825+00:00, run_after=2023-11-21T06:55:40.477825+00:00
[2023-11-21T09:55:40.499+0300] {processor.py:178} INFO - Processing /home/user/Masaüstü/kafka/.env/lib/python3.8/site-packages/airflow/example_dags/example_task_group.py took 0.100 seconds
[2023-11-21T09:56:17.329+0300] {processor.py:156} INFO - Started process (PID=25857) to work on /home/user/Masaüstü/kafka/.env/lib/python3.8/site-packages/airflow/example_dags/example_task_group.py
[2023-11-21T09:56:17.332+0300] {processor.py:758} INFO - Processing file /home/user/Masaüstü/kafka/.env/lib/python3.8/site-packages/airflow/example_dags/example_task_group.py for tasks to queue
[2023-11-21T09:56:17.332+0300] {logging_mixin.py:117} INFO - [2023-11-21T09:56:17.332+0300] {dagbag.py:525} INFO - Filling up the DagBag from /home/user/Masaüstü/kafka/.env/lib/python3.8/site-packages/airflow/example_dags/example_task_group.py
[2023-11-21T09:56:17.352+0300] {processor.py:768} INFO - DAG(s) dict_keys(['example_task_group']) retrieved from /home/user/Masaüstü/kafka/.env/lib/python3.8/site-packages/airflow/example_dags/example_task_group.py
[2023-11-21T09:56:17.374+0300] {logging_mixin.py:117} INFO - [2023-11-21T09:56:17.374+0300] {dag.py:2573} INFO - Sync 1 DAGs
[2023-11-21T09:56:17.389+0300] {logging_mixin.py:117} INFO - [2023-11-21T09:56:17.388+0300] {dag.py:3324} INFO - Setting next_dagrun for example_task_group to 2023-11-20T06:56:17.388747+00:00, run_after=2023-11-21T06:56:17.388747+00:00
[2023-11-21T09:56:17.405+0300] {processor.py:178} INFO - Processing /home/user/Masaüstü/kafka/.env/lib/python3.8/site-packages/airflow/example_dags/example_task_group.py took 0.079 seconds
[2023-11-21T09:56:53.815+0300] {processor.py:156} INFO - Started process (PID=26125) to work on /home/user/Masaüstü/kafka/.env/lib/python3.8/site-packages/airflow/example_dags/example_task_group.py
[2023-11-21T09:56:53.816+0300] {processor.py:758} INFO - Processing file /home/user/Masaüstü/kafka/.env/lib/python3.8/site-packages/airflow/example_dags/example_task_group.py for tasks to queue
[2023-11-21T09:56:53.817+0300] {logging_mixin.py:117} INFO - [2023-11-21T09:56:53.817+0300] {dagbag.py:525} INFO - Filling up the DagBag from /home/user/Masaüstü/kafka/.env/lib/python3.8/site-packages/airflow/example_dags/example_task_group.py
[2023-11-21T09:56:53.828+0300] {processor.py:768} INFO - DAG(s) dict_keys(['example_task_group']) retrieved from /home/user/Masaüstü/kafka/.env/lib/python3.8/site-packages/airflow/example_dags/example_task_group.py
[2023-11-21T09:56:53.849+0300] {logging_mixin.py:117} INFO - [2023-11-21T09:56:53.849+0300] {dag.py:2573} INFO - Sync 1 DAGs
[2023-11-21T09:56:53.866+0300] {logging_mixin.py:117} INFO - [2023-11-21T09:56:53.866+0300] {dag.py:3324} INFO - Setting next_dagrun for example_task_group to 2023-11-20T06:56:53.865824+00:00, run_after=2023-11-21T06:56:53.865824+00:00
[2023-11-21T09:56:53.887+0300] {processor.py:178} INFO - Processing /home/user/Masaüstü/kafka/.env/lib/python3.8/site-packages/airflow/example_dags/example_task_group.py took 0.074 seconds
[2023-11-21T09:57:31.893+0300] {processor.py:156} INFO - Started process (PID=26360) to work on /home/user/Masaüstü/kafka/.env/lib/python3.8/site-packages/airflow/example_dags/example_task_group.py
[2023-11-21T09:57:31.895+0300] {processor.py:758} INFO - Processing file /home/user/Masaüstü/kafka/.env/lib/python3.8/site-packages/airflow/example_dags/example_task_group.py for tasks to queue
[2023-11-21T09:57:31.896+0300] {logging_mixin.py:117} INFO - [2023-11-21T09:57:31.896+0300] {dagbag.py:525} INFO - Filling up the DagBag from /home/user/Masaüstü/kafka/.env/lib/python3.8/site-packages/airflow/example_dags/example_task_group.py
[2023-11-21T09:57:31.913+0300] {processor.py:768} INFO - DAG(s) dict_keys(['example_task_group']) retrieved from /home/user/Masaüstü/kafka/.env/lib/python3.8/site-packages/airflow/example_dags/example_task_group.py
[2023-11-21T09:57:31.931+0300] {logging_mixin.py:117} INFO - [2023-11-21T09:57:31.931+0300] {dag.py:2573} INFO - Sync 1 DAGs
[2023-11-21T09:57:31.947+0300] {logging_mixin.py:117} INFO - [2023-11-21T09:57:31.947+0300] {dag.py:3324} INFO - Setting next_dagrun for example_task_group to 2023-11-20T06:57:31.947488+00:00, run_after=2023-11-21T06:57:31.947488+00:00
[2023-11-21T09:57:31.965+0300] {processor.py:178} INFO - Processing /home/user/Masaüstü/kafka/.env/lib/python3.8/site-packages/airflow/example_dags/example_task_group.py took 0.076 seconds
[2023-11-21T09:58:08.378+0300] {processor.py:156} INFO - Started process (PID=26596) to work on /home/user/Masaüstü/kafka/.env/lib/python3.8/site-packages/airflow/example_dags/example_task_group.py
[2023-11-21T09:58:08.380+0300] {processor.py:758} INFO - Processing file /home/user/Masaüstü/kafka/.env/lib/python3.8/site-packages/airflow/example_dags/example_task_group.py for tasks to queue
[2023-11-21T09:58:08.381+0300] {logging_mixin.py:117} INFO - [2023-11-21T09:58:08.380+0300] {dagbag.py:525} INFO - Filling up the DagBag from /home/user/Masaüstü/kafka/.env/lib/python3.8/site-packages/airflow/example_dags/example_task_group.py
[2023-11-21T09:58:08.394+0300] {processor.py:768} INFO - DAG(s) dict_keys(['example_task_group']) retrieved from /home/user/Masaüstü/kafka/.env/lib/python3.8/site-packages/airflow/example_dags/example_task_group.py
[2023-11-21T09:58:08.415+0300] {logging_mixin.py:117} INFO - [2023-11-21T09:58:08.415+0300] {dag.py:2573} INFO - Sync 1 DAGs
[2023-11-21T09:58:08.431+0300] {logging_mixin.py:117} INFO - [2023-11-21T09:58:08.431+0300] {dag.py:3324} INFO - Setting next_dagrun for example_task_group to 2023-11-20T06:58:08.431605+00:00, run_after=2023-11-21T06:58:08.431605+00:00
[2023-11-21T09:58:08.449+0300] {processor.py:178} INFO - Processing /home/user/Masaüstü/kafka/.env/lib/python3.8/site-packages/airflow/example_dags/example_task_group.py took 0.073 seconds
[2023-11-21T09:58:45.405+0300] {processor.py:156} INFO - Started process (PID=27176) to work on /home/user/Masaüstü/kafka/.env/lib/python3.8/site-packages/airflow/example_dags/example_task_group.py
[2023-11-21T09:58:45.406+0300] {processor.py:758} INFO - Processing file /home/user/Masaüstü/kafka/.env/lib/python3.8/site-packages/airflow/example_dags/example_task_group.py for tasks to queue
[2023-11-21T09:58:45.407+0300] {logging_mixin.py:117} INFO - [2023-11-21T09:58:45.406+0300] {dagbag.py:525} INFO - Filling up the DagBag from /home/user/Masaüstü/kafka/.env/lib/python3.8/site-packages/airflow/example_dags/example_task_group.py
[2023-11-21T09:58:45.437+0300] {processor.py:768} INFO - DAG(s) dict_keys(['example_task_group']) retrieved from /home/user/Masaüstü/kafka/.env/lib/python3.8/site-packages/airflow/example_dags/example_task_group.py
[2023-11-21T09:58:45.487+0300] {logging_mixin.py:117} INFO - [2023-11-21T09:58:45.486+0300] {dag.py:2573} INFO - Sync 1 DAGs
[2023-11-21T09:58:45.525+0300] {logging_mixin.py:117} INFO - [2023-11-21T09:58:45.524+0300] {dag.py:3324} INFO - Setting next_dagrun for example_task_group to 2023-11-20T06:58:45.524607+00:00, run_after=2023-11-21T06:58:45.524607+00:00
[2023-11-21T09:58:45.567+0300] {processor.py:178} INFO - Processing /home/user/Masaüstü/kafka/.env/lib/python3.8/site-packages/airflow/example_dags/example_task_group.py took 0.167 seconds
[2023-11-21T09:59:21.666+0300] {processor.py:156} INFO - Started process (PID=27431) to work on /home/user/Masaüstü/kafka/.env/lib/python3.8/site-packages/airflow/example_dags/example_task_group.py
[2023-11-21T09:59:21.669+0300] {processor.py:758} INFO - Processing file /home/user/Masaüstü/kafka/.env/lib/python3.8/site-packages/airflow/example_dags/example_task_group.py for tasks to queue
[2023-11-21T09:59:21.670+0300] {logging_mixin.py:117} INFO - [2023-11-21T09:59:21.669+0300] {dagbag.py:525} INFO - Filling up the DagBag from /home/user/Masaüstü/kafka/.env/lib/python3.8/site-packages/airflow/example_dags/example_task_group.py
[2023-11-21T09:59:21.689+0300] {processor.py:768} INFO - DAG(s) dict_keys(['example_task_group']) retrieved from /home/user/Masaüstü/kafka/.env/lib/python3.8/site-packages/airflow/example_dags/example_task_group.py
[2023-11-21T09:59:21.711+0300] {logging_mixin.py:117} INFO - [2023-11-21T09:59:21.711+0300] {dag.py:2573} INFO - Sync 1 DAGs
[2023-11-21T09:59:21.726+0300] {logging_mixin.py:117} INFO - [2023-11-21T09:59:21.726+0300] {dag.py:3324} INFO - Setting next_dagrun for example_task_group to 2023-11-20T06:59:21.725848+00:00, run_after=2023-11-21T06:59:21.725848+00:00
[2023-11-21T09:59:21.750+0300] {processor.py:178} INFO - Processing /home/user/Masaüstü/kafka/.env/lib/python3.8/site-packages/airflow/example_dags/example_task_group.py took 0.086 seconds
[2023-11-21T09:59:56.618+0300] {processor.py:156} INFO - Started process (PID=27657) to work on /home/user/Masaüstü/kafka/.env/lib/python3.8/site-packages/airflow/example_dags/example_task_group.py
[2023-11-21T09:59:56.621+0300] {processor.py:758} INFO - Processing file /home/user/Masaüstü/kafka/.env/lib/python3.8/site-packages/airflow/example_dags/example_task_group.py for tasks to queue
[2023-11-21T09:59:56.623+0300] {logging_mixin.py:117} INFO - [2023-11-21T09:59:56.623+0300] {dagbag.py:525} INFO - Filling up the DagBag from /home/user/Masaüstü/kafka/.env/lib/python3.8/site-packages/airflow/example_dags/example_task_group.py
[2023-11-21T09:59:56.651+0300] {processor.py:768} INFO - DAG(s) dict_keys(['example_task_group']) retrieved from /home/user/Masaüstü/kafka/.env/lib/python3.8/site-packages/airflow/example_dags/example_task_group.py
[2023-11-21T09:59:56.670+0300] {logging_mixin.py:117} INFO - [2023-11-21T09:59:56.670+0300] {dag.py:2573} INFO - Sync 1 DAGs
[2023-11-21T09:59:56.684+0300] {logging_mixin.py:117} INFO - [2023-11-21T09:59:56.684+0300] {dag.py:3324} INFO - Setting next_dagrun for example_task_group to 2023-11-20T06:59:56.684627+00:00, run_after=2023-11-21T06:59:56.684627+00:00
[2023-11-21T09:59:56.711+0300] {processor.py:178} INFO - Processing /home/user/Masaüstü/kafka/.env/lib/python3.8/site-packages/airflow/example_dags/example_task_group.py took 0.100 seconds
[2023-11-21T10:00:32.856+0300] {processor.py:156} INFO - Started process (PID=27874) to work on /home/user/Masaüstü/kafka/.env/lib/python3.8/site-packages/airflow/example_dags/example_task_group.py
[2023-11-21T10:00:32.858+0300] {processor.py:758} INFO - Processing file /home/user/Masaüstü/kafka/.env/lib/python3.8/site-packages/airflow/example_dags/example_task_group.py for tasks to queue
[2023-11-21T10:00:32.858+0300] {logging_mixin.py:117} INFO - [2023-11-21T10:00:32.858+0300] {dagbag.py:525} INFO - Filling up the DagBag from /home/user/Masaüstü/kafka/.env/lib/python3.8/site-packages/airflow/example_dags/example_task_group.py
[2023-11-21T10:00:32.875+0300] {processor.py:768} INFO - DAG(s) dict_keys(['example_task_group']) retrieved from /home/user/Masaüstü/kafka/.env/lib/python3.8/site-packages/airflow/example_dags/example_task_group.py
[2023-11-21T10:00:32.900+0300] {logging_mixin.py:117} INFO - [2023-11-21T10:00:32.900+0300] {dag.py:2573} INFO - Sync 1 DAGs
[2023-11-21T10:00:32.920+0300] {logging_mixin.py:117} INFO - [2023-11-21T10:00:32.919+0300] {dag.py:3324} INFO - Setting next_dagrun for example_task_group to 2023-11-20T07:00:32.919692+00:00, run_after=2023-11-21T07:00:32.919692+00:00
[2023-11-21T10:00:32.944+0300] {processor.py:178} INFO - Processing /home/user/Masaüstü/kafka/.env/lib/python3.8/site-packages/airflow/example_dags/example_task_group.py took 0.090 seconds
[2023-11-21T10:01:09.154+0300] {processor.py:156} INFO - Started process (PID=28098) to work on /home/user/Masaüstü/kafka/.env/lib/python3.8/site-packages/airflow/example_dags/example_task_group.py
[2023-11-21T10:01:09.157+0300] {processor.py:758} INFO - Processing file /home/user/Masaüstü/kafka/.env/lib/python3.8/site-packages/airflow/example_dags/example_task_group.py for tasks to queue
[2023-11-21T10:01:09.159+0300] {logging_mixin.py:117} INFO - [2023-11-21T10:01:09.159+0300] {dagbag.py:525} INFO - Filling up the DagBag from /home/user/Masaüstü/kafka/.env/lib/python3.8/site-packages/airflow/example_dags/example_task_group.py
[2023-11-21T10:01:09.179+0300] {processor.py:768} INFO - DAG(s) dict_keys(['example_task_group']) retrieved from /home/user/Masaüstü/kafka/.env/lib/python3.8/site-packages/airflow/example_dags/example_task_group.py
[2023-11-21T10:01:09.209+0300] {logging_mixin.py:117} INFO - [2023-11-21T10:01:09.209+0300] {dag.py:2573} INFO - Sync 1 DAGs
[2023-11-21T10:01:09.230+0300] {logging_mixin.py:117} INFO - [2023-11-21T10:01:09.230+0300] {dag.py:3324} INFO - Setting next_dagrun for example_task_group to 2023-11-20T07:01:09.230004+00:00, run_after=2023-11-21T07:01:09.230004+00:00
[2023-11-21T10:01:09.264+0300] {processor.py:178} INFO - Processing /home/user/Masaüstü/kafka/.env/lib/python3.8/site-packages/airflow/example_dags/example_task_group.py took 0.113 seconds
[2023-11-21T10:01:43.831+0300] {processor.py:156} INFO - Started process (PID=28373) to work on /home/user/Masaüstü/kafka/.env/lib/python3.8/site-packages/airflow/example_dags/example_task_group.py
[2023-11-21T10:01:43.833+0300] {processor.py:758} INFO - Processing file /home/user/Masaüstü/kafka/.env/lib/python3.8/site-packages/airflow/example_dags/example_task_group.py for tasks to queue
[2023-11-21T10:01:43.834+0300] {logging_mixin.py:117} INFO - [2023-11-21T10:01:43.834+0300] {dagbag.py:525} INFO - Filling up the DagBag from /home/user/Masaüstü/kafka/.env/lib/python3.8/site-packages/airflow/example_dags/example_task_group.py
[2023-11-21T10:01:43.855+0300] {processor.py:768} INFO - DAG(s) dict_keys(['example_task_group']) retrieved from /home/user/Masaüstü/kafka/.env/lib/python3.8/site-packages/airflow/example_dags/example_task_group.py
[2023-11-21T10:01:43.899+0300] {logging_mixin.py:117} INFO - [2023-11-21T10:01:43.898+0300] {dag.py:2573} INFO - Sync 1 DAGs
[2023-11-21T10:01:43.931+0300] {logging_mixin.py:117} INFO - [2023-11-21T10:01:43.930+0300] {dag.py:3324} INFO - Setting next_dagrun for example_task_group to 2023-11-20T07:01:43.930351+00:00, run_after=2023-11-21T07:01:43.930351+00:00
[2023-11-21T10:01:43.956+0300] {processor.py:178} INFO - Processing /home/user/Masaüstü/kafka/.env/lib/python3.8/site-packages/airflow/example_dags/example_task_group.py took 0.129 seconds
[2023-11-21T10:02:21.205+0300] {processor.py:156} INFO - Started process (PID=28596) to work on /home/user/Masaüstü/kafka/.env/lib/python3.8/site-packages/airflow/example_dags/example_task_group.py
[2023-11-21T10:02:21.206+0300] {processor.py:758} INFO - Processing file /home/user/Masaüstü/kafka/.env/lib/python3.8/site-packages/airflow/example_dags/example_task_group.py for tasks to queue
[2023-11-21T10:02:21.206+0300] {logging_mixin.py:117} INFO - [2023-11-21T10:02:21.206+0300] {dagbag.py:525} INFO - Filling up the DagBag from /home/user/Masaüstü/kafka/.env/lib/python3.8/site-packages/airflow/example_dags/example_task_group.py
[2023-11-21T10:02:21.218+0300] {processor.py:768} INFO - DAG(s) dict_keys(['example_task_group']) retrieved from /home/user/Masaüstü/kafka/.env/lib/python3.8/site-packages/airflow/example_dags/example_task_group.py
[2023-11-21T10:02:21.237+0300] {logging_mixin.py:117} INFO - [2023-11-21T10:02:21.237+0300] {dag.py:2573} INFO - Sync 1 DAGs
[2023-11-21T10:02:21.252+0300] {logging_mixin.py:117} INFO - [2023-11-21T10:02:21.252+0300] {dag.py:3324} INFO - Setting next_dagrun for example_task_group to 2023-11-20T07:02:21.252039+00:00, run_after=2023-11-21T07:02:21.252039+00:00
[2023-11-21T10:02:21.269+0300] {processor.py:178} INFO - Processing /home/user/Masaüstü/kafka/.env/lib/python3.8/site-packages/airflow/example_dags/example_task_group.py took 0.066 seconds
[2023-11-21T10:02:57.192+0300] {processor.py:156} INFO - Started process (PID=28829) to work on /home/user/Masaüstü/kafka/.env/lib/python3.8/site-packages/airflow/example_dags/example_task_group.py
[2023-11-21T10:02:57.193+0300] {processor.py:758} INFO - Processing file /home/user/Masaüstü/kafka/.env/lib/python3.8/site-packages/airflow/example_dags/example_task_group.py for tasks to queue
[2023-11-21T10:02:57.194+0300] {logging_mixin.py:117} INFO - [2023-11-21T10:02:57.194+0300] {dagbag.py:525} INFO - Filling up the DagBag from /home/user/Masaüstü/kafka/.env/lib/python3.8/site-packages/airflow/example_dags/example_task_group.py
[2023-11-21T10:02:57.207+0300] {processor.py:768} INFO - DAG(s) dict_keys(['example_task_group']) retrieved from /home/user/Masaüstü/kafka/.env/lib/python3.8/site-packages/airflow/example_dags/example_task_group.py
[2023-11-21T10:02:57.229+0300] {logging_mixin.py:117} INFO - [2023-11-21T10:02:57.228+0300] {dag.py:2573} INFO - Sync 1 DAGs
[2023-11-21T10:02:57.245+0300] {logging_mixin.py:117} INFO - [2023-11-21T10:02:57.245+0300] {dag.py:3324} INFO - Setting next_dagrun for example_task_group to 2023-11-20T07:02:57.245170+00:00, run_after=2023-11-21T07:02:57.245170+00:00
[2023-11-21T10:02:57.267+0300] {processor.py:178} INFO - Processing /home/user/Masaüstü/kafka/.env/lib/python3.8/site-packages/airflow/example_dags/example_task_group.py took 0.076 seconds
[2023-11-21T10:05:25.814+0300] {processor.py:156} INFO - Started process (PID=30170) to work on /home/user/Masaüstü/kafka/.env/lib/python3.8/site-packages/airflow/example_dags/example_task_group.py
[2023-11-21T10:05:25.817+0300] {processor.py:758} INFO - Processing file /home/user/Masaüstü/kafka/.env/lib/python3.8/site-packages/airflow/example_dags/example_task_group.py for tasks to queue
[2023-11-21T10:05:25.819+0300] {logging_mixin.py:117} INFO - [2023-11-21T10:05:25.818+0300] {dagbag.py:525} INFO - Filling up the DagBag from /home/user/Masaüstü/kafka/.env/lib/python3.8/site-packages/airflow/example_dags/example_task_group.py
[2023-11-21T10:05:25.847+0300] {processor.py:768} INFO - DAG(s) dict_keys(['example_task_group']) retrieved from /home/user/Masaüstü/kafka/.env/lib/python3.8/site-packages/airflow/example_dags/example_task_group.py
[2023-11-21T10:05:25.866+0300] {logging_mixin.py:117} INFO - [2023-11-21T10:05:25.866+0300] {dag.py:2573} INFO - Sync 1 DAGs
[2023-11-21T10:05:25.881+0300] {logging_mixin.py:117} INFO - [2023-11-21T10:05:25.880+0300] {dag.py:3324} INFO - Setting next_dagrun for example_task_group to 2023-11-20T07:05:25.880802+00:00, run_after=2023-11-21T07:05:25.880802+00:00
[2023-11-21T10:05:25.897+0300] {processor.py:178} INFO - Processing /home/user/Masaüstü/kafka/.env/lib/python3.8/site-packages/airflow/example_dags/example_task_group.py took 0.092 seconds
[2023-11-21T10:06:05.053+0300] {processor.py:156} INFO - Started process (PID=30546) to work on /home/user/Masaüstü/kafka/.env/lib/python3.8/site-packages/airflow/example_dags/example_task_group.py
[2023-11-21T10:06:05.055+0300] {processor.py:758} INFO - Processing file /home/user/Masaüstü/kafka/.env/lib/python3.8/site-packages/airflow/example_dags/example_task_group.py for tasks to queue
[2023-11-21T10:06:05.056+0300] {logging_mixin.py:117} INFO - [2023-11-21T10:06:05.056+0300] {dagbag.py:525} INFO - Filling up the DagBag from /home/user/Masaüstü/kafka/.env/lib/python3.8/site-packages/airflow/example_dags/example_task_group.py
[2023-11-21T10:06:05.076+0300] {processor.py:768} INFO - DAG(s) dict_keys(['example_task_group']) retrieved from /home/user/Masaüstü/kafka/.env/lib/python3.8/site-packages/airflow/example_dags/example_task_group.py
[2023-11-21T10:06:05.096+0300] {logging_mixin.py:117} INFO - [2023-11-21T10:06:05.096+0300] {dag.py:2573} INFO - Sync 1 DAGs
[2023-11-21T10:06:05.111+0300] {logging_mixin.py:117} INFO - [2023-11-21T10:06:05.110+0300] {dag.py:3324} INFO - Setting next_dagrun for example_task_group to 2023-11-20T07:06:05.110730+00:00, run_after=2023-11-21T07:06:05.110730+00:00
[2023-11-21T10:06:05.128+0300] {processor.py:178} INFO - Processing /home/user/Masaüstü/kafka/.env/lib/python3.8/site-packages/airflow/example_dags/example_task_group.py took 0.079 seconds
[2023-11-21T10:06:43.044+0300] {processor.py:156} INFO - Started process (PID=30782) to work on /home/user/Masaüstü/kafka/.env/lib/python3.8/site-packages/airflow/example_dags/example_task_group.py
[2023-11-21T10:06:43.047+0300] {processor.py:758} INFO - Processing file /home/user/Masaüstü/kafka/.env/lib/python3.8/site-packages/airflow/example_dags/example_task_group.py for tasks to queue
[2023-11-21T10:06:43.047+0300] {logging_mixin.py:117} INFO - [2023-11-21T10:06:43.047+0300] {dagbag.py:525} INFO - Filling up the DagBag from /home/user/Masaüstü/kafka/.env/lib/python3.8/site-packages/airflow/example_dags/example_task_group.py
[2023-11-21T10:06:43.064+0300] {processor.py:768} INFO - DAG(s) dict_keys(['example_task_group']) retrieved from /home/user/Masaüstü/kafka/.env/lib/python3.8/site-packages/airflow/example_dags/example_task_group.py
[2023-11-21T10:06:43.084+0300] {logging_mixin.py:117} INFO - [2023-11-21T10:06:43.084+0300] {dag.py:2573} INFO - Sync 1 DAGs
[2023-11-21T10:06:43.100+0300] {logging_mixin.py:117} INFO - [2023-11-21T10:06:43.100+0300] {dag.py:3324} INFO - Setting next_dagrun for example_task_group to 2023-11-20T07:06:43.099943+00:00, run_after=2023-11-21T07:06:43.099943+00:00
[2023-11-21T10:06:43.121+0300] {processor.py:178} INFO - Processing /home/user/Masaüstü/kafka/.env/lib/python3.8/site-packages/airflow/example_dags/example_task_group.py took 0.080 seconds
[2023-11-21T10:07:20.182+0300] {processor.py:156} INFO - Started process (PID=31034) to work on /home/user/Masaüstü/kafka/.env/lib/python3.8/site-packages/airflow/example_dags/example_task_group.py
[2023-11-21T10:07:20.184+0300] {processor.py:758} INFO - Processing file /home/user/Masaüstü/kafka/.env/lib/python3.8/site-packages/airflow/example_dags/example_task_group.py for tasks to queue
[2023-11-21T10:07:20.184+0300] {logging_mixin.py:117} INFO - [2023-11-21T10:07:20.184+0300] {dagbag.py:525} INFO - Filling up the DagBag from /home/user/Masaüstü/kafka/.env/lib/python3.8/site-packages/airflow/example_dags/example_task_group.py
[2023-11-21T10:07:20.197+0300] {processor.py:768} INFO - DAG(s) dict_keys(['example_task_group']) retrieved from /home/user/Masaüstü/kafka/.env/lib/python3.8/site-packages/airflow/example_dags/example_task_group.py
[2023-11-21T10:07:20.215+0300] {logging_mixin.py:117} INFO - [2023-11-21T10:07:20.215+0300] {dag.py:2573} INFO - Sync 1 DAGs
[2023-11-21T10:07:20.230+0300] {logging_mixin.py:117} INFO - [2023-11-21T10:07:20.230+0300] {dag.py:3324} INFO - Setting next_dagrun for example_task_group to 2023-11-20T07:07:20.230531+00:00, run_after=2023-11-21T07:07:20.230531+00:00
[2023-11-21T10:07:20.248+0300] {processor.py:178} INFO - Processing /home/user/Masaüstü/kafka/.env/lib/python3.8/site-packages/airflow/example_dags/example_task_group.py took 0.068 seconds
[2023-11-21T10:07:58.306+0300] {processor.py:156} INFO - Started process (PID=31269) to work on /home/user/Masaüstü/kafka/.env/lib/python3.8/site-packages/airflow/example_dags/example_task_group.py
[2023-11-21T10:07:58.309+0300] {processor.py:758} INFO - Processing file /home/user/Masaüstü/kafka/.env/lib/python3.8/site-packages/airflow/example_dags/example_task_group.py for tasks to queue
[2023-11-21T10:07:58.311+0300] {logging_mixin.py:117} INFO - [2023-11-21T10:07:58.311+0300] {dagbag.py:525} INFO - Filling up the DagBag from /home/user/Masaüstü/kafka/.env/lib/python3.8/site-packages/airflow/example_dags/example_task_group.py
[2023-11-21T10:07:58.338+0300] {processor.py:768} INFO - DAG(s) dict_keys(['example_task_group']) retrieved from /home/user/Masaüstü/kafka/.env/lib/python3.8/site-packages/airflow/example_dags/example_task_group.py
[2023-11-21T10:07:58.358+0300] {logging_mixin.py:117} INFO - [2023-11-21T10:07:58.358+0300] {dag.py:2573} INFO - Sync 1 DAGs
[2023-11-21T10:07:58.373+0300] {logging_mixin.py:117} INFO - [2023-11-21T10:07:58.372+0300] {dag.py:3324} INFO - Setting next_dagrun for example_task_group to 2023-11-20T07:07:58.372800+00:00, run_after=2023-11-21T07:07:58.372800+00:00
[2023-11-21T10:07:58.389+0300] {processor.py:178} INFO - Processing /home/user/Masaüstü/kafka/.env/lib/python3.8/site-packages/airflow/example_dags/example_task_group.py took 0.090 seconds
[2023-11-21T10:08:36.391+0300] {processor.py:156} INFO - Started process (PID=31528) to work on /home/user/Masaüstü/kafka/.env/lib/python3.8/site-packages/airflow/example_dags/example_task_group.py
[2023-11-21T10:08:36.394+0300] {processor.py:758} INFO - Processing file /home/user/Masaüstü/kafka/.env/lib/python3.8/site-packages/airflow/example_dags/example_task_group.py for tasks to queue
[2023-11-21T10:08:36.396+0300] {logging_mixin.py:117} INFO - [2023-11-21T10:08:36.396+0300] {dagbag.py:525} INFO - Filling up the DagBag from /home/user/Masaüstü/kafka/.env/lib/python3.8/site-packages/airflow/example_dags/example_task_group.py
[2023-11-21T10:08:36.424+0300] {processor.py:768} INFO - DAG(s) dict_keys(['example_task_group']) retrieved from /home/user/Masaüstü/kafka/.env/lib/python3.8/site-packages/airflow/example_dags/example_task_group.py
[2023-11-21T10:08:36.445+0300] {logging_mixin.py:117} INFO - [2023-11-21T10:08:36.445+0300] {dag.py:2573} INFO - Sync 1 DAGs
[2023-11-21T10:08:36.459+0300] {logging_mixin.py:117} INFO - [2023-11-21T10:08:36.459+0300] {dag.py:3324} INFO - Setting next_dagrun for example_task_group to 2023-11-20T07:08:36.459512+00:00, run_after=2023-11-21T07:08:36.459512+00:00
[2023-11-21T10:08:36.476+0300] {processor.py:178} INFO - Processing /home/user/Masaüstü/kafka/.env/lib/python3.8/site-packages/airflow/example_dags/example_task_group.py took 0.092 seconds
[2023-11-21T10:09:14.186+0300] {processor.py:156} INFO - Started process (PID=31781) to work on /home/user/Masaüstü/kafka/.env/lib/python3.8/site-packages/airflow/example_dags/example_task_group.py
[2023-11-21T10:09:14.189+0300] {processor.py:758} INFO - Processing file /home/user/Masaüstü/kafka/.env/lib/python3.8/site-packages/airflow/example_dags/example_task_group.py for tasks to queue
[2023-11-21T10:09:14.190+0300] {logging_mixin.py:117} INFO - [2023-11-21T10:09:14.189+0300] {dagbag.py:525} INFO - Filling up the DagBag from /home/user/Masaüstü/kafka/.env/lib/python3.8/site-packages/airflow/example_dags/example_task_group.py
[2023-11-21T10:09:14.208+0300] {processor.py:768} INFO - DAG(s) dict_keys(['example_task_group']) retrieved from /home/user/Masaüstü/kafka/.env/lib/python3.8/site-packages/airflow/example_dags/example_task_group.py
[2023-11-21T10:09:14.227+0300] {logging_mixin.py:117} INFO - [2023-11-21T10:09:14.227+0300] {dag.py:2573} INFO - Sync 1 DAGs
[2023-11-21T10:09:14.246+0300] {logging_mixin.py:117} INFO - [2023-11-21T10:09:14.246+0300] {dag.py:3324} INFO - Setting next_dagrun for example_task_group to 2023-11-20T07:09:14.246485+00:00, run_after=2023-11-21T07:09:14.246485+00:00
[2023-11-21T10:09:14.270+0300] {processor.py:178} INFO - Processing /home/user/Masaüstü/kafka/.env/lib/python3.8/site-packages/airflow/example_dags/example_task_group.py took 0.088 seconds
[2023-11-21T10:09:57.137+0300] {processor.py:156} INFO - Started process (PID=32476) to work on /home/user/Masaüstü/kafka/.env/lib/python3.8/site-packages/airflow/example_dags/example_task_group.py
[2023-11-21T10:09:57.139+0300] {processor.py:758} INFO - Processing file /home/user/Masaüstü/kafka/.env/lib/python3.8/site-packages/airflow/example_dags/example_task_group.py for tasks to queue
[2023-11-21T10:09:57.139+0300] {logging_mixin.py:117} INFO - [2023-11-21T10:09:57.139+0300] {dagbag.py:525} INFO - Filling up the DagBag from /home/user/Masaüstü/kafka/.env/lib/python3.8/site-packages/airflow/example_dags/example_task_group.py
[2023-11-21T10:09:57.153+0300] {processor.py:768} INFO - DAG(s) dict_keys(['example_task_group']) retrieved from /home/user/Masaüstü/kafka/.env/lib/python3.8/site-packages/airflow/example_dags/example_task_group.py
[2023-11-21T10:09:57.171+0300] {logging_mixin.py:117} INFO - [2023-11-21T10:09:57.171+0300] {dag.py:2573} INFO - Sync 1 DAGs
[2023-11-21T10:09:57.185+0300] {logging_mixin.py:117} INFO - [2023-11-21T10:09:57.185+0300] {dag.py:3324} INFO - Setting next_dagrun for example_task_group to 2023-11-20T07:09:57.185662+00:00, run_after=2023-11-21T07:09:57.185662+00:00
[2023-11-21T10:09:57.216+0300] {processor.py:178} INFO - Processing /home/user/Masaüstü/kafka/.env/lib/python3.8/site-packages/airflow/example_dags/example_task_group.py took 0.081 seconds
[2023-11-21T10:10:49.333+0300] {processor.py:156} INFO - Started process (PID=33202) to work on /home/user/Masaüstü/kafka/.env/lib/python3.8/site-packages/airflow/example_dags/example_task_group.py
[2023-11-21T10:10:49.336+0300] {processor.py:758} INFO - Processing file /home/user/Masaüstü/kafka/.env/lib/python3.8/site-packages/airflow/example_dags/example_task_group.py for tasks to queue
[2023-11-21T10:10:49.338+0300] {logging_mixin.py:117} INFO - [2023-11-21T10:10:49.337+0300] {dagbag.py:525} INFO - Filling up the DagBag from /home/user/Masaüstü/kafka/.env/lib/python3.8/site-packages/airflow/example_dags/example_task_group.py
[2023-11-21T10:10:49.362+0300] {processor.py:768} INFO - DAG(s) dict_keys(['example_task_group']) retrieved from /home/user/Masaüstü/kafka/.env/lib/python3.8/site-packages/airflow/example_dags/example_task_group.py
[2023-11-21T10:10:49.396+0300] {logging_mixin.py:117} INFO - [2023-11-21T10:10:49.396+0300] {dag.py:2573} INFO - Sync 1 DAGs
[2023-11-21T10:10:49.415+0300] {logging_mixin.py:117} INFO - [2023-11-21T10:10:49.414+0300] {dag.py:3324} INFO - Setting next_dagrun for example_task_group to 2023-11-20T07:10:49.414601+00:00, run_after=2023-11-21T07:10:49.414601+00:00
[2023-11-21T10:10:49.437+0300] {processor.py:178} INFO - Processing /home/user/Masaüstü/kafka/.env/lib/python3.8/site-packages/airflow/example_dags/example_task_group.py took 0.108 seconds
[2023-11-21T10:11:26.151+0300] {processor.py:156} INFO - Started process (PID=33459) to work on /home/user/Masaüstü/kafka/.env/lib/python3.8/site-packages/airflow/example_dags/example_task_group.py
[2023-11-21T10:11:26.155+0300] {processor.py:758} INFO - Processing file /home/user/Masaüstü/kafka/.env/lib/python3.8/site-packages/airflow/example_dags/example_task_group.py for tasks to queue
[2023-11-21T10:11:26.157+0300] {logging_mixin.py:117} INFO - [2023-11-21T10:11:26.156+0300] {dagbag.py:525} INFO - Filling up the DagBag from /home/user/Masaüstü/kafka/.env/lib/python3.8/site-packages/airflow/example_dags/example_task_group.py
[2023-11-21T10:11:26.180+0300] {processor.py:768} INFO - DAG(s) dict_keys(['example_task_group']) retrieved from /home/user/Masaüstü/kafka/.env/lib/python3.8/site-packages/airflow/example_dags/example_task_group.py
[2023-11-21T10:11:26.199+0300] {logging_mixin.py:117} INFO - [2023-11-21T10:11:26.198+0300] {dag.py:2573} INFO - Sync 1 DAGs
[2023-11-21T10:11:26.214+0300] {logging_mixin.py:117} INFO - [2023-11-21T10:11:26.214+0300] {dag.py:3324} INFO - Setting next_dagrun for example_task_group to 2023-11-20T07:11:26.214328+00:00, run_after=2023-11-21T07:11:26.214328+00:00
[2023-11-21T10:11:26.232+0300] {processor.py:178} INFO - Processing /home/user/Masaüstü/kafka/.env/lib/python3.8/site-packages/airflow/example_dags/example_task_group.py took 0.089 seconds
[2023-11-21T10:12:04.204+0300] {processor.py:156} INFO - Started process (PID=33702) to work on /home/user/Masaüstü/kafka/.env/lib/python3.8/site-packages/airflow/example_dags/example_task_group.py
[2023-11-21T10:12:04.206+0300] {processor.py:758} INFO - Processing file /home/user/Masaüstü/kafka/.env/lib/python3.8/site-packages/airflow/example_dags/example_task_group.py for tasks to queue
[2023-11-21T10:12:04.206+0300] {logging_mixin.py:117} INFO - [2023-11-21T10:12:04.206+0300] {dagbag.py:525} INFO - Filling up the DagBag from /home/user/Masaüstü/kafka/.env/lib/python3.8/site-packages/airflow/example_dags/example_task_group.py
[2023-11-21T10:12:04.220+0300] {processor.py:768} INFO - DAG(s) dict_keys(['example_task_group']) retrieved from /home/user/Masaüstü/kafka/.env/lib/python3.8/site-packages/airflow/example_dags/example_task_group.py
[2023-11-21T10:12:04.243+0300] {logging_mixin.py:117} INFO - [2023-11-21T10:12:04.242+0300] {dag.py:2573} INFO - Sync 1 DAGs
[2023-11-21T10:12:04.267+0300] {logging_mixin.py:117} INFO - [2023-11-21T10:12:04.267+0300] {dag.py:3324} INFO - Setting next_dagrun for example_task_group to 2023-11-20T07:12:04.266884+00:00, run_after=2023-11-21T07:12:04.266884+00:00
[2023-11-21T10:12:04.308+0300] {processor.py:178} INFO - Processing /home/user/Masaüstü/kafka/.env/lib/python3.8/site-packages/airflow/example_dags/example_task_group.py took 0.106 seconds
[2023-11-21T10:12:42.826+0300] {processor.py:156} INFO - Started process (PID=33930) to work on /home/user/Masaüstü/kafka/.env/lib/python3.8/site-packages/airflow/example_dags/example_task_group.py
[2023-11-21T10:12:42.828+0300] {processor.py:758} INFO - Processing file /home/user/Masaüstü/kafka/.env/lib/python3.8/site-packages/airflow/example_dags/example_task_group.py for tasks to queue
[2023-11-21T10:12:42.829+0300] {logging_mixin.py:117} INFO - [2023-11-21T10:12:42.829+0300] {dagbag.py:525} INFO - Filling up the DagBag from /home/user/Masaüstü/kafka/.env/lib/python3.8/site-packages/airflow/example_dags/example_task_group.py
[2023-11-21T10:12:42.854+0300] {processor.py:768} INFO - DAG(s) dict_keys(['example_task_group']) retrieved from /home/user/Masaüstü/kafka/.env/lib/python3.8/site-packages/airflow/example_dags/example_task_group.py
[2023-11-21T10:12:42.878+0300] {logging_mixin.py:117} INFO - [2023-11-21T10:12:42.878+0300] {dag.py:2573} INFO - Sync 1 DAGs
[2023-11-21T10:12:42.893+0300] {logging_mixin.py:117} INFO - [2023-11-21T10:12:42.893+0300] {dag.py:3324} INFO - Setting next_dagrun for example_task_group to 2023-11-20T07:12:42.893169+00:00, run_after=2023-11-21T07:12:42.893169+00:00
[2023-11-21T10:12:42.911+0300] {processor.py:178} INFO - Processing /home/user/Masaüstü/kafka/.env/lib/python3.8/site-packages/airflow/example_dags/example_task_group.py took 0.088 seconds
[2023-11-21T10:13:21.095+0300] {processor.py:156} INFO - Started process (PID=34182) to work on /home/user/Masaüstü/kafka/.env/lib/python3.8/site-packages/airflow/example_dags/example_task_group.py
[2023-11-21T10:13:21.097+0300] {processor.py:758} INFO - Processing file /home/user/Masaüstü/kafka/.env/lib/python3.8/site-packages/airflow/example_dags/example_task_group.py for tasks to queue
[2023-11-21T10:13:21.098+0300] {logging_mixin.py:117} INFO - [2023-11-21T10:13:21.097+0300] {dagbag.py:525} INFO - Filling up the DagBag from /home/user/Masaüstü/kafka/.env/lib/python3.8/site-packages/airflow/example_dags/example_task_group.py
[2023-11-21T10:13:21.118+0300] {processor.py:768} INFO - DAG(s) dict_keys(['example_task_group']) retrieved from /home/user/Masaüstü/kafka/.env/lib/python3.8/site-packages/airflow/example_dags/example_task_group.py
[2023-11-21T10:13:21.163+0300] {logging_mixin.py:117} INFO - [2023-11-21T10:13:21.163+0300] {dag.py:2573} INFO - Sync 1 DAGs
[2023-11-21T10:13:21.184+0300] {logging_mixin.py:117} INFO - [2023-11-21T10:13:21.184+0300] {dag.py:3324} INFO - Setting next_dagrun for example_task_group to 2023-11-20T07:13:21.184274+00:00, run_after=2023-11-21T07:13:21.184274+00:00
[2023-11-21T10:13:21.209+0300] {processor.py:178} INFO - Processing /home/user/Masaüstü/kafka/.env/lib/python3.8/site-packages/airflow/example_dags/example_task_group.py took 0.119 seconds
[2023-11-21T10:14:13.090+0300] {processor.py:156} INFO - Started process (PID=34934) to work on /home/user/Masaüstü/kafka/.env/lib/python3.8/site-packages/airflow/example_dags/example_task_group.py
[2023-11-21T10:14:13.091+0300] {processor.py:758} INFO - Processing file /home/user/Masaüstü/kafka/.env/lib/python3.8/site-packages/airflow/example_dags/example_task_group.py for tasks to queue
[2023-11-21T10:14:13.092+0300] {logging_mixin.py:117} INFO - [2023-11-21T10:14:13.092+0300] {dagbag.py:525} INFO - Filling up the DagBag from /home/user/Masaüstü/kafka/.env/lib/python3.8/site-packages/airflow/example_dags/example_task_group.py
[2023-11-21T10:14:13.107+0300] {processor.py:768} INFO - DAG(s) dict_keys(['example_task_group']) retrieved from /home/user/Masaüstü/kafka/.env/lib/python3.8/site-packages/airflow/example_dags/example_task_group.py
[2023-11-21T10:14:13.125+0300] {logging_mixin.py:117} INFO - [2023-11-21T10:14:13.125+0300] {dag.py:2573} INFO - Sync 1 DAGs
[2023-11-21T10:14:13.141+0300] {logging_mixin.py:117} INFO - [2023-11-21T10:14:13.141+0300] {dag.py:3324} INFO - Setting next_dagrun for example_task_group to 2023-11-20T07:14:13.141564+00:00, run_after=2023-11-21T07:14:13.141564+00:00
[2023-11-21T10:14:13.176+0300] {processor.py:178} INFO - Processing /home/user/Masaüstü/kafka/.env/lib/python3.8/site-packages/airflow/example_dags/example_task_group.py took 0.089 seconds
[2023-11-21T10:14:51.709+0300] {processor.py:156} INFO - Started process (PID=35341) to work on /home/user/Masaüstü/kafka/.env/lib/python3.8/site-packages/airflow/example_dags/example_task_group.py
[2023-11-21T10:14:51.711+0300] {processor.py:758} INFO - Processing file /home/user/Masaüstü/kafka/.env/lib/python3.8/site-packages/airflow/example_dags/example_task_group.py for tasks to queue
[2023-11-21T10:14:51.711+0300] {logging_mixin.py:117} INFO - [2023-11-21T10:14:51.711+0300] {dagbag.py:525} INFO - Filling up the DagBag from /home/user/Masaüstü/kafka/.env/lib/python3.8/site-packages/airflow/example_dags/example_task_group.py
[2023-11-21T10:14:51.729+0300] {processor.py:768} INFO - DAG(s) dict_keys(['example_task_group']) retrieved from /home/user/Masaüstü/kafka/.env/lib/python3.8/site-packages/airflow/example_dags/example_task_group.py
[2023-11-21T10:14:51.754+0300] {logging_mixin.py:117} INFO - [2023-11-21T10:14:51.753+0300] {dag.py:2573} INFO - Sync 1 DAGs
[2023-11-21T10:14:51.771+0300] {logging_mixin.py:117} INFO - [2023-11-21T10:14:51.770+0300] {dag.py:3324} INFO - Setting next_dagrun for example_task_group to 2023-11-20T07:14:51.770750+00:00, run_after=2023-11-21T07:14:51.770750+00:00
[2023-11-21T10:14:51.791+0300] {processor.py:178} INFO - Processing /home/user/Masaüstü/kafka/.env/lib/python3.8/site-packages/airflow/example_dags/example_task_group.py took 0.085 seconds
[2023-11-21T10:15:28.693+0300] {processor.py:156} INFO - Started process (PID=35649) to work on /home/user/Masaüstü/kafka/.env/lib/python3.8/site-packages/airflow/example_dags/example_task_group.py
[2023-11-21T10:15:28.697+0300] {processor.py:758} INFO - Processing file /home/user/Masaüstü/kafka/.env/lib/python3.8/site-packages/airflow/example_dags/example_task_group.py for tasks to queue
[2023-11-21T10:15:28.698+0300] {logging_mixin.py:117} INFO - [2023-11-21T10:15:28.698+0300] {dagbag.py:525} INFO - Filling up the DagBag from /home/user/Masaüstü/kafka/.env/lib/python3.8/site-packages/airflow/example_dags/example_task_group.py
[2023-11-21T10:15:28.723+0300] {processor.py:768} INFO - DAG(s) dict_keys(['example_task_group']) retrieved from /home/user/Masaüstü/kafka/.env/lib/python3.8/site-packages/airflow/example_dags/example_task_group.py
[2023-11-21T10:15:28.742+0300] {logging_mixin.py:117} INFO - [2023-11-21T10:15:28.741+0300] {dag.py:2573} INFO - Sync 1 DAGs
[2023-11-21T10:15:28.756+0300] {logging_mixin.py:117} INFO - [2023-11-21T10:15:28.756+0300] {dag.py:3324} INFO - Setting next_dagrun for example_task_group to 2023-11-20T07:15:28.756356+00:00, run_after=2023-11-21T07:15:28.756356+00:00
[2023-11-21T10:15:28.773+0300] {processor.py:178} INFO - Processing /home/user/Masaüstü/kafka/.env/lib/python3.8/site-packages/airflow/example_dags/example_task_group.py took 0.088 seconds
[2023-11-21T10:16:05.874+0300] {processor.py:156} INFO - Started process (PID=35883) to work on /home/user/Masaüstü/kafka/.env/lib/python3.8/site-packages/airflow/example_dags/example_task_group.py
[2023-11-21T10:16:05.875+0300] {processor.py:758} INFO - Processing file /home/user/Masaüstü/kafka/.env/lib/python3.8/site-packages/airflow/example_dags/example_task_group.py for tasks to queue
[2023-11-21T10:16:05.875+0300] {logging_mixin.py:117} INFO - [2023-11-21T10:16:05.875+0300] {dagbag.py:525} INFO - Filling up the DagBag from /home/user/Masaüstü/kafka/.env/lib/python3.8/site-packages/airflow/example_dags/example_task_group.py
[2023-11-21T10:16:05.886+0300] {processor.py:768} INFO - DAG(s) dict_keys(['example_task_group']) retrieved from /home/user/Masaüstü/kafka/.env/lib/python3.8/site-packages/airflow/example_dags/example_task_group.py
[2023-11-21T10:16:05.904+0300] {logging_mixin.py:117} INFO - [2023-11-21T10:16:05.904+0300] {dag.py:2573} INFO - Sync 1 DAGs
[2023-11-21T10:16:05.922+0300] {logging_mixin.py:117} INFO - [2023-11-21T10:16:05.922+0300] {dag.py:3324} INFO - Setting next_dagrun for example_task_group to 2023-11-20T07:16:05.922224+00:00, run_after=2023-11-21T07:16:05.922224+00:00
[2023-11-21T10:16:05.945+0300] {processor.py:178} INFO - Processing /home/user/Masaüstü/kafka/.env/lib/python3.8/site-packages/airflow/example_dags/example_task_group.py took 0.072 seconds
[2023-11-21T10:16:43.130+0300] {processor.py:156} INFO - Started process (PID=36127) to work on /home/user/Masaüstü/kafka/.env/lib/python3.8/site-packages/airflow/example_dags/example_task_group.py
[2023-11-21T10:16:43.132+0300] {processor.py:758} INFO - Processing file /home/user/Masaüstü/kafka/.env/lib/python3.8/site-packages/airflow/example_dags/example_task_group.py for tasks to queue
[2023-11-21T10:16:43.134+0300] {logging_mixin.py:117} INFO - [2023-11-21T10:16:43.133+0300] {dagbag.py:525} INFO - Filling up the DagBag from /home/user/Masaüstü/kafka/.env/lib/python3.8/site-packages/airflow/example_dags/example_task_group.py
[2023-11-21T10:16:43.160+0300] {processor.py:768} INFO - DAG(s) dict_keys(['example_task_group']) retrieved from /home/user/Masaüstü/kafka/.env/lib/python3.8/site-packages/airflow/example_dags/example_task_group.py
[2023-11-21T10:16:43.180+0300] {logging_mixin.py:117} INFO - [2023-11-21T10:16:43.179+0300] {dag.py:2573} INFO - Sync 1 DAGs
[2023-11-21T10:16:43.194+0300] {logging_mixin.py:117} INFO - [2023-11-21T10:16:43.194+0300] {dag.py:3324} INFO - Setting next_dagrun for example_task_group to 2023-11-20T07:16:43.194106+00:00, run_after=2023-11-21T07:16:43.194106+00:00
[2023-11-21T10:16:43.212+0300] {processor.py:178} INFO - Processing /home/user/Masaüstü/kafka/.env/lib/python3.8/site-packages/airflow/example_dags/example_task_group.py took 0.088 seconds
[2023-11-21T10:17:20.820+0300] {processor.py:156} INFO - Started process (PID=36394) to work on /home/user/Masaüstü/kafka/.env/lib/python3.8/site-packages/airflow/example_dags/example_task_group.py
[2023-11-21T10:17:20.824+0300] {processor.py:758} INFO - Processing file /home/user/Masaüstü/kafka/.env/lib/python3.8/site-packages/airflow/example_dags/example_task_group.py for tasks to queue
[2023-11-21T10:17:20.825+0300] {logging_mixin.py:117} INFO - [2023-11-21T10:17:20.825+0300] {dagbag.py:525} INFO - Filling up the DagBag from /home/user/Masaüstü/kafka/.env/lib/python3.8/site-packages/airflow/example_dags/example_task_group.py
[2023-11-21T10:17:20.861+0300] {processor.py:768} INFO - DAG(s) dict_keys(['example_task_group']) retrieved from /home/user/Masaüstü/kafka/.env/lib/python3.8/site-packages/airflow/example_dags/example_task_group.py
[2023-11-21T10:17:20.895+0300] {logging_mixin.py:117} INFO - [2023-11-21T10:17:20.895+0300] {dag.py:2573} INFO - Sync 1 DAGs
[2023-11-21T10:17:20.919+0300] {logging_mixin.py:117} INFO - [2023-11-21T10:17:20.919+0300] {dag.py:3324} INFO - Setting next_dagrun for example_task_group to 2023-11-20T07:17:20.919305+00:00, run_after=2023-11-21T07:17:20.919305+00:00
[2023-11-21T10:17:20.961+0300] {processor.py:178} INFO - Processing /home/user/Masaüstü/kafka/.env/lib/python3.8/site-packages/airflow/example_dags/example_task_group.py took 0.148 seconds
[2023-11-21T10:17:58.274+0300] {processor.py:156} INFO - Started process (PID=36654) to work on /home/user/Masaüstü/kafka/.env/lib/python3.8/site-packages/airflow/example_dags/example_task_group.py
[2023-11-21T10:17:58.275+0300] {processor.py:758} INFO - Processing file /home/user/Masaüstü/kafka/.env/lib/python3.8/site-packages/airflow/example_dags/example_task_group.py for tasks to queue
[2023-11-21T10:17:58.276+0300] {logging_mixin.py:117} INFO - [2023-11-21T10:17:58.276+0300] {dagbag.py:525} INFO - Filling up the DagBag from /home/user/Masaüstü/kafka/.env/lib/python3.8/site-packages/airflow/example_dags/example_task_group.py
[2023-11-21T10:17:58.288+0300] {processor.py:768} INFO - DAG(s) dict_keys(['example_task_group']) retrieved from /home/user/Masaüstü/kafka/.env/lib/python3.8/site-packages/airflow/example_dags/example_task_group.py
[2023-11-21T10:17:58.306+0300] {logging_mixin.py:117} INFO - [2023-11-21T10:17:58.306+0300] {dag.py:2573} INFO - Sync 1 DAGs
[2023-11-21T10:17:58.321+0300] {logging_mixin.py:117} INFO - [2023-11-21T10:17:58.320+0300] {dag.py:3324} INFO - Setting next_dagrun for example_task_group to 2023-11-20T07:17:58.320827+00:00, run_after=2023-11-21T07:17:58.320827+00:00
[2023-11-21T10:17:58.340+0300] {processor.py:178} INFO - Processing /home/user/Masaüstü/kafka/.env/lib/python3.8/site-packages/airflow/example_dags/example_task_group.py took 0.068 seconds
[2023-11-21T10:18:37.013+0300] {processor.py:156} INFO - Started process (PID=36915) to work on /home/user/Masaüstü/kafka/.env/lib/python3.8/site-packages/airflow/example_dags/example_task_group.py
[2023-11-21T10:18:37.015+0300] {processor.py:758} INFO - Processing file /home/user/Masaüstü/kafka/.env/lib/python3.8/site-packages/airflow/example_dags/example_task_group.py for tasks to queue
[2023-11-21T10:18:37.016+0300] {logging_mixin.py:117} INFO - [2023-11-21T10:18:37.016+0300] {dagbag.py:525} INFO - Filling up the DagBag from /home/user/Masaüstü/kafka/.env/lib/python3.8/site-packages/airflow/example_dags/example_task_group.py
[2023-11-21T10:18:37.029+0300] {processor.py:768} INFO - DAG(s) dict_keys(['example_task_group']) retrieved from /home/user/Masaüstü/kafka/.env/lib/python3.8/site-packages/airflow/example_dags/example_task_group.py
[2023-11-21T10:18:37.047+0300] {logging_mixin.py:117} INFO - [2023-11-21T10:18:37.047+0300] {dag.py:2573} INFO - Sync 1 DAGs
[2023-11-21T10:18:37.064+0300] {logging_mixin.py:117} INFO - [2023-11-21T10:18:37.064+0300] {dag.py:3324} INFO - Setting next_dagrun for example_task_group to 2023-11-20T07:18:37.064023+00:00, run_after=2023-11-21T07:18:37.064023+00:00
[2023-11-21T10:18:37.084+0300] {processor.py:178} INFO - Processing /home/user/Masaüstü/kafka/.env/lib/python3.8/site-packages/airflow/example_dags/example_task_group.py took 0.075 seconds
[2023-11-21T10:19:15.464+0300] {processor.py:156} INFO - Started process (PID=37162) to work on /home/user/Masaüstü/kafka/.env/lib/python3.8/site-packages/airflow/example_dags/example_task_group.py
[2023-11-21T10:19:15.466+0300] {processor.py:758} INFO - Processing file /home/user/Masaüstü/kafka/.env/lib/python3.8/site-packages/airflow/example_dags/example_task_group.py for tasks to queue
[2023-11-21T10:19:15.467+0300] {logging_mixin.py:117} INFO - [2023-11-21T10:19:15.467+0300] {dagbag.py:525} INFO - Filling up the DagBag from /home/user/Masaüstü/kafka/.env/lib/python3.8/site-packages/airflow/example_dags/example_task_group.py
[2023-11-21T10:19:15.484+0300] {processor.py:768} INFO - DAG(s) dict_keys(['example_task_group']) retrieved from /home/user/Masaüstü/kafka/.env/lib/python3.8/site-packages/airflow/example_dags/example_task_group.py
[2023-11-21T10:19:15.504+0300] {logging_mixin.py:117} INFO - [2023-11-21T10:19:15.504+0300] {dag.py:2573} INFO - Sync 1 DAGs
[2023-11-21T10:19:15.519+0300] {logging_mixin.py:117} INFO - [2023-11-21T10:19:15.519+0300] {dag.py:3324} INFO - Setting next_dagrun for example_task_group to 2023-11-20T07:19:15.519684+00:00, run_after=2023-11-21T07:19:15.519684+00:00
[2023-11-21T10:19:15.536+0300] {processor.py:178} INFO - Processing /home/user/Masaüstü/kafka/.env/lib/python3.8/site-packages/airflow/example_dags/example_task_group.py took 0.075 seconds
[2023-11-21T10:19:55.010+0300] {processor.py:156} INFO - Started process (PID=37512) to work on /home/user/Masaüstü/kafka/.env/lib/python3.8/site-packages/airflow/example_dags/example_task_group.py
[2023-11-21T10:19:55.011+0300] {processor.py:758} INFO - Processing file /home/user/Masaüstü/kafka/.env/lib/python3.8/site-packages/airflow/example_dags/example_task_group.py for tasks to queue
[2023-11-21T10:19:55.012+0300] {logging_mixin.py:117} INFO - [2023-11-21T10:19:55.012+0300] {dagbag.py:525} INFO - Filling up the DagBag from /home/user/Masaüstü/kafka/.env/lib/python3.8/site-packages/airflow/example_dags/example_task_group.py
[2023-11-21T10:19:55.023+0300] {processor.py:768} INFO - DAG(s) dict_keys(['example_task_group']) retrieved from /home/user/Masaüstü/kafka/.env/lib/python3.8/site-packages/airflow/example_dags/example_task_group.py
[2023-11-21T10:19:55.041+0300] {logging_mixin.py:117} INFO - [2023-11-21T10:19:55.041+0300] {dag.py:2573} INFO - Sync 1 DAGs
[2023-11-21T10:19:55.055+0300] {logging_mixin.py:117} INFO - [2023-11-21T10:19:55.055+0300] {dag.py:3324} INFO - Setting next_dagrun for example_task_group to 2023-11-20T07:19:55.055339+00:00, run_after=2023-11-21T07:19:55.055339+00:00
[2023-11-21T10:19:55.073+0300] {processor.py:178} INFO - Processing /home/user/Masaüstü/kafka/.env/lib/python3.8/site-packages/airflow/example_dags/example_task_group.py took 0.065 seconds
