[2023-11-21T09:51:28.560+0300] {processor.py:156} INFO - Started process (PID=23567) to work on /home/user/Masaüstü/kafka/.env/lib/python3.8/site-packages/airflow/example_dags/example_xcomargs.py
[2023-11-21T09:51:28.561+0300] {processor.py:758} INFO - Processing file /home/user/Masaüstü/kafka/.env/lib/python3.8/site-packages/airflow/example_dags/example_xcomargs.py for tasks to queue
[2023-11-21T09:51:28.561+0300] {logging_mixin.py:117} INFO - [2023-11-21T09:51:28.561+0300] {dagbag.py:525} INFO - Filling up the DagBag from /home/user/Masaüstü/kafka/.env/lib/python3.8/site-packages/airflow/example_dags/example_xcomargs.py
[2023-11-21T09:51:28.609+0300] {processor.py:768} INFO - DAG(s) dict_keys(['example_xcom_args', 'example_xcom_args_with_operators']) retrieved from /home/user/Masaüstü/kafka/.env/lib/python3.8/site-packages/airflow/example_dags/example_xcomargs.py
[2023-11-21T09:51:28.628+0300] {logging_mixin.py:117} INFO - [2023-11-21T09:51:28.628+0300] {dag.py:2573} INFO - Sync 2 DAGs
[2023-11-21T09:51:28.656+0300] {logging_mixin.py:117} INFO - [2023-11-21T09:51:28.656+0300] {dag.py:3324} INFO - Setting next_dagrun for example_xcom_args to None, run_after=None
[2023-11-21T09:51:28.659+0300] {logging_mixin.py:117} INFO - [2023-11-21T09:51:28.659+0300] {dag.py:3324} INFO - Setting next_dagrun for example_xcom_args_with_operators to None, run_after=None
[2023-11-21T09:51:28.677+0300] {processor.py:178} INFO - Processing /home/user/Masaüstü/kafka/.env/lib/python3.8/site-packages/airflow/example_dags/example_xcomargs.py took 0.123 seconds
[2023-11-21T09:52:07.008+0300] {processor.py:156} INFO - Started process (PID=23983) to work on /home/user/Masaüstü/kafka/.env/lib/python3.8/site-packages/airflow/example_dags/example_xcomargs.py
[2023-11-21T09:52:07.010+0300] {processor.py:758} INFO - Processing file /home/user/Masaüstü/kafka/.env/lib/python3.8/site-packages/airflow/example_dags/example_xcomargs.py for tasks to queue
[2023-11-21T09:52:07.012+0300] {logging_mixin.py:117} INFO - [2023-11-21T09:52:07.011+0300] {dagbag.py:525} INFO - Filling up the DagBag from /home/user/Masaüstü/kafka/.env/lib/python3.8/site-packages/airflow/example_dags/example_xcomargs.py
[2023-11-21T09:52:07.048+0300] {processor.py:768} INFO - DAG(s) dict_keys(['example_xcom_args', 'example_xcom_args_with_operators']) retrieved from /home/user/Masaüstü/kafka/.env/lib/python3.8/site-packages/airflow/example_dags/example_xcomargs.py
[2023-11-21T09:52:07.067+0300] {logging_mixin.py:117} INFO - [2023-11-21T09:52:07.067+0300] {dag.py:2573} INFO - Sync 2 DAGs
[2023-11-21T09:52:07.081+0300] {logging_mixin.py:117} INFO - [2023-11-21T09:52:07.080+0300] {dag.py:3324} INFO - Setting next_dagrun for example_xcom_args to None, run_after=None
[2023-11-21T09:52:07.083+0300] {logging_mixin.py:117} INFO - [2023-11-21T09:52:07.083+0300] {dag.py:3324} INFO - Setting next_dagrun for example_xcom_args_with_operators to None, run_after=None
[2023-11-21T09:52:07.101+0300] {processor.py:178} INFO - Processing /home/user/Masaüstü/kafka/.env/lib/python3.8/site-packages/airflow/example_dags/example_xcomargs.py took 0.098 seconds
[2023-11-21T09:52:44.447+0300] {processor.py:156} INFO - Started process (PID=24426) to work on /home/user/Masaüstü/kafka/.env/lib/python3.8/site-packages/airflow/example_dags/example_xcomargs.py
[2023-11-21T09:52:44.448+0300] {processor.py:758} INFO - Processing file /home/user/Masaüstü/kafka/.env/lib/python3.8/site-packages/airflow/example_dags/example_xcomargs.py for tasks to queue
[2023-11-21T09:52:44.448+0300] {logging_mixin.py:117} INFO - [2023-11-21T09:52:44.448+0300] {dagbag.py:525} INFO - Filling up the DagBag from /home/user/Masaüstü/kafka/.env/lib/python3.8/site-packages/airflow/example_dags/example_xcomargs.py
[2023-11-21T09:52:44.473+0300] {processor.py:768} INFO - DAG(s) dict_keys(['example_xcom_args_with_operators', 'example_xcom_args']) retrieved from /home/user/Masaüstü/kafka/.env/lib/python3.8/site-packages/airflow/example_dags/example_xcomargs.py
[2023-11-21T09:52:44.494+0300] {logging_mixin.py:117} INFO - [2023-11-21T09:52:44.494+0300] {dag.py:2573} INFO - Sync 2 DAGs
[2023-11-21T09:52:44.512+0300] {logging_mixin.py:117} INFO - [2023-11-21T09:52:44.511+0300] {dag.py:3324} INFO - Setting next_dagrun for example_xcom_args to None, run_after=None
[2023-11-21T09:52:44.514+0300] {logging_mixin.py:117} INFO - [2023-11-21T09:52:44.514+0300] {dag.py:3324} INFO - Setting next_dagrun for example_xcom_args_with_operators to None, run_after=None
[2023-11-21T09:52:44.536+0300] {processor.py:178} INFO - Processing /home/user/Masaüstü/kafka/.env/lib/python3.8/site-packages/airflow/example_dags/example_xcomargs.py took 0.091 seconds
[2023-11-21T09:53:21.655+0300] {processor.py:156} INFO - Started process (PID=24682) to work on /home/user/Masaüstü/kafka/.env/lib/python3.8/site-packages/airflow/example_dags/example_xcomargs.py
[2023-11-21T09:53:21.657+0300] {processor.py:758} INFO - Processing file /home/user/Masaüstü/kafka/.env/lib/python3.8/site-packages/airflow/example_dags/example_xcomargs.py for tasks to queue
[2023-11-21T09:53:21.658+0300] {logging_mixin.py:117} INFO - [2023-11-21T09:53:21.658+0300] {dagbag.py:525} INFO - Filling up the DagBag from /home/user/Masaüstü/kafka/.env/lib/python3.8/site-packages/airflow/example_dags/example_xcomargs.py
[2023-11-21T09:53:21.694+0300] {processor.py:768} INFO - DAG(s) dict_keys(['example_xcom_args_with_operators', 'example_xcom_args']) retrieved from /home/user/Masaüstü/kafka/.env/lib/python3.8/site-packages/airflow/example_dags/example_xcomargs.py
[2023-11-21T09:53:21.721+0300] {logging_mixin.py:117} INFO - [2023-11-21T09:53:21.721+0300] {dag.py:2573} INFO - Sync 2 DAGs
[2023-11-21T09:53:21.745+0300] {logging_mixin.py:117} INFO - [2023-11-21T09:53:21.745+0300] {dag.py:3324} INFO - Setting next_dagrun for example_xcom_args to None, run_after=None
[2023-11-21T09:53:21.748+0300] {logging_mixin.py:117} INFO - [2023-11-21T09:53:21.748+0300] {dag.py:3324} INFO - Setting next_dagrun for example_xcom_args_with_operators to None, run_after=None
[2023-11-21T09:53:21.777+0300] {processor.py:178} INFO - Processing /home/user/Masaüstü/kafka/.env/lib/python3.8/site-packages/airflow/example_dags/example_xcomargs.py took 0.127 seconds
[2023-11-21T09:53:59.542+0300] {processor.py:156} INFO - Started process (PID=24924) to work on /home/user/Masaüstü/kafka/.env/lib/python3.8/site-packages/airflow/example_dags/example_xcomargs.py
[2023-11-21T09:53:59.544+0300] {processor.py:758} INFO - Processing file /home/user/Masaüstü/kafka/.env/lib/python3.8/site-packages/airflow/example_dags/example_xcomargs.py for tasks to queue
[2023-11-21T09:53:59.544+0300] {logging_mixin.py:117} INFO - [2023-11-21T09:53:59.544+0300] {dagbag.py:525} INFO - Filling up the DagBag from /home/user/Masaüstü/kafka/.env/lib/python3.8/site-packages/airflow/example_dags/example_xcomargs.py
[2023-11-21T09:53:59.570+0300] {processor.py:768} INFO - DAG(s) dict_keys(['example_xcom_args_with_operators', 'example_xcom_args']) retrieved from /home/user/Masaüstü/kafka/.env/lib/python3.8/site-packages/airflow/example_dags/example_xcomargs.py
[2023-11-21T09:53:59.597+0300] {logging_mixin.py:117} INFO - [2023-11-21T09:53:59.597+0300] {dag.py:2573} INFO - Sync 2 DAGs
[2023-11-21T09:53:59.620+0300] {logging_mixin.py:117} INFO - [2023-11-21T09:53:59.619+0300] {dag.py:3324} INFO - Setting next_dagrun for example_xcom_args to None, run_after=None
[2023-11-21T09:53:59.623+0300] {logging_mixin.py:117} INFO - [2023-11-21T09:53:59.623+0300] {dag.py:3324} INFO - Setting next_dagrun for example_xcom_args_with_operators to None, run_after=None
[2023-11-21T09:53:59.655+0300] {processor.py:178} INFO - Processing /home/user/Masaüstü/kafka/.env/lib/python3.8/site-packages/airflow/example_dags/example_xcomargs.py took 0.117 seconds
[2023-11-21T09:54:34.967+0300] {processor.py:156} INFO - Started process (PID=25149) to work on /home/user/Masaüstü/kafka/.env/lib/python3.8/site-packages/airflow/example_dags/example_xcomargs.py
[2023-11-21T09:54:34.969+0300] {processor.py:758} INFO - Processing file /home/user/Masaüstü/kafka/.env/lib/python3.8/site-packages/airflow/example_dags/example_xcomargs.py for tasks to queue
[2023-11-21T09:54:34.970+0300] {logging_mixin.py:117} INFO - [2023-11-21T09:54:34.970+0300] {dagbag.py:525} INFO - Filling up the DagBag from /home/user/Masaüstü/kafka/.env/lib/python3.8/site-packages/airflow/example_dags/example_xcomargs.py
[2023-11-21T09:54:34.995+0300] {processor.py:768} INFO - DAG(s) dict_keys(['example_xcom_args_with_operators', 'example_xcom_args']) retrieved from /home/user/Masaüstü/kafka/.env/lib/python3.8/site-packages/airflow/example_dags/example_xcomargs.py
[2023-11-21T09:54:35.016+0300] {logging_mixin.py:117} INFO - [2023-11-21T09:54:35.016+0300] {dag.py:2573} INFO - Sync 2 DAGs
[2023-11-21T09:54:35.030+0300] {logging_mixin.py:117} INFO - [2023-11-21T09:54:35.030+0300] {dag.py:3324} INFO - Setting next_dagrun for example_xcom_args to None, run_after=None
[2023-11-21T09:54:35.033+0300] {logging_mixin.py:117} INFO - [2023-11-21T09:54:35.032+0300] {dag.py:3324} INFO - Setting next_dagrun for example_xcom_args_with_operators to None, run_after=None
[2023-11-21T09:54:35.049+0300] {processor.py:178} INFO - Processing /home/user/Masaüstü/kafka/.env/lib/python3.8/site-packages/airflow/example_dags/example_xcomargs.py took 0.086 seconds
[2023-11-21T09:55:12.468+0300] {processor.py:156} INFO - Started process (PID=25383) to work on /home/user/Masaüstü/kafka/.env/lib/python3.8/site-packages/airflow/example_dags/example_xcomargs.py
[2023-11-21T09:55:12.469+0300] {processor.py:758} INFO - Processing file /home/user/Masaüstü/kafka/.env/lib/python3.8/site-packages/airflow/example_dags/example_xcomargs.py for tasks to queue
[2023-11-21T09:55:12.470+0300] {logging_mixin.py:117} INFO - [2023-11-21T09:55:12.470+0300] {dagbag.py:525} INFO - Filling up the DagBag from /home/user/Masaüstü/kafka/.env/lib/python3.8/site-packages/airflow/example_dags/example_xcomargs.py
[2023-11-21T09:55:12.496+0300] {processor.py:768} INFO - DAG(s) dict_keys(['example_xcom_args', 'example_xcom_args_with_operators']) retrieved from /home/user/Masaüstü/kafka/.env/lib/python3.8/site-packages/airflow/example_dags/example_xcomargs.py
[2023-11-21T09:55:12.516+0300] {logging_mixin.py:117} INFO - [2023-11-21T09:55:12.516+0300] {dag.py:2573} INFO - Sync 2 DAGs
[2023-11-21T09:55:12.530+0300] {logging_mixin.py:117} INFO - [2023-11-21T09:55:12.530+0300] {dag.py:3324} INFO - Setting next_dagrun for example_xcom_args to None, run_after=None
[2023-11-21T09:55:12.532+0300] {logging_mixin.py:117} INFO - [2023-11-21T09:55:12.532+0300] {dag.py:3324} INFO - Setting next_dagrun for example_xcom_args_with_operators to None, run_after=None
[2023-11-21T09:55:12.556+0300] {processor.py:178} INFO - Processing /home/user/Masaüstü/kafka/.env/lib/python3.8/site-packages/airflow/example_dags/example_xcomargs.py took 0.091 seconds
[2023-11-21T09:55:51.075+0300] {processor.py:156} INFO - Started process (PID=25691) to work on /home/user/Masaüstü/kafka/.env/lib/python3.8/site-packages/airflow/example_dags/example_xcomargs.py
[2023-11-21T09:55:51.078+0300] {processor.py:758} INFO - Processing file /home/user/Masaüstü/kafka/.env/lib/python3.8/site-packages/airflow/example_dags/example_xcomargs.py for tasks to queue
[2023-11-21T09:55:51.080+0300] {logging_mixin.py:117} INFO - [2023-11-21T09:55:51.080+0300] {dagbag.py:525} INFO - Filling up the DagBag from /home/user/Masaüstü/kafka/.env/lib/python3.8/site-packages/airflow/example_dags/example_xcomargs.py
[2023-11-21T09:55:51.116+0300] {processor.py:768} INFO - DAG(s) dict_keys(['example_xcom_args', 'example_xcom_args_with_operators']) retrieved from /home/user/Masaüstü/kafka/.env/lib/python3.8/site-packages/airflow/example_dags/example_xcomargs.py
[2023-11-21T09:55:51.136+0300] {logging_mixin.py:117} INFO - [2023-11-21T09:55:51.136+0300] {dag.py:2573} INFO - Sync 2 DAGs
[2023-11-21T09:55:51.150+0300] {logging_mixin.py:117} INFO - [2023-11-21T09:55:51.150+0300] {dag.py:3324} INFO - Setting next_dagrun for example_xcom_args to None, run_after=None
[2023-11-21T09:55:51.152+0300] {logging_mixin.py:117} INFO - [2023-11-21T09:55:51.152+0300] {dag.py:3324} INFO - Setting next_dagrun for example_xcom_args_with_operators to None, run_after=None
[2023-11-21T09:55:51.181+0300] {processor.py:178} INFO - Processing /home/user/Masaüstü/kafka/.env/lib/python3.8/site-packages/airflow/example_dags/example_xcomargs.py took 0.113 seconds
[2023-11-21T09:56:26.321+0300] {processor.py:156} INFO - Started process (PID=25961) to work on /home/user/Masaüstü/kafka/.env/lib/python3.8/site-packages/airflow/example_dags/example_xcomargs.py
[2023-11-21T09:56:26.323+0300] {processor.py:758} INFO - Processing file /home/user/Masaüstü/kafka/.env/lib/python3.8/site-packages/airflow/example_dags/example_xcomargs.py for tasks to queue
[2023-11-21T09:56:26.323+0300] {logging_mixin.py:117} INFO - [2023-11-21T09:56:26.323+0300] {dagbag.py:525} INFO - Filling up the DagBag from /home/user/Masaüstü/kafka/.env/lib/python3.8/site-packages/airflow/example_dags/example_xcomargs.py
[2023-11-21T09:56:26.350+0300] {processor.py:768} INFO - DAG(s) dict_keys(['example_xcom_args_with_operators', 'example_xcom_args']) retrieved from /home/user/Masaüstü/kafka/.env/lib/python3.8/site-packages/airflow/example_dags/example_xcomargs.py
[2023-11-21T09:56:26.372+0300] {logging_mixin.py:117} INFO - [2023-11-21T09:56:26.372+0300] {dag.py:2573} INFO - Sync 2 DAGs
[2023-11-21T09:56:26.389+0300] {logging_mixin.py:117} INFO - [2023-11-21T09:56:26.388+0300] {dag.py:3324} INFO - Setting next_dagrun for example_xcom_args to None, run_after=None
[2023-11-21T09:56:26.391+0300] {logging_mixin.py:117} INFO - [2023-11-21T09:56:26.391+0300] {dag.py:3324} INFO - Setting next_dagrun for example_xcom_args_with_operators to None, run_after=None
[2023-11-21T09:56:26.418+0300] {processor.py:178} INFO - Processing /home/user/Masaüstü/kafka/.env/lib/python3.8/site-packages/airflow/example_dags/example_xcomargs.py took 0.099 seconds
[2023-11-21T09:57:04.502+0300] {processor.py:156} INFO - Started process (PID=26195) to work on /home/user/Masaüstü/kafka/.env/lib/python3.8/site-packages/airflow/example_dags/example_xcomargs.py
[2023-11-21T09:57:04.503+0300] {processor.py:758} INFO - Processing file /home/user/Masaüstü/kafka/.env/lib/python3.8/site-packages/airflow/example_dags/example_xcomargs.py for tasks to queue
[2023-11-21T09:57:04.504+0300] {logging_mixin.py:117} INFO - [2023-11-21T09:57:04.503+0300] {dagbag.py:525} INFO - Filling up the DagBag from /home/user/Masaüstü/kafka/.env/lib/python3.8/site-packages/airflow/example_dags/example_xcomargs.py
[2023-11-21T09:57:04.532+0300] {processor.py:768} INFO - DAG(s) dict_keys(['example_xcom_args_with_operators', 'example_xcom_args']) retrieved from /home/user/Masaüstü/kafka/.env/lib/python3.8/site-packages/airflow/example_dags/example_xcomargs.py
[2023-11-21T09:57:04.554+0300] {logging_mixin.py:117} INFO - [2023-11-21T09:57:04.554+0300] {dag.py:2573} INFO - Sync 2 DAGs
[2023-11-21T09:57:04.572+0300] {logging_mixin.py:117} INFO - [2023-11-21T09:57:04.572+0300] {dag.py:3324} INFO - Setting next_dagrun for example_xcom_args to None, run_after=None
[2023-11-21T09:57:04.574+0300] {logging_mixin.py:117} INFO - [2023-11-21T09:57:04.574+0300] {dag.py:3324} INFO - Setting next_dagrun for example_xcom_args_with_operators to None, run_after=None
[2023-11-21T09:57:04.593+0300] {processor.py:178} INFO - Processing /home/user/Masaüstü/kafka/.env/lib/python3.8/site-packages/airflow/example_dags/example_xcomargs.py took 0.094 seconds
[2023-11-21T09:57:41.046+0300] {processor.py:156} INFO - Started process (PID=26427) to work on /home/user/Masaüstü/kafka/.env/lib/python3.8/site-packages/airflow/example_dags/example_xcomargs.py
[2023-11-21T09:57:41.049+0300] {processor.py:758} INFO - Processing file /home/user/Masaüstü/kafka/.env/lib/python3.8/site-packages/airflow/example_dags/example_xcomargs.py for tasks to queue
[2023-11-21T09:57:41.051+0300] {logging_mixin.py:117} INFO - [2023-11-21T09:57:41.050+0300] {dagbag.py:525} INFO - Filling up the DagBag from /home/user/Masaüstü/kafka/.env/lib/python3.8/site-packages/airflow/example_dags/example_xcomargs.py
[2023-11-21T09:57:41.087+0300] {processor.py:768} INFO - DAG(s) dict_keys(['example_xcom_args_with_operators', 'example_xcom_args']) retrieved from /home/user/Masaüstü/kafka/.env/lib/python3.8/site-packages/airflow/example_dags/example_xcomargs.py
[2023-11-21T09:57:41.109+0300] {logging_mixin.py:117} INFO - [2023-11-21T09:57:41.109+0300] {dag.py:2573} INFO - Sync 2 DAGs
[2023-11-21T09:57:41.124+0300] {logging_mixin.py:117} INFO - [2023-11-21T09:57:41.124+0300] {dag.py:3324} INFO - Setting next_dagrun for example_xcom_args to None, run_after=None
[2023-11-21T09:57:41.126+0300] {logging_mixin.py:117} INFO - [2023-11-21T09:57:41.126+0300] {dag.py:3324} INFO - Setting next_dagrun for example_xcom_args_with_operators to None, run_after=None
[2023-11-21T09:57:41.144+0300] {processor.py:178} INFO - Processing /home/user/Masaüstü/kafka/.env/lib/python3.8/site-packages/airflow/example_dags/example_xcomargs.py took 0.105 seconds
[2023-11-21T09:58:17.954+0300] {processor.py:156} INFO - Started process (PID=26755) to work on /home/user/Masaüstü/kafka/.env/lib/python3.8/site-packages/airflow/example_dags/example_xcomargs.py
[2023-11-21T09:58:17.954+0300] {processor.py:758} INFO - Processing file /home/user/Masaüstü/kafka/.env/lib/python3.8/site-packages/airflow/example_dags/example_xcomargs.py for tasks to queue
[2023-11-21T09:58:17.955+0300] {logging_mixin.py:117} INFO - [2023-11-21T09:58:17.955+0300] {dagbag.py:525} INFO - Filling up the DagBag from /home/user/Masaüstü/kafka/.env/lib/python3.8/site-packages/airflow/example_dags/example_xcomargs.py
[2023-11-21T09:58:17.990+0300] {processor.py:768} INFO - DAG(s) dict_keys(['example_xcom_args', 'example_xcom_args_with_operators']) retrieved from /home/user/Masaüstü/kafka/.env/lib/python3.8/site-packages/airflow/example_dags/example_xcomargs.py
[2023-11-21T09:58:18.053+0300] {logging_mixin.py:117} INFO - [2023-11-21T09:58:18.053+0300] {dag.py:2573} INFO - Sync 2 DAGs
[2023-11-21T09:58:18.108+0300] {logging_mixin.py:117} INFO - [2023-11-21T09:58:18.108+0300] {dag.py:3324} INFO - Setting next_dagrun for example_xcom_args to None, run_after=None
[2023-11-21T09:58:18.123+0300] {logging_mixin.py:117} INFO - [2023-11-21T09:58:18.122+0300] {dag.py:3324} INFO - Setting next_dagrun for example_xcom_args_with_operators to None, run_after=None
[2023-11-21T09:58:18.171+0300] {processor.py:178} INFO - Processing /home/user/Masaüstü/kafka/.env/lib/python3.8/site-packages/airflow/example_dags/example_xcomargs.py took 0.219 seconds
[2023-11-21T09:58:55.410+0300] {processor.py:156} INFO - Started process (PID=27245) to work on /home/user/Masaüstü/kafka/.env/lib/python3.8/site-packages/airflow/example_dags/example_xcomargs.py
[2023-11-21T09:58:55.412+0300] {processor.py:758} INFO - Processing file /home/user/Masaüstü/kafka/.env/lib/python3.8/site-packages/airflow/example_dags/example_xcomargs.py for tasks to queue
[2023-11-21T09:58:55.412+0300] {logging_mixin.py:117} INFO - [2023-11-21T09:58:55.412+0300] {dagbag.py:525} INFO - Filling up the DagBag from /home/user/Masaüstü/kafka/.env/lib/python3.8/site-packages/airflow/example_dags/example_xcomargs.py
[2023-11-21T09:58:55.433+0300] {processor.py:768} INFO - DAG(s) dict_keys(['example_xcom_args', 'example_xcom_args_with_operators']) retrieved from /home/user/Masaüstü/kafka/.env/lib/python3.8/site-packages/airflow/example_dags/example_xcomargs.py
[2023-11-21T09:58:55.453+0300] {logging_mixin.py:117} INFO - [2023-11-21T09:58:55.452+0300] {dag.py:2573} INFO - Sync 2 DAGs
[2023-11-21T09:58:55.466+0300] {logging_mixin.py:117} INFO - [2023-11-21T09:58:55.466+0300] {dag.py:3324} INFO - Setting next_dagrun for example_xcom_args to None, run_after=None
[2023-11-21T09:58:55.469+0300] {logging_mixin.py:117} INFO - [2023-11-21T09:58:55.469+0300] {dag.py:3324} INFO - Setting next_dagrun for example_xcom_args_with_operators to None, run_after=None
[2023-11-21T09:58:55.484+0300] {processor.py:178} INFO - Processing /home/user/Masaüstü/kafka/.env/lib/python3.8/site-packages/airflow/example_dags/example_xcomargs.py took 0.077 seconds
[2023-11-21T09:59:30.703+0300] {processor.py:156} INFO - Started process (PID=27493) to work on /home/user/Masaüstü/kafka/.env/lib/python3.8/site-packages/airflow/example_dags/example_xcomargs.py
[2023-11-21T09:59:30.707+0300] {processor.py:758} INFO - Processing file /home/user/Masaüstü/kafka/.env/lib/python3.8/site-packages/airflow/example_dags/example_xcomargs.py for tasks to queue
[2023-11-21T09:59:30.708+0300] {logging_mixin.py:117} INFO - [2023-11-21T09:59:30.708+0300] {dagbag.py:525} INFO - Filling up the DagBag from /home/user/Masaüstü/kafka/.env/lib/python3.8/site-packages/airflow/example_dags/example_xcomargs.py
[2023-11-21T09:59:30.748+0300] {processor.py:768} INFO - DAG(s) dict_keys(['example_xcom_args', 'example_xcom_args_with_operators']) retrieved from /home/user/Masaüstü/kafka/.env/lib/python3.8/site-packages/airflow/example_dags/example_xcomargs.py
[2023-11-21T09:59:30.776+0300] {logging_mixin.py:117} INFO - [2023-11-21T09:59:30.776+0300] {dag.py:2573} INFO - Sync 2 DAGs
[2023-11-21T09:59:30.798+0300] {logging_mixin.py:117} INFO - [2023-11-21T09:59:30.798+0300] {dag.py:3324} INFO - Setting next_dagrun for example_xcom_args to None, run_after=None
[2023-11-21T09:59:30.801+0300] {logging_mixin.py:117} INFO - [2023-11-21T09:59:30.801+0300] {dag.py:3324} INFO - Setting next_dagrun for example_xcom_args_with_operators to None, run_after=None
[2023-11-21T09:59:30.831+0300] {processor.py:178} INFO - Processing /home/user/Masaüstü/kafka/.env/lib/python3.8/site-packages/airflow/example_dags/example_xcomargs.py took 0.135 seconds
[2023-11-21T10:00:07.022+0300] {processor.py:156} INFO - Started process (PID=27721) to work on /home/user/Masaüstü/kafka/.env/lib/python3.8/site-packages/airflow/example_dags/example_xcomargs.py
[2023-11-21T10:00:07.025+0300] {processor.py:758} INFO - Processing file /home/user/Masaüstü/kafka/.env/lib/python3.8/site-packages/airflow/example_dags/example_xcomargs.py for tasks to queue
[2023-11-21T10:00:07.027+0300] {logging_mixin.py:117} INFO - [2023-11-21T10:00:07.026+0300] {dagbag.py:525} INFO - Filling up the DagBag from /home/user/Masaüstü/kafka/.env/lib/python3.8/site-packages/airflow/example_dags/example_xcomargs.py
[2023-11-21T10:00:07.057+0300] {processor.py:768} INFO - DAG(s) dict_keys(['example_xcom_args_with_operators', 'example_xcom_args']) retrieved from /home/user/Masaüstü/kafka/.env/lib/python3.8/site-packages/airflow/example_dags/example_xcomargs.py
[2023-11-21T10:00:07.076+0300] {logging_mixin.py:117} INFO - [2023-11-21T10:00:07.076+0300] {dag.py:2573} INFO - Sync 2 DAGs
[2023-11-21T10:00:07.090+0300] {logging_mixin.py:117} INFO - [2023-11-21T10:00:07.090+0300] {dag.py:3324} INFO - Setting next_dagrun for example_xcom_args to None, run_after=None
[2023-11-21T10:00:07.093+0300] {logging_mixin.py:117} INFO - [2023-11-21T10:00:07.093+0300] {dag.py:3324} INFO - Setting next_dagrun for example_xcom_args_with_operators to None, run_after=None
[2023-11-21T10:00:07.109+0300] {processor.py:178} INFO - Processing /home/user/Masaüstü/kafka/.env/lib/python3.8/site-packages/airflow/example_dags/example_xcomargs.py took 0.094 seconds
[2023-11-21T10:00:43.031+0300] {processor.py:156} INFO - Started process (PID=27938) to work on /home/user/Masaüstü/kafka/.env/lib/python3.8/site-packages/airflow/example_dags/example_xcomargs.py
[2023-11-21T10:00:43.033+0300] {processor.py:758} INFO - Processing file /home/user/Masaüstü/kafka/.env/lib/python3.8/site-packages/airflow/example_dags/example_xcomargs.py for tasks to queue
[2023-11-21T10:00:43.034+0300] {logging_mixin.py:117} INFO - [2023-11-21T10:00:43.034+0300] {dagbag.py:525} INFO - Filling up the DagBag from /home/user/Masaüstü/kafka/.env/lib/python3.8/site-packages/airflow/example_dags/example_xcomargs.py
[2023-11-21T10:00:43.054+0300] {processor.py:768} INFO - DAG(s) dict_keys(['example_xcom_args_with_operators', 'example_xcom_args']) retrieved from /home/user/Masaüstü/kafka/.env/lib/python3.8/site-packages/airflow/example_dags/example_xcomargs.py
[2023-11-21T10:00:43.073+0300] {logging_mixin.py:117} INFO - [2023-11-21T10:00:43.073+0300] {dag.py:2573} INFO - Sync 2 DAGs
[2023-11-21T10:00:43.088+0300] {logging_mixin.py:117} INFO - [2023-11-21T10:00:43.088+0300] {dag.py:3324} INFO - Setting next_dagrun for example_xcom_args to None, run_after=None
[2023-11-21T10:00:43.090+0300] {logging_mixin.py:117} INFO - [2023-11-21T10:00:43.090+0300] {dag.py:3324} INFO - Setting next_dagrun for example_xcom_args_with_operators to None, run_after=None
[2023-11-21T10:00:43.105+0300] {processor.py:178} INFO - Processing /home/user/Masaüstü/kafka/.env/lib/python3.8/site-packages/airflow/example_dags/example_xcomargs.py took 0.076 seconds
[2023-11-21T10:01:19.101+0300] {processor.py:156} INFO - Started process (PID=28160) to work on /home/user/Masaüstü/kafka/.env/lib/python3.8/site-packages/airflow/example_dags/example_xcomargs.py
[2023-11-21T10:01:19.104+0300] {processor.py:758} INFO - Processing file /home/user/Masaüstü/kafka/.env/lib/python3.8/site-packages/airflow/example_dags/example_xcomargs.py for tasks to queue
[2023-11-21T10:01:19.106+0300] {logging_mixin.py:117} INFO - [2023-11-21T10:01:19.106+0300] {dagbag.py:525} INFO - Filling up the DagBag from /home/user/Masaüstü/kafka/.env/lib/python3.8/site-packages/airflow/example_dags/example_xcomargs.py
[2023-11-21T10:01:19.136+0300] {processor.py:768} INFO - DAG(s) dict_keys(['example_xcom_args', 'example_xcom_args_with_operators']) retrieved from /home/user/Masaüstü/kafka/.env/lib/python3.8/site-packages/airflow/example_dags/example_xcomargs.py
[2023-11-21T10:01:19.155+0300] {logging_mixin.py:117} INFO - [2023-11-21T10:01:19.155+0300] {dag.py:2573} INFO - Sync 2 DAGs
[2023-11-21T10:01:19.171+0300] {logging_mixin.py:117} INFO - [2023-11-21T10:01:19.170+0300] {dag.py:3324} INFO - Setting next_dagrun for example_xcom_args to None, run_after=None
[2023-11-21T10:01:19.173+0300] {logging_mixin.py:117} INFO - [2023-11-21T10:01:19.172+0300] {dag.py:3324} INFO - Setting next_dagrun for example_xcom_args_with_operators to None, run_after=None
[2023-11-21T10:01:19.235+0300] {processor.py:178} INFO - Processing /home/user/Masaüstü/kafka/.env/lib/python3.8/site-packages/airflow/example_dags/example_xcomargs.py took 0.141 seconds
[2023-11-21T10:01:53.766+0300] {processor.py:156} INFO - Started process (PID=28436) to work on /home/user/Masaüstü/kafka/.env/lib/python3.8/site-packages/airflow/example_dags/example_xcomargs.py
[2023-11-21T10:01:53.768+0300] {processor.py:758} INFO - Processing file /home/user/Masaüstü/kafka/.env/lib/python3.8/site-packages/airflow/example_dags/example_xcomargs.py for tasks to queue
[2023-11-21T10:01:53.770+0300] {logging_mixin.py:117} INFO - [2023-11-21T10:01:53.769+0300] {dagbag.py:525} INFO - Filling up the DagBag from /home/user/Masaüstü/kafka/.env/lib/python3.8/site-packages/airflow/example_dags/example_xcomargs.py
[2023-11-21T10:01:53.816+0300] {processor.py:768} INFO - DAG(s) dict_keys(['example_xcom_args_with_operators', 'example_xcom_args']) retrieved from /home/user/Masaüstü/kafka/.env/lib/python3.8/site-packages/airflow/example_dags/example_xcomargs.py
[2023-11-21T10:01:53.839+0300] {logging_mixin.py:117} INFO - [2023-11-21T10:01:53.838+0300] {dag.py:2573} INFO - Sync 2 DAGs
[2023-11-21T10:01:53.853+0300] {logging_mixin.py:117} INFO - [2023-11-21T10:01:53.853+0300] {dag.py:3324} INFO - Setting next_dagrun for example_xcom_args to None, run_after=None
[2023-11-21T10:01:53.855+0300] {logging_mixin.py:117} INFO - [2023-11-21T10:01:53.855+0300] {dag.py:3324} INFO - Setting next_dagrun for example_xcom_args_with_operators to None, run_after=None
[2023-11-21T10:01:53.873+0300] {processor.py:178} INFO - Processing /home/user/Masaüstü/kafka/.env/lib/python3.8/site-packages/airflow/example_dags/example_xcomargs.py took 0.110 seconds
[2023-11-21T10:02:30.756+0300] {processor.py:156} INFO - Started process (PID=28657) to work on /home/user/Masaüstü/kafka/.env/lib/python3.8/site-packages/airflow/example_dags/example_xcomargs.py
[2023-11-21T10:02:30.758+0300] {processor.py:758} INFO - Processing file /home/user/Masaüstü/kafka/.env/lib/python3.8/site-packages/airflow/example_dags/example_xcomargs.py for tasks to queue
[2023-11-21T10:02:30.759+0300] {logging_mixin.py:117} INFO - [2023-11-21T10:02:30.759+0300] {dagbag.py:525} INFO - Filling up the DagBag from /home/user/Masaüstü/kafka/.env/lib/python3.8/site-packages/airflow/example_dags/example_xcomargs.py
[2023-11-21T10:02:30.792+0300] {processor.py:768} INFO - DAG(s) dict_keys(['example_xcom_args_with_operators', 'example_xcom_args']) retrieved from /home/user/Masaüstü/kafka/.env/lib/python3.8/site-packages/airflow/example_dags/example_xcomargs.py
[2023-11-21T10:02:30.813+0300] {logging_mixin.py:117} INFO - [2023-11-21T10:02:30.813+0300] {dag.py:2573} INFO - Sync 2 DAGs
[2023-11-21T10:02:30.827+0300] {logging_mixin.py:117} INFO - [2023-11-21T10:02:30.827+0300] {dag.py:3324} INFO - Setting next_dagrun for example_xcom_args to None, run_after=None
[2023-11-21T10:02:30.829+0300] {logging_mixin.py:117} INFO - [2023-11-21T10:02:30.829+0300] {dag.py:3324} INFO - Setting next_dagrun for example_xcom_args_with_operators to None, run_after=None
[2023-11-21T10:02:30.846+0300] {processor.py:178} INFO - Processing /home/user/Masaüstü/kafka/.env/lib/python3.8/site-packages/airflow/example_dags/example_xcomargs.py took 0.092 seconds
[2023-11-21T10:05:01.124+0300] {processor.py:156} INFO - Started process (PID=29969) to work on /home/user/Masaüstü/kafka/.env/lib/python3.8/site-packages/airflow/example_dags/example_xcomargs.py
[2023-11-21T10:05:01.125+0300] {processor.py:758} INFO - Processing file /home/user/Masaüstü/kafka/.env/lib/python3.8/site-packages/airflow/example_dags/example_xcomargs.py for tasks to queue
[2023-11-21T10:05:01.125+0300] {logging_mixin.py:117} INFO - [2023-11-21T10:05:01.125+0300] {dagbag.py:525} INFO - Filling up the DagBag from /home/user/Masaüstü/kafka/.env/lib/python3.8/site-packages/airflow/example_dags/example_xcomargs.py
[2023-11-21T10:05:01.144+0300] {processor.py:768} INFO - DAG(s) dict_keys(['example_xcom_args', 'example_xcom_args_with_operators']) retrieved from /home/user/Masaüstü/kafka/.env/lib/python3.8/site-packages/airflow/example_dags/example_xcomargs.py
[2023-11-21T10:05:01.153+0300] {logging_mixin.py:117} INFO - [2023-11-21T10:05:01.153+0300] {dag.py:2573} INFO - Sync 2 DAGs
[2023-11-21T10:05:01.168+0300] {logging_mixin.py:117} INFO - [2023-11-21T10:05:01.168+0300] {dag.py:3324} INFO - Setting next_dagrun for example_xcom_args to None, run_after=None
[2023-11-21T10:05:01.170+0300] {logging_mixin.py:117} INFO - [2023-11-21T10:05:01.170+0300] {dag.py:3324} INFO - Setting next_dagrun for example_xcom_args_with_operators to None, run_after=None
[2023-11-21T10:05:01.184+0300] {processor.py:178} INFO - Processing /home/user/Masaüstü/kafka/.env/lib/python3.8/site-packages/airflow/example_dags/example_xcomargs.py took 0.062 seconds
[2023-11-21T10:05:37.855+0300] {processor.py:156} INFO - Started process (PID=30322) to work on /home/user/Masaüstü/kafka/.env/lib/python3.8/site-packages/airflow/example_dags/example_xcomargs.py
[2023-11-21T10:05:37.858+0300] {processor.py:758} INFO - Processing file /home/user/Masaüstü/kafka/.env/lib/python3.8/site-packages/airflow/example_dags/example_xcomargs.py for tasks to queue
[2023-11-21T10:05:37.859+0300] {logging_mixin.py:117} INFO - [2023-11-21T10:05:37.858+0300] {dagbag.py:525} INFO - Filling up the DagBag from /home/user/Masaüstü/kafka/.env/lib/python3.8/site-packages/airflow/example_dags/example_xcomargs.py
[2023-11-21T10:05:37.898+0300] {processor.py:768} INFO - DAG(s) dict_keys(['example_xcom_args_with_operators', 'example_xcom_args']) retrieved from /home/user/Masaüstü/kafka/.env/lib/python3.8/site-packages/airflow/example_dags/example_xcomargs.py
[2023-11-21T10:05:37.933+0300] {logging_mixin.py:117} INFO - [2023-11-21T10:05:37.933+0300] {dag.py:2573} INFO - Sync 2 DAGs
[2023-11-21T10:05:37.959+0300] {logging_mixin.py:117} INFO - [2023-11-21T10:05:37.959+0300] {dag.py:3324} INFO - Setting next_dagrun for example_xcom_args to None, run_after=None
[2023-11-21T10:05:37.967+0300] {logging_mixin.py:117} INFO - [2023-11-21T10:05:37.967+0300] {dag.py:3324} INFO - Setting next_dagrun for example_xcom_args_with_operators to None, run_after=None
[2023-11-21T10:05:37.999+0300] {processor.py:178} INFO - Processing /home/user/Masaüstü/kafka/.env/lib/python3.8/site-packages/airflow/example_dags/example_xcomargs.py took 0.146 seconds
[2023-11-21T10:06:16.718+0300] {processor.py:156} INFO - Started process (PID=30618) to work on /home/user/Masaüstü/kafka/.env/lib/python3.8/site-packages/airflow/example_dags/example_xcomargs.py
[2023-11-21T10:06:16.720+0300] {processor.py:758} INFO - Processing file /home/user/Masaüstü/kafka/.env/lib/python3.8/site-packages/airflow/example_dags/example_xcomargs.py for tasks to queue
[2023-11-21T10:06:16.721+0300] {logging_mixin.py:117} INFO - [2023-11-21T10:06:16.721+0300] {dagbag.py:525} INFO - Filling up the DagBag from /home/user/Masaüstü/kafka/.env/lib/python3.8/site-packages/airflow/example_dags/example_xcomargs.py
[2023-11-21T10:06:16.744+0300] {processor.py:768} INFO - DAG(s) dict_keys(['example_xcom_args', 'example_xcom_args_with_operators']) retrieved from /home/user/Masaüstü/kafka/.env/lib/python3.8/site-packages/airflow/example_dags/example_xcomargs.py
[2023-11-21T10:06:16.766+0300] {logging_mixin.py:117} INFO - [2023-11-21T10:06:16.766+0300] {dag.py:2573} INFO - Sync 2 DAGs
[2023-11-21T10:06:16.784+0300] {logging_mixin.py:117} INFO - [2023-11-21T10:06:16.784+0300] {dag.py:3324} INFO - Setting next_dagrun for example_xcom_args to None, run_after=None
[2023-11-21T10:06:16.786+0300] {logging_mixin.py:117} INFO - [2023-11-21T10:06:16.786+0300] {dag.py:3324} INFO - Setting next_dagrun for example_xcom_args_with_operators to None, run_after=None
[2023-11-21T10:06:16.802+0300] {processor.py:178} INFO - Processing /home/user/Masaüstü/kafka/.env/lib/python3.8/site-packages/airflow/example_dags/example_xcomargs.py took 0.086 seconds
[2023-11-21T10:06:53.779+0300] {processor.py:156} INFO - Started process (PID=30877) to work on /home/user/Masaüstü/kafka/.env/lib/python3.8/site-packages/airflow/example_dags/example_xcomargs.py
[2023-11-21T10:06:53.782+0300] {processor.py:758} INFO - Processing file /home/user/Masaüstü/kafka/.env/lib/python3.8/site-packages/airflow/example_dags/example_xcomargs.py for tasks to queue
[2023-11-21T10:06:53.783+0300] {logging_mixin.py:117} INFO - [2023-11-21T10:06:53.783+0300] {dagbag.py:525} INFO - Filling up the DagBag from /home/user/Masaüstü/kafka/.env/lib/python3.8/site-packages/airflow/example_dags/example_xcomargs.py
[2023-11-21T10:06:53.818+0300] {processor.py:768} INFO - DAG(s) dict_keys(['example_xcom_args_with_operators', 'example_xcom_args']) retrieved from /home/user/Masaüstü/kafka/.env/lib/python3.8/site-packages/airflow/example_dags/example_xcomargs.py
[2023-11-21T10:06:53.837+0300] {logging_mixin.py:117} INFO - [2023-11-21T10:06:53.837+0300] {dag.py:2573} INFO - Sync 2 DAGs
[2023-11-21T10:06:53.853+0300] {logging_mixin.py:117} INFO - [2023-11-21T10:06:53.853+0300] {dag.py:3324} INFO - Setting next_dagrun for example_xcom_args to None, run_after=None
[2023-11-21T10:06:53.856+0300] {logging_mixin.py:117} INFO - [2023-11-21T10:06:53.855+0300] {dag.py:3324} INFO - Setting next_dagrun for example_xcom_args_with_operators to None, run_after=None
[2023-11-21T10:06:53.873+0300] {processor.py:178} INFO - Processing /home/user/Masaüstü/kafka/.env/lib/python3.8/site-packages/airflow/example_dags/example_xcomargs.py took 0.100 seconds
[2023-11-21T10:07:32.349+0300] {processor.py:156} INFO - Started process (PID=31114) to work on /home/user/Masaüstü/kafka/.env/lib/python3.8/site-packages/airflow/example_dags/example_xcomargs.py
[2023-11-21T10:07:32.350+0300] {processor.py:758} INFO - Processing file /home/user/Masaüstü/kafka/.env/lib/python3.8/site-packages/airflow/example_dags/example_xcomargs.py for tasks to queue
[2023-11-21T10:07:32.351+0300] {logging_mixin.py:117} INFO - [2023-11-21T10:07:32.351+0300] {dagbag.py:525} INFO - Filling up the DagBag from /home/user/Masaüstü/kafka/.env/lib/python3.8/site-packages/airflow/example_dags/example_xcomargs.py
[2023-11-21T10:07:32.375+0300] {processor.py:768} INFO - DAG(s) dict_keys(['example_xcom_args_with_operators', 'example_xcom_args']) retrieved from /home/user/Masaüstü/kafka/.env/lib/python3.8/site-packages/airflow/example_dags/example_xcomargs.py
[2023-11-21T10:07:32.396+0300] {logging_mixin.py:117} INFO - [2023-11-21T10:07:32.396+0300] {dag.py:2573} INFO - Sync 2 DAGs
[2023-11-21T10:07:32.410+0300] {logging_mixin.py:117} INFO - [2023-11-21T10:07:32.410+0300] {dag.py:3324} INFO - Setting next_dagrun for example_xcom_args to None, run_after=None
[2023-11-21T10:07:32.412+0300] {logging_mixin.py:117} INFO - [2023-11-21T10:07:32.412+0300] {dag.py:3324} INFO - Setting next_dagrun for example_xcom_args_with_operators to None, run_after=None
[2023-11-21T10:07:32.438+0300] {processor.py:178} INFO - Processing /home/user/Masaüstü/kafka/.env/lib/python3.8/site-packages/airflow/example_dags/example_xcomargs.py took 0.092 seconds
[2023-11-21T10:08:10.083+0300] {processor.py:156} INFO - Started process (PID=31354) to work on /home/user/Masaüstü/kafka/.env/lib/python3.8/site-packages/airflow/example_dags/example_xcomargs.py
[2023-11-21T10:08:10.085+0300] {processor.py:758} INFO - Processing file /home/user/Masaüstü/kafka/.env/lib/python3.8/site-packages/airflow/example_dags/example_xcomargs.py for tasks to queue
[2023-11-21T10:08:10.087+0300] {logging_mixin.py:117} INFO - [2023-11-21T10:08:10.086+0300] {dagbag.py:525} INFO - Filling up the DagBag from /home/user/Masaüstü/kafka/.env/lib/python3.8/site-packages/airflow/example_dags/example_xcomargs.py
[2023-11-21T10:08:10.131+0300] {processor.py:768} INFO - DAG(s) dict_keys(['example_xcom_args', 'example_xcom_args_with_operators']) retrieved from /home/user/Masaüstü/kafka/.env/lib/python3.8/site-packages/airflow/example_dags/example_xcomargs.py
[2023-11-21T10:08:10.173+0300] {logging_mixin.py:117} INFO - [2023-11-21T10:08:10.173+0300] {dag.py:2573} INFO - Sync 2 DAGs
[2023-11-21T10:08:10.206+0300] {logging_mixin.py:117} INFO - [2023-11-21T10:08:10.206+0300] {dag.py:3324} INFO - Setting next_dagrun for example_xcom_args to None, run_after=None
[2023-11-21T10:08:10.214+0300] {logging_mixin.py:117} INFO - [2023-11-21T10:08:10.214+0300] {dag.py:3324} INFO - Setting next_dagrun for example_xcom_args_with_operators to None, run_after=None
[2023-11-21T10:08:10.248+0300] {processor.py:178} INFO - Processing /home/user/Masaüstü/kafka/.env/lib/python3.8/site-packages/airflow/example_dags/example_xcomargs.py took 0.171 seconds
[2023-11-21T10:08:48.112+0300] {processor.py:156} INFO - Started process (PID=31612) to work on /home/user/Masaüstü/kafka/.env/lib/python3.8/site-packages/airflow/example_dags/example_xcomargs.py
[2023-11-21T10:08:48.114+0300] {processor.py:758} INFO - Processing file /home/user/Masaüstü/kafka/.env/lib/python3.8/site-packages/airflow/example_dags/example_xcomargs.py for tasks to queue
[2023-11-21T10:08:48.115+0300] {logging_mixin.py:117} INFO - [2023-11-21T10:08:48.115+0300] {dagbag.py:525} INFO - Filling up the DagBag from /home/user/Masaüstü/kafka/.env/lib/python3.8/site-packages/airflow/example_dags/example_xcomargs.py
[2023-11-21T10:08:48.140+0300] {processor.py:768} INFO - DAG(s) dict_keys(['example_xcom_args', 'example_xcom_args_with_operators']) retrieved from /home/user/Masaüstü/kafka/.env/lib/python3.8/site-packages/airflow/example_dags/example_xcomargs.py
[2023-11-21T10:08:48.162+0300] {logging_mixin.py:117} INFO - [2023-11-21T10:08:48.162+0300] {dag.py:2573} INFO - Sync 2 DAGs
[2023-11-21T10:08:48.179+0300] {logging_mixin.py:117} INFO - [2023-11-21T10:08:48.179+0300] {dag.py:3324} INFO - Setting next_dagrun for example_xcom_args to None, run_after=None
[2023-11-21T10:08:48.182+0300] {logging_mixin.py:117} INFO - [2023-11-21T10:08:48.182+0300] {dag.py:3324} INFO - Setting next_dagrun for example_xcom_args_with_operators to None, run_after=None
[2023-11-21T10:08:48.211+0300] {processor.py:178} INFO - Processing /home/user/Masaüstü/kafka/.env/lib/python3.8/site-packages/airflow/example_dags/example_xcomargs.py took 0.101 seconds
[2023-11-21T10:09:28.615+0300] {processor.py:156} INFO - Started process (PID=32022) to work on /home/user/Masaüstü/kafka/.env/lib/python3.8/site-packages/airflow/example_dags/example_xcomargs.py
[2023-11-21T10:09:28.617+0300] {processor.py:758} INFO - Processing file /home/user/Masaüstü/kafka/.env/lib/python3.8/site-packages/airflow/example_dags/example_xcomargs.py for tasks to queue
[2023-11-21T10:09:28.618+0300] {logging_mixin.py:117} INFO - [2023-11-21T10:09:28.618+0300] {dagbag.py:525} INFO - Filling up the DagBag from /home/user/Masaüstü/kafka/.env/lib/python3.8/site-packages/airflow/example_dags/example_xcomargs.py
[2023-11-21T10:09:28.656+0300] {processor.py:768} INFO - DAG(s) dict_keys(['example_xcom_args', 'example_xcom_args_with_operators']) retrieved from /home/user/Masaüstü/kafka/.env/lib/python3.8/site-packages/airflow/example_dags/example_xcomargs.py
[2023-11-21T10:09:28.696+0300] {logging_mixin.py:117} INFO - [2023-11-21T10:09:28.696+0300] {dag.py:2573} INFO - Sync 2 DAGs
[2023-11-21T10:09:28.727+0300] {logging_mixin.py:117} INFO - [2023-11-21T10:09:28.727+0300] {dag.py:3324} INFO - Setting next_dagrun for example_xcom_args to None, run_after=None
[2023-11-21T10:09:28.734+0300] {logging_mixin.py:117} INFO - [2023-11-21T10:09:28.733+0300] {dag.py:3324} INFO - Setting next_dagrun for example_xcom_args_with_operators to None, run_after=None
[2023-11-21T10:09:28.770+0300] {processor.py:178} INFO - Processing /home/user/Masaüstü/kafka/.env/lib/python3.8/site-packages/airflow/example_dags/example_xcomargs.py took 0.159 seconds
[2023-11-21T10:10:09.116+0300] {processor.py:156} INFO - Started process (PID=32599) to work on /home/user/Masaüstü/kafka/.env/lib/python3.8/site-packages/airflow/example_dags/example_xcomargs.py
[2023-11-21T10:10:09.118+0300] {processor.py:758} INFO - Processing file /home/user/Masaüstü/kafka/.env/lib/python3.8/site-packages/airflow/example_dags/example_xcomargs.py for tasks to queue
[2023-11-21T10:10:09.119+0300] {logging_mixin.py:117} INFO - [2023-11-21T10:10:09.118+0300] {dagbag.py:525} INFO - Filling up the DagBag from /home/user/Masaüstü/kafka/.env/lib/python3.8/site-packages/airflow/example_dags/example_xcomargs.py
[2023-11-21T10:10:09.140+0300] {processor.py:768} INFO - DAG(s) dict_keys(['example_xcom_args_with_operators', 'example_xcom_args']) retrieved from /home/user/Masaüstü/kafka/.env/lib/python3.8/site-packages/airflow/example_dags/example_xcomargs.py
[2023-11-21T10:10:09.171+0300] {logging_mixin.py:117} INFO - [2023-11-21T10:10:09.171+0300] {dag.py:2573} INFO - Sync 2 DAGs
[2023-11-21T10:10:09.193+0300] {logging_mixin.py:117} INFO - [2023-11-21T10:10:09.193+0300] {dag.py:3324} INFO - Setting next_dagrun for example_xcom_args to None, run_after=None
[2023-11-21T10:10:09.199+0300] {logging_mixin.py:117} INFO - [2023-11-21T10:10:09.199+0300] {dag.py:3324} INFO - Setting next_dagrun for example_xcom_args_with_operators to None, run_after=None
[2023-11-21T10:10:09.227+0300] {processor.py:178} INFO - Processing /home/user/Masaüstü/kafka/.env/lib/python3.8/site-packages/airflow/example_dags/example_xcomargs.py took 0.113 seconds
[2023-11-21T10:10:59.632+0300] {processor.py:156} INFO - Started process (PID=33273) to work on /home/user/Masaüstü/kafka/.env/lib/python3.8/site-packages/airflow/example_dags/example_xcomargs.py
[2023-11-21T10:10:59.636+0300] {processor.py:758} INFO - Processing file /home/user/Masaüstü/kafka/.env/lib/python3.8/site-packages/airflow/example_dags/example_xcomargs.py for tasks to queue
[2023-11-21T10:10:59.638+0300] {logging_mixin.py:117} INFO - [2023-11-21T10:10:59.637+0300] {dagbag.py:525} INFO - Filling up the DagBag from /home/user/Masaüstü/kafka/.env/lib/python3.8/site-packages/airflow/example_dags/example_xcomargs.py
[2023-11-21T10:10:59.675+0300] {processor.py:768} INFO - DAG(s) dict_keys(['example_xcom_args_with_operators', 'example_xcom_args']) retrieved from /home/user/Masaüstü/kafka/.env/lib/python3.8/site-packages/airflow/example_dags/example_xcomargs.py
[2023-11-21T10:10:59.694+0300] {logging_mixin.py:117} INFO - [2023-11-21T10:10:59.694+0300] {dag.py:2573} INFO - Sync 2 DAGs
[2023-11-21T10:10:59.708+0300] {logging_mixin.py:117} INFO - [2023-11-21T10:10:59.708+0300] {dag.py:3324} INFO - Setting next_dagrun for example_xcom_args to None, run_after=None
[2023-11-21T10:10:59.710+0300] {logging_mixin.py:117} INFO - [2023-11-21T10:10:59.710+0300] {dag.py:3324} INFO - Setting next_dagrun for example_xcom_args_with_operators to None, run_after=None
[2023-11-21T10:10:59.733+0300] {processor.py:178} INFO - Processing /home/user/Masaüstü/kafka/.env/lib/python3.8/site-packages/airflow/example_dags/example_xcomargs.py took 0.107 seconds
[2023-11-21T10:11:39.154+0300] {processor.py:156} INFO - Started process (PID=33551) to work on /home/user/Masaüstü/kafka/.env/lib/python3.8/site-packages/airflow/example_dags/example_xcomargs.py
[2023-11-21T10:11:39.156+0300] {processor.py:758} INFO - Processing file /home/user/Masaüstü/kafka/.env/lib/python3.8/site-packages/airflow/example_dags/example_xcomargs.py for tasks to queue
[2023-11-21T10:11:39.161+0300] {logging_mixin.py:117} INFO - [2023-11-21T10:11:39.160+0300] {dagbag.py:525} INFO - Filling up the DagBag from /home/user/Masaüstü/kafka/.env/lib/python3.8/site-packages/airflow/example_dags/example_xcomargs.py
[2023-11-21T10:11:39.196+0300] {processor.py:768} INFO - DAG(s) dict_keys(['example_xcom_args_with_operators', 'example_xcom_args']) retrieved from /home/user/Masaüstü/kafka/.env/lib/python3.8/site-packages/airflow/example_dags/example_xcomargs.py
[2023-11-21T10:11:39.217+0300] {logging_mixin.py:117} INFO - [2023-11-21T10:11:39.217+0300] {dag.py:2573} INFO - Sync 2 DAGs
[2023-11-21T10:11:39.244+0300] {logging_mixin.py:117} INFO - [2023-11-21T10:11:39.244+0300] {dag.py:3324} INFO - Setting next_dagrun for example_xcom_args to None, run_after=None
[2023-11-21T10:11:39.247+0300] {logging_mixin.py:117} INFO - [2023-11-21T10:11:39.247+0300] {dag.py:3324} INFO - Setting next_dagrun for example_xcom_args_with_operators to None, run_after=None
[2023-11-21T10:11:39.278+0300] {processor.py:178} INFO - Processing /home/user/Masaüstü/kafka/.env/lib/python3.8/site-packages/airflow/example_dags/example_xcomargs.py took 0.126 seconds
[2023-11-21T10:12:16.320+0300] {processor.py:156} INFO - Started process (PID=33779) to work on /home/user/Masaüstü/kafka/.env/lib/python3.8/site-packages/airflow/example_dags/example_xcomargs.py
[2023-11-21T10:12:16.323+0300] {processor.py:758} INFO - Processing file /home/user/Masaüstü/kafka/.env/lib/python3.8/site-packages/airflow/example_dags/example_xcomargs.py for tasks to queue
[2023-11-21T10:12:16.326+0300] {logging_mixin.py:117} INFO - [2023-11-21T10:12:16.325+0300] {dagbag.py:525} INFO - Filling up the DagBag from /home/user/Masaüstü/kafka/.env/lib/python3.8/site-packages/airflow/example_dags/example_xcomargs.py
[2023-11-21T10:12:16.357+0300] {processor.py:768} INFO - DAG(s) dict_keys(['example_xcom_args_with_operators', 'example_xcom_args']) retrieved from /home/user/Masaüstü/kafka/.env/lib/python3.8/site-packages/airflow/example_dags/example_xcomargs.py
[2023-11-21T10:12:16.379+0300] {logging_mixin.py:117} INFO - [2023-11-21T10:12:16.379+0300] {dag.py:2573} INFO - Sync 2 DAGs
[2023-11-21T10:12:16.396+0300] {logging_mixin.py:117} INFO - [2023-11-21T10:12:16.396+0300] {dag.py:3324} INFO - Setting next_dagrun for example_xcom_args to None, run_after=None
[2023-11-21T10:12:16.399+0300] {logging_mixin.py:117} INFO - [2023-11-21T10:12:16.398+0300] {dag.py:3324} INFO - Setting next_dagrun for example_xcom_args_with_operators to None, run_after=None
[2023-11-21T10:12:16.426+0300] {processor.py:178} INFO - Processing /home/user/Masaüstü/kafka/.env/lib/python3.8/site-packages/airflow/example_dags/example_xcomargs.py took 0.114 seconds
[2023-11-21T10:12:54.211+0300] {processor.py:156} INFO - Started process (PID=34014) to work on /home/user/Masaüstü/kafka/.env/lib/python3.8/site-packages/airflow/example_dags/example_xcomargs.py
[2023-11-21T10:12:54.213+0300] {processor.py:758} INFO - Processing file /home/user/Masaüstü/kafka/.env/lib/python3.8/site-packages/airflow/example_dags/example_xcomargs.py for tasks to queue
[2023-11-21T10:12:54.213+0300] {logging_mixin.py:117} INFO - [2023-11-21T10:12:54.213+0300] {dagbag.py:525} INFO - Filling up the DagBag from /home/user/Masaüstü/kafka/.env/lib/python3.8/site-packages/airflow/example_dags/example_xcomargs.py
[2023-11-21T10:12:54.235+0300] {processor.py:768} INFO - DAG(s) dict_keys(['example_xcom_args_with_operators', 'example_xcom_args']) retrieved from /home/user/Masaüstü/kafka/.env/lib/python3.8/site-packages/airflow/example_dags/example_xcomargs.py
[2023-11-21T10:12:54.261+0300] {logging_mixin.py:117} INFO - [2023-11-21T10:12:54.260+0300] {dag.py:2573} INFO - Sync 2 DAGs
[2023-11-21T10:12:54.282+0300] {logging_mixin.py:117} INFO - [2023-11-21T10:12:54.282+0300] {dag.py:3324} INFO - Setting next_dagrun for example_xcom_args to None, run_after=None
[2023-11-21T10:12:54.285+0300] {logging_mixin.py:117} INFO - [2023-11-21T10:12:54.285+0300] {dag.py:3324} INFO - Setting next_dagrun for example_xcom_args_with_operators to None, run_after=None
[2023-11-21T10:12:54.316+0300] {processor.py:178} INFO - Processing /home/user/Masaüstü/kafka/.env/lib/python3.8/site-packages/airflow/example_dags/example_xcomargs.py took 0.107 seconds
[2023-11-21T10:13:31.983+0300] {processor.py:156} INFO - Started process (PID=34282) to work on /home/user/Masaüstü/kafka/.env/lib/python3.8/site-packages/airflow/example_dags/example_xcomargs.py
[2023-11-21T10:13:31.983+0300] {processor.py:758} INFO - Processing file /home/user/Masaüstü/kafka/.env/lib/python3.8/site-packages/airflow/example_dags/example_xcomargs.py for tasks to queue
[2023-11-21T10:13:31.984+0300] {logging_mixin.py:117} INFO - [2023-11-21T10:13:31.984+0300] {dagbag.py:525} INFO - Filling up the DagBag from /home/user/Masaüstü/kafka/.env/lib/python3.8/site-packages/airflow/example_dags/example_xcomargs.py
[2023-11-21T10:13:32.009+0300] {processor.py:768} INFO - DAG(s) dict_keys(['example_xcom_args', 'example_xcom_args_with_operators']) retrieved from /home/user/Masaüstü/kafka/.env/lib/python3.8/site-packages/airflow/example_dags/example_xcomargs.py
[2023-11-21T10:13:32.031+0300] {logging_mixin.py:117} INFO - [2023-11-21T10:13:32.031+0300] {dag.py:2573} INFO - Sync 2 DAGs
[2023-11-21T10:13:32.048+0300] {logging_mixin.py:117} INFO - [2023-11-21T10:13:32.048+0300] {dag.py:3324} INFO - Setting next_dagrun for example_xcom_args to None, run_after=None
[2023-11-21T10:13:32.051+0300] {logging_mixin.py:117} INFO - [2023-11-21T10:13:32.051+0300] {dag.py:3324} INFO - Setting next_dagrun for example_xcom_args_with_operators to None, run_after=None
[2023-11-21T10:13:32.071+0300] {processor.py:178} INFO - Processing /home/user/Masaüstü/kafka/.env/lib/python3.8/site-packages/airflow/example_dags/example_xcomargs.py took 0.091 seconds
[2023-11-21T10:14:25.294+0300] {processor.py:156} INFO - Started process (PID=35064) to work on /home/user/Masaüstü/kafka/.env/lib/python3.8/site-packages/airflow/example_dags/example_xcomargs.py
[2023-11-21T10:14:25.297+0300] {processor.py:758} INFO - Processing file /home/user/Masaüstü/kafka/.env/lib/python3.8/site-packages/airflow/example_dags/example_xcomargs.py for tasks to queue
[2023-11-21T10:14:25.298+0300] {logging_mixin.py:117} INFO - [2023-11-21T10:14:25.298+0300] {dagbag.py:525} INFO - Filling up the DagBag from /home/user/Masaüstü/kafka/.env/lib/python3.8/site-packages/airflow/example_dags/example_xcomargs.py
[2023-11-21T10:14:25.345+0300] {processor.py:768} INFO - DAG(s) dict_keys(['example_xcom_args_with_operators', 'example_xcom_args']) retrieved from /home/user/Masaüstü/kafka/.env/lib/python3.8/site-packages/airflow/example_dags/example_xcomargs.py
[2023-11-21T10:14:25.389+0300] {logging_mixin.py:117} INFO - [2023-11-21T10:14:25.389+0300] {dag.py:2573} INFO - Sync 2 DAGs
[2023-11-21T10:14:25.410+0300] {logging_mixin.py:117} INFO - [2023-11-21T10:14:25.410+0300] {dag.py:3324} INFO - Setting next_dagrun for example_xcom_args to None, run_after=None
[2023-11-21T10:14:25.414+0300] {logging_mixin.py:117} INFO - [2023-11-21T10:14:25.414+0300] {dag.py:3324} INFO - Setting next_dagrun for example_xcom_args_with_operators to None, run_after=None
[2023-11-21T10:14:25.440+0300] {processor.py:178} INFO - Processing /home/user/Masaüstü/kafka/.env/lib/python3.8/site-packages/airflow/example_dags/example_xcomargs.py took 0.149 seconds
[2023-11-21T10:15:02.463+0300] {processor.py:156} INFO - Started process (PID=35467) to work on /home/user/Masaüstü/kafka/.env/lib/python3.8/site-packages/airflow/example_dags/example_xcomargs.py
[2023-11-21T10:15:02.465+0300] {processor.py:758} INFO - Processing file /home/user/Masaüstü/kafka/.env/lib/python3.8/site-packages/airflow/example_dags/example_xcomargs.py for tasks to queue
[2023-11-21T10:15:02.466+0300] {logging_mixin.py:117} INFO - [2023-11-21T10:15:02.465+0300] {dagbag.py:525} INFO - Filling up the DagBag from /home/user/Masaüstü/kafka/.env/lib/python3.8/site-packages/airflow/example_dags/example_xcomargs.py
[2023-11-21T10:15:02.493+0300] {processor.py:768} INFO - DAG(s) dict_keys(['example_xcom_args', 'example_xcom_args_with_operators']) retrieved from /home/user/Masaüstü/kafka/.env/lib/python3.8/site-packages/airflow/example_dags/example_xcomargs.py
[2023-11-21T10:15:02.512+0300] {logging_mixin.py:117} INFO - [2023-11-21T10:15:02.512+0300] {dag.py:2573} INFO - Sync 2 DAGs
[2023-11-21T10:15:02.527+0300] {logging_mixin.py:117} INFO - [2023-11-21T10:15:02.527+0300] {dag.py:3324} INFO - Setting next_dagrun for example_xcom_args to None, run_after=None
[2023-11-21T10:15:02.529+0300] {logging_mixin.py:117} INFO - [2023-11-21T10:15:02.529+0300] {dag.py:3324} INFO - Setting next_dagrun for example_xcom_args_with_operators to None, run_after=None
[2023-11-21T10:15:02.545+0300] {processor.py:178} INFO - Processing /home/user/Masaüstü/kafka/.env/lib/python3.8/site-packages/airflow/example_dags/example_xcomargs.py took 0.085 seconds
[2023-11-21T10:15:38.841+0300] {processor.py:156} INFO - Started process (PID=35714) to work on /home/user/Masaüstü/kafka/.env/lib/python3.8/site-packages/airflow/example_dags/example_xcomargs.py
[2023-11-21T10:15:38.845+0300] {processor.py:758} INFO - Processing file /home/user/Masaüstü/kafka/.env/lib/python3.8/site-packages/airflow/example_dags/example_xcomargs.py for tasks to queue
[2023-11-21T10:15:38.847+0300] {logging_mixin.py:117} INFO - [2023-11-21T10:15:38.846+0300] {dagbag.py:525} INFO - Filling up the DagBag from /home/user/Masaüstü/kafka/.env/lib/python3.8/site-packages/airflow/example_dags/example_xcomargs.py
[2023-11-21T10:15:38.875+0300] {processor.py:768} INFO - DAG(s) dict_keys(['example_xcom_args', 'example_xcom_args_with_operators']) retrieved from /home/user/Masaüstü/kafka/.env/lib/python3.8/site-packages/airflow/example_dags/example_xcomargs.py
[2023-11-21T10:15:38.895+0300] {logging_mixin.py:117} INFO - [2023-11-21T10:15:38.895+0300] {dag.py:2573} INFO - Sync 2 DAGs
[2023-11-21T10:15:38.909+0300] {logging_mixin.py:117} INFO - [2023-11-21T10:15:38.909+0300] {dag.py:3324} INFO - Setting next_dagrun for example_xcom_args to None, run_after=None
[2023-11-21T10:15:38.911+0300] {logging_mixin.py:117} INFO - [2023-11-21T10:15:38.911+0300] {dag.py:3324} INFO - Setting next_dagrun for example_xcom_args_with_operators to None, run_after=None
[2023-11-21T10:15:38.926+0300] {processor.py:178} INFO - Processing /home/user/Masaüstü/kafka/.env/lib/python3.8/site-packages/airflow/example_dags/example_xcomargs.py took 0.092 seconds
[2023-11-21T10:16:16.902+0300] {processor.py:156} INFO - Started process (PID=35959) to work on /home/user/Masaüstü/kafka/.env/lib/python3.8/site-packages/airflow/example_dags/example_xcomargs.py
[2023-11-21T10:16:16.905+0300] {processor.py:758} INFO - Processing file /home/user/Masaüstü/kafka/.env/lib/python3.8/site-packages/airflow/example_dags/example_xcomargs.py for tasks to queue
[2023-11-21T10:16:16.907+0300] {logging_mixin.py:117} INFO - [2023-11-21T10:16:16.907+0300] {dagbag.py:525} INFO - Filling up the DagBag from /home/user/Masaüstü/kafka/.env/lib/python3.8/site-packages/airflow/example_dags/example_xcomargs.py
[2023-11-21T10:16:16.943+0300] {processor.py:768} INFO - DAG(s) dict_keys(['example_xcom_args', 'example_xcom_args_with_operators']) retrieved from /home/user/Masaüstü/kafka/.env/lib/python3.8/site-packages/airflow/example_dags/example_xcomargs.py
[2023-11-21T10:16:16.962+0300] {logging_mixin.py:117} INFO - [2023-11-21T10:16:16.962+0300] {dag.py:2573} INFO - Sync 2 DAGs
[2023-11-21T10:16:16.977+0300] {logging_mixin.py:117} INFO - [2023-11-21T10:16:16.977+0300] {dag.py:3324} INFO - Setting next_dagrun for example_xcom_args to None, run_after=None
[2023-11-21T10:16:16.979+0300] {logging_mixin.py:117} INFO - [2023-11-21T10:16:16.979+0300] {dag.py:3324} INFO - Setting next_dagrun for example_xcom_args_with_operators to None, run_after=None
[2023-11-21T10:16:17.006+0300] {processor.py:178} INFO - Processing /home/user/Masaüstü/kafka/.env/lib/python3.8/site-packages/airflow/example_dags/example_xcomargs.py took 0.112 seconds
[2023-11-21T10:16:54.830+0300] {processor.py:156} INFO - Started process (PID=36205) to work on /home/user/Masaüstü/kafka/.env/lib/python3.8/site-packages/airflow/example_dags/example_xcomargs.py
[2023-11-21T10:16:54.832+0300] {processor.py:758} INFO - Processing file /home/user/Masaüstü/kafka/.env/lib/python3.8/site-packages/airflow/example_dags/example_xcomargs.py for tasks to queue
[2023-11-21T10:16:54.832+0300] {logging_mixin.py:117} INFO - [2023-11-21T10:16:54.832+0300] {dagbag.py:525} INFO - Filling up the DagBag from /home/user/Masaüstü/kafka/.env/lib/python3.8/site-packages/airflow/example_dags/example_xcomargs.py
[2023-11-21T10:16:54.860+0300] {processor.py:768} INFO - DAG(s) dict_keys(['example_xcom_args', 'example_xcom_args_with_operators']) retrieved from /home/user/Masaüstü/kafka/.env/lib/python3.8/site-packages/airflow/example_dags/example_xcomargs.py
[2023-11-21T10:16:54.880+0300] {logging_mixin.py:117} INFO - [2023-11-21T10:16:54.880+0300] {dag.py:2573} INFO - Sync 2 DAGs
[2023-11-21T10:16:54.894+0300] {logging_mixin.py:117} INFO - [2023-11-21T10:16:54.894+0300] {dag.py:3324} INFO - Setting next_dagrun for example_xcom_args to None, run_after=None
[2023-11-21T10:16:54.896+0300] {logging_mixin.py:117} INFO - [2023-11-21T10:16:54.896+0300] {dag.py:3324} INFO - Setting next_dagrun for example_xcom_args_with_operators to None, run_after=None
[2023-11-21T10:16:54.921+0300] {processor.py:178} INFO - Processing /home/user/Masaüstü/kafka/.env/lib/python3.8/site-packages/airflow/example_dags/example_xcomargs.py took 0.094 seconds
[2023-11-21T10:17:32.139+0300] {processor.py:156} INFO - Started process (PID=36476) to work on /home/user/Masaüstü/kafka/.env/lib/python3.8/site-packages/airflow/example_dags/example_xcomargs.py
[2023-11-21T10:17:32.141+0300] {processor.py:758} INFO - Processing file /home/user/Masaüstü/kafka/.env/lib/python3.8/site-packages/airflow/example_dags/example_xcomargs.py for tasks to queue
[2023-11-21T10:17:32.142+0300] {logging_mixin.py:117} INFO - [2023-11-21T10:17:32.141+0300] {dagbag.py:525} INFO - Filling up the DagBag from /home/user/Masaüstü/kafka/.env/lib/python3.8/site-packages/airflow/example_dags/example_xcomargs.py
[2023-11-21T10:17:32.171+0300] {processor.py:768} INFO - DAG(s) dict_keys(['example_xcom_args_with_operators', 'example_xcom_args']) retrieved from /home/user/Masaüstü/kafka/.env/lib/python3.8/site-packages/airflow/example_dags/example_xcomargs.py
[2023-11-21T10:17:32.200+0300] {logging_mixin.py:117} INFO - [2023-11-21T10:17:32.200+0300] {dag.py:2573} INFO - Sync 2 DAGs
[2023-11-21T10:17:32.222+0300] {logging_mixin.py:117} INFO - [2023-11-21T10:17:32.222+0300] {dag.py:3324} INFO - Setting next_dagrun for example_xcom_args to None, run_after=None
[2023-11-21T10:17:32.225+0300] {logging_mixin.py:117} INFO - [2023-11-21T10:17:32.224+0300] {dag.py:3324} INFO - Setting next_dagrun for example_xcom_args_with_operators to None, run_after=None
[2023-11-21T10:17:32.253+0300] {processor.py:178} INFO - Processing /home/user/Masaüstü/kafka/.env/lib/python3.8/site-packages/airflow/example_dags/example_xcomargs.py took 0.117 seconds
[2023-11-21T10:18:09.516+0300] {processor.py:156} INFO - Started process (PID=36738) to work on /home/user/Masaüstü/kafka/.env/lib/python3.8/site-packages/airflow/example_dags/example_xcomargs.py
[2023-11-21T10:18:09.519+0300] {processor.py:758} INFO - Processing file /home/user/Masaüstü/kafka/.env/lib/python3.8/site-packages/airflow/example_dags/example_xcomargs.py for tasks to queue
[2023-11-21T10:18:09.521+0300] {logging_mixin.py:117} INFO - [2023-11-21T10:18:09.520+0300] {dagbag.py:525} INFO - Filling up the DagBag from /home/user/Masaüstü/kafka/.env/lib/python3.8/site-packages/airflow/example_dags/example_xcomargs.py
[2023-11-21T10:18:09.558+0300] {processor.py:768} INFO - DAG(s) dict_keys(['example_xcom_args_with_operators', 'example_xcom_args']) retrieved from /home/user/Masaüstü/kafka/.env/lib/python3.8/site-packages/airflow/example_dags/example_xcomargs.py
[2023-11-21T10:18:09.577+0300] {logging_mixin.py:117} INFO - [2023-11-21T10:18:09.577+0300] {dag.py:2573} INFO - Sync 2 DAGs
[2023-11-21T10:18:09.593+0300] {logging_mixin.py:117} INFO - [2023-11-21T10:18:09.592+0300] {dag.py:3324} INFO - Setting next_dagrun for example_xcom_args to None, run_after=None
[2023-11-21T10:18:09.595+0300] {logging_mixin.py:117} INFO - [2023-11-21T10:18:09.595+0300] {dag.py:3324} INFO - Setting next_dagrun for example_xcom_args_with_operators to None, run_after=None
[2023-11-21T10:18:09.610+0300] {processor.py:178} INFO - Processing /home/user/Masaüstü/kafka/.env/lib/python3.8/site-packages/airflow/example_dags/example_xcomargs.py took 0.101 seconds
[2023-11-21T10:18:48.056+0300] {processor.py:156} INFO - Started process (PID=36995) to work on /home/user/Masaüstü/kafka/.env/lib/python3.8/site-packages/airflow/example_dags/example_xcomargs.py
[2023-11-21T10:18:48.058+0300] {processor.py:758} INFO - Processing file /home/user/Masaüstü/kafka/.env/lib/python3.8/site-packages/airflow/example_dags/example_xcomargs.py for tasks to queue
[2023-11-21T10:18:48.059+0300] {logging_mixin.py:117} INFO - [2023-11-21T10:18:48.058+0300] {dagbag.py:525} INFO - Filling up the DagBag from /home/user/Masaüstü/kafka/.env/lib/python3.8/site-packages/airflow/example_dags/example_xcomargs.py
[2023-11-21T10:18:48.078+0300] {processor.py:768} INFO - DAG(s) dict_keys(['example_xcom_args_with_operators', 'example_xcom_args']) retrieved from /home/user/Masaüstü/kafka/.env/lib/python3.8/site-packages/airflow/example_dags/example_xcomargs.py
[2023-11-21T10:18:48.098+0300] {logging_mixin.py:117} INFO - [2023-11-21T10:18:48.098+0300] {dag.py:2573} INFO - Sync 2 DAGs
[2023-11-21T10:18:48.113+0300] {logging_mixin.py:117} INFO - [2023-11-21T10:18:48.112+0300] {dag.py:3324} INFO - Setting next_dagrun for example_xcom_args to None, run_after=None
[2023-11-21T10:18:48.115+0300] {logging_mixin.py:117} INFO - [2023-11-21T10:18:48.115+0300] {dag.py:3324} INFO - Setting next_dagrun for example_xcom_args_with_operators to None, run_after=None
[2023-11-21T10:18:48.131+0300] {processor.py:178} INFO - Processing /home/user/Masaüstü/kafka/.env/lib/python3.8/site-packages/airflow/example_dags/example_xcomargs.py took 0.077 seconds
[2023-11-21T10:19:26.679+0300] {processor.py:156} INFO - Started process (PID=37241) to work on /home/user/Masaüstü/kafka/.env/lib/python3.8/site-packages/airflow/example_dags/example_xcomargs.py
[2023-11-21T10:19:26.681+0300] {processor.py:758} INFO - Processing file /home/user/Masaüstü/kafka/.env/lib/python3.8/site-packages/airflow/example_dags/example_xcomargs.py for tasks to queue
[2023-11-21T10:19:26.681+0300] {logging_mixin.py:117} INFO - [2023-11-21T10:19:26.681+0300] {dagbag.py:525} INFO - Filling up the DagBag from /home/user/Masaüstü/kafka/.env/lib/python3.8/site-packages/airflow/example_dags/example_xcomargs.py
[2023-11-21T10:19:26.710+0300] {processor.py:768} INFO - DAG(s) dict_keys(['example_xcom_args_with_operators', 'example_xcom_args']) retrieved from /home/user/Masaüstü/kafka/.env/lib/python3.8/site-packages/airflow/example_dags/example_xcomargs.py
[2023-11-21T10:19:26.732+0300] {logging_mixin.py:117} INFO - [2023-11-21T10:19:26.731+0300] {dag.py:2573} INFO - Sync 2 DAGs
[2023-11-21T10:19:26.745+0300] {logging_mixin.py:117} INFO - [2023-11-21T10:19:26.745+0300] {dag.py:3324} INFO - Setting next_dagrun for example_xcom_args to None, run_after=None
[2023-11-21T10:19:26.747+0300] {logging_mixin.py:117} INFO - [2023-11-21T10:19:26.747+0300] {dag.py:3324} INFO - Setting next_dagrun for example_xcom_args_with_operators to None, run_after=None
[2023-11-21T10:19:26.771+0300] {processor.py:178} INFO - Processing /home/user/Masaüstü/kafka/.env/lib/python3.8/site-packages/airflow/example_dags/example_xcomargs.py took 0.094 seconds
