[2023-11-21T09:51:26.958+0300] {processor.py:156} INFO - Started process (PID=23529) to work on /home/user/Masaüstü/kafka/.env/lib/python3.8/site-packages/airflow/example_dags/example_xcom.py
[2023-11-21T09:51:26.970+0300] {processor.py:758} INFO - Processing file /home/user/Masaüstü/kafka/.env/lib/python3.8/site-packages/airflow/example_dags/example_xcom.py for tasks to queue
[2023-11-21T09:51:26.972+0300] {logging_mixin.py:117} INFO - [2023-11-21T09:51:26.972+0300] {dagbag.py:525} INFO - Filling up the DagBag from /home/user/Masaüstü/kafka/.env/lib/python3.8/site-packages/airflow/example_dags/example_xcom.py
[2023-11-21T09:51:27.090+0300] {processor.py:768} INFO - DAG(s) dict_keys(['example_xcom']) retrieved from /home/user/Masaüstü/kafka/.env/lib/python3.8/site-packages/airflow/example_dags/example_xcom.py
[2023-11-21T09:51:27.143+0300] {logging_mixin.py:117} INFO - [2023-11-21T09:51:27.143+0300] {dag.py:2573} INFO - Sync 1 DAGs
[2023-11-21T09:51:27.265+0300] {logging_mixin.py:117} INFO - [2023-11-21T09:51:27.265+0300] {dag.py:3324} INFO - Setting next_dagrun for example_xcom to 2021-01-01T00:00:00+00:00, run_after=2021-01-01T00:00:00+00:00
[2023-11-21T09:51:27.349+0300] {processor.py:178} INFO - Processing /home/user/Masaüstü/kafka/.env/lib/python3.8/site-packages/airflow/example_dags/example_xcom.py took 0.400 seconds
[2023-11-21T09:52:05.757+0300] {processor.py:156} INFO - Started process (PID=23975) to work on /home/user/Masaüstü/kafka/.env/lib/python3.8/site-packages/airflow/example_dags/example_xcom.py
[2023-11-21T09:52:05.761+0300] {processor.py:758} INFO - Processing file /home/user/Masaüstü/kafka/.env/lib/python3.8/site-packages/airflow/example_dags/example_xcom.py for tasks to queue
[2023-11-21T09:52:05.763+0300] {logging_mixin.py:117} INFO - [2023-11-21T09:52:05.762+0300] {dagbag.py:525} INFO - Filling up the DagBag from /home/user/Masaüstü/kafka/.env/lib/python3.8/site-packages/airflow/example_dags/example_xcom.py
[2023-11-21T09:52:05.800+0300] {processor.py:768} INFO - DAG(s) dict_keys(['example_xcom']) retrieved from /home/user/Masaüstü/kafka/.env/lib/python3.8/site-packages/airflow/example_dags/example_xcom.py
[2023-11-21T09:52:05.818+0300] {logging_mixin.py:117} INFO - [2023-11-21T09:52:05.818+0300] {dag.py:2573} INFO - Sync 1 DAGs
[2023-11-21T09:52:05.832+0300] {logging_mixin.py:117} INFO - [2023-11-21T09:52:05.831+0300] {dag.py:3324} INFO - Setting next_dagrun for example_xcom to 2021-01-01T00:00:00+00:00, run_after=2021-01-01T00:00:00+00:00
[2023-11-21T09:52:05.850+0300] {processor.py:178} INFO - Processing /home/user/Masaüstü/kafka/.env/lib/python3.8/site-packages/airflow/example_dags/example_xcom.py took 0.099 seconds
[2023-11-21T09:52:43.220+0300] {processor.py:156} INFO - Started process (PID=24415) to work on /home/user/Masaüstü/kafka/.env/lib/python3.8/site-packages/airflow/example_dags/example_xcom.py
[2023-11-21T09:52:43.222+0300] {processor.py:758} INFO - Processing file /home/user/Masaüstü/kafka/.env/lib/python3.8/site-packages/airflow/example_dags/example_xcom.py for tasks to queue
[2023-11-21T09:52:43.224+0300] {logging_mixin.py:117} INFO - [2023-11-21T09:52:43.223+0300] {dagbag.py:525} INFO - Filling up the DagBag from /home/user/Masaüstü/kafka/.env/lib/python3.8/site-packages/airflow/example_dags/example_xcom.py
[2023-11-21T09:52:43.254+0300] {processor.py:768} INFO - DAG(s) dict_keys(['example_xcom']) retrieved from /home/user/Masaüstü/kafka/.env/lib/python3.8/site-packages/airflow/example_dags/example_xcom.py
[2023-11-21T09:52:43.271+0300] {logging_mixin.py:117} INFO - [2023-11-21T09:52:43.271+0300] {dag.py:2573} INFO - Sync 1 DAGs
[2023-11-21T09:52:43.286+0300] {logging_mixin.py:117} INFO - [2023-11-21T09:52:43.286+0300] {dag.py:3324} INFO - Setting next_dagrun for example_xcom to 2021-01-01T00:00:00+00:00, run_after=2021-01-01T00:00:00+00:00
[2023-11-21T09:52:43.309+0300] {processor.py:178} INFO - Processing /home/user/Masaüstü/kafka/.env/lib/python3.8/site-packages/airflow/example_dags/example_xcom.py took 0.095 seconds
[2023-11-21T09:53:20.815+0300] {processor.py:156} INFO - Started process (PID=24677) to work on /home/user/Masaüstü/kafka/.env/lib/python3.8/site-packages/airflow/example_dags/example_xcom.py
[2023-11-21T09:53:20.816+0300] {processor.py:758} INFO - Processing file /home/user/Masaüstü/kafka/.env/lib/python3.8/site-packages/airflow/example_dags/example_xcom.py for tasks to queue
[2023-11-21T09:53:20.816+0300] {logging_mixin.py:117} INFO - [2023-11-21T09:53:20.816+0300] {dagbag.py:525} INFO - Filling up the DagBag from /home/user/Masaüstü/kafka/.env/lib/python3.8/site-packages/airflow/example_dags/example_xcom.py
[2023-11-21T09:53:20.839+0300] {processor.py:768} INFO - DAG(s) dict_keys(['example_xcom']) retrieved from /home/user/Masaüstü/kafka/.env/lib/python3.8/site-packages/airflow/example_dags/example_xcom.py
[2023-11-21T09:53:20.859+0300] {logging_mixin.py:117} INFO - [2023-11-21T09:53:20.859+0300] {dag.py:2573} INFO - Sync 1 DAGs
[2023-11-21T09:53:20.879+0300] {logging_mixin.py:117} INFO - [2023-11-21T09:53:20.878+0300] {dag.py:3324} INFO - Setting next_dagrun for example_xcom to 2021-01-01T00:00:00+00:00, run_after=2021-01-01T00:00:00+00:00
[2023-11-21T09:53:20.898+0300] {processor.py:178} INFO - Processing /home/user/Masaüstü/kafka/.env/lib/python3.8/site-packages/airflow/example_dags/example_xcom.py took 0.085 seconds
[2023-11-21T09:53:58.359+0300] {processor.py:156} INFO - Started process (PID=24916) to work on /home/user/Masaüstü/kafka/.env/lib/python3.8/site-packages/airflow/example_dags/example_xcom.py
[2023-11-21T09:53:58.360+0300] {processor.py:758} INFO - Processing file /home/user/Masaüstü/kafka/.env/lib/python3.8/site-packages/airflow/example_dags/example_xcom.py for tasks to queue
[2023-11-21T09:53:58.361+0300] {logging_mixin.py:117} INFO - [2023-11-21T09:53:58.361+0300] {dagbag.py:525} INFO - Filling up the DagBag from /home/user/Masaüstü/kafka/.env/lib/python3.8/site-packages/airflow/example_dags/example_xcom.py
[2023-11-21T09:53:58.379+0300] {processor.py:768} INFO - DAG(s) dict_keys(['example_xcom']) retrieved from /home/user/Masaüstü/kafka/.env/lib/python3.8/site-packages/airflow/example_dags/example_xcom.py
[2023-11-21T09:53:58.397+0300] {logging_mixin.py:117} INFO - [2023-11-21T09:53:58.397+0300] {dag.py:2573} INFO - Sync 1 DAGs
[2023-11-21T09:53:58.411+0300] {logging_mixin.py:117} INFO - [2023-11-21T09:53:58.411+0300] {dag.py:3324} INFO - Setting next_dagrun for example_xcom to 2021-01-01T00:00:00+00:00, run_after=2021-01-01T00:00:00+00:00
[2023-11-21T09:53:58.430+0300] {processor.py:178} INFO - Processing /home/user/Masaüstü/kafka/.env/lib/python3.8/site-packages/airflow/example_dags/example_xcom.py took 0.073 seconds
[2023-11-21T09:54:34.357+0300] {processor.py:156} INFO - Started process (PID=25138) to work on /home/user/Masaüstü/kafka/.env/lib/python3.8/site-packages/airflow/example_dags/example_xcom.py
[2023-11-21T09:54:34.359+0300] {processor.py:758} INFO - Processing file /home/user/Masaüstü/kafka/.env/lib/python3.8/site-packages/airflow/example_dags/example_xcom.py for tasks to queue
[2023-11-21T09:54:34.359+0300] {logging_mixin.py:117} INFO - [2023-11-21T09:54:34.359+0300] {dagbag.py:525} INFO - Filling up the DagBag from /home/user/Masaüstü/kafka/.env/lib/python3.8/site-packages/airflow/example_dags/example_xcom.py
[2023-11-21T09:54:34.379+0300] {processor.py:768} INFO - DAG(s) dict_keys(['example_xcom']) retrieved from /home/user/Masaüstü/kafka/.env/lib/python3.8/site-packages/airflow/example_dags/example_xcom.py
[2023-11-21T09:54:34.400+0300] {logging_mixin.py:117} INFO - [2023-11-21T09:54:34.399+0300] {dag.py:2573} INFO - Sync 1 DAGs
[2023-11-21T09:54:34.423+0300] {logging_mixin.py:117} INFO - [2023-11-21T09:54:34.422+0300] {dag.py:3324} INFO - Setting next_dagrun for example_xcom to 2021-01-01T00:00:00+00:00, run_after=2021-01-01T00:00:00+00:00
[2023-11-21T09:54:34.446+0300] {processor.py:178} INFO - Processing /home/user/Masaüstü/kafka/.env/lib/python3.8/site-packages/airflow/example_dags/example_xcom.py took 0.092 seconds
[2023-11-21T09:55:11.303+0300] {processor.py:156} INFO - Started process (PID=25376) to work on /home/user/Masaüstü/kafka/.env/lib/python3.8/site-packages/airflow/example_dags/example_xcom.py
[2023-11-21T09:55:11.305+0300] {processor.py:758} INFO - Processing file /home/user/Masaüstü/kafka/.env/lib/python3.8/site-packages/airflow/example_dags/example_xcom.py for tasks to queue
[2023-11-21T09:55:11.305+0300] {logging_mixin.py:117} INFO - [2023-11-21T09:55:11.305+0300] {dagbag.py:525} INFO - Filling up the DagBag from /home/user/Masaüstü/kafka/.env/lib/python3.8/site-packages/airflow/example_dags/example_xcom.py
[2023-11-21T09:55:11.323+0300] {processor.py:768} INFO - DAG(s) dict_keys(['example_xcom']) retrieved from /home/user/Masaüstü/kafka/.env/lib/python3.8/site-packages/airflow/example_dags/example_xcom.py
[2023-11-21T09:55:11.341+0300] {logging_mixin.py:117} INFO - [2023-11-21T09:55:11.340+0300] {dag.py:2573} INFO - Sync 1 DAGs
[2023-11-21T09:55:11.355+0300] {logging_mixin.py:117} INFO - [2023-11-21T09:55:11.354+0300] {dag.py:3324} INFO - Setting next_dagrun for example_xcom to 2021-01-01T00:00:00+00:00, run_after=2021-01-01T00:00:00+00:00
[2023-11-21T09:55:11.371+0300] {processor.py:178} INFO - Processing /home/user/Masaüstü/kafka/.env/lib/python3.8/site-packages/airflow/example_dags/example_xcom.py took 0.070 seconds
[2023-11-21T09:55:49.826+0300] {processor.py:156} INFO - Started process (PID=25685) to work on /home/user/Masaüstü/kafka/.env/lib/python3.8/site-packages/airflow/example_dags/example_xcom.py
[2023-11-21T09:55:49.829+0300] {processor.py:758} INFO - Processing file /home/user/Masaüstü/kafka/.env/lib/python3.8/site-packages/airflow/example_dags/example_xcom.py for tasks to queue
[2023-11-21T09:55:49.830+0300] {logging_mixin.py:117} INFO - [2023-11-21T09:55:49.830+0300] {dagbag.py:525} INFO - Filling up the DagBag from /home/user/Masaüstü/kafka/.env/lib/python3.8/site-packages/airflow/example_dags/example_xcom.py
[2023-11-21T09:55:49.871+0300] {processor.py:768} INFO - DAG(s) dict_keys(['example_xcom']) retrieved from /home/user/Masaüstü/kafka/.env/lib/python3.8/site-packages/airflow/example_dags/example_xcom.py
[2023-11-21T09:55:49.890+0300] {logging_mixin.py:117} INFO - [2023-11-21T09:55:49.890+0300] {dag.py:2573} INFO - Sync 1 DAGs
[2023-11-21T09:55:49.904+0300] {logging_mixin.py:117} INFO - [2023-11-21T09:55:49.904+0300] {dag.py:3324} INFO - Setting next_dagrun for example_xcom to 2021-01-01T00:00:00+00:00, run_after=2021-01-01T00:00:00+00:00
[2023-11-21T09:55:49.931+0300] {processor.py:178} INFO - Processing /home/user/Masaüstü/kafka/.env/lib/python3.8/site-packages/airflow/example_dags/example_xcom.py took 0.112 seconds
[2023-11-21T09:56:26.057+0300] {processor.py:156} INFO - Started process (PID=25955) to work on /home/user/Masaüstü/kafka/.env/lib/python3.8/site-packages/airflow/example_dags/example_xcom.py
[2023-11-21T09:56:26.059+0300] {processor.py:758} INFO - Processing file /home/user/Masaüstü/kafka/.env/lib/python3.8/site-packages/airflow/example_dags/example_xcom.py for tasks to queue
[2023-11-21T09:56:26.060+0300] {logging_mixin.py:117} INFO - [2023-11-21T09:56:26.060+0300] {dagbag.py:525} INFO - Filling up the DagBag from /home/user/Masaüstü/kafka/.env/lib/python3.8/site-packages/airflow/example_dags/example_xcom.py
[2023-11-21T09:56:26.078+0300] {processor.py:768} INFO - DAG(s) dict_keys(['example_xcom']) retrieved from /home/user/Masaüstü/kafka/.env/lib/python3.8/site-packages/airflow/example_dags/example_xcom.py
[2023-11-21T09:56:26.101+0300] {logging_mixin.py:117} INFO - [2023-11-21T09:56:26.101+0300] {dag.py:2573} INFO - Sync 1 DAGs
[2023-11-21T09:56:26.121+0300] {logging_mixin.py:117} INFO - [2023-11-21T09:56:26.121+0300] {dag.py:3324} INFO - Setting next_dagrun for example_xcom to 2021-01-01T00:00:00+00:00, run_after=2021-01-01T00:00:00+00:00
[2023-11-21T09:56:26.138+0300] {processor.py:178} INFO - Processing /home/user/Masaüstü/kafka/.env/lib/python3.8/site-packages/airflow/example_dags/example_xcom.py took 0.082 seconds
[2023-11-21T09:57:03.372+0300] {processor.py:156} INFO - Started process (PID=26182) to work on /home/user/Masaüstü/kafka/.env/lib/python3.8/site-packages/airflow/example_dags/example_xcom.py
[2023-11-21T09:57:03.374+0300] {processor.py:758} INFO - Processing file /home/user/Masaüstü/kafka/.env/lib/python3.8/site-packages/airflow/example_dags/example_xcom.py for tasks to queue
[2023-11-21T09:57:03.375+0300] {logging_mixin.py:117} INFO - [2023-11-21T09:57:03.374+0300] {dagbag.py:525} INFO - Filling up the DagBag from /home/user/Masaüstü/kafka/.env/lib/python3.8/site-packages/airflow/example_dags/example_xcom.py
[2023-11-21T09:57:03.399+0300] {processor.py:768} INFO - DAG(s) dict_keys(['example_xcom']) retrieved from /home/user/Masaüstü/kafka/.env/lib/python3.8/site-packages/airflow/example_dags/example_xcom.py
[2023-11-21T09:57:03.417+0300] {logging_mixin.py:117} INFO - [2023-11-21T09:57:03.417+0300] {dag.py:2573} INFO - Sync 1 DAGs
[2023-11-21T09:57:03.432+0300] {logging_mixin.py:117} INFO - [2023-11-21T09:57:03.432+0300] {dag.py:3324} INFO - Setting next_dagrun for example_xcom to 2021-01-01T00:00:00+00:00, run_after=2021-01-01T00:00:00+00:00
[2023-11-21T09:57:03.453+0300] {processor.py:178} INFO - Processing /home/user/Masaüstü/kafka/.env/lib/python3.8/site-packages/airflow/example_dags/example_xcom.py took 0.084 seconds
[2023-11-21T09:57:40.602+0300] {processor.py:156} INFO - Started process (PID=26421) to work on /home/user/Masaüstü/kafka/.env/lib/python3.8/site-packages/airflow/example_dags/example_xcom.py
[2023-11-21T09:57:40.604+0300] {processor.py:758} INFO - Processing file /home/user/Masaüstü/kafka/.env/lib/python3.8/site-packages/airflow/example_dags/example_xcom.py for tasks to queue
[2023-11-21T09:57:40.604+0300] {logging_mixin.py:117} INFO - [2023-11-21T09:57:40.604+0300] {dagbag.py:525} INFO - Filling up the DagBag from /home/user/Masaüstü/kafka/.env/lib/python3.8/site-packages/airflow/example_dags/example_xcom.py
[2023-11-21T09:57:40.625+0300] {processor.py:768} INFO - DAG(s) dict_keys(['example_xcom']) retrieved from /home/user/Masaüstü/kafka/.env/lib/python3.8/site-packages/airflow/example_dags/example_xcom.py
[2023-11-21T09:57:40.646+0300] {logging_mixin.py:117} INFO - [2023-11-21T09:57:40.646+0300] {dag.py:2573} INFO - Sync 1 DAGs
[2023-11-21T09:57:40.661+0300] {logging_mixin.py:117} INFO - [2023-11-21T09:57:40.661+0300] {dag.py:3324} INFO - Setting next_dagrun for example_xcom to 2021-01-01T00:00:00+00:00, run_after=2021-01-01T00:00:00+00:00
[2023-11-21T09:57:40.677+0300] {processor.py:178} INFO - Processing /home/user/Masaüstü/kafka/.env/lib/python3.8/site-packages/airflow/example_dags/example_xcom.py took 0.078 seconds
[2023-11-21T09:58:17.597+0300] {processor.py:156} INFO - Started process (PID=26749) to work on /home/user/Masaüstü/kafka/.env/lib/python3.8/site-packages/airflow/example_dags/example_xcom.py
[2023-11-21T09:58:17.598+0300] {processor.py:758} INFO - Processing file /home/user/Masaüstü/kafka/.env/lib/python3.8/site-packages/airflow/example_dags/example_xcom.py for tasks to queue
[2023-11-21T09:58:17.598+0300] {logging_mixin.py:117} INFO - [2023-11-21T09:58:17.598+0300] {dagbag.py:525} INFO - Filling up the DagBag from /home/user/Masaüstü/kafka/.env/lib/python3.8/site-packages/airflow/example_dags/example_xcom.py
[2023-11-21T09:58:17.632+0300] {processor.py:768} INFO - DAG(s) dict_keys(['example_xcom']) retrieved from /home/user/Masaüstü/kafka/.env/lib/python3.8/site-packages/airflow/example_dags/example_xcom.py
[2023-11-21T09:58:17.656+0300] {logging_mixin.py:117} INFO - [2023-11-21T09:58:17.655+0300] {dag.py:2573} INFO - Sync 1 DAGs
[2023-11-21T09:58:17.672+0300] {logging_mixin.py:117} INFO - [2023-11-21T09:58:17.672+0300] {dag.py:3324} INFO - Setting next_dagrun for example_xcom to 2021-01-01T00:00:00+00:00, run_after=2021-01-01T00:00:00+00:00
[2023-11-21T09:58:17.692+0300] {processor.py:178} INFO - Processing /home/user/Masaüstü/kafka/.env/lib/python3.8/site-packages/airflow/example_dags/example_xcom.py took 0.098 seconds
[2023-11-21T09:58:54.571+0300] {processor.py:156} INFO - Started process (PID=27237) to work on /home/user/Masaüstü/kafka/.env/lib/python3.8/site-packages/airflow/example_dags/example_xcom.py
[2023-11-21T09:58:54.574+0300] {processor.py:758} INFO - Processing file /home/user/Masaüstü/kafka/.env/lib/python3.8/site-packages/airflow/example_dags/example_xcom.py for tasks to queue
[2023-11-21T09:58:54.576+0300] {logging_mixin.py:117} INFO - [2023-11-21T09:58:54.575+0300] {dagbag.py:525} INFO - Filling up the DagBag from /home/user/Masaüstü/kafka/.env/lib/python3.8/site-packages/airflow/example_dags/example_xcom.py
[2023-11-21T09:58:54.610+0300] {processor.py:768} INFO - DAG(s) dict_keys(['example_xcom']) retrieved from /home/user/Masaüstü/kafka/.env/lib/python3.8/site-packages/airflow/example_dags/example_xcom.py
[2023-11-21T09:58:54.628+0300] {logging_mixin.py:117} INFO - [2023-11-21T09:58:54.628+0300] {dag.py:2573} INFO - Sync 1 DAGs
[2023-11-21T09:58:54.642+0300] {logging_mixin.py:117} INFO - [2023-11-21T09:58:54.642+0300] {dag.py:3324} INFO - Setting next_dagrun for example_xcom to 2021-01-01T00:00:00+00:00, run_after=2021-01-01T00:00:00+00:00
[2023-11-21T09:58:54.660+0300] {processor.py:178} INFO - Processing /home/user/Masaüstü/kafka/.env/lib/python3.8/site-packages/airflow/example_dags/example_xcom.py took 0.096 seconds
[2023-11-21T09:59:29.906+0300] {processor.py:156} INFO - Started process (PID=27485) to work on /home/user/Masaüstü/kafka/.env/lib/python3.8/site-packages/airflow/example_dags/example_xcom.py
[2023-11-21T09:59:29.907+0300] {processor.py:758} INFO - Processing file /home/user/Masaüstü/kafka/.env/lib/python3.8/site-packages/airflow/example_dags/example_xcom.py for tasks to queue
[2023-11-21T09:59:29.908+0300] {logging_mixin.py:117} INFO - [2023-11-21T09:59:29.908+0300] {dagbag.py:525} INFO - Filling up the DagBag from /home/user/Masaüstü/kafka/.env/lib/python3.8/site-packages/airflow/example_dags/example_xcom.py
[2023-11-21T09:59:29.953+0300] {processor.py:768} INFO - DAG(s) dict_keys(['example_xcom']) retrieved from /home/user/Masaüstü/kafka/.env/lib/python3.8/site-packages/airflow/example_dags/example_xcom.py
[2023-11-21T09:59:29.980+0300] {logging_mixin.py:117} INFO - [2023-11-21T09:59:29.980+0300] {dag.py:2573} INFO - Sync 1 DAGs
[2023-11-21T09:59:30.003+0300] {logging_mixin.py:117} INFO - [2023-11-21T09:59:30.003+0300] {dag.py:3324} INFO - Setting next_dagrun for example_xcom to 2021-01-01T00:00:00+00:00, run_after=2021-01-01T00:00:00+00:00
[2023-11-21T09:59:30.024+0300] {processor.py:178} INFO - Processing /home/user/Masaüstü/kafka/.env/lib/python3.8/site-packages/airflow/example_dags/example_xcom.py took 0.122 seconds
[2023-11-21T10:00:06.523+0300] {processor.py:156} INFO - Started process (PID=27715) to work on /home/user/Masaüstü/kafka/.env/lib/python3.8/site-packages/airflow/example_dags/example_xcom.py
[2023-11-21T10:00:06.525+0300] {processor.py:758} INFO - Processing file /home/user/Masaüstü/kafka/.env/lib/python3.8/site-packages/airflow/example_dags/example_xcom.py for tasks to queue
[2023-11-21T10:00:06.526+0300] {logging_mixin.py:117} INFO - [2023-11-21T10:00:06.526+0300] {dagbag.py:525} INFO - Filling up the DagBag from /home/user/Masaüstü/kafka/.env/lib/python3.8/site-packages/airflow/example_dags/example_xcom.py
[2023-11-21T10:00:06.553+0300] {processor.py:768} INFO - DAG(s) dict_keys(['example_xcom']) retrieved from /home/user/Masaüstü/kafka/.env/lib/python3.8/site-packages/airflow/example_dags/example_xcom.py
[2023-11-21T10:00:06.572+0300] {logging_mixin.py:117} INFO - [2023-11-21T10:00:06.571+0300] {dag.py:2573} INFO - Sync 1 DAGs
[2023-11-21T10:00:06.586+0300] {logging_mixin.py:117} INFO - [2023-11-21T10:00:06.586+0300] {dag.py:3324} INFO - Setting next_dagrun for example_xcom to 2021-01-01T00:00:00+00:00, run_after=2021-01-01T00:00:00+00:00
[2023-11-21T10:00:06.603+0300] {processor.py:178} INFO - Processing /home/user/Masaüstü/kafka/.env/lib/python3.8/site-packages/airflow/example_dags/example_xcom.py took 0.082 seconds
[2023-11-21T10:00:41.889+0300] {processor.py:156} INFO - Started process (PID=27933) to work on /home/user/Masaüstü/kafka/.env/lib/python3.8/site-packages/airflow/example_dags/example_xcom.py
[2023-11-21T10:00:41.891+0300] {processor.py:758} INFO - Processing file /home/user/Masaüstü/kafka/.env/lib/python3.8/site-packages/airflow/example_dags/example_xcom.py for tasks to queue
[2023-11-21T10:00:41.892+0300] {logging_mixin.py:117} INFO - [2023-11-21T10:00:41.892+0300] {dagbag.py:525} INFO - Filling up the DagBag from /home/user/Masaüstü/kafka/.env/lib/python3.8/site-packages/airflow/example_dags/example_xcom.py
[2023-11-21T10:00:41.918+0300] {processor.py:768} INFO - DAG(s) dict_keys(['example_xcom']) retrieved from /home/user/Masaüstü/kafka/.env/lib/python3.8/site-packages/airflow/example_dags/example_xcom.py
[2023-11-21T10:00:41.937+0300] {logging_mixin.py:117} INFO - [2023-11-21T10:00:41.936+0300] {dag.py:2573} INFO - Sync 1 DAGs
[2023-11-21T10:00:41.951+0300] {logging_mixin.py:117} INFO - [2023-11-21T10:00:41.951+0300] {dag.py:3324} INFO - Setting next_dagrun for example_xcom to 2021-01-01T00:00:00+00:00, run_after=2021-01-01T00:00:00+00:00
[2023-11-21T10:00:41.979+0300] {processor.py:178} INFO - Processing /home/user/Masaüstü/kafka/.env/lib/python3.8/site-packages/airflow/example_dags/example_xcom.py took 0.093 seconds
[2023-11-21T10:01:17.836+0300] {processor.py:156} INFO - Started process (PID=28154) to work on /home/user/Masaüstü/kafka/.env/lib/python3.8/site-packages/airflow/example_dags/example_xcom.py
[2023-11-21T10:01:17.837+0300] {processor.py:758} INFO - Processing file /home/user/Masaüstü/kafka/.env/lib/python3.8/site-packages/airflow/example_dags/example_xcom.py for tasks to queue
[2023-11-21T10:01:17.838+0300] {logging_mixin.py:117} INFO - [2023-11-21T10:01:17.838+0300] {dagbag.py:525} INFO - Filling up the DagBag from /home/user/Masaüstü/kafka/.env/lib/python3.8/site-packages/airflow/example_dags/example_xcom.py
[2023-11-21T10:01:17.862+0300] {processor.py:768} INFO - DAG(s) dict_keys(['example_xcom']) retrieved from /home/user/Masaüstü/kafka/.env/lib/python3.8/site-packages/airflow/example_dags/example_xcom.py
[2023-11-21T10:01:17.889+0300] {logging_mixin.py:117} INFO - [2023-11-21T10:01:17.889+0300] {dag.py:2573} INFO - Sync 1 DAGs
[2023-11-21T10:01:17.917+0300] {logging_mixin.py:117} INFO - [2023-11-21T10:01:17.917+0300] {dag.py:3324} INFO - Setting next_dagrun for example_xcom to 2021-01-01T00:00:00+00:00, run_after=2021-01-01T00:00:00+00:00
[2023-11-21T10:01:17.939+0300] {processor.py:178} INFO - Processing /home/user/Masaüstü/kafka/.env/lib/python3.8/site-packages/airflow/example_dags/example_xcom.py took 0.106 seconds
[2023-11-21T10:01:52.542+0300] {processor.py:156} INFO - Started process (PID=28430) to work on /home/user/Masaüstü/kafka/.env/lib/python3.8/site-packages/airflow/example_dags/example_xcom.py
[2023-11-21T10:01:52.544+0300] {processor.py:758} INFO - Processing file /home/user/Masaüstü/kafka/.env/lib/python3.8/site-packages/airflow/example_dags/example_xcom.py for tasks to queue
[2023-11-21T10:01:52.546+0300] {logging_mixin.py:117} INFO - [2023-11-21T10:01:52.546+0300] {dagbag.py:525} INFO - Filling up the DagBag from /home/user/Masaüstü/kafka/.env/lib/python3.8/site-packages/airflow/example_dags/example_xcom.py
[2023-11-21T10:01:52.578+0300] {processor.py:768} INFO - DAG(s) dict_keys(['example_xcom']) retrieved from /home/user/Masaüstü/kafka/.env/lib/python3.8/site-packages/airflow/example_dags/example_xcom.py
[2023-11-21T10:01:52.597+0300] {logging_mixin.py:117} INFO - [2023-11-21T10:01:52.597+0300] {dag.py:2573} INFO - Sync 1 DAGs
[2023-11-21T10:01:52.611+0300] {logging_mixin.py:117} INFO - [2023-11-21T10:01:52.611+0300] {dag.py:3324} INFO - Setting next_dagrun for example_xcom to 2021-01-01T00:00:00+00:00, run_after=2021-01-01T00:00:00+00:00
[2023-11-21T10:01:52.644+0300] {processor.py:178} INFO - Processing /home/user/Masaüstü/kafka/.env/lib/python3.8/site-packages/airflow/example_dags/example_xcom.py took 0.111 seconds
[2023-11-21T10:02:29.529+0300] {processor.py:156} INFO - Started process (PID=28649) to work on /home/user/Masaüstü/kafka/.env/lib/python3.8/site-packages/airflow/example_dags/example_xcom.py
[2023-11-21T10:02:29.532+0300] {processor.py:758} INFO - Processing file /home/user/Masaüstü/kafka/.env/lib/python3.8/site-packages/airflow/example_dags/example_xcom.py for tasks to queue
[2023-11-21T10:02:29.534+0300] {logging_mixin.py:117} INFO - [2023-11-21T10:02:29.533+0300] {dagbag.py:525} INFO - Filling up the DagBag from /home/user/Masaüstü/kafka/.env/lib/python3.8/site-packages/airflow/example_dags/example_xcom.py
[2023-11-21T10:02:29.567+0300] {processor.py:768} INFO - DAG(s) dict_keys(['example_xcom']) retrieved from /home/user/Masaüstü/kafka/.env/lib/python3.8/site-packages/airflow/example_dags/example_xcom.py
[2023-11-21T10:02:29.586+0300] {logging_mixin.py:117} INFO - [2023-11-21T10:02:29.586+0300] {dag.py:2573} INFO - Sync 1 DAGs
[2023-11-21T10:02:29.600+0300] {logging_mixin.py:117} INFO - [2023-11-21T10:02:29.600+0300] {dag.py:3324} INFO - Setting next_dagrun for example_xcom to 2021-01-01T00:00:00+00:00, run_after=2021-01-01T00:00:00+00:00
[2023-11-21T10:02:29.618+0300] {processor.py:178} INFO - Processing /home/user/Masaüstü/kafka/.env/lib/python3.8/site-packages/airflow/example_dags/example_xcom.py took 0.095 seconds
[2023-11-21T10:04:59.984+0300] {processor.py:156} INFO - Started process (PID=29962) to work on /home/user/Masaüstü/kafka/.env/lib/python3.8/site-packages/airflow/example_dags/example_xcom.py
[2023-11-21T10:04:59.986+0300] {processor.py:758} INFO - Processing file /home/user/Masaüstü/kafka/.env/lib/python3.8/site-packages/airflow/example_dags/example_xcom.py for tasks to queue
[2023-11-21T10:04:59.986+0300] {logging_mixin.py:117} INFO - [2023-11-21T10:04:59.986+0300] {dagbag.py:525} INFO - Filling up the DagBag from /home/user/Masaüstü/kafka/.env/lib/python3.8/site-packages/airflow/example_dags/example_xcom.py
[2023-11-21T10:05:00.009+0300] {processor.py:768} INFO - DAG(s) dict_keys(['example_xcom']) retrieved from /home/user/Masaüstü/kafka/.env/lib/python3.8/site-packages/airflow/example_dags/example_xcom.py
[2023-11-21T10:05:00.018+0300] {logging_mixin.py:117} INFO - [2023-11-21T10:05:00.018+0300] {dag.py:2573} INFO - Sync 1 DAGs
[2023-11-21T10:05:00.033+0300] {logging_mixin.py:117} INFO - [2023-11-21T10:05:00.033+0300] {dag.py:3324} INFO - Setting next_dagrun for example_xcom to 2021-01-01T00:00:00+00:00, run_after=2021-01-01T00:00:00+00:00
[2023-11-21T10:05:00.053+0300] {processor.py:178} INFO - Processing /home/user/Masaüstü/kafka/.env/lib/python3.8/site-packages/airflow/example_dags/example_xcom.py took 0.072 seconds
[2023-11-21T10:05:36.385+0300] {processor.py:156} INFO - Started process (PID=30262) to work on /home/user/Masaüstü/kafka/.env/lib/python3.8/site-packages/airflow/example_dags/example_xcom.py
[2023-11-21T10:05:36.388+0300] {processor.py:758} INFO - Processing file /home/user/Masaüstü/kafka/.env/lib/python3.8/site-packages/airflow/example_dags/example_xcom.py for tasks to queue
[2023-11-21T10:05:36.389+0300] {logging_mixin.py:117} INFO - [2023-11-21T10:05:36.389+0300] {dagbag.py:525} INFO - Filling up the DagBag from /home/user/Masaüstü/kafka/.env/lib/python3.8/site-packages/airflow/example_dags/example_xcom.py
[2023-11-21T10:05:36.511+0300] {processor.py:768} INFO - DAG(s) dict_keys(['example_xcom']) retrieved from /home/user/Masaüstü/kafka/.env/lib/python3.8/site-packages/airflow/example_dags/example_xcom.py
[2023-11-21T10:05:36.592+0300] {logging_mixin.py:117} INFO - [2023-11-21T10:05:36.592+0300] {dag.py:2573} INFO - Sync 1 DAGs
[2023-11-21T10:05:36.690+0300] {logging_mixin.py:117} INFO - [2023-11-21T10:05:36.689+0300] {dag.py:3324} INFO - Setting next_dagrun for example_xcom to 2021-01-01T00:00:00+00:00, run_after=2021-01-01T00:00:00+00:00
[2023-11-21T10:05:36.758+0300] {processor.py:178} INFO - Processing /home/user/Masaüstü/kafka/.env/lib/python3.8/site-packages/airflow/example_dags/example_xcom.py took 0.379 seconds
[2023-11-21T10:06:15.474+0300] {processor.py:156} INFO - Started process (PID=30611) to work on /home/user/Masaüstü/kafka/.env/lib/python3.8/site-packages/airflow/example_dags/example_xcom.py
[2023-11-21T10:06:15.477+0300] {processor.py:758} INFO - Processing file /home/user/Masaüstü/kafka/.env/lib/python3.8/site-packages/airflow/example_dags/example_xcom.py for tasks to queue
[2023-11-21T10:06:15.479+0300] {logging_mixin.py:117} INFO - [2023-11-21T10:06:15.479+0300] {dagbag.py:525} INFO - Filling up the DagBag from /home/user/Masaüstü/kafka/.env/lib/python3.8/site-packages/airflow/example_dags/example_xcom.py
[2023-11-21T10:06:15.516+0300] {processor.py:768} INFO - DAG(s) dict_keys(['example_xcom']) retrieved from /home/user/Masaüstü/kafka/.env/lib/python3.8/site-packages/airflow/example_dags/example_xcom.py
[2023-11-21T10:06:15.535+0300] {logging_mixin.py:117} INFO - [2023-11-21T10:06:15.534+0300] {dag.py:2573} INFO - Sync 1 DAGs
[2023-11-21T10:06:15.550+0300] {logging_mixin.py:117} INFO - [2023-11-21T10:06:15.550+0300] {dag.py:3324} INFO - Setting next_dagrun for example_xcom to 2021-01-01T00:00:00+00:00, run_after=2021-01-01T00:00:00+00:00
[2023-11-21T10:06:15.577+0300] {processor.py:178} INFO - Processing /home/user/Masaüstü/kafka/.env/lib/python3.8/site-packages/airflow/example_dags/example_xcom.py took 0.109 seconds
[2023-11-21T10:06:53.031+0300] {processor.py:156} INFO - Started process (PID=30871) to work on /home/user/Masaüstü/kafka/.env/lib/python3.8/site-packages/airflow/example_dags/example_xcom.py
[2023-11-21T10:06:53.031+0300] {processor.py:758} INFO - Processing file /home/user/Masaüstü/kafka/.env/lib/python3.8/site-packages/airflow/example_dags/example_xcom.py for tasks to queue
[2023-11-21T10:06:53.032+0300] {logging_mixin.py:117} INFO - [2023-11-21T10:06:53.032+0300] {dagbag.py:525} INFO - Filling up the DagBag from /home/user/Masaüstü/kafka/.env/lib/python3.8/site-packages/airflow/example_dags/example_xcom.py
[2023-11-21T10:06:53.051+0300] {processor.py:768} INFO - DAG(s) dict_keys(['example_xcom']) retrieved from /home/user/Masaüstü/kafka/.env/lib/python3.8/site-packages/airflow/example_dags/example_xcom.py
[2023-11-21T10:06:53.079+0300] {logging_mixin.py:117} INFO - [2023-11-21T10:06:53.079+0300] {dag.py:2573} INFO - Sync 1 DAGs
[2023-11-21T10:06:53.105+0300] {logging_mixin.py:117} INFO - [2023-11-21T10:06:53.104+0300] {dag.py:3324} INFO - Setting next_dagrun for example_xcom to 2021-01-01T00:00:00+00:00, run_after=2021-01-01T00:00:00+00:00
[2023-11-21T10:06:53.159+0300] {processor.py:178} INFO - Processing /home/user/Masaüstü/kafka/.env/lib/python3.8/site-packages/airflow/example_dags/example_xcom.py took 0.130 seconds
[2023-11-21T10:07:31.093+0300] {processor.py:156} INFO - Started process (PID=31105) to work on /home/user/Masaüstü/kafka/.env/lib/python3.8/site-packages/airflow/example_dags/example_xcom.py
[2023-11-21T10:07:31.096+0300] {processor.py:758} INFO - Processing file /home/user/Masaüstü/kafka/.env/lib/python3.8/site-packages/airflow/example_dags/example_xcom.py for tasks to queue
[2023-11-21T10:07:31.098+0300] {logging_mixin.py:117} INFO - [2023-11-21T10:07:31.098+0300] {dagbag.py:525} INFO - Filling up the DagBag from /home/user/Masaüstü/kafka/.env/lib/python3.8/site-packages/airflow/example_dags/example_xcom.py
[2023-11-21T10:07:31.138+0300] {processor.py:768} INFO - DAG(s) dict_keys(['example_xcom']) retrieved from /home/user/Masaüstü/kafka/.env/lib/python3.8/site-packages/airflow/example_dags/example_xcom.py
[2023-11-21T10:07:31.169+0300] {logging_mixin.py:117} INFO - [2023-11-21T10:07:31.169+0300] {dag.py:2573} INFO - Sync 1 DAGs
[2023-11-21T10:07:31.193+0300] {logging_mixin.py:117} INFO - [2023-11-21T10:07:31.193+0300] {dag.py:3324} INFO - Setting next_dagrun for example_xcom to 2021-01-01T00:00:00+00:00, run_after=2021-01-01T00:00:00+00:00
[2023-11-21T10:07:31.212+0300] {processor.py:178} INFO - Processing /home/user/Masaüstü/kafka/.env/lib/python3.8/site-packages/airflow/example_dags/example_xcom.py took 0.126 seconds
[2023-11-21T10:08:08.842+0300] {processor.py:156} INFO - Started process (PID=31348) to work on /home/user/Masaüstü/kafka/.env/lib/python3.8/site-packages/airflow/example_dags/example_xcom.py
[2023-11-21T10:08:08.845+0300] {processor.py:758} INFO - Processing file /home/user/Masaüstü/kafka/.env/lib/python3.8/site-packages/airflow/example_dags/example_xcom.py for tasks to queue
[2023-11-21T10:08:08.847+0300] {logging_mixin.py:117} INFO - [2023-11-21T10:08:08.846+0300] {dagbag.py:525} INFO - Filling up the DagBag from /home/user/Masaüstü/kafka/.env/lib/python3.8/site-packages/airflow/example_dags/example_xcom.py
[2023-11-21T10:08:08.882+0300] {processor.py:768} INFO - DAG(s) dict_keys(['example_xcom']) retrieved from /home/user/Masaüstü/kafka/.env/lib/python3.8/site-packages/airflow/example_dags/example_xcom.py
[2023-11-21T10:08:08.900+0300] {logging_mixin.py:117} INFO - [2023-11-21T10:08:08.900+0300] {dag.py:2573} INFO - Sync 1 DAGs
[2023-11-21T10:08:08.915+0300] {logging_mixin.py:117} INFO - [2023-11-21T10:08:08.915+0300] {dag.py:3324} INFO - Setting next_dagrun for example_xcom to 2021-01-01T00:00:00+00:00, run_after=2021-01-01T00:00:00+00:00
[2023-11-21T10:08:08.932+0300] {processor.py:178} INFO - Processing /home/user/Masaüstü/kafka/.env/lib/python3.8/site-packages/airflow/example_dags/example_xcom.py took 0.097 seconds
[2023-11-21T10:08:47.672+0300] {processor.py:156} INFO - Started process (PID=31607) to work on /home/user/Masaüstü/kafka/.env/lib/python3.8/site-packages/airflow/example_dags/example_xcom.py
[2023-11-21T10:08:47.672+0300] {processor.py:758} INFO - Processing file /home/user/Masaüstü/kafka/.env/lib/python3.8/site-packages/airflow/example_dags/example_xcom.py for tasks to queue
[2023-11-21T10:08:47.673+0300] {logging_mixin.py:117} INFO - [2023-11-21T10:08:47.673+0300] {dagbag.py:525} INFO - Filling up the DagBag from /home/user/Masaüstü/kafka/.env/lib/python3.8/site-packages/airflow/example_dags/example_xcom.py
[2023-11-21T10:08:47.691+0300] {processor.py:768} INFO - DAG(s) dict_keys(['example_xcom']) retrieved from /home/user/Masaüstü/kafka/.env/lib/python3.8/site-packages/airflow/example_dags/example_xcom.py
[2023-11-21T10:08:47.710+0300] {logging_mixin.py:117} INFO - [2023-11-21T10:08:47.710+0300] {dag.py:2573} INFO - Sync 1 DAGs
[2023-11-21T10:08:47.727+0300] {logging_mixin.py:117} INFO - [2023-11-21T10:08:47.727+0300] {dag.py:3324} INFO - Setting next_dagrun for example_xcom to 2021-01-01T00:00:00+00:00, run_after=2021-01-01T00:00:00+00:00
[2023-11-21T10:08:47.751+0300] {processor.py:178} INFO - Processing /home/user/Masaüstü/kafka/.env/lib/python3.8/site-packages/airflow/example_dags/example_xcom.py took 0.081 seconds
[2023-11-21T10:09:27.336+0300] {processor.py:156} INFO - Started process (PID=32015) to work on /home/user/Masaüstü/kafka/.env/lib/python3.8/site-packages/airflow/example_dags/example_xcom.py
[2023-11-21T10:09:27.338+0300] {processor.py:758} INFO - Processing file /home/user/Masaüstü/kafka/.env/lib/python3.8/site-packages/airflow/example_dags/example_xcom.py for tasks to queue
[2023-11-21T10:09:27.339+0300] {logging_mixin.py:117} INFO - [2023-11-21T10:09:27.338+0300] {dagbag.py:525} INFO - Filling up the DagBag from /home/user/Masaüstü/kafka/.env/lib/python3.8/site-packages/airflow/example_dags/example_xcom.py
[2023-11-21T10:09:27.386+0300] {processor.py:768} INFO - DAG(s) dict_keys(['example_xcom']) retrieved from /home/user/Masaüstü/kafka/.env/lib/python3.8/site-packages/airflow/example_dags/example_xcom.py
[2023-11-21T10:09:27.431+0300] {logging_mixin.py:117} INFO - [2023-11-21T10:09:27.431+0300] {dag.py:2573} INFO - Sync 1 DAGs
[2023-11-21T10:09:27.470+0300] {logging_mixin.py:117} INFO - [2023-11-21T10:09:27.470+0300] {dag.py:3324} INFO - Setting next_dagrun for example_xcom to 2021-01-01T00:00:00+00:00, run_after=2021-01-01T00:00:00+00:00
[2023-11-21T10:09:27.515+0300] {processor.py:178} INFO - Processing /home/user/Masaüstü/kafka/.env/lib/python3.8/site-packages/airflow/example_dags/example_xcom.py took 0.183 seconds
[2023-11-21T10:10:08.675+0300] {processor.py:156} INFO - Started process (PID=32594) to work on /home/user/Masaüstü/kafka/.env/lib/python3.8/site-packages/airflow/example_dags/example_xcom.py
[2023-11-21T10:10:08.678+0300] {processor.py:758} INFO - Processing file /home/user/Masaüstü/kafka/.env/lib/python3.8/site-packages/airflow/example_dags/example_xcom.py for tasks to queue
[2023-11-21T10:10:08.679+0300] {logging_mixin.py:117} INFO - [2023-11-21T10:10:08.679+0300] {dagbag.py:525} INFO - Filling up the DagBag from /home/user/Masaüstü/kafka/.env/lib/python3.8/site-packages/airflow/example_dags/example_xcom.py
[2023-11-21T10:10:08.733+0300] {processor.py:768} INFO - DAG(s) dict_keys(['example_xcom']) retrieved from /home/user/Masaüstü/kafka/.env/lib/python3.8/site-packages/airflow/example_dags/example_xcom.py
[2023-11-21T10:10:08.788+0300] {logging_mixin.py:117} INFO - [2023-11-21T10:10:08.787+0300] {dag.py:2573} INFO - Sync 1 DAGs
[2023-11-21T10:10:08.842+0300] {logging_mixin.py:117} INFO - [2023-11-21T10:10:08.841+0300] {dag.py:3324} INFO - Setting next_dagrun for example_xcom to 2021-01-01T00:00:00+00:00, run_after=2021-01-01T00:00:00+00:00
[2023-11-21T10:10:08.890+0300] {processor.py:178} INFO - Processing /home/user/Masaüstü/kafka/.env/lib/python3.8/site-packages/airflow/example_dags/example_xcom.py took 0.219 seconds
[2023-11-21T10:10:58.474+0300] {processor.py:156} INFO - Started process (PID=33267) to work on /home/user/Masaüstü/kafka/.env/lib/python3.8/site-packages/airflow/example_dags/example_xcom.py
[2023-11-21T10:10:58.475+0300] {processor.py:758} INFO - Processing file /home/user/Masaüstü/kafka/.env/lib/python3.8/site-packages/airflow/example_dags/example_xcom.py for tasks to queue
[2023-11-21T10:10:58.476+0300] {logging_mixin.py:117} INFO - [2023-11-21T10:10:58.475+0300] {dagbag.py:525} INFO - Filling up the DagBag from /home/user/Masaüstü/kafka/.env/lib/python3.8/site-packages/airflow/example_dags/example_xcom.py
[2023-11-21T10:10:58.496+0300] {processor.py:768} INFO - DAG(s) dict_keys(['example_xcom']) retrieved from /home/user/Masaüstü/kafka/.env/lib/python3.8/site-packages/airflow/example_dags/example_xcom.py
[2023-11-21T10:10:58.520+0300] {logging_mixin.py:117} INFO - [2023-11-21T10:10:58.519+0300] {dag.py:2573} INFO - Sync 1 DAGs
[2023-11-21T10:10:58.535+0300] {logging_mixin.py:117} INFO - [2023-11-21T10:10:58.535+0300] {dag.py:3324} INFO - Setting next_dagrun for example_xcom to 2021-01-01T00:00:00+00:00, run_after=2021-01-01T00:00:00+00:00
[2023-11-21T10:10:58.552+0300] {processor.py:178} INFO - Processing /home/user/Masaüstü/kafka/.env/lib/python3.8/site-packages/airflow/example_dags/example_xcom.py took 0.080 seconds
[2023-11-21T10:11:37.993+0300] {processor.py:156} INFO - Started process (PID=33546) to work on /home/user/Masaüstü/kafka/.env/lib/python3.8/site-packages/airflow/example_dags/example_xcom.py
[2023-11-21T10:11:37.995+0300] {processor.py:758} INFO - Processing file /home/user/Masaüstü/kafka/.env/lib/python3.8/site-packages/airflow/example_dags/example_xcom.py for tasks to queue
[2023-11-21T10:11:37.996+0300] {logging_mixin.py:117} INFO - [2023-11-21T10:11:37.996+0300] {dagbag.py:525} INFO - Filling up the DagBag from /home/user/Masaüstü/kafka/.env/lib/python3.8/site-packages/airflow/example_dags/example_xcom.py
[2023-11-21T10:11:38.016+0300] {processor.py:768} INFO - DAG(s) dict_keys(['example_xcom']) retrieved from /home/user/Masaüstü/kafka/.env/lib/python3.8/site-packages/airflow/example_dags/example_xcom.py
[2023-11-21T10:11:38.043+0300] {logging_mixin.py:117} INFO - [2023-11-21T10:11:38.043+0300] {dag.py:2573} INFO - Sync 1 DAGs
[2023-11-21T10:11:38.062+0300] {logging_mixin.py:117} INFO - [2023-11-21T10:11:38.062+0300] {dag.py:3324} INFO - Setting next_dagrun for example_xcom to 2021-01-01T00:00:00+00:00, run_after=2021-01-01T00:00:00+00:00
[2023-11-21T10:11:38.080+0300] {processor.py:178} INFO - Processing /home/user/Masaüstü/kafka/.env/lib/python3.8/site-packages/airflow/example_dags/example_xcom.py took 0.088 seconds
[2023-11-21T10:12:15.183+0300] {processor.py:156} INFO - Started process (PID=33772) to work on /home/user/Masaüstü/kafka/.env/lib/python3.8/site-packages/airflow/example_dags/example_xcom.py
[2023-11-21T10:12:15.186+0300] {processor.py:758} INFO - Processing file /home/user/Masaüstü/kafka/.env/lib/python3.8/site-packages/airflow/example_dags/example_xcom.py for tasks to queue
[2023-11-21T10:12:15.187+0300] {logging_mixin.py:117} INFO - [2023-11-21T10:12:15.187+0300] {dagbag.py:525} INFO - Filling up the DagBag from /home/user/Masaüstü/kafka/.env/lib/python3.8/site-packages/airflow/example_dags/example_xcom.py
[2023-11-21T10:12:15.221+0300] {processor.py:768} INFO - DAG(s) dict_keys(['example_xcom']) retrieved from /home/user/Masaüstü/kafka/.env/lib/python3.8/site-packages/airflow/example_dags/example_xcom.py
[2023-11-21T10:12:15.244+0300] {logging_mixin.py:117} INFO - [2023-11-21T10:12:15.244+0300] {dag.py:2573} INFO - Sync 1 DAGs
[2023-11-21T10:12:15.258+0300] {logging_mixin.py:117} INFO - [2023-11-21T10:12:15.258+0300] {dag.py:3324} INFO - Setting next_dagrun for example_xcom to 2021-01-01T00:00:00+00:00, run_after=2021-01-01T00:00:00+00:00
[2023-11-21T10:12:15.276+0300] {processor.py:178} INFO - Processing /home/user/Masaüstü/kafka/.env/lib/python3.8/site-packages/airflow/example_dags/example_xcom.py took 0.100 seconds
[2023-11-21T10:12:53.955+0300] {processor.py:156} INFO - Started process (PID=34009) to work on /home/user/Masaüstü/kafka/.env/lib/python3.8/site-packages/airflow/example_dags/example_xcom.py
[2023-11-21T10:12:53.957+0300] {processor.py:758} INFO - Processing file /home/user/Masaüstü/kafka/.env/lib/python3.8/site-packages/airflow/example_dags/example_xcom.py for tasks to queue
[2023-11-21T10:12:53.958+0300] {logging_mixin.py:117} INFO - [2023-11-21T10:12:53.958+0300] {dagbag.py:525} INFO - Filling up the DagBag from /home/user/Masaüstü/kafka/.env/lib/python3.8/site-packages/airflow/example_dags/example_xcom.py
[2023-11-21T10:12:53.990+0300] {processor.py:768} INFO - DAG(s) dict_keys(['example_xcom']) retrieved from /home/user/Masaüstü/kafka/.env/lib/python3.8/site-packages/airflow/example_dags/example_xcom.py
[2023-11-21T10:12:54.015+0300] {logging_mixin.py:117} INFO - [2023-11-21T10:12:54.015+0300] {dag.py:2573} INFO - Sync 1 DAGs
[2023-11-21T10:12:54.030+0300] {logging_mixin.py:117} INFO - [2023-11-21T10:12:54.030+0300] {dag.py:3324} INFO - Setting next_dagrun for example_xcom to 2021-01-01T00:00:00+00:00, run_after=2021-01-01T00:00:00+00:00
[2023-11-21T10:12:54.047+0300] {processor.py:178} INFO - Processing /home/user/Masaüstü/kafka/.env/lib/python3.8/site-packages/airflow/example_dags/example_xcom.py took 0.095 seconds
[2023-11-21T10:13:31.335+0300] {processor.py:156} INFO - Started process (PID=34273) to work on /home/user/Masaüstü/kafka/.env/lib/python3.8/site-packages/airflow/example_dags/example_xcom.py
[2023-11-21T10:13:31.337+0300] {processor.py:758} INFO - Processing file /home/user/Masaüstü/kafka/.env/lib/python3.8/site-packages/airflow/example_dags/example_xcom.py for tasks to queue
[2023-11-21T10:13:31.338+0300] {logging_mixin.py:117} INFO - [2023-11-21T10:13:31.338+0300] {dagbag.py:525} INFO - Filling up the DagBag from /home/user/Masaüstü/kafka/.env/lib/python3.8/site-packages/airflow/example_dags/example_xcom.py
[2023-11-21T10:13:31.366+0300] {processor.py:768} INFO - DAG(s) dict_keys(['example_xcom']) retrieved from /home/user/Masaüstü/kafka/.env/lib/python3.8/site-packages/airflow/example_dags/example_xcom.py
[2023-11-21T10:13:31.402+0300] {logging_mixin.py:117} INFO - [2023-11-21T10:13:31.402+0300] {dag.py:2573} INFO - Sync 1 DAGs
[2023-11-21T10:13:31.423+0300] {logging_mixin.py:117} INFO - [2023-11-21T10:13:31.423+0300] {dag.py:3324} INFO - Setting next_dagrun for example_xcom to 2021-01-01T00:00:00+00:00, run_after=2021-01-01T00:00:00+00:00
[2023-11-21T10:13:31.455+0300] {processor.py:178} INFO - Processing /home/user/Masaüstü/kafka/.env/lib/python3.8/site-packages/airflow/example_dags/example_xcom.py took 0.123 seconds
[2023-11-21T10:14:23.735+0300] {processor.py:156} INFO - Started process (PID=35031) to work on /home/user/Masaüstü/kafka/.env/lib/python3.8/site-packages/airflow/example_dags/example_xcom.py
[2023-11-21T10:14:23.739+0300] {processor.py:758} INFO - Processing file /home/user/Masaüstü/kafka/.env/lib/python3.8/site-packages/airflow/example_dags/example_xcom.py for tasks to queue
[2023-11-21T10:14:23.741+0300] {logging_mixin.py:117} INFO - [2023-11-21T10:14:23.740+0300] {dagbag.py:525} INFO - Filling up the DagBag from /home/user/Masaüstü/kafka/.env/lib/python3.8/site-packages/airflow/example_dags/example_xcom.py
[2023-11-21T10:14:23.789+0300] {processor.py:768} INFO - DAG(s) dict_keys(['example_xcom']) retrieved from /home/user/Masaüstü/kafka/.env/lib/python3.8/site-packages/airflow/example_dags/example_xcom.py
[2023-11-21T10:14:23.827+0300] {logging_mixin.py:117} INFO - [2023-11-21T10:14:23.827+0300] {dag.py:2573} INFO - Sync 1 DAGs
[2023-11-21T10:14:23.890+0300] {logging_mixin.py:117} INFO - [2023-11-21T10:14:23.890+0300] {dag.py:3324} INFO - Setting next_dagrun for example_xcom to 2021-01-01T00:00:00+00:00, run_after=2021-01-01T00:00:00+00:00
[2023-11-21T10:14:24.065+0300] {processor.py:178} INFO - Processing /home/user/Masaüstü/kafka/.env/lib/python3.8/site-packages/airflow/example_dags/example_xcom.py took 0.338 seconds
[2023-11-21T10:15:01.216+0300] {processor.py:156} INFO - Started process (PID=35458) to work on /home/user/Masaüstü/kafka/.env/lib/python3.8/site-packages/airflow/example_dags/example_xcom.py
[2023-11-21T10:15:01.220+0300] {processor.py:758} INFO - Processing file /home/user/Masaüstü/kafka/.env/lib/python3.8/site-packages/airflow/example_dags/example_xcom.py for tasks to queue
[2023-11-21T10:15:01.223+0300] {logging_mixin.py:117} INFO - [2023-11-21T10:15:01.222+0300] {dagbag.py:525} INFO - Filling up the DagBag from /home/user/Masaüstü/kafka/.env/lib/python3.8/site-packages/airflow/example_dags/example_xcom.py
[2023-11-21T10:15:01.256+0300] {processor.py:768} INFO - DAG(s) dict_keys(['example_xcom']) retrieved from /home/user/Masaüstü/kafka/.env/lib/python3.8/site-packages/airflow/example_dags/example_xcom.py
[2023-11-21T10:15:01.278+0300] {logging_mixin.py:117} INFO - [2023-11-21T10:15:01.278+0300] {dag.py:2573} INFO - Sync 1 DAGs
[2023-11-21T10:15:01.300+0300] {logging_mixin.py:117} INFO - [2023-11-21T10:15:01.299+0300] {dag.py:3324} INFO - Setting next_dagrun for example_xcom to 2021-01-01T00:00:00+00:00, run_after=2021-01-01T00:00:00+00:00
[2023-11-21T10:15:01.338+0300] {processor.py:178} INFO - Processing /home/user/Masaüstü/kafka/.env/lib/python3.8/site-packages/airflow/example_dags/example_xcom.py took 0.129 seconds
[2023-11-21T10:15:38.034+0300] {processor.py:156} INFO - Started process (PID=35709) to work on /home/user/Masaüstü/kafka/.env/lib/python3.8/site-packages/airflow/example_dags/example_xcom.py
[2023-11-21T10:15:38.035+0300] {processor.py:758} INFO - Processing file /home/user/Masaüstü/kafka/.env/lib/python3.8/site-packages/airflow/example_dags/example_xcom.py for tasks to queue
[2023-11-21T10:15:38.036+0300] {logging_mixin.py:117} INFO - [2023-11-21T10:15:38.035+0300] {dagbag.py:525} INFO - Filling up the DagBag from /home/user/Masaüstü/kafka/.env/lib/python3.8/site-packages/airflow/example_dags/example_xcom.py
[2023-11-21T10:15:38.056+0300] {processor.py:768} INFO - DAG(s) dict_keys(['example_xcom']) retrieved from /home/user/Masaüstü/kafka/.env/lib/python3.8/site-packages/airflow/example_dags/example_xcom.py
[2023-11-21T10:15:38.074+0300] {logging_mixin.py:117} INFO - [2023-11-21T10:15:38.074+0300] {dag.py:2573} INFO - Sync 1 DAGs
[2023-11-21T10:15:38.089+0300] {logging_mixin.py:117} INFO - [2023-11-21T10:15:38.088+0300] {dag.py:3324} INFO - Setting next_dagrun for example_xcom to 2021-01-01T00:00:00+00:00, run_after=2021-01-01T00:00:00+00:00
[2023-11-21T10:15:38.106+0300] {processor.py:178} INFO - Processing /home/user/Masaüstü/kafka/.env/lib/python3.8/site-packages/airflow/example_dags/example_xcom.py took 0.076 seconds
[2023-11-21T10:16:16.329+0300] {processor.py:156} INFO - Started process (PID=35955) to work on /home/user/Masaüstü/kafka/.env/lib/python3.8/site-packages/airflow/example_dags/example_xcom.py
[2023-11-21T10:16:16.332+0300] {processor.py:758} INFO - Processing file /home/user/Masaüstü/kafka/.env/lib/python3.8/site-packages/airflow/example_dags/example_xcom.py for tasks to queue
[2023-11-21T10:16:16.334+0300] {logging_mixin.py:117} INFO - [2023-11-21T10:16:16.333+0300] {dagbag.py:525} INFO - Filling up the DagBag from /home/user/Masaüstü/kafka/.env/lib/python3.8/site-packages/airflow/example_dags/example_xcom.py
[2023-11-21T10:16:16.368+0300] {processor.py:768} INFO - DAG(s) dict_keys(['example_xcom']) retrieved from /home/user/Masaüstü/kafka/.env/lib/python3.8/site-packages/airflow/example_dags/example_xcom.py
[2023-11-21T10:16:16.386+0300] {logging_mixin.py:117} INFO - [2023-11-21T10:16:16.386+0300] {dag.py:2573} INFO - Sync 1 DAGs
[2023-11-21T10:16:16.400+0300] {logging_mixin.py:117} INFO - [2023-11-21T10:16:16.399+0300] {dag.py:3324} INFO - Setting next_dagrun for example_xcom to 2021-01-01T00:00:00+00:00, run_after=2021-01-01T00:00:00+00:00
[2023-11-21T10:16:16.425+0300] {processor.py:178} INFO - Processing /home/user/Masaüstü/kafka/.env/lib/python3.8/site-packages/airflow/example_dags/example_xcom.py took 0.103 seconds
[2023-11-21T10:16:53.675+0300] {processor.py:156} INFO - Started process (PID=36202) to work on /home/user/Masaüstü/kafka/.env/lib/python3.8/site-packages/airflow/example_dags/example_xcom.py
[2023-11-21T10:16:53.677+0300] {processor.py:758} INFO - Processing file /home/user/Masaüstü/kafka/.env/lib/python3.8/site-packages/airflow/example_dags/example_xcom.py for tasks to queue
[2023-11-21T10:16:53.677+0300] {logging_mixin.py:117} INFO - [2023-11-21T10:16:53.677+0300] {dagbag.py:525} INFO - Filling up the DagBag from /home/user/Masaüstü/kafka/.env/lib/python3.8/site-packages/airflow/example_dags/example_xcom.py
[2023-11-21T10:16:53.697+0300] {processor.py:768} INFO - DAG(s) dict_keys(['example_xcom']) retrieved from /home/user/Masaüstü/kafka/.env/lib/python3.8/site-packages/airflow/example_dags/example_xcom.py
[2023-11-21T10:16:53.715+0300] {logging_mixin.py:117} INFO - [2023-11-21T10:16:53.715+0300] {dag.py:2573} INFO - Sync 1 DAGs
[2023-11-21T10:16:53.729+0300] {logging_mixin.py:117} INFO - [2023-11-21T10:16:53.728+0300] {dag.py:3324} INFO - Setting next_dagrun for example_xcom to 2021-01-01T00:00:00+00:00, run_after=2021-01-01T00:00:00+00:00
[2023-11-21T10:16:53.756+0300] {processor.py:178} INFO - Processing /home/user/Masaüstü/kafka/.env/lib/python3.8/site-packages/airflow/example_dags/example_xcom.py took 0.082 seconds
[2023-11-21T10:17:30.991+0300] {processor.py:156} INFO - Started process (PID=36471) to work on /home/user/Masaüstü/kafka/.env/lib/python3.8/site-packages/airflow/example_dags/example_xcom.py
[2023-11-21T10:17:30.993+0300] {processor.py:758} INFO - Processing file /home/user/Masaüstü/kafka/.env/lib/python3.8/site-packages/airflow/example_dags/example_xcom.py for tasks to queue
[2023-11-21T10:17:30.993+0300] {logging_mixin.py:117} INFO - [2023-11-21T10:17:30.993+0300] {dagbag.py:525} INFO - Filling up the DagBag from /home/user/Masaüstü/kafka/.env/lib/python3.8/site-packages/airflow/example_dags/example_xcom.py
[2023-11-21T10:17:31.011+0300] {processor.py:768} INFO - DAG(s) dict_keys(['example_xcom']) retrieved from /home/user/Masaüstü/kafka/.env/lib/python3.8/site-packages/airflow/example_dags/example_xcom.py
[2023-11-21T10:17:31.029+0300] {logging_mixin.py:117} INFO - [2023-11-21T10:17:31.029+0300] {dag.py:2573} INFO - Sync 1 DAGs
[2023-11-21T10:17:31.043+0300] {logging_mixin.py:117} INFO - [2023-11-21T10:17:31.043+0300] {dag.py:3324} INFO - Setting next_dagrun for example_xcom to 2021-01-01T00:00:00+00:00, run_after=2021-01-01T00:00:00+00:00
[2023-11-21T10:17:31.062+0300] {processor.py:178} INFO - Processing /home/user/Masaüstü/kafka/.env/lib/python3.8/site-packages/airflow/example_dags/example_xcom.py took 0.073 seconds
[2023-11-21T10:18:08.852+0300] {processor.py:156} INFO - Started process (PID=36733) to work on /home/user/Masaüstü/kafka/.env/lib/python3.8/site-packages/airflow/example_dags/example_xcom.py
[2023-11-21T10:18:08.855+0300] {processor.py:758} INFO - Processing file /home/user/Masaüstü/kafka/.env/lib/python3.8/site-packages/airflow/example_dags/example_xcom.py for tasks to queue
[2023-11-21T10:18:08.856+0300] {logging_mixin.py:117} INFO - [2023-11-21T10:18:08.855+0300] {dagbag.py:525} INFO - Filling up the DagBag from /home/user/Masaüstü/kafka/.env/lib/python3.8/site-packages/airflow/example_dags/example_xcom.py
[2023-11-21T10:18:08.889+0300] {processor.py:768} INFO - DAG(s) dict_keys(['example_xcom']) retrieved from /home/user/Masaüstü/kafka/.env/lib/python3.8/site-packages/airflow/example_dags/example_xcom.py
[2023-11-21T10:18:08.906+0300] {logging_mixin.py:117} INFO - [2023-11-21T10:18:08.906+0300] {dag.py:2573} INFO - Sync 1 DAGs
[2023-11-21T10:18:08.921+0300] {logging_mixin.py:117} INFO - [2023-11-21T10:18:08.921+0300] {dag.py:3324} INFO - Setting next_dagrun for example_xcom to 2021-01-01T00:00:00+00:00, run_after=2021-01-01T00:00:00+00:00
[2023-11-21T10:18:08.949+0300] {processor.py:178} INFO - Processing /home/user/Masaüstü/kafka/.env/lib/python3.8/site-packages/airflow/example_dags/example_xcom.py took 0.101 seconds
[2023-11-21T10:18:47.620+0300] {processor.py:156} INFO - Started process (PID=36989) to work on /home/user/Masaüstü/kafka/.env/lib/python3.8/site-packages/airflow/example_dags/example_xcom.py
[2023-11-21T10:18:47.623+0300] {processor.py:758} INFO - Processing file /home/user/Masaüstü/kafka/.env/lib/python3.8/site-packages/airflow/example_dags/example_xcom.py for tasks to queue
[2023-11-21T10:18:47.626+0300] {logging_mixin.py:117} INFO - [2023-11-21T10:18:47.625+0300] {dagbag.py:525} INFO - Filling up the DagBag from /home/user/Masaüstü/kafka/.env/lib/python3.8/site-packages/airflow/example_dags/example_xcom.py
[2023-11-21T10:18:47.659+0300] {processor.py:768} INFO - DAG(s) dict_keys(['example_xcom']) retrieved from /home/user/Masaüstü/kafka/.env/lib/python3.8/site-packages/airflow/example_dags/example_xcom.py
[2023-11-21T10:18:47.676+0300] {logging_mixin.py:117} INFO - [2023-11-21T10:18:47.676+0300] {dag.py:2573} INFO - Sync 1 DAGs
[2023-11-21T10:18:47.691+0300] {logging_mixin.py:117} INFO - [2023-11-21T10:18:47.691+0300] {dag.py:3324} INFO - Setting next_dagrun for example_xcom to 2021-01-01T00:00:00+00:00, run_after=2021-01-01T00:00:00+00:00
[2023-11-21T10:18:47.708+0300] {processor.py:178} INFO - Processing /home/user/Masaüstü/kafka/.env/lib/python3.8/site-packages/airflow/example_dags/example_xcom.py took 0.095 seconds
[2023-11-21T10:19:25.449+0300] {processor.py:156} INFO - Started process (PID=37237) to work on /home/user/Masaüstü/kafka/.env/lib/python3.8/site-packages/airflow/example_dags/example_xcom.py
[2023-11-21T10:19:25.452+0300] {processor.py:758} INFO - Processing file /home/user/Masaüstü/kafka/.env/lib/python3.8/site-packages/airflow/example_dags/example_xcom.py for tasks to queue
[2023-11-21T10:19:25.454+0300] {logging_mixin.py:117} INFO - [2023-11-21T10:19:25.454+0300] {dagbag.py:525} INFO - Filling up the DagBag from /home/user/Masaüstü/kafka/.env/lib/python3.8/site-packages/airflow/example_dags/example_xcom.py
[2023-11-21T10:19:25.490+0300] {processor.py:768} INFO - DAG(s) dict_keys(['example_xcom']) retrieved from /home/user/Masaüstü/kafka/.env/lib/python3.8/site-packages/airflow/example_dags/example_xcom.py
[2023-11-21T10:19:25.509+0300] {logging_mixin.py:117} INFO - [2023-11-21T10:19:25.508+0300] {dag.py:2573} INFO - Sync 1 DAGs
[2023-11-21T10:19:25.522+0300] {logging_mixin.py:117} INFO - [2023-11-21T10:19:25.522+0300] {dag.py:3324} INFO - Setting next_dagrun for example_xcom to 2021-01-01T00:00:00+00:00, run_after=2021-01-01T00:00:00+00:00
[2023-11-21T10:19:25.549+0300] {processor.py:178} INFO - Processing /home/user/Masaüstü/kafka/.env/lib/python3.8/site-packages/airflow/example_dags/example_xcom.py took 0.107 seconds
