[2023-11-21T09:51:38.916+0300] {processor.py:156} INFO - Started process (PID=23742) to work on /home/user/Masaüstü/kafka/.env/lib/python3.8/site-packages/airflow/example_dags/example_external_task_marker_dag.py
[2023-11-21T09:51:38.918+0300] {processor.py:758} INFO - Processing file /home/user/Masaüstü/kafka/.env/lib/python3.8/site-packages/airflow/example_dags/example_external_task_marker_dag.py for tasks to queue
[2023-11-21T09:51:38.920+0300] {logging_mixin.py:117} INFO - [2023-11-21T09:51:38.919+0300] {dagbag.py:525} INFO - Filling up the DagBag from /home/user/Masaüstü/kafka/.env/lib/python3.8/site-packages/airflow/example_dags/example_external_task_marker_dag.py
[2023-11-21T09:51:38.964+0300] {processor.py:768} INFO - DAG(s) dict_keys(['example_external_task_marker_parent', 'example_external_task_marker_child']) retrieved from /home/user/Masaüstü/kafka/.env/lib/python3.8/site-packages/airflow/example_dags/example_external_task_marker_dag.py
[2023-11-21T09:51:39.002+0300] {logging_mixin.py:117} INFO - [2023-11-21T09:51:39.001+0300] {dag.py:2573} INFO - Sync 2 DAGs
[2023-11-21T09:51:39.049+0300] {logging_mixin.py:117} INFO - [2023-11-21T09:51:39.049+0300] {dag.py:3324} INFO - Setting next_dagrun for example_external_task_marker_child to None, run_after=None
[2023-11-21T09:51:39.059+0300] {logging_mixin.py:117} INFO - [2023-11-21T09:51:39.058+0300] {dag.py:3324} INFO - Setting next_dagrun for example_external_task_marker_parent to None, run_after=None
[2023-11-21T09:51:39.123+0300] {processor.py:178} INFO - Processing /home/user/Masaüstü/kafka/.env/lib/python3.8/site-packages/airflow/example_dags/example_external_task_marker_dag.py took 0.215 seconds
[2023-11-21T09:52:17.823+0300] {processor.py:156} INFO - Started process (PID=24099) to work on /home/user/Masaüstü/kafka/.env/lib/python3.8/site-packages/airflow/example_dags/example_external_task_marker_dag.py
[2023-11-21T09:52:17.825+0300] {processor.py:758} INFO - Processing file /home/user/Masaüstü/kafka/.env/lib/python3.8/site-packages/airflow/example_dags/example_external_task_marker_dag.py for tasks to queue
[2023-11-21T09:52:17.825+0300] {logging_mixin.py:117} INFO - [2023-11-21T09:52:17.825+0300] {dagbag.py:525} INFO - Filling up the DagBag from /home/user/Masaüstü/kafka/.env/lib/python3.8/site-packages/airflow/example_dags/example_external_task_marker_dag.py
[2023-11-21T09:52:17.838+0300] {processor.py:768} INFO - DAG(s) dict_keys(['example_external_task_marker_parent', 'example_external_task_marker_child']) retrieved from /home/user/Masaüstü/kafka/.env/lib/python3.8/site-packages/airflow/example_dags/example_external_task_marker_dag.py
[2023-11-21T09:52:17.908+0300] {logging_mixin.py:117} INFO - [2023-11-21T09:52:17.908+0300] {dag.py:2573} INFO - Sync 2 DAGs
[2023-11-21T09:52:17.922+0300] {logging_mixin.py:117} INFO - [2023-11-21T09:52:17.922+0300] {dag.py:3324} INFO - Setting next_dagrun for example_external_task_marker_child to None, run_after=None
[2023-11-21T09:52:17.925+0300] {logging_mixin.py:117} INFO - [2023-11-21T09:52:17.925+0300] {dag.py:3324} INFO - Setting next_dagrun for example_external_task_marker_parent to None, run_after=None
[2023-11-21T09:52:17.942+0300] {processor.py:178} INFO - Processing /home/user/Masaüstü/kafka/.env/lib/python3.8/site-packages/airflow/example_dags/example_external_task_marker_dag.py took 0.121 seconds
[2023-11-21T09:52:54.701+0300] {processor.py:156} INFO - Started process (PID=24506) to work on /home/user/Masaüstü/kafka/.env/lib/python3.8/site-packages/airflow/example_dags/example_external_task_marker_dag.py
[2023-11-21T09:52:54.703+0300] {processor.py:758} INFO - Processing file /home/user/Masaüstü/kafka/.env/lib/python3.8/site-packages/airflow/example_dags/example_external_task_marker_dag.py for tasks to queue
[2023-11-21T09:52:54.703+0300] {logging_mixin.py:117} INFO - [2023-11-21T09:52:54.703+0300] {dagbag.py:525} INFO - Filling up the DagBag from /home/user/Masaüstü/kafka/.env/lib/python3.8/site-packages/airflow/example_dags/example_external_task_marker_dag.py
[2023-11-21T09:52:54.726+0300] {processor.py:768} INFO - DAG(s) dict_keys(['example_external_task_marker_child', 'example_external_task_marker_parent']) retrieved from /home/user/Masaüstü/kafka/.env/lib/python3.8/site-packages/airflow/example_dags/example_external_task_marker_dag.py
[2023-11-21T09:52:54.793+0300] {logging_mixin.py:117} INFO - [2023-11-21T09:52:54.793+0300] {dag.py:2573} INFO - Sync 2 DAGs
[2023-11-21T09:52:54.808+0300] {logging_mixin.py:117} INFO - [2023-11-21T09:52:54.807+0300] {dag.py:3324} INFO - Setting next_dagrun for example_external_task_marker_child to None, run_after=None
[2023-11-21T09:52:54.810+0300] {logging_mixin.py:117} INFO - [2023-11-21T09:52:54.810+0300] {dag.py:3324} INFO - Setting next_dagrun for example_external_task_marker_parent to None, run_after=None
[2023-11-21T09:52:54.836+0300] {processor.py:178} INFO - Processing /home/user/Masaüstü/kafka/.env/lib/python3.8/site-packages/airflow/example_dags/example_external_task_marker_dag.py took 0.138 seconds
[2023-11-21T09:53:33.106+0300] {processor.py:156} INFO - Started process (PID=24764) to work on /home/user/Masaüstü/kafka/.env/lib/python3.8/site-packages/airflow/example_dags/example_external_task_marker_dag.py
[2023-11-21T09:53:33.109+0300] {processor.py:758} INFO - Processing file /home/user/Masaüstü/kafka/.env/lib/python3.8/site-packages/airflow/example_dags/example_external_task_marker_dag.py for tasks to queue
[2023-11-21T09:53:33.111+0300] {logging_mixin.py:117} INFO - [2023-11-21T09:53:33.111+0300] {dagbag.py:525} INFO - Filling up the DagBag from /home/user/Masaüstü/kafka/.env/lib/python3.8/site-packages/airflow/example_dags/example_external_task_marker_dag.py
[2023-11-21T09:53:33.131+0300] {processor.py:768} INFO - DAG(s) dict_keys(['example_external_task_marker_parent', 'example_external_task_marker_child']) retrieved from /home/user/Masaüstü/kafka/.env/lib/python3.8/site-packages/airflow/example_dags/example_external_task_marker_dag.py
[2023-11-21T09:53:33.230+0300] {logging_mixin.py:117} INFO - [2023-11-21T09:53:33.230+0300] {dag.py:2573} INFO - Sync 2 DAGs
[2023-11-21T09:53:33.247+0300] {logging_mixin.py:117} INFO - [2023-11-21T09:53:33.247+0300] {dag.py:3324} INFO - Setting next_dagrun for example_external_task_marker_child to None, run_after=None
[2023-11-21T09:53:33.251+0300] {logging_mixin.py:117} INFO - [2023-11-21T09:53:33.251+0300] {dag.py:3324} INFO - Setting next_dagrun for example_external_task_marker_parent to None, run_after=None
[2023-11-21T09:53:33.273+0300] {processor.py:178} INFO - Processing /home/user/Masaüstü/kafka/.env/lib/python3.8/site-packages/airflow/example_dags/example_external_task_marker_dag.py took 0.176 seconds
[2023-11-21T09:54:08.723+0300] {processor.py:156} INFO - Started process (PID=24988) to work on /home/user/Masaüstü/kafka/.env/lib/python3.8/site-packages/airflow/example_dags/example_external_task_marker_dag.py
[2023-11-21T09:54:08.726+0300] {processor.py:758} INFO - Processing file /home/user/Masaüstü/kafka/.env/lib/python3.8/site-packages/airflow/example_dags/example_external_task_marker_dag.py for tasks to queue
[2023-11-21T09:54:08.727+0300] {logging_mixin.py:117} INFO - [2023-11-21T09:54:08.727+0300] {dagbag.py:525} INFO - Filling up the DagBag from /home/user/Masaüstü/kafka/.env/lib/python3.8/site-packages/airflow/example_dags/example_external_task_marker_dag.py
[2023-11-21T09:54:08.745+0300] {processor.py:768} INFO - DAG(s) dict_keys(['example_external_task_marker_parent', 'example_external_task_marker_child']) retrieved from /home/user/Masaüstü/kafka/.env/lib/python3.8/site-packages/airflow/example_dags/example_external_task_marker_dag.py
[2023-11-21T09:54:08.812+0300] {logging_mixin.py:117} INFO - [2023-11-21T09:54:08.812+0300] {dag.py:2573} INFO - Sync 2 DAGs
[2023-11-21T09:54:08.826+0300] {logging_mixin.py:117} INFO - [2023-11-21T09:54:08.826+0300] {dag.py:3324} INFO - Setting next_dagrun for example_external_task_marker_child to None, run_after=None
[2023-11-21T09:54:08.829+0300] {logging_mixin.py:117} INFO - [2023-11-21T09:54:08.829+0300] {dag.py:3324} INFO - Setting next_dagrun for example_external_task_marker_parent to None, run_after=None
[2023-11-21T09:54:08.845+0300] {processor.py:178} INFO - Processing /home/user/Masaüstü/kafka/.env/lib/python3.8/site-packages/airflow/example_dags/example_external_task_marker_dag.py took 0.128 seconds
[2023-11-21T09:54:45.422+0300] {processor.py:156} INFO - Started process (PID=25211) to work on /home/user/Masaüstü/kafka/.env/lib/python3.8/site-packages/airflow/example_dags/example_external_task_marker_dag.py
[2023-11-21T09:54:45.425+0300] {processor.py:758} INFO - Processing file /home/user/Masaüstü/kafka/.env/lib/python3.8/site-packages/airflow/example_dags/example_external_task_marker_dag.py for tasks to queue
[2023-11-21T09:54:45.427+0300] {logging_mixin.py:117} INFO - [2023-11-21T09:54:45.427+0300] {dagbag.py:525} INFO - Filling up the DagBag from /home/user/Masaüstü/kafka/.env/lib/python3.8/site-packages/airflow/example_dags/example_external_task_marker_dag.py
[2023-11-21T09:54:45.450+0300] {processor.py:768} INFO - DAG(s) dict_keys(['example_external_task_marker_parent', 'example_external_task_marker_child']) retrieved from /home/user/Masaüstü/kafka/.env/lib/python3.8/site-packages/airflow/example_dags/example_external_task_marker_dag.py
[2023-11-21T09:54:45.517+0300] {logging_mixin.py:117} INFO - [2023-11-21T09:54:45.517+0300] {dag.py:2573} INFO - Sync 2 DAGs
[2023-11-21T09:54:45.532+0300] {logging_mixin.py:117} INFO - [2023-11-21T09:54:45.532+0300] {dag.py:3324} INFO - Setting next_dagrun for example_external_task_marker_child to None, run_after=None
[2023-11-21T09:54:45.537+0300] {logging_mixin.py:117} INFO - [2023-11-21T09:54:45.536+0300] {dag.py:3324} INFO - Setting next_dagrun for example_external_task_marker_parent to None, run_after=None
[2023-11-21T09:54:45.561+0300] {processor.py:178} INFO - Processing /home/user/Masaüstü/kafka/.env/lib/python3.8/site-packages/airflow/example_dags/example_external_task_marker_dag.py took 0.145 seconds
[2023-11-21T09:55:22.737+0300] {processor.py:156} INFO - Started process (PID=25484) to work on /home/user/Masaüstü/kafka/.env/lib/python3.8/site-packages/airflow/example_dags/example_external_task_marker_dag.py
[2023-11-21T09:55:22.739+0300] {processor.py:758} INFO - Processing file /home/user/Masaüstü/kafka/.env/lib/python3.8/site-packages/airflow/example_dags/example_external_task_marker_dag.py for tasks to queue
[2023-11-21T09:55:22.740+0300] {logging_mixin.py:117} INFO - [2023-11-21T09:55:22.740+0300] {dagbag.py:525} INFO - Filling up the DagBag from /home/user/Masaüstü/kafka/.env/lib/python3.8/site-packages/airflow/example_dags/example_external_task_marker_dag.py
[2023-11-21T09:55:22.759+0300] {processor.py:768} INFO - DAG(s) dict_keys(['example_external_task_marker_parent', 'example_external_task_marker_child']) retrieved from /home/user/Masaüstü/kafka/.env/lib/python3.8/site-packages/airflow/example_dags/example_external_task_marker_dag.py
[2023-11-21T09:55:22.827+0300] {logging_mixin.py:117} INFO - [2023-11-21T09:55:22.827+0300] {dag.py:2573} INFO - Sync 2 DAGs
[2023-11-21T09:55:22.841+0300] {logging_mixin.py:117} INFO - [2023-11-21T09:55:22.841+0300] {dag.py:3324} INFO - Setting next_dagrun for example_external_task_marker_child to None, run_after=None
[2023-11-21T09:55:22.843+0300] {logging_mixin.py:117} INFO - [2023-11-21T09:55:22.843+0300] {dag.py:3324} INFO - Setting next_dagrun for example_external_task_marker_parent to None, run_after=None
[2023-11-21T09:55:22.869+0300] {processor.py:178} INFO - Processing /home/user/Masaüstü/kafka/.env/lib/python3.8/site-packages/airflow/example_dags/example_external_task_marker_dag.py took 0.135 seconds
[2023-11-21T09:56:00.339+0300] {processor.py:156} INFO - Started process (PID=25749) to work on /home/user/Masaüstü/kafka/.env/lib/python3.8/site-packages/airflow/example_dags/example_external_task_marker_dag.py
[2023-11-21T09:56:00.340+0300] {processor.py:758} INFO - Processing file /home/user/Masaüstü/kafka/.env/lib/python3.8/site-packages/airflow/example_dags/example_external_task_marker_dag.py for tasks to queue
[2023-11-21T09:56:00.341+0300] {logging_mixin.py:117} INFO - [2023-11-21T09:56:00.340+0300] {dagbag.py:525} INFO - Filling up the DagBag from /home/user/Masaüstü/kafka/.env/lib/python3.8/site-packages/airflow/example_dags/example_external_task_marker_dag.py
[2023-11-21T09:56:00.351+0300] {processor.py:768} INFO - DAG(s) dict_keys(['example_external_task_marker_child', 'example_external_task_marker_parent']) retrieved from /home/user/Masaüstü/kafka/.env/lib/python3.8/site-packages/airflow/example_dags/example_external_task_marker_dag.py
[2023-11-21T09:56:00.422+0300] {logging_mixin.py:117} INFO - [2023-11-21T09:56:00.422+0300] {dag.py:2573} INFO - Sync 2 DAGs
[2023-11-21T09:56:00.438+0300] {logging_mixin.py:117} INFO - [2023-11-21T09:56:00.438+0300] {dag.py:3324} INFO - Setting next_dagrun for example_external_task_marker_child to None, run_after=None
[2023-11-21T09:56:00.440+0300] {logging_mixin.py:117} INFO - [2023-11-21T09:56:00.440+0300] {dag.py:3324} INFO - Setting next_dagrun for example_external_task_marker_parent to None, run_after=None
[2023-11-21T09:56:00.468+0300] {processor.py:178} INFO - Processing /home/user/Masaüstü/kafka/.env/lib/python3.8/site-packages/airflow/example_dags/example_external_task_marker_dag.py took 0.131 seconds
[2023-11-21T09:56:36.577+0300] {processor.py:156} INFO - Started process (PID=26016) to work on /home/user/Masaüstü/kafka/.env/lib/python3.8/site-packages/airflow/example_dags/example_external_task_marker_dag.py
[2023-11-21T09:56:36.580+0300] {processor.py:758} INFO - Processing file /home/user/Masaüstü/kafka/.env/lib/python3.8/site-packages/airflow/example_dags/example_external_task_marker_dag.py for tasks to queue
[2023-11-21T09:56:36.581+0300] {logging_mixin.py:117} INFO - [2023-11-21T09:56:36.581+0300] {dagbag.py:525} INFO - Filling up the DagBag from /home/user/Masaüstü/kafka/.env/lib/python3.8/site-packages/airflow/example_dags/example_external_task_marker_dag.py
[2023-11-21T09:56:36.599+0300] {processor.py:768} INFO - DAG(s) dict_keys(['example_external_task_marker_child', 'example_external_task_marker_parent']) retrieved from /home/user/Masaüstü/kafka/.env/lib/python3.8/site-packages/airflow/example_dags/example_external_task_marker_dag.py
[2023-11-21T09:56:36.665+0300] {logging_mixin.py:117} INFO - [2023-11-21T09:56:36.665+0300] {dag.py:2573} INFO - Sync 2 DAGs
[2023-11-21T09:56:36.679+0300] {logging_mixin.py:117} INFO - [2023-11-21T09:56:36.679+0300] {dag.py:3324} INFO - Setting next_dagrun for example_external_task_marker_child to None, run_after=None
[2023-11-21T09:56:36.682+0300] {logging_mixin.py:117} INFO - [2023-11-21T09:56:36.681+0300] {dag.py:3324} INFO - Setting next_dagrun for example_external_task_marker_parent to None, run_after=None
[2023-11-21T09:56:36.698+0300] {processor.py:178} INFO - Processing /home/user/Masaüstü/kafka/.env/lib/python3.8/site-packages/airflow/example_dags/example_external_task_marker_dag.py took 0.129 seconds
[2023-11-21T09:57:15.119+0300] {processor.py:156} INFO - Started process (PID=26254) to work on /home/user/Masaüstü/kafka/.env/lib/python3.8/site-packages/airflow/example_dags/example_external_task_marker_dag.py
[2023-11-21T09:57:15.120+0300] {processor.py:758} INFO - Processing file /home/user/Masaüstü/kafka/.env/lib/python3.8/site-packages/airflow/example_dags/example_external_task_marker_dag.py for tasks to queue
[2023-11-21T09:57:15.121+0300] {logging_mixin.py:117} INFO - [2023-11-21T09:57:15.121+0300] {dagbag.py:525} INFO - Filling up the DagBag from /home/user/Masaüstü/kafka/.env/lib/python3.8/site-packages/airflow/example_dags/example_external_task_marker_dag.py
[2023-11-21T09:57:15.138+0300] {processor.py:768} INFO - DAG(s) dict_keys(['example_external_task_marker_child', 'example_external_task_marker_parent']) retrieved from /home/user/Masaüstü/kafka/.env/lib/python3.8/site-packages/airflow/example_dags/example_external_task_marker_dag.py
[2023-11-21T09:57:15.209+0300] {logging_mixin.py:117} INFO - [2023-11-21T09:57:15.208+0300] {dag.py:2573} INFO - Sync 2 DAGs
[2023-11-21T09:57:15.230+0300] {logging_mixin.py:117} INFO - [2023-11-21T09:57:15.230+0300] {dag.py:3324} INFO - Setting next_dagrun for example_external_task_marker_child to None, run_after=None
[2023-11-21T09:57:15.236+0300] {logging_mixin.py:117} INFO - [2023-11-21T09:57:15.236+0300] {dag.py:3324} INFO - Setting next_dagrun for example_external_task_marker_parent to None, run_after=None
[2023-11-21T09:57:15.258+0300] {processor.py:178} INFO - Processing /home/user/Masaüstü/kafka/.env/lib/python3.8/site-packages/airflow/example_dags/example_external_task_marker_dag.py took 0.144 seconds
[2023-11-21T09:57:51.625+0300] {processor.py:156} INFO - Started process (PID=26489) to work on /home/user/Masaüstü/kafka/.env/lib/python3.8/site-packages/airflow/example_dags/example_external_task_marker_dag.py
[2023-11-21T09:57:51.628+0300] {processor.py:758} INFO - Processing file /home/user/Masaüstü/kafka/.env/lib/python3.8/site-packages/airflow/example_dags/example_external_task_marker_dag.py for tasks to queue
[2023-11-21T09:57:51.630+0300] {logging_mixin.py:117} INFO - [2023-11-21T09:57:51.630+0300] {dagbag.py:525} INFO - Filling up the DagBag from /home/user/Masaüstü/kafka/.env/lib/python3.8/site-packages/airflow/example_dags/example_external_task_marker_dag.py
[2023-11-21T09:57:51.655+0300] {processor.py:768} INFO - DAG(s) dict_keys(['example_external_task_marker_child', 'example_external_task_marker_parent']) retrieved from /home/user/Masaüstü/kafka/.env/lib/python3.8/site-packages/airflow/example_dags/example_external_task_marker_dag.py
[2023-11-21T09:57:51.724+0300] {logging_mixin.py:117} INFO - [2023-11-21T09:57:51.724+0300] {dag.py:2573} INFO - Sync 2 DAGs
[2023-11-21T09:57:51.738+0300] {logging_mixin.py:117} INFO - [2023-11-21T09:57:51.738+0300] {dag.py:3324} INFO - Setting next_dagrun for example_external_task_marker_child to None, run_after=None
[2023-11-21T09:57:51.741+0300] {logging_mixin.py:117} INFO - [2023-11-21T09:57:51.741+0300] {dag.py:3324} INFO - Setting next_dagrun for example_external_task_marker_parent to None, run_after=None
[2023-11-21T09:57:51.756+0300] {processor.py:178} INFO - Processing /home/user/Masaüstü/kafka/.env/lib/python3.8/site-packages/airflow/example_dags/example_external_task_marker_dag.py took 0.138 seconds
[2023-11-21T09:58:27.513+0300] {processor.py:156} INFO - Started process (PID=26924) to work on /home/user/Masaüstü/kafka/.env/lib/python3.8/site-packages/airflow/example_dags/example_external_task_marker_dag.py
[2023-11-21T09:58:27.514+0300] {processor.py:758} INFO - Processing file /home/user/Masaüstü/kafka/.env/lib/python3.8/site-packages/airflow/example_dags/example_external_task_marker_dag.py for tasks to queue
[2023-11-21T09:58:27.515+0300] {logging_mixin.py:117} INFO - [2023-11-21T09:58:27.514+0300] {dagbag.py:525} INFO - Filling up the DagBag from /home/user/Masaüstü/kafka/.env/lib/python3.8/site-packages/airflow/example_dags/example_external_task_marker_dag.py
[2023-11-21T09:58:27.532+0300] {processor.py:768} INFO - DAG(s) dict_keys(['example_external_task_marker_child', 'example_external_task_marker_parent']) retrieved from /home/user/Masaüstü/kafka/.env/lib/python3.8/site-packages/airflow/example_dags/example_external_task_marker_dag.py
[2023-11-21T09:58:27.764+0300] {logging_mixin.py:117} INFO - [2023-11-21T09:58:27.764+0300] {dag.py:2573} INFO - Sync 2 DAGs
[2023-11-21T09:58:27.826+0300] {logging_mixin.py:117} INFO - [2023-11-21T09:58:27.826+0300] {dag.py:3324} INFO - Setting next_dagrun for example_external_task_marker_child to None, run_after=None
[2023-11-21T09:58:27.838+0300] {logging_mixin.py:117} INFO - [2023-11-21T09:58:27.838+0300] {dag.py:3324} INFO - Setting next_dagrun for example_external_task_marker_parent to None, run_after=None
[2023-11-21T09:58:27.891+0300] {processor.py:178} INFO - Processing /home/user/Masaüstü/kafka/.env/lib/python3.8/site-packages/airflow/example_dags/example_external_task_marker_dag.py took 0.381 seconds
[2023-11-21T09:59:06.240+0300] {processor.py:156} INFO - Started process (PID=27336) to work on /home/user/Masaüstü/kafka/.env/lib/python3.8/site-packages/airflow/example_dags/example_external_task_marker_dag.py
[2023-11-21T09:59:06.243+0300] {processor.py:758} INFO - Processing file /home/user/Masaüstü/kafka/.env/lib/python3.8/site-packages/airflow/example_dags/example_external_task_marker_dag.py for tasks to queue
[2023-11-21T09:59:06.245+0300] {logging_mixin.py:117} INFO - [2023-11-21T09:59:06.245+0300] {dagbag.py:525} INFO - Filling up the DagBag from /home/user/Masaüstü/kafka/.env/lib/python3.8/site-packages/airflow/example_dags/example_external_task_marker_dag.py
[2023-11-21T09:59:06.271+0300] {processor.py:768} INFO - DAG(s) dict_keys(['example_external_task_marker_child', 'example_external_task_marker_parent']) retrieved from /home/user/Masaüstü/kafka/.env/lib/python3.8/site-packages/airflow/example_dags/example_external_task_marker_dag.py
[2023-11-21T09:59:06.340+0300] {logging_mixin.py:117} INFO - [2023-11-21T09:59:06.340+0300] {dag.py:2573} INFO - Sync 2 DAGs
[2023-11-21T09:59:06.354+0300] {logging_mixin.py:117} INFO - [2023-11-21T09:59:06.354+0300] {dag.py:3324} INFO - Setting next_dagrun for example_external_task_marker_child to None, run_after=None
[2023-11-21T09:59:06.356+0300] {logging_mixin.py:117} INFO - [2023-11-21T09:59:06.356+0300] {dag.py:3324} INFO - Setting next_dagrun for example_external_task_marker_parent to None, run_after=None
[2023-11-21T09:59:06.372+0300] {processor.py:178} INFO - Processing /home/user/Masaüstü/kafka/.env/lib/python3.8/site-packages/airflow/example_dags/example_external_task_marker_dag.py took 0.139 seconds
[2023-11-21T09:59:40.980+0300] {processor.py:156} INFO - Started process (PID=27557) to work on /home/user/Masaüstü/kafka/.env/lib/python3.8/site-packages/airflow/example_dags/example_external_task_marker_dag.py
[2023-11-21T09:59:40.982+0300] {processor.py:758} INFO - Processing file /home/user/Masaüstü/kafka/.env/lib/python3.8/site-packages/airflow/example_dags/example_external_task_marker_dag.py for tasks to queue
[2023-11-21T09:59:40.982+0300] {logging_mixin.py:117} INFO - [2023-11-21T09:59:40.982+0300] {dagbag.py:525} INFO - Filling up the DagBag from /home/user/Masaüstü/kafka/.env/lib/python3.8/site-packages/airflow/example_dags/example_external_task_marker_dag.py
[2023-11-21T09:59:40.999+0300] {processor.py:768} INFO - DAG(s) dict_keys(['example_external_task_marker_child', 'example_external_task_marker_parent']) retrieved from /home/user/Masaüstü/kafka/.env/lib/python3.8/site-packages/airflow/example_dags/example_external_task_marker_dag.py
[2023-11-21T09:59:41.068+0300] {logging_mixin.py:117} INFO - [2023-11-21T09:59:41.068+0300] {dag.py:2573} INFO - Sync 2 DAGs
[2023-11-21T09:59:41.082+0300] {logging_mixin.py:117} INFO - [2023-11-21T09:59:41.082+0300] {dag.py:3324} INFO - Setting next_dagrun for example_external_task_marker_child to None, run_after=None
[2023-11-21T09:59:41.084+0300] {logging_mixin.py:117} INFO - [2023-11-21T09:59:41.084+0300] {dag.py:3324} INFO - Setting next_dagrun for example_external_task_marker_parent to None, run_after=None
[2023-11-21T09:59:41.111+0300] {processor.py:178} INFO - Processing /home/user/Masaüstü/kafka/.env/lib/python3.8/site-packages/airflow/example_dags/example_external_task_marker_dag.py took 0.133 seconds
[2023-11-21T10:00:17.037+0300] {processor.py:156} INFO - Started process (PID=27777) to work on /home/user/Masaüstü/kafka/.env/lib/python3.8/site-packages/airflow/example_dags/example_external_task_marker_dag.py
[2023-11-21T10:00:17.039+0300] {processor.py:758} INFO - Processing file /home/user/Masaüstü/kafka/.env/lib/python3.8/site-packages/airflow/example_dags/example_external_task_marker_dag.py for tasks to queue
[2023-11-21T10:00:17.039+0300] {logging_mixin.py:117} INFO - [2023-11-21T10:00:17.039+0300] {dagbag.py:525} INFO - Filling up the DagBag from /home/user/Masaüstü/kafka/.env/lib/python3.8/site-packages/airflow/example_dags/example_external_task_marker_dag.py
[2023-11-21T10:00:17.050+0300] {processor.py:768} INFO - DAG(s) dict_keys(['example_external_task_marker_parent', 'example_external_task_marker_child']) retrieved from /home/user/Masaüstü/kafka/.env/lib/python3.8/site-packages/airflow/example_dags/example_external_task_marker_dag.py
[2023-11-21T10:00:17.116+0300] {logging_mixin.py:117} INFO - [2023-11-21T10:00:17.116+0300] {dag.py:2573} INFO - Sync 2 DAGs
[2023-11-21T10:00:17.130+0300] {logging_mixin.py:117} INFO - [2023-11-21T10:00:17.130+0300] {dag.py:3324} INFO - Setting next_dagrun for example_external_task_marker_child to None, run_after=None
[2023-11-21T10:00:17.133+0300] {logging_mixin.py:117} INFO - [2023-11-21T10:00:17.133+0300] {dag.py:3324} INFO - Setting next_dagrun for example_external_task_marker_parent to None, run_after=None
[2023-11-21T10:00:17.151+0300] {processor.py:178} INFO - Processing /home/user/Masaüstü/kafka/.env/lib/python3.8/site-packages/airflow/example_dags/example_external_task_marker_dag.py took 0.116 seconds
[2023-11-21T10:00:52.733+0300] {processor.py:156} INFO - Started process (PID=27993) to work on /home/user/Masaüstü/kafka/.env/lib/python3.8/site-packages/airflow/example_dags/example_external_task_marker_dag.py
[2023-11-21T10:00:52.736+0300] {processor.py:758} INFO - Processing file /home/user/Masaüstü/kafka/.env/lib/python3.8/site-packages/airflow/example_dags/example_external_task_marker_dag.py for tasks to queue
[2023-11-21T10:00:52.737+0300] {logging_mixin.py:117} INFO - [2023-11-21T10:00:52.737+0300] {dagbag.py:525} INFO - Filling up the DagBag from /home/user/Masaüstü/kafka/.env/lib/python3.8/site-packages/airflow/example_dags/example_external_task_marker_dag.py
[2023-11-21T10:00:52.755+0300] {processor.py:768} INFO - DAG(s) dict_keys(['example_external_task_marker_parent', 'example_external_task_marker_child']) retrieved from /home/user/Masaüstü/kafka/.env/lib/python3.8/site-packages/airflow/example_dags/example_external_task_marker_dag.py
[2023-11-21T10:00:52.829+0300] {logging_mixin.py:117} INFO - [2023-11-21T10:00:52.828+0300] {dag.py:2573} INFO - Sync 2 DAGs
[2023-11-21T10:00:52.843+0300] {logging_mixin.py:117} INFO - [2023-11-21T10:00:52.843+0300] {dag.py:3324} INFO - Setting next_dagrun for example_external_task_marker_child to None, run_after=None
[2023-11-21T10:00:52.845+0300] {logging_mixin.py:117} INFO - [2023-11-21T10:00:52.845+0300] {dag.py:3324} INFO - Setting next_dagrun for example_external_task_marker_parent to None, run_after=None
[2023-11-21T10:00:52.862+0300] {processor.py:178} INFO - Processing /home/user/Masaüstü/kafka/.env/lib/python3.8/site-packages/airflow/example_dags/example_external_task_marker_dag.py took 0.131 seconds
[2023-11-21T10:01:27.430+0300] {processor.py:156} INFO - Started process (PID=28264) to work on /home/user/Masaüstü/kafka/.env/lib/python3.8/site-packages/airflow/example_dags/example_external_task_marker_dag.py
[2023-11-21T10:01:27.431+0300] {processor.py:758} INFO - Processing file /home/user/Masaüstü/kafka/.env/lib/python3.8/site-packages/airflow/example_dags/example_external_task_marker_dag.py for tasks to queue
[2023-11-21T10:01:27.431+0300] {logging_mixin.py:117} INFO - [2023-11-21T10:01:27.431+0300] {dagbag.py:525} INFO - Filling up the DagBag from /home/user/Masaüstü/kafka/.env/lib/python3.8/site-packages/airflow/example_dags/example_external_task_marker_dag.py
[2023-11-21T10:01:27.441+0300] {processor.py:768} INFO - DAG(s) dict_keys(['example_external_task_marker_parent', 'example_external_task_marker_child']) retrieved from /home/user/Masaüstü/kafka/.env/lib/python3.8/site-packages/airflow/example_dags/example_external_task_marker_dag.py
[2023-11-21T10:01:27.511+0300] {logging_mixin.py:117} INFO - [2023-11-21T10:01:27.511+0300] {dag.py:2573} INFO - Sync 2 DAGs
[2023-11-21T10:01:27.523+0300] {logging_mixin.py:117} INFO - [2023-11-21T10:01:27.523+0300] {dag.py:3324} INFO - Setting next_dagrun for example_external_task_marker_child to None, run_after=None
[2023-11-21T10:01:27.525+0300] {logging_mixin.py:117} INFO - [2023-11-21T10:01:27.525+0300] {dag.py:3324} INFO - Setting next_dagrun for example_external_task_marker_parent to None, run_after=None
[2023-11-21T10:01:27.540+0300] {processor.py:178} INFO - Processing /home/user/Masaüstü/kafka/.env/lib/python3.8/site-packages/airflow/example_dags/example_external_task_marker_dag.py took 0.112 seconds
[2023-11-21T10:02:04.009+0300] {processor.py:156} INFO - Started process (PID=28501) to work on /home/user/Masaüstü/kafka/.env/lib/python3.8/site-packages/airflow/example_dags/example_external_task_marker_dag.py
[2023-11-21T10:02:04.011+0300] {processor.py:758} INFO - Processing file /home/user/Masaüstü/kafka/.env/lib/python3.8/site-packages/airflow/example_dags/example_external_task_marker_dag.py for tasks to queue
[2023-11-21T10:02:04.011+0300] {logging_mixin.py:117} INFO - [2023-11-21T10:02:04.011+0300] {dagbag.py:525} INFO - Filling up the DagBag from /home/user/Masaüstü/kafka/.env/lib/python3.8/site-packages/airflow/example_dags/example_external_task_marker_dag.py
[2023-11-21T10:02:04.025+0300] {processor.py:768} INFO - DAG(s) dict_keys(['example_external_task_marker_child', 'example_external_task_marker_parent']) retrieved from /home/user/Masaüstü/kafka/.env/lib/python3.8/site-packages/airflow/example_dags/example_external_task_marker_dag.py
[2023-11-21T10:02:04.105+0300] {logging_mixin.py:117} INFO - [2023-11-21T10:02:04.105+0300] {dag.py:2573} INFO - Sync 2 DAGs
[2023-11-21T10:02:04.121+0300] {logging_mixin.py:117} INFO - [2023-11-21T10:02:04.121+0300] {dag.py:3324} INFO - Setting next_dagrun for example_external_task_marker_child to None, run_after=None
[2023-11-21T10:02:04.124+0300] {logging_mixin.py:117} INFO - [2023-11-21T10:02:04.124+0300] {dag.py:3324} INFO - Setting next_dagrun for example_external_task_marker_parent to None, run_after=None
[2023-11-21T10:02:04.142+0300] {processor.py:178} INFO - Processing /home/user/Masaüstü/kafka/.env/lib/python3.8/site-packages/airflow/example_dags/example_external_task_marker_dag.py took 0.136 seconds
[2023-11-21T10:02:41.062+0300] {processor.py:156} INFO - Started process (PID=28718) to work on /home/user/Masaüstü/kafka/.env/lib/python3.8/site-packages/airflow/example_dags/example_external_task_marker_dag.py
[2023-11-21T10:02:41.064+0300] {processor.py:758} INFO - Processing file /home/user/Masaüstü/kafka/.env/lib/python3.8/site-packages/airflow/example_dags/example_external_task_marker_dag.py for tasks to queue
[2023-11-21T10:02:41.066+0300] {logging_mixin.py:117} INFO - [2023-11-21T10:02:41.066+0300] {dagbag.py:525} INFO - Filling up the DagBag from /home/user/Masaüstü/kafka/.env/lib/python3.8/site-packages/airflow/example_dags/example_external_task_marker_dag.py
[2023-11-21T10:02:41.092+0300] {processor.py:768} INFO - DAG(s) dict_keys(['example_external_task_marker_child', 'example_external_task_marker_parent']) retrieved from /home/user/Masaüstü/kafka/.env/lib/python3.8/site-packages/airflow/example_dags/example_external_task_marker_dag.py
[2023-11-21T10:02:41.160+0300] {logging_mixin.py:117} INFO - [2023-11-21T10:02:41.160+0300] {dag.py:2573} INFO - Sync 2 DAGs
[2023-11-21T10:02:41.173+0300] {logging_mixin.py:117} INFO - [2023-11-21T10:02:41.173+0300] {dag.py:3324} INFO - Setting next_dagrun for example_external_task_marker_child to None, run_after=None
[2023-11-21T10:02:41.176+0300] {logging_mixin.py:117} INFO - [2023-11-21T10:02:41.176+0300] {dag.py:3324} INFO - Setting next_dagrun for example_external_task_marker_parent to None, run_after=None
[2023-11-21T10:02:41.192+0300] {processor.py:178} INFO - Processing /home/user/Masaüstü/kafka/.env/lib/python3.8/site-packages/airflow/example_dags/example_external_task_marker_dag.py took 0.136 seconds
[2023-11-21T10:05:09.125+0300] {processor.py:156} INFO - Started process (PID=30070) to work on /home/user/Masaüstü/kafka/.env/lib/python3.8/site-packages/airflow/example_dags/example_external_task_marker_dag.py
[2023-11-21T10:05:09.127+0300] {processor.py:758} INFO - Processing file /home/user/Masaüstü/kafka/.env/lib/python3.8/site-packages/airflow/example_dags/example_external_task_marker_dag.py for tasks to queue
[2023-11-21T10:05:09.127+0300] {logging_mixin.py:117} INFO - [2023-11-21T10:05:09.127+0300] {dagbag.py:525} INFO - Filling up the DagBag from /home/user/Masaüstü/kafka/.env/lib/python3.8/site-packages/airflow/example_dags/example_external_task_marker_dag.py
[2023-11-21T10:05:09.138+0300] {processor.py:768} INFO - DAG(s) dict_keys(['example_external_task_marker_parent', 'example_external_task_marker_child']) retrieved from /home/user/Masaüstü/kafka/.env/lib/python3.8/site-packages/airflow/example_dags/example_external_task_marker_dag.py
[2023-11-21T10:05:09.149+0300] {logging_mixin.py:117} INFO - [2023-11-21T10:05:09.149+0300] {dag.py:2573} INFO - Sync 2 DAGs
[2023-11-21T10:05:09.165+0300] {logging_mixin.py:117} INFO - [2023-11-21T10:05:09.165+0300] {dag.py:3324} INFO - Setting next_dagrun for example_external_task_marker_child to None, run_after=None
[2023-11-21T10:05:09.167+0300] {logging_mixin.py:117} INFO - [2023-11-21T10:05:09.167+0300] {dag.py:3324} INFO - Setting next_dagrun for example_external_task_marker_parent to None, run_after=None
[2023-11-21T10:05:09.182+0300] {processor.py:178} INFO - Processing /home/user/Masaüstü/kafka/.env/lib/python3.8/site-packages/airflow/example_dags/example_external_task_marker_dag.py took 0.060 seconds
[2023-11-21T10:05:49.462+0300] {processor.py:156} INFO - Started process (PID=30447) to work on /home/user/Masaüstü/kafka/.env/lib/python3.8/site-packages/airflow/example_dags/example_external_task_marker_dag.py
[2023-11-21T10:05:49.465+0300] {processor.py:758} INFO - Processing file /home/user/Masaüstü/kafka/.env/lib/python3.8/site-packages/airflow/example_dags/example_external_task_marker_dag.py for tasks to queue
[2023-11-21T10:05:49.467+0300] {logging_mixin.py:117} INFO - [2023-11-21T10:05:49.466+0300] {dagbag.py:525} INFO - Filling up the DagBag from /home/user/Masaüstü/kafka/.env/lib/python3.8/site-packages/airflow/example_dags/example_external_task_marker_dag.py
[2023-11-21T10:05:49.496+0300] {processor.py:768} INFO - DAG(s) dict_keys(['example_external_task_marker_child', 'example_external_task_marker_parent']) retrieved from /home/user/Masaüstü/kafka/.env/lib/python3.8/site-packages/airflow/example_dags/example_external_task_marker_dag.py
[2023-11-21T10:05:49.562+0300] {logging_mixin.py:117} INFO - [2023-11-21T10:05:49.562+0300] {dag.py:2573} INFO - Sync 2 DAGs
[2023-11-21T10:05:49.576+0300] {logging_mixin.py:117} INFO - [2023-11-21T10:05:49.576+0300] {dag.py:3324} INFO - Setting next_dagrun for example_external_task_marker_child to None, run_after=None
[2023-11-21T10:05:49.579+0300] {logging_mixin.py:117} INFO - [2023-11-21T10:05:49.579+0300] {dag.py:3324} INFO - Setting next_dagrun for example_external_task_marker_parent to None, run_after=None
[2023-11-21T10:05:49.604+0300] {processor.py:178} INFO - Processing /home/user/Masaüstü/kafka/.env/lib/python3.8/site-packages/airflow/example_dags/example_external_task_marker_dag.py took 0.149 seconds
[2023-11-21T10:06:26.000+0300] {processor.py:156} INFO - Started process (PID=30673) to work on /home/user/Masaüstü/kafka/.env/lib/python3.8/site-packages/airflow/example_dags/example_external_task_marker_dag.py
[2023-11-21T10:06:26.004+0300] {processor.py:758} INFO - Processing file /home/user/Masaüstü/kafka/.env/lib/python3.8/site-packages/airflow/example_dags/example_external_task_marker_dag.py for tasks to queue
[2023-11-21T10:06:26.005+0300] {logging_mixin.py:117} INFO - [2023-11-21T10:06:26.005+0300] {dagbag.py:525} INFO - Filling up the DagBag from /home/user/Masaüstü/kafka/.env/lib/python3.8/site-packages/airflow/example_dags/example_external_task_marker_dag.py
[2023-11-21T10:06:26.027+0300] {processor.py:768} INFO - DAG(s) dict_keys(['example_external_task_marker_child', 'example_external_task_marker_parent']) retrieved from /home/user/Masaüstü/kafka/.env/lib/python3.8/site-packages/airflow/example_dags/example_external_task_marker_dag.py
[2023-11-21T10:06:26.096+0300] {logging_mixin.py:117} INFO - [2023-11-21T10:06:26.095+0300] {dag.py:2573} INFO - Sync 2 DAGs
[2023-11-21T10:06:26.110+0300] {logging_mixin.py:117} INFO - [2023-11-21T10:06:26.110+0300] {dag.py:3324} INFO - Setting next_dagrun for example_external_task_marker_child to None, run_after=None
[2023-11-21T10:06:26.113+0300] {logging_mixin.py:117} INFO - [2023-11-21T10:06:26.112+0300] {dag.py:3324} INFO - Setting next_dagrun for example_external_task_marker_parent to None, run_after=None
[2023-11-21T10:06:26.129+0300] {processor.py:178} INFO - Processing /home/user/Masaüstü/kafka/.env/lib/python3.8/site-packages/airflow/example_dags/example_external_task_marker_dag.py took 0.135 seconds
[2023-11-21T10:07:03.391+0300] {processor.py:156} INFO - Started process (PID=30931) to work on /home/user/Masaüstü/kafka/.env/lib/python3.8/site-packages/airflow/example_dags/example_external_task_marker_dag.py
[2023-11-21T10:07:03.394+0300] {processor.py:758} INFO - Processing file /home/user/Masaüstü/kafka/.env/lib/python3.8/site-packages/airflow/example_dags/example_external_task_marker_dag.py for tasks to queue
[2023-11-21T10:07:03.396+0300] {logging_mixin.py:117} INFO - [2023-11-21T10:07:03.395+0300] {dagbag.py:525} INFO - Filling up the DagBag from /home/user/Masaüstü/kafka/.env/lib/python3.8/site-packages/airflow/example_dags/example_external_task_marker_dag.py
[2023-11-21T10:07:03.420+0300] {processor.py:768} INFO - DAG(s) dict_keys(['example_external_task_marker_parent', 'example_external_task_marker_child']) retrieved from /home/user/Masaüstü/kafka/.env/lib/python3.8/site-packages/airflow/example_dags/example_external_task_marker_dag.py
[2023-11-21T10:07:03.489+0300] {logging_mixin.py:117} INFO - [2023-11-21T10:07:03.488+0300] {dag.py:2573} INFO - Sync 2 DAGs
[2023-11-21T10:07:03.503+0300] {logging_mixin.py:117} INFO - [2023-11-21T10:07:03.502+0300] {dag.py:3324} INFO - Setting next_dagrun for example_external_task_marker_child to None, run_after=None
[2023-11-21T10:07:03.505+0300] {logging_mixin.py:117} INFO - [2023-11-21T10:07:03.505+0300] {dag.py:3324} INFO - Setting next_dagrun for example_external_task_marker_parent to None, run_after=None
[2023-11-21T10:07:03.523+0300] {processor.py:178} INFO - Processing /home/user/Masaüstü/kafka/.env/lib/python3.8/site-packages/airflow/example_dags/example_external_task_marker_dag.py took 0.140 seconds
[2023-11-21T10:07:42.744+0300] {processor.py:156} INFO - Started process (PID=31175) to work on /home/user/Masaüstü/kafka/.env/lib/python3.8/site-packages/airflow/example_dags/example_external_task_marker_dag.py
[2023-11-21T10:07:42.748+0300] {processor.py:758} INFO - Processing file /home/user/Masaüstü/kafka/.env/lib/python3.8/site-packages/airflow/example_dags/example_external_task_marker_dag.py for tasks to queue
[2023-11-21T10:07:42.749+0300] {logging_mixin.py:117} INFO - [2023-11-21T10:07:42.749+0300] {dagbag.py:525} INFO - Filling up the DagBag from /home/user/Masaüstü/kafka/.env/lib/python3.8/site-packages/airflow/example_dags/example_external_task_marker_dag.py
[2023-11-21T10:07:42.758+0300] {processor.py:768} INFO - DAG(s) dict_keys(['example_external_task_marker_child', 'example_external_task_marker_parent']) retrieved from /home/user/Masaüstü/kafka/.env/lib/python3.8/site-packages/airflow/example_dags/example_external_task_marker_dag.py
[2023-11-21T10:07:42.823+0300] {logging_mixin.py:117} INFO - [2023-11-21T10:07:42.822+0300] {dag.py:2573} INFO - Sync 2 DAGs
[2023-11-21T10:07:42.838+0300] {logging_mixin.py:117} INFO - [2023-11-21T10:07:42.838+0300] {dag.py:3324} INFO - Setting next_dagrun for example_external_task_marker_child to None, run_after=None
[2023-11-21T10:07:42.840+0300] {logging_mixin.py:117} INFO - [2023-11-21T10:07:42.840+0300] {dag.py:3324} INFO - Setting next_dagrun for example_external_task_marker_parent to None, run_after=None
[2023-11-21T10:07:42.861+0300] {processor.py:178} INFO - Processing /home/user/Masaüstü/kafka/.env/lib/python3.8/site-packages/airflow/example_dags/example_external_task_marker_dag.py took 0.119 seconds
[2023-11-21T10:08:20.481+0300] {processor.py:156} INFO - Started process (PID=31429) to work on /home/user/Masaüstü/kafka/.env/lib/python3.8/site-packages/airflow/example_dags/example_external_task_marker_dag.py
[2023-11-21T10:08:20.484+0300] {processor.py:758} INFO - Processing file /home/user/Masaüstü/kafka/.env/lib/python3.8/site-packages/airflow/example_dags/example_external_task_marker_dag.py for tasks to queue
[2023-11-21T10:08:20.485+0300] {logging_mixin.py:117} INFO - [2023-11-21T10:08:20.485+0300] {dagbag.py:525} INFO - Filling up the DagBag from /home/user/Masaüstü/kafka/.env/lib/python3.8/site-packages/airflow/example_dags/example_external_task_marker_dag.py
[2023-11-21T10:08:20.508+0300] {processor.py:768} INFO - DAG(s) dict_keys(['example_external_task_marker_parent', 'example_external_task_marker_child']) retrieved from /home/user/Masaüstü/kafka/.env/lib/python3.8/site-packages/airflow/example_dags/example_external_task_marker_dag.py
[2023-11-21T10:08:20.577+0300] {logging_mixin.py:117} INFO - [2023-11-21T10:08:20.577+0300] {dag.py:2573} INFO - Sync 2 DAGs
[2023-11-21T10:08:20.591+0300] {logging_mixin.py:117} INFO - [2023-11-21T10:08:20.591+0300] {dag.py:3324} INFO - Setting next_dagrun for example_external_task_marker_child to None, run_after=None
[2023-11-21T10:08:20.593+0300] {logging_mixin.py:117} INFO - [2023-11-21T10:08:20.593+0300] {dag.py:3324} INFO - Setting next_dagrun for example_external_task_marker_parent to None, run_after=None
[2023-11-21T10:08:20.619+0300] {processor.py:178} INFO - Processing /home/user/Masaüstü/kafka/.env/lib/python3.8/site-packages/airflow/example_dags/example_external_task_marker_dag.py took 0.141 seconds
[2023-11-21T10:08:57.923+0300] {processor.py:156} INFO - Started process (PID=31664) to work on /home/user/Masaüstü/kafka/.env/lib/python3.8/site-packages/airflow/example_dags/example_external_task_marker_dag.py
[2023-11-21T10:08:57.925+0300] {processor.py:758} INFO - Processing file /home/user/Masaüstü/kafka/.env/lib/python3.8/site-packages/airflow/example_dags/example_external_task_marker_dag.py for tasks to queue
[2023-11-21T10:08:57.927+0300] {logging_mixin.py:117} INFO - [2023-11-21T10:08:57.926+0300] {dagbag.py:525} INFO - Filling up the DagBag from /home/user/Masaüstü/kafka/.env/lib/python3.8/site-packages/airflow/example_dags/example_external_task_marker_dag.py
[2023-11-21T10:08:57.959+0300] {processor.py:768} INFO - DAG(s) dict_keys(['example_external_task_marker_parent', 'example_external_task_marker_child']) retrieved from /home/user/Masaüstü/kafka/.env/lib/python3.8/site-packages/airflow/example_dags/example_external_task_marker_dag.py
[2023-11-21T10:08:58.032+0300] {logging_mixin.py:117} INFO - [2023-11-21T10:08:58.032+0300] {dag.py:2573} INFO - Sync 2 DAGs
[2023-11-21T10:08:58.046+0300] {logging_mixin.py:117} INFO - [2023-11-21T10:08:58.045+0300] {dag.py:3324} INFO - Setting next_dagrun for example_external_task_marker_child to None, run_after=None
[2023-11-21T10:08:58.048+0300] {logging_mixin.py:117} INFO - [2023-11-21T10:08:58.048+0300] {dag.py:3324} INFO - Setting next_dagrun for example_external_task_marker_parent to None, run_after=None
[2023-11-21T10:08:58.064+0300] {processor.py:178} INFO - Processing /home/user/Masaüstü/kafka/.env/lib/python3.8/site-packages/airflow/example_dags/example_external_task_marker_dag.py took 0.144 seconds
[2023-11-21T10:09:40.863+0300] {processor.py:156} INFO - Started process (PID=32192) to work on /home/user/Masaüstü/kafka/.env/lib/python3.8/site-packages/airflow/example_dags/example_external_task_marker_dag.py
[2023-11-21T10:09:40.866+0300] {processor.py:758} INFO - Processing file /home/user/Masaüstü/kafka/.env/lib/python3.8/site-packages/airflow/example_dags/example_external_task_marker_dag.py for tasks to queue
[2023-11-21T10:09:40.867+0300] {logging_mixin.py:117} INFO - [2023-11-21T10:09:40.867+0300] {dagbag.py:525} INFO - Filling up the DagBag from /home/user/Masaüstü/kafka/.env/lib/python3.8/site-packages/airflow/example_dags/example_external_task_marker_dag.py
[2023-11-21T10:09:40.888+0300] {processor.py:768} INFO - DAG(s) dict_keys(['example_external_task_marker_child', 'example_external_task_marker_parent']) retrieved from /home/user/Masaüstü/kafka/.env/lib/python3.8/site-packages/airflow/example_dags/example_external_task_marker_dag.py
[2023-11-21T10:09:41.041+0300] {logging_mixin.py:117} INFO - [2023-11-21T10:09:41.041+0300] {dag.py:2573} INFO - Sync 2 DAGs
[2023-11-21T10:09:41.077+0300] {logging_mixin.py:117} INFO - [2023-11-21T10:09:41.076+0300] {dag.py:3324} INFO - Setting next_dagrun for example_external_task_marker_child to None, run_after=None
[2023-11-21T10:09:41.088+0300] {logging_mixin.py:117} INFO - [2023-11-21T10:09:41.088+0300] {dag.py:3324} INFO - Setting next_dagrun for example_external_task_marker_parent to None, run_after=None
[2023-11-21T10:09:41.129+0300] {processor.py:178} INFO - Processing /home/user/Masaüstü/kafka/.env/lib/python3.8/site-packages/airflow/example_dags/example_external_task_marker_dag.py took 0.270 seconds
[2023-11-21T10:10:31.108+0300] {processor.py:156} INFO - Started process (PID=32978) to work on /home/user/Masaüstü/kafka/.env/lib/python3.8/site-packages/airflow/example_dags/example_external_task_marker_dag.py
[2023-11-21T10:10:31.109+0300] {processor.py:758} INFO - Processing file /home/user/Masaüstü/kafka/.env/lib/python3.8/site-packages/airflow/example_dags/example_external_task_marker_dag.py for tasks to queue
[2023-11-21T10:10:31.109+0300] {logging_mixin.py:117} INFO - [2023-11-21T10:10:31.109+0300] {dagbag.py:525} INFO - Filling up the DagBag from /home/user/Masaüstü/kafka/.env/lib/python3.8/site-packages/airflow/example_dags/example_external_task_marker_dag.py
[2023-11-21T10:10:31.122+0300] {processor.py:768} INFO - DAG(s) dict_keys(['example_external_task_marker_parent', 'example_external_task_marker_child']) retrieved from /home/user/Masaüstü/kafka/.env/lib/python3.8/site-packages/airflow/example_dags/example_external_task_marker_dag.py
[2023-11-21T10:10:31.225+0300] {logging_mixin.py:117} INFO - [2023-11-21T10:10:31.224+0300] {dag.py:2573} INFO - Sync 2 DAGs
[2023-11-21T10:10:31.240+0300] {logging_mixin.py:117} INFO - [2023-11-21T10:10:31.240+0300] {dag.py:3324} INFO - Setting next_dagrun for example_external_task_marker_child to None, run_after=None
[2023-11-21T10:10:31.242+0300] {logging_mixin.py:117} INFO - [2023-11-21T10:10:31.242+0300] {dag.py:3324} INFO - Setting next_dagrun for example_external_task_marker_parent to None, run_after=None
[2023-11-21T10:10:31.259+0300] {processor.py:178} INFO - Processing /home/user/Masaüstü/kafka/.env/lib/python3.8/site-packages/airflow/example_dags/example_external_task_marker_dag.py took 0.153 seconds
[2023-11-21T10:11:10.262+0300] {processor.py:156} INFO - Started process (PID=33346) to work on /home/user/Masaüstü/kafka/.env/lib/python3.8/site-packages/airflow/example_dags/example_external_task_marker_dag.py
[2023-11-21T10:11:10.266+0300] {processor.py:758} INFO - Processing file /home/user/Masaüstü/kafka/.env/lib/python3.8/site-packages/airflow/example_dags/example_external_task_marker_dag.py for tasks to queue
[2023-11-21T10:11:10.268+0300] {logging_mixin.py:117} INFO - [2023-11-21T10:11:10.268+0300] {dagbag.py:525} INFO - Filling up the DagBag from /home/user/Masaüstü/kafka/.env/lib/python3.8/site-packages/airflow/example_dags/example_external_task_marker_dag.py
[2023-11-21T10:11:10.300+0300] {processor.py:768} INFO - DAG(s) dict_keys(['example_external_task_marker_child', 'example_external_task_marker_parent']) retrieved from /home/user/Masaüstü/kafka/.env/lib/python3.8/site-packages/airflow/example_dags/example_external_task_marker_dag.py
[2023-11-21T10:11:10.382+0300] {logging_mixin.py:117} INFO - [2023-11-21T10:11:10.381+0300] {dag.py:2573} INFO - Sync 2 DAGs
[2023-11-21T10:11:10.398+0300] {logging_mixin.py:117} INFO - [2023-11-21T10:11:10.398+0300] {dag.py:3324} INFO - Setting next_dagrun for example_external_task_marker_child to None, run_after=None
[2023-11-21T10:11:10.401+0300] {logging_mixin.py:117} INFO - [2023-11-21T10:11:10.400+0300] {dag.py:3324} INFO - Setting next_dagrun for example_external_task_marker_parent to None, run_after=None
[2023-11-21T10:11:10.417+0300] {processor.py:178} INFO - Processing /home/user/Masaüstü/kafka/.env/lib/python3.8/site-packages/airflow/example_dags/example_external_task_marker_dag.py took 0.161 seconds
[2023-11-21T10:11:48.519+0300] {processor.py:156} INFO - Started process (PID=33609) to work on /home/user/Masaüstü/kafka/.env/lib/python3.8/site-packages/airflow/example_dags/example_external_task_marker_dag.py
[2023-11-21T10:11:48.522+0300] {processor.py:758} INFO - Processing file /home/user/Masaüstü/kafka/.env/lib/python3.8/site-packages/airflow/example_dags/example_external_task_marker_dag.py for tasks to queue
[2023-11-21T10:11:48.523+0300] {logging_mixin.py:117} INFO - [2023-11-21T10:11:48.523+0300] {dagbag.py:525} INFO - Filling up the DagBag from /home/user/Masaüstü/kafka/.env/lib/python3.8/site-packages/airflow/example_dags/example_external_task_marker_dag.py
[2023-11-21T10:11:48.543+0300] {processor.py:768} INFO - DAG(s) dict_keys(['example_external_task_marker_child', 'example_external_task_marker_parent']) retrieved from /home/user/Masaüstü/kafka/.env/lib/python3.8/site-packages/airflow/example_dags/example_external_task_marker_dag.py
[2023-11-21T10:11:48.617+0300] {logging_mixin.py:117} INFO - [2023-11-21T10:11:48.616+0300] {dag.py:2573} INFO - Sync 2 DAGs
[2023-11-21T10:11:48.630+0300] {logging_mixin.py:117} INFO - [2023-11-21T10:11:48.630+0300] {dag.py:3324} INFO - Setting next_dagrun for example_external_task_marker_child to None, run_after=None
[2023-11-21T10:11:48.633+0300] {logging_mixin.py:117} INFO - [2023-11-21T10:11:48.632+0300] {dag.py:3324} INFO - Setting next_dagrun for example_external_task_marker_parent to None, run_after=None
[2023-11-21T10:11:48.650+0300] {processor.py:178} INFO - Processing /home/user/Masaüstü/kafka/.env/lib/python3.8/site-packages/airflow/example_dags/example_external_task_marker_dag.py took 0.136 seconds
[2023-11-21T10:12:26.455+0300] {processor.py:156} INFO - Started process (PID=33835) to work on /home/user/Masaüstü/kafka/.env/lib/python3.8/site-packages/airflow/example_dags/example_external_task_marker_dag.py
[2023-11-21T10:12:26.458+0300] {processor.py:758} INFO - Processing file /home/user/Masaüstü/kafka/.env/lib/python3.8/site-packages/airflow/example_dags/example_external_task_marker_dag.py for tasks to queue
[2023-11-21T10:12:26.459+0300] {logging_mixin.py:117} INFO - [2023-11-21T10:12:26.458+0300] {dagbag.py:525} INFO - Filling up the DagBag from /home/user/Masaüstü/kafka/.env/lib/python3.8/site-packages/airflow/example_dags/example_external_task_marker_dag.py
[2023-11-21T10:12:26.476+0300] {processor.py:768} INFO - DAG(s) dict_keys(['example_external_task_marker_parent', 'example_external_task_marker_child']) retrieved from /home/user/Masaüstü/kafka/.env/lib/python3.8/site-packages/airflow/example_dags/example_external_task_marker_dag.py
[2023-11-21T10:12:26.560+0300] {logging_mixin.py:117} INFO - [2023-11-21T10:12:26.560+0300] {dag.py:2573} INFO - Sync 2 DAGs
[2023-11-21T10:12:26.574+0300] {logging_mixin.py:117} INFO - [2023-11-21T10:12:26.573+0300] {dag.py:3324} INFO - Setting next_dagrun for example_external_task_marker_child to None, run_after=None
[2023-11-21T10:12:26.576+0300] {logging_mixin.py:117} INFO - [2023-11-21T10:12:26.576+0300] {dag.py:3324} INFO - Setting next_dagrun for example_external_task_marker_parent to None, run_after=None
[2023-11-21T10:12:26.593+0300] {processor.py:178} INFO - Processing /home/user/Masaüstü/kafka/.env/lib/python3.8/site-packages/airflow/example_dags/example_external_task_marker_dag.py took 0.140 seconds
[2023-11-21T10:13:05.612+0300] {processor.py:156} INFO - Started process (PID=34078) to work on /home/user/Masaüstü/kafka/.env/lib/python3.8/site-packages/airflow/example_dags/example_external_task_marker_dag.py
[2023-11-21T10:13:05.615+0300] {processor.py:758} INFO - Processing file /home/user/Masaüstü/kafka/.env/lib/python3.8/site-packages/airflow/example_dags/example_external_task_marker_dag.py for tasks to queue
[2023-11-21T10:13:05.616+0300] {logging_mixin.py:117} INFO - [2023-11-21T10:13:05.616+0300] {dagbag.py:525} INFO - Filling up the DagBag from /home/user/Masaüstü/kafka/.env/lib/python3.8/site-packages/airflow/example_dags/example_external_task_marker_dag.py
[2023-11-21T10:13:05.636+0300] {processor.py:768} INFO - DAG(s) dict_keys(['example_external_task_marker_child', 'example_external_task_marker_parent']) retrieved from /home/user/Masaüstü/kafka/.env/lib/python3.8/site-packages/airflow/example_dags/example_external_task_marker_dag.py
[2023-11-21T10:13:05.703+0300] {logging_mixin.py:117} INFO - [2023-11-21T10:13:05.703+0300] {dag.py:2573} INFO - Sync 2 DAGs
[2023-11-21T10:13:05.717+0300] {logging_mixin.py:117} INFO - [2023-11-21T10:13:05.717+0300] {dag.py:3324} INFO - Setting next_dagrun for example_external_task_marker_child to None, run_after=None
[2023-11-21T10:13:05.719+0300] {logging_mixin.py:117} INFO - [2023-11-21T10:13:05.719+0300] {dag.py:3324} INFO - Setting next_dagrun for example_external_task_marker_parent to None, run_after=None
[2023-11-21T10:13:05.746+0300] {processor.py:178} INFO - Processing /home/user/Masaüstü/kafka/.env/lib/python3.8/site-packages/airflow/example_dags/example_external_task_marker_dag.py took 0.140 seconds
[2023-11-21T10:13:42.399+0300] {processor.py:156} INFO - Started process (PID=34457) to work on /home/user/Masaüstü/kafka/.env/lib/python3.8/site-packages/airflow/example_dags/example_external_task_marker_dag.py
[2023-11-21T10:13:42.402+0300] {processor.py:758} INFO - Processing file /home/user/Masaüstü/kafka/.env/lib/python3.8/site-packages/airflow/example_dags/example_external_task_marker_dag.py for tasks to queue
[2023-11-21T10:13:42.404+0300] {logging_mixin.py:117} INFO - [2023-11-21T10:13:42.403+0300] {dagbag.py:525} INFO - Filling up the DagBag from /home/user/Masaüstü/kafka/.env/lib/python3.8/site-packages/airflow/example_dags/example_external_task_marker_dag.py
[2023-11-21T10:13:42.428+0300] {processor.py:768} INFO - DAG(s) dict_keys(['example_external_task_marker_child', 'example_external_task_marker_parent']) retrieved from /home/user/Masaüstü/kafka/.env/lib/python3.8/site-packages/airflow/example_dags/example_external_task_marker_dag.py
[2023-11-21T10:13:42.525+0300] {logging_mixin.py:117} INFO - [2023-11-21T10:13:42.525+0300] {dag.py:2573} INFO - Sync 2 DAGs
[2023-11-21T10:13:42.554+0300] {logging_mixin.py:117} INFO - [2023-11-21T10:13:42.553+0300] {dag.py:3324} INFO - Setting next_dagrun for example_external_task_marker_child to None, run_after=None
[2023-11-21T10:13:42.559+0300] {logging_mixin.py:117} INFO - [2023-11-21T10:13:42.559+0300] {dag.py:3324} INFO - Setting next_dagrun for example_external_task_marker_parent to None, run_after=None
[2023-11-21T10:13:42.593+0300] {processor.py:178} INFO - Processing /home/user/Masaüstü/kafka/.env/lib/python3.8/site-packages/airflow/example_dags/example_external_task_marker_dag.py took 0.202 seconds
[2023-11-21T10:14:36.406+0300] {processor.py:156} INFO - Started process (PID=35240) to work on /home/user/Masaüstü/kafka/.env/lib/python3.8/site-packages/airflow/example_dags/example_external_task_marker_dag.py
[2023-11-21T10:14:36.408+0300] {processor.py:758} INFO - Processing file /home/user/Masaüstü/kafka/.env/lib/python3.8/site-packages/airflow/example_dags/example_external_task_marker_dag.py for tasks to queue
[2023-11-21T10:14:36.409+0300] {logging_mixin.py:117} INFO - [2023-11-21T10:14:36.409+0300] {dagbag.py:525} INFO - Filling up the DagBag from /home/user/Masaüstü/kafka/.env/lib/python3.8/site-packages/airflow/example_dags/example_external_task_marker_dag.py
[2023-11-21T10:14:36.421+0300] {processor.py:768} INFO - DAG(s) dict_keys(['example_external_task_marker_child', 'example_external_task_marker_parent']) retrieved from /home/user/Masaüstü/kafka/.env/lib/python3.8/site-packages/airflow/example_dags/example_external_task_marker_dag.py
[2023-11-21T10:14:36.500+0300] {logging_mixin.py:117} INFO - [2023-11-21T10:14:36.500+0300] {dag.py:2573} INFO - Sync 2 DAGs
[2023-11-21T10:14:36.515+0300] {logging_mixin.py:117} INFO - [2023-11-21T10:14:36.515+0300] {dag.py:3324} INFO - Setting next_dagrun for example_external_task_marker_child to None, run_after=None
[2023-11-21T10:14:36.517+0300] {logging_mixin.py:117} INFO - [2023-11-21T10:14:36.517+0300] {dag.py:3324} INFO - Setting next_dagrun for example_external_task_marker_parent to None, run_after=None
[2023-11-21T10:14:36.534+0300] {processor.py:178} INFO - Processing /home/user/Masaüstü/kafka/.env/lib/python3.8/site-packages/airflow/example_dags/example_external_task_marker_dag.py took 0.130 seconds
[2023-11-21T10:15:11.657+0300] {processor.py:156} INFO - Started process (PID=35539) to work on /home/user/Masaüstü/kafka/.env/lib/python3.8/site-packages/airflow/example_dags/example_external_task_marker_dag.py
[2023-11-21T10:15:11.661+0300] {processor.py:758} INFO - Processing file /home/user/Masaüstü/kafka/.env/lib/python3.8/site-packages/airflow/example_dags/example_external_task_marker_dag.py for tasks to queue
[2023-11-21T10:15:11.663+0300] {logging_mixin.py:117} INFO - [2023-11-21T10:15:11.662+0300] {dagbag.py:525} INFO - Filling up the DagBag from /home/user/Masaüstü/kafka/.env/lib/python3.8/site-packages/airflow/example_dags/example_external_task_marker_dag.py
[2023-11-21T10:15:11.717+0300] {processor.py:768} INFO - DAG(s) dict_keys(['example_external_task_marker_parent', 'example_external_task_marker_child']) retrieved from /home/user/Masaüstü/kafka/.env/lib/python3.8/site-packages/airflow/example_dags/example_external_task_marker_dag.py
[2023-11-21T10:15:11.844+0300] {logging_mixin.py:117} INFO - [2023-11-21T10:15:11.844+0300] {dag.py:2573} INFO - Sync 2 DAGs
[2023-11-21T10:15:11.869+0300] {logging_mixin.py:117} INFO - [2023-11-21T10:15:11.869+0300] {dag.py:3324} INFO - Setting next_dagrun for example_external_task_marker_child to None, run_after=None
[2023-11-21T10:15:11.873+0300] {logging_mixin.py:117} INFO - [2023-11-21T10:15:11.872+0300] {dag.py:3324} INFO - Setting next_dagrun for example_external_task_marker_parent to None, run_after=None
[2023-11-21T10:15:11.894+0300] {processor.py:178} INFO - Processing /home/user/Masaüstü/kafka/.env/lib/python3.8/site-packages/airflow/example_dags/example_external_task_marker_dag.py took 0.244 seconds
[2023-11-21T10:15:49.080+0300] {processor.py:156} INFO - Started process (PID=35781) to work on /home/user/Masaüstü/kafka/.env/lib/python3.8/site-packages/airflow/example_dags/example_external_task_marker_dag.py
[2023-11-21T10:15:49.083+0300] {processor.py:758} INFO - Processing file /home/user/Masaüstü/kafka/.env/lib/python3.8/site-packages/airflow/example_dags/example_external_task_marker_dag.py for tasks to queue
[2023-11-21T10:15:49.083+0300] {logging_mixin.py:117} INFO - [2023-11-21T10:15:49.083+0300] {dagbag.py:525} INFO - Filling up the DagBag from /home/user/Masaüstü/kafka/.env/lib/python3.8/site-packages/airflow/example_dags/example_external_task_marker_dag.py
[2023-11-21T10:15:49.102+0300] {processor.py:768} INFO - DAG(s) dict_keys(['example_external_task_marker_child', 'example_external_task_marker_parent']) retrieved from /home/user/Masaüstü/kafka/.env/lib/python3.8/site-packages/airflow/example_dags/example_external_task_marker_dag.py
[2023-11-21T10:15:49.176+0300] {logging_mixin.py:117} INFO - [2023-11-21T10:15:49.176+0300] {dag.py:2573} INFO - Sync 2 DAGs
[2023-11-21T10:15:49.190+0300] {logging_mixin.py:117} INFO - [2023-11-21T10:15:49.190+0300] {dag.py:3324} INFO - Setting next_dagrun for example_external_task_marker_child to None, run_after=None
[2023-11-21T10:15:49.192+0300] {logging_mixin.py:117} INFO - [2023-11-21T10:15:49.192+0300] {dag.py:3324} INFO - Setting next_dagrun for example_external_task_marker_parent to None, run_after=None
[2023-11-21T10:15:49.217+0300] {processor.py:178} INFO - Processing /home/user/Masaüstü/kafka/.env/lib/python3.8/site-packages/airflow/example_dags/example_external_task_marker_dag.py took 0.141 seconds
[2023-11-21T10:16:27.397+0300] {processor.py:156} INFO - Started process (PID=36017) to work on /home/user/Masaüstü/kafka/.env/lib/python3.8/site-packages/airflow/example_dags/example_external_task_marker_dag.py
[2023-11-21T10:16:27.397+0300] {processor.py:758} INFO - Processing file /home/user/Masaüstü/kafka/.env/lib/python3.8/site-packages/airflow/example_dags/example_external_task_marker_dag.py for tasks to queue
[2023-11-21T10:16:27.398+0300] {logging_mixin.py:117} INFO - [2023-11-21T10:16:27.398+0300] {dagbag.py:525} INFO - Filling up the DagBag from /home/user/Masaüstü/kafka/.env/lib/python3.8/site-packages/airflow/example_dags/example_external_task_marker_dag.py
[2023-11-21T10:16:27.410+0300] {processor.py:768} INFO - DAG(s) dict_keys(['example_external_task_marker_child', 'example_external_task_marker_parent']) retrieved from /home/user/Masaüstü/kafka/.env/lib/python3.8/site-packages/airflow/example_dags/example_external_task_marker_dag.py
[2023-11-21T10:16:27.478+0300] {logging_mixin.py:117} INFO - [2023-11-21T10:16:27.478+0300] {dag.py:2573} INFO - Sync 2 DAGs
[2023-11-21T10:16:27.492+0300] {logging_mixin.py:117} INFO - [2023-11-21T10:16:27.491+0300] {dag.py:3324} INFO - Setting next_dagrun for example_external_task_marker_child to None, run_after=None
[2023-11-21T10:16:27.494+0300] {logging_mixin.py:117} INFO - [2023-11-21T10:16:27.494+0300] {dag.py:3324} INFO - Setting next_dagrun for example_external_task_marker_parent to None, run_after=None
[2023-11-21T10:16:27.509+0300] {processor.py:178} INFO - Processing /home/user/Masaüstü/kafka/.env/lib/python3.8/site-packages/airflow/example_dags/example_external_task_marker_dag.py took 0.115 seconds
[2023-11-21T10:17:05.942+0300] {processor.py:156} INFO - Started process (PID=36279) to work on /home/user/Masaüstü/kafka/.env/lib/python3.8/site-packages/airflow/example_dags/example_external_task_marker_dag.py
[2023-11-21T10:17:05.943+0300] {processor.py:758} INFO - Processing file /home/user/Masaüstü/kafka/.env/lib/python3.8/site-packages/airflow/example_dags/example_external_task_marker_dag.py for tasks to queue
[2023-11-21T10:17:05.943+0300] {logging_mixin.py:117} INFO - [2023-11-21T10:17:05.943+0300] {dagbag.py:525} INFO - Filling up the DagBag from /home/user/Masaüstü/kafka/.env/lib/python3.8/site-packages/airflow/example_dags/example_external_task_marker_dag.py
[2023-11-21T10:17:05.957+0300] {processor.py:768} INFO - DAG(s) dict_keys(['example_external_task_marker_child', 'example_external_task_marker_parent']) retrieved from /home/user/Masaüstü/kafka/.env/lib/python3.8/site-packages/airflow/example_dags/example_external_task_marker_dag.py
[2023-11-21T10:17:06.023+0300] {logging_mixin.py:117} INFO - [2023-11-21T10:17:06.023+0300] {dag.py:2573} INFO - Sync 2 DAGs
[2023-11-21T10:17:06.036+0300] {logging_mixin.py:117} INFO - [2023-11-21T10:17:06.036+0300] {dag.py:3324} INFO - Setting next_dagrun for example_external_task_marker_child to None, run_after=None
[2023-11-21T10:17:06.039+0300] {logging_mixin.py:117} INFO - [2023-11-21T10:17:06.039+0300] {dag.py:3324} INFO - Setting next_dagrun for example_external_task_marker_parent to None, run_after=None
[2023-11-21T10:17:06.057+0300] {processor.py:178} INFO - Processing /home/user/Masaüstü/kafka/.env/lib/python3.8/site-packages/airflow/example_dags/example_external_task_marker_dag.py took 0.117 seconds
[2023-11-21T10:17:42.392+0300] {processor.py:156} INFO - Started process (PID=36545) to work on /home/user/Masaüstü/kafka/.env/lib/python3.8/site-packages/airflow/example_dags/example_external_task_marker_dag.py
[2023-11-21T10:17:42.394+0300] {processor.py:758} INFO - Processing file /home/user/Masaüstü/kafka/.env/lib/python3.8/site-packages/airflow/example_dags/example_external_task_marker_dag.py for tasks to queue
[2023-11-21T10:17:42.395+0300] {logging_mixin.py:117} INFO - [2023-11-21T10:17:42.395+0300] {dagbag.py:525} INFO - Filling up the DagBag from /home/user/Masaüstü/kafka/.env/lib/python3.8/site-packages/airflow/example_dags/example_external_task_marker_dag.py
[2023-11-21T10:17:42.425+0300] {processor.py:768} INFO - DAG(s) dict_keys(['example_external_task_marker_child', 'example_external_task_marker_parent']) retrieved from /home/user/Masaüstü/kafka/.env/lib/python3.8/site-packages/airflow/example_dags/example_external_task_marker_dag.py
[2023-11-21T10:17:42.534+0300] {logging_mixin.py:117} INFO - [2023-11-21T10:17:42.534+0300] {dag.py:2573} INFO - Sync 2 DAGs
[2023-11-21T10:17:42.549+0300] {logging_mixin.py:117} INFO - [2023-11-21T10:17:42.548+0300] {dag.py:3324} INFO - Setting next_dagrun for example_external_task_marker_child to None, run_after=None
[2023-11-21T10:17:42.552+0300] {logging_mixin.py:117} INFO - [2023-11-21T10:17:42.552+0300] {dag.py:3324} INFO - Setting next_dagrun for example_external_task_marker_parent to None, run_after=None
[2023-11-21T10:17:42.568+0300] {processor.py:178} INFO - Processing /home/user/Masaüstü/kafka/.env/lib/python3.8/site-packages/airflow/example_dags/example_external_task_marker_dag.py took 0.180 seconds
[2023-11-21T10:18:20.031+0300] {processor.py:156} INFO - Started process (PID=36804) to work on /home/user/Masaüstü/kafka/.env/lib/python3.8/site-packages/airflow/example_dags/example_external_task_marker_dag.py
[2023-11-21T10:18:20.032+0300] {processor.py:758} INFO - Processing file /home/user/Masaüstü/kafka/.env/lib/python3.8/site-packages/airflow/example_dags/example_external_task_marker_dag.py for tasks to queue
[2023-11-21T10:18:20.032+0300] {logging_mixin.py:117} INFO - [2023-11-21T10:18:20.032+0300] {dagbag.py:525} INFO - Filling up the DagBag from /home/user/Masaüstü/kafka/.env/lib/python3.8/site-packages/airflow/example_dags/example_external_task_marker_dag.py
[2023-11-21T10:18:20.043+0300] {processor.py:768} INFO - DAG(s) dict_keys(['example_external_task_marker_parent', 'example_external_task_marker_child']) retrieved from /home/user/Masaüstü/kafka/.env/lib/python3.8/site-packages/airflow/example_dags/example_external_task_marker_dag.py
[2023-11-21T10:18:20.106+0300] {logging_mixin.py:117} INFO - [2023-11-21T10:18:20.106+0300] {dag.py:2573} INFO - Sync 2 DAGs
[2023-11-21T10:18:20.121+0300] {logging_mixin.py:117} INFO - [2023-11-21T10:18:20.121+0300] {dag.py:3324} INFO - Setting next_dagrun for example_external_task_marker_child to None, run_after=None
[2023-11-21T10:18:20.123+0300] {logging_mixin.py:117} INFO - [2023-11-21T10:18:20.123+0300] {dag.py:3324} INFO - Setting next_dagrun for example_external_task_marker_parent to None, run_after=None
[2023-11-21T10:18:20.145+0300] {processor.py:178} INFO - Processing /home/user/Masaüstü/kafka/.env/lib/python3.8/site-packages/airflow/example_dags/example_external_task_marker_dag.py took 0.115 seconds
[2023-11-21T10:18:58.518+0300] {processor.py:156} INFO - Started process (PID=37054) to work on /home/user/Masaüstü/kafka/.env/lib/python3.8/site-packages/airflow/example_dags/example_external_task_marker_dag.py
[2023-11-21T10:18:58.520+0300] {processor.py:758} INFO - Processing file /home/user/Masaüstü/kafka/.env/lib/python3.8/site-packages/airflow/example_dags/example_external_task_marker_dag.py for tasks to queue
[2023-11-21T10:18:58.520+0300] {logging_mixin.py:117} INFO - [2023-11-21T10:18:58.520+0300] {dagbag.py:525} INFO - Filling up the DagBag from /home/user/Masaüstü/kafka/.env/lib/python3.8/site-packages/airflow/example_dags/example_external_task_marker_dag.py
[2023-11-21T10:18:58.531+0300] {processor.py:768} INFO - DAG(s) dict_keys(['example_external_task_marker_child', 'example_external_task_marker_parent']) retrieved from /home/user/Masaüstü/kafka/.env/lib/python3.8/site-packages/airflow/example_dags/example_external_task_marker_dag.py
[2023-11-21T10:18:58.597+0300] {logging_mixin.py:117} INFO - [2023-11-21T10:18:58.597+0300] {dag.py:2573} INFO - Sync 2 DAGs
[2023-11-21T10:18:58.611+0300] {logging_mixin.py:117} INFO - [2023-11-21T10:18:58.611+0300] {dag.py:3324} INFO - Setting next_dagrun for example_external_task_marker_child to None, run_after=None
[2023-11-21T10:18:58.614+0300] {logging_mixin.py:117} INFO - [2023-11-21T10:18:58.614+0300] {dag.py:3324} INFO - Setting next_dagrun for example_external_task_marker_parent to None, run_after=None
[2023-11-21T10:18:58.638+0300] {processor.py:178} INFO - Processing /home/user/Masaüstü/kafka/.env/lib/python3.8/site-packages/airflow/example_dags/example_external_task_marker_dag.py took 0.123 seconds
[2023-11-21T10:19:37.837+0300] {processor.py:156} INFO - Started process (PID=37305) to work on /home/user/Masaüstü/kafka/.env/lib/python3.8/site-packages/airflow/example_dags/example_external_task_marker_dag.py
[2023-11-21T10:19:37.840+0300] {processor.py:758} INFO - Processing file /home/user/Masaüstü/kafka/.env/lib/python3.8/site-packages/airflow/example_dags/example_external_task_marker_dag.py for tasks to queue
[2023-11-21T10:19:37.841+0300] {logging_mixin.py:117} INFO - [2023-11-21T10:19:37.841+0300] {dagbag.py:525} INFO - Filling up the DagBag from /home/user/Masaüstü/kafka/.env/lib/python3.8/site-packages/airflow/example_dags/example_external_task_marker_dag.py
[2023-11-21T10:19:37.864+0300] {processor.py:768} INFO - DAG(s) dict_keys(['example_external_task_marker_child', 'example_external_task_marker_parent']) retrieved from /home/user/Masaüstü/kafka/.env/lib/python3.8/site-packages/airflow/example_dags/example_external_task_marker_dag.py
[2023-11-21T10:19:37.942+0300] {logging_mixin.py:117} INFO - [2023-11-21T10:19:37.942+0300] {dag.py:2573} INFO - Sync 2 DAGs
[2023-11-21T10:19:37.963+0300] {logging_mixin.py:117} INFO - [2023-11-21T10:19:37.963+0300] {dag.py:3324} INFO - Setting next_dagrun for example_external_task_marker_child to None, run_after=None
[2023-11-21T10:19:37.971+0300] {logging_mixin.py:117} INFO - [2023-11-21T10:19:37.970+0300] {dag.py:3324} INFO - Setting next_dagrun for example_external_task_marker_parent to None, run_after=None
[2023-11-21T10:19:37.999+0300] {processor.py:178} INFO - Processing /home/user/Masaüstü/kafka/.env/lib/python3.8/site-packages/airflow/example_dags/example_external_task_marker_dag.py took 0.166 seconds
