[2023-11-21T09:51:45.075+0300] {processor.py:156} INFO - Started process (PID=23826) to work on /home/user/Masaüstü/kafka/.env/lib/python3.8/site-packages/airflow/example_dags/example_branch_datetime_operator.py
[2023-11-21T09:51:45.076+0300] {processor.py:758} INFO - Processing file /home/user/Masaüstü/kafka/.env/lib/python3.8/site-packages/airflow/example_dags/example_branch_datetime_operator.py for tasks to queue
[2023-11-21T09:51:45.077+0300] {logging_mixin.py:117} INFO - [2023-11-21T09:51:45.077+0300] {dagbag.py:525} INFO - Filling up the DagBag from /home/user/Masaüstü/kafka/.env/lib/python3.8/site-packages/airflow/example_dags/example_branch_datetime_operator.py
[2023-11-21T09:51:45.098+0300] {processor.py:768} INFO - DAG(s) dict_keys(['example_branch_datetime_operator_2', 'example_branch_datetime_operator_3', 'example_branch_datetime_operator']) retrieved from /home/user/Masaüstü/kafka/.env/lib/python3.8/site-packages/airflow/example_dags/example_branch_datetime_operator.py
[2023-11-21T09:51:45.113+0300] {logging_mixin.py:117} INFO - [2023-11-21T09:51:45.113+0300] {dag.py:2573} INFO - Sync 3 DAGs
[2023-11-21T09:51:45.142+0300] {logging_mixin.py:117} INFO - [2023-11-21T09:51:45.142+0300] {dag.py:3324} INFO - Setting next_dagrun for example_branch_datetime_operator to 2023-11-20T00:00:00+00:00, run_after=2023-11-21T00:00:00+00:00
[2023-11-21T09:51:45.146+0300] {logging_mixin.py:117} INFO - [2023-11-21T09:51:45.146+0300] {dag.py:3324} INFO - Setting next_dagrun for example_branch_datetime_operator_2 to 2023-11-20T00:00:00+00:00, run_after=2023-11-21T00:00:00+00:00
[2023-11-21T09:51:45.149+0300] {logging_mixin.py:117} INFO - [2023-11-21T09:51:45.148+0300] {dag.py:3324} INFO - Setting next_dagrun for example_branch_datetime_operator_3 to 2023-11-20T00:00:00+00:00, run_after=2023-11-21T00:00:00+00:00
[2023-11-21T09:51:45.173+0300] {processor.py:178} INFO - Processing /home/user/Masaüstü/kafka/.env/lib/python3.8/site-packages/airflow/example_dags/example_branch_datetime_operator.py took 0.102 seconds
[2023-11-21T09:52:21.433+0300] {processor.py:156} INFO - Started process (PID=24125) to work on /home/user/Masaüstü/kafka/.env/lib/python3.8/site-packages/airflow/example_dags/example_branch_datetime_operator.py
[2023-11-21T09:52:21.437+0300] {processor.py:758} INFO - Processing file /home/user/Masaüstü/kafka/.env/lib/python3.8/site-packages/airflow/example_dags/example_branch_datetime_operator.py for tasks to queue
[2023-11-21T09:52:21.440+0300] {logging_mixin.py:117} INFO - [2023-11-21T09:52:21.439+0300] {dagbag.py:525} INFO - Filling up the DagBag from /home/user/Masaüstü/kafka/.env/lib/python3.8/site-packages/airflow/example_dags/example_branch_datetime_operator.py
[2023-11-21T09:52:21.467+0300] {processor.py:768} INFO - DAG(s) dict_keys(['example_branch_datetime_operator', 'example_branch_datetime_operator_3', 'example_branch_datetime_operator_2']) retrieved from /home/user/Masaüstü/kafka/.env/lib/python3.8/site-packages/airflow/example_dags/example_branch_datetime_operator.py
[2023-11-21T09:52:21.494+0300] {logging_mixin.py:117} INFO - [2023-11-21T09:52:21.494+0300] {dag.py:2573} INFO - Sync 3 DAGs
[2023-11-21T09:52:21.513+0300] {logging_mixin.py:117} INFO - [2023-11-21T09:52:21.513+0300] {dag.py:3324} INFO - Setting next_dagrun for example_branch_datetime_operator to 2023-11-20T00:00:00+00:00, run_after=2023-11-21T00:00:00+00:00
[2023-11-21T09:52:21.520+0300] {logging_mixin.py:117} INFO - [2023-11-21T09:52:21.520+0300] {dag.py:3324} INFO - Setting next_dagrun for example_branch_datetime_operator_2 to 2023-11-20T00:00:00+00:00, run_after=2023-11-21T00:00:00+00:00
[2023-11-21T09:52:21.523+0300] {logging_mixin.py:117} INFO - [2023-11-21T09:52:21.523+0300] {dag.py:3324} INFO - Setting next_dagrun for example_branch_datetime_operator_3 to 2023-11-20T00:00:00+00:00, run_after=2023-11-21T00:00:00+00:00
[2023-11-21T09:52:21.555+0300] {processor.py:178} INFO - Processing /home/user/Masaüstü/kafka/.env/lib/python3.8/site-packages/airflow/example_dags/example_branch_datetime_operator.py took 0.129 seconds
[2023-11-21T09:53:00.241+0300] {processor.py:156} INFO - Started process (PID=24545) to work on /home/user/Masaüstü/kafka/.env/lib/python3.8/site-packages/airflow/example_dags/example_branch_datetime_operator.py
[2023-11-21T09:53:00.242+0300] {processor.py:758} INFO - Processing file /home/user/Masaüstü/kafka/.env/lib/python3.8/site-packages/airflow/example_dags/example_branch_datetime_operator.py for tasks to queue
[2023-11-21T09:53:00.242+0300] {logging_mixin.py:117} INFO - [2023-11-21T09:53:00.242+0300] {dagbag.py:525} INFO - Filling up the DagBag from /home/user/Masaüstü/kafka/.env/lib/python3.8/site-packages/airflow/example_dags/example_branch_datetime_operator.py
[2023-11-21T09:53:00.255+0300] {processor.py:768} INFO - DAG(s) dict_keys(['example_branch_datetime_operator', 'example_branch_datetime_operator_3', 'example_branch_datetime_operator_2']) retrieved from /home/user/Masaüstü/kafka/.env/lib/python3.8/site-packages/airflow/example_dags/example_branch_datetime_operator.py
[2023-11-21T09:53:00.276+0300] {logging_mixin.py:117} INFO - [2023-11-21T09:53:00.276+0300] {dag.py:2573} INFO - Sync 3 DAGs
[2023-11-21T09:53:00.291+0300] {logging_mixin.py:117} INFO - [2023-11-21T09:53:00.291+0300] {dag.py:3324} INFO - Setting next_dagrun for example_branch_datetime_operator to 2023-11-20T00:00:00+00:00, run_after=2023-11-21T00:00:00+00:00
[2023-11-21T09:53:00.294+0300] {logging_mixin.py:117} INFO - [2023-11-21T09:53:00.294+0300] {dag.py:3324} INFO - Setting next_dagrun for example_branch_datetime_operator_2 to 2023-11-20T00:00:00+00:00, run_after=2023-11-21T00:00:00+00:00
[2023-11-21T09:53:00.296+0300] {logging_mixin.py:117} INFO - [2023-11-21T09:53:00.296+0300] {dag.py:3324} INFO - Setting next_dagrun for example_branch_datetime_operator_3 to 2023-11-20T00:00:00+00:00, run_after=2023-11-21T00:00:00+00:00
[2023-11-21T09:53:00.322+0300] {processor.py:178} INFO - Processing /home/user/Masaüstü/kafka/.env/lib/python3.8/site-packages/airflow/example_dags/example_branch_datetime_operator.py took 0.083 seconds
[2023-11-21T09:53:38.881+0300] {processor.py:156} INFO - Started process (PID=24802) to work on /home/user/Masaüstü/kafka/.env/lib/python3.8/site-packages/airflow/example_dags/example_branch_datetime_operator.py
[2023-11-21T09:53:38.881+0300] {processor.py:758} INFO - Processing file /home/user/Masaüstü/kafka/.env/lib/python3.8/site-packages/airflow/example_dags/example_branch_datetime_operator.py for tasks to queue
[2023-11-21T09:53:38.882+0300] {logging_mixin.py:117} INFO - [2023-11-21T09:53:38.882+0300] {dagbag.py:525} INFO - Filling up the DagBag from /home/user/Masaüstü/kafka/.env/lib/python3.8/site-packages/airflow/example_dags/example_branch_datetime_operator.py
[2023-11-21T09:53:38.896+0300] {processor.py:768} INFO - DAG(s) dict_keys(['example_branch_datetime_operator_3', 'example_branch_datetime_operator', 'example_branch_datetime_operator_2']) retrieved from /home/user/Masaüstü/kafka/.env/lib/python3.8/site-packages/airflow/example_dags/example_branch_datetime_operator.py
[2023-11-21T09:53:38.916+0300] {logging_mixin.py:117} INFO - [2023-11-21T09:53:38.916+0300] {dag.py:2573} INFO - Sync 3 DAGs
[2023-11-21T09:53:38.936+0300] {logging_mixin.py:117} INFO - [2023-11-21T09:53:38.936+0300] {dag.py:3324} INFO - Setting next_dagrun for example_branch_datetime_operator to 2023-11-20T00:00:00+00:00, run_after=2023-11-21T00:00:00+00:00
[2023-11-21T09:53:38.940+0300] {logging_mixin.py:117} INFO - [2023-11-21T09:53:38.940+0300] {dag.py:3324} INFO - Setting next_dagrun for example_branch_datetime_operator_2 to 2023-11-20T00:00:00+00:00, run_after=2023-11-21T00:00:00+00:00
[2023-11-21T09:53:38.942+0300] {logging_mixin.py:117} INFO - [2023-11-21T09:53:38.942+0300] {dag.py:3324} INFO - Setting next_dagrun for example_branch_datetime_operator_3 to 2023-11-20T00:00:00+00:00, run_after=2023-11-21T00:00:00+00:00
[2023-11-21T09:53:38.968+0300] {processor.py:178} INFO - Processing /home/user/Masaüstü/kafka/.env/lib/python3.8/site-packages/airflow/example_dags/example_branch_datetime_operator.py took 0.091 seconds
[2023-11-21T09:54:13.976+0300] {processor.py:156} INFO - Started process (PID=25017) to work on /home/user/Masaüstü/kafka/.env/lib/python3.8/site-packages/airflow/example_dags/example_branch_datetime_operator.py
[2023-11-21T09:54:13.979+0300] {processor.py:758} INFO - Processing file /home/user/Masaüstü/kafka/.env/lib/python3.8/site-packages/airflow/example_dags/example_branch_datetime_operator.py for tasks to queue
[2023-11-21T09:54:13.981+0300] {logging_mixin.py:117} INFO - [2023-11-21T09:54:13.980+0300] {dagbag.py:525} INFO - Filling up the DagBag from /home/user/Masaüstü/kafka/.env/lib/python3.8/site-packages/airflow/example_dags/example_branch_datetime_operator.py
[2023-11-21T09:54:14.010+0300] {processor.py:768} INFO - DAG(s) dict_keys(['example_branch_datetime_operator_3', 'example_branch_datetime_operator_2', 'example_branch_datetime_operator']) retrieved from /home/user/Masaüstü/kafka/.env/lib/python3.8/site-packages/airflow/example_dags/example_branch_datetime_operator.py
[2023-11-21T09:54:14.032+0300] {logging_mixin.py:117} INFO - [2023-11-21T09:54:14.032+0300] {dag.py:2573} INFO - Sync 3 DAGs
[2023-11-21T09:54:14.048+0300] {logging_mixin.py:117} INFO - [2023-11-21T09:54:14.048+0300] {dag.py:3324} INFO - Setting next_dagrun for example_branch_datetime_operator to 2023-11-20T00:00:00+00:00, run_after=2023-11-21T00:00:00+00:00
[2023-11-21T09:54:14.051+0300] {logging_mixin.py:117} INFO - [2023-11-21T09:54:14.051+0300] {dag.py:3324} INFO - Setting next_dagrun for example_branch_datetime_operator_2 to 2023-11-20T00:00:00+00:00, run_after=2023-11-21T00:00:00+00:00
[2023-11-21T09:54:14.053+0300] {logging_mixin.py:117} INFO - [2023-11-21T09:54:14.053+0300] {dag.py:3324} INFO - Setting next_dagrun for example_branch_datetime_operator_3 to 2023-11-20T00:00:00+00:00, run_after=2023-11-21T00:00:00+00:00
[2023-11-21T09:54:14.077+0300] {processor.py:178} INFO - Processing /home/user/Masaüstü/kafka/.env/lib/python3.8/site-packages/airflow/example_dags/example_branch_datetime_operator.py took 0.108 seconds
[2023-11-21T09:54:50.675+0300] {processor.py:156} INFO - Started process (PID=25241) to work on /home/user/Masaüstü/kafka/.env/lib/python3.8/site-packages/airflow/example_dags/example_branch_datetime_operator.py
[2023-11-21T09:54:50.677+0300] {processor.py:758} INFO - Processing file /home/user/Masaüstü/kafka/.env/lib/python3.8/site-packages/airflow/example_dags/example_branch_datetime_operator.py for tasks to queue
[2023-11-21T09:54:50.679+0300] {logging_mixin.py:117} INFO - [2023-11-21T09:54:50.678+0300] {dagbag.py:525} INFO - Filling up the DagBag from /home/user/Masaüstü/kafka/.env/lib/python3.8/site-packages/airflow/example_dags/example_branch_datetime_operator.py
[2023-11-21T09:54:50.715+0300] {processor.py:768} INFO - DAG(s) dict_keys(['example_branch_datetime_operator_2', 'example_branch_datetime_operator', 'example_branch_datetime_operator_3']) retrieved from /home/user/Masaüstü/kafka/.env/lib/python3.8/site-packages/airflow/example_dags/example_branch_datetime_operator.py
[2023-11-21T09:54:50.741+0300] {logging_mixin.py:117} INFO - [2023-11-21T09:54:50.740+0300] {dag.py:2573} INFO - Sync 3 DAGs
[2023-11-21T09:54:50.762+0300] {logging_mixin.py:117} INFO - [2023-11-21T09:54:50.762+0300] {dag.py:3324} INFO - Setting next_dagrun for example_branch_datetime_operator to 2023-11-20T00:00:00+00:00, run_after=2023-11-21T00:00:00+00:00
[2023-11-21T09:54:50.766+0300] {logging_mixin.py:117} INFO - [2023-11-21T09:54:50.766+0300] {dag.py:3324} INFO - Setting next_dagrun for example_branch_datetime_operator_2 to 2023-11-20T00:00:00+00:00, run_after=2023-11-21T00:00:00+00:00
[2023-11-21T09:54:50.767+0300] {logging_mixin.py:117} INFO - [2023-11-21T09:54:50.767+0300] {dag.py:3324} INFO - Setting next_dagrun for example_branch_datetime_operator_3 to 2023-11-20T00:00:00+00:00, run_after=2023-11-21T00:00:00+00:00
[2023-11-21T09:54:50.784+0300] {processor.py:178} INFO - Processing /home/user/Masaüstü/kafka/.env/lib/python3.8/site-packages/airflow/example_dags/example_branch_datetime_operator.py took 0.115 seconds
[2023-11-21T09:55:28.056+0300] {processor.py:156} INFO - Started process (PID=25562) to work on /home/user/Masaüstü/kafka/.env/lib/python3.8/site-packages/airflow/example_dags/example_branch_datetime_operator.py
[2023-11-21T09:55:28.059+0300] {processor.py:758} INFO - Processing file /home/user/Masaüstü/kafka/.env/lib/python3.8/site-packages/airflow/example_dags/example_branch_datetime_operator.py for tasks to queue
[2023-11-21T09:55:28.061+0300] {logging_mixin.py:117} INFO - [2023-11-21T09:55:28.060+0300] {dagbag.py:525} INFO - Filling up the DagBag from /home/user/Masaüstü/kafka/.env/lib/python3.8/site-packages/airflow/example_dags/example_branch_datetime_operator.py
[2023-11-21T09:55:28.092+0300] {processor.py:768} INFO - DAG(s) dict_keys(['example_branch_datetime_operator', 'example_branch_datetime_operator_2', 'example_branch_datetime_operator_3']) retrieved from /home/user/Masaüstü/kafka/.env/lib/python3.8/site-packages/airflow/example_dags/example_branch_datetime_operator.py
[2023-11-21T09:55:28.116+0300] {logging_mixin.py:117} INFO - [2023-11-21T09:55:28.116+0300] {dag.py:2573} INFO - Sync 3 DAGs
[2023-11-21T09:55:28.132+0300] {logging_mixin.py:117} INFO - [2023-11-21T09:55:28.132+0300] {dag.py:3324} INFO - Setting next_dagrun for example_branch_datetime_operator to 2023-11-20T00:00:00+00:00, run_after=2023-11-21T00:00:00+00:00
[2023-11-21T09:55:28.135+0300] {logging_mixin.py:117} INFO - [2023-11-21T09:55:28.135+0300] {dag.py:3324} INFO - Setting next_dagrun for example_branch_datetime_operator_2 to 2023-11-20T00:00:00+00:00, run_after=2023-11-21T00:00:00+00:00
[2023-11-21T09:55:28.137+0300] {logging_mixin.py:117} INFO - [2023-11-21T09:55:28.137+0300] {dag.py:3324} INFO - Setting next_dagrun for example_branch_datetime_operator_3 to 2023-11-20T00:00:00+00:00, run_after=2023-11-21T00:00:00+00:00
[2023-11-21T09:55:28.161+0300] {processor.py:178} INFO - Processing /home/user/Masaüstü/kafka/.env/lib/python3.8/site-packages/airflow/example_dags/example_branch_datetime_operator.py took 0.112 seconds
[2023-11-21T09:56:05.414+0300] {processor.py:156} INFO - Started process (PID=25786) to work on /home/user/Masaüstü/kafka/.env/lib/python3.8/site-packages/airflow/example_dags/example_branch_datetime_operator.py
[2023-11-21T09:56:05.416+0300] {processor.py:758} INFO - Processing file /home/user/Masaüstü/kafka/.env/lib/python3.8/site-packages/airflow/example_dags/example_branch_datetime_operator.py for tasks to queue
[2023-11-21T09:56:05.416+0300] {logging_mixin.py:117} INFO - [2023-11-21T09:56:05.416+0300] {dagbag.py:525} INFO - Filling up the DagBag from /home/user/Masaüstü/kafka/.env/lib/python3.8/site-packages/airflow/example_dags/example_branch_datetime_operator.py
[2023-11-21T09:56:05.434+0300] {processor.py:768} INFO - DAG(s) dict_keys(['example_branch_datetime_operator', 'example_branch_datetime_operator_2', 'example_branch_datetime_operator_3']) retrieved from /home/user/Masaüstü/kafka/.env/lib/python3.8/site-packages/airflow/example_dags/example_branch_datetime_operator.py
[2023-11-21T09:56:05.457+0300] {logging_mixin.py:117} INFO - [2023-11-21T09:56:05.457+0300] {dag.py:2573} INFO - Sync 3 DAGs
[2023-11-21T09:56:05.475+0300] {logging_mixin.py:117} INFO - [2023-11-21T09:56:05.475+0300] {dag.py:3324} INFO - Setting next_dagrun for example_branch_datetime_operator to 2023-11-20T00:00:00+00:00, run_after=2023-11-21T00:00:00+00:00
[2023-11-21T09:56:05.479+0300] {logging_mixin.py:117} INFO - [2023-11-21T09:56:05.479+0300] {dag.py:3324} INFO - Setting next_dagrun for example_branch_datetime_operator_2 to 2023-11-20T00:00:00+00:00, run_after=2023-11-21T00:00:00+00:00
[2023-11-21T09:56:05.481+0300] {logging_mixin.py:117} INFO - [2023-11-21T09:56:05.481+0300] {dag.py:3324} INFO - Setting next_dagrun for example_branch_datetime_operator_3 to 2023-11-20T00:00:00+00:00, run_after=2023-11-21T00:00:00+00:00
[2023-11-21T09:56:05.497+0300] {processor.py:178} INFO - Processing /home/user/Masaüstü/kafka/.env/lib/python3.8/site-packages/airflow/example_dags/example_branch_datetime_operator.py took 0.086 seconds
[2023-11-21T09:56:41.617+0300] {processor.py:156} INFO - Started process (PID=26048) to work on /home/user/Masaüstü/kafka/.env/lib/python3.8/site-packages/airflow/example_dags/example_branch_datetime_operator.py
[2023-11-21T09:56:41.620+0300] {processor.py:758} INFO - Processing file /home/user/Masaüstü/kafka/.env/lib/python3.8/site-packages/airflow/example_dags/example_branch_datetime_operator.py for tasks to queue
[2023-11-21T09:56:41.621+0300] {logging_mixin.py:117} INFO - [2023-11-21T09:56:41.621+0300] {dagbag.py:525} INFO - Filling up the DagBag from /home/user/Masaüstü/kafka/.env/lib/python3.8/site-packages/airflow/example_dags/example_branch_datetime_operator.py
[2023-11-21T09:56:41.651+0300] {processor.py:768} INFO - DAG(s) dict_keys(['example_branch_datetime_operator_2', 'example_branch_datetime_operator', 'example_branch_datetime_operator_3']) retrieved from /home/user/Masaüstü/kafka/.env/lib/python3.8/site-packages/airflow/example_dags/example_branch_datetime_operator.py
[2023-11-21T09:56:41.674+0300] {logging_mixin.py:117} INFO - [2023-11-21T09:56:41.674+0300] {dag.py:2573} INFO - Sync 3 DAGs
[2023-11-21T09:56:41.690+0300] {logging_mixin.py:117} INFO - [2023-11-21T09:56:41.690+0300] {dag.py:3324} INFO - Setting next_dagrun for example_branch_datetime_operator to 2023-11-20T00:00:00+00:00, run_after=2023-11-21T00:00:00+00:00
[2023-11-21T09:56:41.693+0300] {logging_mixin.py:117} INFO - [2023-11-21T09:56:41.693+0300] {dag.py:3324} INFO - Setting next_dagrun for example_branch_datetime_operator_2 to 2023-11-20T00:00:00+00:00, run_after=2023-11-21T00:00:00+00:00
[2023-11-21T09:56:41.695+0300] {logging_mixin.py:117} INFO - [2023-11-21T09:56:41.695+0300] {dag.py:3324} INFO - Setting next_dagrun for example_branch_datetime_operator_3 to 2023-11-20T00:00:00+00:00, run_after=2023-11-21T00:00:00+00:00
[2023-11-21T09:56:41.713+0300] {processor.py:178} INFO - Processing /home/user/Masaüstü/kafka/.env/lib/python3.8/site-packages/airflow/example_dags/example_branch_datetime_operator.py took 0.103 seconds
[2023-11-21T09:57:20.387+0300] {processor.py:156} INFO - Started process (PID=26285) to work on /home/user/Masaüstü/kafka/.env/lib/python3.8/site-packages/airflow/example_dags/example_branch_datetime_operator.py
[2023-11-21T09:57:20.387+0300] {processor.py:758} INFO - Processing file /home/user/Masaüstü/kafka/.env/lib/python3.8/site-packages/airflow/example_dags/example_branch_datetime_operator.py for tasks to queue
[2023-11-21T09:57:20.388+0300] {logging_mixin.py:117} INFO - [2023-11-21T09:57:20.387+0300] {dagbag.py:525} INFO - Filling up the DagBag from /home/user/Masaüstü/kafka/.env/lib/python3.8/site-packages/airflow/example_dags/example_branch_datetime_operator.py
[2023-11-21T09:57:20.401+0300] {processor.py:768} INFO - DAG(s) dict_keys(['example_branch_datetime_operator', 'example_branch_datetime_operator_3', 'example_branch_datetime_operator_2']) retrieved from /home/user/Masaüstü/kafka/.env/lib/python3.8/site-packages/airflow/example_dags/example_branch_datetime_operator.py
[2023-11-21T09:57:20.422+0300] {logging_mixin.py:117} INFO - [2023-11-21T09:57:20.422+0300] {dag.py:2573} INFO - Sync 3 DAGs
[2023-11-21T09:57:20.439+0300] {logging_mixin.py:117} INFO - [2023-11-21T09:57:20.439+0300] {dag.py:3324} INFO - Setting next_dagrun for example_branch_datetime_operator to 2023-11-20T00:00:00+00:00, run_after=2023-11-21T00:00:00+00:00
[2023-11-21T09:57:20.443+0300] {logging_mixin.py:117} INFO - [2023-11-21T09:57:20.443+0300] {dag.py:3324} INFO - Setting next_dagrun for example_branch_datetime_operator_2 to 2023-11-20T00:00:00+00:00, run_after=2023-11-21T00:00:00+00:00
[2023-11-21T09:57:20.445+0300] {logging_mixin.py:117} INFO - [2023-11-21T09:57:20.444+0300] {dag.py:3324} INFO - Setting next_dagrun for example_branch_datetime_operator_3 to 2023-11-20T00:00:00+00:00, run_after=2023-11-21T00:00:00+00:00
[2023-11-21T09:57:20.460+0300] {processor.py:178} INFO - Processing /home/user/Masaüstü/kafka/.env/lib/python3.8/site-packages/airflow/example_dags/example_branch_datetime_operator.py took 0.076 seconds
[2023-11-21T09:57:56.868+0300] {processor.py:156} INFO - Started process (PID=26520) to work on /home/user/Masaüstü/kafka/.env/lib/python3.8/site-packages/airflow/example_dags/example_branch_datetime_operator.py
[2023-11-21T09:57:56.868+0300] {processor.py:758} INFO - Processing file /home/user/Masaüstü/kafka/.env/lib/python3.8/site-packages/airflow/example_dags/example_branch_datetime_operator.py for tasks to queue
[2023-11-21T09:57:56.869+0300] {logging_mixin.py:117} INFO - [2023-11-21T09:57:56.869+0300] {dagbag.py:525} INFO - Filling up the DagBag from /home/user/Masaüstü/kafka/.env/lib/python3.8/site-packages/airflow/example_dags/example_branch_datetime_operator.py
[2023-11-21T09:57:56.886+0300] {processor.py:768} INFO - DAG(s) dict_keys(['example_branch_datetime_operator_2', 'example_branch_datetime_operator_3', 'example_branch_datetime_operator']) retrieved from /home/user/Masaüstü/kafka/.env/lib/python3.8/site-packages/airflow/example_dags/example_branch_datetime_operator.py
[2023-11-21T09:57:56.920+0300] {logging_mixin.py:117} INFO - [2023-11-21T09:57:56.920+0300] {dag.py:2573} INFO - Sync 3 DAGs
[2023-11-21T09:57:56.949+0300] {logging_mixin.py:117} INFO - [2023-11-21T09:57:56.948+0300] {dag.py:3324} INFO - Setting next_dagrun for example_branch_datetime_operator to 2023-11-20T00:00:00+00:00, run_after=2023-11-21T00:00:00+00:00
[2023-11-21T09:57:56.953+0300] {logging_mixin.py:117} INFO - [2023-11-21T09:57:56.953+0300] {dag.py:3324} INFO - Setting next_dagrun for example_branch_datetime_operator_2 to 2023-11-20T00:00:00+00:00, run_after=2023-11-21T00:00:00+00:00
[2023-11-21T09:57:56.955+0300] {logging_mixin.py:117} INFO - [2023-11-21T09:57:56.955+0300] {dag.py:3324} INFO - Setting next_dagrun for example_branch_datetime_operator_3 to 2023-11-20T00:00:00+00:00, run_after=2023-11-21T00:00:00+00:00
[2023-11-21T09:57:56.990+0300] {processor.py:178} INFO - Processing /home/user/Masaüstü/kafka/.env/lib/python3.8/site-packages/airflow/example_dags/example_branch_datetime_operator.py took 0.124 seconds
[2023-11-21T09:58:33.733+0300] {processor.py:156} INFO - Started process (PID=27083) to work on /home/user/Masaüstü/kafka/.env/lib/python3.8/site-packages/airflow/example_dags/example_branch_datetime_operator.py
[2023-11-21T09:58:33.733+0300] {processor.py:758} INFO - Processing file /home/user/Masaüstü/kafka/.env/lib/python3.8/site-packages/airflow/example_dags/example_branch_datetime_operator.py for tasks to queue
[2023-11-21T09:58:33.734+0300] {logging_mixin.py:117} INFO - [2023-11-21T09:58:33.734+0300] {dagbag.py:525} INFO - Filling up the DagBag from /home/user/Masaüstü/kafka/.env/lib/python3.8/site-packages/airflow/example_dags/example_branch_datetime_operator.py
[2023-11-21T09:58:33.752+0300] {processor.py:768} INFO - DAG(s) dict_keys(['example_branch_datetime_operator', 'example_branch_datetime_operator_3', 'example_branch_datetime_operator_2']) retrieved from /home/user/Masaüstü/kafka/.env/lib/python3.8/site-packages/airflow/example_dags/example_branch_datetime_operator.py
[2023-11-21T09:58:33.784+0300] {logging_mixin.py:117} INFO - [2023-11-21T09:58:33.784+0300] {dag.py:2573} INFO - Sync 3 DAGs
[2023-11-21T09:58:33.802+0300] {logging_mixin.py:117} INFO - [2023-11-21T09:58:33.802+0300] {dag.py:3324} INFO - Setting next_dagrun for example_branch_datetime_operator to 2023-11-20T00:00:00+00:00, run_after=2023-11-21T00:00:00+00:00
[2023-11-21T09:58:33.806+0300] {logging_mixin.py:117} INFO - [2023-11-21T09:58:33.806+0300] {dag.py:3324} INFO - Setting next_dagrun for example_branch_datetime_operator_2 to 2023-11-20T00:00:00+00:00, run_after=2023-11-21T00:00:00+00:00
[2023-11-21T09:58:33.808+0300] {logging_mixin.py:117} INFO - [2023-11-21T09:58:33.808+0300] {dag.py:3324} INFO - Setting next_dagrun for example_branch_datetime_operator_3 to 2023-11-20T00:00:00+00:00, run_after=2023-11-21T00:00:00+00:00
[2023-11-21T09:58:33.830+0300] {processor.py:178} INFO - Processing /home/user/Masaüstü/kafka/.env/lib/python3.8/site-packages/airflow/example_dags/example_branch_datetime_operator.py took 0.099 seconds
[2023-11-21T09:59:10.541+0300] {processor.py:156} INFO - Started process (PID=27365) to work on /home/user/Masaüstü/kafka/.env/lib/python3.8/site-packages/airflow/example_dags/example_branch_datetime_operator.py
[2023-11-21T09:59:10.543+0300] {processor.py:758} INFO - Processing file /home/user/Masaüstü/kafka/.env/lib/python3.8/site-packages/airflow/example_dags/example_branch_datetime_operator.py for tasks to queue
[2023-11-21T09:59:10.544+0300] {logging_mixin.py:117} INFO - [2023-11-21T09:59:10.544+0300] {dagbag.py:525} INFO - Filling up the DagBag from /home/user/Masaüstü/kafka/.env/lib/python3.8/site-packages/airflow/example_dags/example_branch_datetime_operator.py
[2023-11-21T09:59:10.557+0300] {processor.py:768} INFO - DAG(s) dict_keys(['example_branch_datetime_operator', 'example_branch_datetime_operator_3', 'example_branch_datetime_operator_2']) retrieved from /home/user/Masaüstü/kafka/.env/lib/python3.8/site-packages/airflow/example_dags/example_branch_datetime_operator.py
[2023-11-21T09:59:10.579+0300] {logging_mixin.py:117} INFO - [2023-11-21T09:59:10.579+0300] {dag.py:2573} INFO - Sync 3 DAGs
[2023-11-21T09:59:10.594+0300] {logging_mixin.py:117} INFO - [2023-11-21T09:59:10.594+0300] {dag.py:3324} INFO - Setting next_dagrun for example_branch_datetime_operator to 2023-11-20T00:00:00+00:00, run_after=2023-11-21T00:00:00+00:00
[2023-11-21T09:59:10.597+0300] {logging_mixin.py:117} INFO - [2023-11-21T09:59:10.597+0300] {dag.py:3324} INFO - Setting next_dagrun for example_branch_datetime_operator_2 to 2023-11-20T00:00:00+00:00, run_after=2023-11-21T00:00:00+00:00
[2023-11-21T09:59:10.599+0300] {logging_mixin.py:117} INFO - [2023-11-21T09:59:10.599+0300] {dag.py:3324} INFO - Setting next_dagrun for example_branch_datetime_operator_3 to 2023-11-20T00:00:00+00:00, run_after=2023-11-21T00:00:00+00:00
[2023-11-21T09:59:10.624+0300] {processor.py:178} INFO - Processing /home/user/Masaüstü/kafka/.env/lib/python3.8/site-packages/airflow/example_dags/example_branch_datetime_operator.py took 0.084 seconds
[2023-11-21T09:59:46.254+0300] {processor.py:156} INFO - Started process (PID=27588) to work on /home/user/Masaüstü/kafka/.env/lib/python3.8/site-packages/airflow/example_dags/example_branch_datetime_operator.py
[2023-11-21T09:59:46.254+0300] {processor.py:758} INFO - Processing file /home/user/Masaüstü/kafka/.env/lib/python3.8/site-packages/airflow/example_dags/example_branch_datetime_operator.py for tasks to queue
[2023-11-21T09:59:46.255+0300] {logging_mixin.py:117} INFO - [2023-11-21T09:59:46.255+0300] {dagbag.py:525} INFO - Filling up the DagBag from /home/user/Masaüstü/kafka/.env/lib/python3.8/site-packages/airflow/example_dags/example_branch_datetime_operator.py
[2023-11-21T09:59:46.268+0300] {processor.py:768} INFO - DAG(s) dict_keys(['example_branch_datetime_operator_2', 'example_branch_datetime_operator_3', 'example_branch_datetime_operator']) retrieved from /home/user/Masaüstü/kafka/.env/lib/python3.8/site-packages/airflow/example_dags/example_branch_datetime_operator.py
[2023-11-21T09:59:46.290+0300] {logging_mixin.py:117} INFO - [2023-11-21T09:59:46.290+0300] {dag.py:2573} INFO - Sync 3 DAGs
[2023-11-21T09:59:46.306+0300] {logging_mixin.py:117} INFO - [2023-11-21T09:59:46.306+0300] {dag.py:3324} INFO - Setting next_dagrun for example_branch_datetime_operator to 2023-11-20T00:00:00+00:00, run_after=2023-11-21T00:00:00+00:00
[2023-11-21T09:59:46.309+0300] {logging_mixin.py:117} INFO - [2023-11-21T09:59:46.309+0300] {dag.py:3324} INFO - Setting next_dagrun for example_branch_datetime_operator_2 to 2023-11-20T00:00:00+00:00, run_after=2023-11-21T00:00:00+00:00
[2023-11-21T09:59:46.311+0300] {logging_mixin.py:117} INFO - [2023-11-21T09:59:46.311+0300] {dag.py:3324} INFO - Setting next_dagrun for example_branch_datetime_operator_3 to 2023-11-20T00:00:00+00:00, run_after=2023-11-21T00:00:00+00:00
[2023-11-21T09:59:46.326+0300] {processor.py:178} INFO - Processing /home/user/Masaüstü/kafka/.env/lib/python3.8/site-packages/airflow/example_dags/example_branch_datetime_operator.py took 0.075 seconds
[2023-11-21T10:00:22.024+0300] {processor.py:156} INFO - Started process (PID=27805) to work on /home/user/Masaüstü/kafka/.env/lib/python3.8/site-packages/airflow/example_dags/example_branch_datetime_operator.py
[2023-11-21T10:00:22.026+0300] {processor.py:758} INFO - Processing file /home/user/Masaüstü/kafka/.env/lib/python3.8/site-packages/airflow/example_dags/example_branch_datetime_operator.py for tasks to queue
[2023-11-21T10:00:22.028+0300] {logging_mixin.py:117} INFO - [2023-11-21T10:00:22.027+0300] {dagbag.py:525} INFO - Filling up the DagBag from /home/user/Masaüstü/kafka/.env/lib/python3.8/site-packages/airflow/example_dags/example_branch_datetime_operator.py
[2023-11-21T10:00:22.064+0300] {processor.py:768} INFO - DAG(s) dict_keys(['example_branch_datetime_operator_2', 'example_branch_datetime_operator', 'example_branch_datetime_operator_3']) retrieved from /home/user/Masaüstü/kafka/.env/lib/python3.8/site-packages/airflow/example_dags/example_branch_datetime_operator.py
[2023-11-21T10:00:22.118+0300] {logging_mixin.py:117} INFO - [2023-11-21T10:00:22.118+0300] {dag.py:2573} INFO - Sync 3 DAGs
[2023-11-21T10:00:22.153+0300] {logging_mixin.py:117} INFO - [2023-11-21T10:00:22.152+0300] {dag.py:3324} INFO - Setting next_dagrun for example_branch_datetime_operator to 2023-11-20T00:00:00+00:00, run_after=2023-11-21T00:00:00+00:00
[2023-11-21T10:00:22.160+0300] {logging_mixin.py:117} INFO - [2023-11-21T10:00:22.160+0300] {dag.py:3324} INFO - Setting next_dagrun for example_branch_datetime_operator_2 to 2023-11-20T00:00:00+00:00, run_after=2023-11-21T00:00:00+00:00
[2023-11-21T10:00:22.163+0300] {logging_mixin.py:117} INFO - [2023-11-21T10:00:22.163+0300] {dag.py:3324} INFO - Setting next_dagrun for example_branch_datetime_operator_3 to 2023-11-20T00:00:00+00:00, run_after=2023-11-21T00:00:00+00:00
[2023-11-21T10:00:22.192+0300] {processor.py:178} INFO - Processing /home/user/Masaüstü/kafka/.env/lib/python3.8/site-packages/airflow/example_dags/example_branch_datetime_operator.py took 0.174 seconds
[2023-11-21T10:00:58.310+0300] {processor.py:156} INFO - Started process (PID=28025) to work on /home/user/Masaüstü/kafka/.env/lib/python3.8/site-packages/airflow/example_dags/example_branch_datetime_operator.py
[2023-11-21T10:00:58.313+0300] {processor.py:758} INFO - Processing file /home/user/Masaüstü/kafka/.env/lib/python3.8/site-packages/airflow/example_dags/example_branch_datetime_operator.py for tasks to queue
[2023-11-21T10:00:58.314+0300] {logging_mixin.py:117} INFO - [2023-11-21T10:00:58.314+0300] {dagbag.py:525} INFO - Filling up the DagBag from /home/user/Masaüstü/kafka/.env/lib/python3.8/site-packages/airflow/example_dags/example_branch_datetime_operator.py
[2023-11-21T10:00:58.341+0300] {processor.py:768} INFO - DAG(s) dict_keys(['example_branch_datetime_operator_3', 'example_branch_datetime_operator', 'example_branch_datetime_operator_2']) retrieved from /home/user/Masaüstü/kafka/.env/lib/python3.8/site-packages/airflow/example_dags/example_branch_datetime_operator.py
[2023-11-21T10:00:58.367+0300] {logging_mixin.py:117} INFO - [2023-11-21T10:00:58.367+0300] {dag.py:2573} INFO - Sync 3 DAGs
[2023-11-21T10:00:58.386+0300] {logging_mixin.py:117} INFO - [2023-11-21T10:00:58.386+0300] {dag.py:3324} INFO - Setting next_dagrun for example_branch_datetime_operator to 2023-11-20T00:00:00+00:00, run_after=2023-11-21T00:00:00+00:00
[2023-11-21T10:00:58.393+0300] {logging_mixin.py:117} INFO - [2023-11-21T10:00:58.392+0300] {dag.py:3324} INFO - Setting next_dagrun for example_branch_datetime_operator_2 to 2023-11-20T00:00:00+00:00, run_after=2023-11-21T00:00:00+00:00
[2023-11-21T10:00:58.396+0300] {logging_mixin.py:117} INFO - [2023-11-21T10:00:58.396+0300] {dag.py:3324} INFO - Setting next_dagrun for example_branch_datetime_operator_3 to 2023-11-20T00:00:00+00:00, run_after=2023-11-21T00:00:00+00:00
[2023-11-21T10:00:58.424+0300] {processor.py:178} INFO - Processing /home/user/Masaüstü/kafka/.env/lib/python3.8/site-packages/airflow/example_dags/example_branch_datetime_operator.py took 0.119 seconds
[2023-11-21T10:01:33.391+0300] {processor.py:156} INFO - Started process (PID=28296) to work on /home/user/Masaüstü/kafka/.env/lib/python3.8/site-packages/airflow/example_dags/example_branch_datetime_operator.py
[2023-11-21T10:01:33.394+0300] {processor.py:758} INFO - Processing file /home/user/Masaüstü/kafka/.env/lib/python3.8/site-packages/airflow/example_dags/example_branch_datetime_operator.py for tasks to queue
[2023-11-21T10:01:33.395+0300] {logging_mixin.py:117} INFO - [2023-11-21T10:01:33.395+0300] {dagbag.py:525} INFO - Filling up the DagBag from /home/user/Masaüstü/kafka/.env/lib/python3.8/site-packages/airflow/example_dags/example_branch_datetime_operator.py
[2023-11-21T10:01:33.425+0300] {processor.py:768} INFO - DAG(s) dict_keys(['example_branch_datetime_operator_2', 'example_branch_datetime_operator', 'example_branch_datetime_operator_3']) retrieved from /home/user/Masaüstü/kafka/.env/lib/python3.8/site-packages/airflow/example_dags/example_branch_datetime_operator.py
[2023-11-21T10:01:33.446+0300] {logging_mixin.py:117} INFO - [2023-11-21T10:01:33.446+0300] {dag.py:2573} INFO - Sync 3 DAGs
[2023-11-21T10:01:33.462+0300] {logging_mixin.py:117} INFO - [2023-11-21T10:01:33.462+0300] {dag.py:3324} INFO - Setting next_dagrun for example_branch_datetime_operator to 2023-11-20T00:00:00+00:00, run_after=2023-11-21T00:00:00+00:00
[2023-11-21T10:01:33.466+0300] {logging_mixin.py:117} INFO - [2023-11-21T10:01:33.466+0300] {dag.py:3324} INFO - Setting next_dagrun for example_branch_datetime_operator_2 to 2023-11-20T00:00:00+00:00, run_after=2023-11-21T00:00:00+00:00
[2023-11-21T10:01:33.468+0300] {logging_mixin.py:117} INFO - [2023-11-21T10:01:33.468+0300] {dag.py:3324} INFO - Setting next_dagrun for example_branch_datetime_operator_3 to 2023-11-20T00:00:00+00:00, run_after=2023-11-21T00:00:00+00:00
[2023-11-21T10:01:33.484+0300] {processor.py:178} INFO - Processing /home/user/Masaüstü/kafka/.env/lib/python3.8/site-packages/airflow/example_dags/example_branch_datetime_operator.py took 0.099 seconds
[2023-11-21T10:02:09.684+0300] {processor.py:156} INFO - Started process (PID=28532) to work on /home/user/Masaüstü/kafka/.env/lib/python3.8/site-packages/airflow/example_dags/example_branch_datetime_operator.py
[2023-11-21T10:02:09.687+0300] {processor.py:758} INFO - Processing file /home/user/Masaüstü/kafka/.env/lib/python3.8/site-packages/airflow/example_dags/example_branch_datetime_operator.py for tasks to queue
[2023-11-21T10:02:09.689+0300] {logging_mixin.py:117} INFO - [2023-11-21T10:02:09.688+0300] {dagbag.py:525} INFO - Filling up the DagBag from /home/user/Masaüstü/kafka/.env/lib/python3.8/site-packages/airflow/example_dags/example_branch_datetime_operator.py
[2023-11-21T10:02:09.720+0300] {processor.py:768} INFO - DAG(s) dict_keys(['example_branch_datetime_operator', 'example_branch_datetime_operator_3', 'example_branch_datetime_operator_2']) retrieved from /home/user/Masaüstü/kafka/.env/lib/python3.8/site-packages/airflow/example_dags/example_branch_datetime_operator.py
[2023-11-21T10:02:09.747+0300] {logging_mixin.py:117} INFO - [2023-11-21T10:02:09.747+0300] {dag.py:2573} INFO - Sync 3 DAGs
[2023-11-21T10:02:09.763+0300] {logging_mixin.py:117} INFO - [2023-11-21T10:02:09.763+0300] {dag.py:3324} INFO - Setting next_dagrun for example_branch_datetime_operator to 2023-11-20T00:00:00+00:00, run_after=2023-11-21T00:00:00+00:00
[2023-11-21T10:02:09.766+0300] {logging_mixin.py:117} INFO - [2023-11-21T10:02:09.766+0300] {dag.py:3324} INFO - Setting next_dagrun for example_branch_datetime_operator_2 to 2023-11-20T00:00:00+00:00, run_after=2023-11-21T00:00:00+00:00
[2023-11-21T10:02:09.768+0300] {logging_mixin.py:117} INFO - [2023-11-21T10:02:09.768+0300] {dag.py:3324} INFO - Setting next_dagrun for example_branch_datetime_operator_3 to 2023-11-20T00:00:00+00:00, run_after=2023-11-21T00:00:00+00:00
[2023-11-21T10:02:09.783+0300] {processor.py:178} INFO - Processing /home/user/Masaüstü/kafka/.env/lib/python3.8/site-packages/airflow/example_dags/example_branch_datetime_operator.py took 0.105 seconds
[2023-11-21T10:02:45.775+0300] {processor.py:156} INFO - Started process (PID=28746) to work on /home/user/Masaüstü/kafka/.env/lib/python3.8/site-packages/airflow/example_dags/example_branch_datetime_operator.py
[2023-11-21T10:02:45.776+0300] {processor.py:758} INFO - Processing file /home/user/Masaüstü/kafka/.env/lib/python3.8/site-packages/airflow/example_dags/example_branch_datetime_operator.py for tasks to queue
[2023-11-21T10:02:45.776+0300] {logging_mixin.py:117} INFO - [2023-11-21T10:02:45.776+0300] {dagbag.py:525} INFO - Filling up the DagBag from /home/user/Masaüstü/kafka/.env/lib/python3.8/site-packages/airflow/example_dags/example_branch_datetime_operator.py
[2023-11-21T10:02:45.792+0300] {processor.py:768} INFO - DAG(s) dict_keys(['example_branch_datetime_operator', 'example_branch_datetime_operator_3', 'example_branch_datetime_operator_2']) retrieved from /home/user/Masaüstü/kafka/.env/lib/python3.8/site-packages/airflow/example_dags/example_branch_datetime_operator.py
[2023-11-21T10:02:45.815+0300] {logging_mixin.py:117} INFO - [2023-11-21T10:02:45.815+0300] {dag.py:2573} INFO - Sync 3 DAGs
[2023-11-21T10:02:45.830+0300] {logging_mixin.py:117} INFO - [2023-11-21T10:02:45.830+0300] {dag.py:3324} INFO - Setting next_dagrun for example_branch_datetime_operator to 2023-11-20T00:00:00+00:00, run_after=2023-11-21T00:00:00+00:00
[2023-11-21T10:02:45.834+0300] {logging_mixin.py:117} INFO - [2023-11-21T10:02:45.834+0300] {dag.py:3324} INFO - Setting next_dagrun for example_branch_datetime_operator_2 to 2023-11-20T00:00:00+00:00, run_after=2023-11-21T00:00:00+00:00
[2023-11-21T10:02:45.835+0300] {logging_mixin.py:117} INFO - [2023-11-21T10:02:45.835+0300] {dag.py:3324} INFO - Setting next_dagrun for example_branch_datetime_operator_3 to 2023-11-20T00:00:00+00:00, run_after=2023-11-21T00:00:00+00:00
[2023-11-21T10:02:45.851+0300] {processor.py:178} INFO - Processing /home/user/Masaüstü/kafka/.env/lib/python3.8/site-packages/airflow/example_dags/example_branch_datetime_operator.py took 0.078 seconds
[2023-11-21T10:05:14.289+0300] {processor.py:156} INFO - Started process (PID=30102) to work on /home/user/Masaüstü/kafka/.env/lib/python3.8/site-packages/airflow/example_dags/example_branch_datetime_operator.py
[2023-11-21T10:05:14.289+0300] {processor.py:758} INFO - Processing file /home/user/Masaüstü/kafka/.env/lib/python3.8/site-packages/airflow/example_dags/example_branch_datetime_operator.py for tasks to queue
[2023-11-21T10:05:14.290+0300] {logging_mixin.py:117} INFO - [2023-11-21T10:05:14.290+0300] {dagbag.py:525} INFO - Filling up the DagBag from /home/user/Masaüstü/kafka/.env/lib/python3.8/site-packages/airflow/example_dags/example_branch_datetime_operator.py
[2023-11-21T10:05:14.307+0300] {processor.py:768} INFO - DAG(s) dict_keys(['example_branch_datetime_operator', 'example_branch_datetime_operator_2', 'example_branch_datetime_operator_3']) retrieved from /home/user/Masaüstü/kafka/.env/lib/python3.8/site-packages/airflow/example_dags/example_branch_datetime_operator.py
[2023-11-21T10:05:14.321+0300] {logging_mixin.py:117} INFO - [2023-11-21T10:05:14.321+0300] {dag.py:2573} INFO - Sync 3 DAGs
[2023-11-21T10:05:14.337+0300] {logging_mixin.py:117} INFO - [2023-11-21T10:05:14.336+0300] {dag.py:3324} INFO - Setting next_dagrun for example_branch_datetime_operator to 2023-11-20T00:00:00+00:00, run_after=2023-11-21T00:00:00+00:00
[2023-11-21T10:05:14.340+0300] {logging_mixin.py:117} INFO - [2023-11-21T10:05:14.340+0300] {dag.py:3324} INFO - Setting next_dagrun for example_branch_datetime_operator_2 to 2023-11-20T00:00:00+00:00, run_after=2023-11-21T00:00:00+00:00
[2023-11-21T10:05:14.342+0300] {logging_mixin.py:117} INFO - [2023-11-21T10:05:14.342+0300] {dag.py:3324} INFO - Setting next_dagrun for example_branch_datetime_operator_3 to 2023-11-20T00:00:00+00:00, run_after=2023-11-21T00:00:00+00:00
[2023-11-21T10:05:14.358+0300] {processor.py:178} INFO - Processing /home/user/Masaüstü/kafka/.env/lib/python3.8/site-packages/airflow/example_dags/example_branch_datetime_operator.py took 0.071 seconds
[2023-11-21T10:05:54.246+0300] {processor.py:156} INFO - Started process (PID=30475) to work on /home/user/Masaüstü/kafka/.env/lib/python3.8/site-packages/airflow/example_dags/example_branch_datetime_operator.py
[2023-11-21T10:05:54.248+0300] {processor.py:758} INFO - Processing file /home/user/Masaüstü/kafka/.env/lib/python3.8/site-packages/airflow/example_dags/example_branch_datetime_operator.py for tasks to queue
[2023-11-21T10:05:54.249+0300] {logging_mixin.py:117} INFO - [2023-11-21T10:05:54.249+0300] {dagbag.py:525} INFO - Filling up the DagBag from /home/user/Masaüstü/kafka/.env/lib/python3.8/site-packages/airflow/example_dags/example_branch_datetime_operator.py
[2023-11-21T10:05:54.269+0300] {processor.py:768} INFO - DAG(s) dict_keys(['example_branch_datetime_operator', 'example_branch_datetime_operator_2', 'example_branch_datetime_operator_3']) retrieved from /home/user/Masaüstü/kafka/.env/lib/python3.8/site-packages/airflow/example_dags/example_branch_datetime_operator.py
[2023-11-21T10:05:54.292+0300] {logging_mixin.py:117} INFO - [2023-11-21T10:05:54.292+0300] {dag.py:2573} INFO - Sync 3 DAGs
[2023-11-21T10:05:54.307+0300] {logging_mixin.py:117} INFO - [2023-11-21T10:05:54.307+0300] {dag.py:3324} INFO - Setting next_dagrun for example_branch_datetime_operator to 2023-11-20T00:00:00+00:00, run_after=2023-11-21T00:00:00+00:00
[2023-11-21T10:05:54.311+0300] {logging_mixin.py:117} INFO - [2023-11-21T10:05:54.311+0300] {dag.py:3324} INFO - Setting next_dagrun for example_branch_datetime_operator_2 to 2023-11-20T00:00:00+00:00, run_after=2023-11-21T00:00:00+00:00
[2023-11-21T10:05:54.313+0300] {logging_mixin.py:117} INFO - [2023-11-21T10:05:54.313+0300] {dag.py:3324} INFO - Setting next_dagrun for example_branch_datetime_operator_3 to 2023-11-20T00:00:00+00:00, run_after=2023-11-21T00:00:00+00:00
[2023-11-21T10:05:54.327+0300] {processor.py:178} INFO - Processing /home/user/Masaüstü/kafka/.env/lib/python3.8/site-packages/airflow/example_dags/example_branch_datetime_operator.py took 0.085 seconds
[2023-11-21T10:06:31.241+0300] {processor.py:156} INFO - Started process (PID=30707) to work on /home/user/Masaüstü/kafka/.env/lib/python3.8/site-packages/airflow/example_dags/example_branch_datetime_operator.py
[2023-11-21T10:06:31.243+0300] {processor.py:758} INFO - Processing file /home/user/Masaüstü/kafka/.env/lib/python3.8/site-packages/airflow/example_dags/example_branch_datetime_operator.py for tasks to queue
[2023-11-21T10:06:31.243+0300] {logging_mixin.py:117} INFO - [2023-11-21T10:06:31.243+0300] {dagbag.py:525} INFO - Filling up the DagBag from /home/user/Masaüstü/kafka/.env/lib/python3.8/site-packages/airflow/example_dags/example_branch_datetime_operator.py
[2023-11-21T10:06:31.256+0300] {processor.py:768} INFO - DAG(s) dict_keys(['example_branch_datetime_operator_2', 'example_branch_datetime_operator_3', 'example_branch_datetime_operator']) retrieved from /home/user/Masaüstü/kafka/.env/lib/python3.8/site-packages/airflow/example_dags/example_branch_datetime_operator.py
[2023-11-21T10:06:31.288+0300] {logging_mixin.py:117} INFO - [2023-11-21T10:06:31.288+0300] {dag.py:2573} INFO - Sync 3 DAGs
[2023-11-21T10:06:31.315+0300] {logging_mixin.py:117} INFO - [2023-11-21T10:06:31.315+0300] {dag.py:3324} INFO - Setting next_dagrun for example_branch_datetime_operator to 2023-11-20T00:00:00+00:00, run_after=2023-11-21T00:00:00+00:00
[2023-11-21T10:06:31.319+0300] {logging_mixin.py:117} INFO - [2023-11-21T10:06:31.319+0300] {dag.py:3324} INFO - Setting next_dagrun for example_branch_datetime_operator_2 to 2023-11-20T00:00:00+00:00, run_after=2023-11-21T00:00:00+00:00
[2023-11-21T10:06:31.322+0300] {logging_mixin.py:117} INFO - [2023-11-21T10:06:31.322+0300] {dag.py:3324} INFO - Setting next_dagrun for example_branch_datetime_operator_3 to 2023-11-20T00:00:00+00:00, run_after=2023-11-21T00:00:00+00:00
[2023-11-21T10:06:31.346+0300] {processor.py:178} INFO - Processing /home/user/Masaüstü/kafka/.env/lib/python3.8/site-packages/airflow/example_dags/example_branch_datetime_operator.py took 0.107 seconds
[2023-11-21T10:07:08.632+0300] {processor.py:156} INFO - Started process (PID=30967) to work on /home/user/Masaüstü/kafka/.env/lib/python3.8/site-packages/airflow/example_dags/example_branch_datetime_operator.py
[2023-11-21T10:07:08.634+0300] {processor.py:758} INFO - Processing file /home/user/Masaüstü/kafka/.env/lib/python3.8/site-packages/airflow/example_dags/example_branch_datetime_operator.py for tasks to queue
[2023-11-21T10:07:08.635+0300] {logging_mixin.py:117} INFO - [2023-11-21T10:07:08.635+0300] {dagbag.py:525} INFO - Filling up the DagBag from /home/user/Masaüstü/kafka/.env/lib/python3.8/site-packages/airflow/example_dags/example_branch_datetime_operator.py
[2023-11-21T10:07:08.655+0300] {processor.py:768} INFO - DAG(s) dict_keys(['example_branch_datetime_operator', 'example_branch_datetime_operator_2', 'example_branch_datetime_operator_3']) retrieved from /home/user/Masaüstü/kafka/.env/lib/python3.8/site-packages/airflow/example_dags/example_branch_datetime_operator.py
[2023-11-21T10:07:08.679+0300] {logging_mixin.py:117} INFO - [2023-11-21T10:07:08.679+0300] {dag.py:2573} INFO - Sync 3 DAGs
[2023-11-21T10:07:08.700+0300] {logging_mixin.py:117} INFO - [2023-11-21T10:07:08.700+0300] {dag.py:3324} INFO - Setting next_dagrun for example_branch_datetime_operator to 2023-11-20T00:00:00+00:00, run_after=2023-11-21T00:00:00+00:00
[2023-11-21T10:07:08.703+0300] {logging_mixin.py:117} INFO - [2023-11-21T10:07:08.703+0300] {dag.py:3324} INFO - Setting next_dagrun for example_branch_datetime_operator_2 to 2023-11-20T00:00:00+00:00, run_after=2023-11-21T00:00:00+00:00
[2023-11-21T10:07:08.705+0300] {logging_mixin.py:117} INFO - [2023-11-21T10:07:08.705+0300] {dag.py:3324} INFO - Setting next_dagrun for example_branch_datetime_operator_3 to 2023-11-20T00:00:00+00:00, run_after=2023-11-21T00:00:00+00:00
[2023-11-21T10:07:08.722+0300] {processor.py:178} INFO - Processing /home/user/Masaüstü/kafka/.env/lib/python3.8/site-packages/airflow/example_dags/example_branch_datetime_operator.py took 0.092 seconds
[2023-11-21T10:07:47.801+0300] {processor.py:156} INFO - Started process (PID=31205) to work on /home/user/Masaüstü/kafka/.env/lib/python3.8/site-packages/airflow/example_dags/example_branch_datetime_operator.py
[2023-11-21T10:07:47.803+0300] {processor.py:758} INFO - Processing file /home/user/Masaüstü/kafka/.env/lib/python3.8/site-packages/airflow/example_dags/example_branch_datetime_operator.py for tasks to queue
[2023-11-21T10:07:47.804+0300] {logging_mixin.py:117} INFO - [2023-11-21T10:07:47.804+0300] {dagbag.py:525} INFO - Filling up the DagBag from /home/user/Masaüstü/kafka/.env/lib/python3.8/site-packages/airflow/example_dags/example_branch_datetime_operator.py
[2023-11-21T10:07:47.832+0300] {processor.py:768} INFO - DAG(s) dict_keys(['example_branch_datetime_operator', 'example_branch_datetime_operator_2', 'example_branch_datetime_operator_3']) retrieved from /home/user/Masaüstü/kafka/.env/lib/python3.8/site-packages/airflow/example_dags/example_branch_datetime_operator.py
[2023-11-21T10:07:47.855+0300] {logging_mixin.py:117} INFO - [2023-11-21T10:07:47.855+0300] {dag.py:2573} INFO - Sync 3 DAGs
[2023-11-21T10:07:47.871+0300] {logging_mixin.py:117} INFO - [2023-11-21T10:07:47.871+0300] {dag.py:3324} INFO - Setting next_dagrun for example_branch_datetime_operator to 2023-11-20T00:00:00+00:00, run_after=2023-11-21T00:00:00+00:00
[2023-11-21T10:07:47.874+0300] {logging_mixin.py:117} INFO - [2023-11-21T10:07:47.874+0300] {dag.py:3324} INFO - Setting next_dagrun for example_branch_datetime_operator_2 to 2023-11-20T00:00:00+00:00, run_after=2023-11-21T00:00:00+00:00
[2023-11-21T10:07:47.876+0300] {logging_mixin.py:117} INFO - [2023-11-21T10:07:47.876+0300] {dag.py:3324} INFO - Setting next_dagrun for example_branch_datetime_operator_3 to 2023-11-20T00:00:00+00:00, run_after=2023-11-21T00:00:00+00:00
[2023-11-21T10:07:47.892+0300] {processor.py:178} INFO - Processing /home/user/Masaüstü/kafka/.env/lib/python3.8/site-packages/airflow/example_dags/example_branch_datetime_operator.py took 0.093 seconds
[2023-11-21T10:08:25.366+0300] {processor.py:156} INFO - Started process (PID=31462) to work on /home/user/Masaüstü/kafka/.env/lib/python3.8/site-packages/airflow/example_dags/example_branch_datetime_operator.py
[2023-11-21T10:08:25.370+0300] {processor.py:758} INFO - Processing file /home/user/Masaüstü/kafka/.env/lib/python3.8/site-packages/airflow/example_dags/example_branch_datetime_operator.py for tasks to queue
[2023-11-21T10:08:25.372+0300] {logging_mixin.py:117} INFO - [2023-11-21T10:08:25.371+0300] {dagbag.py:525} INFO - Filling up the DagBag from /home/user/Masaüstü/kafka/.env/lib/python3.8/site-packages/airflow/example_dags/example_branch_datetime_operator.py
[2023-11-21T10:08:25.403+0300] {processor.py:768} INFO - DAG(s) dict_keys(['example_branch_datetime_operator', 'example_branch_datetime_operator_3', 'example_branch_datetime_operator_2']) retrieved from /home/user/Masaüstü/kafka/.env/lib/python3.8/site-packages/airflow/example_dags/example_branch_datetime_operator.py
[2023-11-21T10:08:25.425+0300] {logging_mixin.py:117} INFO - [2023-11-21T10:08:25.425+0300] {dag.py:2573} INFO - Sync 3 DAGs
[2023-11-21T10:08:25.440+0300] {logging_mixin.py:117} INFO - [2023-11-21T10:08:25.440+0300] {dag.py:3324} INFO - Setting next_dagrun for example_branch_datetime_operator to 2023-11-20T00:00:00+00:00, run_after=2023-11-21T00:00:00+00:00
[2023-11-21T10:08:25.444+0300] {logging_mixin.py:117} INFO - [2023-11-21T10:08:25.444+0300] {dag.py:3324} INFO - Setting next_dagrun for example_branch_datetime_operator_2 to 2023-11-20T00:00:00+00:00, run_after=2023-11-21T00:00:00+00:00
[2023-11-21T10:08:25.446+0300] {logging_mixin.py:117} INFO - [2023-11-21T10:08:25.446+0300] {dag.py:3324} INFO - Setting next_dagrun for example_branch_datetime_operator_3 to 2023-11-20T00:00:00+00:00, run_after=2023-11-21T00:00:00+00:00
[2023-11-21T10:08:25.471+0300] {processor.py:178} INFO - Processing /home/user/Masaüstü/kafka/.env/lib/python3.8/site-packages/airflow/example_dags/example_branch_datetime_operator.py took 0.110 seconds
[2023-11-21T10:09:03.533+0300] {processor.py:156} INFO - Started process (PID=31695) to work on /home/user/Masaüstü/kafka/.env/lib/python3.8/site-packages/airflow/example_dags/example_branch_datetime_operator.py
[2023-11-21T10:09:03.535+0300] {processor.py:758} INFO - Processing file /home/user/Masaüstü/kafka/.env/lib/python3.8/site-packages/airflow/example_dags/example_branch_datetime_operator.py for tasks to queue
[2023-11-21T10:09:03.536+0300] {logging_mixin.py:117} INFO - [2023-11-21T10:09:03.536+0300] {dagbag.py:525} INFO - Filling up the DagBag from /home/user/Masaüstü/kafka/.env/lib/python3.8/site-packages/airflow/example_dags/example_branch_datetime_operator.py
[2023-11-21T10:09:03.555+0300] {processor.py:768} INFO - DAG(s) dict_keys(['example_branch_datetime_operator_3', 'example_branch_datetime_operator_2', 'example_branch_datetime_operator']) retrieved from /home/user/Masaüstü/kafka/.env/lib/python3.8/site-packages/airflow/example_dags/example_branch_datetime_operator.py
[2023-11-21T10:09:03.576+0300] {logging_mixin.py:117} INFO - [2023-11-21T10:09:03.576+0300] {dag.py:2573} INFO - Sync 3 DAGs
[2023-11-21T10:09:03.591+0300] {logging_mixin.py:117} INFO - [2023-11-21T10:09:03.591+0300] {dag.py:3324} INFO - Setting next_dagrun for example_branch_datetime_operator to 2023-11-20T00:00:00+00:00, run_after=2023-11-21T00:00:00+00:00
[2023-11-21T10:09:03.595+0300] {logging_mixin.py:117} INFO - [2023-11-21T10:09:03.595+0300] {dag.py:3324} INFO - Setting next_dagrun for example_branch_datetime_operator_2 to 2023-11-20T00:00:00+00:00, run_after=2023-11-21T00:00:00+00:00
[2023-11-21T10:09:03.597+0300] {logging_mixin.py:117} INFO - [2023-11-21T10:09:03.597+0300] {dag.py:3324} INFO - Setting next_dagrun for example_branch_datetime_operator_3 to 2023-11-20T00:00:00+00:00, run_after=2023-11-21T00:00:00+00:00
[2023-11-21T10:09:03.615+0300] {processor.py:178} INFO - Processing /home/user/Masaüstü/kafka/.env/lib/python3.8/site-packages/airflow/example_dags/example_branch_datetime_operator.py took 0.087 seconds
[2023-11-21T10:09:46.285+0300] {processor.py:156} INFO - Started process (PID=32294) to work on /home/user/Masaüstü/kafka/.env/lib/python3.8/site-packages/airflow/example_dags/example_branch_datetime_operator.py
[2023-11-21T10:09:46.289+0300] {processor.py:758} INFO - Processing file /home/user/Masaüstü/kafka/.env/lib/python3.8/site-packages/airflow/example_dags/example_branch_datetime_operator.py for tasks to queue
[2023-11-21T10:09:46.291+0300] {logging_mixin.py:117} INFO - [2023-11-21T10:09:46.290+0300] {dagbag.py:525} INFO - Filling up the DagBag from /home/user/Masaüstü/kafka/.env/lib/python3.8/site-packages/airflow/example_dags/example_branch_datetime_operator.py
[2023-11-21T10:09:46.326+0300] {processor.py:768} INFO - DAG(s) dict_keys(['example_branch_datetime_operator', 'example_branch_datetime_operator_2', 'example_branch_datetime_operator_3']) retrieved from /home/user/Masaüstü/kafka/.env/lib/python3.8/site-packages/airflow/example_dags/example_branch_datetime_operator.py
[2023-11-21T10:09:46.379+0300] {logging_mixin.py:117} INFO - [2023-11-21T10:09:46.379+0300] {dag.py:2573} INFO - Sync 3 DAGs
[2023-11-21T10:09:46.414+0300] {logging_mixin.py:117} INFO - [2023-11-21T10:09:46.414+0300] {dag.py:3324} INFO - Setting next_dagrun for example_branch_datetime_operator to 2023-11-20T00:00:00+00:00, run_after=2023-11-21T00:00:00+00:00
[2023-11-21T10:09:46.422+0300] {logging_mixin.py:117} INFO - [2023-11-21T10:09:46.422+0300] {dag.py:3324} INFO - Setting next_dagrun for example_branch_datetime_operator_2 to 2023-11-20T00:00:00+00:00, run_after=2023-11-21T00:00:00+00:00
[2023-11-21T10:09:46.427+0300] {logging_mixin.py:117} INFO - [2023-11-21T10:09:46.426+0300] {dag.py:3324} INFO - Setting next_dagrun for example_branch_datetime_operator_3 to 2023-11-20T00:00:00+00:00, run_after=2023-11-21T00:00:00+00:00
[2023-11-21T10:09:46.464+0300] {processor.py:178} INFO - Processing /home/user/Masaüstü/kafka/.env/lib/python3.8/site-packages/airflow/example_dags/example_branch_datetime_operator.py took 0.182 seconds
[2023-11-21T10:10:38.040+0300] {processor.py:156} INFO - Started process (PID=33091) to work on /home/user/Masaüstü/kafka/.env/lib/python3.8/site-packages/airflow/example_dags/example_branch_datetime_operator.py
[2023-11-21T10:10:38.042+0300] {processor.py:758} INFO - Processing file /home/user/Masaüstü/kafka/.env/lib/python3.8/site-packages/airflow/example_dags/example_branch_datetime_operator.py for tasks to queue
[2023-11-21T10:10:38.043+0300] {logging_mixin.py:117} INFO - [2023-11-21T10:10:38.043+0300] {dagbag.py:525} INFO - Filling up the DagBag from /home/user/Masaüstü/kafka/.env/lib/python3.8/site-packages/airflow/example_dags/example_branch_datetime_operator.py
[2023-11-21T10:10:38.058+0300] {processor.py:768} INFO - DAG(s) dict_keys(['example_branch_datetime_operator_3', 'example_branch_datetime_operator', 'example_branch_datetime_operator_2']) retrieved from /home/user/Masaüstü/kafka/.env/lib/python3.8/site-packages/airflow/example_dags/example_branch_datetime_operator.py
[2023-11-21T10:10:38.083+0300] {logging_mixin.py:117} INFO - [2023-11-21T10:10:38.083+0300] {dag.py:2573} INFO - Sync 3 DAGs
[2023-11-21T10:10:38.100+0300] {logging_mixin.py:117} INFO - [2023-11-21T10:10:38.099+0300] {dag.py:3324} INFO - Setting next_dagrun for example_branch_datetime_operator to 2023-11-20T00:00:00+00:00, run_after=2023-11-21T00:00:00+00:00
[2023-11-21T10:10:38.103+0300] {logging_mixin.py:117} INFO - [2023-11-21T10:10:38.103+0300] {dag.py:3324} INFO - Setting next_dagrun for example_branch_datetime_operator_2 to 2023-11-20T00:00:00+00:00, run_after=2023-11-21T00:00:00+00:00
[2023-11-21T10:10:38.105+0300] {logging_mixin.py:117} INFO - [2023-11-21T10:10:38.105+0300] {dag.py:3324} INFO - Setting next_dagrun for example_branch_datetime_operator_3 to 2023-11-20T00:00:00+00:00, run_after=2023-11-21T00:00:00+00:00
[2023-11-21T10:10:38.124+0300] {processor.py:178} INFO - Processing /home/user/Masaüstü/kafka/.env/lib/python3.8/site-packages/airflow/example_dags/example_branch_datetime_operator.py took 0.086 seconds
[2023-11-21T10:11:14.818+0300] {processor.py:156} INFO - Started process (PID=33380) to work on /home/user/Masaüstü/kafka/.env/lib/python3.8/site-packages/airflow/example_dags/example_branch_datetime_operator.py
[2023-11-21T10:11:14.820+0300] {processor.py:758} INFO - Processing file /home/user/Masaüstü/kafka/.env/lib/python3.8/site-packages/airflow/example_dags/example_branch_datetime_operator.py for tasks to queue
[2023-11-21T10:11:14.822+0300] {logging_mixin.py:117} INFO - [2023-11-21T10:11:14.822+0300] {dagbag.py:525} INFO - Filling up the DagBag from /home/user/Masaüstü/kafka/.env/lib/python3.8/site-packages/airflow/example_dags/example_branch_datetime_operator.py
[2023-11-21T10:11:14.852+0300] {processor.py:768} INFO - DAG(s) dict_keys(['example_branch_datetime_operator_3', 'example_branch_datetime_operator', 'example_branch_datetime_operator_2']) retrieved from /home/user/Masaüstü/kafka/.env/lib/python3.8/site-packages/airflow/example_dags/example_branch_datetime_operator.py
[2023-11-21T10:11:14.875+0300] {logging_mixin.py:117} INFO - [2023-11-21T10:11:14.875+0300] {dag.py:2573} INFO - Sync 3 DAGs
[2023-11-21T10:11:14.892+0300] {logging_mixin.py:117} INFO - [2023-11-21T10:11:14.891+0300] {dag.py:3324} INFO - Setting next_dagrun for example_branch_datetime_operator to 2023-11-20T00:00:00+00:00, run_after=2023-11-21T00:00:00+00:00
[2023-11-21T10:11:14.895+0300] {logging_mixin.py:117} INFO - [2023-11-21T10:11:14.895+0300] {dag.py:3324} INFO - Setting next_dagrun for example_branch_datetime_operator_2 to 2023-11-20T00:00:00+00:00, run_after=2023-11-21T00:00:00+00:00
[2023-11-21T10:11:14.897+0300] {logging_mixin.py:117} INFO - [2023-11-21T10:11:14.897+0300] {dag.py:3324} INFO - Setting next_dagrun for example_branch_datetime_operator_3 to 2023-11-20T00:00:00+00:00, run_after=2023-11-21T00:00:00+00:00
[2023-11-21T10:11:14.913+0300] {processor.py:178} INFO - Processing /home/user/Masaüstü/kafka/.env/lib/python3.8/site-packages/airflow/example_dags/example_branch_datetime_operator.py took 0.101 seconds
[2023-11-21T10:11:53.700+0300] {processor.py:156} INFO - Started process (PID=33639) to work on /home/user/Masaüstü/kafka/.env/lib/python3.8/site-packages/airflow/example_dags/example_branch_datetime_operator.py
[2023-11-21T10:11:53.703+0300] {processor.py:758} INFO - Processing file /home/user/Masaüstü/kafka/.env/lib/python3.8/site-packages/airflow/example_dags/example_branch_datetime_operator.py for tasks to queue
[2023-11-21T10:11:53.704+0300] {logging_mixin.py:117} INFO - [2023-11-21T10:11:53.704+0300] {dagbag.py:525} INFO - Filling up the DagBag from /home/user/Masaüstü/kafka/.env/lib/python3.8/site-packages/airflow/example_dags/example_branch_datetime_operator.py
[2023-11-21T10:11:53.736+0300] {processor.py:768} INFO - DAG(s) dict_keys(['example_branch_datetime_operator_2', 'example_branch_datetime_operator', 'example_branch_datetime_operator_3']) retrieved from /home/user/Masaüstü/kafka/.env/lib/python3.8/site-packages/airflow/example_dags/example_branch_datetime_operator.py
[2023-11-21T10:11:53.761+0300] {logging_mixin.py:117} INFO - [2023-11-21T10:11:53.761+0300] {dag.py:2573} INFO - Sync 3 DAGs
[2023-11-21T10:11:53.777+0300] {logging_mixin.py:117} INFO - [2023-11-21T10:11:53.777+0300] {dag.py:3324} INFO - Setting next_dagrun for example_branch_datetime_operator to 2023-11-20T00:00:00+00:00, run_after=2023-11-21T00:00:00+00:00
[2023-11-21T10:11:53.780+0300] {logging_mixin.py:117} INFO - [2023-11-21T10:11:53.780+0300] {dag.py:3324} INFO - Setting next_dagrun for example_branch_datetime_operator_2 to 2023-11-20T00:00:00+00:00, run_after=2023-11-21T00:00:00+00:00
[2023-11-21T10:11:53.782+0300] {logging_mixin.py:117} INFO - [2023-11-21T10:11:53.782+0300] {dag.py:3324} INFO - Setting next_dagrun for example_branch_datetime_operator_3 to 2023-11-20T00:00:00+00:00, run_after=2023-11-21T00:00:00+00:00
[2023-11-21T10:11:53.798+0300] {processor.py:178} INFO - Processing /home/user/Masaüstü/kafka/.env/lib/python3.8/site-packages/airflow/example_dags/example_branch_datetime_operator.py took 0.107 seconds
[2023-11-21T10:12:31.921+0300] {processor.py:156} INFO - Started process (PID=33864) to work on /home/user/Masaüstü/kafka/.env/lib/python3.8/site-packages/airflow/example_dags/example_branch_datetime_operator.py
[2023-11-21T10:12:31.924+0300] {processor.py:758} INFO - Processing file /home/user/Masaüstü/kafka/.env/lib/python3.8/site-packages/airflow/example_dags/example_branch_datetime_operator.py for tasks to queue
[2023-11-21T10:12:31.925+0300] {logging_mixin.py:117} INFO - [2023-11-21T10:12:31.925+0300] {dagbag.py:525} INFO - Filling up the DagBag from /home/user/Masaüstü/kafka/.env/lib/python3.8/site-packages/airflow/example_dags/example_branch_datetime_operator.py
[2023-11-21T10:12:31.953+0300] {processor.py:768} INFO - DAG(s) dict_keys(['example_branch_datetime_operator_3', 'example_branch_datetime_operator', 'example_branch_datetime_operator_2']) retrieved from /home/user/Masaüstü/kafka/.env/lib/python3.8/site-packages/airflow/example_dags/example_branch_datetime_operator.py
[2023-11-21T10:12:31.976+0300] {logging_mixin.py:117} INFO - [2023-11-21T10:12:31.976+0300] {dag.py:2573} INFO - Sync 3 DAGs
[2023-11-21T10:12:31.991+0300] {logging_mixin.py:117} INFO - [2023-11-21T10:12:31.991+0300] {dag.py:3324} INFO - Setting next_dagrun for example_branch_datetime_operator to 2023-11-20T00:00:00+00:00, run_after=2023-11-21T00:00:00+00:00
[2023-11-21T10:12:31.995+0300] {logging_mixin.py:117} INFO - [2023-11-21T10:12:31.995+0300] {dag.py:3324} INFO - Setting next_dagrun for example_branch_datetime_operator_2 to 2023-11-20T00:00:00+00:00, run_after=2023-11-21T00:00:00+00:00
[2023-11-21T10:12:31.996+0300] {logging_mixin.py:117} INFO - [2023-11-21T10:12:31.996+0300] {dag.py:3324} INFO - Setting next_dagrun for example_branch_datetime_operator_3 to 2023-11-20T00:00:00+00:00, run_after=2023-11-21T00:00:00+00:00
[2023-11-21T10:12:32.012+0300] {processor.py:178} INFO - Processing /home/user/Masaüstü/kafka/.env/lib/python3.8/site-packages/airflow/example_dags/example_branch_datetime_operator.py took 0.095 seconds
[2023-11-21T10:13:10.013+0300] {processor.py:156} INFO - Started process (PID=34106) to work on /home/user/Masaüstü/kafka/.env/lib/python3.8/site-packages/airflow/example_dags/example_branch_datetime_operator.py
[2023-11-21T10:13:10.016+0300] {processor.py:758} INFO - Processing file /home/user/Masaüstü/kafka/.env/lib/python3.8/site-packages/airflow/example_dags/example_branch_datetime_operator.py for tasks to queue
[2023-11-21T10:13:10.017+0300] {logging_mixin.py:117} INFO - [2023-11-21T10:13:10.016+0300] {dagbag.py:525} INFO - Filling up the DagBag from /home/user/Masaüstü/kafka/.env/lib/python3.8/site-packages/airflow/example_dags/example_branch_datetime_operator.py
[2023-11-21T10:13:10.043+0300] {processor.py:768} INFO - DAG(s) dict_keys(['example_branch_datetime_operator_3', 'example_branch_datetime_operator', 'example_branch_datetime_operator_2']) retrieved from /home/user/Masaüstü/kafka/.env/lib/python3.8/site-packages/airflow/example_dags/example_branch_datetime_operator.py
[2023-11-21T10:13:10.067+0300] {logging_mixin.py:117} INFO - [2023-11-21T10:13:10.067+0300] {dag.py:2573} INFO - Sync 3 DAGs
[2023-11-21T10:13:10.082+0300] {logging_mixin.py:117} INFO - [2023-11-21T10:13:10.082+0300] {dag.py:3324} INFO - Setting next_dagrun for example_branch_datetime_operator to 2023-11-20T00:00:00+00:00, run_after=2023-11-21T00:00:00+00:00
[2023-11-21T10:13:10.085+0300] {logging_mixin.py:117} INFO - [2023-11-21T10:13:10.085+0300] {dag.py:3324} INFO - Setting next_dagrun for example_branch_datetime_operator_2 to 2023-11-20T00:00:00+00:00, run_after=2023-11-21T00:00:00+00:00
[2023-11-21T10:13:10.087+0300] {logging_mixin.py:117} INFO - [2023-11-21T10:13:10.087+0300] {dag.py:3324} INFO - Setting next_dagrun for example_branch_datetime_operator_3 to 2023-11-20T00:00:00+00:00, run_after=2023-11-21T00:00:00+00:00
[2023-11-21T10:13:10.103+0300] {processor.py:178} INFO - Processing /home/user/Masaüstü/kafka/.env/lib/python3.8/site-packages/airflow/example_dags/example_branch_datetime_operator.py took 0.092 seconds
[2023-11-21T10:13:47.824+0300] {processor.py:156} INFO - Started process (PID=34514) to work on /home/user/Masaüstü/kafka/.env/lib/python3.8/site-packages/airflow/example_dags/example_branch_datetime_operator.py
[2023-11-21T10:13:47.827+0300] {processor.py:758} INFO - Processing file /home/user/Masaüstü/kafka/.env/lib/python3.8/site-packages/airflow/example_dags/example_branch_datetime_operator.py for tasks to queue
[2023-11-21T10:13:47.829+0300] {logging_mixin.py:117} INFO - [2023-11-21T10:13:47.828+0300] {dagbag.py:525} INFO - Filling up the DagBag from /home/user/Masaüstü/kafka/.env/lib/python3.8/site-packages/airflow/example_dags/example_branch_datetime_operator.py
[2023-11-21T10:13:47.857+0300] {processor.py:768} INFO - DAG(s) dict_keys(['example_branch_datetime_operator_2', 'example_branch_datetime_operator_3', 'example_branch_datetime_operator']) retrieved from /home/user/Masaüstü/kafka/.env/lib/python3.8/site-packages/airflow/example_dags/example_branch_datetime_operator.py
[2023-11-21T10:13:47.884+0300] {logging_mixin.py:117} INFO - [2023-11-21T10:13:47.883+0300] {dag.py:2573} INFO - Sync 3 DAGs
[2023-11-21T10:13:47.905+0300] {logging_mixin.py:117} INFO - [2023-11-21T10:13:47.904+0300] {dag.py:3324} INFO - Setting next_dagrun for example_branch_datetime_operator to 2023-11-20T00:00:00+00:00, run_after=2023-11-21T00:00:00+00:00
[2023-11-21T10:13:47.909+0300] {logging_mixin.py:117} INFO - [2023-11-21T10:13:47.909+0300] {dag.py:3324} INFO - Setting next_dagrun for example_branch_datetime_operator_2 to 2023-11-20T00:00:00+00:00, run_after=2023-11-21T00:00:00+00:00
[2023-11-21T10:13:47.911+0300] {logging_mixin.py:117} INFO - [2023-11-21T10:13:47.911+0300] {dag.py:3324} INFO - Setting next_dagrun for example_branch_datetime_operator_3 to 2023-11-20T00:00:00+00:00, run_after=2023-11-21T00:00:00+00:00
[2023-11-21T10:13:47.939+0300] {processor.py:178} INFO - Processing /home/user/Masaüstü/kafka/.env/lib/python3.8/site-packages/airflow/example_dags/example_branch_datetime_operator.py took 0.122 seconds
[2023-11-21T10:14:41.271+0300] {processor.py:156} INFO - Started process (PID=35277) to work on /home/user/Masaüstü/kafka/.env/lib/python3.8/site-packages/airflow/example_dags/example_branch_datetime_operator.py
[2023-11-21T10:14:41.272+0300] {processor.py:758} INFO - Processing file /home/user/Masaüstü/kafka/.env/lib/python3.8/site-packages/airflow/example_dags/example_branch_datetime_operator.py for tasks to queue
[2023-11-21T10:14:41.272+0300] {logging_mixin.py:117} INFO - [2023-11-21T10:14:41.272+0300] {dagbag.py:525} INFO - Filling up the DagBag from /home/user/Masaüstü/kafka/.env/lib/python3.8/site-packages/airflow/example_dags/example_branch_datetime_operator.py
[2023-11-21T10:14:41.285+0300] {processor.py:768} INFO - DAG(s) dict_keys(['example_branch_datetime_operator_2', 'example_branch_datetime_operator', 'example_branch_datetime_operator_3']) retrieved from /home/user/Masaüstü/kafka/.env/lib/python3.8/site-packages/airflow/example_dags/example_branch_datetime_operator.py
[2023-11-21T10:14:41.306+0300] {logging_mixin.py:117} INFO - [2023-11-21T10:14:41.306+0300] {dag.py:2573} INFO - Sync 3 DAGs
[2023-11-21T10:14:41.321+0300] {logging_mixin.py:117} INFO - [2023-11-21T10:14:41.321+0300] {dag.py:3324} INFO - Setting next_dagrun for example_branch_datetime_operator to 2023-11-20T00:00:00+00:00, run_after=2023-11-21T00:00:00+00:00
[2023-11-21T10:14:41.324+0300] {logging_mixin.py:117} INFO - [2023-11-21T10:14:41.324+0300] {dag.py:3324} INFO - Setting next_dagrun for example_branch_datetime_operator_2 to 2023-11-20T00:00:00+00:00, run_after=2023-11-21T00:00:00+00:00
[2023-11-21T10:14:41.326+0300] {logging_mixin.py:117} INFO - [2023-11-21T10:14:41.326+0300] {dag.py:3324} INFO - Setting next_dagrun for example_branch_datetime_operator_3 to 2023-11-20T00:00:00+00:00, run_after=2023-11-21T00:00:00+00:00
[2023-11-21T10:14:41.343+0300] {processor.py:178} INFO - Processing /home/user/Masaüstü/kafka/.env/lib/python3.8/site-packages/airflow/example_dags/example_branch_datetime_operator.py took 0.073 seconds
[2023-11-21T10:15:17.754+0300] {processor.py:156} INFO - Started process (PID=35575) to work on /home/user/Masaüstü/kafka/.env/lib/python3.8/site-packages/airflow/example_dags/example_branch_datetime_operator.py
[2023-11-21T10:15:17.755+0300] {processor.py:758} INFO - Processing file /home/user/Masaüstü/kafka/.env/lib/python3.8/site-packages/airflow/example_dags/example_branch_datetime_operator.py for tasks to queue
[2023-11-21T10:15:17.755+0300] {logging_mixin.py:117} INFO - [2023-11-21T10:15:17.755+0300] {dagbag.py:525} INFO - Filling up the DagBag from /home/user/Masaüstü/kafka/.env/lib/python3.8/site-packages/airflow/example_dags/example_branch_datetime_operator.py
[2023-11-21T10:15:17.772+0300] {processor.py:768} INFO - DAG(s) dict_keys(['example_branch_datetime_operator', 'example_branch_datetime_operator_2', 'example_branch_datetime_operator_3']) retrieved from /home/user/Masaüstü/kafka/.env/lib/python3.8/site-packages/airflow/example_dags/example_branch_datetime_operator.py
[2023-11-21T10:15:17.792+0300] {logging_mixin.py:117} INFO - [2023-11-21T10:15:17.792+0300] {dag.py:2573} INFO - Sync 3 DAGs
[2023-11-21T10:15:17.810+0300] {logging_mixin.py:117} INFO - [2023-11-21T10:15:17.810+0300] {dag.py:3324} INFO - Setting next_dagrun for example_branch_datetime_operator to 2023-11-20T00:00:00+00:00, run_after=2023-11-21T00:00:00+00:00
[2023-11-21T10:15:17.815+0300] {logging_mixin.py:117} INFO - [2023-11-21T10:15:17.815+0300] {dag.py:3324} INFO - Setting next_dagrun for example_branch_datetime_operator_2 to 2023-11-20T00:00:00+00:00, run_after=2023-11-21T00:00:00+00:00
[2023-11-21T10:15:17.817+0300] {logging_mixin.py:117} INFO - [2023-11-21T10:15:17.817+0300] {dag.py:3324} INFO - Setting next_dagrun for example_branch_datetime_operator_3 to 2023-11-20T00:00:00+00:00, run_after=2023-11-21T00:00:00+00:00
[2023-11-21T10:15:17.834+0300] {processor.py:178} INFO - Processing /home/user/Masaüstü/kafka/.env/lib/python3.8/site-packages/airflow/example_dags/example_branch_datetime_operator.py took 0.082 seconds
[2023-11-21T10:15:54.360+0300] {processor.py:156} INFO - Started process (PID=35809) to work on /home/user/Masaüstü/kafka/.env/lib/python3.8/site-packages/airflow/example_dags/example_branch_datetime_operator.py
[2023-11-21T10:15:54.362+0300] {processor.py:758} INFO - Processing file /home/user/Masaüstü/kafka/.env/lib/python3.8/site-packages/airflow/example_dags/example_branch_datetime_operator.py for tasks to queue
[2023-11-21T10:15:54.364+0300] {logging_mixin.py:117} INFO - [2023-11-21T10:15:54.363+0300] {dagbag.py:525} INFO - Filling up the DagBag from /home/user/Masaüstü/kafka/.env/lib/python3.8/site-packages/airflow/example_dags/example_branch_datetime_operator.py
[2023-11-21T10:15:54.389+0300] {processor.py:768} INFO - DAG(s) dict_keys(['example_branch_datetime_operator_3', 'example_branch_datetime_operator', 'example_branch_datetime_operator_2']) retrieved from /home/user/Masaüstü/kafka/.env/lib/python3.8/site-packages/airflow/example_dags/example_branch_datetime_operator.py
[2023-11-21T10:15:54.411+0300] {logging_mixin.py:117} INFO - [2023-11-21T10:15:54.411+0300] {dag.py:2573} INFO - Sync 3 DAGs
[2023-11-21T10:15:54.427+0300] {logging_mixin.py:117} INFO - [2023-11-21T10:15:54.426+0300] {dag.py:3324} INFO - Setting next_dagrun for example_branch_datetime_operator to 2023-11-20T00:00:00+00:00, run_after=2023-11-21T00:00:00+00:00
[2023-11-21T10:15:54.430+0300] {logging_mixin.py:117} INFO - [2023-11-21T10:15:54.430+0300] {dag.py:3324} INFO - Setting next_dagrun for example_branch_datetime_operator_2 to 2023-11-20T00:00:00+00:00, run_after=2023-11-21T00:00:00+00:00
[2023-11-21T10:15:54.432+0300] {logging_mixin.py:117} INFO - [2023-11-21T10:15:54.432+0300] {dag.py:3324} INFO - Setting next_dagrun for example_branch_datetime_operator_3 to 2023-11-20T00:00:00+00:00, run_after=2023-11-21T00:00:00+00:00
[2023-11-21T10:15:54.447+0300] {processor.py:178} INFO - Processing /home/user/Masaüstü/kafka/.env/lib/python3.8/site-packages/airflow/example_dags/example_branch_datetime_operator.py took 0.092 seconds
[2023-11-21T10:16:32.711+0300] {processor.py:156} INFO - Started process (PID=36047) to work on /home/user/Masaüstü/kafka/.env/lib/python3.8/site-packages/airflow/example_dags/example_branch_datetime_operator.py
[2023-11-21T10:16:32.714+0300] {processor.py:758} INFO - Processing file /home/user/Masaüstü/kafka/.env/lib/python3.8/site-packages/airflow/example_dags/example_branch_datetime_operator.py for tasks to queue
[2023-11-21T10:16:32.716+0300] {logging_mixin.py:117} INFO - [2023-11-21T10:16:32.716+0300] {dagbag.py:525} INFO - Filling up the DagBag from /home/user/Masaüstü/kafka/.env/lib/python3.8/site-packages/airflow/example_dags/example_branch_datetime_operator.py
[2023-11-21T10:16:32.745+0300] {processor.py:768} INFO - DAG(s) dict_keys(['example_branch_datetime_operator_3', 'example_branch_datetime_operator_2', 'example_branch_datetime_operator']) retrieved from /home/user/Masaüstü/kafka/.env/lib/python3.8/site-packages/airflow/example_dags/example_branch_datetime_operator.py
[2023-11-21T10:16:32.767+0300] {logging_mixin.py:117} INFO - [2023-11-21T10:16:32.767+0300] {dag.py:2573} INFO - Sync 3 DAGs
[2023-11-21T10:16:32.782+0300] {logging_mixin.py:117} INFO - [2023-11-21T10:16:32.782+0300] {dag.py:3324} INFO - Setting next_dagrun for example_branch_datetime_operator to 2023-11-20T00:00:00+00:00, run_after=2023-11-21T00:00:00+00:00
[2023-11-21T10:16:32.785+0300] {logging_mixin.py:117} INFO - [2023-11-21T10:16:32.785+0300] {dag.py:3324} INFO - Setting next_dagrun for example_branch_datetime_operator_2 to 2023-11-20T00:00:00+00:00, run_after=2023-11-21T00:00:00+00:00
[2023-11-21T10:16:32.787+0300] {logging_mixin.py:117} INFO - [2023-11-21T10:16:32.787+0300] {dag.py:3324} INFO - Setting next_dagrun for example_branch_datetime_operator_3 to 2023-11-20T00:00:00+00:00, run_after=2023-11-21T00:00:00+00:00
[2023-11-21T10:16:32.803+0300] {processor.py:178} INFO - Processing /home/user/Masaüstü/kafka/.env/lib/python3.8/site-packages/airflow/example_dags/example_branch_datetime_operator.py took 0.098 seconds
[2023-11-21T10:17:09.963+0300] {processor.py:156} INFO - Started process (PID=36325) to work on /home/user/Masaüstü/kafka/.env/lib/python3.8/site-packages/airflow/example_dags/example_branch_datetime_operator.py
[2023-11-21T10:17:09.964+0300] {processor.py:758} INFO - Processing file /home/user/Masaüstü/kafka/.env/lib/python3.8/site-packages/airflow/example_dags/example_branch_datetime_operator.py for tasks to queue
[2023-11-21T10:17:09.965+0300] {logging_mixin.py:117} INFO - [2023-11-21T10:17:09.965+0300] {dagbag.py:525} INFO - Filling up the DagBag from /home/user/Masaüstü/kafka/.env/lib/python3.8/site-packages/airflow/example_dags/example_branch_datetime_operator.py
[2023-11-21T10:17:09.978+0300] {processor.py:768} INFO - DAG(s) dict_keys(['example_branch_datetime_operator_3', 'example_branch_datetime_operator', 'example_branch_datetime_operator_2']) retrieved from /home/user/Masaüstü/kafka/.env/lib/python3.8/site-packages/airflow/example_dags/example_branch_datetime_operator.py
[2023-11-21T10:17:10.000+0300] {logging_mixin.py:117} INFO - [2023-11-21T10:17:10.000+0300] {dag.py:2573} INFO - Sync 3 DAGs
[2023-11-21T10:17:10.017+0300] {logging_mixin.py:117} INFO - [2023-11-21T10:17:10.017+0300] {dag.py:3324} INFO - Setting next_dagrun for example_branch_datetime_operator to 2023-11-20T00:00:00+00:00, run_after=2023-11-21T00:00:00+00:00
[2023-11-21T10:17:10.021+0300] {logging_mixin.py:117} INFO - [2023-11-21T10:17:10.021+0300] {dag.py:3324} INFO - Setting next_dagrun for example_branch_datetime_operator_2 to 2023-11-20T00:00:00+00:00, run_after=2023-11-21T00:00:00+00:00
[2023-11-21T10:17:10.023+0300] {logging_mixin.py:117} INFO - [2023-11-21T10:17:10.023+0300] {dag.py:3324} INFO - Setting next_dagrun for example_branch_datetime_operator_3 to 2023-11-20T00:00:00+00:00, run_after=2023-11-21T00:00:00+00:00
[2023-11-21T10:17:10.040+0300] {processor.py:178} INFO - Processing /home/user/Masaüstü/kafka/.env/lib/python3.8/site-packages/airflow/example_dags/example_branch_datetime_operator.py took 0.079 seconds
[2023-11-21T10:17:47.746+0300] {processor.py:156} INFO - Started process (PID=36580) to work on /home/user/Masaüstü/kafka/.env/lib/python3.8/site-packages/airflow/example_dags/example_branch_datetime_operator.py
[2023-11-21T10:17:47.748+0300] {processor.py:758} INFO - Processing file /home/user/Masaüstü/kafka/.env/lib/python3.8/site-packages/airflow/example_dags/example_branch_datetime_operator.py for tasks to queue
[2023-11-21T10:17:47.749+0300] {logging_mixin.py:117} INFO - [2023-11-21T10:17:47.748+0300] {dagbag.py:525} INFO - Filling up the DagBag from /home/user/Masaüstü/kafka/.env/lib/python3.8/site-packages/airflow/example_dags/example_branch_datetime_operator.py
[2023-11-21T10:17:47.768+0300] {processor.py:768} INFO - DAG(s) dict_keys(['example_branch_datetime_operator', 'example_branch_datetime_operator_3', 'example_branch_datetime_operator_2']) retrieved from /home/user/Masaüstü/kafka/.env/lib/python3.8/site-packages/airflow/example_dags/example_branch_datetime_operator.py
[2023-11-21T10:17:47.791+0300] {logging_mixin.py:117} INFO - [2023-11-21T10:17:47.791+0300] {dag.py:2573} INFO - Sync 3 DAGs
[2023-11-21T10:17:47.806+0300] {logging_mixin.py:117} INFO - [2023-11-21T10:17:47.806+0300] {dag.py:3324} INFO - Setting next_dagrun for example_branch_datetime_operator to 2023-11-20T00:00:00+00:00, run_after=2023-11-21T00:00:00+00:00
[2023-11-21T10:17:47.809+0300] {logging_mixin.py:117} INFO - [2023-11-21T10:17:47.809+0300] {dag.py:3324} INFO - Setting next_dagrun for example_branch_datetime_operator_2 to 2023-11-20T00:00:00+00:00, run_after=2023-11-21T00:00:00+00:00
[2023-11-21T10:17:47.811+0300] {logging_mixin.py:117} INFO - [2023-11-21T10:17:47.811+0300] {dag.py:3324} INFO - Setting next_dagrun for example_branch_datetime_operator_3 to 2023-11-20T00:00:00+00:00, run_after=2023-11-21T00:00:00+00:00
[2023-11-21T10:17:47.827+0300] {processor.py:178} INFO - Processing /home/user/Masaüstü/kafka/.env/lib/python3.8/site-packages/airflow/example_dags/example_branch_datetime_operator.py took 0.084 seconds
[2023-11-21T10:18:24.565+0300] {processor.py:156} INFO - Started process (PID=36839) to work on /home/user/Masaüstü/kafka/.env/lib/python3.8/site-packages/airflow/example_dags/example_branch_datetime_operator.py
[2023-11-21T10:18:24.567+0300] {processor.py:758} INFO - Processing file /home/user/Masaüstü/kafka/.env/lib/python3.8/site-packages/airflow/example_dags/example_branch_datetime_operator.py for tasks to queue
[2023-11-21T10:18:24.568+0300] {logging_mixin.py:117} INFO - [2023-11-21T10:18:24.568+0300] {dagbag.py:525} INFO - Filling up the DagBag from /home/user/Masaüstü/kafka/.env/lib/python3.8/site-packages/airflow/example_dags/example_branch_datetime_operator.py
[2023-11-21T10:18:24.594+0300] {processor.py:768} INFO - DAG(s) dict_keys(['example_branch_datetime_operator_2', 'example_branch_datetime_operator_3', 'example_branch_datetime_operator']) retrieved from /home/user/Masaüstü/kafka/.env/lib/python3.8/site-packages/airflow/example_dags/example_branch_datetime_operator.py
[2023-11-21T10:18:24.617+0300] {logging_mixin.py:117} INFO - [2023-11-21T10:18:24.617+0300] {dag.py:2573} INFO - Sync 3 DAGs
[2023-11-21T10:18:24.635+0300] {logging_mixin.py:117} INFO - [2023-11-21T10:18:24.635+0300] {dag.py:3324} INFO - Setting next_dagrun for example_branch_datetime_operator to 2023-11-20T00:00:00+00:00, run_after=2023-11-21T00:00:00+00:00
[2023-11-21T10:18:24.640+0300] {logging_mixin.py:117} INFO - [2023-11-21T10:18:24.639+0300] {dag.py:3324} INFO - Setting next_dagrun for example_branch_datetime_operator_2 to 2023-11-20T00:00:00+00:00, run_after=2023-11-21T00:00:00+00:00
[2023-11-21T10:18:24.644+0300] {logging_mixin.py:117} INFO - [2023-11-21T10:18:24.642+0300] {dag.py:3324} INFO - Setting next_dagrun for example_branch_datetime_operator_3 to 2023-11-20T00:00:00+00:00, run_after=2023-11-21T00:00:00+00:00
[2023-11-21T10:18:24.672+0300] {processor.py:178} INFO - Processing /home/user/Masaüstü/kafka/.env/lib/python3.8/site-packages/airflow/example_dags/example_branch_datetime_operator.py took 0.114 seconds
[2023-11-21T10:19:03.817+0300] {processor.py:156} INFO - Started process (PID=37085) to work on /home/user/Masaüstü/kafka/.env/lib/python3.8/site-packages/airflow/example_dags/example_branch_datetime_operator.py
[2023-11-21T10:19:03.820+0300] {processor.py:758} INFO - Processing file /home/user/Masaüstü/kafka/.env/lib/python3.8/site-packages/airflow/example_dags/example_branch_datetime_operator.py for tasks to queue
[2023-11-21T10:19:03.822+0300] {logging_mixin.py:117} INFO - [2023-11-21T10:19:03.822+0300] {dagbag.py:525} INFO - Filling up the DagBag from /home/user/Masaüstü/kafka/.env/lib/python3.8/site-packages/airflow/example_dags/example_branch_datetime_operator.py
[2023-11-21T10:19:03.850+0300] {processor.py:768} INFO - DAG(s) dict_keys(['example_branch_datetime_operator_3', 'example_branch_datetime_operator', 'example_branch_datetime_operator_2']) retrieved from /home/user/Masaüstü/kafka/.env/lib/python3.8/site-packages/airflow/example_dags/example_branch_datetime_operator.py
[2023-11-21T10:19:03.872+0300] {logging_mixin.py:117} INFO - [2023-11-21T10:19:03.872+0300] {dag.py:2573} INFO - Sync 3 DAGs
[2023-11-21T10:19:03.888+0300] {logging_mixin.py:117} INFO - [2023-11-21T10:19:03.888+0300] {dag.py:3324} INFO - Setting next_dagrun for example_branch_datetime_operator to 2023-11-20T00:00:00+00:00, run_after=2023-11-21T00:00:00+00:00
[2023-11-21T10:19:03.891+0300] {logging_mixin.py:117} INFO - [2023-11-21T10:19:03.891+0300] {dag.py:3324} INFO - Setting next_dagrun for example_branch_datetime_operator_2 to 2023-11-20T00:00:00+00:00, run_after=2023-11-21T00:00:00+00:00
[2023-11-21T10:19:03.893+0300] {logging_mixin.py:117} INFO - [2023-11-21T10:19:03.893+0300] {dag.py:3324} INFO - Setting next_dagrun for example_branch_datetime_operator_3 to 2023-11-20T00:00:00+00:00, run_after=2023-11-21T00:00:00+00:00
[2023-11-21T10:19:03.909+0300] {processor.py:178} INFO - Processing /home/user/Masaüstü/kafka/.env/lib/python3.8/site-packages/airflow/example_dags/example_branch_datetime_operator.py took 0.100 seconds
[2023-11-21T10:19:42.972+0300] {processor.py:156} INFO - Started process (PID=37338) to work on /home/user/Masaüstü/kafka/.env/lib/python3.8/site-packages/airflow/example_dags/example_branch_datetime_operator.py
[2023-11-21T10:19:42.974+0300] {processor.py:758} INFO - Processing file /home/user/Masaüstü/kafka/.env/lib/python3.8/site-packages/airflow/example_dags/example_branch_datetime_operator.py for tasks to queue
[2023-11-21T10:19:42.974+0300] {logging_mixin.py:117} INFO - [2023-11-21T10:19:42.974+0300] {dagbag.py:525} INFO - Filling up the DagBag from /home/user/Masaüstü/kafka/.env/lib/python3.8/site-packages/airflow/example_dags/example_branch_datetime_operator.py
[2023-11-21T10:19:42.992+0300] {processor.py:768} INFO - DAG(s) dict_keys(['example_branch_datetime_operator', 'example_branch_datetime_operator_2', 'example_branch_datetime_operator_3']) retrieved from /home/user/Masaüstü/kafka/.env/lib/python3.8/site-packages/airflow/example_dags/example_branch_datetime_operator.py
[2023-11-21T10:19:43.026+0300] {logging_mixin.py:117} INFO - [2023-11-21T10:19:43.026+0300] {dag.py:2573} INFO - Sync 3 DAGs
[2023-11-21T10:19:43.053+0300] {logging_mixin.py:117} INFO - [2023-11-21T10:19:43.053+0300] {dag.py:3324} INFO - Setting next_dagrun for example_branch_datetime_operator to 2023-11-20T00:00:00+00:00, run_after=2023-11-21T00:00:00+00:00
[2023-11-21T10:19:43.059+0300] {logging_mixin.py:117} INFO - [2023-11-21T10:19:43.059+0300] {dag.py:3324} INFO - Setting next_dagrun for example_branch_datetime_operator_2 to 2023-11-20T00:00:00+00:00, run_after=2023-11-21T00:00:00+00:00
[2023-11-21T10:19:43.062+0300] {logging_mixin.py:117} INFO - [2023-11-21T10:19:43.062+0300] {dag.py:3324} INFO - Setting next_dagrun for example_branch_datetime_operator_3 to 2023-11-20T00:00:00+00:00, run_after=2023-11-21T00:00:00+00:00
[2023-11-21T10:19:43.090+0300] {processor.py:178} INFO - Processing /home/user/Masaüstü/kafka/.env/lib/python3.8/site-packages/airflow/example_dags/example_branch_datetime_operator.py took 0.120 seconds
