[2023-11-21T09:51:25.316+0300] {processor.py:156} INFO - Started process (PID=23438) to work on /home/user/Masaüstü/kafka/.env/lib/python3.8/site-packages/airflow/example_dags/tutorial_taskflow_api_virtualenv.py
[2023-11-21T09:51:25.318+0300] {processor.py:758} INFO - Processing file /home/user/Masaüstü/kafka/.env/lib/python3.8/site-packages/airflow/example_dags/tutorial_taskflow_api_virtualenv.py for tasks to queue
[2023-11-21T09:51:25.335+0300] {logging_mixin.py:117} INFO - [2023-11-21T09:51:25.335+0300] {dagbag.py:525} INFO - Filling up the DagBag from /home/user/Masaüstü/kafka/.env/lib/python3.8/site-packages/airflow/example_dags/tutorial_taskflow_api_virtualenv.py
[2023-11-21T09:51:25.420+0300] {processor.py:768} INFO - DAG(s) dict_keys(['tutorial_taskflow_api_virtualenv']) retrieved from /home/user/Masaüstü/kafka/.env/lib/python3.8/site-packages/airflow/example_dags/tutorial_taskflow_api_virtualenv.py
[2023-11-21T09:51:25.475+0300] {logging_mixin.py:117} INFO - [2023-11-21T09:51:25.473+0300] {dag.py:2573} INFO - Sync 1 DAGs
[2023-11-21T09:51:25.552+0300] {logging_mixin.py:117} INFO - [2023-11-21T09:51:25.552+0300] {dag.py:3324} INFO - Setting next_dagrun for tutorial_taskflow_api_virtualenv to None, run_after=None
[2023-11-21T09:51:25.665+0300] {processor.py:178} INFO - Processing /home/user/Masaüstü/kafka/.env/lib/python3.8/site-packages/airflow/example_dags/tutorial_taskflow_api_virtualenv.py took 0.385 seconds
[2023-11-21T09:52:04.913+0300] {processor.py:156} INFO - Started process (PID=23969) to work on /home/user/Masaüstü/kafka/.env/lib/python3.8/site-packages/airflow/example_dags/tutorial_taskflow_api_virtualenv.py
[2023-11-21T09:52:04.917+0300] {processor.py:758} INFO - Processing file /home/user/Masaüstü/kafka/.env/lib/python3.8/site-packages/airflow/example_dags/tutorial_taskflow_api_virtualenv.py for tasks to queue
[2023-11-21T09:52:04.919+0300] {logging_mixin.py:117} INFO - [2023-11-21T09:52:04.919+0300] {dagbag.py:525} INFO - Filling up the DagBag from /home/user/Masaüstü/kafka/.env/lib/python3.8/site-packages/airflow/example_dags/tutorial_taskflow_api_virtualenv.py
[2023-11-21T09:52:04.956+0300] {processor.py:768} INFO - DAG(s) dict_keys(['tutorial_taskflow_api_virtualenv']) retrieved from /home/user/Masaüstü/kafka/.env/lib/python3.8/site-packages/airflow/example_dags/tutorial_taskflow_api_virtualenv.py
[2023-11-21T09:52:04.979+0300] {logging_mixin.py:117} INFO - [2023-11-21T09:52:04.978+0300] {dag.py:2573} INFO - Sync 1 DAGs
[2023-11-21T09:52:04.996+0300] {logging_mixin.py:117} INFO - [2023-11-21T09:52:04.996+0300] {dag.py:3324} INFO - Setting next_dagrun for tutorial_taskflow_api_virtualenv to None, run_after=None
[2023-11-21T09:52:05.033+0300] {processor.py:178} INFO - Processing /home/user/Masaüstü/kafka/.env/lib/python3.8/site-packages/airflow/example_dags/tutorial_taskflow_api_virtualenv.py took 0.127 seconds
[2023-11-21T09:52:41.978+0300] {processor.py:156} INFO - Started process (PID=24405) to work on /home/user/Masaüstü/kafka/.env/lib/python3.8/site-packages/airflow/example_dags/tutorial_taskflow_api_virtualenv.py
[2023-11-21T09:52:41.982+0300] {processor.py:758} INFO - Processing file /home/user/Masaüstü/kafka/.env/lib/python3.8/site-packages/airflow/example_dags/tutorial_taskflow_api_virtualenv.py for tasks to queue
[2023-11-21T09:52:41.983+0300] {logging_mixin.py:117} INFO - [2023-11-21T09:52:41.983+0300] {dagbag.py:525} INFO - Filling up the DagBag from /home/user/Masaüstü/kafka/.env/lib/python3.8/site-packages/airflow/example_dags/tutorial_taskflow_api_virtualenv.py
[2023-11-21T09:52:42.015+0300] {processor.py:768} INFO - DAG(s) dict_keys(['tutorial_taskflow_api_virtualenv']) retrieved from /home/user/Masaüstü/kafka/.env/lib/python3.8/site-packages/airflow/example_dags/tutorial_taskflow_api_virtualenv.py
[2023-11-21T09:52:42.035+0300] {logging_mixin.py:117} INFO - [2023-11-21T09:52:42.034+0300] {dag.py:2573} INFO - Sync 1 DAGs
[2023-11-21T09:52:42.051+0300] {logging_mixin.py:117} INFO - [2023-11-21T09:52:42.051+0300] {dag.py:3324} INFO - Setting next_dagrun for tutorial_taskflow_api_virtualenv to None, run_after=None
[2023-11-21T09:52:42.070+0300] {processor.py:178} INFO - Processing /home/user/Masaüstü/kafka/.env/lib/python3.8/site-packages/airflow/example_dags/tutorial_taskflow_api_virtualenv.py took 0.100 seconds
[2023-11-21T09:53:19.917+0300] {processor.py:156} INFO - Started process (PID=24671) to work on /home/user/Masaüstü/kafka/.env/lib/python3.8/site-packages/airflow/example_dags/tutorial_taskflow_api_virtualenv.py
[2023-11-21T09:53:19.919+0300] {processor.py:758} INFO - Processing file /home/user/Masaüstü/kafka/.env/lib/python3.8/site-packages/airflow/example_dags/tutorial_taskflow_api_virtualenv.py for tasks to queue
[2023-11-21T09:53:19.921+0300] {logging_mixin.py:117} INFO - [2023-11-21T09:53:19.921+0300] {dagbag.py:525} INFO - Filling up the DagBag from /home/user/Masaüstü/kafka/.env/lib/python3.8/site-packages/airflow/example_dags/tutorial_taskflow_api_virtualenv.py
[2023-11-21T09:53:19.967+0300] {processor.py:768} INFO - DAG(s) dict_keys(['tutorial_taskflow_api_virtualenv']) retrieved from /home/user/Masaüstü/kafka/.env/lib/python3.8/site-packages/airflow/example_dags/tutorial_taskflow_api_virtualenv.py
[2023-11-21T09:53:19.987+0300] {logging_mixin.py:117} INFO - [2023-11-21T09:53:19.987+0300] {dag.py:2573} INFO - Sync 1 DAGs
[2023-11-21T09:53:20.004+0300] {logging_mixin.py:117} INFO - [2023-11-21T09:53:20.004+0300] {dag.py:3324} INFO - Setting next_dagrun for tutorial_taskflow_api_virtualenv to None, run_after=None
[2023-11-21T09:53:20.023+0300] {processor.py:178} INFO - Processing /home/user/Masaüstü/kafka/.env/lib/python3.8/site-packages/airflow/example_dags/tutorial_taskflow_api_virtualenv.py took 0.109 seconds
[2023-11-21T09:53:58.151+0300] {processor.py:156} INFO - Started process (PID=24912) to work on /home/user/Masaüstü/kafka/.env/lib/python3.8/site-packages/airflow/example_dags/tutorial_taskflow_api_virtualenv.py
[2023-11-21T09:53:58.153+0300] {processor.py:758} INFO - Processing file /home/user/Masaüstü/kafka/.env/lib/python3.8/site-packages/airflow/example_dags/tutorial_taskflow_api_virtualenv.py for tasks to queue
[2023-11-21T09:53:58.154+0300] {logging_mixin.py:117} INFO - [2023-11-21T09:53:58.154+0300] {dagbag.py:525} INFO - Filling up the DagBag from /home/user/Masaüstü/kafka/.env/lib/python3.8/site-packages/airflow/example_dags/tutorial_taskflow_api_virtualenv.py
[2023-11-21T09:53:58.173+0300] {processor.py:768} INFO - DAG(s) dict_keys(['tutorial_taskflow_api_virtualenv']) retrieved from /home/user/Masaüstü/kafka/.env/lib/python3.8/site-packages/airflow/example_dags/tutorial_taskflow_api_virtualenv.py
[2023-11-21T09:53:58.191+0300] {logging_mixin.py:117} INFO - [2023-11-21T09:53:58.191+0300] {dag.py:2573} INFO - Sync 1 DAGs
[2023-11-21T09:53:58.206+0300] {logging_mixin.py:117} INFO - [2023-11-21T09:53:58.206+0300] {dag.py:3324} INFO - Setting next_dagrun for tutorial_taskflow_api_virtualenv to None, run_after=None
[2023-11-21T09:53:58.222+0300] {processor.py:178} INFO - Processing /home/user/Masaüstü/kafka/.env/lib/python3.8/site-packages/airflow/example_dags/tutorial_taskflow_api_virtualenv.py took 0.074 seconds
[2023-11-21T09:54:33.370+0300] {processor.py:156} INFO - Started process (PID=25131) to work on /home/user/Masaüstü/kafka/.env/lib/python3.8/site-packages/airflow/example_dags/tutorial_taskflow_api_virtualenv.py
[2023-11-21T09:54:33.371+0300] {processor.py:758} INFO - Processing file /home/user/Masaüstü/kafka/.env/lib/python3.8/site-packages/airflow/example_dags/tutorial_taskflow_api_virtualenv.py for tasks to queue
[2023-11-21T09:54:33.373+0300] {logging_mixin.py:117} INFO - [2023-11-21T09:54:33.372+0300] {dagbag.py:525} INFO - Filling up the DagBag from /home/user/Masaüstü/kafka/.env/lib/python3.8/site-packages/airflow/example_dags/tutorial_taskflow_api_virtualenv.py
[2023-11-21T09:54:33.436+0300] {processor.py:768} INFO - DAG(s) dict_keys(['tutorial_taskflow_api_virtualenv']) retrieved from /home/user/Masaüstü/kafka/.env/lib/python3.8/site-packages/airflow/example_dags/tutorial_taskflow_api_virtualenv.py
[2023-11-21T09:54:33.483+0300] {logging_mixin.py:117} INFO - [2023-11-21T09:54:33.482+0300] {dag.py:2573} INFO - Sync 1 DAGs
[2023-11-21T09:54:33.513+0300] {logging_mixin.py:117} INFO - [2023-11-21T09:54:33.513+0300] {dag.py:3324} INFO - Setting next_dagrun for tutorial_taskflow_api_virtualenv to None, run_after=None
[2023-11-21T09:54:33.552+0300] {processor.py:178} INFO - Processing /home/user/Masaüstü/kafka/.env/lib/python3.8/site-packages/airflow/example_dags/tutorial_taskflow_api_virtualenv.py took 0.191 seconds
[2023-11-21T09:55:11.141+0300] {processor.py:156} INFO - Started process (PID=25373) to work on /home/user/Masaüstü/kafka/.env/lib/python3.8/site-packages/airflow/example_dags/tutorial_taskflow_api_virtualenv.py
[2023-11-21T09:55:11.141+0300] {processor.py:758} INFO - Processing file /home/user/Masaüstü/kafka/.env/lib/python3.8/site-packages/airflow/example_dags/tutorial_taskflow_api_virtualenv.py for tasks to queue
[2023-11-21T09:55:11.142+0300] {logging_mixin.py:117} INFO - [2023-11-21T09:55:11.142+0300] {dagbag.py:525} INFO - Filling up the DagBag from /home/user/Masaüstü/kafka/.env/lib/python3.8/site-packages/airflow/example_dags/tutorial_taskflow_api_virtualenv.py
[2023-11-21T09:55:11.159+0300] {processor.py:768} INFO - DAG(s) dict_keys(['tutorial_taskflow_api_virtualenv']) retrieved from /home/user/Masaüstü/kafka/.env/lib/python3.8/site-packages/airflow/example_dags/tutorial_taskflow_api_virtualenv.py
[2023-11-21T09:55:11.179+0300] {logging_mixin.py:117} INFO - [2023-11-21T09:55:11.179+0300] {dag.py:2573} INFO - Sync 1 DAGs
[2023-11-21T09:55:11.194+0300] {logging_mixin.py:117} INFO - [2023-11-21T09:55:11.194+0300] {dag.py:3324} INFO - Setting next_dagrun for tutorial_taskflow_api_virtualenv to None, run_after=None
[2023-11-21T09:55:11.223+0300] {processor.py:178} INFO - Processing /home/user/Masaüstü/kafka/.env/lib/python3.8/site-packages/airflow/example_dags/tutorial_taskflow_api_virtualenv.py took 0.084 seconds
[2023-11-21T09:55:48.663+0300] {processor.py:156} INFO - Started process (PID=25679) to work on /home/user/Masaüstü/kafka/.env/lib/python3.8/site-packages/airflow/example_dags/tutorial_taskflow_api_virtualenv.py
[2023-11-21T09:55:48.664+0300] {processor.py:758} INFO - Processing file /home/user/Masaüstü/kafka/.env/lib/python3.8/site-packages/airflow/example_dags/tutorial_taskflow_api_virtualenv.py for tasks to queue
[2023-11-21T09:55:48.665+0300] {logging_mixin.py:117} INFO - [2023-11-21T09:55:48.665+0300] {dagbag.py:525} INFO - Filling up the DagBag from /home/user/Masaüstü/kafka/.env/lib/python3.8/site-packages/airflow/example_dags/tutorial_taskflow_api_virtualenv.py
[2023-11-21T09:55:48.692+0300] {processor.py:768} INFO - DAG(s) dict_keys(['tutorial_taskflow_api_virtualenv']) retrieved from /home/user/Masaüstü/kafka/.env/lib/python3.8/site-packages/airflow/example_dags/tutorial_taskflow_api_virtualenv.py
[2023-11-21T09:55:48.712+0300] {logging_mixin.py:117} INFO - [2023-11-21T09:55:48.711+0300] {dag.py:2573} INFO - Sync 1 DAGs
[2023-11-21T09:55:48.725+0300] {logging_mixin.py:117} INFO - [2023-11-21T09:55:48.725+0300] {dag.py:3324} INFO - Setting next_dagrun for tutorial_taskflow_api_virtualenv to None, run_after=None
[2023-11-21T09:55:48.750+0300] {processor.py:178} INFO - Processing /home/user/Masaüstü/kafka/.env/lib/python3.8/site-packages/airflow/example_dags/tutorial_taskflow_api_virtualenv.py took 0.090 seconds
[2023-11-21T09:56:24.811+0300] {processor.py:156} INFO - Started process (PID=25949) to work on /home/user/Masaüstü/kafka/.env/lib/python3.8/site-packages/airflow/example_dags/tutorial_taskflow_api_virtualenv.py
[2023-11-21T09:56:24.813+0300] {processor.py:758} INFO - Processing file /home/user/Masaüstü/kafka/.env/lib/python3.8/site-packages/airflow/example_dags/tutorial_taskflow_api_virtualenv.py for tasks to queue
[2023-11-21T09:56:24.814+0300] {logging_mixin.py:117} INFO - [2023-11-21T09:56:24.814+0300] {dagbag.py:525} INFO - Filling up the DagBag from /home/user/Masaüstü/kafka/.env/lib/python3.8/site-packages/airflow/example_dags/tutorial_taskflow_api_virtualenv.py
[2023-11-21T09:56:24.850+0300] {processor.py:768} INFO - DAG(s) dict_keys(['tutorial_taskflow_api_virtualenv']) retrieved from /home/user/Masaüstü/kafka/.env/lib/python3.8/site-packages/airflow/example_dags/tutorial_taskflow_api_virtualenv.py
[2023-11-21T09:56:24.886+0300] {logging_mixin.py:117} INFO - [2023-11-21T09:56:24.886+0300] {dag.py:2573} INFO - Sync 1 DAGs
[2023-11-21T09:56:24.910+0300] {logging_mixin.py:117} INFO - [2023-11-21T09:56:24.910+0300] {dag.py:3324} INFO - Setting next_dagrun for tutorial_taskflow_api_virtualenv to None, run_after=None
[2023-11-21T09:56:24.933+0300] {processor.py:178} INFO - Processing /home/user/Masaüstü/kafka/.env/lib/python3.8/site-packages/airflow/example_dags/tutorial_taskflow_api_virtualenv.py took 0.128 seconds
[2023-11-21T09:57:02.232+0300] {processor.py:156} INFO - Started process (PID=26176) to work on /home/user/Masaüstü/kafka/.env/lib/python3.8/site-packages/airflow/example_dags/tutorial_taskflow_api_virtualenv.py
[2023-11-21T09:57:02.238+0300] {processor.py:758} INFO - Processing file /home/user/Masaüstü/kafka/.env/lib/python3.8/site-packages/airflow/example_dags/tutorial_taskflow_api_virtualenv.py for tasks to queue
[2023-11-21T09:57:02.239+0300] {logging_mixin.py:117} INFO - [2023-11-21T09:57:02.239+0300] {dagbag.py:525} INFO - Filling up the DagBag from /home/user/Masaüstü/kafka/.env/lib/python3.8/site-packages/airflow/example_dags/tutorial_taskflow_api_virtualenv.py
[2023-11-21T09:57:02.256+0300] {processor.py:768} INFO - DAG(s) dict_keys(['tutorial_taskflow_api_virtualenv']) retrieved from /home/user/Masaüstü/kafka/.env/lib/python3.8/site-packages/airflow/example_dags/tutorial_taskflow_api_virtualenv.py
[2023-11-21T09:57:02.274+0300] {logging_mixin.py:117} INFO - [2023-11-21T09:57:02.273+0300] {dag.py:2573} INFO - Sync 1 DAGs
[2023-11-21T09:57:02.289+0300] {logging_mixin.py:117} INFO - [2023-11-21T09:57:02.289+0300] {dag.py:3324} INFO - Setting next_dagrun for tutorial_taskflow_api_virtualenv to None, run_after=None
[2023-11-21T09:57:02.318+0300] {processor.py:178} INFO - Processing /home/user/Masaüstü/kafka/.env/lib/python3.8/site-packages/airflow/example_dags/tutorial_taskflow_api_virtualenv.py took 0.087 seconds
[2023-11-21T09:57:39.450+0300] {processor.py:156} INFO - Started process (PID=26414) to work on /home/user/Masaüstü/kafka/.env/lib/python3.8/site-packages/airflow/example_dags/tutorial_taskflow_api_virtualenv.py
[2023-11-21T09:57:39.452+0300] {processor.py:758} INFO - Processing file /home/user/Masaüstü/kafka/.env/lib/python3.8/site-packages/airflow/example_dags/tutorial_taskflow_api_virtualenv.py for tasks to queue
[2023-11-21T09:57:39.452+0300] {logging_mixin.py:117} INFO - [2023-11-21T09:57:39.452+0300] {dagbag.py:525} INFO - Filling up the DagBag from /home/user/Masaüstü/kafka/.env/lib/python3.8/site-packages/airflow/example_dags/tutorial_taskflow_api_virtualenv.py
[2023-11-21T09:57:39.468+0300] {processor.py:768} INFO - DAG(s) dict_keys(['tutorial_taskflow_api_virtualenv']) retrieved from /home/user/Masaüstü/kafka/.env/lib/python3.8/site-packages/airflow/example_dags/tutorial_taskflow_api_virtualenv.py
[2023-11-21T09:57:39.486+0300] {logging_mixin.py:117} INFO - [2023-11-21T09:57:39.486+0300] {dag.py:2573} INFO - Sync 1 DAGs
[2023-11-21T09:57:39.501+0300] {logging_mixin.py:117} INFO - [2023-11-21T09:57:39.501+0300] {dag.py:3324} INFO - Setting next_dagrun for tutorial_taskflow_api_virtualenv to None, run_after=None
[2023-11-21T09:57:39.519+0300] {processor.py:178} INFO - Processing /home/user/Masaüstü/kafka/.env/lib/python3.8/site-packages/airflow/example_dags/tutorial_taskflow_api_virtualenv.py took 0.071 seconds
[2023-11-21T09:58:16.373+0300] {processor.py:156} INFO - Started process (PID=26716) to work on /home/user/Masaüstü/kafka/.env/lib/python3.8/site-packages/airflow/example_dags/tutorial_taskflow_api_virtualenv.py
[2023-11-21T09:58:16.376+0300] {processor.py:758} INFO - Processing file /home/user/Masaüstü/kafka/.env/lib/python3.8/site-packages/airflow/example_dags/tutorial_taskflow_api_virtualenv.py for tasks to queue
[2023-11-21T09:58:16.377+0300] {logging_mixin.py:117} INFO - [2023-11-21T09:58:16.377+0300] {dagbag.py:525} INFO - Filling up the DagBag from /home/user/Masaüstü/kafka/.env/lib/python3.8/site-packages/airflow/example_dags/tutorial_taskflow_api_virtualenv.py
[2023-11-21T09:58:16.411+0300] {processor.py:768} INFO - DAG(s) dict_keys(['tutorial_taskflow_api_virtualenv']) retrieved from /home/user/Masaüstü/kafka/.env/lib/python3.8/site-packages/airflow/example_dags/tutorial_taskflow_api_virtualenv.py
[2023-11-21T09:58:16.430+0300] {logging_mixin.py:117} INFO - [2023-11-21T09:58:16.430+0300] {dag.py:2573} INFO - Sync 1 DAGs
[2023-11-21T09:58:16.444+0300] {logging_mixin.py:117} INFO - [2023-11-21T09:58:16.444+0300] {dag.py:3324} INFO - Setting next_dagrun for tutorial_taskflow_api_virtualenv to None, run_after=None
[2023-11-21T09:58:16.475+0300] {processor.py:178} INFO - Processing /home/user/Masaüstü/kafka/.env/lib/python3.8/site-packages/airflow/example_dags/tutorial_taskflow_api_virtualenv.py took 0.110 seconds
[2023-11-21T09:58:53.987+0300] {processor.py:156} INFO - Started process (PID=27232) to work on /home/user/Masaüstü/kafka/.env/lib/python3.8/site-packages/airflow/example_dags/tutorial_taskflow_api_virtualenv.py
[2023-11-21T09:58:53.989+0300] {processor.py:758} INFO - Processing file /home/user/Masaüstü/kafka/.env/lib/python3.8/site-packages/airflow/example_dags/tutorial_taskflow_api_virtualenv.py for tasks to queue
[2023-11-21T09:58:53.991+0300] {logging_mixin.py:117} INFO - [2023-11-21T09:58:53.990+0300] {dagbag.py:525} INFO - Filling up the DagBag from /home/user/Masaüstü/kafka/.env/lib/python3.8/site-packages/airflow/example_dags/tutorial_taskflow_api_virtualenv.py
[2023-11-21T09:58:54.024+0300] {processor.py:768} INFO - DAG(s) dict_keys(['tutorial_taskflow_api_virtualenv']) retrieved from /home/user/Masaüstü/kafka/.env/lib/python3.8/site-packages/airflow/example_dags/tutorial_taskflow_api_virtualenv.py
[2023-11-21T09:58:54.042+0300] {logging_mixin.py:117} INFO - [2023-11-21T09:58:54.042+0300] {dag.py:2573} INFO - Sync 1 DAGs
[2023-11-21T09:58:54.056+0300] {logging_mixin.py:117} INFO - [2023-11-21T09:58:54.056+0300] {dag.py:3324} INFO - Setting next_dagrun for tutorial_taskflow_api_virtualenv to None, run_after=None
[2023-11-21T09:58:54.081+0300] {processor.py:178} INFO - Processing /home/user/Masaüstü/kafka/.env/lib/python3.8/site-packages/airflow/example_dags/tutorial_taskflow_api_virtualenv.py took 0.099 seconds
[2023-11-21T09:59:29.288+0300] {processor.py:156} INFO - Started process (PID=27480) to work on /home/user/Masaüstü/kafka/.env/lib/python3.8/site-packages/airflow/example_dags/tutorial_taskflow_api_virtualenv.py
[2023-11-21T09:59:29.289+0300] {processor.py:758} INFO - Processing file /home/user/Masaüstü/kafka/.env/lib/python3.8/site-packages/airflow/example_dags/tutorial_taskflow_api_virtualenv.py for tasks to queue
[2023-11-21T09:59:29.290+0300] {logging_mixin.py:117} INFO - [2023-11-21T09:59:29.290+0300] {dagbag.py:525} INFO - Filling up the DagBag from /home/user/Masaüstü/kafka/.env/lib/python3.8/site-packages/airflow/example_dags/tutorial_taskflow_api_virtualenv.py
[2023-11-21T09:59:29.310+0300] {processor.py:768} INFO - DAG(s) dict_keys(['tutorial_taskflow_api_virtualenv']) retrieved from /home/user/Masaüstü/kafka/.env/lib/python3.8/site-packages/airflow/example_dags/tutorial_taskflow_api_virtualenv.py
[2023-11-21T09:59:29.328+0300] {logging_mixin.py:117} INFO - [2023-11-21T09:59:29.328+0300] {dag.py:2573} INFO - Sync 1 DAGs
[2023-11-21T09:59:29.348+0300] {logging_mixin.py:117} INFO - [2023-11-21T09:59:29.348+0300] {dag.py:3324} INFO - Setting next_dagrun for tutorial_taskflow_api_virtualenv to None, run_after=None
[2023-11-21T09:59:29.365+0300] {processor.py:178} INFO - Processing /home/user/Masaüstü/kafka/.env/lib/python3.8/site-packages/airflow/example_dags/tutorial_taskflow_api_virtualenv.py took 0.079 seconds
[2023-11-21T10:00:05.381+0300] {processor.py:156} INFO - Started process (PID=27710) to work on /home/user/Masaüstü/kafka/.env/lib/python3.8/site-packages/airflow/example_dags/tutorial_taskflow_api_virtualenv.py
[2023-11-21T10:00:05.384+0300] {processor.py:758} INFO - Processing file /home/user/Masaüstü/kafka/.env/lib/python3.8/site-packages/airflow/example_dags/tutorial_taskflow_api_virtualenv.py for tasks to queue
[2023-11-21T10:00:05.384+0300] {logging_mixin.py:117} INFO - [2023-11-21T10:00:05.384+0300] {dagbag.py:525} INFO - Filling up the DagBag from /home/user/Masaüstü/kafka/.env/lib/python3.8/site-packages/airflow/example_dags/tutorial_taskflow_api_virtualenv.py
[2023-11-21T10:00:05.408+0300] {processor.py:768} INFO - DAG(s) dict_keys(['tutorial_taskflow_api_virtualenv']) retrieved from /home/user/Masaüstü/kafka/.env/lib/python3.8/site-packages/airflow/example_dags/tutorial_taskflow_api_virtualenv.py
[2023-11-21T10:00:05.427+0300] {logging_mixin.py:117} INFO - [2023-11-21T10:00:05.427+0300] {dag.py:2573} INFO - Sync 1 DAGs
[2023-11-21T10:00:05.441+0300] {logging_mixin.py:117} INFO - [2023-11-21T10:00:05.441+0300] {dag.py:3324} INFO - Setting next_dagrun for tutorial_taskflow_api_virtualenv to None, run_after=None
[2023-11-21T10:00:05.458+0300] {processor.py:178} INFO - Processing /home/user/Masaüstü/kafka/.env/lib/python3.8/site-packages/airflow/example_dags/tutorial_taskflow_api_virtualenv.py took 0.079 seconds
[2023-11-21T10:00:41.346+0300] {processor.py:156} INFO - Started process (PID=27927) to work on /home/user/Masaüstü/kafka/.env/lib/python3.8/site-packages/airflow/example_dags/tutorial_taskflow_api_virtualenv.py
[2023-11-21T10:00:41.348+0300] {processor.py:758} INFO - Processing file /home/user/Masaüstü/kafka/.env/lib/python3.8/site-packages/airflow/example_dags/tutorial_taskflow_api_virtualenv.py for tasks to queue
[2023-11-21T10:00:41.349+0300] {logging_mixin.py:117} INFO - [2023-11-21T10:00:41.349+0300] {dagbag.py:525} INFO - Filling up the DagBag from /home/user/Masaüstü/kafka/.env/lib/python3.8/site-packages/airflow/example_dags/tutorial_taskflow_api_virtualenv.py
[2023-11-21T10:00:41.377+0300] {processor.py:768} INFO - DAG(s) dict_keys(['tutorial_taskflow_api_virtualenv']) retrieved from /home/user/Masaüstü/kafka/.env/lib/python3.8/site-packages/airflow/example_dags/tutorial_taskflow_api_virtualenv.py
[2023-11-21T10:00:41.396+0300] {logging_mixin.py:117} INFO - [2023-11-21T10:00:41.396+0300] {dag.py:2573} INFO - Sync 1 DAGs
[2023-11-21T10:00:41.411+0300] {logging_mixin.py:117} INFO - [2023-11-21T10:00:41.411+0300] {dag.py:3324} INFO - Setting next_dagrun for tutorial_taskflow_api_virtualenv to None, run_after=None
[2023-11-21T10:00:41.428+0300] {processor.py:178} INFO - Processing /home/user/Masaüstü/kafka/.env/lib/python3.8/site-packages/airflow/example_dags/tutorial_taskflow_api_virtualenv.py took 0.085 seconds
[2023-11-21T10:01:16.698+0300] {processor.py:156} INFO - Started process (PID=28147) to work on /home/user/Masaüstü/kafka/.env/lib/python3.8/site-packages/airflow/example_dags/tutorial_taskflow_api_virtualenv.py
[2023-11-21T10:01:16.700+0300] {processor.py:758} INFO - Processing file /home/user/Masaüstü/kafka/.env/lib/python3.8/site-packages/airflow/example_dags/tutorial_taskflow_api_virtualenv.py for tasks to queue
[2023-11-21T10:01:16.701+0300] {logging_mixin.py:117} INFO - [2023-11-21T10:01:16.700+0300] {dagbag.py:525} INFO - Filling up the DagBag from /home/user/Masaüstü/kafka/.env/lib/python3.8/site-packages/airflow/example_dags/tutorial_taskflow_api_virtualenv.py
[2023-11-21T10:01:16.717+0300] {processor.py:768} INFO - DAG(s) dict_keys(['tutorial_taskflow_api_virtualenv']) retrieved from /home/user/Masaüstü/kafka/.env/lib/python3.8/site-packages/airflow/example_dags/tutorial_taskflow_api_virtualenv.py
[2023-11-21T10:01:16.734+0300] {logging_mixin.py:117} INFO - [2023-11-21T10:01:16.734+0300] {dag.py:2573} INFO - Sync 1 DAGs
[2023-11-21T10:01:16.751+0300] {logging_mixin.py:117} INFO - [2023-11-21T10:01:16.751+0300] {dag.py:3324} INFO - Setting next_dagrun for tutorial_taskflow_api_virtualenv to None, run_after=None
[2023-11-21T10:01:16.773+0300] {processor.py:178} INFO - Processing /home/user/Masaüstü/kafka/.env/lib/python3.8/site-packages/airflow/example_dags/tutorial_taskflow_api_virtualenv.py took 0.076 seconds
[2023-11-21T10:01:51.829+0300] {processor.py:156} INFO - Started process (PID=28424) to work on /home/user/Masaüstü/kafka/.env/lib/python3.8/site-packages/airflow/example_dags/tutorial_taskflow_api_virtualenv.py
[2023-11-21T10:01:51.830+0300] {processor.py:758} INFO - Processing file /home/user/Masaüstü/kafka/.env/lib/python3.8/site-packages/airflow/example_dags/tutorial_taskflow_api_virtualenv.py for tasks to queue
[2023-11-21T10:01:51.832+0300] {logging_mixin.py:117} INFO - [2023-11-21T10:01:51.831+0300] {dagbag.py:525} INFO - Filling up the DagBag from /home/user/Masaüstü/kafka/.env/lib/python3.8/site-packages/airflow/example_dags/tutorial_taskflow_api_virtualenv.py
[2023-11-21T10:01:51.862+0300] {processor.py:768} INFO - DAG(s) dict_keys(['tutorial_taskflow_api_virtualenv']) retrieved from /home/user/Masaüstü/kafka/.env/lib/python3.8/site-packages/airflow/example_dags/tutorial_taskflow_api_virtualenv.py
[2023-11-21T10:01:51.887+0300] {logging_mixin.py:117} INFO - [2023-11-21T10:01:51.887+0300] {dag.py:2573} INFO - Sync 1 DAGs
[2023-11-21T10:01:51.901+0300] {logging_mixin.py:117} INFO - [2023-11-21T10:01:51.901+0300] {dag.py:3324} INFO - Setting next_dagrun for tutorial_taskflow_api_virtualenv to None, run_after=None
[2023-11-21T10:01:51.918+0300] {processor.py:178} INFO - Processing /home/user/Masaüstü/kafka/.env/lib/python3.8/site-packages/airflow/example_dags/tutorial_taskflow_api_virtualenv.py took 0.093 seconds
[2023-11-21T10:02:28.277+0300] {processor.py:156} INFO - Started process (PID=28643) to work on /home/user/Masaüstü/kafka/.env/lib/python3.8/site-packages/airflow/example_dags/tutorial_taskflow_api_virtualenv.py
[2023-11-21T10:02:28.280+0300] {processor.py:758} INFO - Processing file /home/user/Masaüstü/kafka/.env/lib/python3.8/site-packages/airflow/example_dags/tutorial_taskflow_api_virtualenv.py for tasks to queue
[2023-11-21T10:02:28.282+0300] {logging_mixin.py:117} INFO - [2023-11-21T10:02:28.282+0300] {dagbag.py:525} INFO - Filling up the DagBag from /home/user/Masaüstü/kafka/.env/lib/python3.8/site-packages/airflow/example_dags/tutorial_taskflow_api_virtualenv.py
[2023-11-21T10:02:28.323+0300] {processor.py:768} INFO - DAG(s) dict_keys(['tutorial_taskflow_api_virtualenv']) retrieved from /home/user/Masaüstü/kafka/.env/lib/python3.8/site-packages/airflow/example_dags/tutorial_taskflow_api_virtualenv.py
[2023-11-21T10:02:28.352+0300] {logging_mixin.py:117} INFO - [2023-11-21T10:02:28.352+0300] {dag.py:2573} INFO - Sync 1 DAGs
[2023-11-21T10:02:28.370+0300] {logging_mixin.py:117} INFO - [2023-11-21T10:02:28.370+0300] {dag.py:3324} INFO - Setting next_dagrun for tutorial_taskflow_api_virtualenv to None, run_after=None
[2023-11-21T10:02:28.391+0300] {processor.py:178} INFO - Processing /home/user/Masaüstü/kafka/.env/lib/python3.8/site-packages/airflow/example_dags/tutorial_taskflow_api_virtualenv.py took 0.120 seconds
[2023-11-21T10:04:58.831+0300] {processor.py:156} INFO - Started process (PID=29940) to work on /home/user/Masaüstü/kafka/.env/lib/python3.8/site-packages/airflow/example_dags/tutorial_taskflow_api_virtualenv.py
[2023-11-21T10:04:58.833+0300] {processor.py:758} INFO - Processing file /home/user/Masaüstü/kafka/.env/lib/python3.8/site-packages/airflow/example_dags/tutorial_taskflow_api_virtualenv.py for tasks to queue
[2023-11-21T10:04:58.833+0300] {logging_mixin.py:117} INFO - [2023-11-21T10:04:58.833+0300] {dagbag.py:525} INFO - Filling up the DagBag from /home/user/Masaüstü/kafka/.env/lib/python3.8/site-packages/airflow/example_dags/tutorial_taskflow_api_virtualenv.py
[2023-11-21T10:04:58.849+0300] {processor.py:768} INFO - DAG(s) dict_keys(['tutorial_taskflow_api_virtualenv']) retrieved from /home/user/Masaüstü/kafka/.env/lib/python3.8/site-packages/airflow/example_dags/tutorial_taskflow_api_virtualenv.py
[2023-11-21T10:04:58.859+0300] {logging_mixin.py:117} INFO - [2023-11-21T10:04:58.859+0300] {dag.py:2573} INFO - Sync 1 DAGs
[2023-11-21T10:04:58.874+0300] {logging_mixin.py:117} INFO - [2023-11-21T10:04:58.873+0300] {dag.py:3324} INFO - Setting next_dagrun for tutorial_taskflow_api_virtualenv to None, run_after=None
[2023-11-21T10:04:58.890+0300] {processor.py:178} INFO - Processing /home/user/Masaüstü/kafka/.env/lib/python3.8/site-packages/airflow/example_dags/tutorial_taskflow_api_virtualenv.py took 0.061 seconds
[2023-11-21T10:05:35.073+0300] {processor.py:156} INFO - Started process (PID=30226) to work on /home/user/Masaüstü/kafka/.env/lib/python3.8/site-packages/airflow/example_dags/tutorial_taskflow_api_virtualenv.py
[2023-11-21T10:05:35.075+0300] {processor.py:758} INFO - Processing file /home/user/Masaüstü/kafka/.env/lib/python3.8/site-packages/airflow/example_dags/tutorial_taskflow_api_virtualenv.py for tasks to queue
[2023-11-21T10:05:35.076+0300] {logging_mixin.py:117} INFO - [2023-11-21T10:05:35.075+0300] {dagbag.py:525} INFO - Filling up the DagBag from /home/user/Masaüstü/kafka/.env/lib/python3.8/site-packages/airflow/example_dags/tutorial_taskflow_api_virtualenv.py
[2023-11-21T10:05:35.101+0300] {processor.py:768} INFO - DAG(s) dict_keys(['tutorial_taskflow_api_virtualenv']) retrieved from /home/user/Masaüstü/kafka/.env/lib/python3.8/site-packages/airflow/example_dags/tutorial_taskflow_api_virtualenv.py
[2023-11-21T10:05:35.123+0300] {logging_mixin.py:117} INFO - [2023-11-21T10:05:35.122+0300] {dag.py:2573} INFO - Sync 1 DAGs
[2023-11-21T10:05:35.140+0300] {logging_mixin.py:117} INFO - [2023-11-21T10:05:35.140+0300] {dag.py:3324} INFO - Setting next_dagrun for tutorial_taskflow_api_virtualenv to None, run_after=None
[2023-11-21T10:05:35.176+0300] {processor.py:178} INFO - Processing /home/user/Masaüstü/kafka/.env/lib/python3.8/site-packages/airflow/example_dags/tutorial_taskflow_api_virtualenv.py took 0.105 seconds
[2023-11-21T10:06:14.658+0300] {processor.py:156} INFO - Started process (PID=30605) to work on /home/user/Masaüstü/kafka/.env/lib/python3.8/site-packages/airflow/example_dags/tutorial_taskflow_api_virtualenv.py
[2023-11-21T10:06:14.662+0300] {processor.py:758} INFO - Processing file /home/user/Masaüstü/kafka/.env/lib/python3.8/site-packages/airflow/example_dags/tutorial_taskflow_api_virtualenv.py for tasks to queue
[2023-11-21T10:06:14.665+0300] {logging_mixin.py:117} INFO - [2023-11-21T10:06:14.665+0300] {dagbag.py:525} INFO - Filling up the DagBag from /home/user/Masaüstü/kafka/.env/lib/python3.8/site-packages/airflow/example_dags/tutorial_taskflow_api_virtualenv.py
[2023-11-21T10:06:14.720+0300] {processor.py:768} INFO - DAG(s) dict_keys(['tutorial_taskflow_api_virtualenv']) retrieved from /home/user/Masaüstü/kafka/.env/lib/python3.8/site-packages/airflow/example_dags/tutorial_taskflow_api_virtualenv.py
[2023-11-21T10:06:14.772+0300] {logging_mixin.py:117} INFO - [2023-11-21T10:06:14.771+0300] {dag.py:2573} INFO - Sync 1 DAGs
[2023-11-21T10:06:14.798+0300] {logging_mixin.py:117} INFO - [2023-11-21T10:06:14.798+0300] {dag.py:3324} INFO - Setting next_dagrun for tutorial_taskflow_api_virtualenv to None, run_after=None
[2023-11-21T10:06:14.841+0300] {processor.py:178} INFO - Processing /home/user/Masaüstü/kafka/.env/lib/python3.8/site-packages/airflow/example_dags/tutorial_taskflow_api_virtualenv.py took 0.192 seconds
[2023-11-21T10:06:52.741+0300] {processor.py:156} INFO - Started process (PID=30868) to work on /home/user/Masaüstü/kafka/.env/lib/python3.8/site-packages/airflow/example_dags/tutorial_taskflow_api_virtualenv.py
[2023-11-21T10:06:52.745+0300] {processor.py:758} INFO - Processing file /home/user/Masaüstü/kafka/.env/lib/python3.8/site-packages/airflow/example_dags/tutorial_taskflow_api_virtualenv.py for tasks to queue
[2023-11-21T10:06:52.747+0300] {logging_mixin.py:117} INFO - [2023-11-21T10:06:52.746+0300] {dagbag.py:525} INFO - Filling up the DagBag from /home/user/Masaüstü/kafka/.env/lib/python3.8/site-packages/airflow/example_dags/tutorial_taskflow_api_virtualenv.py
[2023-11-21T10:06:52.800+0300] {processor.py:768} INFO - DAG(s) dict_keys(['tutorial_taskflow_api_virtualenv']) retrieved from /home/user/Masaüstü/kafka/.env/lib/python3.8/site-packages/airflow/example_dags/tutorial_taskflow_api_virtualenv.py
[2023-11-21T10:06:52.829+0300] {logging_mixin.py:117} INFO - [2023-11-21T10:06:52.829+0300] {dag.py:2573} INFO - Sync 1 DAGs
[2023-11-21T10:06:52.845+0300] {logging_mixin.py:117} INFO - [2023-11-21T10:06:52.845+0300] {dag.py:3324} INFO - Setting next_dagrun for tutorial_taskflow_api_virtualenv to None, run_after=None
[2023-11-21T10:06:52.864+0300] {processor.py:178} INFO - Processing /home/user/Masaüstü/kafka/.env/lib/python3.8/site-packages/airflow/example_dags/tutorial_taskflow_api_virtualenv.py took 0.129 seconds
[2023-11-21T10:07:29.808+0300] {processor.py:156} INFO - Started process (PID=31097) to work on /home/user/Masaüstü/kafka/.env/lib/python3.8/site-packages/airflow/example_dags/tutorial_taskflow_api_virtualenv.py
[2023-11-21T10:07:29.810+0300] {processor.py:758} INFO - Processing file /home/user/Masaüstü/kafka/.env/lib/python3.8/site-packages/airflow/example_dags/tutorial_taskflow_api_virtualenv.py for tasks to queue
[2023-11-21T10:07:29.811+0300] {logging_mixin.py:117} INFO - [2023-11-21T10:07:29.811+0300] {dagbag.py:525} INFO - Filling up the DagBag from /home/user/Masaüstü/kafka/.env/lib/python3.8/site-packages/airflow/example_dags/tutorial_taskflow_api_virtualenv.py
[2023-11-21T10:07:29.839+0300] {processor.py:768} INFO - DAG(s) dict_keys(['tutorial_taskflow_api_virtualenv']) retrieved from /home/user/Masaüstü/kafka/.env/lib/python3.8/site-packages/airflow/example_dags/tutorial_taskflow_api_virtualenv.py
[2023-11-21T10:07:29.859+0300] {logging_mixin.py:117} INFO - [2023-11-21T10:07:29.858+0300] {dag.py:2573} INFO - Sync 1 DAGs
[2023-11-21T10:07:29.874+0300] {logging_mixin.py:117} INFO - [2023-11-21T10:07:29.874+0300] {dag.py:3324} INFO - Setting next_dagrun for tutorial_taskflow_api_virtualenv to None, run_after=None
[2023-11-21T10:07:29.976+0300] {processor.py:178} INFO - Processing /home/user/Masaüstü/kafka/.env/lib/python3.8/site-packages/airflow/example_dags/tutorial_taskflow_api_virtualenv.py took 0.171 seconds
[2023-11-21T10:08:07.596+0300] {processor.py:156} INFO - Started process (PID=31343) to work on /home/user/Masaüstü/kafka/.env/lib/python3.8/site-packages/airflow/example_dags/tutorial_taskflow_api_virtualenv.py
[2023-11-21T10:08:07.599+0300] {processor.py:758} INFO - Processing file /home/user/Masaüstü/kafka/.env/lib/python3.8/site-packages/airflow/example_dags/tutorial_taskflow_api_virtualenv.py for tasks to queue
[2023-11-21T10:08:07.601+0300] {logging_mixin.py:117} INFO - [2023-11-21T10:08:07.600+0300] {dagbag.py:525} INFO - Filling up the DagBag from /home/user/Masaüstü/kafka/.env/lib/python3.8/site-packages/airflow/example_dags/tutorial_taskflow_api_virtualenv.py
[2023-11-21T10:08:07.635+0300] {processor.py:768} INFO - DAG(s) dict_keys(['tutorial_taskflow_api_virtualenv']) retrieved from /home/user/Masaüstü/kafka/.env/lib/python3.8/site-packages/airflow/example_dags/tutorial_taskflow_api_virtualenv.py
[2023-11-21T10:08:07.653+0300] {logging_mixin.py:117} INFO - [2023-11-21T10:08:07.653+0300] {dag.py:2573} INFO - Sync 1 DAGs
[2023-11-21T10:08:07.668+0300] {logging_mixin.py:117} INFO - [2023-11-21T10:08:07.668+0300] {dag.py:3324} INFO - Setting next_dagrun for tutorial_taskflow_api_virtualenv to None, run_after=None
[2023-11-21T10:08:07.687+0300] {processor.py:178} INFO - Processing /home/user/Masaüstü/kafka/.env/lib/python3.8/site-packages/airflow/example_dags/tutorial_taskflow_api_virtualenv.py took 0.098 seconds
[2023-11-21T10:08:46.525+0300] {processor.py:156} INFO - Started process (PID=31600) to work on /home/user/Masaüstü/kafka/.env/lib/python3.8/site-packages/airflow/example_dags/tutorial_taskflow_api_virtualenv.py
[2023-11-21T10:08:46.527+0300] {processor.py:758} INFO - Processing file /home/user/Masaüstü/kafka/.env/lib/python3.8/site-packages/airflow/example_dags/tutorial_taskflow_api_virtualenv.py for tasks to queue
[2023-11-21T10:08:46.528+0300] {logging_mixin.py:117} INFO - [2023-11-21T10:08:46.528+0300] {dagbag.py:525} INFO - Filling up the DagBag from /home/user/Masaüstü/kafka/.env/lib/python3.8/site-packages/airflow/example_dags/tutorial_taskflow_api_virtualenv.py
[2023-11-21T10:08:46.548+0300] {processor.py:768} INFO - DAG(s) dict_keys(['tutorial_taskflow_api_virtualenv']) retrieved from /home/user/Masaüstü/kafka/.env/lib/python3.8/site-packages/airflow/example_dags/tutorial_taskflow_api_virtualenv.py
[2023-11-21T10:08:46.566+0300] {logging_mixin.py:117} INFO - [2023-11-21T10:08:46.566+0300] {dag.py:2573} INFO - Sync 1 DAGs
[2023-11-21T10:08:46.581+0300] {logging_mixin.py:117} INFO - [2023-11-21T10:08:46.580+0300] {dag.py:3324} INFO - Setting next_dagrun for tutorial_taskflow_api_virtualenv to None, run_after=None
[2023-11-21T10:08:46.604+0300] {processor.py:178} INFO - Processing /home/user/Masaüstü/kafka/.env/lib/python3.8/site-packages/airflow/example_dags/tutorial_taskflow_api_virtualenv.py took 0.082 seconds
[2023-11-21T10:09:26.236+0300] {processor.py:156} INFO - Started process (PID=31985) to work on /home/user/Masaüstü/kafka/.env/lib/python3.8/site-packages/airflow/example_dags/tutorial_taskflow_api_virtualenv.py
[2023-11-21T10:09:26.237+0300] {processor.py:758} INFO - Processing file /home/user/Masaüstü/kafka/.env/lib/python3.8/site-packages/airflow/example_dags/tutorial_taskflow_api_virtualenv.py for tasks to queue
[2023-11-21T10:09:26.237+0300] {logging_mixin.py:117} INFO - [2023-11-21T10:09:26.237+0300] {dagbag.py:525} INFO - Filling up the DagBag from /home/user/Masaüstü/kafka/.env/lib/python3.8/site-packages/airflow/example_dags/tutorial_taskflow_api_virtualenv.py
[2023-11-21T10:09:26.269+0300] {processor.py:768} INFO - DAG(s) dict_keys(['tutorial_taskflow_api_virtualenv']) retrieved from /home/user/Masaüstü/kafka/.env/lib/python3.8/site-packages/airflow/example_dags/tutorial_taskflow_api_virtualenv.py
[2023-11-21T10:09:26.301+0300] {logging_mixin.py:117} INFO - [2023-11-21T10:09:26.301+0300] {dag.py:2573} INFO - Sync 1 DAGs
[2023-11-21T10:09:26.339+0300] {logging_mixin.py:117} INFO - [2023-11-21T10:09:26.339+0300] {dag.py:3324} INFO - Setting next_dagrun for tutorial_taskflow_api_virtualenv to None, run_after=None
[2023-11-21T10:09:26.379+0300] {processor.py:178} INFO - Processing /home/user/Masaüstü/kafka/.env/lib/python3.8/site-packages/airflow/example_dags/tutorial_taskflow_api_virtualenv.py took 0.145 seconds
[2023-11-21T10:10:07.257+0300] {processor.py:156} INFO - Started process (PID=32587) to work on /home/user/Masaüstü/kafka/.env/lib/python3.8/site-packages/airflow/example_dags/tutorial_taskflow_api_virtualenv.py
[2023-11-21T10:10:07.259+0300] {processor.py:758} INFO - Processing file /home/user/Masaüstü/kafka/.env/lib/python3.8/site-packages/airflow/example_dags/tutorial_taskflow_api_virtualenv.py for tasks to queue
[2023-11-21T10:10:07.261+0300] {logging_mixin.py:117} INFO - [2023-11-21T10:10:07.261+0300] {dagbag.py:525} INFO - Filling up the DagBag from /home/user/Masaüstü/kafka/.env/lib/python3.8/site-packages/airflow/example_dags/tutorial_taskflow_api_virtualenv.py
[2023-11-21T10:10:07.293+0300] {processor.py:768} INFO - DAG(s) dict_keys(['tutorial_taskflow_api_virtualenv']) retrieved from /home/user/Masaüstü/kafka/.env/lib/python3.8/site-packages/airflow/example_dags/tutorial_taskflow_api_virtualenv.py
[2023-11-21T10:10:07.328+0300] {logging_mixin.py:117} INFO - [2023-11-21T10:10:07.327+0300] {dag.py:2573} INFO - Sync 1 DAGs
[2023-11-21T10:10:07.367+0300] {logging_mixin.py:117} INFO - [2023-11-21T10:10:07.367+0300] {dag.py:3324} INFO - Setting next_dagrun for tutorial_taskflow_api_virtualenv to None, run_after=None
[2023-11-21T10:10:07.411+0300] {processor.py:178} INFO - Processing /home/user/Masaüstü/kafka/.env/lib/python3.8/site-packages/airflow/example_dags/tutorial_taskflow_api_virtualenv.py took 0.157 seconds
[2023-11-21T10:10:57.346+0300] {processor.py:156} INFO - Started process (PID=33258) to work on /home/user/Masaüstü/kafka/.env/lib/python3.8/site-packages/airflow/example_dags/tutorial_taskflow_api_virtualenv.py
[2023-11-21T10:10:57.347+0300] {processor.py:758} INFO - Processing file /home/user/Masaüstü/kafka/.env/lib/python3.8/site-packages/airflow/example_dags/tutorial_taskflow_api_virtualenv.py for tasks to queue
[2023-11-21T10:10:57.348+0300] {logging_mixin.py:117} INFO - [2023-11-21T10:10:57.348+0300] {dagbag.py:525} INFO - Filling up the DagBag from /home/user/Masaüstü/kafka/.env/lib/python3.8/site-packages/airflow/example_dags/tutorial_taskflow_api_virtualenv.py
[2023-11-21T10:10:57.376+0300] {processor.py:768} INFO - DAG(s) dict_keys(['tutorial_taskflow_api_virtualenv']) retrieved from /home/user/Masaüstü/kafka/.env/lib/python3.8/site-packages/airflow/example_dags/tutorial_taskflow_api_virtualenv.py
[2023-11-21T10:10:57.397+0300] {logging_mixin.py:117} INFO - [2023-11-21T10:10:57.397+0300] {dag.py:2573} INFO - Sync 1 DAGs
[2023-11-21T10:10:57.412+0300] {logging_mixin.py:117} INFO - [2023-11-21T10:10:57.412+0300] {dag.py:3324} INFO - Setting next_dagrun for tutorial_taskflow_api_virtualenv to None, run_after=None
[2023-11-21T10:10:57.429+0300] {processor.py:178} INFO - Processing /home/user/Masaüstü/kafka/.env/lib/python3.8/site-packages/airflow/example_dags/tutorial_taskflow_api_virtualenv.py took 0.085 seconds
[2023-11-21T10:11:36.843+0300] {processor.py:156} INFO - Started process (PID=33539) to work on /home/user/Masaüstü/kafka/.env/lib/python3.8/site-packages/airflow/example_dags/tutorial_taskflow_api_virtualenv.py
[2023-11-21T10:11:36.845+0300] {processor.py:758} INFO - Processing file /home/user/Masaüstü/kafka/.env/lib/python3.8/site-packages/airflow/example_dags/tutorial_taskflow_api_virtualenv.py for tasks to queue
[2023-11-21T10:11:36.846+0300] {logging_mixin.py:117} INFO - [2023-11-21T10:11:36.845+0300] {dagbag.py:525} INFO - Filling up the DagBag from /home/user/Masaüstü/kafka/.env/lib/python3.8/site-packages/airflow/example_dags/tutorial_taskflow_api_virtualenv.py
[2023-11-21T10:11:36.867+0300] {processor.py:768} INFO - DAG(s) dict_keys(['tutorial_taskflow_api_virtualenv']) retrieved from /home/user/Masaüstü/kafka/.env/lib/python3.8/site-packages/airflow/example_dags/tutorial_taskflow_api_virtualenv.py
[2023-11-21T10:11:36.885+0300] {logging_mixin.py:117} INFO - [2023-11-21T10:11:36.884+0300] {dag.py:2573} INFO - Sync 1 DAGs
[2023-11-21T10:11:36.898+0300] {logging_mixin.py:117} INFO - [2023-11-21T10:11:36.898+0300] {dag.py:3324} INFO - Setting next_dagrun for tutorial_taskflow_api_virtualenv to None, run_after=None
[2023-11-21T10:11:36.915+0300] {processor.py:178} INFO - Processing /home/user/Masaüstü/kafka/.env/lib/python3.8/site-packages/airflow/example_dags/tutorial_taskflow_api_virtualenv.py took 0.074 seconds
[2023-11-21T10:12:13.929+0300] {processor.py:156} INFO - Started process (PID=33767) to work on /home/user/Masaüstü/kafka/.env/lib/python3.8/site-packages/airflow/example_dags/tutorial_taskflow_api_virtualenv.py
[2023-11-21T10:12:13.932+0300] {processor.py:758} INFO - Processing file /home/user/Masaüstü/kafka/.env/lib/python3.8/site-packages/airflow/example_dags/tutorial_taskflow_api_virtualenv.py for tasks to queue
[2023-11-21T10:12:13.934+0300] {logging_mixin.py:117} INFO - [2023-11-21T10:12:13.933+0300] {dagbag.py:525} INFO - Filling up the DagBag from /home/user/Masaüstü/kafka/.env/lib/python3.8/site-packages/airflow/example_dags/tutorial_taskflow_api_virtualenv.py
[2023-11-21T10:12:13.968+0300] {processor.py:768} INFO - DAG(s) dict_keys(['tutorial_taskflow_api_virtualenv']) retrieved from /home/user/Masaüstü/kafka/.env/lib/python3.8/site-packages/airflow/example_dags/tutorial_taskflow_api_virtualenv.py
[2023-11-21T10:12:13.993+0300] {logging_mixin.py:117} INFO - [2023-11-21T10:12:13.993+0300] {dag.py:2573} INFO - Sync 1 DAGs
[2023-11-21T10:12:14.010+0300] {logging_mixin.py:117} INFO - [2023-11-21T10:12:14.010+0300] {dag.py:3324} INFO - Setting next_dagrun for tutorial_taskflow_api_virtualenv to None, run_after=None
[2023-11-21T10:12:14.033+0300] {processor.py:178} INFO - Processing /home/user/Masaüstü/kafka/.env/lib/python3.8/site-packages/airflow/example_dags/tutorial_taskflow_api_virtualenv.py took 0.111 seconds
[2023-11-21T10:12:52.667+0300] {processor.py:156} INFO - Started process (PID=34000) to work on /home/user/Masaüstü/kafka/.env/lib/python3.8/site-packages/airflow/example_dags/tutorial_taskflow_api_virtualenv.py
[2023-11-21T10:12:52.670+0300] {processor.py:758} INFO - Processing file /home/user/Masaüstü/kafka/.env/lib/python3.8/site-packages/airflow/example_dags/tutorial_taskflow_api_virtualenv.py for tasks to queue
[2023-11-21T10:12:52.671+0300] {logging_mixin.py:117} INFO - [2023-11-21T10:12:52.671+0300] {dagbag.py:525} INFO - Filling up the DagBag from /home/user/Masaüstü/kafka/.env/lib/python3.8/site-packages/airflow/example_dags/tutorial_taskflow_api_virtualenv.py
[2023-11-21T10:12:52.716+0300] {processor.py:768} INFO - DAG(s) dict_keys(['tutorial_taskflow_api_virtualenv']) retrieved from /home/user/Masaüstü/kafka/.env/lib/python3.8/site-packages/airflow/example_dags/tutorial_taskflow_api_virtualenv.py
[2023-11-21T10:12:52.751+0300] {logging_mixin.py:117} INFO - [2023-11-21T10:12:52.751+0300] {dag.py:2573} INFO - Sync 1 DAGs
[2023-11-21T10:12:52.779+0300] {logging_mixin.py:117} INFO - [2023-11-21T10:12:52.778+0300] {dag.py:3324} INFO - Setting next_dagrun for tutorial_taskflow_api_virtualenv to None, run_after=None
[2023-11-21T10:12:52.813+0300] {processor.py:178} INFO - Processing /home/user/Masaüstü/kafka/.env/lib/python3.8/site-packages/airflow/example_dags/tutorial_taskflow_api_virtualenv.py took 0.151 seconds
[2023-11-21T10:13:30.086+0300] {processor.py:156} INFO - Started process (PID=34267) to work on /home/user/Masaüstü/kafka/.env/lib/python3.8/site-packages/airflow/example_dags/tutorial_taskflow_api_virtualenv.py
[2023-11-21T10:13:30.088+0300] {processor.py:758} INFO - Processing file /home/user/Masaüstü/kafka/.env/lib/python3.8/site-packages/airflow/example_dags/tutorial_taskflow_api_virtualenv.py for tasks to queue
[2023-11-21T10:13:30.089+0300] {logging_mixin.py:117} INFO - [2023-11-21T10:13:30.089+0300] {dagbag.py:525} INFO - Filling up the DagBag from /home/user/Masaüstü/kafka/.env/lib/python3.8/site-packages/airflow/example_dags/tutorial_taskflow_api_virtualenv.py
[2023-11-21T10:13:30.119+0300] {processor.py:768} INFO - DAG(s) dict_keys(['tutorial_taskflow_api_virtualenv']) retrieved from /home/user/Masaüstü/kafka/.env/lib/python3.8/site-packages/airflow/example_dags/tutorial_taskflow_api_virtualenv.py
[2023-11-21T10:13:30.143+0300] {logging_mixin.py:117} INFO - [2023-11-21T10:13:30.143+0300] {dag.py:2573} INFO - Sync 1 DAGs
[2023-11-21T10:13:30.162+0300] {logging_mixin.py:117} INFO - [2023-11-21T10:13:30.162+0300] {dag.py:3324} INFO - Setting next_dagrun for tutorial_taskflow_api_virtualenv to None, run_after=None
[2023-11-21T10:13:30.193+0300] {processor.py:178} INFO - Processing /home/user/Masaüstü/kafka/.env/lib/python3.8/site-packages/airflow/example_dags/tutorial_taskflow_api_virtualenv.py took 0.114 seconds
[2023-11-21T10:14:22.541+0300] {processor.py:156} INFO - Started process (PID=35025) to work on /home/user/Masaüstü/kafka/.env/lib/python3.8/site-packages/airflow/example_dags/tutorial_taskflow_api_virtualenv.py
[2023-11-21T10:14:22.542+0300] {processor.py:758} INFO - Processing file /home/user/Masaüstü/kafka/.env/lib/python3.8/site-packages/airflow/example_dags/tutorial_taskflow_api_virtualenv.py for tasks to queue
[2023-11-21T10:14:22.543+0300] {logging_mixin.py:117} INFO - [2023-11-21T10:14:22.543+0300] {dagbag.py:525} INFO - Filling up the DagBag from /home/user/Masaüstü/kafka/.env/lib/python3.8/site-packages/airflow/example_dags/tutorial_taskflow_api_virtualenv.py
[2023-11-21T10:14:22.567+0300] {processor.py:768} INFO - DAG(s) dict_keys(['tutorial_taskflow_api_virtualenv']) retrieved from /home/user/Masaüstü/kafka/.env/lib/python3.8/site-packages/airflow/example_dags/tutorial_taskflow_api_virtualenv.py
[2023-11-21T10:14:22.590+0300] {logging_mixin.py:117} INFO - [2023-11-21T10:14:22.590+0300] {dag.py:2573} INFO - Sync 1 DAGs
[2023-11-21T10:14:22.608+0300] {logging_mixin.py:117} INFO - [2023-11-21T10:14:22.608+0300] {dag.py:3324} INFO - Setting next_dagrun for tutorial_taskflow_api_virtualenv to None, run_after=None
[2023-11-21T10:14:22.636+0300] {processor.py:178} INFO - Processing /home/user/Masaüstü/kafka/.env/lib/python3.8/site-packages/airflow/example_dags/tutorial_taskflow_api_virtualenv.py took 0.097 seconds
[2023-11-21T10:14:59.967+0300] {processor.py:156} INFO - Started process (PID=35451) to work on /home/user/Masaüstü/kafka/.env/lib/python3.8/site-packages/airflow/example_dags/tutorial_taskflow_api_virtualenv.py
[2023-11-21T10:14:59.971+0300] {processor.py:758} INFO - Processing file /home/user/Masaüstü/kafka/.env/lib/python3.8/site-packages/airflow/example_dags/tutorial_taskflow_api_virtualenv.py for tasks to queue
[2023-11-21T10:14:59.972+0300] {logging_mixin.py:117} INFO - [2023-11-21T10:14:59.972+0300] {dagbag.py:525} INFO - Filling up the DagBag from /home/user/Masaüstü/kafka/.env/lib/python3.8/site-packages/airflow/example_dags/tutorial_taskflow_api_virtualenv.py
[2023-11-21T10:15:00.004+0300] {processor.py:768} INFO - DAG(s) dict_keys(['tutorial_taskflow_api_virtualenv']) retrieved from /home/user/Masaüstü/kafka/.env/lib/python3.8/site-packages/airflow/example_dags/tutorial_taskflow_api_virtualenv.py
[2023-11-21T10:15:00.022+0300] {logging_mixin.py:117} INFO - [2023-11-21T10:15:00.022+0300] {dag.py:2573} INFO - Sync 1 DAGs
[2023-11-21T10:15:00.037+0300] {logging_mixin.py:117} INFO - [2023-11-21T10:15:00.037+0300] {dag.py:3324} INFO - Setting next_dagrun for tutorial_taskflow_api_virtualenv to None, run_after=None
[2023-11-21T10:15:00.065+0300] {processor.py:178} INFO - Processing /home/user/Masaüstü/kafka/.env/lib/python3.8/site-packages/airflow/example_dags/tutorial_taskflow_api_virtualenv.py took 0.104 seconds
[2023-11-21T10:15:37.454+0300] {processor.py:156} INFO - Started process (PID=35704) to work on /home/user/Masaüstü/kafka/.env/lib/python3.8/site-packages/airflow/example_dags/tutorial_taskflow_api_virtualenv.py
[2023-11-21T10:15:37.457+0300] {processor.py:758} INFO - Processing file /home/user/Masaüstü/kafka/.env/lib/python3.8/site-packages/airflow/example_dags/tutorial_taskflow_api_virtualenv.py for tasks to queue
[2023-11-21T10:15:37.458+0300] {logging_mixin.py:117} INFO - [2023-11-21T10:15:37.458+0300] {dagbag.py:525} INFO - Filling up the DagBag from /home/user/Masaüstü/kafka/.env/lib/python3.8/site-packages/airflow/example_dags/tutorial_taskflow_api_virtualenv.py
[2023-11-21T10:15:37.495+0300] {processor.py:768} INFO - DAG(s) dict_keys(['tutorial_taskflow_api_virtualenv']) retrieved from /home/user/Masaüstü/kafka/.env/lib/python3.8/site-packages/airflow/example_dags/tutorial_taskflow_api_virtualenv.py
[2023-11-21T10:15:37.513+0300] {logging_mixin.py:117} INFO - [2023-11-21T10:15:37.513+0300] {dag.py:2573} INFO - Sync 1 DAGs
[2023-11-21T10:15:37.527+0300] {logging_mixin.py:117} INFO - [2023-11-21T10:15:37.527+0300] {dag.py:3324} INFO - Setting next_dagrun for tutorial_taskflow_api_virtualenv to None, run_after=None
[2023-11-21T10:15:37.543+0300] {processor.py:178} INFO - Processing /home/user/Masaüstü/kafka/.env/lib/python3.8/site-packages/airflow/example_dags/tutorial_taskflow_api_virtualenv.py took 0.096 seconds
[2023-11-21T10:16:15.170+0300] {processor.py:156} INFO - Started process (PID=35947) to work on /home/user/Masaüstü/kafka/.env/lib/python3.8/site-packages/airflow/example_dags/tutorial_taskflow_api_virtualenv.py
[2023-11-21T10:16:15.171+0300] {processor.py:758} INFO - Processing file /home/user/Masaüstü/kafka/.env/lib/python3.8/site-packages/airflow/example_dags/tutorial_taskflow_api_virtualenv.py for tasks to queue
[2023-11-21T10:16:15.171+0300] {logging_mixin.py:117} INFO - [2023-11-21T10:16:15.171+0300] {dagbag.py:525} INFO - Filling up the DagBag from /home/user/Masaüstü/kafka/.env/lib/python3.8/site-packages/airflow/example_dags/tutorial_taskflow_api_virtualenv.py
[2023-11-21T10:16:15.188+0300] {processor.py:768} INFO - DAG(s) dict_keys(['tutorial_taskflow_api_virtualenv']) retrieved from /home/user/Masaüstü/kafka/.env/lib/python3.8/site-packages/airflow/example_dags/tutorial_taskflow_api_virtualenv.py
[2023-11-21T10:16:15.205+0300] {logging_mixin.py:117} INFO - [2023-11-21T10:16:15.205+0300] {dag.py:2573} INFO - Sync 1 DAGs
[2023-11-21T10:16:15.219+0300] {logging_mixin.py:117} INFO - [2023-11-21T10:16:15.219+0300] {dag.py:3324} INFO - Setting next_dagrun for tutorial_taskflow_api_virtualenv to None, run_after=None
[2023-11-21T10:16:15.245+0300] {processor.py:178} INFO - Processing /home/user/Masaüstü/kafka/.env/lib/python3.8/site-packages/airflow/example_dags/tutorial_taskflow_api_virtualenv.py took 0.077 seconds
[2023-11-21T10:16:53.292+0300] {processor.py:156} INFO - Started process (PID=36196) to work on /home/user/Masaüstü/kafka/.env/lib/python3.8/site-packages/airflow/example_dags/tutorial_taskflow_api_virtualenv.py
[2023-11-21T10:16:53.294+0300] {processor.py:758} INFO - Processing file /home/user/Masaüstü/kafka/.env/lib/python3.8/site-packages/airflow/example_dags/tutorial_taskflow_api_virtualenv.py for tasks to queue
[2023-11-21T10:16:53.295+0300] {logging_mixin.py:117} INFO - [2023-11-21T10:16:53.295+0300] {dagbag.py:525} INFO - Filling up the DagBag from /home/user/Masaüstü/kafka/.env/lib/python3.8/site-packages/airflow/example_dags/tutorial_taskflow_api_virtualenv.py
[2023-11-21T10:16:53.329+0300] {processor.py:768} INFO - DAG(s) dict_keys(['tutorial_taskflow_api_virtualenv']) retrieved from /home/user/Masaüstü/kafka/.env/lib/python3.8/site-packages/airflow/example_dags/tutorial_taskflow_api_virtualenv.py
[2023-11-21T10:16:53.348+0300] {logging_mixin.py:117} INFO - [2023-11-21T10:16:53.348+0300] {dag.py:2573} INFO - Sync 1 DAGs
[2023-11-21T10:16:53.361+0300] {logging_mixin.py:117} INFO - [2023-11-21T10:16:53.361+0300] {dag.py:3324} INFO - Setting next_dagrun for tutorial_taskflow_api_virtualenv to None, run_after=None
[2023-11-21T10:16:53.379+0300] {processor.py:178} INFO - Processing /home/user/Masaüstü/kafka/.env/lib/python3.8/site-packages/airflow/example_dags/tutorial_taskflow_api_virtualenv.py took 0.090 seconds
[2023-11-21T10:17:29.715+0300] {processor.py:156} INFO - Started process (PID=36464) to work on /home/user/Masaüstü/kafka/.env/lib/python3.8/site-packages/airflow/example_dags/tutorial_taskflow_api_virtualenv.py
[2023-11-21T10:17:29.717+0300] {processor.py:758} INFO - Processing file /home/user/Masaüstü/kafka/.env/lib/python3.8/site-packages/airflow/example_dags/tutorial_taskflow_api_virtualenv.py for tasks to queue
[2023-11-21T10:17:29.718+0300] {logging_mixin.py:117} INFO - [2023-11-21T10:17:29.718+0300] {dagbag.py:525} INFO - Filling up the DagBag from /home/user/Masaüstü/kafka/.env/lib/python3.8/site-packages/airflow/example_dags/tutorial_taskflow_api_virtualenv.py
[2023-11-21T10:17:29.746+0300] {processor.py:768} INFO - DAG(s) dict_keys(['tutorial_taskflow_api_virtualenv']) retrieved from /home/user/Masaüstü/kafka/.env/lib/python3.8/site-packages/airflow/example_dags/tutorial_taskflow_api_virtualenv.py
[2023-11-21T10:17:29.785+0300] {logging_mixin.py:117} INFO - [2023-11-21T10:17:29.784+0300] {dag.py:2573} INFO - Sync 1 DAGs
[2023-11-21T10:17:29.825+0300] {logging_mixin.py:117} INFO - [2023-11-21T10:17:29.824+0300] {dag.py:3324} INFO - Setting next_dagrun for tutorial_taskflow_api_virtualenv to None, run_after=None
[2023-11-21T10:17:29.855+0300] {processor.py:178} INFO - Processing /home/user/Masaüstü/kafka/.env/lib/python3.8/site-packages/airflow/example_dags/tutorial_taskflow_api_virtualenv.py took 0.142 seconds
[2023-11-21T10:18:07.472+0300] {processor.py:156} INFO - Started process (PID=36724) to work on /home/user/Masaüstü/kafka/.env/lib/python3.8/site-packages/airflow/example_dags/tutorial_taskflow_api_virtualenv.py
[2023-11-21T10:18:07.473+0300] {processor.py:758} INFO - Processing file /home/user/Masaüstü/kafka/.env/lib/python3.8/site-packages/airflow/example_dags/tutorial_taskflow_api_virtualenv.py for tasks to queue
[2023-11-21T10:18:07.474+0300] {logging_mixin.py:117} INFO - [2023-11-21T10:18:07.474+0300] {dagbag.py:525} INFO - Filling up the DagBag from /home/user/Masaüstü/kafka/.env/lib/python3.8/site-packages/airflow/example_dags/tutorial_taskflow_api_virtualenv.py
[2023-11-21T10:18:07.526+0300] {processor.py:768} INFO - DAG(s) dict_keys(['tutorial_taskflow_api_virtualenv']) retrieved from /home/user/Masaüstü/kafka/.env/lib/python3.8/site-packages/airflow/example_dags/tutorial_taskflow_api_virtualenv.py
[2023-11-21T10:18:07.581+0300] {logging_mixin.py:117} INFO - [2023-11-21T10:18:07.581+0300] {dag.py:2573} INFO - Sync 1 DAGs
[2023-11-21T10:18:07.620+0300] {logging_mixin.py:117} INFO - [2023-11-21T10:18:07.620+0300] {dag.py:3324} INFO - Setting next_dagrun for tutorial_taskflow_api_virtualenv to None, run_after=None
[2023-11-21T10:18:07.660+0300] {processor.py:178} INFO - Processing /home/user/Masaüstü/kafka/.env/lib/python3.8/site-packages/airflow/example_dags/tutorial_taskflow_api_virtualenv.py took 0.192 seconds
[2023-11-21T10:18:46.459+0300] {processor.py:156} INFO - Started process (PID=36983) to work on /home/user/Masaüstü/kafka/.env/lib/python3.8/site-packages/airflow/example_dags/tutorial_taskflow_api_virtualenv.py
[2023-11-21T10:18:46.461+0300] {processor.py:758} INFO - Processing file /home/user/Masaüstü/kafka/.env/lib/python3.8/site-packages/airflow/example_dags/tutorial_taskflow_api_virtualenv.py for tasks to queue
[2023-11-21T10:18:46.461+0300] {logging_mixin.py:117} INFO - [2023-11-21T10:18:46.461+0300] {dagbag.py:525} INFO - Filling up the DagBag from /home/user/Masaüstü/kafka/.env/lib/python3.8/site-packages/airflow/example_dags/tutorial_taskflow_api_virtualenv.py
[2023-11-21T10:18:46.485+0300] {processor.py:768} INFO - DAG(s) dict_keys(['tutorial_taskflow_api_virtualenv']) retrieved from /home/user/Masaüstü/kafka/.env/lib/python3.8/site-packages/airflow/example_dags/tutorial_taskflow_api_virtualenv.py
[2023-11-21T10:18:46.504+0300] {logging_mixin.py:117} INFO - [2023-11-21T10:18:46.504+0300] {dag.py:2573} INFO - Sync 1 DAGs
[2023-11-21T10:18:46.519+0300] {logging_mixin.py:117} INFO - [2023-11-21T10:18:46.519+0300] {dag.py:3324} INFO - Setting next_dagrun for tutorial_taskflow_api_virtualenv to None, run_after=None
[2023-11-21T10:18:46.544+0300] {processor.py:178} INFO - Processing /home/user/Masaüstü/kafka/.env/lib/python3.8/site-packages/airflow/example_dags/tutorial_taskflow_api_virtualenv.py took 0.087 seconds
[2023-11-21T10:19:24.932+0300] {processor.py:156} INFO - Started process (PID=37228) to work on /home/user/Masaüstü/kafka/.env/lib/python3.8/site-packages/airflow/example_dags/tutorial_taskflow_api_virtualenv.py
[2023-11-21T10:19:24.936+0300] {processor.py:758} INFO - Processing file /home/user/Masaüstü/kafka/.env/lib/python3.8/site-packages/airflow/example_dags/tutorial_taskflow_api_virtualenv.py for tasks to queue
[2023-11-21T10:19:24.937+0300] {logging_mixin.py:117} INFO - [2023-11-21T10:19:24.937+0300] {dagbag.py:525} INFO - Filling up the DagBag from /home/user/Masaüstü/kafka/.env/lib/python3.8/site-packages/airflow/example_dags/tutorial_taskflow_api_virtualenv.py
[2023-11-21T10:19:24.968+0300] {processor.py:768} INFO - DAG(s) dict_keys(['tutorial_taskflow_api_virtualenv']) retrieved from /home/user/Masaüstü/kafka/.env/lib/python3.8/site-packages/airflow/example_dags/tutorial_taskflow_api_virtualenv.py
[2023-11-21T10:19:24.995+0300] {logging_mixin.py:117} INFO - [2023-11-21T10:19:24.995+0300] {dag.py:2573} INFO - Sync 1 DAGs
[2023-11-21T10:19:25.011+0300] {logging_mixin.py:117} INFO - [2023-11-21T10:19:25.011+0300] {dag.py:3324} INFO - Setting next_dagrun for tutorial_taskflow_api_virtualenv to None, run_after=None
[2023-11-21T10:19:25.038+0300] {processor.py:178} INFO - Processing /home/user/Masaüstü/kafka/.env/lib/python3.8/site-packages/airflow/example_dags/tutorial_taskflow_api_virtualenv.py took 0.112 seconds
[2023-11-21T10:20:05.231+0300] {processor.py:156} INFO - Started process (PID=37633) to work on /home/user/Masaüstü/kafka/.env/lib/python3.8/site-packages/airflow/example_dags/tutorial_taskflow_api_virtualenv.py
[2023-11-21T10:20:05.234+0300] {processor.py:758} INFO - Processing file /home/user/Masaüstü/kafka/.env/lib/python3.8/site-packages/airflow/example_dags/tutorial_taskflow_api_virtualenv.py for tasks to queue
[2023-11-21T10:20:05.234+0300] {logging_mixin.py:117} INFO - [2023-11-21T10:20:05.234+0300] {dagbag.py:525} INFO - Filling up the DagBag from /home/user/Masaüstü/kafka/.env/lib/python3.8/site-packages/airflow/example_dags/tutorial_taskflow_api_virtualenv.py
[2023-11-21T10:20:05.258+0300] {processor.py:768} INFO - DAG(s) dict_keys(['tutorial_taskflow_api_virtualenv']) retrieved from /home/user/Masaüstü/kafka/.env/lib/python3.8/site-packages/airflow/example_dags/tutorial_taskflow_api_virtualenv.py
[2023-11-21T10:20:05.277+0300] {logging_mixin.py:117} INFO - [2023-11-21T10:20:05.277+0300] {dag.py:2573} INFO - Sync 1 DAGs
[2023-11-21T10:20:05.299+0300] {logging_mixin.py:117} INFO - [2023-11-21T10:20:05.299+0300] {dag.py:3324} INFO - Setting next_dagrun for tutorial_taskflow_api_virtualenv to None, run_after=None
[2023-11-21T10:20:05.327+0300] {processor.py:178} INFO - Processing /home/user/Masaüstü/kafka/.env/lib/python3.8/site-packages/airflow/example_dags/tutorial_taskflow_api_virtualenv.py took 0.099 seconds
