[2023-11-21T09:51:21.569+0300] {processor.py:156} INFO - Started process (PID=23322) to work on /home/user/Masaüstü/kafka/.env/lib/python3.8/site-packages/airflow/example_dags/tutorial_dag.py
[2023-11-21T09:51:21.570+0300] {processor.py:758} INFO - Processing file /home/user/Masaüstü/kafka/.env/lib/python3.8/site-packages/airflow/example_dags/tutorial_dag.py for tasks to queue
[2023-11-21T09:51:21.571+0300] {logging_mixin.py:117} INFO - [2023-11-21T09:51:21.571+0300] {dagbag.py:525} INFO - Filling up the DagBag from /home/user/Masaüstü/kafka/.env/lib/python3.8/site-packages/airflow/example_dags/tutorial_dag.py
[2023-11-21T09:51:21.598+0300] {processor.py:768} INFO - DAG(s) dict_keys(['tutorial_dag']) retrieved from /home/user/Masaüstü/kafka/.env/lib/python3.8/site-packages/airflow/example_dags/tutorial_dag.py
[2023-11-21T09:51:21.615+0300] {logging_mixin.py:117} INFO - [2023-11-21T09:51:21.615+0300] {dag.py:2573} INFO - Sync 1 DAGs
[2023-11-21T09:51:21.638+0300] {logging_mixin.py:117} INFO - [2023-11-21T09:51:21.638+0300] {dag.py:3324} INFO - Setting next_dagrun for tutorial_dag to None, run_after=None
[2023-11-21T09:51:21.701+0300] {processor.py:178} INFO - Processing /home/user/Masaüstü/kafka/.env/lib/python3.8/site-packages/airflow/example_dags/tutorial_dag.py took 0.135 seconds
[2023-11-21T09:52:02.162+0300] {processor.py:156} INFO - Started process (PID=23954) to work on /home/user/Masaüstü/kafka/.env/lib/python3.8/site-packages/airflow/example_dags/tutorial_dag.py
[2023-11-21T09:52:02.163+0300] {processor.py:758} INFO - Processing file /home/user/Masaüstü/kafka/.env/lib/python3.8/site-packages/airflow/example_dags/tutorial_dag.py for tasks to queue
[2023-11-21T09:52:02.164+0300] {logging_mixin.py:117} INFO - [2023-11-21T09:52:02.164+0300] {dagbag.py:525} INFO - Filling up the DagBag from /home/user/Masaüstü/kafka/.env/lib/python3.8/site-packages/airflow/example_dags/tutorial_dag.py
[2023-11-21T09:52:02.175+0300] {processor.py:768} INFO - DAG(s) dict_keys(['tutorial_dag']) retrieved from /home/user/Masaüstü/kafka/.env/lib/python3.8/site-packages/airflow/example_dags/tutorial_dag.py
[2023-11-21T09:52:02.192+0300] {logging_mixin.py:117} INFO - [2023-11-21T09:52:02.192+0300] {dag.py:2573} INFO - Sync 1 DAGs
[2023-11-21T09:52:02.206+0300] {logging_mixin.py:117} INFO - [2023-11-21T09:52:02.205+0300] {dag.py:3324} INFO - Setting next_dagrun for tutorial_dag to None, run_after=None
[2023-11-21T09:52:02.224+0300] {processor.py:178} INFO - Processing /home/user/Masaüstü/kafka/.env/lib/python3.8/site-packages/airflow/example_dags/tutorial_dag.py took 0.064 seconds
[2023-11-21T09:52:38.795+0300] {processor.py:156} INFO - Started process (PID=24383) to work on /home/user/Masaüstü/kafka/.env/lib/python3.8/site-packages/airflow/example_dags/tutorial_dag.py
[2023-11-21T09:52:38.798+0300] {processor.py:758} INFO - Processing file /home/user/Masaüstü/kafka/.env/lib/python3.8/site-packages/airflow/example_dags/tutorial_dag.py for tasks to queue
[2023-11-21T09:52:38.799+0300] {logging_mixin.py:117} INFO - [2023-11-21T09:52:38.799+0300] {dagbag.py:525} INFO - Filling up the DagBag from /home/user/Masaüstü/kafka/.env/lib/python3.8/site-packages/airflow/example_dags/tutorial_dag.py
[2023-11-21T09:52:38.821+0300] {processor.py:768} INFO - DAG(s) dict_keys(['tutorial_dag']) retrieved from /home/user/Masaüstü/kafka/.env/lib/python3.8/site-packages/airflow/example_dags/tutorial_dag.py
[2023-11-21T09:52:38.843+0300] {logging_mixin.py:117} INFO - [2023-11-21T09:52:38.843+0300] {dag.py:2573} INFO - Sync 1 DAGs
[2023-11-21T09:52:38.859+0300] {logging_mixin.py:117} INFO - [2023-11-21T09:52:38.858+0300] {dag.py:3324} INFO - Setting next_dagrun for tutorial_dag to None, run_after=None
[2023-11-21T09:52:38.878+0300] {processor.py:178} INFO - Processing /home/user/Masaüstü/kafka/.env/lib/python3.8/site-packages/airflow/example_dags/tutorial_dag.py took 0.090 seconds
[2023-11-21T09:53:16.372+0300] {processor.py:156} INFO - Started process (PID=24646) to work on /home/user/Masaüstü/kafka/.env/lib/python3.8/site-packages/airflow/example_dags/tutorial_dag.py
[2023-11-21T09:53:16.375+0300] {processor.py:758} INFO - Processing file /home/user/Masaüstü/kafka/.env/lib/python3.8/site-packages/airflow/example_dags/tutorial_dag.py for tasks to queue
[2023-11-21T09:53:16.377+0300] {logging_mixin.py:117} INFO - [2023-11-21T09:53:16.377+0300] {dagbag.py:525} INFO - Filling up the DagBag from /home/user/Masaüstü/kafka/.env/lib/python3.8/site-packages/airflow/example_dags/tutorial_dag.py
[2023-11-21T09:53:16.406+0300] {processor.py:768} INFO - DAG(s) dict_keys(['tutorial_dag']) retrieved from /home/user/Masaüstü/kafka/.env/lib/python3.8/site-packages/airflow/example_dags/tutorial_dag.py
[2023-11-21T09:53:16.439+0300] {logging_mixin.py:117} INFO - [2023-11-21T09:53:16.439+0300] {dag.py:2573} INFO - Sync 1 DAGs
[2023-11-21T09:53:16.462+0300] {logging_mixin.py:117} INFO - [2023-11-21T09:53:16.462+0300] {dag.py:3324} INFO - Setting next_dagrun for tutorial_dag to None, run_after=None
[2023-11-21T09:53:16.500+0300] {processor.py:178} INFO - Processing /home/user/Masaüstü/kafka/.env/lib/python3.8/site-packages/airflow/example_dags/tutorial_dag.py took 0.135 seconds
[2023-11-21T09:53:54.714+0300] {processor.py:156} INFO - Started process (PID=24895) to work on /home/user/Masaüstü/kafka/.env/lib/python3.8/site-packages/airflow/example_dags/tutorial_dag.py
[2023-11-21T09:53:54.716+0300] {processor.py:758} INFO - Processing file /home/user/Masaüstü/kafka/.env/lib/python3.8/site-packages/airflow/example_dags/tutorial_dag.py for tasks to queue
[2023-11-21T09:53:54.717+0300] {logging_mixin.py:117} INFO - [2023-11-21T09:53:54.717+0300] {dagbag.py:525} INFO - Filling up the DagBag from /home/user/Masaüstü/kafka/.env/lib/python3.8/site-packages/airflow/example_dags/tutorial_dag.py
[2023-11-21T09:53:54.729+0300] {processor.py:768} INFO - DAG(s) dict_keys(['tutorial_dag']) retrieved from /home/user/Masaüstü/kafka/.env/lib/python3.8/site-packages/airflow/example_dags/tutorial_dag.py
[2023-11-21T09:53:54.750+0300] {logging_mixin.py:117} INFO - [2023-11-21T09:53:54.750+0300] {dag.py:2573} INFO - Sync 1 DAGs
[2023-11-21T09:53:54.770+0300] {logging_mixin.py:117} INFO - [2023-11-21T09:53:54.770+0300] {dag.py:3324} INFO - Setting next_dagrun for tutorial_dag to None, run_after=None
[2023-11-21T09:53:54.799+0300] {processor.py:178} INFO - Processing /home/user/Masaüstü/kafka/.env/lib/python3.8/site-packages/airflow/example_dags/tutorial_dag.py took 0.086 seconds
[2023-11-21T09:54:29.637+0300] {processor.py:156} INFO - Started process (PID=25108) to work on /home/user/Masaüstü/kafka/.env/lib/python3.8/site-packages/airflow/example_dags/tutorial_dag.py
[2023-11-21T09:54:29.640+0300] {processor.py:758} INFO - Processing file /home/user/Masaüstü/kafka/.env/lib/python3.8/site-packages/airflow/example_dags/tutorial_dag.py for tasks to queue
[2023-11-21T09:54:29.641+0300] {logging_mixin.py:117} INFO - [2023-11-21T09:54:29.641+0300] {dagbag.py:525} INFO - Filling up the DagBag from /home/user/Masaüstü/kafka/.env/lib/python3.8/site-packages/airflow/example_dags/tutorial_dag.py
[2023-11-21T09:54:29.657+0300] {processor.py:768} INFO - DAG(s) dict_keys(['tutorial_dag']) retrieved from /home/user/Masaüstü/kafka/.env/lib/python3.8/site-packages/airflow/example_dags/tutorial_dag.py
[2023-11-21T09:54:29.677+0300] {logging_mixin.py:117} INFO - [2023-11-21T09:54:29.676+0300] {dag.py:2573} INFO - Sync 1 DAGs
[2023-11-21T09:54:29.704+0300] {logging_mixin.py:117} INFO - [2023-11-21T09:54:29.703+0300] {dag.py:3324} INFO - Setting next_dagrun for tutorial_dag to None, run_after=None
[2023-11-21T09:54:29.724+0300] {processor.py:178} INFO - Processing /home/user/Masaüstü/kafka/.env/lib/python3.8/site-packages/airflow/example_dags/tutorial_dag.py took 0.093 seconds
[2023-11-21T09:55:07.724+0300] {processor.py:156} INFO - Started process (PID=25357) to work on /home/user/Masaüstü/kafka/.env/lib/python3.8/site-packages/airflow/example_dags/tutorial_dag.py
[2023-11-21T09:55:07.725+0300] {processor.py:758} INFO - Processing file /home/user/Masaüstü/kafka/.env/lib/python3.8/site-packages/airflow/example_dags/tutorial_dag.py for tasks to queue
[2023-11-21T09:55:07.726+0300] {logging_mixin.py:117} INFO - [2023-11-21T09:55:07.726+0300] {dagbag.py:525} INFO - Filling up the DagBag from /home/user/Masaüstü/kafka/.env/lib/python3.8/site-packages/airflow/example_dags/tutorial_dag.py
[2023-11-21T09:55:07.740+0300] {processor.py:768} INFO - DAG(s) dict_keys(['tutorial_dag']) retrieved from /home/user/Masaüstü/kafka/.env/lib/python3.8/site-packages/airflow/example_dags/tutorial_dag.py
[2023-11-21T09:55:07.762+0300] {logging_mixin.py:117} INFO - [2023-11-21T09:55:07.762+0300] {dag.py:2573} INFO - Sync 1 DAGs
[2023-11-21T09:55:07.776+0300] {logging_mixin.py:117} INFO - [2023-11-21T09:55:07.776+0300] {dag.py:3324} INFO - Setting next_dagrun for tutorial_dag to None, run_after=None
[2023-11-21T09:55:07.804+0300] {processor.py:178} INFO - Processing /home/user/Masaüstü/kafka/.env/lib/python3.8/site-packages/airflow/example_dags/tutorial_dag.py took 0.082 seconds
[2023-11-21T09:55:45.747+0300] {processor.py:156} INFO - Started process (PID=25661) to work on /home/user/Masaüstü/kafka/.env/lib/python3.8/site-packages/airflow/example_dags/tutorial_dag.py
[2023-11-21T09:55:45.749+0300] {processor.py:758} INFO - Processing file /home/user/Masaüstü/kafka/.env/lib/python3.8/site-packages/airflow/example_dags/tutorial_dag.py for tasks to queue
[2023-11-21T09:55:45.749+0300] {logging_mixin.py:117} INFO - [2023-11-21T09:55:45.749+0300] {dagbag.py:525} INFO - Filling up the DagBag from /home/user/Masaüstü/kafka/.env/lib/python3.8/site-packages/airflow/example_dags/tutorial_dag.py
[2023-11-21T09:55:45.760+0300] {processor.py:768} INFO - DAG(s) dict_keys(['tutorial_dag']) retrieved from /home/user/Masaüstü/kafka/.env/lib/python3.8/site-packages/airflow/example_dags/tutorial_dag.py
[2023-11-21T09:55:45.779+0300] {logging_mixin.py:117} INFO - [2023-11-21T09:55:45.778+0300] {dag.py:2573} INFO - Sync 1 DAGs
[2023-11-21T09:55:45.793+0300] {logging_mixin.py:117} INFO - [2023-11-21T09:55:45.793+0300] {dag.py:3324} INFO - Setting next_dagrun for tutorial_dag to None, run_after=None
[2023-11-21T09:55:45.809+0300] {processor.py:178} INFO - Processing /home/user/Masaüstü/kafka/.env/lib/python3.8/site-packages/airflow/example_dags/tutorial_dag.py took 0.064 seconds
[2023-11-21T09:56:22.486+0300] {processor.py:156} INFO - Started process (PID=25908) to work on /home/user/Masaüstü/kafka/.env/lib/python3.8/site-packages/airflow/example_dags/tutorial_dag.py
[2023-11-21T09:56:22.487+0300] {processor.py:758} INFO - Processing file /home/user/Masaüstü/kafka/.env/lib/python3.8/site-packages/airflow/example_dags/tutorial_dag.py for tasks to queue
[2023-11-21T09:56:22.487+0300] {logging_mixin.py:117} INFO - [2023-11-21T09:56:22.487+0300] {dagbag.py:525} INFO - Filling up the DagBag from /home/user/Masaüstü/kafka/.env/lib/python3.8/site-packages/airflow/example_dags/tutorial_dag.py
[2023-11-21T09:56:22.499+0300] {processor.py:768} INFO - DAG(s) dict_keys(['tutorial_dag']) retrieved from /home/user/Masaüstü/kafka/.env/lib/python3.8/site-packages/airflow/example_dags/tutorial_dag.py
[2023-11-21T09:56:22.525+0300] {logging_mixin.py:117} INFO - [2023-11-21T09:56:22.524+0300] {dag.py:2573} INFO - Sync 1 DAGs
[2023-11-21T09:56:22.545+0300] {logging_mixin.py:117} INFO - [2023-11-21T09:56:22.544+0300] {dag.py:3324} INFO - Setting next_dagrun for tutorial_dag to None, run_after=None
[2023-11-21T09:56:22.580+0300] {processor.py:178} INFO - Processing /home/user/Masaüstü/kafka/.env/lib/python3.8/site-packages/airflow/example_dags/tutorial_dag.py took 0.096 seconds
[2023-11-21T09:56:59.459+0300] {processor.py:156} INFO - Started process (PID=26158) to work on /home/user/Masaüstü/kafka/.env/lib/python3.8/site-packages/airflow/example_dags/tutorial_dag.py
[2023-11-21T09:56:59.460+0300] {processor.py:758} INFO - Processing file /home/user/Masaüstü/kafka/.env/lib/python3.8/site-packages/airflow/example_dags/tutorial_dag.py for tasks to queue
[2023-11-21T09:56:59.461+0300] {logging_mixin.py:117} INFO - [2023-11-21T09:56:59.460+0300] {dagbag.py:525} INFO - Filling up the DagBag from /home/user/Masaüstü/kafka/.env/lib/python3.8/site-packages/airflow/example_dags/tutorial_dag.py
[2023-11-21T09:56:59.481+0300] {processor.py:768} INFO - DAG(s) dict_keys(['tutorial_dag']) retrieved from /home/user/Masaüstü/kafka/.env/lib/python3.8/site-packages/airflow/example_dags/tutorial_dag.py
[2023-11-21T09:56:59.523+0300] {logging_mixin.py:117} INFO - [2023-11-21T09:56:59.523+0300] {dag.py:2573} INFO - Sync 1 DAGs
[2023-11-21T09:56:59.550+0300] {logging_mixin.py:117} INFO - [2023-11-21T09:56:59.550+0300] {dag.py:3324} INFO - Setting next_dagrun for tutorial_dag to None, run_after=None
[2023-11-21T09:56:59.585+0300] {processor.py:178} INFO - Processing /home/user/Masaüstü/kafka/.env/lib/python3.8/site-packages/airflow/example_dags/tutorial_dag.py took 0.128 seconds
[2023-11-21T09:57:37.019+0300] {processor.py:156} INFO - Started process (PID=26395) to work on /home/user/Masaüstü/kafka/.env/lib/python3.8/site-packages/airflow/example_dags/tutorial_dag.py
[2023-11-21T09:57:37.021+0300] {processor.py:758} INFO - Processing file /home/user/Masaüstü/kafka/.env/lib/python3.8/site-packages/airflow/example_dags/tutorial_dag.py for tasks to queue
[2023-11-21T09:57:37.021+0300] {logging_mixin.py:117} INFO - [2023-11-21T09:57:37.021+0300] {dagbag.py:525} INFO - Filling up the DagBag from /home/user/Masaüstü/kafka/.env/lib/python3.8/site-packages/airflow/example_dags/tutorial_dag.py
[2023-11-21T09:57:37.031+0300] {processor.py:768} INFO - DAG(s) dict_keys(['tutorial_dag']) retrieved from /home/user/Masaüstü/kafka/.env/lib/python3.8/site-packages/airflow/example_dags/tutorial_dag.py
[2023-11-21T09:57:37.049+0300] {logging_mixin.py:117} INFO - [2023-11-21T09:57:37.048+0300] {dag.py:2573} INFO - Sync 1 DAGs
[2023-11-21T09:57:37.063+0300] {logging_mixin.py:117} INFO - [2023-11-21T09:57:37.063+0300] {dag.py:3324} INFO - Setting next_dagrun for tutorial_dag to None, run_after=None
[2023-11-21T09:57:37.080+0300] {processor.py:178} INFO - Processing /home/user/Masaüstü/kafka/.env/lib/python3.8/site-packages/airflow/example_dags/tutorial_dag.py took 0.062 seconds
[2023-11-21T09:58:12.651+0300] {processor.py:156} INFO - Started process (PID=26693) to work on /home/user/Masaüstü/kafka/.env/lib/python3.8/site-packages/airflow/example_dags/tutorial_dag.py
[2023-11-21T09:58:12.654+0300] {processor.py:758} INFO - Processing file /home/user/Masaüstü/kafka/.env/lib/python3.8/site-packages/airflow/example_dags/tutorial_dag.py for tasks to queue
[2023-11-21T09:58:12.655+0300] {logging_mixin.py:117} INFO - [2023-11-21T09:58:12.655+0300] {dagbag.py:525} INFO - Filling up the DagBag from /home/user/Masaüstü/kafka/.env/lib/python3.8/site-packages/airflow/example_dags/tutorial_dag.py
[2023-11-21T09:58:12.708+0300] {processor.py:768} INFO - DAG(s) dict_keys(['tutorial_dag']) retrieved from /home/user/Masaüstü/kafka/.env/lib/python3.8/site-packages/airflow/example_dags/tutorial_dag.py
[2023-11-21T09:58:12.757+0300] {logging_mixin.py:117} INFO - [2023-11-21T09:58:12.756+0300] {dag.py:2573} INFO - Sync 1 DAGs
[2023-11-21T09:58:12.796+0300] {logging_mixin.py:117} INFO - [2023-11-21T09:58:12.796+0300] {dag.py:3324} INFO - Setting next_dagrun for tutorial_dag to None, run_after=None
[2023-11-21T09:58:12.839+0300] {processor.py:178} INFO - Processing /home/user/Masaüstü/kafka/.env/lib/python3.8/site-packages/airflow/example_dags/tutorial_dag.py took 0.192 seconds
[2023-11-21T09:58:50.549+0300] {processor.py:156} INFO - Started process (PID=27213) to work on /home/user/Masaüstü/kafka/.env/lib/python3.8/site-packages/airflow/example_dags/tutorial_dag.py
[2023-11-21T09:58:50.551+0300] {processor.py:758} INFO - Processing file /home/user/Masaüstü/kafka/.env/lib/python3.8/site-packages/airflow/example_dags/tutorial_dag.py for tasks to queue
[2023-11-21T09:58:50.551+0300] {logging_mixin.py:117} INFO - [2023-11-21T09:58:50.551+0300] {dagbag.py:525} INFO - Filling up the DagBag from /home/user/Masaüstü/kafka/.env/lib/python3.8/site-packages/airflow/example_dags/tutorial_dag.py
[2023-11-21T09:58:50.561+0300] {processor.py:768} INFO - DAG(s) dict_keys(['tutorial_dag']) retrieved from /home/user/Masaüstü/kafka/.env/lib/python3.8/site-packages/airflow/example_dags/tutorial_dag.py
[2023-11-21T09:58:50.579+0300] {logging_mixin.py:117} INFO - [2023-11-21T09:58:50.579+0300] {dag.py:2573} INFO - Sync 1 DAGs
[2023-11-21T09:58:50.593+0300] {logging_mixin.py:117} INFO - [2023-11-21T09:58:50.593+0300] {dag.py:3324} INFO - Setting next_dagrun for tutorial_dag to None, run_after=None
[2023-11-21T09:58:50.610+0300] {processor.py:178} INFO - Processing /home/user/Masaüstü/kafka/.env/lib/python3.8/site-packages/airflow/example_dags/tutorial_dag.py took 0.063 seconds
[2023-11-21T09:59:25.696+0300] {processor.py:156} INFO - Started process (PID=27457) to work on /home/user/Masaüstü/kafka/.env/lib/python3.8/site-packages/airflow/example_dags/tutorial_dag.py
[2023-11-21T09:59:25.697+0300] {processor.py:758} INFO - Processing file /home/user/Masaüstü/kafka/.env/lib/python3.8/site-packages/airflow/example_dags/tutorial_dag.py for tasks to queue
[2023-11-21T09:59:25.697+0300] {logging_mixin.py:117} INFO - [2023-11-21T09:59:25.697+0300] {dagbag.py:525} INFO - Filling up the DagBag from /home/user/Masaüstü/kafka/.env/lib/python3.8/site-packages/airflow/example_dags/tutorial_dag.py
[2023-11-21T09:59:25.716+0300] {processor.py:768} INFO - DAG(s) dict_keys(['tutorial_dag']) retrieved from /home/user/Masaüstü/kafka/.env/lib/python3.8/site-packages/airflow/example_dags/tutorial_dag.py
[2023-11-21T09:59:25.742+0300] {logging_mixin.py:117} INFO - [2023-11-21T09:59:25.741+0300] {dag.py:2573} INFO - Sync 1 DAGs
[2023-11-21T09:59:25.771+0300] {logging_mixin.py:117} INFO - [2023-11-21T09:59:25.771+0300] {dag.py:3324} INFO - Setting next_dagrun for tutorial_dag to None, run_after=None
[2023-11-21T09:59:25.805+0300] {processor.py:178} INFO - Processing /home/user/Masaüstü/kafka/.env/lib/python3.8/site-packages/airflow/example_dags/tutorial_dag.py took 0.111 seconds
[2023-11-21T10:00:01.850+0300] {processor.py:156} INFO - Started process (PID=27688) to work on /home/user/Masaüstü/kafka/.env/lib/python3.8/site-packages/airflow/example_dags/tutorial_dag.py
[2023-11-21T10:00:01.852+0300] {processor.py:758} INFO - Processing file /home/user/Masaüstü/kafka/.env/lib/python3.8/site-packages/airflow/example_dags/tutorial_dag.py for tasks to queue
[2023-11-21T10:00:01.852+0300] {logging_mixin.py:117} INFO - [2023-11-21T10:00:01.852+0300] {dagbag.py:525} INFO - Filling up the DagBag from /home/user/Masaüstü/kafka/.env/lib/python3.8/site-packages/airflow/example_dags/tutorial_dag.py
[2023-11-21T10:00:01.867+0300] {processor.py:768} INFO - DAG(s) dict_keys(['tutorial_dag']) retrieved from /home/user/Masaüstü/kafka/.env/lib/python3.8/site-packages/airflow/example_dags/tutorial_dag.py
[2023-11-21T10:00:01.891+0300] {logging_mixin.py:117} INFO - [2023-11-21T10:00:01.890+0300] {dag.py:2573} INFO - Sync 1 DAGs
[2023-11-21T10:00:01.906+0300] {logging_mixin.py:117} INFO - [2023-11-21T10:00:01.906+0300] {dag.py:3324} INFO - Setting next_dagrun for tutorial_dag to None, run_after=None
[2023-11-21T10:00:01.924+0300] {processor.py:178} INFO - Processing /home/user/Masaüstü/kafka/.env/lib/python3.8/site-packages/airflow/example_dags/tutorial_dag.py took 0.077 seconds
[2023-11-21T10:00:38.038+0300] {processor.py:156} INFO - Started process (PID=27905) to work on /home/user/Masaüstü/kafka/.env/lib/python3.8/site-packages/airflow/example_dags/tutorial_dag.py
[2023-11-21T10:00:38.040+0300] {processor.py:758} INFO - Processing file /home/user/Masaüstü/kafka/.env/lib/python3.8/site-packages/airflow/example_dags/tutorial_dag.py for tasks to queue
[2023-11-21T10:00:38.041+0300] {logging_mixin.py:117} INFO - [2023-11-21T10:00:38.041+0300] {dagbag.py:525} INFO - Filling up the DagBag from /home/user/Masaüstü/kafka/.env/lib/python3.8/site-packages/airflow/example_dags/tutorial_dag.py
[2023-11-21T10:00:38.055+0300] {processor.py:768} INFO - DAG(s) dict_keys(['tutorial_dag']) retrieved from /home/user/Masaüstü/kafka/.env/lib/python3.8/site-packages/airflow/example_dags/tutorial_dag.py
[2023-11-21T10:00:38.076+0300] {logging_mixin.py:117} INFO - [2023-11-21T10:00:38.076+0300] {dag.py:2573} INFO - Sync 1 DAGs
[2023-11-21T10:00:38.090+0300] {logging_mixin.py:117} INFO - [2023-11-21T10:00:38.090+0300] {dag.py:3324} INFO - Setting next_dagrun for tutorial_dag to None, run_after=None
[2023-11-21T10:00:38.108+0300] {processor.py:178} INFO - Processing /home/user/Masaüstü/kafka/.env/lib/python3.8/site-packages/airflow/example_dags/tutorial_dag.py took 0.073 seconds
[2023-11-21T10:01:13.440+0300] {processor.py:156} INFO - Started process (PID=28127) to work on /home/user/Masaüstü/kafka/.env/lib/python3.8/site-packages/airflow/example_dags/tutorial_dag.py
[2023-11-21T10:01:13.442+0300] {processor.py:758} INFO - Processing file /home/user/Masaüstü/kafka/.env/lib/python3.8/site-packages/airflow/example_dags/tutorial_dag.py for tasks to queue
[2023-11-21T10:01:13.442+0300] {logging_mixin.py:117} INFO - [2023-11-21T10:01:13.442+0300] {dagbag.py:525} INFO - Filling up the DagBag from /home/user/Masaüstü/kafka/.env/lib/python3.8/site-packages/airflow/example_dags/tutorial_dag.py
[2023-11-21T10:01:13.454+0300] {processor.py:768} INFO - DAG(s) dict_keys(['tutorial_dag']) retrieved from /home/user/Masaüstü/kafka/.env/lib/python3.8/site-packages/airflow/example_dags/tutorial_dag.py
[2023-11-21T10:01:13.481+0300] {logging_mixin.py:117} INFO - [2023-11-21T10:01:13.480+0300] {dag.py:2573} INFO - Sync 1 DAGs
[2023-11-21T10:01:13.498+0300] {logging_mixin.py:117} INFO - [2023-11-21T10:01:13.498+0300] {dag.py:3324} INFO - Setting next_dagrun for tutorial_dag to None, run_after=None
[2023-11-21T10:01:13.516+0300] {processor.py:178} INFO - Processing /home/user/Masaüstü/kafka/.env/lib/python3.8/site-packages/airflow/example_dags/tutorial_dag.py took 0.078 seconds
[2023-11-21T10:01:49.039+0300] {processor.py:156} INFO - Started process (PID=28406) to work on /home/user/Masaüstü/kafka/.env/lib/python3.8/site-packages/airflow/example_dags/tutorial_dag.py
[2023-11-21T10:01:49.040+0300] {processor.py:758} INFO - Processing file /home/user/Masaüstü/kafka/.env/lib/python3.8/site-packages/airflow/example_dags/tutorial_dag.py for tasks to queue
[2023-11-21T10:01:49.040+0300] {logging_mixin.py:117} INFO - [2023-11-21T10:01:49.040+0300] {dagbag.py:525} INFO - Filling up the DagBag from /home/user/Masaüstü/kafka/.env/lib/python3.8/site-packages/airflow/example_dags/tutorial_dag.py
[2023-11-21T10:01:49.050+0300] {processor.py:768} INFO - DAG(s) dict_keys(['tutorial_dag']) retrieved from /home/user/Masaüstü/kafka/.env/lib/python3.8/site-packages/airflow/example_dags/tutorial_dag.py
[2023-11-21T10:01:49.067+0300] {logging_mixin.py:117} INFO - [2023-11-21T10:01:49.067+0300] {dag.py:2573} INFO - Sync 1 DAGs
[2023-11-21T10:01:49.082+0300] {logging_mixin.py:117} INFO - [2023-11-21T10:01:49.082+0300] {dag.py:3324} INFO - Setting next_dagrun for tutorial_dag to None, run_after=None
[2023-11-21T10:01:49.099+0300] {processor.py:178} INFO - Processing /home/user/Masaüstü/kafka/.env/lib/python3.8/site-packages/airflow/example_dags/tutorial_dag.py took 0.062 seconds
[2023-11-21T10:02:25.535+0300] {processor.py:156} INFO - Started process (PID=28627) to work on /home/user/Masaüstü/kafka/.env/lib/python3.8/site-packages/airflow/example_dags/tutorial_dag.py
[2023-11-21T10:02:25.535+0300] {processor.py:758} INFO - Processing file /home/user/Masaüstü/kafka/.env/lib/python3.8/site-packages/airflow/example_dags/tutorial_dag.py for tasks to queue
[2023-11-21T10:02:25.536+0300] {logging_mixin.py:117} INFO - [2023-11-21T10:02:25.536+0300] {dagbag.py:525} INFO - Filling up the DagBag from /home/user/Masaüstü/kafka/.env/lib/python3.8/site-packages/airflow/example_dags/tutorial_dag.py
[2023-11-21T10:02:25.545+0300] {processor.py:768} INFO - DAG(s) dict_keys(['tutorial_dag']) retrieved from /home/user/Masaüstü/kafka/.env/lib/python3.8/site-packages/airflow/example_dags/tutorial_dag.py
[2023-11-21T10:02:25.563+0300] {logging_mixin.py:117} INFO - [2023-11-21T10:02:25.563+0300] {dag.py:2573} INFO - Sync 1 DAGs
[2023-11-21T10:02:25.577+0300] {logging_mixin.py:117} INFO - [2023-11-21T10:02:25.577+0300] {dag.py:3324} INFO - Setting next_dagrun for tutorial_dag to None, run_after=None
[2023-11-21T10:02:25.594+0300] {processor.py:178} INFO - Processing /home/user/Masaüstü/kafka/.env/lib/python3.8/site-packages/airflow/example_dags/tutorial_dag.py took 0.061 seconds
[2023-11-21T10:04:55.642+0300] {processor.py:156} INFO - Started process (PID=29906) to work on /home/user/Masaüstü/kafka/.env/lib/python3.8/site-packages/airflow/example_dags/tutorial_dag.py
[2023-11-21T10:04:55.645+0300] {processor.py:758} INFO - Processing file /home/user/Masaüstü/kafka/.env/lib/python3.8/site-packages/airflow/example_dags/tutorial_dag.py for tasks to queue
[2023-11-21T10:04:55.647+0300] {logging_mixin.py:117} INFO - [2023-11-21T10:04:55.646+0300] {dagbag.py:525} INFO - Filling up the DagBag from /home/user/Masaüstü/kafka/.env/lib/python3.8/site-packages/airflow/example_dags/tutorial_dag.py
[2023-11-21T10:04:55.678+0300] {processor.py:768} INFO - DAG(s) dict_keys(['tutorial_dag']) retrieved from /home/user/Masaüstü/kafka/.env/lib/python3.8/site-packages/airflow/example_dags/tutorial_dag.py
[2023-11-21T10:04:55.709+0300] {logging_mixin.py:117} INFO - [2023-11-21T10:04:55.708+0300] {dag.py:2573} INFO - Sync 1 DAGs
[2023-11-21T10:04:55.746+0300] {logging_mixin.py:117} INFO - [2023-11-21T10:04:55.745+0300] {dag.py:3324} INFO - Setting next_dagrun for tutorial_dag to None, run_after=None
[2023-11-21T10:04:55.776+0300] {processor.py:178} INFO - Processing /home/user/Masaüstü/kafka/.env/lib/python3.8/site-packages/airflow/example_dags/tutorial_dag.py took 0.142 seconds
[2023-11-21T10:05:32.113+0300] {processor.py:156} INFO - Started process (PID=30203) to work on /home/user/Masaüstü/kafka/.env/lib/python3.8/site-packages/airflow/example_dags/tutorial_dag.py
[2023-11-21T10:05:32.115+0300] {processor.py:758} INFO - Processing file /home/user/Masaüstü/kafka/.env/lib/python3.8/site-packages/airflow/example_dags/tutorial_dag.py for tasks to queue
[2023-11-21T10:05:32.115+0300] {logging_mixin.py:117} INFO - [2023-11-21T10:05:32.115+0300] {dagbag.py:525} INFO - Filling up the DagBag from /home/user/Masaüstü/kafka/.env/lib/python3.8/site-packages/airflow/example_dags/tutorial_dag.py
[2023-11-21T10:05:32.127+0300] {processor.py:768} INFO - DAG(s) dict_keys(['tutorial_dag']) retrieved from /home/user/Masaüstü/kafka/.env/lib/python3.8/site-packages/airflow/example_dags/tutorial_dag.py
[2023-11-21T10:05:32.144+0300] {logging_mixin.py:117} INFO - [2023-11-21T10:05:32.144+0300] {dag.py:2573} INFO - Sync 1 DAGs
[2023-11-21T10:05:32.159+0300] {logging_mixin.py:117} INFO - [2023-11-21T10:05:32.159+0300] {dag.py:3324} INFO - Setting next_dagrun for tutorial_dag to None, run_after=None
[2023-11-21T10:05:32.178+0300] {processor.py:178} INFO - Processing /home/user/Masaüstü/kafka/.env/lib/python3.8/site-packages/airflow/example_dags/tutorial_dag.py took 0.067 seconds
[2023-11-21T10:06:11.459+0300] {processor.py:156} INFO - Started process (PID=30588) to work on /home/user/Masaüstü/kafka/.env/lib/python3.8/site-packages/airflow/example_dags/tutorial_dag.py
[2023-11-21T10:06:11.461+0300] {processor.py:758} INFO - Processing file /home/user/Masaüstü/kafka/.env/lib/python3.8/site-packages/airflow/example_dags/tutorial_dag.py for tasks to queue
[2023-11-21T10:06:11.462+0300] {logging_mixin.py:117} INFO - [2023-11-21T10:06:11.461+0300] {dagbag.py:525} INFO - Filling up the DagBag from /home/user/Masaüstü/kafka/.env/lib/python3.8/site-packages/airflow/example_dags/tutorial_dag.py
[2023-11-21T10:06:11.480+0300] {processor.py:768} INFO - DAG(s) dict_keys(['tutorial_dag']) retrieved from /home/user/Masaüstü/kafka/.env/lib/python3.8/site-packages/airflow/example_dags/tutorial_dag.py
[2023-11-21T10:06:11.502+0300] {logging_mixin.py:117} INFO - [2023-11-21T10:06:11.502+0300] {dag.py:2573} INFO - Sync 1 DAGs
[2023-11-21T10:06:11.516+0300] {logging_mixin.py:117} INFO - [2023-11-21T10:06:11.516+0300] {dag.py:3324} INFO - Setting next_dagrun for tutorial_dag to None, run_after=None
[2023-11-21T10:06:11.534+0300] {processor.py:178} INFO - Processing /home/user/Masaüstü/kafka/.env/lib/python3.8/site-packages/airflow/example_dags/tutorial_dag.py took 0.078 seconds
[2023-11-21T10:06:49.964+0300] {processor.py:156} INFO - Started process (PID=30849) to work on /home/user/Masaüstü/kafka/.env/lib/python3.8/site-packages/airflow/example_dags/tutorial_dag.py
[2023-11-21T10:06:49.966+0300] {processor.py:758} INFO - Processing file /home/user/Masaüstü/kafka/.env/lib/python3.8/site-packages/airflow/example_dags/tutorial_dag.py for tasks to queue
[2023-11-21T10:06:49.967+0300] {logging_mixin.py:117} INFO - [2023-11-21T10:06:49.967+0300] {dagbag.py:525} INFO - Filling up the DagBag from /home/user/Masaüstü/kafka/.env/lib/python3.8/site-packages/airflow/example_dags/tutorial_dag.py
[2023-11-21T10:06:49.976+0300] {processor.py:768} INFO - DAG(s) dict_keys(['tutorial_dag']) retrieved from /home/user/Masaüstü/kafka/.env/lib/python3.8/site-packages/airflow/example_dags/tutorial_dag.py
[2023-11-21T10:06:49.994+0300] {logging_mixin.py:117} INFO - [2023-11-21T10:06:49.993+0300] {dag.py:2573} INFO - Sync 1 DAGs
[2023-11-21T10:06:50.009+0300] {logging_mixin.py:117} INFO - [2023-11-21T10:06:50.009+0300] {dag.py:3324} INFO - Setting next_dagrun for tutorial_dag to None, run_after=None
[2023-11-21T10:06:50.026+0300] {processor.py:178} INFO - Processing /home/user/Masaüstü/kafka/.env/lib/python3.8/site-packages/airflow/example_dags/tutorial_dag.py took 0.063 seconds
[2023-11-21T10:07:26.092+0300] {processor.py:156} INFO - Started process (PID=31077) to work on /home/user/Masaüstü/kafka/.env/lib/python3.8/site-packages/airflow/example_dags/tutorial_dag.py
[2023-11-21T10:07:26.095+0300] {processor.py:758} INFO - Processing file /home/user/Masaüstü/kafka/.env/lib/python3.8/site-packages/airflow/example_dags/tutorial_dag.py for tasks to queue
[2023-11-21T10:07:26.098+0300] {logging_mixin.py:117} INFO - [2023-11-21T10:07:26.098+0300] {dagbag.py:525} INFO - Filling up the DagBag from /home/user/Masaüstü/kafka/.env/lib/python3.8/site-packages/airflow/example_dags/tutorial_dag.py
[2023-11-21T10:07:26.114+0300] {processor.py:768} INFO - DAG(s) dict_keys(['tutorial_dag']) retrieved from /home/user/Masaüstü/kafka/.env/lib/python3.8/site-packages/airflow/example_dags/tutorial_dag.py
[2023-11-21T10:07:26.135+0300] {logging_mixin.py:117} INFO - [2023-11-21T10:07:26.135+0300] {dag.py:2573} INFO - Sync 1 DAGs
[2023-11-21T10:07:26.151+0300] {logging_mixin.py:117} INFO - [2023-11-21T10:07:26.151+0300] {dag.py:3324} INFO - Setting next_dagrun for tutorial_dag to None, run_after=None
[2023-11-21T10:07:26.273+0300] {processor.py:178} INFO - Processing /home/user/Masaüstü/kafka/.env/lib/python3.8/site-packages/airflow/example_dags/tutorial_dag.py took 0.184 seconds
[2023-11-21T10:08:05.022+0300] {processor.py:156} INFO - Started process (PID=31323) to work on /home/user/Masaüstü/kafka/.env/lib/python3.8/site-packages/airflow/example_dags/tutorial_dag.py
[2023-11-21T10:08:05.023+0300] {processor.py:758} INFO - Processing file /home/user/Masaüstü/kafka/.env/lib/python3.8/site-packages/airflow/example_dags/tutorial_dag.py for tasks to queue
[2023-11-21T10:08:05.024+0300] {logging_mixin.py:117} INFO - [2023-11-21T10:08:05.024+0300] {dagbag.py:525} INFO - Filling up the DagBag from /home/user/Masaüstü/kafka/.env/lib/python3.8/site-packages/airflow/example_dags/tutorial_dag.py
[2023-11-21T10:08:05.042+0300] {processor.py:768} INFO - DAG(s) dict_keys(['tutorial_dag']) retrieved from /home/user/Masaüstü/kafka/.env/lib/python3.8/site-packages/airflow/example_dags/tutorial_dag.py
[2023-11-21T10:08:05.067+0300] {logging_mixin.py:117} INFO - [2023-11-21T10:08:05.067+0300] {dag.py:2573} INFO - Sync 1 DAGs
[2023-11-21T10:08:05.081+0300] {logging_mixin.py:117} INFO - [2023-11-21T10:08:05.081+0300] {dag.py:3324} INFO - Setting next_dagrun for tutorial_dag to None, run_after=None
[2023-11-21T10:08:05.098+0300] {processor.py:178} INFO - Processing /home/user/Masaüstü/kafka/.env/lib/python3.8/site-packages/airflow/example_dags/tutorial_dag.py took 0.079 seconds
[2023-11-21T10:08:42.870+0300] {processor.py:156} INFO - Started process (PID=31582) to work on /home/user/Masaüstü/kafka/.env/lib/python3.8/site-packages/airflow/example_dags/tutorial_dag.py
[2023-11-21T10:08:42.873+0300] {processor.py:758} INFO - Processing file /home/user/Masaüstü/kafka/.env/lib/python3.8/site-packages/airflow/example_dags/tutorial_dag.py for tasks to queue
[2023-11-21T10:08:42.874+0300] {logging_mixin.py:117} INFO - [2023-11-21T10:08:42.874+0300] {dagbag.py:525} INFO - Filling up the DagBag from /home/user/Masaüstü/kafka/.env/lib/python3.8/site-packages/airflow/example_dags/tutorial_dag.py
[2023-11-21T10:08:42.896+0300] {processor.py:768} INFO - DAG(s) dict_keys(['tutorial_dag']) retrieved from /home/user/Masaüstü/kafka/.env/lib/python3.8/site-packages/airflow/example_dags/tutorial_dag.py
[2023-11-21T10:08:42.920+0300] {logging_mixin.py:117} INFO - [2023-11-21T10:08:42.920+0300] {dag.py:2573} INFO - Sync 1 DAGs
[2023-11-21T10:08:42.940+0300] {logging_mixin.py:117} INFO - [2023-11-21T10:08:42.939+0300] {dag.py:3324} INFO - Setting next_dagrun for tutorial_dag to None, run_after=None
[2023-11-21T10:08:42.966+0300] {processor.py:178} INFO - Processing /home/user/Masaüstü/kafka/.env/lib/python3.8/site-packages/airflow/example_dags/tutorial_dag.py took 0.100 seconds
[2023-11-21T10:09:22.299+0300] {processor.py:156} INFO - Started process (PID=31933) to work on /home/user/Masaüstü/kafka/.env/lib/python3.8/site-packages/airflow/example_dags/tutorial_dag.py
[2023-11-21T10:09:22.301+0300] {processor.py:758} INFO - Processing file /home/user/Masaüstü/kafka/.env/lib/python3.8/site-packages/airflow/example_dags/tutorial_dag.py for tasks to queue
[2023-11-21T10:09:22.302+0300] {logging_mixin.py:117} INFO - [2023-11-21T10:09:22.302+0300] {dagbag.py:525} INFO - Filling up the DagBag from /home/user/Masaüstü/kafka/.env/lib/python3.8/site-packages/airflow/example_dags/tutorial_dag.py
[2023-11-21T10:09:22.313+0300] {processor.py:768} INFO - DAG(s) dict_keys(['tutorial_dag']) retrieved from /home/user/Masaüstü/kafka/.env/lib/python3.8/site-packages/airflow/example_dags/tutorial_dag.py
[2023-11-21T10:09:22.331+0300] {logging_mixin.py:117} INFO - [2023-11-21T10:09:22.331+0300] {dag.py:2573} INFO - Sync 1 DAGs
[2023-11-21T10:09:22.345+0300] {logging_mixin.py:117} INFO - [2023-11-21T10:09:22.345+0300] {dag.py:3324} INFO - Setting next_dagrun for tutorial_dag to None, run_after=None
[2023-11-21T10:09:22.365+0300] {processor.py:178} INFO - Processing /home/user/Masaüstü/kafka/.env/lib/python3.8/site-packages/airflow/example_dags/tutorial_dag.py took 0.068 seconds
[2023-11-21T10:10:03.257+0300] {processor.py:156} INFO - Started process (PID=32519) to work on /home/user/Masaüstü/kafka/.env/lib/python3.8/site-packages/airflow/example_dags/tutorial_dag.py
[2023-11-21T10:10:03.260+0300] {processor.py:758} INFO - Processing file /home/user/Masaüstü/kafka/.env/lib/python3.8/site-packages/airflow/example_dags/tutorial_dag.py for tasks to queue
[2023-11-21T10:10:03.262+0300] {logging_mixin.py:117} INFO - [2023-11-21T10:10:03.262+0300] {dagbag.py:525} INFO - Filling up the DagBag from /home/user/Masaüstü/kafka/.env/lib/python3.8/site-packages/airflow/example_dags/tutorial_dag.py
[2023-11-21T10:10:03.282+0300] {processor.py:768} INFO - DAG(s) dict_keys(['tutorial_dag']) retrieved from /home/user/Masaüstü/kafka/.env/lib/python3.8/site-packages/airflow/example_dags/tutorial_dag.py
[2023-11-21T10:10:03.310+0300] {logging_mixin.py:117} INFO - [2023-11-21T10:10:03.309+0300] {dag.py:2573} INFO - Sync 1 DAGs
[2023-11-21T10:10:03.335+0300] {logging_mixin.py:117} INFO - [2023-11-21T10:10:03.335+0300] {dag.py:3324} INFO - Setting next_dagrun for tutorial_dag to None, run_after=None
[2023-11-21T10:10:03.358+0300] {processor.py:178} INFO - Processing /home/user/Masaüstü/kafka/.env/lib/python3.8/site-packages/airflow/example_dags/tutorial_dag.py took 0.105 seconds
[2023-11-21T10:10:54.417+0300] {processor.py:156} INFO - Started process (PID=33244) to work on /home/user/Masaüstü/kafka/.env/lib/python3.8/site-packages/airflow/example_dags/tutorial_dag.py
[2023-11-21T10:10:54.419+0300] {processor.py:758} INFO - Processing file /home/user/Masaüstü/kafka/.env/lib/python3.8/site-packages/airflow/example_dags/tutorial_dag.py for tasks to queue
[2023-11-21T10:10:54.420+0300] {logging_mixin.py:117} INFO - [2023-11-21T10:10:54.420+0300] {dagbag.py:525} INFO - Filling up the DagBag from /home/user/Masaüstü/kafka/.env/lib/python3.8/site-packages/airflow/example_dags/tutorial_dag.py
[2023-11-21T10:10:54.441+0300] {processor.py:768} INFO - DAG(s) dict_keys(['tutorial_dag']) retrieved from /home/user/Masaüstü/kafka/.env/lib/python3.8/site-packages/airflow/example_dags/tutorial_dag.py
[2023-11-21T10:10:54.460+0300] {logging_mixin.py:117} INFO - [2023-11-21T10:10:54.460+0300] {dag.py:2573} INFO - Sync 1 DAGs
[2023-11-21T10:10:54.475+0300] {logging_mixin.py:117} INFO - [2023-11-21T10:10:54.475+0300] {dag.py:3324} INFO - Setting next_dagrun for tutorial_dag to None, run_after=None
[2023-11-21T10:10:54.498+0300] {processor.py:178} INFO - Processing /home/user/Masaüstü/kafka/.env/lib/python3.8/site-packages/airflow/example_dags/tutorial_dag.py took 0.088 seconds
[2023-11-21T10:11:34.251+0300] {processor.py:156} INFO - Started process (PID=33518) to work on /home/user/Masaüstü/kafka/.env/lib/python3.8/site-packages/airflow/example_dags/tutorial_dag.py
[2023-11-21T10:11:34.255+0300] {processor.py:758} INFO - Processing file /home/user/Masaüstü/kafka/.env/lib/python3.8/site-packages/airflow/example_dags/tutorial_dag.py for tasks to queue
[2023-11-21T10:11:34.259+0300] {logging_mixin.py:117} INFO - [2023-11-21T10:11:34.259+0300] {dagbag.py:525} INFO - Filling up the DagBag from /home/user/Masaüstü/kafka/.env/lib/python3.8/site-packages/airflow/example_dags/tutorial_dag.py
[2023-11-21T10:11:34.288+0300] {processor.py:768} INFO - DAG(s) dict_keys(['tutorial_dag']) retrieved from /home/user/Masaüstü/kafka/.env/lib/python3.8/site-packages/airflow/example_dags/tutorial_dag.py
[2023-11-21T10:11:34.360+0300] {logging_mixin.py:117} INFO - [2023-11-21T10:11:34.360+0300] {dag.py:2573} INFO - Sync 1 DAGs
[2023-11-21T10:11:34.408+0300] {logging_mixin.py:117} INFO - [2023-11-21T10:11:34.408+0300] {dag.py:3324} INFO - Setting next_dagrun for tutorial_dag to None, run_after=None
[2023-11-21T10:11:34.490+0300] {processor.py:178} INFO - Processing /home/user/Masaüstü/kafka/.env/lib/python3.8/site-packages/airflow/example_dags/tutorial_dag.py took 0.244 seconds
[2023-11-21T10:12:11.162+0300] {processor.py:156} INFO - Started process (PID=33750) to work on /home/user/Masaüstü/kafka/.env/lib/python3.8/site-packages/airflow/example_dags/tutorial_dag.py
[2023-11-21T10:12:11.163+0300] {processor.py:758} INFO - Processing file /home/user/Masaüstü/kafka/.env/lib/python3.8/site-packages/airflow/example_dags/tutorial_dag.py for tasks to queue
[2023-11-21T10:12:11.163+0300] {logging_mixin.py:117} INFO - [2023-11-21T10:12:11.163+0300] {dagbag.py:525} INFO - Filling up the DagBag from /home/user/Masaüstü/kafka/.env/lib/python3.8/site-packages/airflow/example_dags/tutorial_dag.py
[2023-11-21T10:12:11.173+0300] {processor.py:768} INFO - DAG(s) dict_keys(['tutorial_dag']) retrieved from /home/user/Masaüstü/kafka/.env/lib/python3.8/site-packages/airflow/example_dags/tutorial_dag.py
[2023-11-21T10:12:11.190+0300] {logging_mixin.py:117} INFO - [2023-11-21T10:12:11.190+0300] {dag.py:2573} INFO - Sync 1 DAGs
[2023-11-21T10:12:11.204+0300] {logging_mixin.py:117} INFO - [2023-11-21T10:12:11.203+0300] {dag.py:3324} INFO - Setting next_dagrun for tutorial_dag to None, run_after=None
[2023-11-21T10:12:11.230+0300] {processor.py:178} INFO - Processing /home/user/Masaüstü/kafka/.env/lib/python3.8/site-packages/airflow/example_dags/tutorial_dag.py took 0.070 seconds
[2023-11-21T10:12:49.585+0300] {processor.py:156} INFO - Started process (PID=33980) to work on /home/user/Masaüstü/kafka/.env/lib/python3.8/site-packages/airflow/example_dags/tutorial_dag.py
[2023-11-21T10:12:49.588+0300] {processor.py:758} INFO - Processing file /home/user/Masaüstü/kafka/.env/lib/python3.8/site-packages/airflow/example_dags/tutorial_dag.py for tasks to queue
[2023-11-21T10:12:49.589+0300] {logging_mixin.py:117} INFO - [2023-11-21T10:12:49.589+0300] {dagbag.py:525} INFO - Filling up the DagBag from /home/user/Masaüstü/kafka/.env/lib/python3.8/site-packages/airflow/example_dags/tutorial_dag.py
[2023-11-21T10:12:49.606+0300] {processor.py:768} INFO - DAG(s) dict_keys(['tutorial_dag']) retrieved from /home/user/Masaüstü/kafka/.env/lib/python3.8/site-packages/airflow/example_dags/tutorial_dag.py
[2023-11-21T10:12:49.630+0300] {logging_mixin.py:117} INFO - [2023-11-21T10:12:49.630+0300] {dag.py:2573} INFO - Sync 1 DAGs
[2023-11-21T10:12:49.644+0300] {logging_mixin.py:117} INFO - [2023-11-21T10:12:49.644+0300] {dag.py:3324} INFO - Setting next_dagrun for tutorial_dag to None, run_after=None
[2023-11-21T10:12:49.662+0300] {processor.py:178} INFO - Processing /home/user/Masaüstü/kafka/.env/lib/python3.8/site-packages/airflow/example_dags/tutorial_dag.py took 0.079 seconds
[2023-11-21T10:13:26.839+0300] {processor.py:156} INFO - Started process (PID=34244) to work on /home/user/Masaüstü/kafka/.env/lib/python3.8/site-packages/airflow/example_dags/tutorial_dag.py
[2023-11-21T10:13:26.842+0300] {processor.py:758} INFO - Processing file /home/user/Masaüstü/kafka/.env/lib/python3.8/site-packages/airflow/example_dags/tutorial_dag.py for tasks to queue
[2023-11-21T10:13:26.843+0300] {logging_mixin.py:117} INFO - [2023-11-21T10:13:26.842+0300] {dagbag.py:525} INFO - Filling up the DagBag from /home/user/Masaüstü/kafka/.env/lib/python3.8/site-packages/airflow/example_dags/tutorial_dag.py
[2023-11-21T10:13:26.859+0300] {processor.py:768} INFO - DAG(s) dict_keys(['tutorial_dag']) retrieved from /home/user/Masaüstü/kafka/.env/lib/python3.8/site-packages/airflow/example_dags/tutorial_dag.py
[2023-11-21T10:13:26.887+0300] {logging_mixin.py:117} INFO - [2023-11-21T10:13:26.887+0300] {dag.py:2573} INFO - Sync 1 DAGs
[2023-11-21T10:13:26.904+0300] {logging_mixin.py:117} INFO - [2023-11-21T10:13:26.904+0300] {dag.py:3324} INFO - Setting next_dagrun for tutorial_dag to None, run_after=None
[2023-11-21T10:13:26.922+0300] {processor.py:178} INFO - Processing /home/user/Masaüstü/kafka/.env/lib/python3.8/site-packages/airflow/example_dags/tutorial_dag.py took 0.089 seconds
[2023-11-21T10:14:19.680+0300] {processor.py:156} INFO - Started process (PID=35008) to work on /home/user/Masaüstü/kafka/.env/lib/python3.8/site-packages/airflow/example_dags/tutorial_dag.py
[2023-11-21T10:14:19.681+0300] {processor.py:758} INFO - Processing file /home/user/Masaüstü/kafka/.env/lib/python3.8/site-packages/airflow/example_dags/tutorial_dag.py for tasks to queue
[2023-11-21T10:14:19.681+0300] {logging_mixin.py:117} INFO - [2023-11-21T10:14:19.681+0300] {dagbag.py:525} INFO - Filling up the DagBag from /home/user/Masaüstü/kafka/.env/lib/python3.8/site-packages/airflow/example_dags/tutorial_dag.py
[2023-11-21T10:14:19.693+0300] {processor.py:768} INFO - DAG(s) dict_keys(['tutorial_dag']) retrieved from /home/user/Masaüstü/kafka/.env/lib/python3.8/site-packages/airflow/example_dags/tutorial_dag.py
[2023-11-21T10:14:19.710+0300] {logging_mixin.py:117} INFO - [2023-11-21T10:14:19.710+0300] {dag.py:2573} INFO - Sync 1 DAGs
[2023-11-21T10:14:19.725+0300] {logging_mixin.py:117} INFO - [2023-11-21T10:14:19.725+0300] {dag.py:3324} INFO - Setting next_dagrun for tutorial_dag to None, run_after=None
[2023-11-21T10:14:19.751+0300] {processor.py:178} INFO - Processing /home/user/Masaüstü/kafka/.env/lib/python3.8/site-packages/airflow/example_dags/tutorial_dag.py took 0.073 seconds
[2023-11-21T10:14:57.349+0300] {processor.py:156} INFO - Started process (PID=35433) to work on /home/user/Masaüstü/kafka/.env/lib/python3.8/site-packages/airflow/example_dags/tutorial_dag.py
[2023-11-21T10:14:57.350+0300] {processor.py:758} INFO - Processing file /home/user/Masaüstü/kafka/.env/lib/python3.8/site-packages/airflow/example_dags/tutorial_dag.py for tasks to queue
[2023-11-21T10:14:57.350+0300] {logging_mixin.py:117} INFO - [2023-11-21T10:14:57.350+0300] {dagbag.py:525} INFO - Filling up the DagBag from /home/user/Masaüstü/kafka/.env/lib/python3.8/site-packages/airflow/example_dags/tutorial_dag.py
[2023-11-21T10:14:57.360+0300] {processor.py:768} INFO - DAG(s) dict_keys(['tutorial_dag']) retrieved from /home/user/Masaüstü/kafka/.env/lib/python3.8/site-packages/airflow/example_dags/tutorial_dag.py
[2023-11-21T10:14:57.378+0300] {logging_mixin.py:117} INFO - [2023-11-21T10:14:57.378+0300] {dag.py:2573} INFO - Sync 1 DAGs
[2023-11-21T10:14:57.394+0300] {logging_mixin.py:117} INFO - [2023-11-21T10:14:57.394+0300] {dag.py:3324} INFO - Setting next_dagrun for tutorial_dag to None, run_after=None
[2023-11-21T10:14:57.412+0300] {processor.py:178} INFO - Processing /home/user/Masaüstü/kafka/.env/lib/python3.8/site-packages/airflow/example_dags/tutorial_dag.py took 0.064 seconds
[2023-11-21T10:15:34.894+0300] {processor.py:156} INFO - Started process (PID=35689) to work on /home/user/Masaüstü/kafka/.env/lib/python3.8/site-packages/airflow/example_dags/tutorial_dag.py
[2023-11-21T10:15:34.897+0300] {processor.py:758} INFO - Processing file /home/user/Masaüstü/kafka/.env/lib/python3.8/site-packages/airflow/example_dags/tutorial_dag.py for tasks to queue
[2023-11-21T10:15:34.900+0300] {logging_mixin.py:117} INFO - [2023-11-21T10:15:34.899+0300] {dagbag.py:525} INFO - Filling up the DagBag from /home/user/Masaüstü/kafka/.env/lib/python3.8/site-packages/airflow/example_dags/tutorial_dag.py
[2023-11-21T10:15:34.929+0300] {processor.py:768} INFO - DAG(s) dict_keys(['tutorial_dag']) retrieved from /home/user/Masaüstü/kafka/.env/lib/python3.8/site-packages/airflow/example_dags/tutorial_dag.py
[2023-11-21T10:15:34.950+0300] {logging_mixin.py:117} INFO - [2023-11-21T10:15:34.949+0300] {dag.py:2573} INFO - Sync 1 DAGs
[2023-11-21T10:15:34.965+0300] {logging_mixin.py:117} INFO - [2023-11-21T10:15:34.964+0300] {dag.py:3324} INFO - Setting next_dagrun for tutorial_dag to None, run_after=None
[2023-11-21T10:15:34.982+0300] {processor.py:178} INFO - Processing /home/user/Masaüstü/kafka/.env/lib/python3.8/site-packages/airflow/example_dags/tutorial_dag.py took 0.094 seconds
[2023-11-21T10:16:11.728+0300] {processor.py:156} INFO - Started process (PID=35928) to work on /home/user/Masaüstü/kafka/.env/lib/python3.8/site-packages/airflow/example_dags/tutorial_dag.py
[2023-11-21T10:16:11.730+0300] {processor.py:758} INFO - Processing file /home/user/Masaüstü/kafka/.env/lib/python3.8/site-packages/airflow/example_dags/tutorial_dag.py for tasks to queue
[2023-11-21T10:16:11.732+0300] {logging_mixin.py:117} INFO - [2023-11-21T10:16:11.731+0300] {dagbag.py:525} INFO - Filling up the DagBag from /home/user/Masaüstü/kafka/.env/lib/python3.8/site-packages/airflow/example_dags/tutorial_dag.py
[2023-11-21T10:16:11.751+0300] {processor.py:768} INFO - DAG(s) dict_keys(['tutorial_dag']) retrieved from /home/user/Masaüstü/kafka/.env/lib/python3.8/site-packages/airflow/example_dags/tutorial_dag.py
[2023-11-21T10:16:11.771+0300] {logging_mixin.py:117} INFO - [2023-11-21T10:16:11.771+0300] {dag.py:2573} INFO - Sync 1 DAGs
[2023-11-21T10:16:11.785+0300] {logging_mixin.py:117} INFO - [2023-11-21T10:16:11.785+0300] {dag.py:3324} INFO - Setting next_dagrun for tutorial_dag to None, run_after=None
[2023-11-21T10:16:11.810+0300] {processor.py:178} INFO - Processing /home/user/Masaüstü/kafka/.env/lib/python3.8/site-packages/airflow/example_dags/tutorial_dag.py took 0.087 seconds
[2023-11-21T10:16:50.250+0300] {processor.py:156} INFO - Started process (PID=36177) to work on /home/user/Masaüstü/kafka/.env/lib/python3.8/site-packages/airflow/example_dags/tutorial_dag.py
[2023-11-21T10:16:50.252+0300] {processor.py:758} INFO - Processing file /home/user/Masaüstü/kafka/.env/lib/python3.8/site-packages/airflow/example_dags/tutorial_dag.py for tasks to queue
[2023-11-21T10:16:50.253+0300] {logging_mixin.py:117} INFO - [2023-11-21T10:16:50.253+0300] {dagbag.py:525} INFO - Filling up the DagBag from /home/user/Masaüstü/kafka/.env/lib/python3.8/site-packages/airflow/example_dags/tutorial_dag.py
[2023-11-21T10:16:50.262+0300] {processor.py:768} INFO - DAG(s) dict_keys(['tutorial_dag']) retrieved from /home/user/Masaüstü/kafka/.env/lib/python3.8/site-packages/airflow/example_dags/tutorial_dag.py
[2023-11-21T10:16:50.280+0300] {logging_mixin.py:117} INFO - [2023-11-21T10:16:50.280+0300] {dag.py:2573} INFO - Sync 1 DAGs
[2023-11-21T10:16:50.294+0300] {logging_mixin.py:117} INFO - [2023-11-21T10:16:50.294+0300] {dag.py:3324} INFO - Setting next_dagrun for tutorial_dag to None, run_after=None
[2023-11-21T10:16:50.319+0300] {processor.py:178} INFO - Processing /home/user/Masaüstü/kafka/.env/lib/python3.8/site-packages/airflow/example_dags/tutorial_dag.py took 0.071 seconds
[2023-11-21T10:17:26.876+0300] {processor.py:156} INFO - Started process (PID=36445) to work on /home/user/Masaüstü/kafka/.env/lib/python3.8/site-packages/airflow/example_dags/tutorial_dag.py
[2023-11-21T10:17:26.877+0300] {processor.py:758} INFO - Processing file /home/user/Masaüstü/kafka/.env/lib/python3.8/site-packages/airflow/example_dags/tutorial_dag.py for tasks to queue
[2023-11-21T10:17:26.880+0300] {logging_mixin.py:117} INFO - [2023-11-21T10:17:26.878+0300] {dagbag.py:525} INFO - Filling up the DagBag from /home/user/Masaüstü/kafka/.env/lib/python3.8/site-packages/airflow/example_dags/tutorial_dag.py
[2023-11-21T10:17:26.897+0300] {processor.py:768} INFO - DAG(s) dict_keys(['tutorial_dag']) retrieved from /home/user/Masaüstü/kafka/.env/lib/python3.8/site-packages/airflow/example_dags/tutorial_dag.py
[2023-11-21T10:17:26.924+0300] {logging_mixin.py:117} INFO - [2023-11-21T10:17:26.924+0300] {dag.py:2573} INFO - Sync 1 DAGs
[2023-11-21T10:17:26.944+0300] {logging_mixin.py:117} INFO - [2023-11-21T10:17:26.944+0300] {dag.py:3324} INFO - Setting next_dagrun for tutorial_dag to None, run_after=None
[2023-11-21T10:17:26.968+0300] {processor.py:178} INFO - Processing /home/user/Masaüstü/kafka/.env/lib/python3.8/site-packages/airflow/example_dags/tutorial_dag.py took 0.094 seconds
[2023-11-21T10:18:04.134+0300] {processor.py:156} INFO - Started process (PID=36696) to work on /home/user/Masaüstü/kafka/.env/lib/python3.8/site-packages/airflow/example_dags/tutorial_dag.py
[2023-11-21T10:18:04.137+0300] {processor.py:758} INFO - Processing file /home/user/Masaüstü/kafka/.env/lib/python3.8/site-packages/airflow/example_dags/tutorial_dag.py for tasks to queue
[2023-11-21T10:18:04.138+0300] {logging_mixin.py:117} INFO - [2023-11-21T10:18:04.138+0300] {dagbag.py:525} INFO - Filling up the DagBag from /home/user/Masaüstü/kafka/.env/lib/python3.8/site-packages/airflow/example_dags/tutorial_dag.py
[2023-11-21T10:18:04.160+0300] {processor.py:768} INFO - DAG(s) dict_keys(['tutorial_dag']) retrieved from /home/user/Masaüstü/kafka/.env/lib/python3.8/site-packages/airflow/example_dags/tutorial_dag.py
[2023-11-21T10:18:04.181+0300] {logging_mixin.py:117} INFO - [2023-11-21T10:18:04.181+0300] {dag.py:2573} INFO - Sync 1 DAGs
[2023-11-21T10:18:04.200+0300] {logging_mixin.py:117} INFO - [2023-11-21T10:18:04.199+0300] {dag.py:3324} INFO - Setting next_dagrun for tutorial_dag to None, run_after=None
[2023-11-21T10:18:04.222+0300] {processor.py:178} INFO - Processing /home/user/Masaüstü/kafka/.env/lib/python3.8/site-packages/airflow/example_dags/tutorial_dag.py took 0.094 seconds
[2023-11-21T10:18:42.815+0300] {processor.py:156} INFO - Started process (PID=36967) to work on /home/user/Masaüstü/kafka/.env/lib/python3.8/site-packages/airflow/example_dags/tutorial_dag.py
[2023-11-21T10:18:42.818+0300] {processor.py:758} INFO - Processing file /home/user/Masaüstü/kafka/.env/lib/python3.8/site-packages/airflow/example_dags/tutorial_dag.py for tasks to queue
[2023-11-21T10:18:42.821+0300] {logging_mixin.py:117} INFO - [2023-11-21T10:18:42.820+0300] {dagbag.py:525} INFO - Filling up the DagBag from /home/user/Masaüstü/kafka/.env/lib/python3.8/site-packages/airflow/example_dags/tutorial_dag.py
[2023-11-21T10:18:42.846+0300] {processor.py:768} INFO - DAG(s) dict_keys(['tutorial_dag']) retrieved from /home/user/Masaüstü/kafka/.env/lib/python3.8/site-packages/airflow/example_dags/tutorial_dag.py
[2023-11-21T10:18:42.867+0300] {logging_mixin.py:117} INFO - [2023-11-21T10:18:42.867+0300] {dag.py:2573} INFO - Sync 1 DAGs
[2023-11-21T10:18:42.885+0300] {logging_mixin.py:117} INFO - [2023-11-21T10:18:42.885+0300] {dag.py:3324} INFO - Setting next_dagrun for tutorial_dag to None, run_after=None
[2023-11-21T10:18:42.912+0300] {processor.py:178} INFO - Processing /home/user/Masaüstü/kafka/.env/lib/python3.8/site-packages/airflow/example_dags/tutorial_dag.py took 0.103 seconds
[2023-11-21T10:19:22.074+0300] {processor.py:156} INFO - Started process (PID=37210) to work on /home/user/Masaüstü/kafka/.env/lib/python3.8/site-packages/airflow/example_dags/tutorial_dag.py
[2023-11-21T10:19:22.077+0300] {processor.py:758} INFO - Processing file /home/user/Masaüstü/kafka/.env/lib/python3.8/site-packages/airflow/example_dags/tutorial_dag.py for tasks to queue
[2023-11-21T10:19:22.078+0300] {logging_mixin.py:117} INFO - [2023-11-21T10:19:22.078+0300] {dagbag.py:525} INFO - Filling up the DagBag from /home/user/Masaüstü/kafka/.env/lib/python3.8/site-packages/airflow/example_dags/tutorial_dag.py
[2023-11-21T10:19:22.102+0300] {processor.py:768} INFO - DAG(s) dict_keys(['tutorial_dag']) retrieved from /home/user/Masaüstü/kafka/.env/lib/python3.8/site-packages/airflow/example_dags/tutorial_dag.py
[2023-11-21T10:19:22.122+0300] {logging_mixin.py:117} INFO - [2023-11-21T10:19:22.121+0300] {dag.py:2573} INFO - Sync 1 DAGs
[2023-11-21T10:19:22.137+0300] {logging_mixin.py:117} INFO - [2023-11-21T10:19:22.137+0300] {dag.py:3324} INFO - Setting next_dagrun for tutorial_dag to None, run_after=None
[2023-11-21T10:19:22.154+0300] {processor.py:178} INFO - Processing /home/user/Masaüstü/kafka/.env/lib/python3.8/site-packages/airflow/example_dags/tutorial_dag.py took 0.084 seconds
[2023-11-21T10:20:01.545+0300] {processor.py:156} INFO - Started process (PID=37609) to work on /home/user/Masaüstü/kafka/.env/lib/python3.8/site-packages/airflow/example_dags/tutorial_dag.py
[2023-11-21T10:20:01.546+0300] {processor.py:758} INFO - Processing file /home/user/Masaüstü/kafka/.env/lib/python3.8/site-packages/airflow/example_dags/tutorial_dag.py for tasks to queue
[2023-11-21T10:20:01.547+0300] {logging_mixin.py:117} INFO - [2023-11-21T10:20:01.547+0300] {dagbag.py:525} INFO - Filling up the DagBag from /home/user/Masaüstü/kafka/.env/lib/python3.8/site-packages/airflow/example_dags/tutorial_dag.py
[2023-11-21T10:20:01.565+0300] {processor.py:768} INFO - DAG(s) dict_keys(['tutorial_dag']) retrieved from /home/user/Masaüstü/kafka/.env/lib/python3.8/site-packages/airflow/example_dags/tutorial_dag.py
[2023-11-21T10:20:01.586+0300] {logging_mixin.py:117} INFO - [2023-11-21T10:20:01.586+0300] {dag.py:2573} INFO - Sync 1 DAGs
[2023-11-21T10:20:01.600+0300] {logging_mixin.py:117} INFO - [2023-11-21T10:20:01.600+0300] {dag.py:3324} INFO - Setting next_dagrun for tutorial_dag to None, run_after=None
[2023-11-21T10:20:01.623+0300] {processor.py:178} INFO - Processing /home/user/Masaüstü/kafka/.env/lib/python3.8/site-packages/airflow/example_dags/tutorial_dag.py took 0.082 seconds
